<?xml version="1.0" encoding="UTF-8"?>
<testsuite name="kakao.valuetogether.repository.TTTRepositoryTest" tests="1" skipped="0" failures="0" errors="0" timestamp="2022-08-03T05:29:57" hostname="DESKTOP-8DQF55R" time="0.333">
  <properties/>
  <testcase name="주제대상태그저장하기" classname="kakao.valuetogether.repository.TTTRepositoryTest" time="0.333"/>
  <system-out><![CDATA[2022-08-03 14:29:57.281  INFO 27340 --- [    Test worker] o.s.t.c.transaction.TransactionContext   : Began transaction (1) for test context [DefaultTestContext@54d8236c testClass = TTTRepositoryTest, testInstance = kakao.valuetogether.repository.TTTRepositoryTest@5697f801, testMethod = 주제대상태그저장하기@TTTRepositoryTest, testException = [null], mergedContextConfiguration = [WebMergedContextConfiguration@15382815 testClass = TTTRepositoryTest, locations = '{}', classes = '{class kakao.valuetogether.ValuetogetherApplication}', contextInitializerClasses = '[]', activeProfiles = '{}', propertySourceLocations = '{}', propertySourceProperties = '{org.springframework.boot.test.context.SpringBootTestContextBootstrapper=true}', contextCustomizers = set[org.springframework.boot.test.autoconfigure.actuate.metrics.MetricsExportContextCustomizerFactory$DisableMetricExportContextCustomizer@60dce7ea, org.springframework.boot.test.autoconfigure.properties.PropertyMappingContextCustomizer@0, org.springframework.boot.test.autoconfigure.web.servlet.WebDriverContextCustomizerFactory$Customizer@7a791b66, org.springframework.boot.test.context.filter.ExcludeFilterContextCustomizer@61884cb1, org.springframework.boot.test.json.DuplicateJsonObjectContextCustomizerFactory$DuplicateJsonObjectContextCustomizer@79da1ec0, org.springframework.boot.test.mock.mockito.MockitoContextCustomizer@0, org.springframework.boot.test.web.client.TestRestTemplateContextCustomizer@1e63ec0b, org.springframework.boot.test.context.SpringBootTestArgs@1, org.springframework.boot.test.context.SpringBootTestWebEnvironment@5f20155b], resourceBasePath = 'src/main/webapp', contextLoader = 'org.springframework.boot.test.context.SpringBootContextLoader', parent = [null]], attributes = map['org.springframework.test.context.web.ServletTestExecutionListener.activateListener' -> true, 'org.springframework.test.context.web.ServletTestExecutionListener.populatedRequestContextHolder' -> true, 'org.springframework.test.context.web.ServletTestExecutionListener.resetRequestContextHolder' -> true, 'org.springframework.test.context.event.ApplicationEventsTestExecutionListener.recordApplicationEvents' -> false]]; transaction manager [org.springframework.orm.jpa.JpaTransactionManager@6d7005e2]; rollback [true]
2022-08-03 14:29:57.289 DEBUG 27340 --- [    Test worker] org.hibernate.SQL                        : 
    insert 
    into
        tag
        (tag_name) 
    values
        (?)
2022-08-03 14:29:57.289 TRACE 27340 --- [    Test worker] o.h.type.descriptor.sql.BasicBinder      : binding parameter [1] as [VARCHAR] - [어려운이웃]
2022-08-03 14:29:57.311 DEBUG 27340 --- [    Test worker] org.hibernate.SQL                        : 
    insert 
    into
        tag
        (tag_name) 
    values
        (?)
2022-08-03 14:29:57.311 TRACE 27340 --- [    Test worker] o.h.type.descriptor.sql.BasicBinder      : binding parameter [1] as [VARCHAR] - [행복한노후]
2022-08-03 14:29:57.423 DEBUG 27340 --- [    Test worker] org.hibernate.SQL                        : 
    insert 
    into
        tag
        (tag_name) 
    values
        (?)
2022-08-03 14:29:57.423 TRACE 27340 --- [    Test worker] o.h.type.descriptor.sql.BasicBinder      : binding parameter [1] as [VARCHAR] - [여성인권]
2022-08-03 14:29:57.432 DEBUG 27340 --- [    Test worker] org.hibernate.SQL                        : 
    insert 
    into
        tag
        (tag_name) 
    values
        (?)
2022-08-03 14:29:57.432 TRACE 27340 --- [    Test worker] o.h.type.descriptor.sql.BasicBinder      : binding parameter [1] as [VARCHAR] - [심리상담]
2022-08-03 14:29:57.442 DEBUG 27340 --- [    Test worker] org.hibernate.SQL                        : 
    insert 
    into
        tag
        (tag_name) 
    values
        (?)
2022-08-03 14:29:57.443 TRACE 27340 --- [    Test worker] o.h.type.descriptor.sql.BasicBinder      : binding parameter [1] as [VARCHAR] - [환경교육]
2022-08-03 14:29:57.454 DEBUG 27340 --- [    Test worker] org.hibernate.SQL                        : 
    insert 
    into
        tag
        (tag_name) 
    values
        (?)
2022-08-03 14:29:57.454 TRACE 27340 --- [    Test worker] o.h.type.descriptor.sql.BasicBinder      : binding parameter [1] as [VARCHAR] - [학대아동지원]
2022-08-03 14:29:57.496 DEBUG 27340 --- [    Test worker] org.hibernate.SQL                        : 
    insert 
    into
        tag
        (tag_name) 
    values
        (?)
2022-08-03 14:29:57.496 TRACE 27340 --- [    Test worker] o.h.type.descriptor.sql.BasicBinder      : binding parameter [1] as [VARCHAR] - [환경을위한실천]
2022-08-03 14:29:57.506 DEBUG 27340 --- [    Test worker] org.hibernate.SQL                        : 
    insert 
    into
        tag
        (tag_name) 
    values
        (?)
2022-08-03 14:29:57.506 TRACE 27340 --- [    Test worker] o.h.type.descriptor.sql.BasicBinder      : binding parameter [1] as [VARCHAR] - [우크라이나긴급모금]
2022-08-03 14:29:57.515 DEBUG 27340 --- [    Test worker] org.hibernate.SQL                        : 
    insert 
    into
        tag
        (tag_name) 
    values
        (?)
2022-08-03 14:29:57.515 TRACE 27340 --- [    Test worker] o.h.type.descriptor.sql.BasicBinder      : binding parameter [1] as [VARCHAR] - [세상을바꾸는여성]
2022-08-03 14:29:57.524 DEBUG 27340 --- [    Test worker] org.hibernate.SQL                        : 
    insert 
    into
        tag
        (tag_name) 
    values
        (?)
2022-08-03 14:29:57.525 TRACE 27340 --- [    Test worker] o.h.type.descriptor.sql.BasicBinder      : binding parameter [1] as [VARCHAR] - [언택트프로젝트]
2022-08-03 14:29:57.577  INFO 27340 --- [    Test worker] o.s.t.c.transaction.TransactionContext   : Rolled back transaction for test: [DefaultTestContext@54d8236c testClass = TTTRepositoryTest, testInstance = kakao.valuetogether.repository.TTTRepositoryTest@5697f801, testMethod = 주제대상태그저장하기@TTTRepositoryTest, testException = [null], mergedContextConfiguration = [WebMergedContextConfiguration@15382815 testClass = TTTRepositoryTest, locations = '{}', classes = '{class kakao.valuetogether.ValuetogetherApplication}', contextInitializerClasses = '[]', activeProfiles = '{}', propertySourceLocations = '{}', propertySourceProperties = '{org.springframework.boot.test.context.SpringBootTestContextBootstrapper=true}', contextCustomizers = set[org.springframework.boot.test.autoconfigure.actuate.metrics.MetricsExportContextCustomizerFactory$DisableMetricExportContextCustomizer@60dce7ea, org.springframework.boot.test.autoconfigure.properties.PropertyMappingContextCustomizer@0, org.springframework.boot.test.autoconfigure.web.servlet.WebDriverContextCustomizerFactory$Customizer@7a791b66, org.springframework.boot.test.context.filter.ExcludeFilterContextCustomizer@61884cb1, org.springframework.boot.test.json.DuplicateJsonObjectContextCustomizerFactory$DuplicateJsonObjectContextCustomizer@79da1ec0, org.springframework.boot.test.mock.mockito.MockitoContextCustomizer@0, org.springframework.boot.test.web.client.TestRestTemplateContextCustomizer@1e63ec0b, org.springframework.boot.test.context.SpringBootTestArgs@1, org.springframework.boot.test.context.SpringBootTestWebEnvironment@5f20155b], resourceBasePath = 'src/main/webapp', contextLoader = 'org.springframework.boot.test.context.SpringBootContextLoader', parent = [null]], attributes = map['org.springframework.test.context.web.ServletTestExecutionListener.activateListener' -> true, 'org.springframework.test.context.web.ServletTestExecutionListener.populatedRequestContextHolder' -> true, 'org.springframework.test.context.web.ServletTestExecutionListener.resetRequestContextHolder' -> true, 'org.springframework.test.context.event.ApplicationEventsTestExecutionListener.recordApplicationEvents' -> false]]
]]></system-out>
  <system-err><![CDATA[]]></system-err>
</testsuite>
