<?xml version="1.0" encoding="UTF-8"?>
<testsuite name="kakao.valuetogether.service.CommentServiceTest" tests="5" skipped="0" failures="0" errors="0" timestamp="2022-08-05T00:50:24" hostname="DESKTOP-8DQF55R" time="0.435">
  <properties/>
  <testcase name="clickLike()" classname="kakao.valuetogether.service.CommentServiceTest" time="0.055"/>
  <testcase name="enroll()" classname="kakao.valuetogether.service.CommentServiceTest" time="0.053"/>
  <testcase name="remove()" classname="kakao.valuetogether.service.CommentServiceTest" time="0.059"/>
  <testcase name="edit()" classname="kakao.valuetogether.service.CommentServiceTest" time="0.197"/>
  <testcase name="disLike()" classname="kakao.valuetogether.service.CommentServiceTest" time="0.068"/>
  <system-out><![CDATA[2022-08-05 09:50:24.673  INFO 12336 --- [    Test worker] .b.t.c.SpringBootTestContextBootstrapper : Neither @ContextConfiguration nor @ContextHierarchy found for test class [kakao.valuetogether.service.CommentServiceTest], using SpringBootContextLoader
2022-08-05 09:50:24.674  INFO 12336 --- [    Test worker] o.s.t.c.support.AbstractContextLoader    : Could not detect default resource locations for test class [kakao.valuetogether.service.CommentServiceTest]: no resource found for suffixes {-context.xml, Context.groovy}.
2022-08-05 09:50:24.674  INFO 12336 --- [    Test worker] t.c.s.AnnotationConfigContextLoaderUtils : Could not detect default configuration classes for test class [kakao.valuetogether.service.CommentServiceTest]: CommentServiceTest does not declare any static, non-private, non-final, nested classes annotated with @Configuration.
2022-08-05 09:50:24.676  INFO 12336 --- [    Test worker] .b.t.c.SpringBootTestContextBootstrapper : Found @SpringBootConfiguration kakao.valuetogether.ValuetogetherApplication for test class kakao.valuetogether.service.CommentServiceTest
2022-08-05 09:50:24.677  INFO 12336 --- [    Test worker] .b.t.c.SpringBootTestContextBootstrapper : Loaded default TestExecutionListener class names from location [META-INF/spring.factories]: [org.springframework.boot.test.autoconfigure.restdocs.RestDocsTestExecutionListener, org.springframework.boot.test.autoconfigure.web.client.MockRestServiceServerResetTestExecutionListener, org.springframework.boot.test.autoconfigure.web.servlet.MockMvcPrintOnlyOnFailureTestExecutionListener, org.springframework.boot.test.autoconfigure.web.servlet.WebDriverTestExecutionListener, org.springframework.boot.test.autoconfigure.webservices.client.MockWebServiceServerTestExecutionListener, org.springframework.boot.test.mock.mockito.MockitoTestExecutionListener, org.springframework.boot.test.mock.mockito.ResetMocksTestExecutionListener, org.springframework.test.context.web.ServletTestExecutionListener, org.springframework.test.context.support.DirtiesContextBeforeModesTestExecutionListener, org.springframework.test.context.event.ApplicationEventsTestExecutionListener, org.springframework.test.context.support.DependencyInjectionTestExecutionListener, org.springframework.test.context.support.DirtiesContextTestExecutionListener, org.springframework.test.context.transaction.TransactionalTestExecutionListener, org.springframework.test.context.jdbc.SqlScriptsTestExecutionListener, org.springframework.test.context.event.EventPublishingTestExecutionListener]
2022-08-05 09:50:24.677  INFO 12336 --- [    Test worker] .b.t.c.SpringBootTestContextBootstrapper : Using TestExecutionListeners: [org.springframework.test.context.web.ServletTestExecutionListener@2a12389e, org.springframework.test.context.support.DirtiesContextBeforeModesTestExecutionListener@17287458, org.springframework.test.context.event.ApplicationEventsTestExecutionListener@7296675e, org.springframework.boot.test.mock.mockito.MockitoTestExecutionListener@6cd31e5f, org.springframework.boot.test.autoconfigure.SpringBootDependencyInjectionTestExecutionListener@57be0d93, org.springframework.test.context.support.DirtiesContextTestExecutionListener@3e02988, org.springframework.test.context.transaction.TransactionalTestExecutionListener@420d123d, org.springframework.test.context.jdbc.SqlScriptsTestExecutionListener@36d8ddc5, org.springframework.test.context.event.EventPublishingTestExecutionListener@112d8c18, org.springframework.boot.test.autoconfigure.restdocs.RestDocsTestExecutionListener@13835bdc, org.springframework.boot.test.autoconfigure.web.client.MockRestServiceServerResetTestExecutionListener@39352f6b, org.springframework.boot.test.autoconfigure.web.servlet.MockMvcPrintOnlyOnFailureTestExecutionListener@4973fb7d, org.springframework.boot.test.autoconfigure.web.servlet.WebDriverTestExecutionListener@34c3e307, org.springframework.boot.test.autoconfigure.webservices.client.MockWebServiceServerTestExecutionListener@3d1703f8, org.springframework.boot.test.mock.mockito.ResetMocksTestExecutionListener@2d492d46]
2022-08-05 09:50:24.689  INFO 12336 --- [    Test worker] o.s.t.c.transaction.TransactionContext   : Began transaction (1) for test context [DefaultTestContext@1d8e9f22 testClass = CommentServiceTest, testInstance = kakao.valuetogether.service.CommentServiceTest@47166740, testMethod = clickLike@CommentServiceTest, testException = [null], mergedContextConfiguration = [WebMergedContextConfiguration@3b75b7b4 testClass = CommentServiceTest, locations = '{}', classes = '{class kakao.valuetogether.ValuetogetherApplication}', contextInitializerClasses = '[]', activeProfiles = '{}', propertySourceLocations = '{}', propertySourceProperties = '{org.springframework.boot.test.context.SpringBootTestContextBootstrapper=true}', contextCustomizers = set[org.springframework.boot.test.autoconfigure.actuate.metrics.MetricsExportContextCustomizerFactory$DisableMetricExportContextCustomizer@19ae6bb, org.springframework.boot.test.autoconfigure.properties.PropertyMappingContextCustomizer@0, org.springframework.boot.test.autoconfigure.web.servlet.WebDriverContextCustomizerFactory$Customizer@fd8294b, org.springframework.boot.test.context.filter.ExcludeFilterContextCustomizer@6f8f9349, org.springframework.boot.test.json.DuplicateJsonObjectContextCustomizerFactory$DuplicateJsonObjectContextCustomizer@75f5fd58, org.springframework.boot.test.mock.mockito.MockitoContextCustomizer@0, org.springframework.boot.test.web.client.TestRestTemplateContextCustomizer@6b9ce1bf, org.springframework.boot.test.context.SpringBootTestArgs@1, org.springframework.boot.test.context.SpringBootTestWebEnvironment@19b89d4], resourceBasePath = 'src/main/webapp', contextLoader = 'org.springframework.boot.test.context.SpringBootContextLoader', parent = [null]], attributes = map['org.springframework.test.context.web.ServletTestExecutionListener.activateListener' -> true, 'org.springframework.test.context.web.ServletTestExecutionListener.populatedRequestContextHolder' -> true, 'org.springframework.test.context.web.ServletTestExecutionListener.resetRequestContextHolder' -> true, 'org.springframework.test.context.event.ApplicationEventsTestExecutionListener.recordApplicationEvents' -> false]]; transaction manager [org.springframework.orm.jpa.JpaTransactionManager@c8d20bb]; rollback [true]
2022-08-05 09:50:24.691 DEBUG 12336 --- [    Test worker] org.hibernate.SQL                        : 
    insert 
    into
        member
        (member_address, member_birthday, member_email, member_gender, member_name, member_nickname, member_phone, member_pw) 
    values
        (?, ?, ?, ?, ?, ?, ?, ?)
2022-08-05 09:50:24.691 TRACE 12336 --- [    Test worker] o.h.type.descriptor.sql.BasicBinder      : binding parameter [1] as [VARCHAR] - [asdfasd]
2022-08-05 09:50:24.691 TRACE 12336 --- [    Test worker] o.h.type.descriptor.sql.BasicBinder      : binding parameter [2] as [VARCHAR] - [asdf]
2022-08-05 09:50:24.691 TRACE 12336 --- [    Test worker] o.h.type.descriptor.sql.BasicBinder      : binding parameter [3] as [VARCHAR] - [email]
2022-08-05 09:50:24.691 TRACE 12336 --- [    Test worker] o.h.type.descriptor.sql.BasicBinder      : binding parameter [4] as [VARCHAR] - [asdf]
2022-08-05 09:50:24.691 TRACE 12336 --- [    Test worker] o.h.type.descriptor.sql.BasicBinder      : binding parameter [5] as [VARCHAR] - [name]
2022-08-05 09:50:24.691 TRACE 12336 --- [    Test worker] o.h.type.descriptor.sql.BasicBinder      : binding parameter [6] as [VARCHAR] - [asfsa]
2022-08-05 09:50:24.691 TRACE 12336 --- [    Test worker] o.h.type.descriptor.sql.BasicBinder      : binding parameter [7] as [VARCHAR] - [111]
2022-08-05 09:50:24.691 TRACE 12336 --- [    Test worker] o.h.type.descriptor.sql.BasicBinder      : binding parameter [8] as [VARCHAR] - [pw]
2022-08-05 09:50:24.698 DEBUG 12336 --- [    Test worker] org.hibernate.SQL                        : 
    insert 
    into
        post
        (article, end_date, image, is_confirm, member_id, start_date, sub_title, target, target_amount, title, topic) 
    values
        (?, ?, ?, ?, ?, ?, ?, ?, ?, ?, ?)
2022-08-05 09:50:24.698 TRACE 12336 --- [    Test worker] o.h.type.descriptor.sql.BasicBinder      : binding parameter [1] as [VARCHAR] - [article]
2022-08-05 09:50:24.699 TRACE 12336 --- [    Test worker] o.h.type.descriptor.sql.BasicBinder      : binding parameter [2] as [TIMESTAMP] - [2022-08-05 09:50:24.698351]
2022-08-05 09:50:24.699 TRACE 12336 --- [    Test worker] o.h.type.descriptor.sql.BasicBinder      : binding parameter [3] as [VARCHAR] - [static/image]
2022-08-05 09:50:24.699 TRACE 12336 --- [    Test worker] o.h.type.descriptor.sql.BasicBinder      : binding parameter [4] as [BOOLEAN] - [false]
2022-08-05 09:50:24.699 TRACE 12336 --- [    Test worker] o.h.type.descriptor.sql.BasicBinder      : binding parameter [5] as [BIGINT] - [2461]
2022-08-05 09:50:24.699 TRACE 12336 --- [    Test worker] o.h.type.descriptor.sql.BasicBinder      : binding parameter [6] as [TIMESTAMP] - [2022-08-05 09:50:24.698351]
2022-08-05 09:50:24.699 TRACE 12336 --- [    Test worker] o.h.type.descriptor.sql.BasicBinder      : binding parameter [7] as [VARCHAR] - [subtitle]
2022-08-05 09:50:24.699 TRACE 12336 --- [    Test worker] o.h.type.descriptor.sql.BasicBinder      : binding parameter [8] as [VARCHAR] - [아동ㅣ청소년]
2022-08-05 09:50:24.699 TRACE 12336 --- [    Test worker] o.h.type.descriptor.sql.BasicBinder      : binding parameter [9] as [INTEGER] - [100000]
2022-08-05 09:50:24.699 TRACE 12336 --- [    Test worker] o.h.type.descriptor.sql.BasicBinder      : binding parameter [10] as [VARCHAR] - [title]
2022-08-05 09:50:24.699 TRACE 12336 --- [    Test worker] o.h.type.descriptor.sql.BasicBinder      : binding parameter [11] as [VARCHAR] - [건강한삶]
2022-08-05 09:50:24.706 DEBUG 12336 --- [    Test worker] org.hibernate.SQL                        : 
    insert 
    into
        comment
        (content, date, likes, member_id, post_id) 
    values
        (?, ?, ?, ?, ?)
2022-08-05 09:50:24.706 TRACE 12336 --- [    Test worker] o.h.type.descriptor.sql.BasicBinder      : binding parameter [1] as [VARCHAR] - [content]
2022-08-05 09:50:24.706 TRACE 12336 --- [    Test worker] o.h.type.descriptor.sql.BasicBinder      : binding parameter [2] as [TIMESTAMP] - [2022-08-05 09:50:24.7058244]
2022-08-05 09:50:24.706 TRACE 12336 --- [    Test worker] o.h.type.descriptor.sql.BasicBinder      : binding parameter [3] as [INTEGER] - [0]
2022-08-05 09:50:24.706 TRACE 12336 --- [    Test worker] o.h.type.descriptor.sql.BasicBinder      : binding parameter [4] as [BIGINT] - [2461]
2022-08-05 09:50:24.706 TRACE 12336 --- [    Test worker] o.h.type.descriptor.sql.BasicBinder      : binding parameter [5] as [BIGINT] - [1794]
2022-08-05 09:50:24.735  INFO 12336 --- [    Test worker] o.s.t.c.transaction.TransactionContext   : Rolled back transaction for test: [DefaultTestContext@1d8e9f22 testClass = CommentServiceTest, testInstance = kakao.valuetogether.service.CommentServiceTest@47166740, testMethod = clickLike@CommentServiceTest, testException = [null], mergedContextConfiguration = [WebMergedContextConfiguration@3b75b7b4 testClass = CommentServiceTest, locations = '{}', classes = '{class kakao.valuetogether.ValuetogetherApplication}', contextInitializerClasses = '[]', activeProfiles = '{}', propertySourceLocations = '{}', propertySourceProperties = '{org.springframework.boot.test.context.SpringBootTestContextBootstrapper=true}', contextCustomizers = set[org.springframework.boot.test.autoconfigure.actuate.metrics.MetricsExportContextCustomizerFactory$DisableMetricExportContextCustomizer@19ae6bb, org.springframework.boot.test.autoconfigure.properties.PropertyMappingContextCustomizer@0, org.springframework.boot.test.autoconfigure.web.servlet.WebDriverContextCustomizerFactory$Customizer@fd8294b, org.springframework.boot.test.context.filter.ExcludeFilterContextCustomizer@6f8f9349, org.springframework.boot.test.json.DuplicateJsonObjectContextCustomizerFactory$DuplicateJsonObjectContextCustomizer@75f5fd58, org.springframework.boot.test.mock.mockito.MockitoContextCustomizer@0, org.springframework.boot.test.web.client.TestRestTemplateContextCustomizer@6b9ce1bf, org.springframework.boot.test.context.SpringBootTestArgs@1, org.springframework.boot.test.context.SpringBootTestWebEnvironment@19b89d4], resourceBasePath = 'src/main/webapp', contextLoader = 'org.springframework.boot.test.context.SpringBootContextLoader', parent = [null]], attributes = map['org.springframework.test.context.web.ServletTestExecutionListener.activateListener' -> true, 'org.springframework.test.context.web.ServletTestExecutionListener.populatedRequestContextHolder' -> true, 'org.springframework.test.context.web.ServletTestExecutionListener.resetRequestContextHolder' -> true, 'org.springframework.test.context.event.ApplicationEventsTestExecutionListener.recordApplicationEvents' -> false]]
2022-08-05 09:50:24.744  INFO 12336 --- [    Test worker] o.s.t.c.transaction.TransactionContext   : Began transaction (1) for test context [DefaultTestContext@1d8e9f22 testClass = CommentServiceTest, testInstance = kakao.valuetogether.service.CommentServiceTest@411b75b4, testMethod = enroll@CommentServiceTest, testException = [null], mergedContextConfiguration = [WebMergedContextConfiguration@3b75b7b4 testClass = CommentServiceTest, locations = '{}', classes = '{class kakao.valuetogether.ValuetogetherApplication}', contextInitializerClasses = '[]', activeProfiles = '{}', propertySourceLocations = '{}', propertySourceProperties = '{org.springframework.boot.test.context.SpringBootTestContextBootstrapper=true}', contextCustomizers = set[org.springframework.boot.test.autoconfigure.actuate.metrics.MetricsExportContextCustomizerFactory$DisableMetricExportContextCustomizer@19ae6bb, org.springframework.boot.test.autoconfigure.properties.PropertyMappingContextCustomizer@0, org.springframework.boot.test.autoconfigure.web.servlet.WebDriverContextCustomizerFactory$Customizer@fd8294b, org.springframework.boot.test.context.filter.ExcludeFilterContextCustomizer@6f8f9349, org.springframework.boot.test.json.DuplicateJsonObjectContextCustomizerFactory$DuplicateJsonObjectContextCustomizer@75f5fd58, org.springframework.boot.test.mock.mockito.MockitoContextCustomizer@0, org.springframework.boot.test.web.client.TestRestTemplateContextCustomizer@6b9ce1bf, org.springframework.boot.test.context.SpringBootTestArgs@1, org.springframework.boot.test.context.SpringBootTestWebEnvironment@19b89d4], resourceBasePath = 'src/main/webapp', contextLoader = 'org.springframework.boot.test.context.SpringBootContextLoader', parent = [null]], attributes = map['org.springframework.test.context.web.ServletTestExecutionListener.activateListener' -> true, 'org.springframework.test.context.web.ServletTestExecutionListener.populatedRequestContextHolder' -> true, 'org.springframework.test.context.web.ServletTestExecutionListener.resetRequestContextHolder' -> true, 'org.springframework.test.context.event.ApplicationEventsTestExecutionListener.recordApplicationEvents' -> false]]; transaction manager [org.springframework.orm.jpa.JpaTransactionManager@c8d20bb]; rollback [true]
2022-08-05 09:50:24.745 DEBUG 12336 --- [    Test worker] org.hibernate.SQL                        : 
    insert 
    into
        member
        (member_address, member_birthday, member_email, member_gender, member_name, member_nickname, member_phone, member_pw) 
    values
        (?, ?, ?, ?, ?, ?, ?, ?)
2022-08-05 09:50:24.746 TRACE 12336 --- [    Test worker] o.h.type.descriptor.sql.BasicBinder      : binding parameter [1] as [VARCHAR] - [asdfasd]
2022-08-05 09:50:24.746 TRACE 12336 --- [    Test worker] o.h.type.descriptor.sql.BasicBinder      : binding parameter [2] as [VARCHAR] - [asdf]
2022-08-05 09:50:24.746 TRACE 12336 --- [    Test worker] o.h.type.descriptor.sql.BasicBinder      : binding parameter [3] as [VARCHAR] - [email]
2022-08-05 09:50:24.746 TRACE 12336 --- [    Test worker] o.h.type.descriptor.sql.BasicBinder      : binding parameter [4] as [VARCHAR] - [asdf]
2022-08-05 09:50:24.746 TRACE 12336 --- [    Test worker] o.h.type.descriptor.sql.BasicBinder      : binding parameter [5] as [VARCHAR] - [name]
2022-08-05 09:50:24.746 TRACE 12336 --- [    Test worker] o.h.type.descriptor.sql.BasicBinder      : binding parameter [6] as [VARCHAR] - [asfsa]
2022-08-05 09:50:24.746 TRACE 12336 --- [    Test worker] o.h.type.descriptor.sql.BasicBinder      : binding parameter [7] as [VARCHAR] - [111]
2022-08-05 09:50:24.746 TRACE 12336 --- [    Test worker] o.h.type.descriptor.sql.BasicBinder      : binding parameter [8] as [VARCHAR] - [pw]
2022-08-05 09:50:24.753 DEBUG 12336 --- [    Test worker] org.hibernate.SQL                        : 
    insert 
    into
        post
        (article, end_date, image, is_confirm, member_id, start_date, sub_title, target, target_amount, title, topic) 
    values
        (?, ?, ?, ?, ?, ?, ?, ?, ?, ?, ?)
2022-08-05 09:50:24.753 TRACE 12336 --- [    Test worker] o.h.type.descriptor.sql.BasicBinder      : binding parameter [1] as [VARCHAR] - [article]
2022-08-05 09:50:24.754 TRACE 12336 --- [    Test worker] o.h.type.descriptor.sql.BasicBinder      : binding parameter [2] as [TIMESTAMP] - [2022-08-05 09:50:24.7539028]
2022-08-05 09:50:24.754 TRACE 12336 --- [    Test worker] o.h.type.descriptor.sql.BasicBinder      : binding parameter [3] as [VARCHAR] - [static/image]
2022-08-05 09:50:24.754 TRACE 12336 --- [    Test worker] o.h.type.descriptor.sql.BasicBinder      : binding parameter [4] as [BOOLEAN] - [false]
2022-08-05 09:50:24.754 TRACE 12336 --- [    Test worker] o.h.type.descriptor.sql.BasicBinder      : binding parameter [5] as [BIGINT] - [2462]
2022-08-05 09:50:24.754 TRACE 12336 --- [    Test worker] o.h.type.descriptor.sql.BasicBinder      : binding parameter [6] as [TIMESTAMP] - [2022-08-05 09:50:24.7539028]
2022-08-05 09:50:24.754 TRACE 12336 --- [    Test worker] o.h.type.descriptor.sql.BasicBinder      : binding parameter [7] as [VARCHAR] - [subtitle]
2022-08-05 09:50:24.754 TRACE 12336 --- [    Test worker] o.h.type.descriptor.sql.BasicBinder      : binding parameter [8] as [VARCHAR] - [아동ㅣ청소년]
2022-08-05 09:50:24.754 TRACE 12336 --- [    Test worker] o.h.type.descriptor.sql.BasicBinder      : binding parameter [9] as [INTEGER] - [100000]
2022-08-05 09:50:24.754 TRACE 12336 --- [    Test worker] o.h.type.descriptor.sql.BasicBinder      : binding parameter [10] as [VARCHAR] - [title]
2022-08-05 09:50:24.754 TRACE 12336 --- [    Test worker] o.h.type.descriptor.sql.BasicBinder      : binding parameter [11] as [VARCHAR] - [건강한삶]
2022-08-05 09:50:24.761 DEBUG 12336 --- [    Test worker] org.hibernate.SQL                        : 
    insert 
    into
        comment
        (content, date, likes, member_id, post_id) 
    values
        (?, ?, ?, ?, ?)
2022-08-05 09:50:24.761 TRACE 12336 --- [    Test worker] o.h.type.descriptor.sql.BasicBinder      : binding parameter [1] as [VARCHAR] - [content]
2022-08-05 09:50:24.761 TRACE 12336 --- [    Test worker] o.h.type.descriptor.sql.BasicBinder      : binding parameter [2] as [TIMESTAMP] - [2022-08-05 09:50:24.7619037]
2022-08-05 09:50:24.761 TRACE 12336 --- [    Test worker] o.h.type.descriptor.sql.BasicBinder      : binding parameter [3] as [INTEGER] - [0]
2022-08-05 09:50:24.761 TRACE 12336 --- [    Test worker] o.h.type.descriptor.sql.BasicBinder      : binding parameter [4] as [BIGINT] - [2462]
2022-08-05 09:50:24.761 TRACE 12336 --- [    Test worker] o.h.type.descriptor.sql.BasicBinder      : binding parameter [5] as [BIGINT] - [1795]
2022-08-05 09:50:24.789  INFO 12336 --- [    Test worker] o.s.t.c.transaction.TransactionContext   : Rolled back transaction for test: [DefaultTestContext@1d8e9f22 testClass = CommentServiceTest, testInstance = kakao.valuetogether.service.CommentServiceTest@411b75b4, testMethod = enroll@CommentServiceTest, testException = [null], mergedContextConfiguration = [WebMergedContextConfiguration@3b75b7b4 testClass = CommentServiceTest, locations = '{}', classes = '{class kakao.valuetogether.ValuetogetherApplication}', contextInitializerClasses = '[]', activeProfiles = '{}', propertySourceLocations = '{}', propertySourceProperties = '{org.springframework.boot.test.context.SpringBootTestContextBootstrapper=true}', contextCustomizers = set[org.springframework.boot.test.autoconfigure.actuate.metrics.MetricsExportContextCustomizerFactory$DisableMetricExportContextCustomizer@19ae6bb, org.springframework.boot.test.autoconfigure.properties.PropertyMappingContextCustomizer@0, org.springframework.boot.test.autoconfigure.web.servlet.WebDriverContextCustomizerFactory$Customizer@fd8294b, org.springframework.boot.test.context.filter.ExcludeFilterContextCustomizer@6f8f9349, org.springframework.boot.test.json.DuplicateJsonObjectContextCustomizerFactory$DuplicateJsonObjectContextCustomizer@75f5fd58, org.springframework.boot.test.mock.mockito.MockitoContextCustomizer@0, org.springframework.boot.test.web.client.TestRestTemplateContextCustomizer@6b9ce1bf, org.springframework.boot.test.context.SpringBootTestArgs@1, org.springframework.boot.test.context.SpringBootTestWebEnvironment@19b89d4], resourceBasePath = 'src/main/webapp', contextLoader = 'org.springframework.boot.test.context.SpringBootContextLoader', parent = [null]], attributes = map['org.springframework.test.context.web.ServletTestExecutionListener.activateListener' -> true, 'org.springframework.test.context.web.ServletTestExecutionListener.populatedRequestContextHolder' -> true, 'org.springframework.test.context.web.ServletTestExecutionListener.resetRequestContextHolder' -> true, 'org.springframework.test.context.event.ApplicationEventsTestExecutionListener.recordApplicationEvents' -> false]]
2022-08-05 09:50:24.799  INFO 12336 --- [    Test worker] o.s.t.c.transaction.TransactionContext   : Began transaction (1) for test context [DefaultTestContext@1d8e9f22 testClass = CommentServiceTest, testInstance = kakao.valuetogether.service.CommentServiceTest@2b1818d1, testMethod = remove@CommentServiceTest, testException = [null], mergedContextConfiguration = [WebMergedContextConfiguration@3b75b7b4 testClass = CommentServiceTest, locations = '{}', classes = '{class kakao.valuetogether.ValuetogetherApplication}', contextInitializerClasses = '[]', activeProfiles = '{}', propertySourceLocations = '{}', propertySourceProperties = '{org.springframework.boot.test.context.SpringBootTestContextBootstrapper=true}', contextCustomizers = set[org.springframework.boot.test.autoconfigure.actuate.metrics.MetricsExportContextCustomizerFactory$DisableMetricExportContextCustomizer@19ae6bb, org.springframework.boot.test.autoconfigure.properties.PropertyMappingContextCustomizer@0, org.springframework.boot.test.autoconfigure.web.servlet.WebDriverContextCustomizerFactory$Customizer@fd8294b, org.springframework.boot.test.context.filter.ExcludeFilterContextCustomizer@6f8f9349, org.springframework.boot.test.json.DuplicateJsonObjectContextCustomizerFactory$DuplicateJsonObjectContextCustomizer@75f5fd58, org.springframework.boot.test.mock.mockito.MockitoContextCustomizer@0, org.springframework.boot.test.web.client.TestRestTemplateContextCustomizer@6b9ce1bf, org.springframework.boot.test.context.SpringBootTestArgs@1, org.springframework.boot.test.context.SpringBootTestWebEnvironment@19b89d4], resourceBasePath = 'src/main/webapp', contextLoader = 'org.springframework.boot.test.context.SpringBootContextLoader', parent = [null]], attributes = map['org.springframework.test.context.web.ServletTestExecutionListener.activateListener' -> true, 'org.springframework.test.context.web.ServletTestExecutionListener.populatedRequestContextHolder' -> true, 'org.springframework.test.context.web.ServletTestExecutionListener.resetRequestContextHolder' -> true, 'org.springframework.test.context.event.ApplicationEventsTestExecutionListener.recordApplicationEvents' -> false]]; transaction manager [org.springframework.orm.jpa.JpaTransactionManager@c8d20bb]; rollback [true]
2022-08-05 09:50:24.801 DEBUG 12336 --- [    Test worker] org.hibernate.SQL                        : 
    insert 
    into
        member
        (member_address, member_birthday, member_email, member_gender, member_name, member_nickname, member_phone, member_pw) 
    values
        (?, ?, ?, ?, ?, ?, ?, ?)
2022-08-05 09:50:24.802 TRACE 12336 --- [    Test worker] o.h.type.descriptor.sql.BasicBinder      : binding parameter [1] as [VARCHAR] - [asdfasd]
2022-08-05 09:50:24.802 TRACE 12336 --- [    Test worker] o.h.type.descriptor.sql.BasicBinder      : binding parameter [2] as [VARCHAR] - [asdf]
2022-08-05 09:50:24.802 TRACE 12336 --- [    Test worker] o.h.type.descriptor.sql.BasicBinder      : binding parameter [3] as [VARCHAR] - [email]
2022-08-05 09:50:24.802 TRACE 12336 --- [    Test worker] o.h.type.descriptor.sql.BasicBinder      : binding parameter [4] as [VARCHAR] - [asdf]
2022-08-05 09:50:24.802 TRACE 12336 --- [    Test worker] o.h.type.descriptor.sql.BasicBinder      : binding parameter [5] as [VARCHAR] - [name]
2022-08-05 09:50:24.802 TRACE 12336 --- [    Test worker] o.h.type.descriptor.sql.BasicBinder      : binding parameter [6] as [VARCHAR] - [asfsa]
2022-08-05 09:50:24.802 TRACE 12336 --- [    Test worker] o.h.type.descriptor.sql.BasicBinder      : binding parameter [7] as [VARCHAR] - [111]
2022-08-05 09:50:24.802 TRACE 12336 --- [    Test worker] o.h.type.descriptor.sql.BasicBinder      : binding parameter [8] as [VARCHAR] - [pw]
2022-08-05 09:50:24.810 DEBUG 12336 --- [    Test worker] org.hibernate.SQL                        : 
    insert 
    into
        post
        (article, end_date, image, is_confirm, member_id, start_date, sub_title, target, target_amount, title, topic) 
    values
        (?, ?, ?, ?, ?, ?, ?, ?, ?, ?, ?)
2022-08-05 09:50:24.810 TRACE 12336 --- [    Test worker] o.h.type.descriptor.sql.BasicBinder      : binding parameter [1] as [VARCHAR] - [article]
2022-08-05 09:50:24.810 TRACE 12336 --- [    Test worker] o.h.type.descriptor.sql.BasicBinder      : binding parameter [2] as [TIMESTAMP] - [2022-08-05 09:50:24.8092252]
2022-08-05 09:50:24.810 TRACE 12336 --- [    Test worker] o.h.type.descriptor.sql.BasicBinder      : binding parameter [3] as [VARCHAR] - [static/image]
2022-08-05 09:50:24.810 TRACE 12336 --- [    Test worker] o.h.type.descriptor.sql.BasicBinder      : binding parameter [4] as [BOOLEAN] - [false]
2022-08-05 09:50:24.810 TRACE 12336 --- [    Test worker] o.h.type.descriptor.sql.BasicBinder      : binding parameter [5] as [BIGINT] - [2463]
2022-08-05 09:50:24.810 TRACE 12336 --- [    Test worker] o.h.type.descriptor.sql.BasicBinder      : binding parameter [6] as [TIMESTAMP] - [2022-08-05 09:50:24.8092252]
2022-08-05 09:50:24.810 TRACE 12336 --- [    Test worker] o.h.type.descriptor.sql.BasicBinder      : binding parameter [7] as [VARCHAR] - [subtitle]
2022-08-05 09:50:24.810 TRACE 12336 --- [    Test worker] o.h.type.descriptor.sql.BasicBinder      : binding parameter [8] as [VARCHAR] - [아동ㅣ청소년]
2022-08-05 09:50:24.811 TRACE 12336 --- [    Test worker] o.h.type.descriptor.sql.BasicBinder      : binding parameter [9] as [INTEGER] - [100000]
2022-08-05 09:50:24.811 TRACE 12336 --- [    Test worker] o.h.type.descriptor.sql.BasicBinder      : binding parameter [10] as [VARCHAR] - [title]
2022-08-05 09:50:24.811 TRACE 12336 --- [    Test worker] o.h.type.descriptor.sql.BasicBinder      : binding parameter [11] as [VARCHAR] - [건강한삶]
2022-08-05 09:50:24.820 DEBUG 12336 --- [    Test worker] org.hibernate.SQL                        : 
    insert 
    into
        comment
        (content, date, likes, member_id, post_id) 
    values
        (?, ?, ?, ?, ?)
2022-08-05 09:50:24.821 TRACE 12336 --- [    Test worker] o.h.type.descriptor.sql.BasicBinder      : binding parameter [1] as [VARCHAR] - [content]
2022-08-05 09:50:24.821 TRACE 12336 --- [    Test worker] o.h.type.descriptor.sql.BasicBinder      : binding parameter [2] as [TIMESTAMP] - [2022-08-05 09:50:24.8202831]
2022-08-05 09:50:24.821 TRACE 12336 --- [    Test worker] o.h.type.descriptor.sql.BasicBinder      : binding parameter [3] as [INTEGER] - [0]
2022-08-05 09:50:24.821 TRACE 12336 --- [    Test worker] o.h.type.descriptor.sql.BasicBinder      : binding parameter [4] as [BIGINT] - [2463]
2022-08-05 09:50:24.821 TRACE 12336 --- [    Test worker] o.h.type.descriptor.sql.BasicBinder      : binding parameter [5] as [BIGINT] - [1796]
2022-08-05 09:50:24.849  INFO 12336 --- [    Test worker] o.s.t.c.transaction.TransactionContext   : Rolled back transaction for test: [DefaultTestContext@1d8e9f22 testClass = CommentServiceTest, testInstance = kakao.valuetogether.service.CommentServiceTest@2b1818d1, testMethod = remove@CommentServiceTest, testException = [null], mergedContextConfiguration = [WebMergedContextConfiguration@3b75b7b4 testClass = CommentServiceTest, locations = '{}', classes = '{class kakao.valuetogether.ValuetogetherApplication}', contextInitializerClasses = '[]', activeProfiles = '{}', propertySourceLocations = '{}', propertySourceProperties = '{org.springframework.boot.test.context.SpringBootTestContextBootstrapper=true}', contextCustomizers = set[org.springframework.boot.test.autoconfigure.actuate.metrics.MetricsExportContextCustomizerFactory$DisableMetricExportContextCustomizer@19ae6bb, org.springframework.boot.test.autoconfigure.properties.PropertyMappingContextCustomizer@0, org.springframework.boot.test.autoconfigure.web.servlet.WebDriverContextCustomizerFactory$Customizer@fd8294b, org.springframework.boot.test.context.filter.ExcludeFilterContextCustomizer@6f8f9349, org.springframework.boot.test.json.DuplicateJsonObjectContextCustomizerFactory$DuplicateJsonObjectContextCustomizer@75f5fd58, org.springframework.boot.test.mock.mockito.MockitoContextCustomizer@0, org.springframework.boot.test.web.client.TestRestTemplateContextCustomizer@6b9ce1bf, org.springframework.boot.test.context.SpringBootTestArgs@1, org.springframework.boot.test.context.SpringBootTestWebEnvironment@19b89d4], resourceBasePath = 'src/main/webapp', contextLoader = 'org.springframework.boot.test.context.SpringBootContextLoader', parent = [null]], attributes = map['org.springframework.test.context.web.ServletTestExecutionListener.activateListener' -> true, 'org.springframework.test.context.web.ServletTestExecutionListener.populatedRequestContextHolder' -> true, 'org.springframework.test.context.web.ServletTestExecutionListener.resetRequestContextHolder' -> true, 'org.springframework.test.context.event.ApplicationEventsTestExecutionListener.recordApplicationEvents' -> false]]
2022-08-05 09:50:24.862  INFO 12336 --- [    Test worker] o.s.t.c.transaction.TransactionContext   : Began transaction (1) for test context [DefaultTestContext@1d8e9f22 testClass = CommentServiceTest, testInstance = kakao.valuetogether.service.CommentServiceTest@3d306fd5, testMethod = edit@CommentServiceTest, testException = [null], mergedContextConfiguration = [WebMergedContextConfiguration@3b75b7b4 testClass = CommentServiceTest, locations = '{}', classes = '{class kakao.valuetogether.ValuetogetherApplication}', contextInitializerClasses = '[]', activeProfiles = '{}', propertySourceLocations = '{}', propertySourceProperties = '{org.springframework.boot.test.context.SpringBootTestContextBootstrapper=true}', contextCustomizers = set[org.springframework.boot.test.autoconfigure.actuate.metrics.MetricsExportContextCustomizerFactory$DisableMetricExportContextCustomizer@19ae6bb, org.springframework.boot.test.autoconfigure.properties.PropertyMappingContextCustomizer@0, org.springframework.boot.test.autoconfigure.web.servlet.WebDriverContextCustomizerFactory$Customizer@fd8294b, org.springframework.boot.test.context.filter.ExcludeFilterContextCustomizer@6f8f9349, org.springframework.boot.test.json.DuplicateJsonObjectContextCustomizerFactory$DuplicateJsonObjectContextCustomizer@75f5fd58, org.springframework.boot.test.mock.mockito.MockitoContextCustomizer@0, org.springframework.boot.test.web.client.TestRestTemplateContextCustomizer@6b9ce1bf, org.springframework.boot.test.context.SpringBootTestArgs@1, org.springframework.boot.test.context.SpringBootTestWebEnvironment@19b89d4], resourceBasePath = 'src/main/webapp', contextLoader = 'org.springframework.boot.test.context.SpringBootContextLoader', parent = [null]], attributes = map['org.springframework.test.context.web.ServletTestExecutionListener.activateListener' -> true, 'org.springframework.test.context.web.ServletTestExecutionListener.populatedRequestContextHolder' -> true, 'org.springframework.test.context.web.ServletTestExecutionListener.resetRequestContextHolder' -> true, 'org.springframework.test.context.event.ApplicationEventsTestExecutionListener.recordApplicationEvents' -> false]]; transaction manager [org.springframework.orm.jpa.JpaTransactionManager@c8d20bb]; rollback [true]
2022-08-05 09:50:24.864 DEBUG 12336 --- [    Test worker] org.hibernate.SQL                        : 
    insert 
    into
        member
        (member_address, member_birthday, member_email, member_gender, member_name, member_nickname, member_phone, member_pw) 
    values
        (?, ?, ?, ?, ?, ?, ?, ?)
2022-08-05 09:50:24.865 TRACE 12336 --- [    Test worker] o.h.type.descriptor.sql.BasicBinder      : binding parameter [1] as [VARCHAR] - [asdfasd]
2022-08-05 09:50:24.865 TRACE 12336 --- [    Test worker] o.h.type.descriptor.sql.BasicBinder      : binding parameter [2] as [VARCHAR] - [asdf]
2022-08-05 09:50:24.865 TRACE 12336 --- [    Test worker] o.h.type.descriptor.sql.BasicBinder      : binding parameter [3] as [VARCHAR] - [email]
2022-08-05 09:50:24.865 TRACE 12336 --- [    Test worker] o.h.type.descriptor.sql.BasicBinder      : binding parameter [4] as [VARCHAR] - [asdf]
2022-08-05 09:50:24.865 TRACE 12336 --- [    Test worker] o.h.type.descriptor.sql.BasicBinder      : binding parameter [5] as [VARCHAR] - [name]
2022-08-05 09:50:24.865 TRACE 12336 --- [    Test worker] o.h.type.descriptor.sql.BasicBinder      : binding parameter [6] as [VARCHAR] - [asfsa]
2022-08-05 09:50:24.865 TRACE 12336 --- [    Test worker] o.h.type.descriptor.sql.BasicBinder      : binding parameter [7] as [VARCHAR] - [111]
2022-08-05 09:50:24.865 TRACE 12336 --- [    Test worker] o.h.type.descriptor.sql.BasicBinder      : binding parameter [8] as [VARCHAR] - [pw]
2022-08-05 09:50:24.875 DEBUG 12336 --- [    Test worker] org.hibernate.SQL                        : 
    insert 
    into
        post
        (article, end_date, image, is_confirm, member_id, start_date, sub_title, target, target_amount, title, topic) 
    values
        (?, ?, ?, ?, ?, ?, ?, ?, ?, ?, ?)
2022-08-05 09:50:24.876 TRACE 12336 --- [    Test worker] o.h.type.descriptor.sql.BasicBinder      : binding parameter [1] as [VARCHAR] - [article]
2022-08-05 09:50:24.876 TRACE 12336 --- [    Test worker] o.h.type.descriptor.sql.BasicBinder      : binding parameter [2] as [TIMESTAMP] - [2022-08-05 09:50:24.874295]
2022-08-05 09:50:24.876 TRACE 12336 --- [    Test worker] o.h.type.descriptor.sql.BasicBinder      : binding parameter [3] as [VARCHAR] - [static/image]
2022-08-05 09:50:24.876 TRACE 12336 --- [    Test worker] o.h.type.descriptor.sql.BasicBinder      : binding parameter [4] as [BOOLEAN] - [false]
2022-08-05 09:50:24.876 TRACE 12336 --- [    Test worker] o.h.type.descriptor.sql.BasicBinder      : binding parameter [5] as [BIGINT] - [2464]
2022-08-05 09:50:24.876 TRACE 12336 --- [    Test worker] o.h.type.descriptor.sql.BasicBinder      : binding parameter [6] as [TIMESTAMP] - [2022-08-05 09:50:24.874295]
2022-08-05 09:50:24.876 TRACE 12336 --- [    Test worker] o.h.type.descriptor.sql.BasicBinder      : binding parameter [7] as [VARCHAR] - [subtitle]
2022-08-05 09:50:24.876 TRACE 12336 --- [    Test worker] o.h.type.descriptor.sql.BasicBinder      : binding parameter [8] as [VARCHAR] - [아동ㅣ청소년]
2022-08-05 09:50:24.876 TRACE 12336 --- [    Test worker] o.h.type.descriptor.sql.BasicBinder      : binding parameter [9] as [INTEGER] - [100000]
2022-08-05 09:50:24.876 TRACE 12336 --- [    Test worker] o.h.type.descriptor.sql.BasicBinder      : binding parameter [10] as [VARCHAR] - [title]
2022-08-05 09:50:24.876 TRACE 12336 --- [    Test worker] o.h.type.descriptor.sql.BasicBinder      : binding parameter [11] as [VARCHAR] - [건강한삶]
2022-08-05 09:50:24.929 DEBUG 12336 --- [    Test worker] org.hibernate.SQL                        : 
    insert 
    into
        comment
        (content, date, likes, member_id, post_id) 
    values
        (?, ?, ?, ?, ?)
2022-08-05 09:50:24.929 TRACE 12336 --- [    Test worker] o.h.type.descriptor.sql.BasicBinder      : binding parameter [1] as [VARCHAR] - [content]
2022-08-05 09:50:24.929 TRACE 12336 --- [    Test worker] o.h.type.descriptor.sql.BasicBinder      : binding parameter [2] as [TIMESTAMP] - [2022-08-05 09:50:24.9289989]
2022-08-05 09:50:24.929 TRACE 12336 --- [    Test worker] o.h.type.descriptor.sql.BasicBinder      : binding parameter [3] as [INTEGER] - [0]
2022-08-05 09:50:24.929 TRACE 12336 --- [    Test worker] o.h.type.descriptor.sql.BasicBinder      : binding parameter [4] as [BIGINT] - [2464]
2022-08-05 09:50:24.929 TRACE 12336 --- [    Test worker] o.h.type.descriptor.sql.BasicBinder      : binding parameter [5] as [BIGINT] - [1797]
2022-08-05 09:50:25.047  INFO 12336 --- [    Test worker] o.s.t.c.transaction.TransactionContext   : Rolled back transaction for test: [DefaultTestContext@1d8e9f22 testClass = CommentServiceTest, testInstance = kakao.valuetogether.service.CommentServiceTest@3d306fd5, testMethod = edit@CommentServiceTest, testException = [null], mergedContextConfiguration = [WebMergedContextConfiguration@3b75b7b4 testClass = CommentServiceTest, locations = '{}', classes = '{class kakao.valuetogether.ValuetogetherApplication}', contextInitializerClasses = '[]', activeProfiles = '{}', propertySourceLocations = '{}', propertySourceProperties = '{org.springframework.boot.test.context.SpringBootTestContextBootstrapper=true}', contextCustomizers = set[org.springframework.boot.test.autoconfigure.actuate.metrics.MetricsExportContextCustomizerFactory$DisableMetricExportContextCustomizer@19ae6bb, org.springframework.boot.test.autoconfigure.properties.PropertyMappingContextCustomizer@0, org.springframework.boot.test.autoconfigure.web.servlet.WebDriverContextCustomizerFactory$Customizer@fd8294b, org.springframework.boot.test.context.filter.ExcludeFilterContextCustomizer@6f8f9349, org.springframework.boot.test.json.DuplicateJsonObjectContextCustomizerFactory$DuplicateJsonObjectContextCustomizer@75f5fd58, org.springframework.boot.test.mock.mockito.MockitoContextCustomizer@0, org.springframework.boot.test.web.client.TestRestTemplateContextCustomizer@6b9ce1bf, org.springframework.boot.test.context.SpringBootTestArgs@1, org.springframework.boot.test.context.SpringBootTestWebEnvironment@19b89d4], resourceBasePath = 'src/main/webapp', contextLoader = 'org.springframework.boot.test.context.SpringBootContextLoader', parent = [null]], attributes = map['org.springframework.test.context.web.ServletTestExecutionListener.activateListener' -> true, 'org.springframework.test.context.web.ServletTestExecutionListener.populatedRequestContextHolder' -> true, 'org.springframework.test.context.web.ServletTestExecutionListener.resetRequestContextHolder' -> true, 'org.springframework.test.context.event.ApplicationEventsTestExecutionListener.recordApplicationEvents' -> false]]
2022-08-05 09:50:25.056  INFO 12336 --- [    Test worker] o.s.t.c.transaction.TransactionContext   : Began transaction (1) for test context [DefaultTestContext@1d8e9f22 testClass = CommentServiceTest, testInstance = kakao.valuetogether.service.CommentServiceTest@4d5d6297, testMethod = disLike@CommentServiceTest, testException = [null], mergedContextConfiguration = [WebMergedContextConfiguration@3b75b7b4 testClass = CommentServiceTest, locations = '{}', classes = '{class kakao.valuetogether.ValuetogetherApplication}', contextInitializerClasses = '[]', activeProfiles = '{}', propertySourceLocations = '{}', propertySourceProperties = '{org.springframework.boot.test.context.SpringBootTestContextBootstrapper=true}', contextCustomizers = set[org.springframework.boot.test.autoconfigure.actuate.metrics.MetricsExportContextCustomizerFactory$DisableMetricExportContextCustomizer@19ae6bb, org.springframework.boot.test.autoconfigure.properties.PropertyMappingContextCustomizer@0, org.springframework.boot.test.autoconfigure.web.servlet.WebDriverContextCustomizerFactory$Customizer@fd8294b, org.springframework.boot.test.context.filter.ExcludeFilterContextCustomizer@6f8f9349, org.springframework.boot.test.json.DuplicateJsonObjectContextCustomizerFactory$DuplicateJsonObjectContextCustomizer@75f5fd58, org.springframework.boot.test.mock.mockito.MockitoContextCustomizer@0, org.springframework.boot.test.web.client.TestRestTemplateContextCustomizer@6b9ce1bf, org.springframework.boot.test.context.SpringBootTestArgs@1, org.springframework.boot.test.context.SpringBootTestWebEnvironment@19b89d4], resourceBasePath = 'src/main/webapp', contextLoader = 'org.springframework.boot.test.context.SpringBootContextLoader', parent = [null]], attributes = map['org.springframework.test.context.web.ServletTestExecutionListener.activateListener' -> true, 'org.springframework.test.context.web.ServletTestExecutionListener.populatedRequestContextHolder' -> true, 'org.springframework.test.context.web.ServletTestExecutionListener.resetRequestContextHolder' -> true, 'org.springframework.test.context.event.ApplicationEventsTestExecutionListener.recordApplicationEvents' -> false]]; transaction manager [org.springframework.orm.jpa.JpaTransactionManager@c8d20bb]; rollback [true]
2022-08-05 09:50:25.058 DEBUG 12336 --- [    Test worker] org.hibernate.SQL                        : 
    insert 
    into
        member
        (member_address, member_birthday, member_email, member_gender, member_name, member_nickname, member_phone, member_pw) 
    values
        (?, ?, ?, ?, ?, ?, ?, ?)
2022-08-05 09:50:25.059 TRACE 12336 --- [    Test worker] o.h.type.descriptor.sql.BasicBinder      : binding parameter [1] as [VARCHAR] - [asdfasd]
2022-08-05 09:50:25.059 TRACE 12336 --- [    Test worker] o.h.type.descriptor.sql.BasicBinder      : binding parameter [2] as [VARCHAR] - [asdf]
2022-08-05 09:50:25.059 TRACE 12336 --- [    Test worker] o.h.type.descriptor.sql.BasicBinder      : binding parameter [3] as [VARCHAR] - [email]
2022-08-05 09:50:25.059 TRACE 12336 --- [    Test worker] o.h.type.descriptor.sql.BasicBinder      : binding parameter [4] as [VARCHAR] - [asdf]
2022-08-05 09:50:25.059 TRACE 12336 --- [    Test worker] o.h.type.descriptor.sql.BasicBinder      : binding parameter [5] as [VARCHAR] - [name]
2022-08-05 09:50:25.059 TRACE 12336 --- [    Test worker] o.h.type.descriptor.sql.BasicBinder      : binding parameter [6] as [VARCHAR] - [asfsa]
2022-08-05 09:50:25.059 TRACE 12336 --- [    Test worker] o.h.type.descriptor.sql.BasicBinder      : binding parameter [7] as [VARCHAR] - [111]
2022-08-05 09:50:25.059 TRACE 12336 --- [    Test worker] o.h.type.descriptor.sql.BasicBinder      : binding parameter [8] as [VARCHAR] - [pw]
2022-08-05 09:50:25.066 DEBUG 12336 --- [    Test worker] org.hibernate.SQL                        : 
    insert 
    into
        post
        (article, end_date, image, is_confirm, member_id, start_date, sub_title, target, target_amount, title, topic) 
    values
        (?, ?, ?, ?, ?, ?, ?, ?, ?, ?, ?)
2022-08-05 09:50:25.066 TRACE 12336 --- [    Test worker] o.h.type.descriptor.sql.BasicBinder      : binding parameter [1] as [VARCHAR] - [article]
2022-08-05 09:50:25.066 TRACE 12336 --- [    Test worker] o.h.type.descriptor.sql.BasicBinder      : binding parameter [2] as [TIMESTAMP] - [2022-08-05 09:50:25.0655497]
2022-08-05 09:50:25.066 TRACE 12336 --- [    Test worker] o.h.type.descriptor.sql.BasicBinder      : binding parameter [3] as [VARCHAR] - [static/image]
2022-08-05 09:50:25.066 TRACE 12336 --- [    Test worker] o.h.type.descriptor.sql.BasicBinder      : binding parameter [4] as [BOOLEAN] - [false]
2022-08-05 09:50:25.066 TRACE 12336 --- [    Test worker] o.h.type.descriptor.sql.BasicBinder      : binding parameter [5] as [BIGINT] - [2465]
2022-08-05 09:50:25.066 TRACE 12336 --- [    Test worker] o.h.type.descriptor.sql.BasicBinder      : binding parameter [6] as [TIMESTAMP] - [2022-08-05 09:50:25.0655497]
2022-08-05 09:50:25.066 TRACE 12336 --- [    Test worker] o.h.type.descriptor.sql.BasicBinder      : binding parameter [7] as [VARCHAR] - [subtitle]
2022-08-05 09:50:25.066 TRACE 12336 --- [    Test worker] o.h.type.descriptor.sql.BasicBinder      : binding parameter [8] as [VARCHAR] - [아동ㅣ청소년]
2022-08-05 09:50:25.067 TRACE 12336 --- [    Test worker] o.h.type.descriptor.sql.BasicBinder      : binding parameter [9] as [INTEGER] - [100000]
2022-08-05 09:50:25.067 TRACE 12336 --- [    Test worker] o.h.type.descriptor.sql.BasicBinder      : binding parameter [10] as [VARCHAR] - [title]
2022-08-05 09:50:25.067 TRACE 12336 --- [    Test worker] o.h.type.descriptor.sql.BasicBinder      : binding parameter [11] as [VARCHAR] - [건강한삶]
2022-08-05 09:50:25.075 DEBUG 12336 --- [    Test worker] org.hibernate.SQL                        : 
    insert 
    into
        comment
        (content, date, likes, member_id, post_id) 
    values
        (?, ?, ?, ?, ?)
2022-08-05 09:50:25.076 TRACE 12336 --- [    Test worker] o.h.type.descriptor.sql.BasicBinder      : binding parameter [1] as [VARCHAR] - [content]
2022-08-05 09:50:25.076 TRACE 12336 --- [    Test worker] o.h.type.descriptor.sql.BasicBinder      : binding parameter [2] as [TIMESTAMP] - [2022-08-05 09:50:25.075553]
2022-08-05 09:50:25.076 TRACE 12336 --- [    Test worker] o.h.type.descriptor.sql.BasicBinder      : binding parameter [3] as [INTEGER] - [0]
2022-08-05 09:50:25.076 TRACE 12336 --- [    Test worker] o.h.type.descriptor.sql.BasicBinder      : binding parameter [4] as [BIGINT] - [2465]
2022-08-05 09:50:25.076 TRACE 12336 --- [    Test worker] o.h.type.descriptor.sql.BasicBinder      : binding parameter [5] as [BIGINT] - [1798]
2022-08-05 09:50:25.116  INFO 12336 --- [    Test worker] o.s.t.c.transaction.TransactionContext   : Rolled back transaction for test: [DefaultTestContext@1d8e9f22 testClass = CommentServiceTest, testInstance = kakao.valuetogether.service.CommentServiceTest@4d5d6297, testMethod = disLike@CommentServiceTest, testException = [null], mergedContextConfiguration = [WebMergedContextConfiguration@3b75b7b4 testClass = CommentServiceTest, locations = '{}', classes = '{class kakao.valuetogether.ValuetogetherApplication}', contextInitializerClasses = '[]', activeProfiles = '{}', propertySourceLocations = '{}', propertySourceProperties = '{org.springframework.boot.test.context.SpringBootTestContextBootstrapper=true}', contextCustomizers = set[org.springframework.boot.test.autoconfigure.actuate.metrics.MetricsExportContextCustomizerFactory$DisableMetricExportContextCustomizer@19ae6bb, org.springframework.boot.test.autoconfigure.properties.PropertyMappingContextCustomizer@0, org.springframework.boot.test.autoconfigure.web.servlet.WebDriverContextCustomizerFactory$Customizer@fd8294b, org.springframework.boot.test.context.filter.ExcludeFilterContextCustomizer@6f8f9349, org.springframework.boot.test.json.DuplicateJsonObjectContextCustomizerFactory$DuplicateJsonObjectContextCustomizer@75f5fd58, org.springframework.boot.test.mock.mockito.MockitoContextCustomizer@0, org.springframework.boot.test.web.client.TestRestTemplateContextCustomizer@6b9ce1bf, org.springframework.boot.test.context.SpringBootTestArgs@1, org.springframework.boot.test.context.SpringBootTestWebEnvironment@19b89d4], resourceBasePath = 'src/main/webapp', contextLoader = 'org.springframework.boot.test.context.SpringBootContextLoader', parent = [null]], attributes = map['org.springframework.test.context.web.ServletTestExecutionListener.activateListener' -> true, 'org.springframework.test.context.web.ServletTestExecutionListener.populatedRequestContextHolder' -> true, 'org.springframework.test.context.web.ServletTestExecutionListener.resetRequestContextHolder' -> true, 'org.springframework.test.context.event.ApplicationEventsTestExecutionListener.recordApplicationEvents' -> false]]
]]></system-out>
  <system-err><![CDATA[]]></system-err>
</testsuite>
