<?xml version="1.0" encoding="UTF-8"?>
<testsuite name="kakao.valuetogether.repository.TTTRepositoryTest" tests="1" skipped="0" failures="0" errors="0" timestamp="2022-08-02T02:50:46" hostname="DESKTOP-8DQF55R" time="0.026">
  <properties/>
  <testcase name="주제대상태그저장하기" classname="kakao.valuetogether.repository.TTTRepositoryTest" time="0.026"/>
  <system-out><![CDATA[2022-08-02 11:50:46.209  INFO 2776 --- [    Test worker] o.s.t.c.transaction.TransactionContext   : Began transaction (1) for test context [DefaultTestContext@37aec9b testClass = TTTRepositoryTest, testInstance = kakao.valuetogether.repository.TTTRepositoryTest@34538ffe, testMethod = 주제대상태그저장하기@TTTRepositoryTest, testException = [null], mergedContextConfiguration = [WebMergedContextConfiguration@7ae75ba6 testClass = TTTRepositoryTest, locations = '{}', classes = '{class kakao.valuetogether.ValuetogetherApplication}', contextInitializerClasses = '[]', activeProfiles = '{}', propertySourceLocations = '{}', propertySourceProperties = '{org.springframework.boot.test.context.SpringBootTestContextBootstrapper=true}', contextCustomizers = set[org.springframework.boot.test.autoconfigure.actuate.metrics.MetricsExportContextCustomizerFactory$DisableMetricExportContextCustomizer@328cf0e1, org.springframework.boot.test.autoconfigure.properties.PropertyMappingContextCustomizer@0, org.springframework.boot.test.autoconfigure.web.servlet.WebDriverContextCustomizerFactory$Customizer@14b030a0, org.springframework.boot.test.context.filter.ExcludeFilterContextCustomizer@56bca85b, org.springframework.boot.test.json.DuplicateJsonObjectContextCustomizerFactory$DuplicateJsonObjectContextCustomizer@22b53226, org.springframework.boot.test.mock.mockito.MockitoContextCustomizer@0, org.springframework.boot.test.web.client.TestRestTemplateContextCustomizer@306851c7, org.springframework.boot.test.context.SpringBootTestArgs@1, org.springframework.boot.test.context.SpringBootTestWebEnvironment@34b9f960], resourceBasePath = 'src/main/webapp', contextLoader = 'org.springframework.boot.test.context.SpringBootContextLoader', parent = [null]], attributes = map['org.springframework.test.context.web.ServletTestExecutionListener.activateListener' -> true, 'org.springframework.test.context.web.ServletTestExecutionListener.populatedRequestContextHolder' -> true, 'org.springframework.test.context.web.ServletTestExecutionListener.resetRequestContextHolder' -> true, 'org.springframework.test.context.event.ApplicationEventsTestExecutionListener.recordApplicationEvents' -> false]]; transaction manager [org.springframework.orm.jpa.JpaTransactionManager@37dc7661]; rollback [true]
2022-08-02 11:50:46.212 DEBUG 2776 --- [    Test worker] org.hibernate.SQL                        : 
    insert 
    into
        tag
        (tag_id, tag_name) 
    values
        (default, ?)
Hibernate: 
    insert 
    into
        tag
        (tag_id, tag_name) 
    values
        (default, ?)
2022-08-02 11:50:46.213 TRACE 2776 --- [    Test worker] o.h.type.descriptor.sql.BasicBinder      : binding parameter [1] as [VARCHAR] - [어려운이웃]
2022-08-02 11:50:46.214 DEBUG 2776 --- [    Test worker] org.hibernate.SQL                        : 
    insert 
    into
        tag
        (tag_id, tag_name) 
    values
        (default, ?)
Hibernate: 
    insert 
    into
        tag
        (tag_id, tag_name) 
    values
        (default, ?)
2022-08-02 11:50:46.215 TRACE 2776 --- [    Test worker] o.h.type.descriptor.sql.BasicBinder      : binding parameter [1] as [VARCHAR] - [행복한노후]
2022-08-02 11:50:46.216 DEBUG 2776 --- [    Test worker] org.hibernate.SQL                        : 
    insert 
    into
        tag
        (tag_id, tag_name) 
    values
        (default, ?)
Hibernate: 
    insert 
    into
        tag
        (tag_id, tag_name) 
    values
        (default, ?)
2022-08-02 11:50:46.216 TRACE 2776 --- [    Test worker] o.h.type.descriptor.sql.BasicBinder      : binding parameter [1] as [VARCHAR] - [여성인권]
2022-08-02 11:50:46.218 DEBUG 2776 --- [    Test worker] org.hibernate.SQL                        : 
    insert 
    into
        tag
        (tag_id, tag_name) 
    values
        (default, ?)
Hibernate: 
    insert 
    into
        tag
        (tag_id, tag_name) 
    values
        (default, ?)
2022-08-02 11:50:46.218 TRACE 2776 --- [    Test worker] o.h.type.descriptor.sql.BasicBinder      : binding parameter [1] as [VARCHAR] - [심리상담]
2022-08-02 11:50:46.219 DEBUG 2776 --- [    Test worker] org.hibernate.SQL                        : 
    insert 
    into
        tag
        (tag_id, tag_name) 
    values
        (default, ?)
Hibernate: 
    insert 
    into
        tag
        (tag_id, tag_name) 
    values
        (default, ?)
2022-08-02 11:50:46.220 TRACE 2776 --- [    Test worker] o.h.type.descriptor.sql.BasicBinder      : binding parameter [1] as [VARCHAR] - [환경교육]
2022-08-02 11:50:46.222 DEBUG 2776 --- [    Test worker] org.hibernate.SQL                        : 
    insert 
    into
        tag
        (tag_id, tag_name) 
    values
        (default, ?)
Hibernate: 
    insert 
    into
        tag
        (tag_id, tag_name) 
    values
        (default, ?)
2022-08-02 11:50:46.222 TRACE 2776 --- [    Test worker] o.h.type.descriptor.sql.BasicBinder      : binding parameter [1] as [VARCHAR] - [학대아동지원]
2022-08-02 11:50:46.223 DEBUG 2776 --- [    Test worker] org.hibernate.SQL                        : 
    insert 
    into
        tag
        (tag_id, tag_name) 
    values
        (default, ?)
Hibernate: 
    insert 
    into
        tag
        (tag_id, tag_name) 
    values
        (default, ?)
2022-08-02 11:50:46.224 TRACE 2776 --- [    Test worker] o.h.type.descriptor.sql.BasicBinder      : binding parameter [1] as [VARCHAR] - [환경을위한실천]
2022-08-02 11:50:46.225 DEBUG 2776 --- [    Test worker] org.hibernate.SQL                        : 
    insert 
    into
        tag
        (tag_id, tag_name) 
    values
        (default, ?)
Hibernate: 
    insert 
    into
        tag
        (tag_id, tag_name) 
    values
        (default, ?)
2022-08-02 11:50:46.226 TRACE 2776 --- [    Test worker] o.h.type.descriptor.sql.BasicBinder      : binding parameter [1] as [VARCHAR] - [우크라이나긴급모금]
2022-08-02 11:50:46.227 DEBUG 2776 --- [    Test worker] org.hibernate.SQL                        : 
    insert 
    into
        tag
        (tag_id, tag_name) 
    values
        (default, ?)
Hibernate: 
    insert 
    into
        tag
        (tag_id, tag_name) 
    values
        (default, ?)
2022-08-02 11:50:46.227 TRACE 2776 --- [    Test worker] o.h.type.descriptor.sql.BasicBinder      : binding parameter [1] as [VARCHAR] - [세상을바꾸는여성]
2022-08-02 11:50:46.228 DEBUG 2776 --- [    Test worker] org.hibernate.SQL                        : 
    insert 
    into
        tag
        (tag_id, tag_name) 
    values
        (default, ?)
Hibernate: 
    insert 
    into
        tag
        (tag_id, tag_name) 
    values
        (default, ?)
2022-08-02 11:50:46.229 TRACE 2776 --- [    Test worker] o.h.type.descriptor.sql.BasicBinder      : binding parameter [1] as [VARCHAR] - [언택트프로젝트]
2022-08-02 11:50:46.233  INFO 2776 --- [    Test worker] o.s.t.c.transaction.TransactionContext   : Rolled back transaction for test: [DefaultTestContext@37aec9b testClass = TTTRepositoryTest, testInstance = kakao.valuetogether.repository.TTTRepositoryTest@34538ffe, testMethod = 주제대상태그저장하기@TTTRepositoryTest, testException = [null], mergedContextConfiguration = [WebMergedContextConfiguration@7ae75ba6 testClass = TTTRepositoryTest, locations = '{}', classes = '{class kakao.valuetogether.ValuetogetherApplication}', contextInitializerClasses = '[]', activeProfiles = '{}', propertySourceLocations = '{}', propertySourceProperties = '{org.springframework.boot.test.context.SpringBootTestContextBootstrapper=true}', contextCustomizers = set[org.springframework.boot.test.autoconfigure.actuate.metrics.MetricsExportContextCustomizerFactory$DisableMetricExportContextCustomizer@328cf0e1, org.springframework.boot.test.autoconfigure.properties.PropertyMappingContextCustomizer@0, org.springframework.boot.test.autoconfigure.web.servlet.WebDriverContextCustomizerFactory$Customizer@14b030a0, org.springframework.boot.test.context.filter.ExcludeFilterContextCustomizer@56bca85b, org.springframework.boot.test.json.DuplicateJsonObjectContextCustomizerFactory$DuplicateJsonObjectContextCustomizer@22b53226, org.springframework.boot.test.mock.mockito.MockitoContextCustomizer@0, org.springframework.boot.test.web.client.TestRestTemplateContextCustomizer@306851c7, org.springframework.boot.test.context.SpringBootTestArgs@1, org.springframework.boot.test.context.SpringBootTestWebEnvironment@34b9f960], resourceBasePath = 'src/main/webapp', contextLoader = 'org.springframework.boot.test.context.SpringBootContextLoader', parent = [null]], attributes = map['org.springframework.test.context.web.ServletTestExecutionListener.activateListener' -> true, 'org.springframework.test.context.web.ServletTestExecutionListener.populatedRequestContextHolder' -> true, 'org.springframework.test.context.web.ServletTestExecutionListener.resetRequestContextHolder' -> true, 'org.springframework.test.context.event.ApplicationEventsTestExecutionListener.recordApplicationEvents' -> false]]
]]></system-out>
  <system-err><![CDATA[]]></system-err>
</testsuite>
