<?xml version="1.0" encoding="UTF-8"?>
<testsuite name="kakao.valuetogether.service.MemberServiceTest" tests="7" skipped="0" failures="0" errors="0" timestamp="2022-08-03T07:47:31" hostname="DESKTOP-8DQF55R" time="0.498">
  <properties/>
  <testcase name="폰번호로아이디찾기성공" classname="kakao.valuetogether.service.MemberServiceTest" time="0.061"/>
  <testcase name="폰번호로아이디찾기예외" classname="kakao.valuetogether.service.MemberServiceTest" time="0.055"/>
  <testcase name="회원검증및PW재설정" classname="kakao.valuetogether.service.MemberServiceTest" time="0.086"/>
  <testcase name="닉네임이름전화번호로아이디찾기성공및예외" classname="kakao.valuetogether.service.MemberServiceTest" time="0.086"/>
  <testcase name="회원가입성공" classname="kakao.valuetogether.service.MemberServiceTest" time="0.075"/>
  <testcase name="회원가입예외" classname="kakao.valuetogether.service.MemberServiceTest" time="0.067"/>
  <testcase name="회원탈퇴" classname="kakao.valuetogether.service.MemberServiceTest" time="0.064"/>
  <system-out><![CDATA[2022-08-03 16:47:31.551  INFO 32208 --- [    Test worker] o.s.t.c.transaction.TransactionContext   : Began transaction (1) for test context [DefaultTestContext@6810465 testClass = MemberServiceTest, testInstance = kakao.valuetogether.service.MemberServiceTest@19e03398, testMethod = 폰번호로아이디찾기성공@MemberServiceTest, testException = [null], mergedContextConfiguration = [WebMergedContextConfiguration@3d339541 testClass = MemberServiceTest, locations = '{}', classes = '{class kakao.valuetogether.ValuetogetherApplication}', contextInitializerClasses = '[]', activeProfiles = '{}', propertySourceLocations = '{}', propertySourceProperties = '{org.springframework.boot.test.context.SpringBootTestContextBootstrapper=true}', contextCustomizers = set[org.springframework.boot.test.autoconfigure.actuate.metrics.MetricsExportContextCustomizerFactory$DisableMetricExportContextCustomizer@75459c75, org.springframework.boot.test.autoconfigure.properties.PropertyMappingContextCustomizer@0, org.springframework.boot.test.autoconfigure.web.servlet.WebDriverContextCustomizerFactory$Customizer@d8305c2, org.springframework.boot.test.context.filter.ExcludeFilterContextCustomizer@531c311e, org.springframework.boot.test.json.DuplicateJsonObjectContextCustomizerFactory$DuplicateJsonObjectContextCustomizer@4b672daa, org.springframework.boot.test.mock.mockito.MockitoContextCustomizer@0, org.springframework.boot.test.web.client.TestRestTemplateContextCustomizer@354fc8f0, org.springframework.boot.test.context.SpringBootTestArgs@1, org.springframework.boot.test.context.SpringBootTestWebEnvironment@2f666ebb], resourceBasePath = 'src/main/webapp', contextLoader = 'org.springframework.boot.test.context.SpringBootContextLoader', parent = [null]], attributes = map['org.springframework.test.context.web.ServletTestExecutionListener.activateListener' -> true, 'org.springframework.test.context.web.ServletTestExecutionListener.populatedRequestContextHolder' -> true, 'org.springframework.test.context.web.ServletTestExecutionListener.resetRequestContextHolder' -> true, 'org.springframework.test.context.event.ApplicationEventsTestExecutionListener.recordApplicationEvents' -> false]]; transaction manager [org.springframework.orm.jpa.JpaTransactionManager@9d7a853]; rollback [true]
2022-08-03 16:47:31.553 DEBUG 32208 --- [    Test worker] org.hibernate.SQL                        : 
    insert 
    into
        member
        (member_address, member_birthday, member_email, member_gender, member_name, member_nickname, member_phone, member_pw) 
    values
        (?, ?, ?, ?, ?, ?, ?, ?)
2022-08-03 16:47:31.553 TRACE 32208 --- [    Test worker] o.h.type.descriptor.sql.BasicBinder      : binding parameter [1] as [VARCHAR] - [address]
2022-08-03 16:47:31.553 TRACE 32208 --- [    Test worker] o.h.type.descriptor.sql.BasicBinder      : binding parameter [2] as [VARCHAR] - [birthday]
2022-08-03 16:47:31.553 TRACE 32208 --- [    Test worker] o.h.type.descriptor.sql.BasicBinder      : binding parameter [3] as [VARCHAR] - [email6]
2022-08-03 16:47:31.553 TRACE 32208 --- [    Test worker] o.h.type.descriptor.sql.BasicBinder      : binding parameter [4] as [VARCHAR] - [gender]
2022-08-03 16:47:31.553 TRACE 32208 --- [    Test worker] o.h.type.descriptor.sql.BasicBinder      : binding parameter [5] as [VARCHAR] - [name]
2022-08-03 16:47:31.553 TRACE 32208 --- [    Test worker] o.h.type.descriptor.sql.BasicBinder      : binding parameter [6] as [VARCHAR] - [nickname]
2022-08-03 16:47:31.553 TRACE 32208 --- [    Test worker] o.h.type.descriptor.sql.BasicBinder      : binding parameter [7] as [VARCHAR] - [phone]
2022-08-03 16:47:31.553 TRACE 32208 --- [    Test worker] o.h.type.descriptor.sql.BasicBinder      : binding parameter [8] as [VARCHAR] - [pw]
2022-08-03 16:47:31.568 DEBUG 32208 --- [    Test worker] org.hibernate.SQL                        : 
    select
        member0_.member_id as member_i1_3_,
        member0_.member_address as member_a2_3_,
        member0_.member_birthday as member_b3_3_,
        member0_.member_email as member_e4_3_,
        member0_.member_gender as member_g5_3_,
        member0_.member_name as member_n6_3_,
        member0_.member_nickname as member_n7_3_,
        member0_.member_phone as member_p8_3_,
        member0_.member_pw as member_p9_3_ 
    from
        member member0_ 
    where
        member0_.member_phone=?
2022-08-03 16:47:31.568 TRACE 32208 --- [    Test worker] o.h.type.descriptor.sql.BasicBinder      : binding parameter [1] as [VARCHAR] - [phone]
2022-08-03 16:47:31.578 TRACE 32208 --- [    Test worker] o.h.type.descriptor.sql.BasicExtractor   : extracted value ([member_i1_3_] : [BIGINT]) - [916]
2022-08-03 16:47:31.602  INFO 32208 --- [    Test worker] o.s.t.c.transaction.TransactionContext   : Rolled back transaction for test: [DefaultTestContext@6810465 testClass = MemberServiceTest, testInstance = kakao.valuetogether.service.MemberServiceTest@19e03398, testMethod = 폰번호로아이디찾기성공@MemberServiceTest, testException = [null], mergedContextConfiguration = [WebMergedContextConfiguration@3d339541 testClass = MemberServiceTest, locations = '{}', classes = '{class kakao.valuetogether.ValuetogetherApplication}', contextInitializerClasses = '[]', activeProfiles = '{}', propertySourceLocations = '{}', propertySourceProperties = '{org.springframework.boot.test.context.SpringBootTestContextBootstrapper=true}', contextCustomizers = set[org.springframework.boot.test.autoconfigure.actuate.metrics.MetricsExportContextCustomizerFactory$DisableMetricExportContextCustomizer@75459c75, org.springframework.boot.test.autoconfigure.properties.PropertyMappingContextCustomizer@0, org.springframework.boot.test.autoconfigure.web.servlet.WebDriverContextCustomizerFactory$Customizer@d8305c2, org.springframework.boot.test.context.filter.ExcludeFilterContextCustomizer@531c311e, org.springframework.boot.test.json.DuplicateJsonObjectContextCustomizerFactory$DuplicateJsonObjectContextCustomizer@4b672daa, org.springframework.boot.test.mock.mockito.MockitoContextCustomizer@0, org.springframework.boot.test.web.client.TestRestTemplateContextCustomizer@354fc8f0, org.springframework.boot.test.context.SpringBootTestArgs@1, org.springframework.boot.test.context.SpringBootTestWebEnvironment@2f666ebb], resourceBasePath = 'src/main/webapp', contextLoader = 'org.springframework.boot.test.context.SpringBootContextLoader', parent = [null]], attributes = map['org.springframework.test.context.web.ServletTestExecutionListener.activateListener' -> true, 'org.springframework.test.context.web.ServletTestExecutionListener.populatedRequestContextHolder' -> true, 'org.springframework.test.context.web.ServletTestExecutionListener.resetRequestContextHolder' -> true, 'org.springframework.test.context.event.ApplicationEventsTestExecutionListener.recordApplicationEvents' -> false]]
2022-08-03 16:47:31.612  INFO 32208 --- [    Test worker] o.s.t.c.transaction.TransactionContext   : Began transaction (1) for test context [DefaultTestContext@6810465 testClass = MemberServiceTest, testInstance = kakao.valuetogether.service.MemberServiceTest@5d6cac57, testMethod = 폰번호로아이디찾기예외@MemberServiceTest, testException = [null], mergedContextConfiguration = [WebMergedContextConfiguration@3d339541 testClass = MemberServiceTest, locations = '{}', classes = '{class kakao.valuetogether.ValuetogetherApplication}', contextInitializerClasses = '[]', activeProfiles = '{}', propertySourceLocations = '{}', propertySourceProperties = '{org.springframework.boot.test.context.SpringBootTestContextBootstrapper=true}', contextCustomizers = set[org.springframework.boot.test.autoconfigure.actuate.metrics.MetricsExportContextCustomizerFactory$DisableMetricExportContextCustomizer@75459c75, org.springframework.boot.test.autoconfigure.properties.PropertyMappingContextCustomizer@0, org.springframework.boot.test.autoconfigure.web.servlet.WebDriverContextCustomizerFactory$Customizer@d8305c2, org.springframework.boot.test.context.filter.ExcludeFilterContextCustomizer@531c311e, org.springframework.boot.test.json.DuplicateJsonObjectContextCustomizerFactory$DuplicateJsonObjectContextCustomizer@4b672daa, org.springframework.boot.test.mock.mockito.MockitoContextCustomizer@0, org.springframework.boot.test.web.client.TestRestTemplateContextCustomizer@354fc8f0, org.springframework.boot.test.context.SpringBootTestArgs@1, org.springframework.boot.test.context.SpringBootTestWebEnvironment@2f666ebb], resourceBasePath = 'src/main/webapp', contextLoader = 'org.springframework.boot.test.context.SpringBootContextLoader', parent = [null]], attributes = map['org.springframework.test.context.web.ServletTestExecutionListener.activateListener' -> true, 'org.springframework.test.context.web.ServletTestExecutionListener.populatedRequestContextHolder' -> true, 'org.springframework.test.context.web.ServletTestExecutionListener.resetRequestContextHolder' -> true, 'org.springframework.test.context.event.ApplicationEventsTestExecutionListener.recordApplicationEvents' -> false]]; transaction manager [org.springframework.orm.jpa.JpaTransactionManager@9d7a853]; rollback [true]
2022-08-03 16:47:31.614 DEBUG 32208 --- [    Test worker] org.hibernate.SQL                        : 
    insert 
    into
        member
        (member_address, member_birthday, member_email, member_gender, member_name, member_nickname, member_phone, member_pw) 
    values
        (?, ?, ?, ?, ?, ?, ?, ?)
2022-08-03 16:47:31.615 TRACE 32208 --- [    Test worker] o.h.type.descriptor.sql.BasicBinder      : binding parameter [1] as [VARCHAR] - [address]
2022-08-03 16:47:31.615 TRACE 32208 --- [    Test worker] o.h.type.descriptor.sql.BasicBinder      : binding parameter [2] as [VARCHAR] - [birthday]
2022-08-03 16:47:31.615 TRACE 32208 --- [    Test worker] o.h.type.descriptor.sql.BasicBinder      : binding parameter [3] as [VARCHAR] - [email7]
2022-08-03 16:47:31.615 TRACE 32208 --- [    Test worker] o.h.type.descriptor.sql.BasicBinder      : binding parameter [4] as [VARCHAR] - [gender]
2022-08-03 16:47:31.615 TRACE 32208 --- [    Test worker] o.h.type.descriptor.sql.BasicBinder      : binding parameter [5] as [VARCHAR] - [name]
2022-08-03 16:47:31.615 TRACE 32208 --- [    Test worker] o.h.type.descriptor.sql.BasicBinder      : binding parameter [6] as [VARCHAR] - [nickname]
2022-08-03 16:47:31.615 TRACE 32208 --- [    Test worker] o.h.type.descriptor.sql.BasicBinder      : binding parameter [7] as [VARCHAR] - [phone]
2022-08-03 16:47:31.615 TRACE 32208 --- [    Test worker] o.h.type.descriptor.sql.BasicBinder      : binding parameter [8] as [VARCHAR] - [pw]
2022-08-03 16:47:31.624 DEBUG 32208 --- [    Test worker] org.hibernate.SQL                        : 
    select
        member0_.member_id as member_i1_3_,
        member0_.member_address as member_a2_3_,
        member0_.member_birthday as member_b3_3_,
        member0_.member_email as member_e4_3_,
        member0_.member_gender as member_g5_3_,
        member0_.member_name as member_n6_3_,
        member0_.member_nickname as member_n7_3_,
        member0_.member_phone as member_p8_3_,
        member0_.member_pw as member_p9_3_ 
    from
        member member0_ 
    where
        member0_.member_phone=?
2022-08-03 16:47:31.624 TRACE 32208 --- [    Test worker] o.h.type.descriptor.sql.BasicBinder      : binding parameter [1] as [VARCHAR] - [asdf]
2022-08-03 16:47:31.657  INFO 32208 --- [    Test worker] o.s.t.c.transaction.TransactionContext   : Rolled back transaction for test: [DefaultTestContext@6810465 testClass = MemberServiceTest, testInstance = kakao.valuetogether.service.MemberServiceTest@5d6cac57, testMethod = 폰번호로아이디찾기예외@MemberServiceTest, testException = [null], mergedContextConfiguration = [WebMergedContextConfiguration@3d339541 testClass = MemberServiceTest, locations = '{}', classes = '{class kakao.valuetogether.ValuetogetherApplication}', contextInitializerClasses = '[]', activeProfiles = '{}', propertySourceLocations = '{}', propertySourceProperties = '{org.springframework.boot.test.context.SpringBootTestContextBootstrapper=true}', contextCustomizers = set[org.springframework.boot.test.autoconfigure.actuate.metrics.MetricsExportContextCustomizerFactory$DisableMetricExportContextCustomizer@75459c75, org.springframework.boot.test.autoconfigure.properties.PropertyMappingContextCustomizer@0, org.springframework.boot.test.autoconfigure.web.servlet.WebDriverContextCustomizerFactory$Customizer@d8305c2, org.springframework.boot.test.context.filter.ExcludeFilterContextCustomizer@531c311e, org.springframework.boot.test.json.DuplicateJsonObjectContextCustomizerFactory$DuplicateJsonObjectContextCustomizer@4b672daa, org.springframework.boot.test.mock.mockito.MockitoContextCustomizer@0, org.springframework.boot.test.web.client.TestRestTemplateContextCustomizer@354fc8f0, org.springframework.boot.test.context.SpringBootTestArgs@1, org.springframework.boot.test.context.SpringBootTestWebEnvironment@2f666ebb], resourceBasePath = 'src/main/webapp', contextLoader = 'org.springframework.boot.test.context.SpringBootContextLoader', parent = [null]], attributes = map['org.springframework.test.context.web.ServletTestExecutionListener.activateListener' -> true, 'org.springframework.test.context.web.ServletTestExecutionListener.populatedRequestContextHolder' -> true, 'org.springframework.test.context.web.ServletTestExecutionListener.resetRequestContextHolder' -> true, 'org.springframework.test.context.event.ApplicationEventsTestExecutionListener.recordApplicationEvents' -> false]]
2022-08-03 16:47:31.668  INFO 32208 --- [    Test worker] o.s.t.c.transaction.TransactionContext   : Began transaction (1) for test context [DefaultTestContext@6810465 testClass = MemberServiceTest, testInstance = kakao.valuetogether.service.MemberServiceTest@3b24fb6f, testMethod = 회원검증및PW재설정@MemberServiceTest, testException = [null], mergedContextConfiguration = [WebMergedContextConfiguration@3d339541 testClass = MemberServiceTest, locations = '{}', classes = '{class kakao.valuetogether.ValuetogetherApplication}', contextInitializerClasses = '[]', activeProfiles = '{}', propertySourceLocations = '{}', propertySourceProperties = '{org.springframework.boot.test.context.SpringBootTestContextBootstrapper=true}', contextCustomizers = set[org.springframework.boot.test.autoconfigure.actuate.metrics.MetricsExportContextCustomizerFactory$DisableMetricExportContextCustomizer@75459c75, org.springframework.boot.test.autoconfigure.properties.PropertyMappingContextCustomizer@0, org.springframework.boot.test.autoconfigure.web.servlet.WebDriverContextCustomizerFactory$Customizer@d8305c2, org.springframework.boot.test.context.filter.ExcludeFilterContextCustomizer@531c311e, org.springframework.boot.test.json.DuplicateJsonObjectContextCustomizerFactory$DuplicateJsonObjectContextCustomizer@4b672daa, org.springframework.boot.test.mock.mockito.MockitoContextCustomizer@0, org.springframework.boot.test.web.client.TestRestTemplateContextCustomizer@354fc8f0, org.springframework.boot.test.context.SpringBootTestArgs@1, org.springframework.boot.test.context.SpringBootTestWebEnvironment@2f666ebb], resourceBasePath = 'src/main/webapp', contextLoader = 'org.springframework.boot.test.context.SpringBootContextLoader', parent = [null]], attributes = map['org.springframework.test.context.web.ServletTestExecutionListener.activateListener' -> true, 'org.springframework.test.context.web.ServletTestExecutionListener.populatedRequestContextHolder' -> true, 'org.springframework.test.context.web.ServletTestExecutionListener.resetRequestContextHolder' -> true, 'org.springframework.test.context.event.ApplicationEventsTestExecutionListener.recordApplicationEvents' -> false]]; transaction manager [org.springframework.orm.jpa.JpaTransactionManager@9d7a853]; rollback [true]
2022-08-03 16:47:31.670 DEBUG 32208 --- [    Test worker] org.hibernate.SQL                        : 
    insert 
    into
        member
        (member_address, member_birthday, member_email, member_gender, member_name, member_nickname, member_phone, member_pw) 
    values
        (?, ?, ?, ?, ?, ?, ?, ?)
2022-08-03 16:47:31.670 TRACE 32208 --- [    Test worker] o.h.type.descriptor.sql.BasicBinder      : binding parameter [1] as [VARCHAR] - [address]
2022-08-03 16:47:31.670 TRACE 32208 --- [    Test worker] o.h.type.descriptor.sql.BasicBinder      : binding parameter [2] as [VARCHAR] - [birthday]
2022-08-03 16:47:31.670 TRACE 32208 --- [    Test worker] o.h.type.descriptor.sql.BasicBinder      : binding parameter [3] as [VARCHAR] - [email9]
2022-08-03 16:47:31.670 TRACE 32208 --- [    Test worker] o.h.type.descriptor.sql.BasicBinder      : binding parameter [4] as [VARCHAR] - [gender]
2022-08-03 16:47:31.670 TRACE 32208 --- [    Test worker] o.h.type.descriptor.sql.BasicBinder      : binding parameter [5] as [VARCHAR] - [name]
2022-08-03 16:47:31.670 TRACE 32208 --- [    Test worker] o.h.type.descriptor.sql.BasicBinder      : binding parameter [6] as [VARCHAR] - [nickname]
2022-08-03 16:47:31.670 TRACE 32208 --- [    Test worker] o.h.type.descriptor.sql.BasicBinder      : binding parameter [7] as [VARCHAR] - [phone]
2022-08-03 16:47:31.670 TRACE 32208 --- [    Test worker] o.h.type.descriptor.sql.BasicBinder      : binding parameter [8] as [VARCHAR] - [pw]
2022-08-03 16:47:31.681 DEBUG 32208 --- [    Test worker] org.hibernate.SQL                        : 
    insert 
    into
        member
        (member_address, member_birthday, member_email, member_gender, member_name, member_nickname, member_phone, member_pw) 
    values
        (?, ?, ?, ?, ?, ?, ?, ?)
2022-08-03 16:47:31.681 TRACE 32208 --- [    Test worker] o.h.type.descriptor.sql.BasicBinder      : binding parameter [1] as [VARCHAR] - [address]
2022-08-03 16:47:31.681 TRACE 32208 --- [    Test worker] o.h.type.descriptor.sql.BasicBinder      : binding parameter [2] as [VARCHAR] - [birthday]
2022-08-03 16:47:31.681 TRACE 32208 --- [    Test worker] o.h.type.descriptor.sql.BasicBinder      : binding parameter [3] as [VARCHAR] - [email10]
2022-08-03 16:47:31.681 TRACE 32208 --- [    Test worker] o.h.type.descriptor.sql.BasicBinder      : binding parameter [4] as [VARCHAR] - [gender]
2022-08-03 16:47:31.681 TRACE 32208 --- [    Test worker] o.h.type.descriptor.sql.BasicBinder      : binding parameter [5] as [VARCHAR] - [name]
2022-08-03 16:47:31.681 TRACE 32208 --- [    Test worker] o.h.type.descriptor.sql.BasicBinder      : binding parameter [6] as [VARCHAR] - [nickname]
2022-08-03 16:47:31.682 TRACE 32208 --- [    Test worker] o.h.type.descriptor.sql.BasicBinder      : binding parameter [7] as [VARCHAR] - [phone]
2022-08-03 16:47:31.682 TRACE 32208 --- [    Test worker] o.h.type.descriptor.sql.BasicBinder      : binding parameter [8] as [VARCHAR] - [pw]
2022-08-03 16:47:31.692 DEBUG 32208 --- [    Test worker] org.hibernate.SQL                        : 
    select
        member0_.member_id as member_i1_3_,
        member0_.member_address as member_a2_3_,
        member0_.member_birthday as member_b3_3_,
        member0_.member_email as member_e4_3_,
        member0_.member_gender as member_g5_3_,
        member0_.member_name as member_n6_3_,
        member0_.member_nickname as member_n7_3_,
        member0_.member_phone as member_p8_3_,
        member0_.member_pw as member_p9_3_ 
    from
        member member0_ 
    where
        member0_.member_email=? 
        or member0_.member_phone=?
2022-08-03 16:47:31.693 TRACE 32208 --- [    Test worker] o.h.type.descriptor.sql.BasicBinder      : binding parameter [1] as [VARCHAR] - [email9]
2022-08-03 16:47:31.693 TRACE 32208 --- [    Test worker] o.h.type.descriptor.sql.BasicBinder      : binding parameter [2] as [VARCHAR] - [null]
2022-08-03 16:47:31.702 TRACE 32208 --- [    Test worker] o.h.type.descriptor.sql.BasicExtractor   : extracted value ([member_i1_3_] : [BIGINT]) - [918]
2022-08-03 16:47:31.703 DEBUG 32208 --- [    Test worker] org.hibernate.SQL                        : 
    update
        member 
    set
        member_address=?,
        member_birthday=?,
        member_email=?,
        member_gender=?,
        member_name=?,
        member_nickname=?,
        member_phone=?,
        member_pw=? 
    where
        member_id=?
2022-08-03 16:47:31.703 TRACE 32208 --- [    Test worker] o.h.type.descriptor.sql.BasicBinder      : binding parameter [1] as [VARCHAR] - [address]
2022-08-03 16:47:31.703 TRACE 32208 --- [    Test worker] o.h.type.descriptor.sql.BasicBinder      : binding parameter [2] as [VARCHAR] - [birthday]
2022-08-03 16:47:31.703 TRACE 32208 --- [    Test worker] o.h.type.descriptor.sql.BasicBinder      : binding parameter [3] as [VARCHAR] - [email9]
2022-08-03 16:47:31.703 TRACE 32208 --- [    Test worker] o.h.type.descriptor.sql.BasicBinder      : binding parameter [4] as [VARCHAR] - [gender]
2022-08-03 16:47:31.703 TRACE 32208 --- [    Test worker] o.h.type.descriptor.sql.BasicBinder      : binding parameter [5] as [VARCHAR] - [name]
2022-08-03 16:47:31.703 TRACE 32208 --- [    Test worker] o.h.type.descriptor.sql.BasicBinder      : binding parameter [6] as [VARCHAR] - [nickname]
2022-08-03 16:47:31.703 TRACE 32208 --- [    Test worker] o.h.type.descriptor.sql.BasicBinder      : binding parameter [7] as [VARCHAR] - [phone]
2022-08-03 16:47:31.703 TRACE 32208 --- [    Test worker] o.h.type.descriptor.sql.BasicBinder      : binding parameter [8] as [VARCHAR] - [asdf]
2022-08-03 16:47:31.703 TRACE 32208 --- [    Test worker] o.h.type.descriptor.sql.BasicBinder      : binding parameter [9] as [BIGINT] - [918]
2022-08-03 16:47:31.712 DEBUG 32208 --- [    Test worker] org.hibernate.SQL                        : 
    select
        member0_.member_id as member_i1_3_,
        member0_.member_address as member_a2_3_,
        member0_.member_birthday as member_b3_3_,
        member0_.member_email as member_e4_3_,
        member0_.member_gender as member_g5_3_,
        member0_.member_name as member_n6_3_,
        member0_.member_nickname as member_n7_3_,
        member0_.member_phone as member_p8_3_,
        member0_.member_pw as member_p9_3_ 
    from
        member member0_ 
    where
        member0_.member_email=? 
        or member0_.member_phone=?
2022-08-03 16:47:31.712 TRACE 32208 --- [    Test worker] o.h.type.descriptor.sql.BasicBinder      : binding parameter [1] as [VARCHAR] - [ema]
2022-08-03 16:47:31.713 TRACE 32208 --- [    Test worker] o.h.type.descriptor.sql.BasicBinder      : binding parameter [2] as [VARCHAR] - [one]
2022-08-03 16:47:31.744  INFO 32208 --- [    Test worker] o.s.t.c.transaction.TransactionContext   : Rolled back transaction for test: [DefaultTestContext@6810465 testClass = MemberServiceTest, testInstance = kakao.valuetogether.service.MemberServiceTest@3b24fb6f, testMethod = 회원검증및PW재설정@MemberServiceTest, testException = [null], mergedContextConfiguration = [WebMergedContextConfiguration@3d339541 testClass = MemberServiceTest, locations = '{}', classes = '{class kakao.valuetogether.ValuetogetherApplication}', contextInitializerClasses = '[]', activeProfiles = '{}', propertySourceLocations = '{}', propertySourceProperties = '{org.springframework.boot.test.context.SpringBootTestContextBootstrapper=true}', contextCustomizers = set[org.springframework.boot.test.autoconfigure.actuate.metrics.MetricsExportContextCustomizerFactory$DisableMetricExportContextCustomizer@75459c75, org.springframework.boot.test.autoconfigure.properties.PropertyMappingContextCustomizer@0, org.springframework.boot.test.autoconfigure.web.servlet.WebDriverContextCustomizerFactory$Customizer@d8305c2, org.springframework.boot.test.context.filter.ExcludeFilterContextCustomizer@531c311e, org.springframework.boot.test.json.DuplicateJsonObjectContextCustomizerFactory$DuplicateJsonObjectContextCustomizer@4b672daa, org.springframework.boot.test.mock.mockito.MockitoContextCustomizer@0, org.springframework.boot.test.web.client.TestRestTemplateContextCustomizer@354fc8f0, org.springframework.boot.test.context.SpringBootTestArgs@1, org.springframework.boot.test.context.SpringBootTestWebEnvironment@2f666ebb], resourceBasePath = 'src/main/webapp', contextLoader = 'org.springframework.boot.test.context.SpringBootContextLoader', parent = [null]], attributes = map['org.springframework.test.context.web.ServletTestExecutionListener.activateListener' -> true, 'org.springframework.test.context.web.ServletTestExecutionListener.populatedRequestContextHolder' -> true, 'org.springframework.test.context.web.ServletTestExecutionListener.resetRequestContextHolder' -> true, 'org.springframework.test.context.event.ApplicationEventsTestExecutionListener.recordApplicationEvents' -> false]]
2022-08-03 16:47:31.754  INFO 32208 --- [    Test worker] o.s.t.c.transaction.TransactionContext   : Began transaction (1) for test context [DefaultTestContext@6810465 testClass = MemberServiceTest, testInstance = kakao.valuetogether.service.MemberServiceTest@3c592c0c, testMethod = 닉네임이름전화번호로아이디찾기성공및예외@MemberServiceTest, testException = [null], mergedContextConfiguration = [WebMergedContextConfiguration@3d339541 testClass = MemberServiceTest, locations = '{}', classes = '{class kakao.valuetogether.ValuetogetherApplication}', contextInitializerClasses = '[]', activeProfiles = '{}', propertySourceLocations = '{}', propertySourceProperties = '{org.springframework.boot.test.context.SpringBootTestContextBootstrapper=true}', contextCustomizers = set[org.springframework.boot.test.autoconfigure.actuate.metrics.MetricsExportContextCustomizerFactory$DisableMetricExportContextCustomizer@75459c75, org.springframework.boot.test.autoconfigure.properties.PropertyMappingContextCustomizer@0, org.springframework.boot.test.autoconfigure.web.servlet.WebDriverContextCustomizerFactory$Customizer@d8305c2, org.springframework.boot.test.context.filter.ExcludeFilterContextCustomizer@531c311e, org.springframework.boot.test.json.DuplicateJsonObjectContextCustomizerFactory$DuplicateJsonObjectContextCustomizer@4b672daa, org.springframework.boot.test.mock.mockito.MockitoContextCustomizer@0, org.springframework.boot.test.web.client.TestRestTemplateContextCustomizer@354fc8f0, org.springframework.boot.test.context.SpringBootTestArgs@1, org.springframework.boot.test.context.SpringBootTestWebEnvironment@2f666ebb], resourceBasePath = 'src/main/webapp', contextLoader = 'org.springframework.boot.test.context.SpringBootContextLoader', parent = [null]], attributes = map['org.springframework.test.context.web.ServletTestExecutionListener.activateListener' -> true, 'org.springframework.test.context.web.ServletTestExecutionListener.populatedRequestContextHolder' -> true, 'org.springframework.test.context.web.ServletTestExecutionListener.resetRequestContextHolder' -> true, 'org.springframework.test.context.event.ApplicationEventsTestExecutionListener.recordApplicationEvents' -> false]]; transaction manager [org.springframework.orm.jpa.JpaTransactionManager@9d7a853]; rollback [true]
2022-08-03 16:47:31.756 DEBUG 32208 --- [    Test worker] org.hibernate.SQL                        : 
    insert 
    into
        member
        (member_address, member_birthday, member_email, member_gender, member_name, member_nickname, member_phone, member_pw) 
    values
        (?, ?, ?, ?, ?, ?, ?, ?)
2022-08-03 16:47:31.757 TRACE 32208 --- [    Test worker] o.h.type.descriptor.sql.BasicBinder      : binding parameter [1] as [VARCHAR] - [address]
2022-08-03 16:47:31.757 TRACE 32208 --- [    Test worker] o.h.type.descriptor.sql.BasicBinder      : binding parameter [2] as [VARCHAR] - [birthday]
2022-08-03 16:47:31.757 TRACE 32208 --- [    Test worker] o.h.type.descriptor.sql.BasicBinder      : binding parameter [3] as [VARCHAR] - [email8]
2022-08-03 16:47:31.757 TRACE 32208 --- [    Test worker] o.h.type.descriptor.sql.BasicBinder      : binding parameter [4] as [VARCHAR] - [gender]
2022-08-03 16:47:31.757 TRACE 32208 --- [    Test worker] o.h.type.descriptor.sql.BasicBinder      : binding parameter [5] as [VARCHAR] - [name]
2022-08-03 16:47:31.757 TRACE 32208 --- [    Test worker] o.h.type.descriptor.sql.BasicBinder      : binding parameter [6] as [VARCHAR] - [nickname]
2022-08-03 16:47:31.757 TRACE 32208 --- [    Test worker] o.h.type.descriptor.sql.BasicBinder      : binding parameter [7] as [VARCHAR] - [phone]
2022-08-03 16:47:31.757 TRACE 32208 --- [    Test worker] o.h.type.descriptor.sql.BasicBinder      : binding parameter [8] as [VARCHAR] - [pw]
2022-08-03 16:47:31.768 DEBUG 32208 --- [    Test worker] org.hibernate.SQL                        : 
    select
        member0_.member_id as member_i1_3_,
        member0_.member_address as member_a2_3_,
        member0_.member_birthday as member_b3_3_,
        member0_.member_email as member_e4_3_,
        member0_.member_gender as member_g5_3_,
        member0_.member_name as member_n6_3_,
        member0_.member_nickname as member_n7_3_,
        member0_.member_phone as member_p8_3_,
        member0_.member_pw as member_p9_3_ 
    from
        member member0_ 
    where
        (
            member0_.member_nickname=? 
            or member0_.member_name=?
        ) 
        and member0_.member_phone=?
2022-08-03 16:47:31.768 TRACE 32208 --- [    Test worker] o.h.type.descriptor.sql.BasicBinder      : binding parameter [1] as [VARCHAR] - [nickname]
2022-08-03 16:47:31.768 TRACE 32208 --- [    Test worker] o.h.type.descriptor.sql.BasicBinder      : binding parameter [2] as [VARCHAR] - [name]
2022-08-03 16:47:31.768 TRACE 32208 --- [    Test worker] o.h.type.descriptor.sql.BasicBinder      : binding parameter [3] as [VARCHAR] - [phone]
2022-08-03 16:47:31.777 TRACE 32208 --- [    Test worker] o.h.type.descriptor.sql.BasicExtractor   : extracted value ([member_i1_3_] : [BIGINT]) - [920]
2022-08-03 16:47:31.778 DEBUG 32208 --- [    Test worker] org.hibernate.SQL                        : 
    select
        member0_.member_id as member_i1_3_,
        member0_.member_address as member_a2_3_,
        member0_.member_birthday as member_b3_3_,
        member0_.member_email as member_e4_3_,
        member0_.member_gender as member_g5_3_,
        member0_.member_name as member_n6_3_,
        member0_.member_nickname as member_n7_3_,
        member0_.member_phone as member_p8_3_,
        member0_.member_pw as member_p9_3_ 
    from
        member member0_ 
    where
        (
            member0_.member_nickname=? 
            or member0_.member_name=?
        ) 
        and member0_.member_phone=?
2022-08-03 16:47:31.778 TRACE 32208 --- [    Test worker] o.h.type.descriptor.sql.BasicBinder      : binding parameter [1] as [VARCHAR] - [null]
2022-08-03 16:47:31.778 TRACE 32208 --- [    Test worker] o.h.type.descriptor.sql.BasicBinder      : binding parameter [2] as [VARCHAR] - [name]
2022-08-03 16:47:31.778 TRACE 32208 --- [    Test worker] o.h.type.descriptor.sql.BasicBinder      : binding parameter [3] as [VARCHAR] - [phone]
2022-08-03 16:47:31.789 TRACE 32208 --- [    Test worker] o.h.type.descriptor.sql.BasicExtractor   : extracted value ([member_i1_3_] : [BIGINT]) - [920]
2022-08-03 16:47:31.789 DEBUG 32208 --- [    Test worker] org.hibernate.SQL                        : 
    select
        member0_.member_id as member_i1_3_,
        member0_.member_address as member_a2_3_,
        member0_.member_birthday as member_b3_3_,
        member0_.member_email as member_e4_3_,
        member0_.member_gender as member_g5_3_,
        member0_.member_name as member_n6_3_,
        member0_.member_nickname as member_n7_3_,
        member0_.member_phone as member_p8_3_,
        member0_.member_pw as member_p9_3_ 
    from
        member member0_ 
    where
        (
            member0_.member_nickname=? 
            or member0_.member_name=?
        ) 
        and member0_.member_phone=?
2022-08-03 16:47:31.790 TRACE 32208 --- [    Test worker] o.h.type.descriptor.sql.BasicBinder      : binding parameter [1] as [VARCHAR] - [nickname]
2022-08-03 16:47:31.790 TRACE 32208 --- [    Test worker] o.h.type.descriptor.sql.BasicBinder      : binding parameter [2] as [VARCHAR] - [null]
2022-08-03 16:47:31.790 TRACE 32208 --- [    Test worker] o.h.type.descriptor.sql.BasicBinder      : binding parameter [3] as [VARCHAR] - [phone]
2022-08-03 16:47:31.799 TRACE 32208 --- [    Test worker] o.h.type.descriptor.sql.BasicExtractor   : extracted value ([member_i1_3_] : [BIGINT]) - [920]
2022-08-03 16:47:31.799 DEBUG 32208 --- [    Test worker] org.hibernate.SQL                        : 
    select
        member0_.member_id as member_i1_3_,
        member0_.member_address as member_a2_3_,
        member0_.member_birthday as member_b3_3_,
        member0_.member_email as member_e4_3_,
        member0_.member_gender as member_g5_3_,
        member0_.member_name as member_n6_3_,
        member0_.member_nickname as member_n7_3_,
        member0_.member_phone as member_p8_3_,
        member0_.member_pw as member_p9_3_ 
    from
        member member0_ 
    where
        (
            member0_.member_nickname=? 
            or member0_.member_name=?
        ) 
        and member0_.member_phone=?
2022-08-03 16:47:31.800 TRACE 32208 --- [    Test worker] o.h.type.descriptor.sql.BasicBinder      : binding parameter [1] as [VARCHAR] - [ㅁ]
2022-08-03 16:47:31.800 TRACE 32208 --- [    Test worker] o.h.type.descriptor.sql.BasicBinder      : binding parameter [2] as [VARCHAR] - [ㅁ]
2022-08-03 16:47:31.800 TRACE 32208 --- [    Test worker] o.h.type.descriptor.sql.BasicBinder      : binding parameter [3] as [VARCHAR] - [phone]
2022-08-03 16:47:31.831  INFO 32208 --- [    Test worker] o.s.t.c.transaction.TransactionContext   : Rolled back transaction for test: [DefaultTestContext@6810465 testClass = MemberServiceTest, testInstance = kakao.valuetogether.service.MemberServiceTest@3c592c0c, testMethod = 닉네임이름전화번호로아이디찾기성공및예외@MemberServiceTest, testException = [null], mergedContextConfiguration = [WebMergedContextConfiguration@3d339541 testClass = MemberServiceTest, locations = '{}', classes = '{class kakao.valuetogether.ValuetogetherApplication}', contextInitializerClasses = '[]', activeProfiles = '{}', propertySourceLocations = '{}', propertySourceProperties = '{org.springframework.boot.test.context.SpringBootTestContextBootstrapper=true}', contextCustomizers = set[org.springframework.boot.test.autoconfigure.actuate.metrics.MetricsExportContextCustomizerFactory$DisableMetricExportContextCustomizer@75459c75, org.springframework.boot.test.autoconfigure.properties.PropertyMappingContextCustomizer@0, org.springframework.boot.test.autoconfigure.web.servlet.WebDriverContextCustomizerFactory$Customizer@d8305c2, org.springframework.boot.test.context.filter.ExcludeFilterContextCustomizer@531c311e, org.springframework.boot.test.json.DuplicateJsonObjectContextCustomizerFactory$DuplicateJsonObjectContextCustomizer@4b672daa, org.springframework.boot.test.mock.mockito.MockitoContextCustomizer@0, org.springframework.boot.test.web.client.TestRestTemplateContextCustomizer@354fc8f0, org.springframework.boot.test.context.SpringBootTestArgs@1, org.springframework.boot.test.context.SpringBootTestWebEnvironment@2f666ebb], resourceBasePath = 'src/main/webapp', contextLoader = 'org.springframework.boot.test.context.SpringBootContextLoader', parent = [null]], attributes = map['org.springframework.test.context.web.ServletTestExecutionListener.activateListener' -> true, 'org.springframework.test.context.web.ServletTestExecutionListener.populatedRequestContextHolder' -> true, 'org.springframework.test.context.web.ServletTestExecutionListener.resetRequestContextHolder' -> true, 'org.springframework.test.context.event.ApplicationEventsTestExecutionListener.recordApplicationEvents' -> false]]
2022-08-03 16:47:31.841  INFO 32208 --- [    Test worker] o.s.t.c.transaction.TransactionContext   : Began transaction (1) for test context [DefaultTestContext@6810465 testClass = MemberServiceTest, testInstance = kakao.valuetogether.service.MemberServiceTest@393aac93, testMethod = 회원가입성공@MemberServiceTest, testException = [null], mergedContextConfiguration = [WebMergedContextConfiguration@3d339541 testClass = MemberServiceTest, locations = '{}', classes = '{class kakao.valuetogether.ValuetogetherApplication}', contextInitializerClasses = '[]', activeProfiles = '{}', propertySourceLocations = '{}', propertySourceProperties = '{org.springframework.boot.test.context.SpringBootTestContextBootstrapper=true}', contextCustomizers = set[org.springframework.boot.test.autoconfigure.actuate.metrics.MetricsExportContextCustomizerFactory$DisableMetricExportContextCustomizer@75459c75, org.springframework.boot.test.autoconfigure.properties.PropertyMappingContextCustomizer@0, org.springframework.boot.test.autoconfigure.web.servlet.WebDriverContextCustomizerFactory$Customizer@d8305c2, org.springframework.boot.test.context.filter.ExcludeFilterContextCustomizer@531c311e, org.springframework.boot.test.json.DuplicateJsonObjectContextCustomizerFactory$DuplicateJsonObjectContextCustomizer@4b672daa, org.springframework.boot.test.mock.mockito.MockitoContextCustomizer@0, org.springframework.boot.test.web.client.TestRestTemplateContextCustomizer@354fc8f0, org.springframework.boot.test.context.SpringBootTestArgs@1, org.springframework.boot.test.context.SpringBootTestWebEnvironment@2f666ebb], resourceBasePath = 'src/main/webapp', contextLoader = 'org.springframework.boot.test.context.SpringBootContextLoader', parent = [null]], attributes = map['org.springframework.test.context.web.ServletTestExecutionListener.activateListener' -> true, 'org.springframework.test.context.web.ServletTestExecutionListener.populatedRequestContextHolder' -> true, 'org.springframework.test.context.web.ServletTestExecutionListener.resetRequestContextHolder' -> true, 'org.springframework.test.context.event.ApplicationEventsTestExecutionListener.recordApplicationEvents' -> false]]; transaction manager [org.springframework.orm.jpa.JpaTransactionManager@9d7a853]; rollback [true]
2022-08-03 16:47:31.842 DEBUG 32208 --- [    Test worker] org.hibernate.SQL                        : 
    insert 
    into
        member
        (member_address, member_birthday, member_email, member_gender, member_name, member_nickname, member_phone, member_pw) 
    values
        (?, ?, ?, ?, ?, ?, ?, ?)
2022-08-03 16:47:31.843 TRACE 32208 --- [    Test worker] o.h.type.descriptor.sql.BasicBinder      : binding parameter [1] as [VARCHAR] - [address]
2022-08-03 16:47:31.843 TRACE 32208 --- [    Test worker] o.h.type.descriptor.sql.BasicBinder      : binding parameter [2] as [VARCHAR] - [birthday]
2022-08-03 16:47:31.843 TRACE 32208 --- [    Test worker] o.h.type.descriptor.sql.BasicBinder      : binding parameter [3] as [VARCHAR] - [email1]
2022-08-03 16:47:31.843 TRACE 32208 --- [    Test worker] o.h.type.descriptor.sql.BasicBinder      : binding parameter [4] as [VARCHAR] - [gender]
2022-08-03 16:47:31.843 TRACE 32208 --- [    Test worker] o.h.type.descriptor.sql.BasicBinder      : binding parameter [5] as [VARCHAR] - [name]
2022-08-03 16:47:31.843 TRACE 32208 --- [    Test worker] o.h.type.descriptor.sql.BasicBinder      : binding parameter [6] as [VARCHAR] - [nickname]
2022-08-03 16:47:31.843 TRACE 32208 --- [    Test worker] o.h.type.descriptor.sql.BasicBinder      : binding parameter [7] as [VARCHAR] - [phone]
2022-08-03 16:47:31.843 TRACE 32208 --- [    Test worker] o.h.type.descriptor.sql.BasicBinder      : binding parameter [8] as [VARCHAR] - [pw]
2022-08-03 16:47:31.852 DEBUG 32208 --- [    Test worker] org.hibernate.SQL                        : 
    insert 
    into
        member
        (member_address, member_birthday, member_email, member_gender, member_name, member_nickname, member_phone, member_pw) 
    values
        (?, ?, ?, ?, ?, ?, ?, ?)
2022-08-03 16:47:31.852 TRACE 32208 --- [    Test worker] o.h.type.descriptor.sql.BasicBinder      : binding parameter [1] as [VARCHAR] - [address]
2022-08-03 16:47:31.852 TRACE 32208 --- [    Test worker] o.h.type.descriptor.sql.BasicBinder      : binding parameter [2] as [VARCHAR] - [birthday]
2022-08-03 16:47:31.852 TRACE 32208 --- [    Test worker] o.h.type.descriptor.sql.BasicBinder      : binding parameter [3] as [VARCHAR] - [email2]
2022-08-03 16:47:31.852 TRACE 32208 --- [    Test worker] o.h.type.descriptor.sql.BasicBinder      : binding parameter [4] as [VARCHAR] - [gender]
2022-08-03 16:47:31.852 TRACE 32208 --- [    Test worker] o.h.type.descriptor.sql.BasicBinder      : binding parameter [5] as [VARCHAR] - [name]
2022-08-03 16:47:31.852 TRACE 32208 --- [    Test worker] o.h.type.descriptor.sql.BasicBinder      : binding parameter [6] as [VARCHAR] - [nickname]
2022-08-03 16:47:31.852 TRACE 32208 --- [    Test worker] o.h.type.descriptor.sql.BasicBinder      : binding parameter [7] as [VARCHAR] - [phone]
2022-08-03 16:47:31.852 TRACE 32208 --- [    Test worker] o.h.type.descriptor.sql.BasicBinder      : binding parameter [8] as [VARCHAR] - [pw]
2022-08-03 16:47:31.863 DEBUG 32208 --- [    Test worker] org.hibernate.SQL                        : 
    select
        member0_.member_id as member_i1_3_,
        member0_.member_address as member_a2_3_,
        member0_.member_birthday as member_b3_3_,
        member0_.member_email as member_e4_3_,
        member0_.member_gender as member_g5_3_,
        member0_.member_name as member_n6_3_,
        member0_.member_nickname as member_n7_3_,
        member0_.member_phone as member_p8_3_,
        member0_.member_pw as member_p9_3_ 
    from
        member member0_ 
    where
        member0_.member_email=?
2022-08-03 16:47:31.864 TRACE 32208 --- [    Test worker] o.h.type.descriptor.sql.BasicBinder      : binding parameter [1] as [VARCHAR] - [email3]
2022-08-03 16:47:31.875 DEBUG 32208 --- [    Test worker] org.hibernate.SQL                        : 
    insert 
    into
        member
        (member_address, member_birthday, member_email, member_gender, member_name, member_nickname, member_phone, member_pw) 
    values
        (?, ?, ?, ?, ?, ?, ?, ?)
2022-08-03 16:47:31.876 TRACE 32208 --- [    Test worker] o.h.type.descriptor.sql.BasicBinder      : binding parameter [1] as [VARCHAR] - [address]
2022-08-03 16:47:31.876 TRACE 32208 --- [    Test worker] o.h.type.descriptor.sql.BasicBinder      : binding parameter [2] as [VARCHAR] - [birthday]
2022-08-03 16:47:31.876 TRACE 32208 --- [    Test worker] o.h.type.descriptor.sql.BasicBinder      : binding parameter [3] as [VARCHAR] - [email3]
2022-08-03 16:47:31.876 TRACE 32208 --- [    Test worker] o.h.type.descriptor.sql.BasicBinder      : binding parameter [4] as [VARCHAR] - [gender]
2022-08-03 16:47:31.876 TRACE 32208 --- [    Test worker] o.h.type.descriptor.sql.BasicBinder      : binding parameter [5] as [VARCHAR] - [name]
2022-08-03 16:47:31.876 TRACE 32208 --- [    Test worker] o.h.type.descriptor.sql.BasicBinder      : binding parameter [6] as [VARCHAR] - [nickname]
2022-08-03 16:47:31.876 TRACE 32208 --- [    Test worker] o.h.type.descriptor.sql.BasicBinder      : binding parameter [7] as [VARCHAR] - [phone]
2022-08-03 16:47:31.876 TRACE 32208 --- [    Test worker] o.h.type.descriptor.sql.BasicBinder      : binding parameter [8] as [VARCHAR] - [pw]
2022-08-03 16:47:31.907  INFO 32208 --- [    Test worker] o.s.t.c.transaction.TransactionContext   : Rolled back transaction for test: [DefaultTestContext@6810465 testClass = MemberServiceTest, testInstance = kakao.valuetogether.service.MemberServiceTest@393aac93, testMethod = 회원가입성공@MemberServiceTest, testException = [null], mergedContextConfiguration = [WebMergedContextConfiguration@3d339541 testClass = MemberServiceTest, locations = '{}', classes = '{class kakao.valuetogether.ValuetogetherApplication}', contextInitializerClasses = '[]', activeProfiles = '{}', propertySourceLocations = '{}', propertySourceProperties = '{org.springframework.boot.test.context.SpringBootTestContextBootstrapper=true}', contextCustomizers = set[org.springframework.boot.test.autoconfigure.actuate.metrics.MetricsExportContextCustomizerFactory$DisableMetricExportContextCustomizer@75459c75, org.springframework.boot.test.autoconfigure.properties.PropertyMappingContextCustomizer@0, org.springframework.boot.test.autoconfigure.web.servlet.WebDriverContextCustomizerFactory$Customizer@d8305c2, org.springframework.boot.test.context.filter.ExcludeFilterContextCustomizer@531c311e, org.springframework.boot.test.json.DuplicateJsonObjectContextCustomizerFactory$DuplicateJsonObjectContextCustomizer@4b672daa, org.springframework.boot.test.mock.mockito.MockitoContextCustomizer@0, org.springframework.boot.test.web.client.TestRestTemplateContextCustomizer@354fc8f0, org.springframework.boot.test.context.SpringBootTestArgs@1, org.springframework.boot.test.context.SpringBootTestWebEnvironment@2f666ebb], resourceBasePath = 'src/main/webapp', contextLoader = 'org.springframework.boot.test.context.SpringBootContextLoader', parent = [null]], attributes = map['org.springframework.test.context.web.ServletTestExecutionListener.activateListener' -> true, 'org.springframework.test.context.web.ServletTestExecutionListener.populatedRequestContextHolder' -> true, 'org.springframework.test.context.web.ServletTestExecutionListener.resetRequestContextHolder' -> true, 'org.springframework.test.context.event.ApplicationEventsTestExecutionListener.recordApplicationEvents' -> false]]
2022-08-03 16:47:31.918  INFO 32208 --- [    Test worker] o.s.t.c.transaction.TransactionContext   : Began transaction (1) for test context [DefaultTestContext@6810465 testClass = MemberServiceTest, testInstance = kakao.valuetogether.service.MemberServiceTest@60052518, testMethod = 회원가입예외@MemberServiceTest, testException = [null], mergedContextConfiguration = [WebMergedContextConfiguration@3d339541 testClass = MemberServiceTest, locations = '{}', classes = '{class kakao.valuetogether.ValuetogetherApplication}', contextInitializerClasses = '[]', activeProfiles = '{}', propertySourceLocations = '{}', propertySourceProperties = '{org.springframework.boot.test.context.SpringBootTestContextBootstrapper=true}', contextCustomizers = set[org.springframework.boot.test.autoconfigure.actuate.metrics.MetricsExportContextCustomizerFactory$DisableMetricExportContextCustomizer@75459c75, org.springframework.boot.test.autoconfigure.properties.PropertyMappingContextCustomizer@0, org.springframework.boot.test.autoconfigure.web.servlet.WebDriverContextCustomizerFactory$Customizer@d8305c2, org.springframework.boot.test.context.filter.ExcludeFilterContextCustomizer@531c311e, org.springframework.boot.test.json.DuplicateJsonObjectContextCustomizerFactory$DuplicateJsonObjectContextCustomizer@4b672daa, org.springframework.boot.test.mock.mockito.MockitoContextCustomizer@0, org.springframework.boot.test.web.client.TestRestTemplateContextCustomizer@354fc8f0, org.springframework.boot.test.context.SpringBootTestArgs@1, org.springframework.boot.test.context.SpringBootTestWebEnvironment@2f666ebb], resourceBasePath = 'src/main/webapp', contextLoader = 'org.springframework.boot.test.context.SpringBootContextLoader', parent = [null]], attributes = map['org.springframework.test.context.web.ServletTestExecutionListener.activateListener' -> true, 'org.springframework.test.context.web.ServletTestExecutionListener.populatedRequestContextHolder' -> true, 'org.springframework.test.context.web.ServletTestExecutionListener.resetRequestContextHolder' -> true, 'org.springframework.test.context.event.ApplicationEventsTestExecutionListener.recordApplicationEvents' -> false]]; transaction manager [org.springframework.orm.jpa.JpaTransactionManager@9d7a853]; rollback [true]
2022-08-03 16:47:31.919 DEBUG 32208 --- [    Test worker] org.hibernate.SQL                        : 
    insert 
    into
        member
        (member_address, member_birthday, member_email, member_gender, member_name, member_nickname, member_phone, member_pw) 
    values
        (?, ?, ?, ?, ?, ?, ?, ?)
2022-08-03 16:47:31.920 TRACE 32208 --- [    Test worker] o.h.type.descriptor.sql.BasicBinder      : binding parameter [1] as [VARCHAR] - [address]
2022-08-03 16:47:31.920 TRACE 32208 --- [    Test worker] o.h.type.descriptor.sql.BasicBinder      : binding parameter [2] as [VARCHAR] - [birthday]
2022-08-03 16:47:31.920 TRACE 32208 --- [    Test worker] o.h.type.descriptor.sql.BasicBinder      : binding parameter [3] as [VARCHAR] - [email4]
2022-08-03 16:47:31.920 TRACE 32208 --- [    Test worker] o.h.type.descriptor.sql.BasicBinder      : binding parameter [4] as [VARCHAR] - [gender]
2022-08-03 16:47:31.920 TRACE 32208 --- [    Test worker] o.h.type.descriptor.sql.BasicBinder      : binding parameter [5] as [VARCHAR] - [name]
2022-08-03 16:47:31.920 TRACE 32208 --- [    Test worker] o.h.type.descriptor.sql.BasicBinder      : binding parameter [6] as [VARCHAR] - [nickname]
2022-08-03 16:47:31.920 TRACE 32208 --- [    Test worker] o.h.type.descriptor.sql.BasicBinder      : binding parameter [7] as [VARCHAR] - [phone]
2022-08-03 16:47:31.920 TRACE 32208 --- [    Test worker] o.h.type.descriptor.sql.BasicBinder      : binding parameter [8] as [VARCHAR] - [pw]
2022-08-03 16:47:31.929 DEBUG 32208 --- [    Test worker] org.hibernate.SQL                        : 
    insert 
    into
        member
        (member_address, member_birthday, member_email, member_gender, member_name, member_nickname, member_phone, member_pw) 
    values
        (?, ?, ?, ?, ?, ?, ?, ?)
2022-08-03 16:47:31.930 TRACE 32208 --- [    Test worker] o.h.type.descriptor.sql.BasicBinder      : binding parameter [1] as [VARCHAR] - [address]
2022-08-03 16:47:31.930 TRACE 32208 --- [    Test worker] o.h.type.descriptor.sql.BasicBinder      : binding parameter [2] as [VARCHAR] - [birthday]
2022-08-03 16:47:31.930 TRACE 32208 --- [    Test worker] o.h.type.descriptor.sql.BasicBinder      : binding parameter [3] as [VARCHAR] - [email5]
2022-08-03 16:47:31.930 TRACE 32208 --- [    Test worker] o.h.type.descriptor.sql.BasicBinder      : binding parameter [4] as [VARCHAR] - [gender]
2022-08-03 16:47:31.930 TRACE 32208 --- [    Test worker] o.h.type.descriptor.sql.BasicBinder      : binding parameter [5] as [VARCHAR] - [name]
2022-08-03 16:47:31.930 TRACE 32208 --- [    Test worker] o.h.type.descriptor.sql.BasicBinder      : binding parameter [6] as [VARCHAR] - [nickname]
2022-08-03 16:47:31.930 TRACE 32208 --- [    Test worker] o.h.type.descriptor.sql.BasicBinder      : binding parameter [7] as [VARCHAR] - [phone]
2022-08-03 16:47:31.930 TRACE 32208 --- [    Test worker] o.h.type.descriptor.sql.BasicBinder      : binding parameter [8] as [VARCHAR] - [pw]
2022-08-03 16:47:31.941 DEBUG 32208 --- [    Test worker] org.hibernate.SQL                        : 
    select
        member0_.member_id as member_i1_3_,
        member0_.member_address as member_a2_3_,
        member0_.member_birthday as member_b3_3_,
        member0_.member_email as member_e4_3_,
        member0_.member_gender as member_g5_3_,
        member0_.member_name as member_n6_3_,
        member0_.member_nickname as member_n7_3_,
        member0_.member_phone as member_p8_3_,
        member0_.member_pw as member_p9_3_ 
    from
        member member0_ 
    where
        member0_.member_email=?
2022-08-03 16:47:31.941 TRACE 32208 --- [    Test worker] o.h.type.descriptor.sql.BasicBinder      : binding parameter [1] as [VARCHAR] - [email5]
2022-08-03 16:47:31.952 TRACE 32208 --- [    Test worker] o.h.type.descriptor.sql.BasicExtractor   : extracted value ([member_i1_3_] : [BIGINT]) - [925]
2022-08-03 16:47:31.974  INFO 32208 --- [    Test worker] o.s.t.c.transaction.TransactionContext   : Rolled back transaction for test: [DefaultTestContext@6810465 testClass = MemberServiceTest, testInstance = kakao.valuetogether.service.MemberServiceTest@60052518, testMethod = 회원가입예외@MemberServiceTest, testException = [null], mergedContextConfiguration = [WebMergedContextConfiguration@3d339541 testClass = MemberServiceTest, locations = '{}', classes = '{class kakao.valuetogether.ValuetogetherApplication}', contextInitializerClasses = '[]', activeProfiles = '{}', propertySourceLocations = '{}', propertySourceProperties = '{org.springframework.boot.test.context.SpringBootTestContextBootstrapper=true}', contextCustomizers = set[org.springframework.boot.test.autoconfigure.actuate.metrics.MetricsExportContextCustomizerFactory$DisableMetricExportContextCustomizer@75459c75, org.springframework.boot.test.autoconfigure.properties.PropertyMappingContextCustomizer@0, org.springframework.boot.test.autoconfigure.web.servlet.WebDriverContextCustomizerFactory$Customizer@d8305c2, org.springframework.boot.test.context.filter.ExcludeFilterContextCustomizer@531c311e, org.springframework.boot.test.json.DuplicateJsonObjectContextCustomizerFactory$DuplicateJsonObjectContextCustomizer@4b672daa, org.springframework.boot.test.mock.mockito.MockitoContextCustomizer@0, org.springframework.boot.test.web.client.TestRestTemplateContextCustomizer@354fc8f0, org.springframework.boot.test.context.SpringBootTestArgs@1, org.springframework.boot.test.context.SpringBootTestWebEnvironment@2f666ebb], resourceBasePath = 'src/main/webapp', contextLoader = 'org.springframework.boot.test.context.SpringBootContextLoader', parent = [null]], attributes = map['org.springframework.test.context.web.ServletTestExecutionListener.activateListener' -> true, 'org.springframework.test.context.web.ServletTestExecutionListener.populatedRequestContextHolder' -> true, 'org.springframework.test.context.web.ServletTestExecutionListener.resetRequestContextHolder' -> true, 'org.springframework.test.context.event.ApplicationEventsTestExecutionListener.recordApplicationEvents' -> false]]
2022-08-03 16:47:31.988  INFO 32208 --- [    Test worker] o.s.t.c.transaction.TransactionContext   : Began transaction (1) for test context [DefaultTestContext@6810465 testClass = MemberServiceTest, testInstance = kakao.valuetogether.service.MemberServiceTest@7bfedff3, testMethod = 회원탈퇴@MemberServiceTest, testException = [null], mergedContextConfiguration = [WebMergedContextConfiguration@3d339541 testClass = MemberServiceTest, locations = '{}', classes = '{class kakao.valuetogether.ValuetogetherApplication}', contextInitializerClasses = '[]', activeProfiles = '{}', propertySourceLocations = '{}', propertySourceProperties = '{org.springframework.boot.test.context.SpringBootTestContextBootstrapper=true}', contextCustomizers = set[org.springframework.boot.test.autoconfigure.actuate.metrics.MetricsExportContextCustomizerFactory$DisableMetricExportContextCustomizer@75459c75, org.springframework.boot.test.autoconfigure.properties.PropertyMappingContextCustomizer@0, org.springframework.boot.test.autoconfigure.web.servlet.WebDriverContextCustomizerFactory$Customizer@d8305c2, org.springframework.boot.test.context.filter.ExcludeFilterContextCustomizer@531c311e, org.springframework.boot.test.json.DuplicateJsonObjectContextCustomizerFactory$DuplicateJsonObjectContextCustomizer@4b672daa, org.springframework.boot.test.mock.mockito.MockitoContextCustomizer@0, org.springframework.boot.test.web.client.TestRestTemplateContextCustomizer@354fc8f0, org.springframework.boot.test.context.SpringBootTestArgs@1, org.springframework.boot.test.context.SpringBootTestWebEnvironment@2f666ebb], resourceBasePath = 'src/main/webapp', contextLoader = 'org.springframework.boot.test.context.SpringBootContextLoader', parent = [null]], attributes = map['org.springframework.test.context.web.ServletTestExecutionListener.activateListener' -> true, 'org.springframework.test.context.web.ServletTestExecutionListener.populatedRequestContextHolder' -> true, 'org.springframework.test.context.web.ServletTestExecutionListener.resetRequestContextHolder' -> true, 'org.springframework.test.context.event.ApplicationEventsTestExecutionListener.recordApplicationEvents' -> false]]; transaction manager [org.springframework.orm.jpa.JpaTransactionManager@9d7a853]; rollback [true]
2022-08-03 16:47:31.989 DEBUG 32208 --- [    Test worker] org.hibernate.SQL                        : 
    insert 
    into
        member
        (member_address, member_birthday, member_email, member_gender, member_name, member_nickname, member_phone, member_pw) 
    values
        (?, ?, ?, ?, ?, ?, ?, ?)
2022-08-03 16:47:31.990 TRACE 32208 --- [    Test worker] o.h.type.descriptor.sql.BasicBinder      : binding parameter [1] as [VARCHAR] - [address]
2022-08-03 16:47:31.990 TRACE 32208 --- [    Test worker] o.h.type.descriptor.sql.BasicBinder      : binding parameter [2] as [VARCHAR] - [birthday]
2022-08-03 16:47:31.990 TRACE 32208 --- [    Test worker] o.h.type.descriptor.sql.BasicBinder      : binding parameter [3] as [VARCHAR] - [email12]
2022-08-03 16:47:31.990 TRACE 32208 --- [    Test worker] o.h.type.descriptor.sql.BasicBinder      : binding parameter [4] as [VARCHAR] - [gender]
2022-08-03 16:47:31.990 TRACE 32208 --- [    Test worker] o.h.type.descriptor.sql.BasicBinder      : binding parameter [5] as [VARCHAR] - [name]
2022-08-03 16:47:31.990 TRACE 32208 --- [    Test worker] o.h.type.descriptor.sql.BasicBinder      : binding parameter [6] as [VARCHAR] - [nickname]
2022-08-03 16:47:31.990 TRACE 32208 --- [    Test worker] o.h.type.descriptor.sql.BasicBinder      : binding parameter [7] as [VARCHAR] - [phone]
2022-08-03 16:47:31.990 TRACE 32208 --- [    Test worker] o.h.type.descriptor.sql.BasicBinder      : binding parameter [8] as [VARCHAR] - [pw]
2022-08-03 16:47:32.000 DEBUG 32208 --- [    Test worker] org.hibernate.SQL                        : 
    insert 
    into
        member
        (member_address, member_birthday, member_email, member_gender, member_name, member_nickname, member_phone, member_pw) 
    values
        (?, ?, ?, ?, ?, ?, ?, ?)
2022-08-03 16:47:32.001 TRACE 32208 --- [    Test worker] o.h.type.descriptor.sql.BasicBinder      : binding parameter [1] as [VARCHAR] - [address]
2022-08-03 16:47:32.001 TRACE 32208 --- [    Test worker] o.h.type.descriptor.sql.BasicBinder      : binding parameter [2] as [VARCHAR] - [birthday]
2022-08-03 16:47:32.001 TRACE 32208 --- [    Test worker] o.h.type.descriptor.sql.BasicBinder      : binding parameter [3] as [VARCHAR] - [email13]
2022-08-03 16:47:32.001 TRACE 32208 --- [    Test worker] o.h.type.descriptor.sql.BasicBinder      : binding parameter [4] as [VARCHAR] - [gender]
2022-08-03 16:47:32.001 TRACE 32208 --- [    Test worker] o.h.type.descriptor.sql.BasicBinder      : binding parameter [5] as [VARCHAR] - [name]
2022-08-03 16:47:32.001 TRACE 32208 --- [    Test worker] o.h.type.descriptor.sql.BasicBinder      : binding parameter [6] as [VARCHAR] - [nickname]
2022-08-03 16:47:32.001 TRACE 32208 --- [    Test worker] o.h.type.descriptor.sql.BasicBinder      : binding parameter [7] as [VARCHAR] - [phone]
2022-08-03 16:47:32.001 TRACE 32208 --- [    Test worker] o.h.type.descriptor.sql.BasicBinder      : binding parameter [8] as [VARCHAR] - [pw]
2022-08-03 16:47:32.038  INFO 32208 --- [    Test worker] o.s.t.c.transaction.TransactionContext   : Rolled back transaction for test: [DefaultTestContext@6810465 testClass = MemberServiceTest, testInstance = kakao.valuetogether.service.MemberServiceTest@7bfedff3, testMethod = 회원탈퇴@MemberServiceTest, testException = [null], mergedContextConfiguration = [WebMergedContextConfiguration@3d339541 testClass = MemberServiceTest, locations = '{}', classes = '{class kakao.valuetogether.ValuetogetherApplication}', contextInitializerClasses = '[]', activeProfiles = '{}', propertySourceLocations = '{}', propertySourceProperties = '{org.springframework.boot.test.context.SpringBootTestContextBootstrapper=true}', contextCustomizers = set[org.springframework.boot.test.autoconfigure.actuate.metrics.MetricsExportContextCustomizerFactory$DisableMetricExportContextCustomizer@75459c75, org.springframework.boot.test.autoconfigure.properties.PropertyMappingContextCustomizer@0, org.springframework.boot.test.autoconfigure.web.servlet.WebDriverContextCustomizerFactory$Customizer@d8305c2, org.springframework.boot.test.context.filter.ExcludeFilterContextCustomizer@531c311e, org.springframework.boot.test.json.DuplicateJsonObjectContextCustomizerFactory$DuplicateJsonObjectContextCustomizer@4b672daa, org.springframework.boot.test.mock.mockito.MockitoContextCustomizer@0, org.springframework.boot.test.web.client.TestRestTemplateContextCustomizer@354fc8f0, org.springframework.boot.test.context.SpringBootTestArgs@1, org.springframework.boot.test.context.SpringBootTestWebEnvironment@2f666ebb], resourceBasePath = 'src/main/webapp', contextLoader = 'org.springframework.boot.test.context.SpringBootContextLoader', parent = [null]], attributes = map['org.springframework.test.context.web.ServletTestExecutionListener.activateListener' -> true, 'org.springframework.test.context.web.ServletTestExecutionListener.populatedRequestContextHolder' -> true, 'org.springframework.test.context.web.ServletTestExecutionListener.resetRequestContextHolder' -> true, 'org.springframework.test.context.event.ApplicationEventsTestExecutionListener.recordApplicationEvents' -> false]]
]]></system-out>
  <system-err><![CDATA[]]></system-err>
</testsuite>
