<?xml version="1.0" encoding="UTF-8"?>
<testsuite name="kakao.valuetogether.repository.TTTRepositoryTest" tests="1" skipped="0" failures="0" errors="0" timestamp="2022-08-05T00:42:37" hostname="DESKTOP-8DQF55R" time="0.037">
  <properties/>
  <testcase name="주제대상태그저장하기" classname="kakao.valuetogether.repository.TTTRepositoryTest" time="0.037"/>
  <system-out><![CDATA[2022-08-05 09:42:37.676  INFO 31248 --- [    Test worker] o.s.t.c.transaction.TransactionContext   : Began transaction (1) for test context [DefaultTestContext@457547a1 testClass = TTTRepositoryTest, testInstance = kakao.valuetogether.repository.TTTRepositoryTest@795ce9b5, testMethod = 주제대상태그저장하기@TTTRepositoryTest, testException = [null], mergedContextConfiguration = [WebMergedContextConfiguration@280cb0b4 testClass = TTTRepositoryTest, locations = '{}', classes = '{class kakao.valuetogether.ValuetogetherApplication}', contextInitializerClasses = '[]', activeProfiles = '{}', propertySourceLocations = '{}', propertySourceProperties = '{org.springframework.boot.test.context.SpringBootTestContextBootstrapper=true}', contextCustomizers = set[org.springframework.boot.test.autoconfigure.actuate.metrics.MetricsExportContextCustomizerFactory$DisableMetricExportContextCustomizer@129b4fe2, org.springframework.boot.test.autoconfigure.properties.PropertyMappingContextCustomizer@0, org.springframework.boot.test.autoconfigure.web.servlet.WebDriverContextCustomizerFactory$Customizer@60dce7ea, org.springframework.boot.test.context.filter.ExcludeFilterContextCustomizer@1ef3efa8, org.springframework.boot.test.json.DuplicateJsonObjectContextCustomizerFactory$DuplicateJsonObjectContextCustomizer@5c3b6c6e, org.springframework.boot.test.mock.mockito.MockitoContextCustomizer@0, org.springframework.boot.test.web.client.TestRestTemplateContextCustomizer@14c01636, org.springframework.boot.test.context.SpringBootTestArgs@1, org.springframework.boot.test.context.SpringBootTestWebEnvironment@34b9f960], resourceBasePath = 'src/main/webapp', contextLoader = 'org.springframework.boot.test.context.SpringBootContextLoader', parent = [null]], attributes = map['org.springframework.test.context.web.ServletTestExecutionListener.activateListener' -> true, 'org.springframework.test.context.web.ServletTestExecutionListener.populatedRequestContextHolder' -> true, 'org.springframework.test.context.web.ServletTestExecutionListener.resetRequestContextHolder' -> true, 'org.springframework.test.context.event.ApplicationEventsTestExecutionListener.recordApplicationEvents' -> false]]; transaction manager [org.springframework.orm.jpa.JpaTransactionManager@a1be5cb]; rollback [true]
2022-08-05 09:42:37.683 DEBUG 31248 --- [    Test worker] org.hibernate.SQL                        : 
    insert 
    into
        tag
        (tag_id, tag_name) 
    values
        (default, ?)
Hibernate: 
    insert 
    into
        tag
        (tag_id, tag_name) 
    values
        (default, ?)
2022-08-05 09:42:37.684 TRACE 31248 --- [    Test worker] o.h.type.descriptor.sql.BasicBinder      : binding parameter [1] as [VARCHAR] - [어려운이웃]
2022-08-05 09:42:37.686 DEBUG 31248 --- [    Test worker] org.hibernate.SQL                        : 
    insert 
    into
        tag
        (tag_id, tag_name) 
    values
        (default, ?)
Hibernate: 
    insert 
    into
        tag
        (tag_id, tag_name) 
    values
        (default, ?)
2022-08-05 09:42:37.687 TRACE 31248 --- [    Test worker] o.h.type.descriptor.sql.BasicBinder      : binding parameter [1] as [VARCHAR] - [행복한노후]
2022-08-05 09:42:37.689 DEBUG 31248 --- [    Test worker] org.hibernate.SQL                        : 
    insert 
    into
        tag
        (tag_id, tag_name) 
    values
        (default, ?)
Hibernate: 
    insert 
    into
        tag
        (tag_id, tag_name) 
    values
        (default, ?)
2022-08-05 09:42:37.689 TRACE 31248 --- [    Test worker] o.h.type.descriptor.sql.BasicBinder      : binding parameter [1] as [VARCHAR] - [여성인권]
2022-08-05 09:42:37.691 DEBUG 31248 --- [    Test worker] org.hibernate.SQL                        : 
    insert 
    into
        tag
        (tag_id, tag_name) 
    values
        (default, ?)
Hibernate: 
    insert 
    into
        tag
        (tag_id, tag_name) 
    values
        (default, ?)
2022-08-05 09:42:37.692 TRACE 31248 --- [    Test worker] o.h.type.descriptor.sql.BasicBinder      : binding parameter [1] as [VARCHAR] - [심리상담]
2022-08-05 09:42:37.693 DEBUG 31248 --- [    Test worker] org.hibernate.SQL                        : 
    insert 
    into
        tag
        (tag_id, tag_name) 
    values
        (default, ?)
Hibernate: 
    insert 
    into
        tag
        (tag_id, tag_name) 
    values
        (default, ?)
2022-08-05 09:42:37.694 TRACE 31248 --- [    Test worker] o.h.type.descriptor.sql.BasicBinder      : binding parameter [1] as [VARCHAR] - [환경교육]
2022-08-05 09:42:37.696 DEBUG 31248 --- [    Test worker] org.hibernate.SQL                        : 
    insert 
    into
        tag
        (tag_id, tag_name) 
    values
        (default, ?)
Hibernate: 
    insert 
    into
        tag
        (tag_id, tag_name) 
    values
        (default, ?)
2022-08-05 09:42:37.697 TRACE 31248 --- [    Test worker] o.h.type.descriptor.sql.BasicBinder      : binding parameter [1] as [VARCHAR] - [학대아동지원]
2022-08-05 09:42:37.698 DEBUG 31248 --- [    Test worker] org.hibernate.SQL                        : 
    insert 
    into
        tag
        (tag_id, tag_name) 
    values
        (default, ?)
Hibernate: 
    insert 
    into
        tag
        (tag_id, tag_name) 
    values
        (default, ?)
2022-08-05 09:42:37.699 TRACE 31248 --- [    Test worker] o.h.type.descriptor.sql.BasicBinder      : binding parameter [1] as [VARCHAR] - [환경을위한실천]
2022-08-05 09:42:37.700 DEBUG 31248 --- [    Test worker] org.hibernate.SQL                        : 
    insert 
    into
        tag
        (tag_id, tag_name) 
    values
        (default, ?)
Hibernate: 
    insert 
    into
        tag
        (tag_id, tag_name) 
    values
        (default, ?)
2022-08-05 09:42:37.700 TRACE 31248 --- [    Test worker] o.h.type.descriptor.sql.BasicBinder      : binding parameter [1] as [VARCHAR] - [우크라이나긴급모금]
2022-08-05 09:42:37.701 DEBUG 31248 --- [    Test worker] org.hibernate.SQL                        : 
    insert 
    into
        tag
        (tag_id, tag_name) 
    values
        (default, ?)
Hibernate: 
    insert 
    into
        tag
        (tag_id, tag_name) 
    values
        (default, ?)
2022-08-05 09:42:37.701 TRACE 31248 --- [    Test worker] o.h.type.descriptor.sql.BasicBinder      : binding parameter [1] as [VARCHAR] - [세상을바꾸는여성]
2022-08-05 09:42:37.702 DEBUG 31248 --- [    Test worker] org.hibernate.SQL                        : 
    insert 
    into
        tag
        (tag_id, tag_name) 
    values
        (default, ?)
Hibernate: 
    insert 
    into
        tag
        (tag_id, tag_name) 
    values
        (default, ?)
2022-08-05 09:42:37.703 TRACE 31248 --- [    Test worker] o.h.type.descriptor.sql.BasicBinder      : binding parameter [1] as [VARCHAR] - [언택트프로젝트]
2022-08-05 09:42:37.710  INFO 31248 --- [    Test worker] o.s.t.c.transaction.TransactionContext   : Rolled back transaction for test: [DefaultTestContext@457547a1 testClass = TTTRepositoryTest, testInstance = kakao.valuetogether.repository.TTTRepositoryTest@795ce9b5, testMethod = 주제대상태그저장하기@TTTRepositoryTest, testException = [null], mergedContextConfiguration = [WebMergedContextConfiguration@280cb0b4 testClass = TTTRepositoryTest, locations = '{}', classes = '{class kakao.valuetogether.ValuetogetherApplication}', contextInitializerClasses = '[]', activeProfiles = '{}', propertySourceLocations = '{}', propertySourceProperties = '{org.springframework.boot.test.context.SpringBootTestContextBootstrapper=true}', contextCustomizers = set[org.springframework.boot.test.autoconfigure.actuate.metrics.MetricsExportContextCustomizerFactory$DisableMetricExportContextCustomizer@129b4fe2, org.springframework.boot.test.autoconfigure.properties.PropertyMappingContextCustomizer@0, org.springframework.boot.test.autoconfigure.web.servlet.WebDriverContextCustomizerFactory$Customizer@60dce7ea, org.springframework.boot.test.context.filter.ExcludeFilterContextCustomizer@1ef3efa8, org.springframework.boot.test.json.DuplicateJsonObjectContextCustomizerFactory$DuplicateJsonObjectContextCustomizer@5c3b6c6e, org.springframework.boot.test.mock.mockito.MockitoContextCustomizer@0, org.springframework.boot.test.web.client.TestRestTemplateContextCustomizer@14c01636, org.springframework.boot.test.context.SpringBootTestArgs@1, org.springframework.boot.test.context.SpringBootTestWebEnvironment@34b9f960], resourceBasePath = 'src/main/webapp', contextLoader = 'org.springframework.boot.test.context.SpringBootContextLoader', parent = [null]], attributes = map['org.springframework.test.context.web.ServletTestExecutionListener.activateListener' -> true, 'org.springframework.test.context.web.ServletTestExecutionListener.populatedRequestContextHolder' -> true, 'org.springframework.test.context.web.ServletTestExecutionListener.resetRequestContextHolder' -> true, 'org.springframework.test.context.event.ApplicationEventsTestExecutionListener.recordApplicationEvents' -> false]]
]]></system-out>
  <system-err><![CDATA[]]></system-err>
</testsuite>
