<?xml version="1.0" encoding="UTF-8"?>
<testsuite name="kakao.valuetogether.repository.DonationRepositoryTest" tests="6" skipped="0" failures="0" errors="0" timestamp="2022-08-05T00:42:36" hostname="DESKTOP-8DQF55R" time="0.183">
  <properties/>
  <testcase name="saveAndFindByPost()" classname="kakao.valuetogether.repository.DonationRepositoryTest" time="0.058"/>
  <testcase name="donateCheer()" classname="kakao.valuetogether.repository.DonationRepositoryTest" time="0.022"/>
  <testcase name="donateShare()" classname="kakao.valuetogether.repository.DonationRepositoryTest" time="0.02"/>
  <testcase name="donateComment()" classname="kakao.valuetogether.repository.DonationRepositoryTest" time="0.021"/>
  <testcase name="donateDirect()" classname="kakao.valuetogether.repository.DonationRepositoryTest" time="0.034"/>
  <testcase name="saveAndFindByMember()" classname="kakao.valuetogether.repository.DonationRepositoryTest" time="0.021"/>
  <system-out><![CDATA[2022-08-05 09:42:36.976  INFO 31248 --- [    Test worker] .b.t.c.SpringBootTestContextBootstrapper : Neither @ContextConfiguration nor @ContextHierarchy found for test class [kakao.valuetogether.repository.DonationRepositoryTest], using SpringBootContextLoader
2022-08-05 09:42:36.977  INFO 31248 --- [    Test worker] o.s.t.c.support.AbstractContextLoader    : Could not detect default resource locations for test class [kakao.valuetogether.repository.DonationRepositoryTest]: no resource found for suffixes {-context.xml, Context.groovy}.
2022-08-05 09:42:36.978  INFO 31248 --- [    Test worker] t.c.s.AnnotationConfigContextLoaderUtils : Could not detect default configuration classes for test class [kakao.valuetogether.repository.DonationRepositoryTest]: DonationRepositoryTest does not declare any static, non-private, non-final, nested classes annotated with @Configuration.
2022-08-05 09:42:36.981  INFO 31248 --- [    Test worker] .b.t.c.SpringBootTestContextBootstrapper : Found @SpringBootConfiguration kakao.valuetogether.ValuetogetherApplication for test class kakao.valuetogether.repository.DonationRepositoryTest
2022-08-05 09:42:36.983  INFO 31248 --- [    Test worker] .b.t.c.SpringBootTestContextBootstrapper : Loaded default TestExecutionListener class names from location [META-INF/spring.factories]: [org.springframework.boot.test.autoconfigure.restdocs.RestDocsTestExecutionListener, org.springframework.boot.test.autoconfigure.web.client.MockRestServiceServerResetTestExecutionListener, org.springframework.boot.test.autoconfigure.web.servlet.MockMvcPrintOnlyOnFailureTestExecutionListener, org.springframework.boot.test.autoconfigure.web.servlet.WebDriverTestExecutionListener, org.springframework.boot.test.autoconfigure.webservices.client.MockWebServiceServerTestExecutionListener, org.springframework.boot.test.mock.mockito.MockitoTestExecutionListener, org.springframework.boot.test.mock.mockito.ResetMocksTestExecutionListener, org.springframework.test.context.web.ServletTestExecutionListener, org.springframework.test.context.support.DirtiesContextBeforeModesTestExecutionListener, org.springframework.test.context.event.ApplicationEventsTestExecutionListener, org.springframework.test.context.support.DependencyInjectionTestExecutionListener, org.springframework.test.context.support.DirtiesContextTestExecutionListener, org.springframework.test.context.transaction.TransactionalTestExecutionListener, org.springframework.test.context.jdbc.SqlScriptsTestExecutionListener, org.springframework.test.context.event.EventPublishingTestExecutionListener]
2022-08-05 09:42:36.983  INFO 31248 --- [    Test worker] .b.t.c.SpringBootTestContextBootstrapper : Using TestExecutionListeners: [org.springframework.test.context.web.ServletTestExecutionListener@d41518b, org.springframework.test.context.support.DirtiesContextBeforeModesTestExecutionListener@4708acc6, org.springframework.test.context.event.ApplicationEventsTestExecutionListener@59cc46a4, org.springframework.boot.test.mock.mockito.MockitoTestExecutionListener@750448fb, org.springframework.boot.test.autoconfigure.SpringBootDependencyInjectionTestExecutionListener@724e82d9, org.springframework.test.context.support.DirtiesContextTestExecutionListener@70a26eca, org.springframework.test.context.transaction.TransactionalTestExecutionListener@4b60ff1c, org.springframework.test.context.jdbc.SqlScriptsTestExecutionListener@1c74251b, org.springframework.test.context.event.EventPublishingTestExecutionListener@1aaa3406, org.springframework.boot.test.autoconfigure.restdocs.RestDocsTestExecutionListener@791dcda7, org.springframework.boot.test.autoconfigure.web.client.MockRestServiceServerResetTestExecutionListener@35c95587, org.springframework.boot.test.autoconfigure.web.servlet.MockMvcPrintOnlyOnFailureTestExecutionListener@828e2d8, org.springframework.boot.test.autoconfigure.web.servlet.WebDriverTestExecutionListener@43e9eddf, org.springframework.boot.test.autoconfigure.webservices.client.MockWebServiceServerTestExecutionListener@548e70f0, org.springframework.boot.test.mock.mockito.ResetMocksTestExecutionListener@2b14628b]
2022-08-05 09:42:36.988  INFO 31248 --- [    Test worker] o.s.t.c.transaction.TransactionContext   : Began transaction (1) for test context [DefaultTestContext@47483211 testClass = DonationRepositoryTest, testInstance = kakao.valuetogether.repository.DonationRepositoryTest@8ba7408, testMethod = saveAndFindByPost@DonationRepositoryTest, testException = [null], mergedContextConfiguration = [WebMergedContextConfiguration@17616c07 testClass = DonationRepositoryTest, locations = '{}', classes = '{class kakao.valuetogether.ValuetogetherApplication}', contextInitializerClasses = '[]', activeProfiles = '{}', propertySourceLocations = '{}', propertySourceProperties = '{org.springframework.boot.test.context.SpringBootTestContextBootstrapper=true}', contextCustomizers = set[org.springframework.boot.test.autoconfigure.actuate.metrics.MetricsExportContextCustomizerFactory$DisableMetricExportContextCustomizer@129b4fe2, org.springframework.boot.test.autoconfigure.properties.PropertyMappingContextCustomizer@0, org.springframework.boot.test.autoconfigure.web.servlet.WebDriverContextCustomizerFactory$Customizer@60dce7ea, org.springframework.boot.test.context.filter.ExcludeFilterContextCustomizer@1ef3efa8, org.springframework.boot.test.json.DuplicateJsonObjectContextCustomizerFactory$DuplicateJsonObjectContextCustomizer@5c3b6c6e, org.springframework.boot.test.mock.mockito.MockitoContextCustomizer@0, org.springframework.boot.test.web.client.TestRestTemplateContextCustomizer@14c01636, org.springframework.boot.test.context.SpringBootTestArgs@1, org.springframework.boot.test.context.SpringBootTestWebEnvironment@34b9f960], resourceBasePath = 'src/main/webapp', contextLoader = 'org.springframework.boot.test.context.SpringBootContextLoader', parent = [null]], attributes = map['org.springframework.test.context.web.ServletTestExecutionListener.activateListener' -> true, 'org.springframework.test.context.web.ServletTestExecutionListener.populatedRequestContextHolder' -> true, 'org.springframework.test.context.web.ServletTestExecutionListener.resetRequestContextHolder' -> true, 'org.springframework.test.context.event.ApplicationEventsTestExecutionListener.recordApplicationEvents' -> false]]; transaction manager [org.springframework.orm.jpa.JpaTransactionManager@a1be5cb]; rollback [true]
2022-08-05 09:42:36.990 DEBUG 31248 --- [    Test worker] org.hibernate.SQL                        : 
    insert 
    into
        member
        (member_id, member_address, member_birthday, member_email, member_gender, member_name, member_nickname, member_phone, member_pw) 
    values
        (default, ?, ?, ?, ?, ?, ?, ?, ?)
Hibernate: 
    insert 
    into
        member
        (member_id, member_address, member_birthday, member_email, member_gender, member_name, member_nickname, member_phone, member_pw) 
    values
        (default, ?, ?, ?, ?, ?, ?, ?, ?)
2022-08-05 09:42:36.991 TRACE 31248 --- [    Test worker] o.h.type.descriptor.sql.BasicBinder      : binding parameter [1] as [VARCHAR] - [asdfasd]
2022-08-05 09:42:36.991 TRACE 31248 --- [    Test worker] o.h.type.descriptor.sql.BasicBinder      : binding parameter [2] as [VARCHAR] - [asdf]
2022-08-05 09:42:36.991 TRACE 31248 --- [    Test worker] o.h.type.descriptor.sql.BasicBinder      : binding parameter [3] as [VARCHAR] - [email]
2022-08-05 09:42:36.991 TRACE 31248 --- [    Test worker] o.h.type.descriptor.sql.BasicBinder      : binding parameter [4] as [VARCHAR] - [asdf]
2022-08-05 09:42:36.991 TRACE 31248 --- [    Test worker] o.h.type.descriptor.sql.BasicBinder      : binding parameter [5] as [VARCHAR] - [name]
2022-08-05 09:42:36.991 TRACE 31248 --- [    Test worker] o.h.type.descriptor.sql.BasicBinder      : binding parameter [6] as [VARCHAR] - [asfsa]
2022-08-05 09:42:36.991 TRACE 31248 --- [    Test worker] o.h.type.descriptor.sql.BasicBinder      : binding parameter [7] as [VARCHAR] - [111]
2022-08-05 09:42:36.991 TRACE 31248 --- [    Test worker] o.h.type.descriptor.sql.BasicBinder      : binding parameter [8] as [VARCHAR] - [pw]
2022-08-05 09:42:36.994 DEBUG 31248 --- [    Test worker] org.hibernate.SQL                        : 
    insert 
    into
        post
        (post_id, article, end_date, image, is_confirm, member_id, start_date, sub_title, target, target_amount, title, topic) 
    values
        (default, ?, ?, ?, ?, ?, ?, ?, ?, ?, ?, ?)
Hibernate: 
    insert 
    into
        post
        (post_id, article, end_date, image, is_confirm, member_id, start_date, sub_title, target, target_amount, title, topic) 
    values
        (default, ?, ?, ?, ?, ?, ?, ?, ?, ?, ?, ?)
2022-08-05 09:42:36.996 TRACE 31248 --- [    Test worker] o.h.type.descriptor.sql.BasicBinder      : binding parameter [1] as [VARCHAR] - [article]
2022-08-05 09:42:36.996 TRACE 31248 --- [    Test worker] o.h.type.descriptor.sql.BasicBinder      : binding parameter [2] as [TIMESTAMP] - [2022-08-05 09:42:36.9938542]
2022-08-05 09:42:36.996 TRACE 31248 --- [    Test worker] o.h.type.descriptor.sql.BasicBinder      : binding parameter [3] as [VARCHAR] - [static/image]
2022-08-05 09:42:36.996 TRACE 31248 --- [    Test worker] o.h.type.descriptor.sql.BasicBinder      : binding parameter [4] as [BOOLEAN] - [false]
2022-08-05 09:42:36.996 TRACE 31248 --- [    Test worker] o.h.type.descriptor.sql.BasicBinder      : binding parameter [5] as [BIGINT] - [10]
2022-08-05 09:42:36.996 TRACE 31248 --- [    Test worker] o.h.type.descriptor.sql.BasicBinder      : binding parameter [6] as [TIMESTAMP] - [2022-08-05 09:42:36.9938542]
2022-08-05 09:42:36.996 TRACE 31248 --- [    Test worker] o.h.type.descriptor.sql.BasicBinder      : binding parameter [7] as [VARCHAR] - [subTitle]
2022-08-05 09:42:36.996 TRACE 31248 --- [    Test worker] o.h.type.descriptor.sql.BasicBinder      : binding parameter [8] as [VARCHAR] - [실버세대]
2022-08-05 09:42:36.996 TRACE 31248 --- [    Test worker] o.h.type.descriptor.sql.BasicBinder      : binding parameter [9] as [INTEGER] - [100000]
2022-08-05 09:42:36.996 TRACE 31248 --- [    Test worker] o.h.type.descriptor.sql.BasicBinder      : binding parameter [10] as [VARCHAR] - [title]
2022-08-05 09:42:36.996 TRACE 31248 --- [    Test worker] o.h.type.descriptor.sql.BasicBinder      : binding parameter [11] as [VARCHAR] - [건강한삶]
2022-08-05 09:42:37.020 DEBUG 31248 --- [    Test worker] org.hibernate.SQL                        : 
    insert 
    into
        donation
        (cheer_donation, comment_donation, direct_donation, share_donation, count_cheer_donation, count_comment_donation, count_direct_donation, count_share_donation, post_id, member_id) 
    values
        (?, ?, ?, ?, ?, ?, ?, ?, ?, ?)
Hibernate: 
    insert 
    into
        donation
        (cheer_donation, comment_donation, direct_donation, share_donation, count_cheer_donation, count_comment_donation, count_direct_donation, count_share_donation, post_id, member_id) 
    values
        (?, ?, ?, ?, ?, ?, ?, ?, ?, ?)
2022-08-05 09:42:37.021 TRACE 31248 --- [    Test worker] o.h.type.descriptor.sql.BasicBinder      : binding parameter [1] as [INTEGER] - [0]
2022-08-05 09:42:37.021 TRACE 31248 --- [    Test worker] o.h.type.descriptor.sql.BasicBinder      : binding parameter [2] as [INTEGER] - [0]
2022-08-05 09:42:37.021 TRACE 31248 --- [    Test worker] o.h.type.descriptor.sql.BasicBinder      : binding parameter [3] as [INTEGER] - [0]
2022-08-05 09:42:37.021 TRACE 31248 --- [    Test worker] o.h.type.descriptor.sql.BasicBinder      : binding parameter [4] as [INTEGER] - [0]
2022-08-05 09:42:37.021 TRACE 31248 --- [    Test worker] o.h.type.descriptor.sql.BasicBinder      : binding parameter [5] as [INTEGER] - [0]
2022-08-05 09:42:37.021 TRACE 31248 --- [    Test worker] o.h.type.descriptor.sql.BasicBinder      : binding parameter [6] as [INTEGER] - [0]
2022-08-05 09:42:37.021 TRACE 31248 --- [    Test worker] o.h.type.descriptor.sql.BasicBinder      : binding parameter [7] as [INTEGER] - [0]
2022-08-05 09:42:37.021 TRACE 31248 --- [    Test worker] o.h.type.descriptor.sql.BasicBinder      : binding parameter [8] as [INTEGER] - [0]
2022-08-05 09:42:37.021 TRACE 31248 --- [    Test worker] o.h.type.descriptor.sql.BasicBinder      : binding parameter [9] as [BIGINT] - [10]
2022-08-05 09:42:37.022 TRACE 31248 --- [    Test worker] o.h.type.descriptor.sql.BasicBinder      : binding parameter [10] as [BIGINT] - [10]
2022-08-05 09:42:37.029 DEBUG 31248 --- [    Test worker] org.hibernate.SQL                        : 
    select
        donation0_.post_id as post_id10_1_,
        donation0_.member_id as member_i9_1_,
        donation0_.cheer_donation as cheer_do1_1_,
        donation0_.comment_donation as comment_2_1_,
        donation0_.direct_donation as direct_d3_1_,
        donation0_.share_donation as share_do4_1_,
        donation0_.count_cheer_donation as count_ch5_1_,
        donation0_.count_comment_donation as count_co6_1_,
        donation0_.count_direct_donation as count_di7_1_,
        donation0_.count_share_donation as count_sh8_1_ 
    from
        donation donation0_ 
    where
        donation0_.member_id=?
Hibernate: 
    select
        donation0_.post_id as post_id10_1_,
        donation0_.member_id as member_i9_1_,
        donation0_.cheer_donation as cheer_do1_1_,
        donation0_.comment_donation as comment_2_1_,
        donation0_.direct_donation as direct_d3_1_,
        donation0_.share_donation as share_do4_1_,
        donation0_.count_cheer_donation as count_ch5_1_,
        donation0_.count_comment_donation as count_co6_1_,
        donation0_.count_direct_donation as count_di7_1_,
        donation0_.count_share_donation as count_sh8_1_ 
    from
        donation donation0_ 
    where
        donation0_.member_id=?
2022-08-05 09:42:37.030 TRACE 31248 --- [    Test worker] o.h.type.descriptor.sql.BasicBinder      : binding parameter [1] as [BIGINT] - [10]
2022-08-05 09:42:37.032 TRACE 31248 --- [    Test worker] o.h.type.descriptor.sql.BasicExtractor   : extracted value ([post_id10_1_] : [BIGINT]) - [10]
2022-08-05 09:42:37.032 TRACE 31248 --- [    Test worker] o.h.type.descriptor.sql.BasicExtractor   : extracted value ([member_i9_1_] : [BIGINT]) - [10]
2022-08-05 09:42:37.037 DEBUG 31248 --- [    Test worker] org.hibernate.SQL                        : 
    select
        donation0_.post_id as post_id10_1_,
        donation0_.member_id as member_i9_1_,
        donation0_.cheer_donation as cheer_do1_1_,
        donation0_.comment_donation as comment_2_1_,
        donation0_.direct_donation as direct_d3_1_,
        donation0_.share_donation as share_do4_1_,
        donation0_.count_cheer_donation as count_ch5_1_,
        donation0_.count_comment_donation as count_co6_1_,
        donation0_.count_direct_donation as count_di7_1_,
        donation0_.count_share_donation as count_sh8_1_ 
    from
        donation donation0_ 
    where
        donation0_.post_id=?
Hibernate: 
    select
        donation0_.post_id as post_id10_1_,
        donation0_.member_id as member_i9_1_,
        donation0_.cheer_donation as cheer_do1_1_,
        donation0_.comment_donation as comment_2_1_,
        donation0_.direct_donation as direct_d3_1_,
        donation0_.share_donation as share_do4_1_,
        donation0_.count_cheer_donation as count_ch5_1_,
        donation0_.count_comment_donation as count_co6_1_,
        donation0_.count_direct_donation as count_di7_1_,
        donation0_.count_share_donation as count_sh8_1_ 
    from
        donation donation0_ 
    where
        donation0_.post_id=?
2022-08-05 09:42:37.038 TRACE 31248 --- [    Test worker] o.h.type.descriptor.sql.BasicBinder      : binding parameter [1] as [BIGINT] - [10]
2022-08-05 09:42:37.039 TRACE 31248 --- [    Test worker] o.h.type.descriptor.sql.BasicExtractor   : extracted value ([post_id10_1_] : [BIGINT]) - [10]
2022-08-05 09:42:37.039 TRACE 31248 --- [    Test worker] o.h.type.descriptor.sql.BasicExtractor   : extracted value ([member_i9_1_] : [BIGINT]) - [10]
2022-08-05 09:42:37.045  INFO 31248 --- [    Test worker] o.s.t.c.transaction.TransactionContext   : Rolled back transaction for test: [DefaultTestContext@47483211 testClass = DonationRepositoryTest, testInstance = kakao.valuetogether.repository.DonationRepositoryTest@8ba7408, testMethod = saveAndFindByPost@DonationRepositoryTest, testException = [null], mergedContextConfiguration = [WebMergedContextConfiguration@17616c07 testClass = DonationRepositoryTest, locations = '{}', classes = '{class kakao.valuetogether.ValuetogetherApplication}', contextInitializerClasses = '[]', activeProfiles = '{}', propertySourceLocations = '{}', propertySourceProperties = '{org.springframework.boot.test.context.SpringBootTestContextBootstrapper=true}', contextCustomizers = set[org.springframework.boot.test.autoconfigure.actuate.metrics.MetricsExportContextCustomizerFactory$DisableMetricExportContextCustomizer@129b4fe2, org.springframework.boot.test.autoconfigure.properties.PropertyMappingContextCustomizer@0, org.springframework.boot.test.autoconfigure.web.servlet.WebDriverContextCustomizerFactory$Customizer@60dce7ea, org.springframework.boot.test.context.filter.ExcludeFilterContextCustomizer@1ef3efa8, org.springframework.boot.test.json.DuplicateJsonObjectContextCustomizerFactory$DuplicateJsonObjectContextCustomizer@5c3b6c6e, org.springframework.boot.test.mock.mockito.MockitoContextCustomizer@0, org.springframework.boot.test.web.client.TestRestTemplateContextCustomizer@14c01636, org.springframework.boot.test.context.SpringBootTestArgs@1, org.springframework.boot.test.context.SpringBootTestWebEnvironment@34b9f960], resourceBasePath = 'src/main/webapp', contextLoader = 'org.springframework.boot.test.context.SpringBootContextLoader', parent = [null]], attributes = map['org.springframework.test.context.web.ServletTestExecutionListener.activateListener' -> true, 'org.springframework.test.context.web.ServletTestExecutionListener.populatedRequestContextHolder' -> true, 'org.springframework.test.context.web.ServletTestExecutionListener.resetRequestContextHolder' -> true, 'org.springframework.test.context.event.ApplicationEventsTestExecutionListener.recordApplicationEvents' -> false]]
2022-08-05 09:42:37.048  INFO 31248 --- [    Test worker] o.s.t.c.transaction.TransactionContext   : Began transaction (1) for test context [DefaultTestContext@47483211 testClass = DonationRepositoryTest, testInstance = kakao.valuetogether.repository.DonationRepositoryTest@27b9d5b7, testMethod = donateCheer@DonationRepositoryTest, testException = [null], mergedContextConfiguration = [WebMergedContextConfiguration@17616c07 testClass = DonationRepositoryTest, locations = '{}', classes = '{class kakao.valuetogether.ValuetogetherApplication}', contextInitializerClasses = '[]', activeProfiles = '{}', propertySourceLocations = '{}', propertySourceProperties = '{org.springframework.boot.test.context.SpringBootTestContextBootstrapper=true}', contextCustomizers = set[org.springframework.boot.test.autoconfigure.actuate.metrics.MetricsExportContextCustomizerFactory$DisableMetricExportContextCustomizer@129b4fe2, org.springframework.boot.test.autoconfigure.properties.PropertyMappingContextCustomizer@0, org.springframework.boot.test.autoconfigure.web.servlet.WebDriverContextCustomizerFactory$Customizer@60dce7ea, org.springframework.boot.test.context.filter.ExcludeFilterContextCustomizer@1ef3efa8, org.springframework.boot.test.json.DuplicateJsonObjectContextCustomizerFactory$DuplicateJsonObjectContextCustomizer@5c3b6c6e, org.springframework.boot.test.mock.mockito.MockitoContextCustomizer@0, org.springframework.boot.test.web.client.TestRestTemplateContextCustomizer@14c01636, org.springframework.boot.test.context.SpringBootTestArgs@1, org.springframework.boot.test.context.SpringBootTestWebEnvironment@34b9f960], resourceBasePath = 'src/main/webapp', contextLoader = 'org.springframework.boot.test.context.SpringBootContextLoader', parent = [null]], attributes = map['org.springframework.test.context.web.ServletTestExecutionListener.activateListener' -> true, 'org.springframework.test.context.web.ServletTestExecutionListener.populatedRequestContextHolder' -> true, 'org.springframework.test.context.web.ServletTestExecutionListener.resetRequestContextHolder' -> true, 'org.springframework.test.context.event.ApplicationEventsTestExecutionListener.recordApplicationEvents' -> false]]; transaction manager [org.springframework.orm.jpa.JpaTransactionManager@a1be5cb]; rollback [true]
2022-08-05 09:42:37.050 DEBUG 31248 --- [    Test worker] org.hibernate.SQL                        : 
    insert 
    into
        member
        (member_id, member_address, member_birthday, member_email, member_gender, member_name, member_nickname, member_phone, member_pw) 
    values
        (default, ?, ?, ?, ?, ?, ?, ?, ?)
Hibernate: 
    insert 
    into
        member
        (member_id, member_address, member_birthday, member_email, member_gender, member_name, member_nickname, member_phone, member_pw) 
    values
        (default, ?, ?, ?, ?, ?, ?, ?, ?)
2022-08-05 09:42:37.051 TRACE 31248 --- [    Test worker] o.h.type.descriptor.sql.BasicBinder      : binding parameter [1] as [VARCHAR] - [asdfasd]
2022-08-05 09:42:37.051 TRACE 31248 --- [    Test worker] o.h.type.descriptor.sql.BasicBinder      : binding parameter [2] as [VARCHAR] - [asdf]
2022-08-05 09:42:37.051 TRACE 31248 --- [    Test worker] o.h.type.descriptor.sql.BasicBinder      : binding parameter [3] as [VARCHAR] - [email]
2022-08-05 09:42:37.051 TRACE 31248 --- [    Test worker] o.h.type.descriptor.sql.BasicBinder      : binding parameter [4] as [VARCHAR] - [asdf]
2022-08-05 09:42:37.051 TRACE 31248 --- [    Test worker] o.h.type.descriptor.sql.BasicBinder      : binding parameter [5] as [VARCHAR] - [name]
2022-08-05 09:42:37.051 TRACE 31248 --- [    Test worker] o.h.type.descriptor.sql.BasicBinder      : binding parameter [6] as [VARCHAR] - [asfsa]
2022-08-05 09:42:37.051 TRACE 31248 --- [    Test worker] o.h.type.descriptor.sql.BasicBinder      : binding parameter [7] as [VARCHAR] - [111]
2022-08-05 09:42:37.051 TRACE 31248 --- [    Test worker] o.h.type.descriptor.sql.BasicBinder      : binding parameter [8] as [VARCHAR] - [pw]
2022-08-05 09:42:37.053 DEBUG 31248 --- [    Test worker] org.hibernate.SQL                        : 
    insert 
    into
        post
        (post_id, article, end_date, image, is_confirm, member_id, start_date, sub_title, target, target_amount, title, topic) 
    values
        (default, ?, ?, ?, ?, ?, ?, ?, ?, ?, ?, ?)
Hibernate: 
    insert 
    into
        post
        (post_id, article, end_date, image, is_confirm, member_id, start_date, sub_title, target, target_amount, title, topic) 
    values
        (default, ?, ?, ?, ?, ?, ?, ?, ?, ?, ?, ?)
2022-08-05 09:42:37.054 TRACE 31248 --- [    Test worker] o.h.type.descriptor.sql.BasicBinder      : binding parameter [1] as [VARCHAR] - [article]
2022-08-05 09:42:37.054 TRACE 31248 --- [    Test worker] o.h.type.descriptor.sql.BasicBinder      : binding parameter [2] as [TIMESTAMP] - [2022-08-05 09:42:37.0523922]
2022-08-05 09:42:37.054 TRACE 31248 --- [    Test worker] o.h.type.descriptor.sql.BasicBinder      : binding parameter [3] as [VARCHAR] - [static/image]
2022-08-05 09:42:37.054 TRACE 31248 --- [    Test worker] o.h.type.descriptor.sql.BasicBinder      : binding parameter [4] as [BOOLEAN] - [false]
2022-08-05 09:42:37.054 TRACE 31248 --- [    Test worker] o.h.type.descriptor.sql.BasicBinder      : binding parameter [5] as [BIGINT] - [11]
2022-08-05 09:42:37.054 TRACE 31248 --- [    Test worker] o.h.type.descriptor.sql.BasicBinder      : binding parameter [6] as [TIMESTAMP] - [2022-08-05 09:42:37.0523922]
2022-08-05 09:42:37.054 TRACE 31248 --- [    Test worker] o.h.type.descriptor.sql.BasicBinder      : binding parameter [7] as [VARCHAR] - [subTitle]
2022-08-05 09:42:37.054 TRACE 31248 --- [    Test worker] o.h.type.descriptor.sql.BasicBinder      : binding parameter [8] as [VARCHAR] - [실버세대]
2022-08-05 09:42:37.054 TRACE 31248 --- [    Test worker] o.h.type.descriptor.sql.BasicBinder      : binding parameter [9] as [INTEGER] - [100000]
2022-08-05 09:42:37.054 TRACE 31248 --- [    Test worker] o.h.type.descriptor.sql.BasicBinder      : binding parameter [10] as [VARCHAR] - [title]
2022-08-05 09:42:37.054 TRACE 31248 --- [    Test worker] o.h.type.descriptor.sql.BasicBinder      : binding parameter [11] as [VARCHAR] - [건강한삶]
2022-08-05 09:42:37.056 DEBUG 31248 --- [    Test worker] org.hibernate.SQL                        : 
    insert 
    into
        donation
        (cheer_donation, comment_donation, direct_donation, share_donation, count_cheer_donation, count_comment_donation, count_direct_donation, count_share_donation, post_id, member_id) 
    values
        (?, ?, ?, ?, ?, ?, ?, ?, ?, ?)
Hibernate: 
    insert 
    into
        donation
        (cheer_donation, comment_donation, direct_donation, share_donation, count_cheer_donation, count_comment_donation, count_direct_donation, count_share_donation, post_id, member_id) 
    values
        (?, ?, ?, ?, ?, ?, ?, ?, ?, ?)
2022-08-05 09:42:37.057 TRACE 31248 --- [    Test worker] o.h.type.descriptor.sql.BasicBinder      : binding parameter [1] as [INTEGER] - [0]
2022-08-05 09:42:37.057 TRACE 31248 --- [    Test worker] o.h.type.descriptor.sql.BasicBinder      : binding parameter [2] as [INTEGER] - [0]
2022-08-05 09:42:37.057 TRACE 31248 --- [    Test worker] o.h.type.descriptor.sql.BasicBinder      : binding parameter [3] as [INTEGER] - [0]
2022-08-05 09:42:37.057 TRACE 31248 --- [    Test worker] o.h.type.descriptor.sql.BasicBinder      : binding parameter [4] as [INTEGER] - [0]
2022-08-05 09:42:37.057 TRACE 31248 --- [    Test worker] o.h.type.descriptor.sql.BasicBinder      : binding parameter [5] as [INTEGER] - [0]
2022-08-05 09:42:37.057 TRACE 31248 --- [    Test worker] o.h.type.descriptor.sql.BasicBinder      : binding parameter [6] as [INTEGER] - [0]
2022-08-05 09:42:37.057 TRACE 31248 --- [    Test worker] o.h.type.descriptor.sql.BasicBinder      : binding parameter [7] as [INTEGER] - [0]
2022-08-05 09:42:37.057 TRACE 31248 --- [    Test worker] o.h.type.descriptor.sql.BasicBinder      : binding parameter [8] as [INTEGER] - [0]
2022-08-05 09:42:37.057 TRACE 31248 --- [    Test worker] o.h.type.descriptor.sql.BasicBinder      : binding parameter [9] as [BIGINT] - [11]
2022-08-05 09:42:37.058 TRACE 31248 --- [    Test worker] o.h.type.descriptor.sql.BasicBinder      : binding parameter [10] as [BIGINT] - [11]
2022-08-05 09:42:37.059 DEBUG 31248 --- [    Test worker] org.hibernate.SQL                        : 
    select
        donation0_.post_id as post_id10_1_,
        donation0_.member_id as member_i9_1_,
        donation0_.cheer_donation as cheer_do1_1_,
        donation0_.comment_donation as comment_2_1_,
        donation0_.direct_donation as direct_d3_1_,
        donation0_.share_donation as share_do4_1_,
        donation0_.count_cheer_donation as count_ch5_1_,
        donation0_.count_comment_donation as count_co6_1_,
        donation0_.count_direct_donation as count_di7_1_,
        donation0_.count_share_donation as count_sh8_1_ 
    from
        donation donation0_ 
    where
        donation0_.member_id=?
Hibernate: 
    select
        donation0_.post_id as post_id10_1_,
        donation0_.member_id as member_i9_1_,
        donation0_.cheer_donation as cheer_do1_1_,
        donation0_.comment_donation as comment_2_1_,
        donation0_.direct_donation as direct_d3_1_,
        donation0_.share_donation as share_do4_1_,
        donation0_.count_cheer_donation as count_ch5_1_,
        donation0_.count_comment_donation as count_co6_1_,
        donation0_.count_direct_donation as count_di7_1_,
        donation0_.count_share_donation as count_sh8_1_ 
    from
        donation donation0_ 
    where
        donation0_.member_id=?
2022-08-05 09:42:37.060 TRACE 31248 --- [    Test worker] o.h.type.descriptor.sql.BasicBinder      : binding parameter [1] as [BIGINT] - [11]
2022-08-05 09:42:37.061 TRACE 31248 --- [    Test worker] o.h.type.descriptor.sql.BasicExtractor   : extracted value ([post_id10_1_] : [BIGINT]) - [11]
2022-08-05 09:42:37.062 TRACE 31248 --- [    Test worker] o.h.type.descriptor.sql.BasicExtractor   : extracted value ([member_i9_1_] : [BIGINT]) - [11]
2022-08-05 09:42:37.067  INFO 31248 --- [    Test worker] o.s.t.c.transaction.TransactionContext   : Rolled back transaction for test: [DefaultTestContext@47483211 testClass = DonationRepositoryTest, testInstance = kakao.valuetogether.repository.DonationRepositoryTest@27b9d5b7, testMethod = donateCheer@DonationRepositoryTest, testException = [null], mergedContextConfiguration = [WebMergedContextConfiguration@17616c07 testClass = DonationRepositoryTest, locations = '{}', classes = '{class kakao.valuetogether.ValuetogetherApplication}', contextInitializerClasses = '[]', activeProfiles = '{}', propertySourceLocations = '{}', propertySourceProperties = '{org.springframework.boot.test.context.SpringBootTestContextBootstrapper=true}', contextCustomizers = set[org.springframework.boot.test.autoconfigure.actuate.metrics.MetricsExportContextCustomizerFactory$DisableMetricExportContextCustomizer@129b4fe2, org.springframework.boot.test.autoconfigure.properties.PropertyMappingContextCustomizer@0, org.springframework.boot.test.autoconfigure.web.servlet.WebDriverContextCustomizerFactory$Customizer@60dce7ea, org.springframework.boot.test.context.filter.ExcludeFilterContextCustomizer@1ef3efa8, org.springframework.boot.test.json.DuplicateJsonObjectContextCustomizerFactory$DuplicateJsonObjectContextCustomizer@5c3b6c6e, org.springframework.boot.test.mock.mockito.MockitoContextCustomizer@0, org.springframework.boot.test.web.client.TestRestTemplateContextCustomizer@14c01636, org.springframework.boot.test.context.SpringBootTestArgs@1, org.springframework.boot.test.context.SpringBootTestWebEnvironment@34b9f960], resourceBasePath = 'src/main/webapp', contextLoader = 'org.springframework.boot.test.context.SpringBootContextLoader', parent = [null]], attributes = map['org.springframework.test.context.web.ServletTestExecutionListener.activateListener' -> true, 'org.springframework.test.context.web.ServletTestExecutionListener.populatedRequestContextHolder' -> true, 'org.springframework.test.context.web.ServletTestExecutionListener.resetRequestContextHolder' -> true, 'org.springframework.test.context.event.ApplicationEventsTestExecutionListener.recordApplicationEvents' -> false]]
2022-08-05 09:42:37.070  INFO 31248 --- [    Test worker] o.s.t.c.transaction.TransactionContext   : Began transaction (1) for test context [DefaultTestContext@47483211 testClass = DonationRepositoryTest, testInstance = kakao.valuetogether.repository.DonationRepositoryTest@2fc7c36a, testMethod = donateShare@DonationRepositoryTest, testException = [null], mergedContextConfiguration = [WebMergedContextConfiguration@17616c07 testClass = DonationRepositoryTest, locations = '{}', classes = '{class kakao.valuetogether.ValuetogetherApplication}', contextInitializerClasses = '[]', activeProfiles = '{}', propertySourceLocations = '{}', propertySourceProperties = '{org.springframework.boot.test.context.SpringBootTestContextBootstrapper=true}', contextCustomizers = set[org.springframework.boot.test.autoconfigure.actuate.metrics.MetricsExportContextCustomizerFactory$DisableMetricExportContextCustomizer@129b4fe2, org.springframework.boot.test.autoconfigure.properties.PropertyMappingContextCustomizer@0, org.springframework.boot.test.autoconfigure.web.servlet.WebDriverContextCustomizerFactory$Customizer@60dce7ea, org.springframework.boot.test.context.filter.ExcludeFilterContextCustomizer@1ef3efa8, org.springframework.boot.test.json.DuplicateJsonObjectContextCustomizerFactory$DuplicateJsonObjectContextCustomizer@5c3b6c6e, org.springframework.boot.test.mock.mockito.MockitoContextCustomizer@0, org.springframework.boot.test.web.client.TestRestTemplateContextCustomizer@14c01636, org.springframework.boot.test.context.SpringBootTestArgs@1, org.springframework.boot.test.context.SpringBootTestWebEnvironment@34b9f960], resourceBasePath = 'src/main/webapp', contextLoader = 'org.springframework.boot.test.context.SpringBootContextLoader', parent = [null]], attributes = map['org.springframework.test.context.web.ServletTestExecutionListener.activateListener' -> true, 'org.springframework.test.context.web.ServletTestExecutionListener.populatedRequestContextHolder' -> true, 'org.springframework.test.context.web.ServletTestExecutionListener.resetRequestContextHolder' -> true, 'org.springframework.test.context.event.ApplicationEventsTestExecutionListener.recordApplicationEvents' -> false]]; transaction manager [org.springframework.orm.jpa.JpaTransactionManager@a1be5cb]; rollback [true]
2022-08-05 09:42:37.073 DEBUG 31248 --- [    Test worker] org.hibernate.SQL                        : 
    insert 
    into
        member
        (member_id, member_address, member_birthday, member_email, member_gender, member_name, member_nickname, member_phone, member_pw) 
    values
        (default, ?, ?, ?, ?, ?, ?, ?, ?)
Hibernate: 
    insert 
    into
        member
        (member_id, member_address, member_birthday, member_email, member_gender, member_name, member_nickname, member_phone, member_pw) 
    values
        (default, ?, ?, ?, ?, ?, ?, ?, ?)
2022-08-05 09:42:37.074 TRACE 31248 --- [    Test worker] o.h.type.descriptor.sql.BasicBinder      : binding parameter [1] as [VARCHAR] - [asdfasd]
2022-08-05 09:42:37.074 TRACE 31248 --- [    Test worker] o.h.type.descriptor.sql.BasicBinder      : binding parameter [2] as [VARCHAR] - [asdf]
2022-08-05 09:42:37.074 TRACE 31248 --- [    Test worker] o.h.type.descriptor.sql.BasicBinder      : binding parameter [3] as [VARCHAR] - [email]
2022-08-05 09:42:37.074 TRACE 31248 --- [    Test worker] o.h.type.descriptor.sql.BasicBinder      : binding parameter [4] as [VARCHAR] - [asdf]
2022-08-05 09:42:37.074 TRACE 31248 --- [    Test worker] o.h.type.descriptor.sql.BasicBinder      : binding parameter [5] as [VARCHAR] - [name]
2022-08-05 09:42:37.074 TRACE 31248 --- [    Test worker] o.h.type.descriptor.sql.BasicBinder      : binding parameter [6] as [VARCHAR] - [asfsa]
2022-08-05 09:42:37.074 TRACE 31248 --- [    Test worker] o.h.type.descriptor.sql.BasicBinder      : binding parameter [7] as [VARCHAR] - [111]
2022-08-05 09:42:37.074 TRACE 31248 --- [    Test worker] o.h.type.descriptor.sql.BasicBinder      : binding parameter [8] as [VARCHAR] - [pw]
2022-08-05 09:42:37.076 DEBUG 31248 --- [    Test worker] org.hibernate.SQL                        : 
    insert 
    into
        post
        (post_id, article, end_date, image, is_confirm, member_id, start_date, sub_title, target, target_amount, title, topic) 
    values
        (default, ?, ?, ?, ?, ?, ?, ?, ?, ?, ?, ?)
Hibernate: 
    insert 
    into
        post
        (post_id, article, end_date, image, is_confirm, member_id, start_date, sub_title, target, target_amount, title, topic) 
    values
        (default, ?, ?, ?, ?, ?, ?, ?, ?, ?, ?, ?)
2022-08-05 09:42:37.077 TRACE 31248 --- [    Test worker] o.h.type.descriptor.sql.BasicBinder      : binding parameter [1] as [VARCHAR] - [article]
2022-08-05 09:42:37.077 TRACE 31248 --- [    Test worker] o.h.type.descriptor.sql.BasicBinder      : binding parameter [2] as [TIMESTAMP] - [2022-08-05 09:42:37.0756055]
2022-08-05 09:42:37.077 TRACE 31248 --- [    Test worker] o.h.type.descriptor.sql.BasicBinder      : binding parameter [3] as [VARCHAR] - [static/image]
2022-08-05 09:42:37.077 TRACE 31248 --- [    Test worker] o.h.type.descriptor.sql.BasicBinder      : binding parameter [4] as [BOOLEAN] - [false]
2022-08-05 09:42:37.077 TRACE 31248 --- [    Test worker] o.h.type.descriptor.sql.BasicBinder      : binding parameter [5] as [BIGINT] - [12]
2022-08-05 09:42:37.077 TRACE 31248 --- [    Test worker] o.h.type.descriptor.sql.BasicBinder      : binding parameter [6] as [TIMESTAMP] - [2022-08-05 09:42:37.0756055]
2022-08-05 09:42:37.077 TRACE 31248 --- [    Test worker] o.h.type.descriptor.sql.BasicBinder      : binding parameter [7] as [VARCHAR] - [subTitle]
2022-08-05 09:42:37.077 TRACE 31248 --- [    Test worker] o.h.type.descriptor.sql.BasicBinder      : binding parameter [8] as [VARCHAR] - [실버세대]
2022-08-05 09:42:37.077 TRACE 31248 --- [    Test worker] o.h.type.descriptor.sql.BasicBinder      : binding parameter [9] as [INTEGER] - [100000]
2022-08-05 09:42:37.077 TRACE 31248 --- [    Test worker] o.h.type.descriptor.sql.BasicBinder      : binding parameter [10] as [VARCHAR] - [title]
2022-08-05 09:42:37.077 TRACE 31248 --- [    Test worker] o.h.type.descriptor.sql.BasicBinder      : binding parameter [11] as [VARCHAR] - [건강한삶]
2022-08-05 09:42:37.080 DEBUG 31248 --- [    Test worker] org.hibernate.SQL                        : 
    insert 
    into
        donation
        (cheer_donation, comment_donation, direct_donation, share_donation, count_cheer_donation, count_comment_donation, count_direct_donation, count_share_donation, post_id, member_id) 
    values
        (?, ?, ?, ?, ?, ?, ?, ?, ?, ?)
Hibernate: 
    insert 
    into
        donation
        (cheer_donation, comment_donation, direct_donation, share_donation, count_cheer_donation, count_comment_donation, count_direct_donation, count_share_donation, post_id, member_id) 
    values
        (?, ?, ?, ?, ?, ?, ?, ?, ?, ?)
2022-08-05 09:42:37.080 TRACE 31248 --- [    Test worker] o.h.type.descriptor.sql.BasicBinder      : binding parameter [1] as [INTEGER] - [0]
2022-08-05 09:42:37.081 TRACE 31248 --- [    Test worker] o.h.type.descriptor.sql.BasicBinder      : binding parameter [2] as [INTEGER] - [0]
2022-08-05 09:42:37.081 TRACE 31248 --- [    Test worker] o.h.type.descriptor.sql.BasicBinder      : binding parameter [3] as [INTEGER] - [0]
2022-08-05 09:42:37.081 TRACE 31248 --- [    Test worker] o.h.type.descriptor.sql.BasicBinder      : binding parameter [4] as [INTEGER] - [0]
2022-08-05 09:42:37.081 TRACE 31248 --- [    Test worker] o.h.type.descriptor.sql.BasicBinder      : binding parameter [5] as [INTEGER] - [0]
2022-08-05 09:42:37.081 TRACE 31248 --- [    Test worker] o.h.type.descriptor.sql.BasicBinder      : binding parameter [6] as [INTEGER] - [0]
2022-08-05 09:42:37.081 TRACE 31248 --- [    Test worker] o.h.type.descriptor.sql.BasicBinder      : binding parameter [7] as [INTEGER] - [0]
2022-08-05 09:42:37.081 TRACE 31248 --- [    Test worker] o.h.type.descriptor.sql.BasicBinder      : binding parameter [8] as [INTEGER] - [0]
2022-08-05 09:42:37.081 TRACE 31248 --- [    Test worker] o.h.type.descriptor.sql.BasicBinder      : binding parameter [9] as [BIGINT] - [12]
2022-08-05 09:42:37.081 TRACE 31248 --- [    Test worker] o.h.type.descriptor.sql.BasicBinder      : binding parameter [10] as [BIGINT] - [12]
2022-08-05 09:42:37.082 DEBUG 31248 --- [    Test worker] org.hibernate.SQL                        : 
    select
        donation0_.post_id as post_id10_1_,
        donation0_.member_id as member_i9_1_,
        donation0_.cheer_donation as cheer_do1_1_,
        donation0_.comment_donation as comment_2_1_,
        donation0_.direct_donation as direct_d3_1_,
        donation0_.share_donation as share_do4_1_,
        donation0_.count_cheer_donation as count_ch5_1_,
        donation0_.count_comment_donation as count_co6_1_,
        donation0_.count_direct_donation as count_di7_1_,
        donation0_.count_share_donation as count_sh8_1_ 
    from
        donation donation0_ 
    where
        donation0_.member_id=?
Hibernate: 
    select
        donation0_.post_id as post_id10_1_,
        donation0_.member_id as member_i9_1_,
        donation0_.cheer_donation as cheer_do1_1_,
        donation0_.comment_donation as comment_2_1_,
        donation0_.direct_donation as direct_d3_1_,
        donation0_.share_donation as share_do4_1_,
        donation0_.count_cheer_donation as count_ch5_1_,
        donation0_.count_comment_donation as count_co6_1_,
        donation0_.count_direct_donation as count_di7_1_,
        donation0_.count_share_donation as count_sh8_1_ 
    from
        donation donation0_ 
    where
        donation0_.member_id=?
2022-08-05 09:42:37.083 TRACE 31248 --- [    Test worker] o.h.type.descriptor.sql.BasicBinder      : binding parameter [1] as [BIGINT] - [12]
2022-08-05 09:42:37.084 TRACE 31248 --- [    Test worker] o.h.type.descriptor.sql.BasicExtractor   : extracted value ([post_id10_1_] : [BIGINT]) - [12]
2022-08-05 09:42:37.084 TRACE 31248 --- [    Test worker] o.h.type.descriptor.sql.BasicExtractor   : extracted value ([member_i9_1_] : [BIGINT]) - [12]
2022-08-05 09:42:37.089  INFO 31248 --- [    Test worker] o.s.t.c.transaction.TransactionContext   : Rolled back transaction for test: [DefaultTestContext@47483211 testClass = DonationRepositoryTest, testInstance = kakao.valuetogether.repository.DonationRepositoryTest@2fc7c36a, testMethod = donateShare@DonationRepositoryTest, testException = [null], mergedContextConfiguration = [WebMergedContextConfiguration@17616c07 testClass = DonationRepositoryTest, locations = '{}', classes = '{class kakao.valuetogether.ValuetogetherApplication}', contextInitializerClasses = '[]', activeProfiles = '{}', propertySourceLocations = '{}', propertySourceProperties = '{org.springframework.boot.test.context.SpringBootTestContextBootstrapper=true}', contextCustomizers = set[org.springframework.boot.test.autoconfigure.actuate.metrics.MetricsExportContextCustomizerFactory$DisableMetricExportContextCustomizer@129b4fe2, org.springframework.boot.test.autoconfigure.properties.PropertyMappingContextCustomizer@0, org.springframework.boot.test.autoconfigure.web.servlet.WebDriverContextCustomizerFactory$Customizer@60dce7ea, org.springframework.boot.test.context.filter.ExcludeFilterContextCustomizer@1ef3efa8, org.springframework.boot.test.json.DuplicateJsonObjectContextCustomizerFactory$DuplicateJsonObjectContextCustomizer@5c3b6c6e, org.springframework.boot.test.mock.mockito.MockitoContextCustomizer@0, org.springframework.boot.test.web.client.TestRestTemplateContextCustomizer@14c01636, org.springframework.boot.test.context.SpringBootTestArgs@1, org.springframework.boot.test.context.SpringBootTestWebEnvironment@34b9f960], resourceBasePath = 'src/main/webapp', contextLoader = 'org.springframework.boot.test.context.SpringBootContextLoader', parent = [null]], attributes = map['org.springframework.test.context.web.ServletTestExecutionListener.activateListener' -> true, 'org.springframework.test.context.web.ServletTestExecutionListener.populatedRequestContextHolder' -> true, 'org.springframework.test.context.web.ServletTestExecutionListener.resetRequestContextHolder' -> true, 'org.springframework.test.context.event.ApplicationEventsTestExecutionListener.recordApplicationEvents' -> false]]
2022-08-05 09:42:37.092  INFO 31248 --- [    Test worker] o.s.t.c.transaction.TransactionContext   : Began transaction (1) for test context [DefaultTestContext@47483211 testClass = DonationRepositoryTest, testInstance = kakao.valuetogether.repository.DonationRepositoryTest@2582e213, testMethod = donateComment@DonationRepositoryTest, testException = [null], mergedContextConfiguration = [WebMergedContextConfiguration@17616c07 testClass = DonationRepositoryTest, locations = '{}', classes = '{class kakao.valuetogether.ValuetogetherApplication}', contextInitializerClasses = '[]', activeProfiles = '{}', propertySourceLocations = '{}', propertySourceProperties = '{org.springframework.boot.test.context.SpringBootTestContextBootstrapper=true}', contextCustomizers = set[org.springframework.boot.test.autoconfigure.actuate.metrics.MetricsExportContextCustomizerFactory$DisableMetricExportContextCustomizer@129b4fe2, org.springframework.boot.test.autoconfigure.properties.PropertyMappingContextCustomizer@0, org.springframework.boot.test.autoconfigure.web.servlet.WebDriverContextCustomizerFactory$Customizer@60dce7ea, org.springframework.boot.test.context.filter.ExcludeFilterContextCustomizer@1ef3efa8, org.springframework.boot.test.json.DuplicateJsonObjectContextCustomizerFactory$DuplicateJsonObjectContextCustomizer@5c3b6c6e, org.springframework.boot.test.mock.mockito.MockitoContextCustomizer@0, org.springframework.boot.test.web.client.TestRestTemplateContextCustomizer@14c01636, org.springframework.boot.test.context.SpringBootTestArgs@1, org.springframework.boot.test.context.SpringBootTestWebEnvironment@34b9f960], resourceBasePath = 'src/main/webapp', contextLoader = 'org.springframework.boot.test.context.SpringBootContextLoader', parent = [null]], attributes = map['org.springframework.test.context.web.ServletTestExecutionListener.activateListener' -> true, 'org.springframework.test.context.web.ServletTestExecutionListener.populatedRequestContextHolder' -> true, 'org.springframework.test.context.web.ServletTestExecutionListener.resetRequestContextHolder' -> true, 'org.springframework.test.context.event.ApplicationEventsTestExecutionListener.recordApplicationEvents' -> false]]; transaction manager [org.springframework.orm.jpa.JpaTransactionManager@a1be5cb]; rollback [true]
2022-08-05 09:42:37.094 DEBUG 31248 --- [    Test worker] org.hibernate.SQL                        : 
    insert 
    into
        member
        (member_id, member_address, member_birthday, member_email, member_gender, member_name, member_nickname, member_phone, member_pw) 
    values
        (default, ?, ?, ?, ?, ?, ?, ?, ?)
Hibernate: 
    insert 
    into
        member
        (member_id, member_address, member_birthday, member_email, member_gender, member_name, member_nickname, member_phone, member_pw) 
    values
        (default, ?, ?, ?, ?, ?, ?, ?, ?)
2022-08-05 09:42:37.095 TRACE 31248 --- [    Test worker] o.h.type.descriptor.sql.BasicBinder      : binding parameter [1] as [VARCHAR] - [asdfasd]
2022-08-05 09:42:37.095 TRACE 31248 --- [    Test worker] o.h.type.descriptor.sql.BasicBinder      : binding parameter [2] as [VARCHAR] - [asdf]
2022-08-05 09:42:37.095 TRACE 31248 --- [    Test worker] o.h.type.descriptor.sql.BasicBinder      : binding parameter [3] as [VARCHAR] - [email]
2022-08-05 09:42:37.095 TRACE 31248 --- [    Test worker] o.h.type.descriptor.sql.BasicBinder      : binding parameter [4] as [VARCHAR] - [asdf]
2022-08-05 09:42:37.095 TRACE 31248 --- [    Test worker] o.h.type.descriptor.sql.BasicBinder      : binding parameter [5] as [VARCHAR] - [name]
2022-08-05 09:42:37.095 TRACE 31248 --- [    Test worker] o.h.type.descriptor.sql.BasicBinder      : binding parameter [6] as [VARCHAR] - [asfsa]
2022-08-05 09:42:37.095 TRACE 31248 --- [    Test worker] o.h.type.descriptor.sql.BasicBinder      : binding parameter [7] as [VARCHAR] - [111]
2022-08-05 09:42:37.095 TRACE 31248 --- [    Test worker] o.h.type.descriptor.sql.BasicBinder      : binding parameter [8] as [VARCHAR] - [pw]
2022-08-05 09:42:37.097 DEBUG 31248 --- [    Test worker] org.hibernate.SQL                        : 
    insert 
    into
        post
        (post_id, article, end_date, image, is_confirm, member_id, start_date, sub_title, target, target_amount, title, topic) 
    values
        (default, ?, ?, ?, ?, ?, ?, ?, ?, ?, ?, ?)
Hibernate: 
    insert 
    into
        post
        (post_id, article, end_date, image, is_confirm, member_id, start_date, sub_title, target, target_amount, title, topic) 
    values
        (default, ?, ?, ?, ?, ?, ?, ?, ?, ?, ?, ?)
2022-08-05 09:42:37.097 TRACE 31248 --- [    Test worker] o.h.type.descriptor.sql.BasicBinder      : binding parameter [1] as [VARCHAR] - [article]
2022-08-05 09:42:37.098 TRACE 31248 --- [    Test worker] o.h.type.descriptor.sql.BasicBinder      : binding parameter [2] as [TIMESTAMP] - [2022-08-05 09:42:37.0966449]
2022-08-05 09:42:37.098 TRACE 31248 --- [    Test worker] o.h.type.descriptor.sql.BasicBinder      : binding parameter [3] as [VARCHAR] - [static/image]
2022-08-05 09:42:37.098 TRACE 31248 --- [    Test worker] o.h.type.descriptor.sql.BasicBinder      : binding parameter [4] as [BOOLEAN] - [false]
2022-08-05 09:42:37.098 TRACE 31248 --- [    Test worker] o.h.type.descriptor.sql.BasicBinder      : binding parameter [5] as [BIGINT] - [13]
2022-08-05 09:42:37.098 TRACE 31248 --- [    Test worker] o.h.type.descriptor.sql.BasicBinder      : binding parameter [6] as [TIMESTAMP] - [2022-08-05 09:42:37.0966449]
2022-08-05 09:42:37.098 TRACE 31248 --- [    Test worker] o.h.type.descriptor.sql.BasicBinder      : binding parameter [7] as [VARCHAR] - [subTitle]
2022-08-05 09:42:37.098 TRACE 31248 --- [    Test worker] o.h.type.descriptor.sql.BasicBinder      : binding parameter [8] as [VARCHAR] - [실버세대]
2022-08-05 09:42:37.098 TRACE 31248 --- [    Test worker] o.h.type.descriptor.sql.BasicBinder      : binding parameter [9] as [INTEGER] - [100000]
2022-08-05 09:42:37.098 TRACE 31248 --- [    Test worker] o.h.type.descriptor.sql.BasicBinder      : binding parameter [10] as [VARCHAR] - [title]
2022-08-05 09:42:37.098 TRACE 31248 --- [    Test worker] o.h.type.descriptor.sql.BasicBinder      : binding parameter [11] as [VARCHAR] - [건강한삶]
2022-08-05 09:42:37.100 DEBUG 31248 --- [    Test worker] org.hibernate.SQL                        : 
    insert 
    into
        donation
        (cheer_donation, comment_donation, direct_donation, share_donation, count_cheer_donation, count_comment_donation, count_direct_donation, count_share_donation, post_id, member_id) 
    values
        (?, ?, ?, ?, ?, ?, ?, ?, ?, ?)
Hibernate: 
    insert 
    into
        donation
        (cheer_donation, comment_donation, direct_donation, share_donation, count_cheer_donation, count_comment_donation, count_direct_donation, count_share_donation, post_id, member_id) 
    values
        (?, ?, ?, ?, ?, ?, ?, ?, ?, ?)
2022-08-05 09:42:37.101 TRACE 31248 --- [    Test worker] o.h.type.descriptor.sql.BasicBinder      : binding parameter [1] as [INTEGER] - [0]
2022-08-05 09:42:37.101 TRACE 31248 --- [    Test worker] o.h.type.descriptor.sql.BasicBinder      : binding parameter [2] as [INTEGER] - [0]
2022-08-05 09:42:37.101 TRACE 31248 --- [    Test worker] o.h.type.descriptor.sql.BasicBinder      : binding parameter [3] as [INTEGER] - [0]
2022-08-05 09:42:37.101 TRACE 31248 --- [    Test worker] o.h.type.descriptor.sql.BasicBinder      : binding parameter [4] as [INTEGER] - [0]
2022-08-05 09:42:37.101 TRACE 31248 --- [    Test worker] o.h.type.descriptor.sql.BasicBinder      : binding parameter [5] as [INTEGER] - [0]
2022-08-05 09:42:37.101 TRACE 31248 --- [    Test worker] o.h.type.descriptor.sql.BasicBinder      : binding parameter [6] as [INTEGER] - [0]
2022-08-05 09:42:37.101 TRACE 31248 --- [    Test worker] o.h.type.descriptor.sql.BasicBinder      : binding parameter [7] as [INTEGER] - [0]
2022-08-05 09:42:37.101 TRACE 31248 --- [    Test worker] o.h.type.descriptor.sql.BasicBinder      : binding parameter [8] as [INTEGER] - [0]
2022-08-05 09:42:37.101 TRACE 31248 --- [    Test worker] o.h.type.descriptor.sql.BasicBinder      : binding parameter [9] as [BIGINT] - [13]
2022-08-05 09:42:37.101 TRACE 31248 --- [    Test worker] o.h.type.descriptor.sql.BasicBinder      : binding parameter [10] as [BIGINT] - [13]
2022-08-05 09:42:37.102 DEBUG 31248 --- [    Test worker] org.hibernate.SQL                        : 
    select
        donation0_.post_id as post_id10_1_,
        donation0_.member_id as member_i9_1_,
        donation0_.cheer_donation as cheer_do1_1_,
        donation0_.comment_donation as comment_2_1_,
        donation0_.direct_donation as direct_d3_1_,
        donation0_.share_donation as share_do4_1_,
        donation0_.count_cheer_donation as count_ch5_1_,
        donation0_.count_comment_donation as count_co6_1_,
        donation0_.count_direct_donation as count_di7_1_,
        donation0_.count_share_donation as count_sh8_1_ 
    from
        donation donation0_ 
    where
        donation0_.member_id=?
Hibernate: 
    select
        donation0_.post_id as post_id10_1_,
        donation0_.member_id as member_i9_1_,
        donation0_.cheer_donation as cheer_do1_1_,
        donation0_.comment_donation as comment_2_1_,
        donation0_.direct_donation as direct_d3_1_,
        donation0_.share_donation as share_do4_1_,
        donation0_.count_cheer_donation as count_ch5_1_,
        donation0_.count_comment_donation as count_co6_1_,
        donation0_.count_direct_donation as count_di7_1_,
        donation0_.count_share_donation as count_sh8_1_ 
    from
        donation donation0_ 
    where
        donation0_.member_id=?
2022-08-05 09:42:37.103 TRACE 31248 --- [    Test worker] o.h.type.descriptor.sql.BasicBinder      : binding parameter [1] as [BIGINT] - [13]
2022-08-05 09:42:37.104 TRACE 31248 --- [    Test worker] o.h.type.descriptor.sql.BasicExtractor   : extracted value ([post_id10_1_] : [BIGINT]) - [13]
2022-08-05 09:42:37.105 TRACE 31248 --- [    Test worker] o.h.type.descriptor.sql.BasicExtractor   : extracted value ([member_i9_1_] : [BIGINT]) - [13]
2022-08-05 09:42:37.110  INFO 31248 --- [    Test worker] o.s.t.c.transaction.TransactionContext   : Rolled back transaction for test: [DefaultTestContext@47483211 testClass = DonationRepositoryTest, testInstance = kakao.valuetogether.repository.DonationRepositoryTest@2582e213, testMethod = donateComment@DonationRepositoryTest, testException = [null], mergedContextConfiguration = [WebMergedContextConfiguration@17616c07 testClass = DonationRepositoryTest, locations = '{}', classes = '{class kakao.valuetogether.ValuetogetherApplication}', contextInitializerClasses = '[]', activeProfiles = '{}', propertySourceLocations = '{}', propertySourceProperties = '{org.springframework.boot.test.context.SpringBootTestContextBootstrapper=true}', contextCustomizers = set[org.springframework.boot.test.autoconfigure.actuate.metrics.MetricsExportContextCustomizerFactory$DisableMetricExportContextCustomizer@129b4fe2, org.springframework.boot.test.autoconfigure.properties.PropertyMappingContextCustomizer@0, org.springframework.boot.test.autoconfigure.web.servlet.WebDriverContextCustomizerFactory$Customizer@60dce7ea, org.springframework.boot.test.context.filter.ExcludeFilterContextCustomizer@1ef3efa8, org.springframework.boot.test.json.DuplicateJsonObjectContextCustomizerFactory$DuplicateJsonObjectContextCustomizer@5c3b6c6e, org.springframework.boot.test.mock.mockito.MockitoContextCustomizer@0, org.springframework.boot.test.web.client.TestRestTemplateContextCustomizer@14c01636, org.springframework.boot.test.context.SpringBootTestArgs@1, org.springframework.boot.test.context.SpringBootTestWebEnvironment@34b9f960], resourceBasePath = 'src/main/webapp', contextLoader = 'org.springframework.boot.test.context.SpringBootContextLoader', parent = [null]], attributes = map['org.springframework.test.context.web.ServletTestExecutionListener.activateListener' -> true, 'org.springframework.test.context.web.ServletTestExecutionListener.populatedRequestContextHolder' -> true, 'org.springframework.test.context.web.ServletTestExecutionListener.resetRequestContextHolder' -> true, 'org.springframework.test.context.event.ApplicationEventsTestExecutionListener.recordApplicationEvents' -> false]]
2022-08-05 09:42:37.116  INFO 31248 --- [    Test worker] o.s.t.c.transaction.TransactionContext   : Began transaction (1) for test context [DefaultTestContext@47483211 testClass = DonationRepositoryTest, testInstance = kakao.valuetogether.repository.DonationRepositoryTest@6db99c79, testMethod = donateDirect@DonationRepositoryTest, testException = [null], mergedContextConfiguration = [WebMergedContextConfiguration@17616c07 testClass = DonationRepositoryTest, locations = '{}', classes = '{class kakao.valuetogether.ValuetogetherApplication}', contextInitializerClasses = '[]', activeProfiles = '{}', propertySourceLocations = '{}', propertySourceProperties = '{org.springframework.boot.test.context.SpringBootTestContextBootstrapper=true}', contextCustomizers = set[org.springframework.boot.test.autoconfigure.actuate.metrics.MetricsExportContextCustomizerFactory$DisableMetricExportContextCustomizer@129b4fe2, org.springframework.boot.test.autoconfigure.properties.PropertyMappingContextCustomizer@0, org.springframework.boot.test.autoconfigure.web.servlet.WebDriverContextCustomizerFactory$Customizer@60dce7ea, org.springframework.boot.test.context.filter.ExcludeFilterContextCustomizer@1ef3efa8, org.springframework.boot.test.json.DuplicateJsonObjectContextCustomizerFactory$DuplicateJsonObjectContextCustomizer@5c3b6c6e, org.springframework.boot.test.mock.mockito.MockitoContextCustomizer@0, org.springframework.boot.test.web.client.TestRestTemplateContextCustomizer@14c01636, org.springframework.boot.test.context.SpringBootTestArgs@1, org.springframework.boot.test.context.SpringBootTestWebEnvironment@34b9f960], resourceBasePath = 'src/main/webapp', contextLoader = 'org.springframework.boot.test.context.SpringBootContextLoader', parent = [null]], attributes = map['org.springframework.test.context.web.ServletTestExecutionListener.activateListener' -> true, 'org.springframework.test.context.web.ServletTestExecutionListener.populatedRequestContextHolder' -> true, 'org.springframework.test.context.web.ServletTestExecutionListener.resetRequestContextHolder' -> true, 'org.springframework.test.context.event.ApplicationEventsTestExecutionListener.recordApplicationEvents' -> false]]; transaction manager [org.springframework.orm.jpa.JpaTransactionManager@a1be5cb]; rollback [true]
2022-08-05 09:42:37.118 DEBUG 31248 --- [    Test worker] org.hibernate.SQL                        : 
    insert 
    into
        member
        (member_id, member_address, member_birthday, member_email, member_gender, member_name, member_nickname, member_phone, member_pw) 
    values
        (default, ?, ?, ?, ?, ?, ?, ?, ?)
Hibernate: 
    insert 
    into
        member
        (member_id, member_address, member_birthday, member_email, member_gender, member_name, member_nickname, member_phone, member_pw) 
    values
        (default, ?, ?, ?, ?, ?, ?, ?, ?)
2022-08-05 09:42:37.119 TRACE 31248 --- [    Test worker] o.h.type.descriptor.sql.BasicBinder      : binding parameter [1] as [VARCHAR] - [asdfasd]
2022-08-05 09:42:37.119 TRACE 31248 --- [    Test worker] o.h.type.descriptor.sql.BasicBinder      : binding parameter [2] as [VARCHAR] - [asdf]
2022-08-05 09:42:37.119 TRACE 31248 --- [    Test worker] o.h.type.descriptor.sql.BasicBinder      : binding parameter [3] as [VARCHAR] - [email]
2022-08-05 09:42:37.119 TRACE 31248 --- [    Test worker] o.h.type.descriptor.sql.BasicBinder      : binding parameter [4] as [VARCHAR] - [asdf]
2022-08-05 09:42:37.120 TRACE 31248 --- [    Test worker] o.h.type.descriptor.sql.BasicBinder      : binding parameter [5] as [VARCHAR] - [name]
2022-08-05 09:42:37.120 TRACE 31248 --- [    Test worker] o.h.type.descriptor.sql.BasicBinder      : binding parameter [6] as [VARCHAR] - [asfsa]
2022-08-05 09:42:37.120 TRACE 31248 --- [    Test worker] o.h.type.descriptor.sql.BasicBinder      : binding parameter [7] as [VARCHAR] - [111]
2022-08-05 09:42:37.120 TRACE 31248 --- [    Test worker] o.h.type.descriptor.sql.BasicBinder      : binding parameter [8] as [VARCHAR] - [pw]
2022-08-05 09:42:37.122 DEBUG 31248 --- [    Test worker] org.hibernate.SQL                        : 
    insert 
    into
        post
        (post_id, article, end_date, image, is_confirm, member_id, start_date, sub_title, target, target_amount, title, topic) 
    values
        (default, ?, ?, ?, ?, ?, ?, ?, ?, ?, ?, ?)
Hibernate: 
    insert 
    into
        post
        (post_id, article, end_date, image, is_confirm, member_id, start_date, sub_title, target, target_amount, title, topic) 
    values
        (default, ?, ?, ?, ?, ?, ?, ?, ?, ?, ?, ?)
2022-08-05 09:42:37.122 TRACE 31248 --- [    Test worker] o.h.type.descriptor.sql.BasicBinder      : binding parameter [1] as [VARCHAR] - [article]
2022-08-05 09:42:37.123 TRACE 31248 --- [    Test worker] o.h.type.descriptor.sql.BasicBinder      : binding parameter [2] as [TIMESTAMP] - [2022-08-05 09:42:37.1220352]
2022-08-05 09:42:37.123 TRACE 31248 --- [    Test worker] o.h.type.descriptor.sql.BasicBinder      : binding parameter [3] as [VARCHAR] - [static/image]
2022-08-05 09:42:37.123 TRACE 31248 --- [    Test worker] o.h.type.descriptor.sql.BasicBinder      : binding parameter [4] as [BOOLEAN] - [false]
2022-08-05 09:42:37.123 TRACE 31248 --- [    Test worker] o.h.type.descriptor.sql.BasicBinder      : binding parameter [5] as [BIGINT] - [14]
2022-08-05 09:42:37.123 TRACE 31248 --- [    Test worker] o.h.type.descriptor.sql.BasicBinder      : binding parameter [6] as [TIMESTAMP] - [2022-08-05 09:42:37.1220352]
2022-08-05 09:42:37.123 TRACE 31248 --- [    Test worker] o.h.type.descriptor.sql.BasicBinder      : binding parameter [7] as [VARCHAR] - [subTitle]
2022-08-05 09:42:37.123 TRACE 31248 --- [    Test worker] o.h.type.descriptor.sql.BasicBinder      : binding parameter [8] as [VARCHAR] - [실버세대]
2022-08-05 09:42:37.123 TRACE 31248 --- [    Test worker] o.h.type.descriptor.sql.BasicBinder      : binding parameter [9] as [INTEGER] - [100000]
2022-08-05 09:42:37.123 TRACE 31248 --- [    Test worker] o.h.type.descriptor.sql.BasicBinder      : binding parameter [10] as [VARCHAR] - [title]
2022-08-05 09:42:37.123 TRACE 31248 --- [    Test worker] o.h.type.descriptor.sql.BasicBinder      : binding parameter [11] as [VARCHAR] - [건강한삶]
2022-08-05 09:42:37.126 DEBUG 31248 --- [    Test worker] org.hibernate.SQL                        : 
    insert 
    into
        donation
        (cheer_donation, comment_donation, direct_donation, share_donation, count_cheer_donation, count_comment_donation, count_direct_donation, count_share_donation, post_id, member_id) 
    values
        (?, ?, ?, ?, ?, ?, ?, ?, ?, ?)
Hibernate: 
    insert 
    into
        donation
        (cheer_donation, comment_donation, direct_donation, share_donation, count_cheer_donation, count_comment_donation, count_direct_donation, count_share_donation, post_id, member_id) 
    values
        (?, ?, ?, ?, ?, ?, ?, ?, ?, ?)
2022-08-05 09:42:37.127 TRACE 31248 --- [    Test worker] o.h.type.descriptor.sql.BasicBinder      : binding parameter [1] as [INTEGER] - [0]
2022-08-05 09:42:37.127 TRACE 31248 --- [    Test worker] o.h.type.descriptor.sql.BasicBinder      : binding parameter [2] as [INTEGER] - [0]
2022-08-05 09:42:37.127 TRACE 31248 --- [    Test worker] o.h.type.descriptor.sql.BasicBinder      : binding parameter [3] as [INTEGER] - [0]
2022-08-05 09:42:37.127 TRACE 31248 --- [    Test worker] o.h.type.descriptor.sql.BasicBinder      : binding parameter [4] as [INTEGER] - [0]
2022-08-05 09:42:37.127 TRACE 31248 --- [    Test worker] o.h.type.descriptor.sql.BasicBinder      : binding parameter [5] as [INTEGER] - [0]
2022-08-05 09:42:37.127 TRACE 31248 --- [    Test worker] o.h.type.descriptor.sql.BasicBinder      : binding parameter [6] as [INTEGER] - [0]
2022-08-05 09:42:37.127 TRACE 31248 --- [    Test worker] o.h.type.descriptor.sql.BasicBinder      : binding parameter [7] as [INTEGER] - [0]
2022-08-05 09:42:37.128 TRACE 31248 --- [    Test worker] o.h.type.descriptor.sql.BasicBinder      : binding parameter [8] as [INTEGER] - [0]
2022-08-05 09:42:37.128 TRACE 31248 --- [    Test worker] o.h.type.descriptor.sql.BasicBinder      : binding parameter [9] as [BIGINT] - [14]
2022-08-05 09:42:37.128 TRACE 31248 --- [    Test worker] o.h.type.descriptor.sql.BasicBinder      : binding parameter [10] as [BIGINT] - [14]
2022-08-05 09:42:37.129 DEBUG 31248 --- [    Test worker] org.hibernate.SQL                        : 
    select
        donation0_.post_id as post_id10_1_,
        donation0_.member_id as member_i9_1_,
        donation0_.cheer_donation as cheer_do1_1_,
        donation0_.comment_donation as comment_2_1_,
        donation0_.direct_donation as direct_d3_1_,
        donation0_.share_donation as share_do4_1_,
        donation0_.count_cheer_donation as count_ch5_1_,
        donation0_.count_comment_donation as count_co6_1_,
        donation0_.count_direct_donation as count_di7_1_,
        donation0_.count_share_donation as count_sh8_1_ 
    from
        donation donation0_ 
    where
        donation0_.member_id=?
Hibernate: 
    select
        donation0_.post_id as post_id10_1_,
        donation0_.member_id as member_i9_1_,
        donation0_.cheer_donation as cheer_do1_1_,
        donation0_.comment_donation as comment_2_1_,
        donation0_.direct_donation as direct_d3_1_,
        donation0_.share_donation as share_do4_1_,
        donation0_.count_cheer_donation as count_ch5_1_,
        donation0_.count_comment_donation as count_co6_1_,
        donation0_.count_direct_donation as count_di7_1_,
        donation0_.count_share_donation as count_sh8_1_ 
    from
        donation donation0_ 
    where
        donation0_.member_id=?
2022-08-05 09:42:37.130 TRACE 31248 --- [    Test worker] o.h.type.descriptor.sql.BasicBinder      : binding parameter [1] as [BIGINT] - [14]
2022-08-05 09:42:37.131 TRACE 31248 --- [    Test worker] o.h.type.descriptor.sql.BasicExtractor   : extracted value ([post_id10_1_] : [BIGINT]) - [14]
2022-08-05 09:42:37.131 TRACE 31248 --- [    Test worker] o.h.type.descriptor.sql.BasicExtractor   : extracted value ([member_i9_1_] : [BIGINT]) - [14]
2022-08-05 09:42:37.134 DEBUG 31248 --- [    Test worker] org.hibernate.SQL                        : 
    update
        donation 
    set
        cheer_donation=?,
        comment_donation=?,
        direct_donation=?,
        share_donation=?,
        count_cheer_donation=?,
        count_comment_donation=?,
        count_direct_donation=?,
        count_share_donation=? 
    where
        post_id=? 
        and member_id=?
Hibernate: 
    update
        donation 
    set
        cheer_donation=?,
        comment_donation=?,
        direct_donation=?,
        share_donation=?,
        count_cheer_donation=?,
        count_comment_donation=?,
        count_direct_donation=?,
        count_share_donation=? 
    where
        post_id=? 
        and member_id=?
2022-08-05 09:42:37.135 TRACE 31248 --- [    Test worker] o.h.type.descriptor.sql.BasicBinder      : binding parameter [1] as [INTEGER] - [0]
2022-08-05 09:42:37.136 TRACE 31248 --- [    Test worker] o.h.type.descriptor.sql.BasicBinder      : binding parameter [2] as [INTEGER] - [0]
2022-08-05 09:42:37.136 TRACE 31248 --- [    Test worker] o.h.type.descriptor.sql.BasicBinder      : binding parameter [3] as [INTEGER] - [1000]
2022-08-05 09:42:37.136 TRACE 31248 --- [    Test worker] o.h.type.descriptor.sql.BasicBinder      : binding parameter [4] as [INTEGER] - [0]
2022-08-05 09:42:37.136 TRACE 31248 --- [    Test worker] o.h.type.descriptor.sql.BasicBinder      : binding parameter [5] as [INTEGER] - [0]
2022-08-05 09:42:37.136 TRACE 31248 --- [    Test worker] o.h.type.descriptor.sql.BasicBinder      : binding parameter [6] as [INTEGER] - [0]
2022-08-05 09:42:37.136 TRACE 31248 --- [    Test worker] o.h.type.descriptor.sql.BasicBinder      : binding parameter [7] as [INTEGER] - [0]
2022-08-05 09:42:37.136 TRACE 31248 --- [    Test worker] o.h.type.descriptor.sql.BasicBinder      : binding parameter [8] as [INTEGER] - [0]
2022-08-05 09:42:37.136 TRACE 31248 --- [    Test worker] o.h.type.descriptor.sql.BasicBinder      : binding parameter [9] as [BIGINT] - [14]
2022-08-05 09:42:37.136 TRACE 31248 --- [    Test worker] o.h.type.descriptor.sql.BasicBinder      : binding parameter [10] as [BIGINT] - [14]
2022-08-05 09:42:37.139 DEBUG 31248 --- [    Test worker] org.hibernate.SQL                        : 
    select
        donation0_.post_id as post_id10_1_,
        donation0_.member_id as member_i9_1_,
        donation0_.cheer_donation as cheer_do1_1_,
        donation0_.comment_donation as comment_2_1_,
        donation0_.direct_donation as direct_d3_1_,
        donation0_.share_donation as share_do4_1_,
        donation0_.count_cheer_donation as count_ch5_1_,
        donation0_.count_comment_donation as count_co6_1_,
        donation0_.count_direct_donation as count_di7_1_,
        donation0_.count_share_donation as count_sh8_1_ 
    from
        donation donation0_ 
    where
        donation0_.member_id=?
Hibernate: 
    select
        donation0_.post_id as post_id10_1_,
        donation0_.member_id as member_i9_1_,
        donation0_.cheer_donation as cheer_do1_1_,
        donation0_.comment_donation as comment_2_1_,
        donation0_.direct_donation as direct_d3_1_,
        donation0_.share_donation as share_do4_1_,
        donation0_.count_cheer_donation as count_ch5_1_,
        donation0_.count_comment_donation as count_co6_1_,
        donation0_.count_direct_donation as count_di7_1_,
        donation0_.count_share_donation as count_sh8_1_ 
    from
        donation donation0_ 
    where
        donation0_.member_id=?
2022-08-05 09:42:37.140 TRACE 31248 --- [    Test worker] o.h.type.descriptor.sql.BasicBinder      : binding parameter [1] as [BIGINT] - [14]
2022-08-05 09:42:37.141 TRACE 31248 --- [    Test worker] o.h.type.descriptor.sql.BasicExtractor   : extracted value ([post_id10_1_] : [BIGINT]) - [14]
2022-08-05 09:42:37.141 TRACE 31248 --- [    Test worker] o.h.type.descriptor.sql.BasicExtractor   : extracted value ([member_i9_1_] : [BIGINT]) - [14]
2022-08-05 09:42:37.147  INFO 31248 --- [    Test worker] o.s.t.c.transaction.TransactionContext   : Rolled back transaction for test: [DefaultTestContext@47483211 testClass = DonationRepositoryTest, testInstance = kakao.valuetogether.repository.DonationRepositoryTest@6db99c79, testMethod = donateDirect@DonationRepositoryTest, testException = [null], mergedContextConfiguration = [WebMergedContextConfiguration@17616c07 testClass = DonationRepositoryTest, locations = '{}', classes = '{class kakao.valuetogether.ValuetogetherApplication}', contextInitializerClasses = '[]', activeProfiles = '{}', propertySourceLocations = '{}', propertySourceProperties = '{org.springframework.boot.test.context.SpringBootTestContextBootstrapper=true}', contextCustomizers = set[org.springframework.boot.test.autoconfigure.actuate.metrics.MetricsExportContextCustomizerFactory$DisableMetricExportContextCustomizer@129b4fe2, org.springframework.boot.test.autoconfigure.properties.PropertyMappingContextCustomizer@0, org.springframework.boot.test.autoconfigure.web.servlet.WebDriverContextCustomizerFactory$Customizer@60dce7ea, org.springframework.boot.test.context.filter.ExcludeFilterContextCustomizer@1ef3efa8, org.springframework.boot.test.json.DuplicateJsonObjectContextCustomizerFactory$DuplicateJsonObjectContextCustomizer@5c3b6c6e, org.springframework.boot.test.mock.mockito.MockitoContextCustomizer@0, org.springframework.boot.test.web.client.TestRestTemplateContextCustomizer@14c01636, org.springframework.boot.test.context.SpringBootTestArgs@1, org.springframework.boot.test.context.SpringBootTestWebEnvironment@34b9f960], resourceBasePath = 'src/main/webapp', contextLoader = 'org.springframework.boot.test.context.SpringBootContextLoader', parent = [null]], attributes = map['org.springframework.test.context.web.ServletTestExecutionListener.activateListener' -> true, 'org.springframework.test.context.web.ServletTestExecutionListener.populatedRequestContextHolder' -> true, 'org.springframework.test.context.web.ServletTestExecutionListener.resetRequestContextHolder' -> true, 'org.springframework.test.context.event.ApplicationEventsTestExecutionListener.recordApplicationEvents' -> false]]
2022-08-05 09:42:37.150  INFO 31248 --- [    Test worker] o.s.t.c.transaction.TransactionContext   : Began transaction (1) for test context [DefaultTestContext@47483211 testClass = DonationRepositoryTest, testInstance = kakao.valuetogether.repository.DonationRepositoryTest@6db160b4, testMethod = saveAndFindByMember@DonationRepositoryTest, testException = [null], mergedContextConfiguration = [WebMergedContextConfiguration@17616c07 testClass = DonationRepositoryTest, locations = '{}', classes = '{class kakao.valuetogether.ValuetogetherApplication}', contextInitializerClasses = '[]', activeProfiles = '{}', propertySourceLocations = '{}', propertySourceProperties = '{org.springframework.boot.test.context.SpringBootTestContextBootstrapper=true}', contextCustomizers = set[org.springframework.boot.test.autoconfigure.actuate.metrics.MetricsExportContextCustomizerFactory$DisableMetricExportContextCustomizer@129b4fe2, org.springframework.boot.test.autoconfigure.properties.PropertyMappingContextCustomizer@0, org.springframework.boot.test.autoconfigure.web.servlet.WebDriverContextCustomizerFactory$Customizer@60dce7ea, org.springframework.boot.test.context.filter.ExcludeFilterContextCustomizer@1ef3efa8, org.springframework.boot.test.json.DuplicateJsonObjectContextCustomizerFactory$DuplicateJsonObjectContextCustomizer@5c3b6c6e, org.springframework.boot.test.mock.mockito.MockitoContextCustomizer@0, org.springframework.boot.test.web.client.TestRestTemplateContextCustomizer@14c01636, org.springframework.boot.test.context.SpringBootTestArgs@1, org.springframework.boot.test.context.SpringBootTestWebEnvironment@34b9f960], resourceBasePath = 'src/main/webapp', contextLoader = 'org.springframework.boot.test.context.SpringBootContextLoader', parent = [null]], attributes = map['org.springframework.test.context.web.ServletTestExecutionListener.activateListener' -> true, 'org.springframework.test.context.web.ServletTestExecutionListener.populatedRequestContextHolder' -> true, 'org.springframework.test.context.web.ServletTestExecutionListener.resetRequestContextHolder' -> true, 'org.springframework.test.context.event.ApplicationEventsTestExecutionListener.recordApplicationEvents' -> false]]; transaction manager [org.springframework.orm.jpa.JpaTransactionManager@a1be5cb]; rollback [true]
2022-08-05 09:42:37.152 DEBUG 31248 --- [    Test worker] org.hibernate.SQL                        : 
    insert 
    into
        member
        (member_id, member_address, member_birthday, member_email, member_gender, member_name, member_nickname, member_phone, member_pw) 
    values
        (default, ?, ?, ?, ?, ?, ?, ?, ?)
Hibernate: 
    insert 
    into
        member
        (member_id, member_address, member_birthday, member_email, member_gender, member_name, member_nickname, member_phone, member_pw) 
    values
        (default, ?, ?, ?, ?, ?, ?, ?, ?)
2022-08-05 09:42:37.153 TRACE 31248 --- [    Test worker] o.h.type.descriptor.sql.BasicBinder      : binding parameter [1] as [VARCHAR] - [asdfasd]
2022-08-05 09:42:37.153 TRACE 31248 --- [    Test worker] o.h.type.descriptor.sql.BasicBinder      : binding parameter [2] as [VARCHAR] - [asdf]
2022-08-05 09:42:37.153 TRACE 31248 --- [    Test worker] o.h.type.descriptor.sql.BasicBinder      : binding parameter [3] as [VARCHAR] - [email]
2022-08-05 09:42:37.153 TRACE 31248 --- [    Test worker] o.h.type.descriptor.sql.BasicBinder      : binding parameter [4] as [VARCHAR] - [asdf]
2022-08-05 09:42:37.153 TRACE 31248 --- [    Test worker] o.h.type.descriptor.sql.BasicBinder      : binding parameter [5] as [VARCHAR] - [name]
2022-08-05 09:42:37.153 TRACE 31248 --- [    Test worker] o.h.type.descriptor.sql.BasicBinder      : binding parameter [6] as [VARCHAR] - [asfsa]
2022-08-05 09:42:37.153 TRACE 31248 --- [    Test worker] o.h.type.descriptor.sql.BasicBinder      : binding parameter [7] as [VARCHAR] - [111]
2022-08-05 09:42:37.153 TRACE 31248 --- [    Test worker] o.h.type.descriptor.sql.BasicBinder      : binding parameter [8] as [VARCHAR] - [pw]
2022-08-05 09:42:37.155 DEBUG 31248 --- [    Test worker] org.hibernate.SQL                        : 
    insert 
    into
        post
        (post_id, article, end_date, image, is_confirm, member_id, start_date, sub_title, target, target_amount, title, topic) 
    values
        (default, ?, ?, ?, ?, ?, ?, ?, ?, ?, ?, ?)
Hibernate: 
    insert 
    into
        post
        (post_id, article, end_date, image, is_confirm, member_id, start_date, sub_title, target, target_amount, title, topic) 
    values
        (default, ?, ?, ?, ?, ?, ?, ?, ?, ?, ?, ?)
2022-08-05 09:42:37.155 TRACE 31248 --- [    Test worker] o.h.type.descriptor.sql.BasicBinder      : binding parameter [1] as [VARCHAR] - [article]
2022-08-05 09:42:37.155 TRACE 31248 --- [    Test worker] o.h.type.descriptor.sql.BasicBinder      : binding parameter [2] as [TIMESTAMP] - [2022-08-05 09:42:37.154425]
2022-08-05 09:42:37.155 TRACE 31248 --- [    Test worker] o.h.type.descriptor.sql.BasicBinder      : binding parameter [3] as [VARCHAR] - [static/image]
2022-08-05 09:42:37.156 TRACE 31248 --- [    Test worker] o.h.type.descriptor.sql.BasicBinder      : binding parameter [4] as [BOOLEAN] - [false]
2022-08-05 09:42:37.156 TRACE 31248 --- [    Test worker] o.h.type.descriptor.sql.BasicBinder      : binding parameter [5] as [BIGINT] - [15]
2022-08-05 09:42:37.156 TRACE 31248 --- [    Test worker] o.h.type.descriptor.sql.BasicBinder      : binding parameter [6] as [TIMESTAMP] - [2022-08-05 09:42:37.154425]
2022-08-05 09:42:37.156 TRACE 31248 --- [    Test worker] o.h.type.descriptor.sql.BasicBinder      : binding parameter [7] as [VARCHAR] - [subTitle]
2022-08-05 09:42:37.156 TRACE 31248 --- [    Test worker] o.h.type.descriptor.sql.BasicBinder      : binding parameter [8] as [VARCHAR] - [실버세대]
2022-08-05 09:42:37.156 TRACE 31248 --- [    Test worker] o.h.type.descriptor.sql.BasicBinder      : binding parameter [9] as [INTEGER] - [100000]
2022-08-05 09:42:37.156 TRACE 31248 --- [    Test worker] o.h.type.descriptor.sql.BasicBinder      : binding parameter [10] as [VARCHAR] - [title]
2022-08-05 09:42:37.156 TRACE 31248 --- [    Test worker] o.h.type.descriptor.sql.BasicBinder      : binding parameter [11] as [VARCHAR] - [건강한삶]
2022-08-05 09:42:37.158 DEBUG 31248 --- [    Test worker] org.hibernate.SQL                        : 
    insert 
    into
        donation
        (cheer_donation, comment_donation, direct_donation, share_donation, count_cheer_donation, count_comment_donation, count_direct_donation, count_share_donation, post_id, member_id) 
    values
        (?, ?, ?, ?, ?, ?, ?, ?, ?, ?)
Hibernate: 
    insert 
    into
        donation
        (cheer_donation, comment_donation, direct_donation, share_donation, count_cheer_donation, count_comment_donation, count_direct_donation, count_share_donation, post_id, member_id) 
    values
        (?, ?, ?, ?, ?, ?, ?, ?, ?, ?)
2022-08-05 09:42:37.159 TRACE 31248 --- [    Test worker] o.h.type.descriptor.sql.BasicBinder      : binding parameter [1] as [INTEGER] - [0]
2022-08-05 09:42:37.159 TRACE 31248 --- [    Test worker] o.h.type.descriptor.sql.BasicBinder      : binding parameter [2] as [INTEGER] - [0]
2022-08-05 09:42:37.159 TRACE 31248 --- [    Test worker] o.h.type.descriptor.sql.BasicBinder      : binding parameter [3] as [INTEGER] - [0]
2022-08-05 09:42:37.159 TRACE 31248 --- [    Test worker] o.h.type.descriptor.sql.BasicBinder      : binding parameter [4] as [INTEGER] - [0]
2022-08-05 09:42:37.159 TRACE 31248 --- [    Test worker] o.h.type.descriptor.sql.BasicBinder      : binding parameter [5] as [INTEGER] - [0]
2022-08-05 09:42:37.159 TRACE 31248 --- [    Test worker] o.h.type.descriptor.sql.BasicBinder      : binding parameter [6] as [INTEGER] - [0]
2022-08-05 09:42:37.159 TRACE 31248 --- [    Test worker] o.h.type.descriptor.sql.BasicBinder      : binding parameter [7] as [INTEGER] - [0]
2022-08-05 09:42:37.159 TRACE 31248 --- [    Test worker] o.h.type.descriptor.sql.BasicBinder      : binding parameter [8] as [INTEGER] - [0]
2022-08-05 09:42:37.159 TRACE 31248 --- [    Test worker] o.h.type.descriptor.sql.BasicBinder      : binding parameter [9] as [BIGINT] - [15]
2022-08-05 09:42:37.159 TRACE 31248 --- [    Test worker] o.h.type.descriptor.sql.BasicBinder      : binding parameter [10] as [BIGINT] - [15]
2022-08-05 09:42:37.160 DEBUG 31248 --- [    Test worker] org.hibernate.SQL                        : 
    select
        donation0_.post_id as post_id10_1_,
        donation0_.member_id as member_i9_1_,
        donation0_.cheer_donation as cheer_do1_1_,
        donation0_.comment_donation as comment_2_1_,
        donation0_.direct_donation as direct_d3_1_,
        donation0_.share_donation as share_do4_1_,
        donation0_.count_cheer_donation as count_ch5_1_,
        donation0_.count_comment_donation as count_co6_1_,
        donation0_.count_direct_donation as count_di7_1_,
        donation0_.count_share_donation as count_sh8_1_ 
    from
        donation donation0_ 
    where
        donation0_.member_id=?
Hibernate: 
    select
        donation0_.post_id as post_id10_1_,
        donation0_.member_id as member_i9_1_,
        donation0_.cheer_donation as cheer_do1_1_,
        donation0_.comment_donation as comment_2_1_,
        donation0_.direct_donation as direct_d3_1_,
        donation0_.share_donation as share_do4_1_,
        donation0_.count_cheer_donation as count_ch5_1_,
        donation0_.count_comment_donation as count_co6_1_,
        donation0_.count_direct_donation as count_di7_1_,
        donation0_.count_share_donation as count_sh8_1_ 
    from
        donation donation0_ 
    where
        donation0_.member_id=?
2022-08-05 09:42:37.161 TRACE 31248 --- [    Test worker] o.h.type.descriptor.sql.BasicBinder      : binding parameter [1] as [BIGINT] - [15]
2022-08-05 09:42:37.163 TRACE 31248 --- [    Test worker] o.h.type.descriptor.sql.BasicExtractor   : extracted value ([post_id10_1_] : [BIGINT]) - [15]
2022-08-05 09:42:37.163 TRACE 31248 --- [    Test worker] o.h.type.descriptor.sql.BasicExtractor   : extracted value ([member_i9_1_] : [BIGINT]) - [15]
2022-08-05 09:42:37.164 DEBUG 31248 --- [    Test worker] org.hibernate.SQL                        : 
    select
        donation0_.post_id as post_id10_1_,
        donation0_.member_id as member_i9_1_,
        donation0_.cheer_donation as cheer_do1_1_,
        donation0_.comment_donation as comment_2_1_,
        donation0_.direct_donation as direct_d3_1_,
        donation0_.share_donation as share_do4_1_,
        donation0_.count_cheer_donation as count_ch5_1_,
        donation0_.count_comment_donation as count_co6_1_,
        donation0_.count_direct_donation as count_di7_1_,
        donation0_.count_share_donation as count_sh8_1_ 
    from
        donation donation0_ 
    where
        donation0_.member_id=?
Hibernate: 
    select
        donation0_.post_id as post_id10_1_,
        donation0_.member_id as member_i9_1_,
        donation0_.cheer_donation as cheer_do1_1_,
        donation0_.comment_donation as comment_2_1_,
        donation0_.direct_donation as direct_d3_1_,
        donation0_.share_donation as share_do4_1_,
        donation0_.count_cheer_donation as count_ch5_1_,
        donation0_.count_comment_donation as count_co6_1_,
        donation0_.count_direct_donation as count_di7_1_,
        donation0_.count_share_donation as count_sh8_1_ 
    from
        donation donation0_ 
    where
        donation0_.member_id=?
2022-08-05 09:42:37.164 TRACE 31248 --- [    Test worker] o.h.type.descriptor.sql.BasicBinder      : binding parameter [1] as [BIGINT] - [15]
2022-08-05 09:42:37.166 TRACE 31248 --- [    Test worker] o.h.type.descriptor.sql.BasicExtractor   : extracted value ([post_id10_1_] : [BIGINT]) - [15]
2022-08-05 09:42:37.166 TRACE 31248 --- [    Test worker] o.h.type.descriptor.sql.BasicExtractor   : extracted value ([member_i9_1_] : [BIGINT]) - [15]
2022-08-05 09:42:37.169  INFO 31248 --- [    Test worker] o.s.t.c.transaction.TransactionContext   : Rolled back transaction for test: [DefaultTestContext@47483211 testClass = DonationRepositoryTest, testInstance = kakao.valuetogether.repository.DonationRepositoryTest@6db160b4, testMethod = saveAndFindByMember@DonationRepositoryTest, testException = [null], mergedContextConfiguration = [WebMergedContextConfiguration@17616c07 testClass = DonationRepositoryTest, locations = '{}', classes = '{class kakao.valuetogether.ValuetogetherApplication}', contextInitializerClasses = '[]', activeProfiles = '{}', propertySourceLocations = '{}', propertySourceProperties = '{org.springframework.boot.test.context.SpringBootTestContextBootstrapper=true}', contextCustomizers = set[org.springframework.boot.test.autoconfigure.actuate.metrics.MetricsExportContextCustomizerFactory$DisableMetricExportContextCustomizer@129b4fe2, org.springframework.boot.test.autoconfigure.properties.PropertyMappingContextCustomizer@0, org.springframework.boot.test.autoconfigure.web.servlet.WebDriverContextCustomizerFactory$Customizer@60dce7ea, org.springframework.boot.test.context.filter.ExcludeFilterContextCustomizer@1ef3efa8, org.springframework.boot.test.json.DuplicateJsonObjectContextCustomizerFactory$DuplicateJsonObjectContextCustomizer@5c3b6c6e, org.springframework.boot.test.mock.mockito.MockitoContextCustomizer@0, org.springframework.boot.test.web.client.TestRestTemplateContextCustomizer@14c01636, org.springframework.boot.test.context.SpringBootTestArgs@1, org.springframework.boot.test.context.SpringBootTestWebEnvironment@34b9f960], resourceBasePath = 'src/main/webapp', contextLoader = 'org.springframework.boot.test.context.SpringBootContextLoader', parent = [null]], attributes = map['org.springframework.test.context.web.ServletTestExecutionListener.activateListener' -> true, 'org.springframework.test.context.web.ServletTestExecutionListener.populatedRequestContextHolder' -> true, 'org.springframework.test.context.web.ServletTestExecutionListener.resetRequestContextHolder' -> true, 'org.springframework.test.context.event.ApplicationEventsTestExecutionListener.recordApplicationEvents' -> false]]
]]></system-out>
  <system-err><![CDATA[]]></system-err>
</testsuite>
