<?xml version="1.0" encoding="UTF-8"?>
<testsuite name="kakao.valuetogether.service.MemberServiceTest" tests="7" skipped="0" failures="1" errors="0" timestamp="2022-07-19T00:31:36" hostname="DESKTOP-C84OKVR" time="2.019">
  <properties/>
  <testcase name="폰번호로아이디찾기성공" classname="kakao.valuetogether.service.MemberServiceTest" time="0.86"/>
  <testcase name="폰번호로아이디찾기예외" classname="kakao.valuetogether.service.MemberServiceTest" time="0.148"/>
  <testcase name="회원검증및PW재설정" classname="kakao.valuetogether.service.MemberServiceTest" time="0.013">
    <failure message="java.lang.IllegalStateException: 이미 존재하는 회원입니다." type="java.lang.IllegalStateException">java.lang.IllegalStateException: 이미 존재하는 회원입니다.
	at kakao.valuetogether.service.MemberService.lambda$validateDuplicateMember$0(MemberService.java:34)
	at java.base/java.util.Optional.ifPresent(Optional.java:183)
	at kakao.valuetogether.service.MemberService.validateDuplicateMember(MemberService.java:33)
	at kakao.valuetogether.service.MemberService.join(MemberService.java:25)
	at kakao.valuetogether.service.MemberServiceTest.회원검증및PW재설정(MemberServiceTest.java:124)
	at java.base/jdk.internal.reflect.NativeMethodAccessorImpl.invoke0(Native Method)
	at java.base/jdk.internal.reflect.NativeMethodAccessorImpl.invoke(NativeMethodAccessorImpl.java:62)
	at java.base/jdk.internal.reflect.DelegatingMethodAccessorImpl.invoke(DelegatingMethodAccessorImpl.java:43)
	at java.base/java.lang.reflect.Method.invoke(Method.java:566)
	at org.junit.runners.model.FrameworkMethod$1.runReflectiveCall(FrameworkMethod.java:59)
	at org.junit.internal.runners.model.ReflectiveCallable.run(ReflectiveCallable.java:12)
	at org.junit.runners.model.FrameworkMethod.invokeExplosively(FrameworkMethod.java:56)
	at org.junit.internal.runners.statements.InvokeMethod.evaluate(InvokeMethod.java:17)
	at org.springframework.test.context.junit4.statements.RunBeforeTestExecutionCallbacks.evaluate(RunBeforeTestExecutionCallbacks.java:74)
	at org.springframework.test.context.junit4.statements.RunAfterTestExecutionCallbacks.evaluate(RunAfterTestExecutionCallbacks.java:84)
	at org.springframework.test.context.junit4.statements.RunBeforeTestMethodCallbacks.evaluate(RunBeforeTestMethodCallbacks.java:75)
	at org.springframework.test.context.junit4.statements.RunAfterTestMethodCallbacks.evaluate(RunAfterTestMethodCallbacks.java:86)
	at org.springframework.test.context.junit4.statements.SpringRepeat.evaluate(SpringRepeat.java:84)
	at org.junit.runners.ParentRunner.runLeaf(ParentRunner.java:366)
	at org.springframework.test.context.junit4.SpringJUnit4ClassRunner.runChild(SpringJUnit4ClassRunner.java:251)
	at org.springframework.test.context.junit4.SpringJUnit4ClassRunner.runChild(SpringJUnit4ClassRunner.java:97)
	at org.junit.runners.ParentRunner$4.run(ParentRunner.java:331)
	at org.junit.runners.ParentRunner$1.schedule(ParentRunner.java:79)
	at org.junit.runners.ParentRunner.runChildren(ParentRunner.java:329)
	at org.junit.runners.ParentRunner.access$100(ParentRunner.java:66)
	at org.junit.runners.ParentRunner$2.evaluate(ParentRunner.java:293)
	at org.springframework.test.context.junit4.statements.RunBeforeTestClassCallbacks.evaluate(RunBeforeTestClassCallbacks.java:61)
	at org.springframework.test.context.junit4.statements.RunAfterTestClassCallbacks.evaluate(RunAfterTestClassCallbacks.java:70)
	at org.junit.runners.ParentRunner$3.evaluate(ParentRunner.java:306)
	at org.junit.runners.ParentRunner.run(ParentRunner.java:413)
	at org.springframework.test.context.junit4.SpringJUnit4ClassRunner.run(SpringJUnit4ClassRunner.java:190)
	at org.junit.runner.JUnitCore.run(JUnitCore.java:137)
	at org.junit.runner.JUnitCore.run(JUnitCore.java:115)
	at org.junit.vintage.engine.execution.RunnerExecutor.execute(RunnerExecutor.java:42)
	at org.junit.vintage.engine.VintageTestEngine.executeAllChildren(VintageTestEngine.java:80)
	at org.junit.vintage.engine.VintageTestEngine.execute(VintageTestEngine.java:72)
	at org.junit.platform.launcher.core.EngineExecutionOrchestrator.execute(EngineExecutionOrchestrator.java:108)
	at org.junit.platform.launcher.core.EngineExecutionOrchestrator.execute(EngineExecutionOrchestrator.java:88)
	at org.junit.platform.launcher.core.EngineExecutionOrchestrator.lambda$execute$0(EngineExecutionOrchestrator.java:54)
	at org.junit.platform.launcher.core.EngineExecutionOrchestrator.withInterceptedStreams(EngineExecutionOrchestrator.java:67)
	at org.junit.platform.launcher.core.EngineExecutionOrchestrator.execute(EngineExecutionOrchestrator.java:52)
	at org.junit.platform.launcher.core.DefaultLauncher.execute(DefaultLauncher.java:96)
	at org.junit.platform.launcher.core.DefaultLauncher.execute(DefaultLauncher.java:75)
	at org.gradle.api.internal.tasks.testing.junitplatform.JUnitPlatformTestClassProcessor$CollectAllTestClassesExecutor.processAllTestClasses(JUnitPlatformTestClassProcessor.java:99)
	at org.gradle.api.internal.tasks.testing.junitplatform.JUnitPlatformTestClassProcessor$CollectAllTestClassesExecutor.access$000(JUnitPlatformTestClassProcessor.java:79)
	at org.gradle.api.internal.tasks.testing.junitplatform.JUnitPlatformTestClassProcessor.stop(JUnitPlatformTestClassProcessor.java:75)
	at org.gradle.api.internal.tasks.testing.SuiteTestClassProcessor.stop(SuiteTestClassProcessor.java:61)
	at java.base/jdk.internal.reflect.NativeMethodAccessorImpl.invoke0(Native Method)
	at java.base/jdk.internal.reflect.NativeMethodAccessorImpl.invoke(NativeMethodAccessorImpl.java:62)
	at java.base/jdk.internal.reflect.DelegatingMethodAccessorImpl.invoke(DelegatingMethodAccessorImpl.java:43)
	at java.base/java.lang.reflect.Method.invoke(Method.java:566)
	at org.gradle.internal.dispatch.ReflectionDispatch.dispatch(ReflectionDispatch.java:36)
	at org.gradle.internal.dispatch.ReflectionDispatch.dispatch(ReflectionDispatch.java:24)
	at org.gradle.internal.dispatch.ContextClassLoaderDispatch.dispatch(ContextClassLoaderDispatch.java:33)
	at org.gradle.internal.dispatch.ProxyDispatchAdapter$DispatchingInvocationHandler.invoke(ProxyDispatchAdapter.java:94)
	at com.sun.proxy.$Proxy2.stop(Unknown Source)
	at org.gradle.api.internal.tasks.testing.worker.TestWorker$3.run(TestWorker.java:193)
	at org.gradle.api.internal.tasks.testing.worker.TestWorker.executeAndMaintainThreadName(TestWorker.java:129)
	at org.gradle.api.internal.tasks.testing.worker.TestWorker.execute(TestWorker.java:100)
	at org.gradle.api.internal.tasks.testing.worker.TestWorker.execute(TestWorker.java:60)
	at org.gradle.process.internal.worker.child.ActionExecutionWorker.execute(ActionExecutionWorker.java:56)
	at org.gradle.process.internal.worker.child.SystemApplicationClassLoaderWorker.call(SystemApplicationClassLoaderWorker.java:133)
	at org.gradle.process.internal.worker.child.SystemApplicationClassLoaderWorker.call(SystemApplicationClassLoaderWorker.java:71)
	at worker.org.gradle.process.internal.worker.GradleWorkerMain.run(GradleWorkerMain.java:69)
	at worker.org.gradle.process.internal.worker.GradleWorkerMain.main(GradleWorkerMain.java:74)
</failure>
  </testcase>
  <testcase name="닉네임이름전화번호로아이디찾기성공및예외" classname="kakao.valuetogether.service.MemberServiceTest" time="0.153"/>
  <testcase name="회원가입성공" classname="kakao.valuetogether.service.MemberServiceTest" time="0.258"/>
  <testcase name="회원가입예외" classname="kakao.valuetogether.service.MemberServiceTest" time="0.175"/>
  <testcase name="회원탈퇴" classname="kakao.valuetogether.service.MemberServiceTest" time="0.411"/>
  <system-out><![CDATA[09:30:47.107 [Test worker] DEBUG org.springframework.test.annotation.ProfileValueUtils - Retrieved @ProfileValueSourceConfiguration [null] for test class [kakao.valuetogether.service.MemberServiceTest]
09:30:47.107 [Test worker] DEBUG org.springframework.test.annotation.ProfileValueUtils - Retrieved ProfileValueSource type [class org.springframework.test.annotation.SystemProfileValueSource] for class [kakao.valuetogether.service.MemberServiceTest]
09:30:47.107 [Test worker] DEBUG org.springframework.test.annotation.ProfileValueUtils - Retrieved @ProfileValueSourceConfiguration [null] for test class [kakao.valuetogether.service.MemberServiceTest]
09:30:47.107 [Test worker] DEBUG org.springframework.test.annotation.ProfileValueUtils - Retrieved ProfileValueSource type [class org.springframework.test.annotation.SystemProfileValueSource] for class [kakao.valuetogether.service.MemberServiceTest]
09:30:47.112 [Test worker] DEBUG org.springframework.test.context.support.AbstractDirtiesContextTestExecutionListener - Before test class: context [DefaultTestContext@3e1162e7 testClass = MemberServiceTest, testInstance = [null], testMethod = [null], testException = [null], mergedContextConfiguration = [WebMergedContextConfiguration@79c3f01f testClass = MemberServiceTest, locations = '{}', classes = '{class kakao.valuetogether.ValuetogetherApplication}', contextInitializerClasses = '[]', activeProfiles = '{}', propertySourceLocations = '{}', propertySourceProperties = '{org.springframework.boot.test.context.SpringBootTestContextBootstrapper=true}', contextCustomizers = set[org.springframework.boot.test.autoconfigure.actuate.metrics.MetricsExportContextCustomizerFactory$DisableMetricExportContextCustomizer@dfddc9a, org.springframework.boot.test.autoconfigure.properties.PropertyMappingContextCustomizer@0, org.springframework.boot.test.autoconfigure.web.servlet.WebDriverContextCustomizerFactory$Customizer@5b529706, org.springframework.boot.test.context.filter.ExcludeFilterContextCustomizer@14dda234, org.springframework.boot.test.json.DuplicateJsonObjectContextCustomizerFactory$DuplicateJsonObjectContextCustomizer@54d18072, org.springframework.boot.test.mock.mockito.MockitoContextCustomizer@0, org.springframework.boot.test.web.client.TestRestTemplateContextCustomizer@4c4748bf, org.springframework.boot.test.context.SpringBootTestArgs@1, org.springframework.boot.test.context.SpringBootTestWebEnvironment@30b19518], resourceBasePath = 'src/main/webapp', contextLoader = 'org.springframework.boot.test.context.SpringBootContextLoader', parent = [null]], attributes = map['org.springframework.test.context.web.ServletTestExecutionListener.activateListener' -> true]], class annotated with @DirtiesContext [false] with mode [null].
09:30:47.114 [Test worker] DEBUG org.springframework.test.annotation.ProfileValueUtils - Retrieved @ProfileValueSourceConfiguration [null] for test class [kakao.valuetogether.service.MemberServiceTest]
09:30:47.114 [Test worker] DEBUG org.springframework.test.annotation.ProfileValueUtils - Retrieved ProfileValueSource type [class org.springframework.test.annotation.SystemProfileValueSource] for class [kakao.valuetogether.service.MemberServiceTest]

  .   ____          _            __ _ _
 /\\ / ___'_ __ _ _(_)_ __  __ _ \ \ \ \
( ( )\___ | '_ | '_| | '_ \/ _` | \ \ \ \
 \\/  ___)| |_)| | | | | || (_| |  ) ) ) )
  '  |____| .__|_| |_|_| |_\__, | / / / /
 =========|_|==============|___/=/_/_/_/
 :: Spring Boot ::                (v2.7.1)

2022-07-19 09:30:47.468  INFO 29396 --- [    Test worker] k.v.service.MemberServiceTest            : Starting MemberServiceTest using Java 11.0.14 on DESKTOP-C84OKVR with PID 29396 (started by 김현욱 in C:\Users\82102\Desktop\spring-back\valuetogether\valuetogether\valuetogether)
2022-07-19 09:30:47.470  INFO 29396 --- [    Test worker] k.v.service.MemberServiceTest            : No active profile set, falling back to 1 default profile: "default"
2022-07-19 09:30:48.083  INFO 29396 --- [    Test worker] .s.d.r.c.RepositoryConfigurationDelegate : Bootstrapping Spring Data JPA repositories in DEFAULT mode.
2022-07-19 09:30:48.102  INFO 29396 --- [    Test worker] .s.d.r.c.RepositoryConfigurationDelegate : Finished Spring Data repository scanning in 11 ms. Found 0 JPA repository interfaces.
2022-07-19 09:30:48.578  INFO 29396 --- [    Test worker] o.hibernate.jpa.internal.util.LogHelper  : HHH000204: Processing PersistenceUnitInfo [name: default]
2022-07-19 09:30:48.642  INFO 29396 --- [    Test worker] org.hibernate.Version                    : HHH000412: Hibernate ORM core version 5.6.9.Final
2022-07-19 09:30:48.841  INFO 29396 --- [    Test worker] o.hibernate.annotations.common.Version   : HCANN000001: Hibernate Commons Annotations {5.1.2.Final}
2022-07-19 09:30:48.880 DEBUG 29396 --- [    Test worker] org.hibernate.type.BasicTypeRegistry     : Adding type registration boolean -> org.hibernate.type.BooleanType@681de87f
2022-07-19 09:30:48.880 DEBUG 29396 --- [    Test worker] org.hibernate.type.BasicTypeRegistry     : Adding type registration boolean -> org.hibernate.type.BooleanType@681de87f
2022-07-19 09:30:48.880 DEBUG 29396 --- [    Test worker] org.hibernate.type.BasicTypeRegistry     : Adding type registration java.lang.Boolean -> org.hibernate.type.BooleanType@681de87f
2022-07-19 09:30:48.881 DEBUG 29396 --- [    Test worker] org.hibernate.type.BasicTypeRegistry     : Adding type registration numeric_boolean -> org.hibernate.type.NumericBooleanType@5a4464c5
2022-07-19 09:30:48.881 DEBUG 29396 --- [    Test worker] org.hibernate.type.BasicTypeRegistry     : Adding type registration true_false -> org.hibernate.type.TrueFalseType@370c7cc5
2022-07-19 09:30:48.882 DEBUG 29396 --- [    Test worker] org.hibernate.type.BasicTypeRegistry     : Adding type registration yes_no -> org.hibernate.type.YesNoType@a056b26
2022-07-19 09:30:48.883 DEBUG 29396 --- [    Test worker] org.hibernate.type.BasicTypeRegistry     : Adding type registration byte -> org.hibernate.type.ByteType@5c82031b
2022-07-19 09:30:48.884 DEBUG 29396 --- [    Test worker] org.hibernate.type.BasicTypeRegistry     : Adding type registration byte -> org.hibernate.type.ByteType@5c82031b
2022-07-19 09:30:48.884 DEBUG 29396 --- [    Test worker] org.hibernate.type.BasicTypeRegistry     : Adding type registration java.lang.Byte -> org.hibernate.type.ByteType@5c82031b
2022-07-19 09:30:48.885 DEBUG 29396 --- [    Test worker] org.hibernate.type.BasicTypeRegistry     : Adding type registration character -> org.hibernate.type.CharacterType@2ad7bd26
2022-07-19 09:30:48.885 DEBUG 29396 --- [    Test worker] org.hibernate.type.BasicTypeRegistry     : Adding type registration char -> org.hibernate.type.CharacterType@2ad7bd26
2022-07-19 09:30:48.886 DEBUG 29396 --- [    Test worker] org.hibernate.type.BasicTypeRegistry     : Adding type registration java.lang.Character -> org.hibernate.type.CharacterType@2ad7bd26
2022-07-19 09:30:48.887 DEBUG 29396 --- [    Test worker] org.hibernate.type.BasicTypeRegistry     : Adding type registration short -> org.hibernate.type.ShortType@59e7564b
2022-07-19 09:30:48.888 DEBUG 29396 --- [    Test worker] org.hibernate.type.BasicTypeRegistry     : Adding type registration short -> org.hibernate.type.ShortType@59e7564b
2022-07-19 09:30:48.888 DEBUG 29396 --- [    Test worker] org.hibernate.type.BasicTypeRegistry     : Adding type registration java.lang.Short -> org.hibernate.type.ShortType@59e7564b
2022-07-19 09:30:48.889 DEBUG 29396 --- [    Test worker] org.hibernate.type.BasicTypeRegistry     : Adding type registration integer -> org.hibernate.type.IntegerType@1471b98d
2022-07-19 09:30:48.889 DEBUG 29396 --- [    Test worker] org.hibernate.type.BasicTypeRegistry     : Adding type registration int -> org.hibernate.type.IntegerType@1471b98d
2022-07-19 09:30:48.889 DEBUG 29396 --- [    Test worker] org.hibernate.type.BasicTypeRegistry     : Adding type registration java.lang.Integer -> org.hibernate.type.IntegerType@1471b98d
2022-07-19 09:30:48.891 DEBUG 29396 --- [    Test worker] org.hibernate.type.BasicTypeRegistry     : Adding type registration long -> org.hibernate.type.LongType@6bf570c
2022-07-19 09:30:48.891 DEBUG 29396 --- [    Test worker] org.hibernate.type.BasicTypeRegistry     : Adding type registration long -> org.hibernate.type.LongType@6bf570c
2022-07-19 09:30:48.891 DEBUG 29396 --- [    Test worker] org.hibernate.type.BasicTypeRegistry     : Adding type registration java.lang.Long -> org.hibernate.type.LongType@6bf570c
2022-07-19 09:30:48.893 DEBUG 29396 --- [    Test worker] org.hibernate.type.BasicTypeRegistry     : Adding type registration float -> org.hibernate.type.FloatType@200d1a3d
2022-07-19 09:30:48.893 DEBUG 29396 --- [    Test worker] org.hibernate.type.BasicTypeRegistry     : Adding type registration float -> org.hibernate.type.FloatType@200d1a3d
2022-07-19 09:30:48.893 DEBUG 29396 --- [    Test worker] org.hibernate.type.BasicTypeRegistry     : Adding type registration java.lang.Float -> org.hibernate.type.FloatType@200d1a3d
2022-07-19 09:30:48.895 DEBUG 29396 --- [    Test worker] org.hibernate.type.BasicTypeRegistry     : Adding type registration double -> org.hibernate.type.DoubleType@2a8f8555
2022-07-19 09:30:48.895 DEBUG 29396 --- [    Test worker] org.hibernate.type.BasicTypeRegistry     : Adding type registration double -> org.hibernate.type.DoubleType@2a8f8555
2022-07-19 09:30:48.895 DEBUG 29396 --- [    Test worker] org.hibernate.type.BasicTypeRegistry     : Adding type registration java.lang.Double -> org.hibernate.type.DoubleType@2a8f8555
2022-07-19 09:30:48.896 DEBUG 29396 --- [    Test worker] org.hibernate.type.BasicTypeRegistry     : Adding type registration big_decimal -> org.hibernate.type.BigDecimalType@7c4b5ceb
2022-07-19 09:30:48.896 DEBUG 29396 --- [    Test worker] org.hibernate.type.BasicTypeRegistry     : Adding type registration java.math.BigDecimal -> org.hibernate.type.BigDecimalType@7c4b5ceb
2022-07-19 09:30:48.897 DEBUG 29396 --- [    Test worker] org.hibernate.type.BasicTypeRegistry     : Adding type registration big_integer -> org.hibernate.type.BigIntegerType@7f6b7426
2022-07-19 09:30:48.898 DEBUG 29396 --- [    Test worker] org.hibernate.type.BasicTypeRegistry     : Adding type registration java.math.BigInteger -> org.hibernate.type.BigIntegerType@7f6b7426
2022-07-19 09:30:48.899 DEBUG 29396 --- [    Test worker] org.hibernate.type.BasicTypeRegistry     : Adding type registration string -> org.hibernate.type.StringType@6eda012b
2022-07-19 09:30:48.900 DEBUG 29396 --- [    Test worker] org.hibernate.type.BasicTypeRegistry     : Adding type registration java.lang.String -> org.hibernate.type.StringType@6eda012b
2022-07-19 09:30:48.901 DEBUG 29396 --- [    Test worker] org.hibernate.type.BasicTypeRegistry     : Adding type registration nstring -> org.hibernate.type.StringNVarcharType@2fdf22f7
2022-07-19 09:30:48.902 DEBUG 29396 --- [    Test worker] org.hibernate.type.BasicTypeRegistry     : Adding type registration ncharacter -> org.hibernate.type.CharacterNCharType@20ffb8d5
2022-07-19 09:30:48.903 DEBUG 29396 --- [    Test worker] org.hibernate.type.BasicTypeRegistry     : Adding type registration url -> org.hibernate.type.UrlType@a21c74
2022-07-19 09:30:48.903 DEBUG 29396 --- [    Test worker] org.hibernate.type.BasicTypeRegistry     : Adding type registration java.net.URL -> org.hibernate.type.UrlType@a21c74
2022-07-19 09:30:48.904 DEBUG 29396 --- [    Test worker] org.hibernate.type.BasicTypeRegistry     : Adding type registration Duration -> org.hibernate.type.DurationType@14b8a751
2022-07-19 09:30:48.905 DEBUG 29396 --- [    Test worker] org.hibernate.type.BasicTypeRegistry     : Adding type registration java.time.Duration -> org.hibernate.type.DurationType@14b8a751
2022-07-19 09:30:48.906 DEBUG 29396 --- [    Test worker] org.hibernate.type.BasicTypeRegistry     : Adding type registration Instant -> org.hibernate.type.InstantType@63124022
2022-07-19 09:30:48.906 DEBUG 29396 --- [    Test worker] org.hibernate.type.BasicTypeRegistry     : Adding type registration java.time.Instant -> org.hibernate.type.InstantType@63124022
2022-07-19 09:30:48.907 DEBUG 29396 --- [    Test worker] org.hibernate.type.BasicTypeRegistry     : Adding type registration LocalDateTime -> org.hibernate.type.LocalDateTimeType@4bf4680c
2022-07-19 09:30:48.907 DEBUG 29396 --- [    Test worker] org.hibernate.type.BasicTypeRegistry     : Adding type registration java.time.LocalDateTime -> org.hibernate.type.LocalDateTimeType@4bf4680c
2022-07-19 09:30:48.908 DEBUG 29396 --- [    Test worker] org.hibernate.type.BasicTypeRegistry     : Adding type registration LocalDate -> org.hibernate.type.LocalDateType@4e4395c
2022-07-19 09:30:48.908 DEBUG 29396 --- [    Test worker] org.hibernate.type.BasicTypeRegistry     : Adding type registration java.time.LocalDate -> org.hibernate.type.LocalDateType@4e4395c
2022-07-19 09:30:48.909 DEBUG 29396 --- [    Test worker] org.hibernate.type.BasicTypeRegistry     : Adding type registration LocalTime -> org.hibernate.type.LocalTimeType@727986ad
2022-07-19 09:30:48.910 DEBUG 29396 --- [    Test worker] org.hibernate.type.BasicTypeRegistry     : Adding type registration java.time.LocalTime -> org.hibernate.type.LocalTimeType@727986ad
2022-07-19 09:30:48.911 DEBUG 29396 --- [    Test worker] org.hibernate.type.BasicTypeRegistry     : Adding type registration OffsetDateTime -> org.hibernate.type.OffsetDateTimeType@664db2ca
2022-07-19 09:30:48.911 DEBUG 29396 --- [    Test worker] org.hibernate.type.BasicTypeRegistry     : Adding type registration java.time.OffsetDateTime -> org.hibernate.type.OffsetDateTimeType@664db2ca
2022-07-19 09:30:48.912 DEBUG 29396 --- [    Test worker] org.hibernate.type.BasicTypeRegistry     : Adding type registration OffsetTime -> org.hibernate.type.OffsetTimeType@401317a0
2022-07-19 09:30:48.912 DEBUG 29396 --- [    Test worker] org.hibernate.type.BasicTypeRegistry     : Adding type registration java.time.OffsetTime -> org.hibernate.type.OffsetTimeType@401317a0
2022-07-19 09:30:48.914 DEBUG 29396 --- [    Test worker] org.hibernate.type.BasicTypeRegistry     : Adding type registration ZonedDateTime -> org.hibernate.type.ZonedDateTimeType@52aa7742
2022-07-19 09:30:48.914 DEBUG 29396 --- [    Test worker] org.hibernate.type.BasicTypeRegistry     : Adding type registration java.time.ZonedDateTime -> org.hibernate.type.ZonedDateTimeType@52aa7742
2022-07-19 09:30:48.915 DEBUG 29396 --- [    Test worker] org.hibernate.type.BasicTypeRegistry     : Adding type registration date -> org.hibernate.type.DateType@6537ac
2022-07-19 09:30:48.915 DEBUG 29396 --- [    Test worker] org.hibernate.type.BasicTypeRegistry     : Adding type registration java.sql.Date -> org.hibernate.type.DateType@6537ac
2022-07-19 09:30:48.917 DEBUG 29396 --- [    Test worker] org.hibernate.type.BasicTypeRegistry     : Adding type registration time -> org.hibernate.type.TimeType@b56ec6c
2022-07-19 09:30:48.917 DEBUG 29396 --- [    Test worker] org.hibernate.type.BasicTypeRegistry     : Adding type registration java.sql.Time -> org.hibernate.type.TimeType@b56ec6c
2022-07-19 09:30:48.918 DEBUG 29396 --- [    Test worker] org.hibernate.type.BasicTypeRegistry     : Adding type registration timestamp -> org.hibernate.type.TimestampType@7a814310
2022-07-19 09:30:48.918 DEBUG 29396 --- [    Test worker] org.hibernate.type.BasicTypeRegistry     : Adding type registration java.sql.Timestamp -> org.hibernate.type.TimestampType@7a814310
2022-07-19 09:30:48.918 DEBUG 29396 --- [    Test worker] org.hibernate.type.BasicTypeRegistry     : Adding type registration java.util.Date -> org.hibernate.type.TimestampType@7a814310
2022-07-19 09:30:48.920 DEBUG 29396 --- [    Test worker] org.hibernate.type.BasicTypeRegistry     : Adding type registration dbtimestamp -> org.hibernate.type.DbTimestampType@25567581
2022-07-19 09:30:48.920 DEBUG 29396 --- [    Test worker] org.hibernate.type.BasicTypeRegistry     : Adding type registration calendar -> org.hibernate.type.CalendarType@197ce367
2022-07-19 09:30:48.921 DEBUG 29396 --- [    Test worker] org.hibernate.type.BasicTypeRegistry     : Adding type registration java.util.Calendar -> org.hibernate.type.CalendarType@197ce367
2022-07-19 09:30:48.921 DEBUG 29396 --- [    Test worker] org.hibernate.type.BasicTypeRegistry     : Adding type registration java.util.GregorianCalendar -> org.hibernate.type.CalendarType@197ce367
2022-07-19 09:30:48.921 DEBUG 29396 --- [    Test worker] org.hibernate.type.BasicTypeRegistry     : Adding type registration calendar_date -> org.hibernate.type.CalendarDateType@685d7ba5
2022-07-19 09:30:48.922 DEBUG 29396 --- [    Test worker] org.hibernate.type.BasicTypeRegistry     : Adding type registration calendar_time -> org.hibernate.type.CalendarTimeType@76d0ecd7
2022-07-19 09:30:48.923 DEBUG 29396 --- [    Test worker] org.hibernate.type.BasicTypeRegistry     : Adding type registration locale -> org.hibernate.type.LocaleType@5dcf0772
2022-07-19 09:30:48.923 DEBUG 29396 --- [    Test worker] org.hibernate.type.BasicTypeRegistry     : Adding type registration java.util.Locale -> org.hibernate.type.LocaleType@5dcf0772
2022-07-19 09:30:48.924 DEBUG 29396 --- [    Test worker] org.hibernate.type.BasicTypeRegistry     : Adding type registration currency -> org.hibernate.type.CurrencyType@5e67a490
2022-07-19 09:30:48.924 DEBUG 29396 --- [    Test worker] org.hibernate.type.BasicTypeRegistry     : Adding type registration java.util.Currency -> org.hibernate.type.CurrencyType@5e67a490
2022-07-19 09:30:48.925 DEBUG 29396 --- [    Test worker] org.hibernate.type.BasicTypeRegistry     : Adding type registration timezone -> org.hibernate.type.TimeZoneType@5d66ae3a
2022-07-19 09:30:48.925 DEBUG 29396 --- [    Test worker] org.hibernate.type.BasicTypeRegistry     : Adding type registration java.util.TimeZone -> org.hibernate.type.TimeZoneType@5d66ae3a
2022-07-19 09:30:48.926 DEBUG 29396 --- [    Test worker] org.hibernate.type.BasicTypeRegistry     : Adding type registration class -> org.hibernate.type.ClassType@6682e6a5
2022-07-19 09:30:48.926 DEBUG 29396 --- [    Test worker] org.hibernate.type.BasicTypeRegistry     : Adding type registration java.lang.Class -> org.hibernate.type.ClassType@6682e6a5
2022-07-19 09:30:48.927 DEBUG 29396 --- [    Test worker] org.hibernate.type.BasicTypeRegistry     : Adding type registration uuid-binary -> org.hibernate.type.UUIDBinaryType@37c1cfa
2022-07-19 09:30:48.927 DEBUG 29396 --- [    Test worker] org.hibernate.type.BasicTypeRegistry     : Adding type registration java.util.UUID -> org.hibernate.type.UUIDBinaryType@37c1cfa
2022-07-19 09:30:48.928 DEBUG 29396 --- [    Test worker] org.hibernate.type.BasicTypeRegistry     : Adding type registration uuid-char -> org.hibernate.type.UUIDCharType@537b3b2e
2022-07-19 09:30:48.929 DEBUG 29396 --- [    Test worker] org.hibernate.type.BasicTypeRegistry     : Adding type registration binary -> org.hibernate.type.BinaryType@3a38e4dc
2022-07-19 09:30:48.929 DEBUG 29396 --- [    Test worker] org.hibernate.type.BasicTypeRegistry     : Adding type registration byte[] -> org.hibernate.type.BinaryType@3a38e4dc
2022-07-19 09:30:48.929 DEBUG 29396 --- [    Test worker] org.hibernate.type.BasicTypeRegistry     : Adding type registration [B -> org.hibernate.type.BinaryType@3a38e4dc
2022-07-19 09:30:48.931 DEBUG 29396 --- [    Test worker] org.hibernate.type.BasicTypeRegistry     : Adding type registration wrapper-binary -> org.hibernate.type.WrapperBinaryType@448cdb47
2022-07-19 09:30:48.931 DEBUG 29396 --- [    Test worker] org.hibernate.type.BasicTypeRegistry     : Adding type registration Byte[] -> org.hibernate.type.WrapperBinaryType@448cdb47
2022-07-19 09:30:48.931 DEBUG 29396 --- [    Test worker] org.hibernate.type.BasicTypeRegistry     : Adding type registration [Ljava.lang.Byte; -> org.hibernate.type.WrapperBinaryType@448cdb47
2022-07-19 09:30:48.932 DEBUG 29396 --- [    Test worker] org.hibernate.type.BasicTypeRegistry     : Adding type registration row_version -> org.hibernate.type.RowVersionType@161d95c6
2022-07-19 09:30:48.933 DEBUG 29396 --- [    Test worker] org.hibernate.type.BasicTypeRegistry     : Adding type registration image -> org.hibernate.type.ImageType@852ef8d
2022-07-19 09:30:48.934 DEBUG 29396 --- [    Test worker] org.hibernate.type.BasicTypeRegistry     : Adding type registration characters -> org.hibernate.type.CharArrayType@147e0734
2022-07-19 09:30:48.935 DEBUG 29396 --- [    Test worker] org.hibernate.type.BasicTypeRegistry     : Adding type registration char[] -> org.hibernate.type.CharArrayType@147e0734
2022-07-19 09:30:48.935 DEBUG 29396 --- [    Test worker] org.hibernate.type.BasicTypeRegistry     : Adding type registration [C -> org.hibernate.type.CharArrayType@147e0734
2022-07-19 09:30:48.936 DEBUG 29396 --- [    Test worker] org.hibernate.type.BasicTypeRegistry     : Adding type registration wrapper-characters -> org.hibernate.type.CharacterArrayType@270d5060
2022-07-19 09:30:48.936 DEBUG 29396 --- [    Test worker] org.hibernate.type.BasicTypeRegistry     : Adding type registration [Ljava.lang.Character; -> org.hibernate.type.CharacterArrayType@270d5060
2022-07-19 09:30:48.937 DEBUG 29396 --- [    Test worker] org.hibernate.type.BasicTypeRegistry     : Adding type registration Character[] -> org.hibernate.type.CharacterArrayType@270d5060
2022-07-19 09:30:48.937 DEBUG 29396 --- [    Test worker] org.hibernate.type.BasicTypeRegistry     : Adding type registration text -> org.hibernate.type.TextType@3cf55e0c
2022-07-19 09:30:48.938 DEBUG 29396 --- [    Test worker] org.hibernate.type.BasicTypeRegistry     : Adding type registration ntext -> org.hibernate.type.NTextType@1f949ab9
2022-07-19 09:30:48.940 DEBUG 29396 --- [    Test worker] org.hibernate.type.BasicTypeRegistry     : Adding type registration blob -> org.hibernate.type.BlobType@6d7b001b
2022-07-19 09:30:48.940 DEBUG 29396 --- [    Test worker] org.hibernate.type.BasicTypeRegistry     : Adding type registration java.sql.Blob -> org.hibernate.type.BlobType@6d7b001b
2022-07-19 09:30:48.940 DEBUG 29396 --- [    Test worker] org.hibernate.type.BasicTypeRegistry     : Adding type registration materialized_blob -> org.hibernate.type.MaterializedBlobType@587f4f63
2022-07-19 09:30:48.942 DEBUG 29396 --- [    Test worker] org.hibernate.type.BasicTypeRegistry     : Adding type registration clob -> org.hibernate.type.ClobType@733534f9
2022-07-19 09:30:48.942 DEBUG 29396 --- [    Test worker] org.hibernate.type.BasicTypeRegistry     : Adding type registration java.sql.Clob -> org.hibernate.type.ClobType@733534f9
2022-07-19 09:30:48.943 DEBUG 29396 --- [    Test worker] org.hibernate.type.BasicTypeRegistry     : Adding type registration nclob -> org.hibernate.type.NClobType@13ca16bf
2022-07-19 09:30:48.943 DEBUG 29396 --- [    Test worker] org.hibernate.type.BasicTypeRegistry     : Adding type registration java.sql.NClob -> org.hibernate.type.NClobType@13ca16bf
2022-07-19 09:30:48.944 DEBUG 29396 --- [    Test worker] org.hibernate.type.BasicTypeRegistry     : Adding type registration materialized_clob -> org.hibernate.type.MaterializedClobType@59d5a6fd
2022-07-19 09:30:48.945 DEBUG 29396 --- [    Test worker] org.hibernate.type.BasicTypeRegistry     : Adding type registration materialized_nclob -> org.hibernate.type.MaterializedNClobType@64dc86c6
2022-07-19 09:30:48.946 DEBUG 29396 --- [    Test worker] org.hibernate.type.BasicTypeRegistry     : Adding type registration serializable -> org.hibernate.type.SerializableType@3bc20984
2022-07-19 09:30:48.950 DEBUG 29396 --- [    Test worker] org.hibernate.type.BasicTypeRegistry     : Adding type registration object -> org.hibernate.type.ObjectType@55c50f52
2022-07-19 09:30:48.951 DEBUG 29396 --- [    Test worker] org.hibernate.type.BasicTypeRegistry     : Adding type registration java.lang.Object -> org.hibernate.type.ObjectType@55c50f52
2022-07-19 09:30:48.951 DEBUG 29396 --- [    Test worker] org.hibernate.type.BasicTypeRegistry     : Adding type registration imm_date -> org.hibernate.type.AdaptedImmutableType@216f01
2022-07-19 09:30:48.952 DEBUG 29396 --- [    Test worker] org.hibernate.type.BasicTypeRegistry     : Adding type registration imm_time -> org.hibernate.type.AdaptedImmutableType@7c901203
2022-07-19 09:30:48.952 DEBUG 29396 --- [    Test worker] org.hibernate.type.BasicTypeRegistry     : Adding type registration imm_timestamp -> org.hibernate.type.AdaptedImmutableType@1e721583
2022-07-19 09:30:48.952 DEBUG 29396 --- [    Test worker] org.hibernate.type.BasicTypeRegistry     : Adding type registration imm_dbtimestamp -> org.hibernate.type.AdaptedImmutableType@79f5a6ed
2022-07-19 09:30:48.952 DEBUG 29396 --- [    Test worker] org.hibernate.type.BasicTypeRegistry     : Adding type registration imm_calendar -> org.hibernate.type.AdaptedImmutableType@722787b5
2022-07-19 09:30:48.952 DEBUG 29396 --- [    Test worker] org.hibernate.type.BasicTypeRegistry     : Adding type registration imm_calendar_date -> org.hibernate.type.AdaptedImmutableType@edb83f8
2022-07-19 09:30:48.952 DEBUG 29396 --- [    Test worker] org.hibernate.type.BasicTypeRegistry     : Adding type registration imm_binary -> org.hibernate.type.AdaptedImmutableType@8b41ad
2022-07-19 09:30:48.952 DEBUG 29396 --- [    Test worker] org.hibernate.type.BasicTypeRegistry     : Adding type registration imm_serializable -> org.hibernate.type.AdaptedImmutableType@541d4d9f
2022-07-19 09:30:49.013  INFO 29396 --- [    Test worker] com.zaxxer.hikari.HikariDataSource       : HikariPool-1 - Starting...
2022-07-19 09:30:49.297  INFO 29396 --- [    Test worker] com.zaxxer.hikari.HikariDataSource       : HikariPool-1 - Start completed.
2022-07-19 09:30:49.316  INFO 29396 --- [    Test worker] org.hibernate.dialect.Dialect            : HHH000400: Using dialect: org.hibernate.dialect.MySQL5InnoDBDialect
2022-07-19 09:30:49.352 DEBUG 29396 --- [    Test worker] o.h.type.spi.TypeConfiguration$Scope     : Scoping TypeConfiguration [org.hibernate.type.spi.TypeConfiguration@5feb82b3] to MetadataBuildingContext [org.hibernate.boot.internal.MetadataBuildingContextRootImpl@2d38db6f]
2022-07-19 09:30:49.702 DEBUG 29396 --- [    Test worker] org.hibernate.type.EnumType              : Using NAMED-based conversion for Enum kakao.valuetogether.domain.Target
2022-07-19 09:30:49.703 DEBUG 29396 --- [    Test worker] org.hibernate.type.EnumType              : Using NAMED-based conversion for Enum kakao.valuetogether.domain.Topic
2022-07-19 09:30:49.722  WARN 29396 --- [    Test worker] org.hibernate.mapping.RootClass          : HHH000038: Composite-id class does not override equals(): kakao.valuetogether.domain.TagPost
2022-07-19 09:30:49.722  WARN 29396 --- [    Test worker] org.hibernate.mapping.RootClass          : HHH000039: Composite-id class does not override hashCode(): kakao.valuetogether.domain.TagPost
2022-07-19 09:30:49.723  WARN 29396 --- [    Test worker] org.hibernate.mapping.RootClass          : HHH000038: Composite-id class does not override equals(): kakao.valuetogether.domain.Donation
2022-07-19 09:30:49.723  WARN 29396 --- [    Test worker] org.hibernate.mapping.RootClass          : HHH000039: Composite-id class does not override hashCode(): kakao.valuetogether.domain.Donation
2022-07-19 09:30:49.723 DEBUG 29396 --- [    Test worker] o.h.type.spi.TypeConfiguration$Scope     : Scoping TypeConfiguration [org.hibernate.type.spi.TypeConfiguration@5feb82b3] to SessionFactoryImpl [org.hibernate.internal.SessionFactoryImpl@499c4d61]
2022-07-19 09:30:50.105 DEBUG 29396 --- [    Test worker] org.hibernate.SQL                        : 
    
    alter table comment 
       drop 
       foreign key FKmrrrpi513ssu63i2783jyiv9m
2022-07-19 09:30:50.844 DEBUG 29396 --- [    Test worker] org.hibernate.SQL                        : 
    
    alter table comment 
       drop 
       foreign key FKs1slvnkuemjsq2kj4h3vhx7i1
2022-07-19 09:30:51.153 DEBUG 29396 --- [    Test worker] org.hibernate.SQL                        : 
    
    alter table donation 
       drop 
       foreign key FKihjfojjw2d2ijyjk18x9atkoy
2022-07-19 09:30:52.113 DEBUG 29396 --- [    Test worker] org.hibernate.SQL                        : 
    
    alter table donation 
       drop 
       foreign key FK5bgw4rtttocukydsisbsc9ll7
2022-07-19 09:30:52.303 DEBUG 29396 --- [    Test worker] org.hibernate.SQL                        : 
    
    alter table link 
       drop 
       foreign key FKtlh1puclwrxk7o3b3wa8jt1gc
2022-07-19 09:30:52.528 DEBUG 29396 --- [    Test worker] org.hibernate.SQL                        : 
    
    alter table post 
       drop 
       foreign key FK83s99f4kx8oiqm3ro0sasmpww
2022-07-19 09:30:52.762 DEBUG 29396 --- [    Test worker] org.hibernate.SQL                        : 
    
    alter table tag_post 
       drop 
       foreign key FK36t4u7evt09pdln4evfoo4v5n
2022-07-19 09:30:52.941 DEBUG 29396 --- [    Test worker] org.hibernate.SQL                        : 
    
    alter table tag_post 
       drop 
       foreign key FKceeso860swdv8btriq9cwrbcv
2022-07-19 09:30:53.171 DEBUG 29396 --- [    Test worker] org.hibernate.SQL                        : 
    
    drop table if exists comment
2022-07-19 09:30:54.084 DEBUG 29396 --- [    Test worker] org.hibernate.SQL                        : 
    
    drop table if exists donation
2022-07-19 09:30:54.697 DEBUG 29396 --- [    Test worker] org.hibernate.SQL                        : 
    
    drop table if exists hibernate_sequence
2022-07-19 09:30:55.159 DEBUG 29396 --- [    Test worker] org.hibernate.SQL                        : 
    
    drop table if exists link
2022-07-19 09:30:55.726 DEBUG 29396 --- [    Test worker] org.hibernate.SQL                        : 
    
    drop table if exists member
2022-07-19 09:30:56.185 DEBUG 29396 --- [    Test worker] org.hibernate.SQL                        : 
    
    drop table if exists post
2022-07-19 09:30:56.873 DEBUG 29396 --- [    Test worker] org.hibernate.SQL                        : 
    
    drop table if exists tag
2022-07-19 09:30:57.534 DEBUG 29396 --- [    Test worker] org.hibernate.SQL                        : 
    
    drop table if exists tag_post
2022-07-19 09:30:58.063 DEBUG 29396 --- [    Test worker] org.hibernate.SQL                        : 
    
    create table comment (
       comment_id bigint not null auto_increment,
        content varchar(255) not null,
        date datetime not null,
        likes integer,
        member_id bigint not null,
        post_id bigint not null,
        primary key (comment_id)
    ) engine=InnoDB
2022-07-19 09:30:58.766 DEBUG 29396 --- [    Test worker] org.hibernate.SQL                        : 
    
    create table donation (
       cheer_donation integer,
        comment_donation integer,
        direct_donation integer,
        share_donation integer,
        member_id bigint not null,
        post_id bigint not null,
        primary key (post_id, member_id)
    ) engine=InnoDB
2022-07-19 09:30:59.950 DEBUG 29396 --- [    Test worker] org.hibernate.SQL                        : 
    
    create table hibernate_sequence (
       next_val bigint
    ) engine=InnoDB
2022-07-19 09:31:01.561 DEBUG 29396 --- [    Test worker] org.hibernate.SQL                        : 
    
    insert into hibernate_sequence values ( 1 )
2022-07-19 09:31:01.964 DEBUG 29396 --- [    Test worker] org.hibernate.SQL                        : 
    
    create table link (
       link_id bigint not null,
        link varchar(255),
        post_id bigint,
        primary key (link_id)
    ) engine=InnoDB
2022-07-19 09:31:03.124 DEBUG 29396 --- [    Test worker] org.hibernate.SQL                        : 
    
    create table member (
       member_id bigint not null auto_increment,
        member_address varchar(255) not null,
        member_birthday varchar(255) not null,
        member_email varchar(255) not null,
        member_gender varchar(255) not null,
        member_name varchar(255) not null,
        member_nickname varchar(255) not null,
        member_phone varchar(255),
        member_pw varchar(255) not null,
        primary key (member_id)
    ) engine=InnoDB
2022-07-19 09:31:05.416 DEBUG 29396 --- [    Test worker] org.hibernate.SQL                        : 
    
    create table post (
       post_id bigint not null auto_increment,
        article varchar(255) not null,
        end_date datetime not null,
        image varchar(255),
        is_confirm bit not null,
        start_date datetime not null,
        sub_title varchar(255) not null,
        target varchar(255),
        target_amount integer not null,
        title varchar(255) not null,
        topic varchar(255),
        member_id bigint,
        primary key (post_id)
    ) engine=InnoDB
2022-07-19 09:31:07.255 DEBUG 29396 --- [    Test worker] org.hibernate.SQL                        : 
    
    create table tag (
       tag_id bigint not null auto_increment,
        tag_name varchar(255) not null,
        primary key (tag_id)
    ) engine=InnoDB
2022-07-19 09:31:08.595 DEBUG 29396 --- [    Test worker] org.hibernate.SQL                        : 
    
    create table tag_post (
       tag_id bigint not null,
        post_id bigint not null,
        primary key (tag_id)
    ) engine=InnoDB
2022-07-19 09:31:10.013 DEBUG 29396 --- [    Test worker] org.hibernate.SQL                        : 
    
    alter table comment 
       add constraint FKmrrrpi513ssu63i2783jyiv9m 
       foreign key (member_id) 
       references member (member_id)
2022-07-19 09:31:13.421 DEBUG 29396 --- [    Test worker] org.hibernate.SQL                        : 
    
    alter table comment 
       add constraint FKs1slvnkuemjsq2kj4h3vhx7i1 
       foreign key (post_id) 
       references post (post_id)
2022-07-19 09:31:15.906 DEBUG 29396 --- [    Test worker] org.hibernate.SQL                        : 
    
    alter table donation 
       add constraint FKihjfojjw2d2ijyjk18x9atkoy 
       foreign key (member_id) 
       references member (member_id)
2022-07-19 09:31:18.401 DEBUG 29396 --- [    Test worker] org.hibernate.SQL                        : 
    
    alter table donation 
       add constraint FK5bgw4rtttocukydsisbsc9ll7 
       foreign key (post_id) 
       references post (post_id)
2022-07-19 09:31:20.756 DEBUG 29396 --- [    Test worker] org.hibernate.SQL                        : 
    
    alter table link 
       add constraint FKtlh1puclwrxk7o3b3wa8jt1gc 
       foreign key (post_id) 
       references post (post_id)
2022-07-19 09:31:23.251 DEBUG 29396 --- [    Test worker] org.hibernate.SQL                        : 
    
    alter table post 
       add constraint FK83s99f4kx8oiqm3ro0sasmpww 
       foreign key (member_id) 
       references member (member_id)
2022-07-19 09:31:28.863 DEBUG 29396 --- [    Test worker] org.hibernate.SQL                        : 
    
    alter table tag_post 
       add constraint FK36t4u7evt09pdln4evfoo4v5n 
       foreign key (tag_id) 
       references tag (tag_id)
2022-07-19 09:31:33.331 DEBUG 29396 --- [    Test worker] org.hibernate.SQL                        : 
    
    alter table tag_post 
       add constraint FKceeso860swdv8btriq9cwrbcv 
       foreign key (post_id) 
       references post (post_id)
2022-07-19 09:31:35.759  INFO 29396 --- [    Test worker] o.h.e.t.j.p.i.JtaPlatformInitiator       : HHH000490: Using JtaPlatform implementation: [org.hibernate.engine.transaction.jta.platform.internal.NoJtaPlatform]
2022-07-19 09:31:35.768 TRACE 29396 --- [    Test worker] o.h.type.spi.TypeConfiguration$Scope     : Handling #sessionFactoryCreated from [org.hibernate.internal.SessionFactoryImpl@499c4d61] for TypeConfiguration
2022-07-19 09:31:35.769  INFO 29396 --- [    Test worker] j.LocalContainerEntityManagerFactoryBean : Initialized JPA EntityManagerFactory for persistence unit 'default'
2022-07-19 09:31:36.068  WARN 29396 --- [    Test worker] JpaBaseConfiguration$JpaWebConfiguration : spring.jpa.open-in-view is enabled by default. Therefore, database queries may be performed during view rendering. Explicitly configure spring.jpa.open-in-view to disable this warning
2022-07-19 09:31:36.550  WARN 29396 --- [    Test worker] ion$DefaultTemplateResolverConfiguration : Cannot find template location: classpath:/templates/ (please add some templates or check your Thymeleaf configuration)
2022-07-19 09:31:36.731  INFO 29396 --- [    Test worker] k.v.service.MemberServiceTest            : Started MemberServiceTest in 49.589 seconds (JVM running for 50.756)
2022-07-19 09:31:36.823  INFO 29396 --- [    Test worker] o.s.t.c.transaction.TransactionContext   : Began transaction (1) for test context [DefaultTestContext@3e1162e7 testClass = MemberServiceTest, testInstance = kakao.valuetogether.service.MemberServiceTest@2835b3d1, testMethod = 폰번호로아이디찾기성공@MemberServiceTest, testException = [null], mergedContextConfiguration = [WebMergedContextConfiguration@79c3f01f testClass = MemberServiceTest, locations = '{}', classes = '{class kakao.valuetogether.ValuetogetherApplication}', contextInitializerClasses = '[]', activeProfiles = '{}', propertySourceLocations = '{}', propertySourceProperties = '{org.springframework.boot.test.context.SpringBootTestContextBootstrapper=true}', contextCustomizers = set[org.springframework.boot.test.autoconfigure.actuate.metrics.MetricsExportContextCustomizerFactory$DisableMetricExportContextCustomizer@dfddc9a, org.springframework.boot.test.autoconfigure.properties.PropertyMappingContextCustomizer@0, org.springframework.boot.test.autoconfigure.web.servlet.WebDriverContextCustomizerFactory$Customizer@5b529706, org.springframework.boot.test.context.filter.ExcludeFilterContextCustomizer@14dda234, org.springframework.boot.test.json.DuplicateJsonObjectContextCustomizerFactory$DuplicateJsonObjectContextCustomizer@54d18072, org.springframework.boot.test.mock.mockito.MockitoContextCustomizer@0, org.springframework.boot.test.web.client.TestRestTemplateContextCustomizer@4c4748bf, org.springframework.boot.test.context.SpringBootTestArgs@1, org.springframework.boot.test.context.SpringBootTestWebEnvironment@30b19518], resourceBasePath = 'src/main/webapp', contextLoader = 'org.springframework.boot.test.context.SpringBootContextLoader', parent = [null]], attributes = map['org.springframework.test.context.web.ServletTestExecutionListener.activateListener' -> true, 'org.springframework.test.context.web.ServletTestExecutionListener.populatedRequestContextHolder' -> true, 'org.springframework.test.context.web.ServletTestExecutionListener.resetRequestContextHolder' -> true, 'org.springframework.test.context.event.ApplicationEventsTestExecutionListener.recordApplicationEvents' -> false]]; transaction manager [org.springframework.orm.jpa.JpaTransactionManager@fd5c7f6]; rollback [false]
2022-07-19 09:31:36.950 DEBUG 29396 --- [    Test worker] org.hibernate.SQL                        : 
    insert 
    into
        member
        (member_address, member_birthday, member_email, member_gender, member_name, member_nickname, member_phone, member_pw) 
    values
        (?, ?, ?, ?, ?, ?, ?, ?)
2022-07-19 09:31:36.961 TRACE 29396 --- [    Test worker] o.h.type.descriptor.sql.BasicBinder      : binding parameter [1] as [VARCHAR] - [address]
2022-07-19 09:31:36.962 TRACE 29396 --- [    Test worker] o.h.type.descriptor.sql.BasicBinder      : binding parameter [2] as [VARCHAR] - [birthday]
2022-07-19 09:31:36.962 TRACE 29396 --- [    Test worker] o.h.type.descriptor.sql.BasicBinder      : binding parameter [3] as [VARCHAR] - [email]
2022-07-19 09:31:36.962 TRACE 29396 --- [    Test worker] o.h.type.descriptor.sql.BasicBinder      : binding parameter [4] as [VARCHAR] - [gender]
2022-07-19 09:31:36.962 TRACE 29396 --- [    Test worker] o.h.type.descriptor.sql.BasicBinder      : binding parameter [5] as [VARCHAR] - [name]
2022-07-19 09:31:36.962 TRACE 29396 --- [    Test worker] o.h.type.descriptor.sql.BasicBinder      : binding parameter [6] as [VARCHAR] - [nickname]
2022-07-19 09:31:36.962 TRACE 29396 --- [    Test worker] o.h.type.descriptor.sql.BasicBinder      : binding parameter [7] as [VARCHAR] - [phone]
2022-07-19 09:31:36.962 TRACE 29396 --- [    Test worker] o.h.type.descriptor.sql.BasicBinder      : binding parameter [8] as [VARCHAR] - [pw]
2022-07-19 09:31:37.397 DEBUG 29396 --- [    Test worker] org.hibernate.SQL                        : 
    select
        member0_.member_id as member_i1_3_,
        member0_.member_address as member_a2_3_,
        member0_.member_birthday as member_b3_3_,
        member0_.member_email as member_e4_3_,
        member0_.member_gender as member_g5_3_,
        member0_.member_name as member_n6_3_,
        member0_.member_nickname as member_n7_3_,
        member0_.member_phone as member_p8_3_,
        member0_.member_pw as member_p9_3_ 
    from
        member member0_ 
    where
        member0_.member_phone=?
2022-07-19 09:31:37.398 TRACE 29396 --- [    Test worker] o.h.type.descriptor.sql.BasicBinder      : binding parameter [1] as [VARCHAR] - [phone]
2022-07-19 09:31:37.400 TRACE 29396 --- [    Test worker] o.h.type.descriptor.sql.BasicExtractor   : extracted value ([member_i1_3_] : [BIGINT]) - [1]
2022-07-19 09:31:37.612  INFO 29396 --- [    Test worker] o.s.t.c.transaction.TransactionContext   : Committed transaction for test: [DefaultTestContext@3e1162e7 testClass = MemberServiceTest, testInstance = kakao.valuetogether.service.MemberServiceTest@2835b3d1, testMethod = 폰번호로아이디찾기성공@MemberServiceTest, testException = [null], mergedContextConfiguration = [WebMergedContextConfiguration@79c3f01f testClass = MemberServiceTest, locations = '{}', classes = '{class kakao.valuetogether.ValuetogetherApplication}', contextInitializerClasses = '[]', activeProfiles = '{}', propertySourceLocations = '{}', propertySourceProperties = '{org.springframework.boot.test.context.SpringBootTestContextBootstrapper=true}', contextCustomizers = set[org.springframework.boot.test.autoconfigure.actuate.metrics.MetricsExportContextCustomizerFactory$DisableMetricExportContextCustomizer@dfddc9a, org.springframework.boot.test.autoconfigure.properties.PropertyMappingContextCustomizer@0, org.springframework.boot.test.autoconfigure.web.servlet.WebDriverContextCustomizerFactory$Customizer@5b529706, org.springframework.boot.test.context.filter.ExcludeFilterContextCustomizer@14dda234, org.springframework.boot.test.json.DuplicateJsonObjectContextCustomizerFactory$DuplicateJsonObjectContextCustomizer@54d18072, org.springframework.boot.test.mock.mockito.MockitoContextCustomizer@0, org.springframework.boot.test.web.client.TestRestTemplateContextCustomizer@4c4748bf, org.springframework.boot.test.context.SpringBootTestArgs@1, org.springframework.boot.test.context.SpringBootTestWebEnvironment@30b19518], resourceBasePath = 'src/main/webapp', contextLoader = 'org.springframework.boot.test.context.SpringBootContextLoader', parent = [null]], attributes = map['org.springframework.test.context.web.ServletTestExecutionListener.activateListener' -> true, 'org.springframework.test.context.web.ServletTestExecutionListener.populatedRequestContextHolder' -> true, 'org.springframework.test.context.web.ServletTestExecutionListener.resetRequestContextHolder' -> true, 'org.springframework.test.context.event.ApplicationEventsTestExecutionListener.recordApplicationEvents' -> false]]
2022-07-19 09:31:37.615  INFO 29396 --- [    Test worker] o.s.t.c.transaction.TransactionContext   : Began transaction (1) for test context [DefaultTestContext@3e1162e7 testClass = MemberServiceTest, testInstance = kakao.valuetogether.service.MemberServiceTest@2a9fd482, testMethod = 폰번호로아이디찾기예외@MemberServiceTest, testException = [null], mergedContextConfiguration = [WebMergedContextConfiguration@79c3f01f testClass = MemberServiceTest, locations = '{}', classes = '{class kakao.valuetogether.ValuetogetherApplication}', contextInitializerClasses = '[]', activeProfiles = '{}', propertySourceLocations = '{}', propertySourceProperties = '{org.springframework.boot.test.context.SpringBootTestContextBootstrapper=true}', contextCustomizers = set[org.springframework.boot.test.autoconfigure.actuate.metrics.MetricsExportContextCustomizerFactory$DisableMetricExportContextCustomizer@dfddc9a, org.springframework.boot.test.autoconfigure.properties.PropertyMappingContextCustomizer@0, org.springframework.boot.test.autoconfigure.web.servlet.WebDriverContextCustomizerFactory$Customizer@5b529706, org.springframework.boot.test.context.filter.ExcludeFilterContextCustomizer@14dda234, org.springframework.boot.test.json.DuplicateJsonObjectContextCustomizerFactory$DuplicateJsonObjectContextCustomizer@54d18072, org.springframework.boot.test.mock.mockito.MockitoContextCustomizer@0, org.springframework.boot.test.web.client.TestRestTemplateContextCustomizer@4c4748bf, org.springframework.boot.test.context.SpringBootTestArgs@1, org.springframework.boot.test.context.SpringBootTestWebEnvironment@30b19518], resourceBasePath = 'src/main/webapp', contextLoader = 'org.springframework.boot.test.context.SpringBootContextLoader', parent = [null]], attributes = map['org.springframework.test.context.web.ServletTestExecutionListener.activateListener' -> true, 'org.springframework.test.context.web.ServletTestExecutionListener.populatedRequestContextHolder' -> true, 'org.springframework.test.context.web.ServletTestExecutionListener.resetRequestContextHolder' -> true, 'org.springframework.test.context.event.ApplicationEventsTestExecutionListener.recordApplicationEvents' -> false]]; transaction manager [org.springframework.orm.jpa.JpaTransactionManager@fd5c7f6]; rollback [false]
2022-07-19 09:31:37.617 DEBUG 29396 --- [    Test worker] org.hibernate.SQL                        : 
    insert 
    into
        member
        (member_address, member_birthday, member_email, member_gender, member_name, member_nickname, member_phone, member_pw) 
    values
        (?, ?, ?, ?, ?, ?, ?, ?)
2022-07-19 09:31:37.618 TRACE 29396 --- [    Test worker] o.h.type.descriptor.sql.BasicBinder      : binding parameter [1] as [VARCHAR] - [address]
2022-07-19 09:31:37.618 TRACE 29396 --- [    Test worker] o.h.type.descriptor.sql.BasicBinder      : binding parameter [2] as [VARCHAR] - [birthday]
2022-07-19 09:31:37.618 TRACE 29396 --- [    Test worker] o.h.type.descriptor.sql.BasicBinder      : binding parameter [3] as [VARCHAR] - [email]
2022-07-19 09:31:37.618 TRACE 29396 --- [    Test worker] o.h.type.descriptor.sql.BasicBinder      : binding parameter [4] as [VARCHAR] - [gender]
2022-07-19 09:31:37.618 TRACE 29396 --- [    Test worker] o.h.type.descriptor.sql.BasicBinder      : binding parameter [5] as [VARCHAR] - [name]
2022-07-19 09:31:37.618 TRACE 29396 --- [    Test worker] o.h.type.descriptor.sql.BasicBinder      : binding parameter [6] as [VARCHAR] - [nickname]
2022-07-19 09:31:37.618 TRACE 29396 --- [    Test worker] o.h.type.descriptor.sql.BasicBinder      : binding parameter [7] as [VARCHAR] - [phone]
2022-07-19 09:31:37.618 TRACE 29396 --- [    Test worker] o.h.type.descriptor.sql.BasicBinder      : binding parameter [8] as [VARCHAR] - [pw]
2022-07-19 09:31:37.641 DEBUG 29396 --- [    Test worker] org.hibernate.SQL                        : 
    select
        member0_.member_id as member_i1_3_,
        member0_.member_address as member_a2_3_,
        member0_.member_birthday as member_b3_3_,
        member0_.member_email as member_e4_3_,
        member0_.member_gender as member_g5_3_,
        member0_.member_name as member_n6_3_,
        member0_.member_nickname as member_n7_3_,
        member0_.member_phone as member_p8_3_,
        member0_.member_pw as member_p9_3_ 
    from
        member member0_ 
    where
        member0_.member_phone=?
2022-07-19 09:31:37.641 TRACE 29396 --- [    Test worker] o.h.type.descriptor.sql.BasicBinder      : binding parameter [1] as [VARCHAR] - [asdf]
2022-07-19 09:31:37.762  INFO 29396 --- [    Test worker] o.s.t.c.transaction.TransactionContext   : Committed transaction for test: [DefaultTestContext@3e1162e7 testClass = MemberServiceTest, testInstance = kakao.valuetogether.service.MemberServiceTest@2a9fd482, testMethod = 폰번호로아이디찾기예외@MemberServiceTest, testException = [null], mergedContextConfiguration = [WebMergedContextConfiguration@79c3f01f testClass = MemberServiceTest, locations = '{}', classes = '{class kakao.valuetogether.ValuetogetherApplication}', contextInitializerClasses = '[]', activeProfiles = '{}', propertySourceLocations = '{}', propertySourceProperties = '{org.springframework.boot.test.context.SpringBootTestContextBootstrapper=true}', contextCustomizers = set[org.springframework.boot.test.autoconfigure.actuate.metrics.MetricsExportContextCustomizerFactory$DisableMetricExportContextCustomizer@dfddc9a, org.springframework.boot.test.autoconfigure.properties.PropertyMappingContextCustomizer@0, org.springframework.boot.test.autoconfigure.web.servlet.WebDriverContextCustomizerFactory$Customizer@5b529706, org.springframework.boot.test.context.filter.ExcludeFilterContextCustomizer@14dda234, org.springframework.boot.test.json.DuplicateJsonObjectContextCustomizerFactory$DuplicateJsonObjectContextCustomizer@54d18072, org.springframework.boot.test.mock.mockito.MockitoContextCustomizer@0, org.springframework.boot.test.web.client.TestRestTemplateContextCustomizer@4c4748bf, org.springframework.boot.test.context.SpringBootTestArgs@1, org.springframework.boot.test.context.SpringBootTestWebEnvironment@30b19518], resourceBasePath = 'src/main/webapp', contextLoader = 'org.springframework.boot.test.context.SpringBootContextLoader', parent = [null]], attributes = map['org.springframework.test.context.web.ServletTestExecutionListener.activateListener' -> true, 'org.springframework.test.context.web.ServletTestExecutionListener.populatedRequestContextHolder' -> true, 'org.springframework.test.context.web.ServletTestExecutionListener.resetRequestContextHolder' -> true, 'org.springframework.test.context.event.ApplicationEventsTestExecutionListener.recordApplicationEvents' -> false]]
2022-07-19 09:31:37.764  INFO 29396 --- [    Test worker] o.s.t.c.transaction.TransactionContext   : Began transaction (1) for test context [DefaultTestContext@3e1162e7 testClass = MemberServiceTest, testInstance = kakao.valuetogether.service.MemberServiceTest@27d4513e, testMethod = 회원검증및PW재설정@MemberServiceTest, testException = [null], mergedContextConfiguration = [WebMergedContextConfiguration@79c3f01f testClass = MemberServiceTest, locations = '{}', classes = '{class kakao.valuetogether.ValuetogetherApplication}', contextInitializerClasses = '[]', activeProfiles = '{}', propertySourceLocations = '{}', propertySourceProperties = '{org.springframework.boot.test.context.SpringBootTestContextBootstrapper=true}', contextCustomizers = set[org.springframework.boot.test.autoconfigure.actuate.metrics.MetricsExportContextCustomizerFactory$DisableMetricExportContextCustomizer@dfddc9a, org.springframework.boot.test.autoconfigure.properties.PropertyMappingContextCustomizer@0, org.springframework.boot.test.autoconfigure.web.servlet.WebDriverContextCustomizerFactory$Customizer@5b529706, org.springframework.boot.test.context.filter.ExcludeFilterContextCustomizer@14dda234, org.springframework.boot.test.json.DuplicateJsonObjectContextCustomizerFactory$DuplicateJsonObjectContextCustomizer@54d18072, org.springframework.boot.test.mock.mockito.MockitoContextCustomizer@0, org.springframework.boot.test.web.client.TestRestTemplateContextCustomizer@4c4748bf, org.springframework.boot.test.context.SpringBootTestArgs@1, org.springframework.boot.test.context.SpringBootTestWebEnvironment@30b19518], resourceBasePath = 'src/main/webapp', contextLoader = 'org.springframework.boot.test.context.SpringBootContextLoader', parent = [null]], attributes = map['org.springframework.test.context.web.ServletTestExecutionListener.activateListener' -> true, 'org.springframework.test.context.web.ServletTestExecutionListener.populatedRequestContextHolder' -> true, 'org.springframework.test.context.web.ServletTestExecutionListener.resetRequestContextHolder' -> true, 'org.springframework.test.context.event.ApplicationEventsTestExecutionListener.recordApplicationEvents' -> false]]; transaction manager [org.springframework.orm.jpa.JpaTransactionManager@fd5c7f6]; rollback [false]
2022-07-19 09:31:37.766 DEBUG 29396 --- [    Test worker] org.hibernate.SQL                        : 
    select
        member0_.member_id as member_i1_3_,
        member0_.member_address as member_a2_3_,
        member0_.member_birthday as member_b3_3_,
        member0_.member_email as member_e4_3_,
        member0_.member_gender as member_g5_3_,
        member0_.member_name as member_n6_3_,
        member0_.member_nickname as member_n7_3_,
        member0_.member_phone as member_p8_3_,
        member0_.member_pw as member_p9_3_ 
    from
        member member0_ 
    where
        member0_.member_email=?
2022-07-19 09:31:37.767 TRACE 29396 --- [    Test worker] o.h.type.descriptor.sql.BasicBinder      : binding parameter [1] as [VARCHAR] - [email]
2022-07-19 09:31:37.767 TRACE 29396 --- [    Test worker] o.h.type.descriptor.sql.BasicExtractor   : extracted value ([member_i1_3_] : [BIGINT]) - [1]
2022-07-19 09:31:37.769 TRACE 29396 --- [    Test worker] o.h.type.descriptor.sql.BasicExtractor   : extracted value ([member_a2_3_] : [VARCHAR]) - [address]
2022-07-19 09:31:37.769 TRACE 29396 --- [    Test worker] o.h.type.descriptor.sql.BasicExtractor   : extracted value ([member_b3_3_] : [VARCHAR]) - [birthday]
2022-07-19 09:31:37.769 TRACE 29396 --- [    Test worker] o.h.type.descriptor.sql.BasicExtractor   : extracted value ([member_e4_3_] : [VARCHAR]) - [email]
2022-07-19 09:31:37.769 TRACE 29396 --- [    Test worker] o.h.type.descriptor.sql.BasicExtractor   : extracted value ([member_g5_3_] : [VARCHAR]) - [gender]
2022-07-19 09:31:37.769 TRACE 29396 --- [    Test worker] o.h.type.descriptor.sql.BasicExtractor   : extracted value ([member_n6_3_] : [VARCHAR]) - [name]
2022-07-19 09:31:37.770 TRACE 29396 --- [    Test worker] o.h.type.descriptor.sql.BasicExtractor   : extracted value ([member_n7_3_] : [VARCHAR]) - [nickname]
2022-07-19 09:31:37.770 TRACE 29396 --- [    Test worker] o.h.type.descriptor.sql.BasicExtractor   : extracted value ([member_p8_3_] : [VARCHAR]) - [phone]
2022-07-19 09:31:37.770 TRACE 29396 --- [    Test worker] o.h.type.descriptor.sql.BasicExtractor   : extracted value ([member_p9_3_] : [VARCHAR]) - [pw]
2022-07-19 09:31:37.770 TRACE 29396 --- [    Test worker] o.h.type.descriptor.sql.BasicExtractor   : extracted value ([member_i1_3_] : [BIGINT]) - [2]
2022-07-19 09:31:37.770 TRACE 29396 --- [    Test worker] o.h.type.descriptor.sql.BasicExtractor   : extracted value ([member_a2_3_] : [VARCHAR]) - [address]
2022-07-19 09:31:37.770 TRACE 29396 --- [    Test worker] o.h.type.descriptor.sql.BasicExtractor   : extracted value ([member_b3_3_] : [VARCHAR]) - [birthday]
2022-07-19 09:31:37.770 TRACE 29396 --- [    Test worker] o.h.type.descriptor.sql.BasicExtractor   : extracted value ([member_e4_3_] : [VARCHAR]) - [email]
2022-07-19 09:31:37.770 TRACE 29396 --- [    Test worker] o.h.type.descriptor.sql.BasicExtractor   : extracted value ([member_g5_3_] : [VARCHAR]) - [gender]
2022-07-19 09:31:37.770 TRACE 29396 --- [    Test worker] o.h.type.descriptor.sql.BasicExtractor   : extracted value ([member_n6_3_] : [VARCHAR]) - [name]
2022-07-19 09:31:37.770 TRACE 29396 --- [    Test worker] o.h.type.descriptor.sql.BasicExtractor   : extracted value ([member_n7_3_] : [VARCHAR]) - [nickname]
2022-07-19 09:31:37.770 TRACE 29396 --- [    Test worker] o.h.type.descriptor.sql.BasicExtractor   : extracted value ([member_p8_3_] : [VARCHAR]) - [phone]
2022-07-19 09:31:37.770 TRACE 29396 --- [    Test worker] o.h.type.descriptor.sql.BasicExtractor   : extracted value ([member_p9_3_] : [VARCHAR]) - [pw]
2022-07-19 09:31:37.774  INFO 29396 --- [    Test worker] o.s.t.c.transaction.TransactionContext   : Committed transaction for test: [DefaultTestContext@3e1162e7 testClass = MemberServiceTest, testInstance = kakao.valuetogether.service.MemberServiceTest@27d4513e, testMethod = 회원검증및PW재설정@MemberServiceTest, testException = java.lang.IllegalStateException: 이미 존재하는 회원입니다., mergedContextConfiguration = [WebMergedContextConfiguration@79c3f01f testClass = MemberServiceTest, locations = '{}', classes = '{class kakao.valuetogether.ValuetogetherApplication}', contextInitializerClasses = '[]', activeProfiles = '{}', propertySourceLocations = '{}', propertySourceProperties = '{org.springframework.boot.test.context.SpringBootTestContextBootstrapper=true}', contextCustomizers = set[org.springframework.boot.test.autoconfigure.actuate.metrics.MetricsExportContextCustomizerFactory$DisableMetricExportContextCustomizer@dfddc9a, org.springframework.boot.test.autoconfigure.properties.PropertyMappingContextCustomizer@0, org.springframework.boot.test.autoconfigure.web.servlet.WebDriverContextCustomizerFactory$Customizer@5b529706, org.springframework.boot.test.context.filter.ExcludeFilterContextCustomizer@14dda234, org.springframework.boot.test.json.DuplicateJsonObjectContextCustomizerFactory$DuplicateJsonObjectContextCustomizer@54d18072, org.springframework.boot.test.mock.mockito.MockitoContextCustomizer@0, org.springframework.boot.test.web.client.TestRestTemplateContextCustomizer@4c4748bf, org.springframework.boot.test.context.SpringBootTestArgs@1, org.springframework.boot.test.context.SpringBootTestWebEnvironment@30b19518], resourceBasePath = 'src/main/webapp', contextLoader = 'org.springframework.boot.test.context.SpringBootContextLoader', parent = [null]], attributes = map['org.springframework.test.context.web.ServletTestExecutionListener.activateListener' -> true, 'org.springframework.test.context.web.ServletTestExecutionListener.populatedRequestContextHolder' -> true, 'org.springframework.test.context.web.ServletTestExecutionListener.resetRequestContextHolder' -> true, 'org.springframework.test.context.event.ApplicationEventsTestExecutionListener.recordApplicationEvents' -> false]]
2022-07-19 09:31:37.778  INFO 29396 --- [    Test worker] o.s.t.c.transaction.TransactionContext   : Began transaction (1) for test context [DefaultTestContext@3e1162e7 testClass = MemberServiceTest, testInstance = kakao.valuetogether.service.MemberServiceTest@1d7f2719, testMethod = 닉네임이름전화번호로아이디찾기성공및예외@MemberServiceTest, testException = [null], mergedContextConfiguration = [WebMergedContextConfiguration@79c3f01f testClass = MemberServiceTest, locations = '{}', classes = '{class kakao.valuetogether.ValuetogetherApplication}', contextInitializerClasses = '[]', activeProfiles = '{}', propertySourceLocations = '{}', propertySourceProperties = '{org.springframework.boot.test.context.SpringBootTestContextBootstrapper=true}', contextCustomizers = set[org.springframework.boot.test.autoconfigure.actuate.metrics.MetricsExportContextCustomizerFactory$DisableMetricExportContextCustomizer@dfddc9a, org.springframework.boot.test.autoconfigure.properties.PropertyMappingContextCustomizer@0, org.springframework.boot.test.autoconfigure.web.servlet.WebDriverContextCustomizerFactory$Customizer@5b529706, org.springframework.boot.test.context.filter.ExcludeFilterContextCustomizer@14dda234, org.springframework.boot.test.json.DuplicateJsonObjectContextCustomizerFactory$DuplicateJsonObjectContextCustomizer@54d18072, org.springframework.boot.test.mock.mockito.MockitoContextCustomizer@0, org.springframework.boot.test.web.client.TestRestTemplateContextCustomizer@4c4748bf, org.springframework.boot.test.context.SpringBootTestArgs@1, org.springframework.boot.test.context.SpringBootTestWebEnvironment@30b19518], resourceBasePath = 'src/main/webapp', contextLoader = 'org.springframework.boot.test.context.SpringBootContextLoader', parent = [null]], attributes = map['org.springframework.test.context.web.ServletTestExecutionListener.activateListener' -> true, 'org.springframework.test.context.web.ServletTestExecutionListener.populatedRequestContextHolder' -> true, 'org.springframework.test.context.web.ServletTestExecutionListener.resetRequestContextHolder' -> true, 'org.springframework.test.context.event.ApplicationEventsTestExecutionListener.recordApplicationEvents' -> false]]; transaction manager [org.springframework.orm.jpa.JpaTransactionManager@fd5c7f6]; rollback [false]
2022-07-19 09:31:37.780 DEBUG 29396 --- [    Test worker] org.hibernate.SQL                        : 
    insert 
    into
        member
        (member_address, member_birthday, member_email, member_gender, member_name, member_nickname, member_phone, member_pw) 
    values
        (?, ?, ?, ?, ?, ?, ?, ?)
2022-07-19 09:31:37.781 TRACE 29396 --- [    Test worker] o.h.type.descriptor.sql.BasicBinder      : binding parameter [1] as [VARCHAR] - [address]
2022-07-19 09:31:37.781 TRACE 29396 --- [    Test worker] o.h.type.descriptor.sql.BasicBinder      : binding parameter [2] as [VARCHAR] - [birthday]
2022-07-19 09:31:37.781 TRACE 29396 --- [    Test worker] o.h.type.descriptor.sql.BasicBinder      : binding parameter [3] as [VARCHAR] - [email]
2022-07-19 09:31:37.781 TRACE 29396 --- [    Test worker] o.h.type.descriptor.sql.BasicBinder      : binding parameter [4] as [VARCHAR] - [gender]
2022-07-19 09:31:37.781 TRACE 29396 --- [    Test worker] o.h.type.descriptor.sql.BasicBinder      : binding parameter [5] as [VARCHAR] - [name]
2022-07-19 09:31:37.781 TRACE 29396 --- [    Test worker] o.h.type.descriptor.sql.BasicBinder      : binding parameter [6] as [VARCHAR] - [nickname]
2022-07-19 09:31:37.781 TRACE 29396 --- [    Test worker] o.h.type.descriptor.sql.BasicBinder      : binding parameter [7] as [VARCHAR] - [phone]
2022-07-19 09:31:37.781 TRACE 29396 --- [    Test worker] o.h.type.descriptor.sql.BasicBinder      : binding parameter [8] as [VARCHAR] - [pw]
2022-07-19 09:31:37.817 DEBUG 29396 --- [    Test worker] org.hibernate.SQL                        : 
    select
        member0_.member_id as member_i1_3_,
        member0_.member_address as member_a2_3_,
        member0_.member_birthday as member_b3_3_,
        member0_.member_email as member_e4_3_,
        member0_.member_gender as member_g5_3_,
        member0_.member_name as member_n6_3_,
        member0_.member_nickname as member_n7_3_,
        member0_.member_phone as member_p8_3_,
        member0_.member_pw as member_p9_3_ 
    from
        member member0_ 
    where
        (
            member0_.member_nickname=? 
            or member0_.member_name=?
        ) 
        and member0_.member_phone=?
2022-07-19 09:31:37.818 TRACE 29396 --- [    Test worker] o.h.type.descriptor.sql.BasicBinder      : binding parameter [1] as [VARCHAR] - [nickname]
2022-07-19 09:31:37.818 TRACE 29396 --- [    Test worker] o.h.type.descriptor.sql.BasicBinder      : binding parameter [2] as [VARCHAR] - [name]
2022-07-19 09:31:37.818 TRACE 29396 --- [    Test worker] o.h.type.descriptor.sql.BasicBinder      : binding parameter [3] as [VARCHAR] - [phone]
2022-07-19 09:31:37.819 TRACE 29396 --- [    Test worker] o.h.type.descriptor.sql.BasicExtractor   : extracted value ([member_i1_3_] : [BIGINT]) - [1]
2022-07-19 09:31:37.819 TRACE 29396 --- [    Test worker] o.h.type.descriptor.sql.BasicExtractor   : extracted value ([member_a2_3_] : [VARCHAR]) - [address]
2022-07-19 09:31:37.819 TRACE 29396 --- [    Test worker] o.h.type.descriptor.sql.BasicExtractor   : extracted value ([member_b3_3_] : [VARCHAR]) - [birthday]
2022-07-19 09:31:37.819 TRACE 29396 --- [    Test worker] o.h.type.descriptor.sql.BasicExtractor   : extracted value ([member_e4_3_] : [VARCHAR]) - [email]
2022-07-19 09:31:37.819 TRACE 29396 --- [    Test worker] o.h.type.descriptor.sql.BasicExtractor   : extracted value ([member_g5_3_] : [VARCHAR]) - [gender]
2022-07-19 09:31:37.819 TRACE 29396 --- [    Test worker] o.h.type.descriptor.sql.BasicExtractor   : extracted value ([member_n6_3_] : [VARCHAR]) - [name]
2022-07-19 09:31:37.820 TRACE 29396 --- [    Test worker] o.h.type.descriptor.sql.BasicExtractor   : extracted value ([member_n7_3_] : [VARCHAR]) - [nickname]
2022-07-19 09:31:37.820 TRACE 29396 --- [    Test worker] o.h.type.descriptor.sql.BasicExtractor   : extracted value ([member_p8_3_] : [VARCHAR]) - [phone]
2022-07-19 09:31:37.820 TRACE 29396 --- [    Test worker] o.h.type.descriptor.sql.BasicExtractor   : extracted value ([member_p9_3_] : [VARCHAR]) - [pw]
2022-07-19 09:31:37.820 TRACE 29396 --- [    Test worker] o.h.type.descriptor.sql.BasicExtractor   : extracted value ([member_i1_3_] : [BIGINT]) - [2]
2022-07-19 09:31:37.820 TRACE 29396 --- [    Test worker] o.h.type.descriptor.sql.BasicExtractor   : extracted value ([member_a2_3_] : [VARCHAR]) - [address]
2022-07-19 09:31:37.820 TRACE 29396 --- [    Test worker] o.h.type.descriptor.sql.BasicExtractor   : extracted value ([member_b3_3_] : [VARCHAR]) - [birthday]
2022-07-19 09:31:37.820 TRACE 29396 --- [    Test worker] o.h.type.descriptor.sql.BasicExtractor   : extracted value ([member_e4_3_] : [VARCHAR]) - [email]
2022-07-19 09:31:37.820 TRACE 29396 --- [    Test worker] o.h.type.descriptor.sql.BasicExtractor   : extracted value ([member_g5_3_] : [VARCHAR]) - [gender]
2022-07-19 09:31:37.820 TRACE 29396 --- [    Test worker] o.h.type.descriptor.sql.BasicExtractor   : extracted value ([member_n6_3_] : [VARCHAR]) - [name]
2022-07-19 09:31:37.820 TRACE 29396 --- [    Test worker] o.h.type.descriptor.sql.BasicExtractor   : extracted value ([member_n7_3_] : [VARCHAR]) - [nickname]
2022-07-19 09:31:37.820 TRACE 29396 --- [    Test worker] o.h.type.descriptor.sql.BasicExtractor   : extracted value ([member_p8_3_] : [VARCHAR]) - [phone]
2022-07-19 09:31:37.820 TRACE 29396 --- [    Test worker] o.h.type.descriptor.sql.BasicExtractor   : extracted value ([member_p9_3_] : [VARCHAR]) - [pw]
2022-07-19 09:31:37.821 TRACE 29396 --- [    Test worker] o.h.type.descriptor.sql.BasicExtractor   : extracted value ([member_i1_3_] : [BIGINT]) - [3]
2022-07-19 09:31:37.822 DEBUG 29396 --- [    Test worker] org.hibernate.SQL                        : 
    select
        member0_.member_id as member_i1_3_,
        member0_.member_address as member_a2_3_,
        member0_.member_birthday as member_b3_3_,
        member0_.member_email as member_e4_3_,
        member0_.member_gender as member_g5_3_,
        member0_.member_name as member_n6_3_,
        member0_.member_nickname as member_n7_3_,
        member0_.member_phone as member_p8_3_,
        member0_.member_pw as member_p9_3_ 
    from
        member member0_ 
    where
        (
            member0_.member_nickname=? 
            or member0_.member_name=?
        ) 
        and member0_.member_phone=?
2022-07-19 09:31:37.822 TRACE 29396 --- [    Test worker] o.h.type.descriptor.sql.BasicBinder      : binding parameter [1] as [VARCHAR] - [null]
2022-07-19 09:31:37.823 TRACE 29396 --- [    Test worker] o.h.type.descriptor.sql.BasicBinder      : binding parameter [2] as [VARCHAR] - [name]
2022-07-19 09:31:37.823 TRACE 29396 --- [    Test worker] o.h.type.descriptor.sql.BasicBinder      : binding parameter [3] as [VARCHAR] - [phone]
2022-07-19 09:31:37.824 TRACE 29396 --- [    Test worker] o.h.type.descriptor.sql.BasicExtractor   : extracted value ([member_i1_3_] : [BIGINT]) - [1]
2022-07-19 09:31:37.824 TRACE 29396 --- [    Test worker] o.h.type.descriptor.sql.BasicExtractor   : extracted value ([member_i1_3_] : [BIGINT]) - [2]
2022-07-19 09:31:37.824 TRACE 29396 --- [    Test worker] o.h.type.descriptor.sql.BasicExtractor   : extracted value ([member_i1_3_] : [BIGINT]) - [3]
2022-07-19 09:31:37.826 DEBUG 29396 --- [    Test worker] org.hibernate.SQL                        : 
    select
        member0_.member_id as member_i1_3_,
        member0_.member_address as member_a2_3_,
        member0_.member_birthday as member_b3_3_,
        member0_.member_email as member_e4_3_,
        member0_.member_gender as member_g5_3_,
        member0_.member_name as member_n6_3_,
        member0_.member_nickname as member_n7_3_,
        member0_.member_phone as member_p8_3_,
        member0_.member_pw as member_p9_3_ 
    from
        member member0_ 
    where
        (
            member0_.member_nickname=? 
            or member0_.member_name=?
        ) 
        and member0_.member_phone=?
2022-07-19 09:31:37.826 TRACE 29396 --- [    Test worker] o.h.type.descriptor.sql.BasicBinder      : binding parameter [1] as [VARCHAR] - [nickname]
2022-07-19 09:31:37.826 TRACE 29396 --- [    Test worker] o.h.type.descriptor.sql.BasicBinder      : binding parameter [2] as [VARCHAR] - [null]
2022-07-19 09:31:37.826 TRACE 29396 --- [    Test worker] o.h.type.descriptor.sql.BasicBinder      : binding parameter [3] as [VARCHAR] - [phone]
2022-07-19 09:31:37.827 TRACE 29396 --- [    Test worker] o.h.type.descriptor.sql.BasicExtractor   : extracted value ([member_i1_3_] : [BIGINT]) - [1]
2022-07-19 09:31:37.828 TRACE 29396 --- [    Test worker] o.h.type.descriptor.sql.BasicExtractor   : extracted value ([member_i1_3_] : [BIGINT]) - [2]
2022-07-19 09:31:37.828 TRACE 29396 --- [    Test worker] o.h.type.descriptor.sql.BasicExtractor   : extracted value ([member_i1_3_] : [BIGINT]) - [3]
2022-07-19 09:31:37.829 DEBUG 29396 --- [    Test worker] org.hibernate.SQL                        : 
    select
        member0_.member_id as member_i1_3_,
        member0_.member_address as member_a2_3_,
        member0_.member_birthday as member_b3_3_,
        member0_.member_email as member_e4_3_,
        member0_.member_gender as member_g5_3_,
        member0_.member_name as member_n6_3_,
        member0_.member_nickname as member_n7_3_,
        member0_.member_phone as member_p8_3_,
        member0_.member_pw as member_p9_3_ 
    from
        member member0_ 
    where
        (
            member0_.member_nickname=? 
            or member0_.member_name=?
        ) 
        and member0_.member_phone=?
2022-07-19 09:31:37.829 TRACE 29396 --- [    Test worker] o.h.type.descriptor.sql.BasicBinder      : binding parameter [1] as [VARCHAR] - [ㅁ]
2022-07-19 09:31:37.829 TRACE 29396 --- [    Test worker] o.h.type.descriptor.sql.BasicBinder      : binding parameter [2] as [VARCHAR] - [ㅁ]
2022-07-19 09:31:37.829 TRACE 29396 --- [    Test worker] o.h.type.descriptor.sql.BasicBinder      : binding parameter [3] as [VARCHAR] - [phone]
2022-07-19 09:31:37.929  INFO 29396 --- [    Test worker] o.s.t.c.transaction.TransactionContext   : Committed transaction for test: [DefaultTestContext@3e1162e7 testClass = MemberServiceTest, testInstance = kakao.valuetogether.service.MemberServiceTest@1d7f2719, testMethod = 닉네임이름전화번호로아이디찾기성공및예외@MemberServiceTest, testException = [null], mergedContextConfiguration = [WebMergedContextConfiguration@79c3f01f testClass = MemberServiceTest, locations = '{}', classes = '{class kakao.valuetogether.ValuetogetherApplication}', contextInitializerClasses = '[]', activeProfiles = '{}', propertySourceLocations = '{}', propertySourceProperties = '{org.springframework.boot.test.context.SpringBootTestContextBootstrapper=true}', contextCustomizers = set[org.springframework.boot.test.autoconfigure.actuate.metrics.MetricsExportContextCustomizerFactory$DisableMetricExportContextCustomizer@dfddc9a, org.springframework.boot.test.autoconfigure.properties.PropertyMappingContextCustomizer@0, org.springframework.boot.test.autoconfigure.web.servlet.WebDriverContextCustomizerFactory$Customizer@5b529706, org.springframework.boot.test.context.filter.ExcludeFilterContextCustomizer@14dda234, org.springframework.boot.test.json.DuplicateJsonObjectContextCustomizerFactory$DuplicateJsonObjectContextCustomizer@54d18072, org.springframework.boot.test.mock.mockito.MockitoContextCustomizer@0, org.springframework.boot.test.web.client.TestRestTemplateContextCustomizer@4c4748bf, org.springframework.boot.test.context.SpringBootTestArgs@1, org.springframework.boot.test.context.SpringBootTestWebEnvironment@30b19518], resourceBasePath = 'src/main/webapp', contextLoader = 'org.springframework.boot.test.context.SpringBootContextLoader', parent = [null]], attributes = map['org.springframework.test.context.web.ServletTestExecutionListener.activateListener' -> true, 'org.springframework.test.context.web.ServletTestExecutionListener.populatedRequestContextHolder' -> true, 'org.springframework.test.context.web.ServletTestExecutionListener.resetRequestContextHolder' -> true, 'org.springframework.test.context.event.ApplicationEventsTestExecutionListener.recordApplicationEvents' -> false]]
2022-07-19 09:31:37.931  INFO 29396 --- [    Test worker] o.s.t.c.transaction.TransactionContext   : Began transaction (1) for test context [DefaultTestContext@3e1162e7 testClass = MemberServiceTest, testInstance = kakao.valuetogether.service.MemberServiceTest@4fa3bebe, testMethod = 회원가입성공@MemberServiceTest, testException = [null], mergedContextConfiguration = [WebMergedContextConfiguration@79c3f01f testClass = MemberServiceTest, locations = '{}', classes = '{class kakao.valuetogether.ValuetogetherApplication}', contextInitializerClasses = '[]', activeProfiles = '{}', propertySourceLocations = '{}', propertySourceProperties = '{org.springframework.boot.test.context.SpringBootTestContextBootstrapper=true}', contextCustomizers = set[org.springframework.boot.test.autoconfigure.actuate.metrics.MetricsExportContextCustomizerFactory$DisableMetricExportContextCustomizer@dfddc9a, org.springframework.boot.test.autoconfigure.properties.PropertyMappingContextCustomizer@0, org.springframework.boot.test.autoconfigure.web.servlet.WebDriverContextCustomizerFactory$Customizer@5b529706, org.springframework.boot.test.context.filter.ExcludeFilterContextCustomizer@14dda234, org.springframework.boot.test.json.DuplicateJsonObjectContextCustomizerFactory$DuplicateJsonObjectContextCustomizer@54d18072, org.springframework.boot.test.mock.mockito.MockitoContextCustomizer@0, org.springframework.boot.test.web.client.TestRestTemplateContextCustomizer@4c4748bf, org.springframework.boot.test.context.SpringBootTestArgs@1, org.springframework.boot.test.context.SpringBootTestWebEnvironment@30b19518], resourceBasePath = 'src/main/webapp', contextLoader = 'org.springframework.boot.test.context.SpringBootContextLoader', parent = [null]], attributes = map['org.springframework.test.context.web.ServletTestExecutionListener.activateListener' -> true, 'org.springframework.test.context.web.ServletTestExecutionListener.populatedRequestContextHolder' -> true, 'org.springframework.test.context.web.ServletTestExecutionListener.resetRequestContextHolder' -> true, 'org.springframework.test.context.event.ApplicationEventsTestExecutionListener.recordApplicationEvents' -> false]]; transaction manager [org.springframework.orm.jpa.JpaTransactionManager@fd5c7f6]; rollback [false]
2022-07-19 09:31:37.933 DEBUG 29396 --- [    Test worker] org.hibernate.SQL                        : 
    insert 
    into
        member
        (member_address, member_birthday, member_email, member_gender, member_name, member_nickname, member_phone, member_pw) 
    values
        (?, ?, ?, ?, ?, ?, ?, ?)
2022-07-19 09:31:37.933 TRACE 29396 --- [    Test worker] o.h.type.descriptor.sql.BasicBinder      : binding parameter [1] as [VARCHAR] - [address]
2022-07-19 09:31:37.933 TRACE 29396 --- [    Test worker] o.h.type.descriptor.sql.BasicBinder      : binding parameter [2] as [VARCHAR] - [birthday]
2022-07-19 09:31:37.933 TRACE 29396 --- [    Test worker] o.h.type.descriptor.sql.BasicBinder      : binding parameter [3] as [VARCHAR] - [email]
2022-07-19 09:31:37.933 TRACE 29396 --- [    Test worker] o.h.type.descriptor.sql.BasicBinder      : binding parameter [4] as [VARCHAR] - [gender]
2022-07-19 09:31:37.933 TRACE 29396 --- [    Test worker] o.h.type.descriptor.sql.BasicBinder      : binding parameter [5] as [VARCHAR] - [name]
2022-07-19 09:31:37.933 TRACE 29396 --- [    Test worker] o.h.type.descriptor.sql.BasicBinder      : binding parameter [6] as [VARCHAR] - [nickname]
2022-07-19 09:31:37.933 TRACE 29396 --- [    Test worker] o.h.type.descriptor.sql.BasicBinder      : binding parameter [7] as [VARCHAR] - [phone]
2022-07-19 09:31:37.934 TRACE 29396 --- [    Test worker] o.h.type.descriptor.sql.BasicBinder      : binding parameter [8] as [VARCHAR] - [pw]
2022-07-19 09:31:37.965 DEBUG 29396 --- [    Test worker] org.hibernate.SQL                        : 
    insert 
    into
        member
        (member_address, member_birthday, member_email, member_gender, member_name, member_nickname, member_phone, member_pw) 
    values
        (?, ?, ?, ?, ?, ?, ?, ?)
2022-07-19 09:31:37.965 TRACE 29396 --- [    Test worker] o.h.type.descriptor.sql.BasicBinder      : binding parameter [1] as [VARCHAR] - [address]
2022-07-19 09:31:37.965 TRACE 29396 --- [    Test worker] o.h.type.descriptor.sql.BasicBinder      : binding parameter [2] as [VARCHAR] - [birthday]
2022-07-19 09:31:37.965 TRACE 29396 --- [    Test worker] o.h.type.descriptor.sql.BasicBinder      : binding parameter [3] as [VARCHAR] - [email123]
2022-07-19 09:31:37.965 TRACE 29396 --- [    Test worker] o.h.type.descriptor.sql.BasicBinder      : binding parameter [4] as [VARCHAR] - [gender]
2022-07-19 09:31:37.965 TRACE 29396 --- [    Test worker] o.h.type.descriptor.sql.BasicBinder      : binding parameter [5] as [VARCHAR] - [name]
2022-07-19 09:31:37.966 TRACE 29396 --- [    Test worker] o.h.type.descriptor.sql.BasicBinder      : binding parameter [6] as [VARCHAR] - [nickname]
2022-07-19 09:31:37.966 TRACE 29396 --- [    Test worker] o.h.type.descriptor.sql.BasicBinder      : binding parameter [7] as [VARCHAR] - [phone]
2022-07-19 09:31:37.966 TRACE 29396 --- [    Test worker] o.h.type.descriptor.sql.BasicBinder      : binding parameter [8] as [VARCHAR] - [pw]
2022-07-19 09:31:37.967 DEBUG 29396 --- [    Test worker] org.hibernate.SQL                        : 
    select
        member0_.member_id as member_i1_3_,
        member0_.member_address as member_a2_3_,
        member0_.member_birthday as member_b3_3_,
        member0_.member_email as member_e4_3_,
        member0_.member_gender as member_g5_3_,
        member0_.member_name as member_n6_3_,
        member0_.member_nickname as member_n7_3_,
        member0_.member_phone as member_p8_3_,
        member0_.member_pw as member_p9_3_ 
    from
        member member0_ 
    where
        member0_.member_email=?
2022-07-19 09:31:37.967 TRACE 29396 --- [    Test worker] o.h.type.descriptor.sql.BasicBinder      : binding parameter [1] as [VARCHAR] - [email3]
2022-07-19 09:31:37.968 DEBUG 29396 --- [    Test worker] org.hibernate.SQL                        : 
    insert 
    into
        member
        (member_address, member_birthday, member_email, member_gender, member_name, member_nickname, member_phone, member_pw) 
    values
        (?, ?, ?, ?, ?, ?, ?, ?)
2022-07-19 09:31:37.968 TRACE 29396 --- [    Test worker] o.h.type.descriptor.sql.BasicBinder      : binding parameter [1] as [VARCHAR] - [address]
2022-07-19 09:31:37.968 TRACE 29396 --- [    Test worker] o.h.type.descriptor.sql.BasicBinder      : binding parameter [2] as [VARCHAR] - [birthday]
2022-07-19 09:31:37.968 TRACE 29396 --- [    Test worker] o.h.type.descriptor.sql.BasicBinder      : binding parameter [3] as [VARCHAR] - [email3]
2022-07-19 09:31:37.968 TRACE 29396 --- [    Test worker] o.h.type.descriptor.sql.BasicBinder      : binding parameter [4] as [VARCHAR] - [gender]
2022-07-19 09:31:37.968 TRACE 29396 --- [    Test worker] o.h.type.descriptor.sql.BasicBinder      : binding parameter [5] as [VARCHAR] - [name]
2022-07-19 09:31:37.969 TRACE 29396 --- [    Test worker] o.h.type.descriptor.sql.BasicBinder      : binding parameter [6] as [VARCHAR] - [nickname]
2022-07-19 09:31:37.969 TRACE 29396 --- [    Test worker] o.h.type.descriptor.sql.BasicBinder      : binding parameter [7] as [VARCHAR] - [phone]
2022-07-19 09:31:37.969 TRACE 29396 --- [    Test worker] o.h.type.descriptor.sql.BasicBinder      : binding parameter [8] as [VARCHAR] - [pw]
2022-07-19 09:31:38.187  INFO 29396 --- [    Test worker] o.s.t.c.transaction.TransactionContext   : Committed transaction for test: [DefaultTestContext@3e1162e7 testClass = MemberServiceTest, testInstance = kakao.valuetogether.service.MemberServiceTest@4fa3bebe, testMethod = 회원가입성공@MemberServiceTest, testException = [null], mergedContextConfiguration = [WebMergedContextConfiguration@79c3f01f testClass = MemberServiceTest, locations = '{}', classes = '{class kakao.valuetogether.ValuetogetherApplication}', contextInitializerClasses = '[]', activeProfiles = '{}', propertySourceLocations = '{}', propertySourceProperties = '{org.springframework.boot.test.context.SpringBootTestContextBootstrapper=true}', contextCustomizers = set[org.springframework.boot.test.autoconfigure.actuate.metrics.MetricsExportContextCustomizerFactory$DisableMetricExportContextCustomizer@dfddc9a, org.springframework.boot.test.autoconfigure.properties.PropertyMappingContextCustomizer@0, org.springframework.boot.test.autoconfigure.web.servlet.WebDriverContextCustomizerFactory$Customizer@5b529706, org.springframework.boot.test.context.filter.ExcludeFilterContextCustomizer@14dda234, org.springframework.boot.test.json.DuplicateJsonObjectContextCustomizerFactory$DuplicateJsonObjectContextCustomizer@54d18072, org.springframework.boot.test.mock.mockito.MockitoContextCustomizer@0, org.springframework.boot.test.web.client.TestRestTemplateContextCustomizer@4c4748bf, org.springframework.boot.test.context.SpringBootTestArgs@1, org.springframework.boot.test.context.SpringBootTestWebEnvironment@30b19518], resourceBasePath = 'src/main/webapp', contextLoader = 'org.springframework.boot.test.context.SpringBootContextLoader', parent = [null]], attributes = map['org.springframework.test.context.web.ServletTestExecutionListener.activateListener' -> true, 'org.springframework.test.context.web.ServletTestExecutionListener.populatedRequestContextHolder' -> true, 'org.springframework.test.context.web.ServletTestExecutionListener.resetRequestContextHolder' -> true, 'org.springframework.test.context.event.ApplicationEventsTestExecutionListener.recordApplicationEvents' -> false]]
2022-07-19 09:31:38.189  INFO 29396 --- [    Test worker] o.s.t.c.transaction.TransactionContext   : Began transaction (1) for test context [DefaultTestContext@3e1162e7 testClass = MemberServiceTest, testInstance = kakao.valuetogether.service.MemberServiceTest@a3f1f32, testMethod = 회원가입예외@MemberServiceTest, testException = [null], mergedContextConfiguration = [WebMergedContextConfiguration@79c3f01f testClass = MemberServiceTest, locations = '{}', classes = '{class kakao.valuetogether.ValuetogetherApplication}', contextInitializerClasses = '[]', activeProfiles = '{}', propertySourceLocations = '{}', propertySourceProperties = '{org.springframework.boot.test.context.SpringBootTestContextBootstrapper=true}', contextCustomizers = set[org.springframework.boot.test.autoconfigure.actuate.metrics.MetricsExportContextCustomizerFactory$DisableMetricExportContextCustomizer@dfddc9a, org.springframework.boot.test.autoconfigure.properties.PropertyMappingContextCustomizer@0, org.springframework.boot.test.autoconfigure.web.servlet.WebDriverContextCustomizerFactory$Customizer@5b529706, org.springframework.boot.test.context.filter.ExcludeFilterContextCustomizer@14dda234, org.springframework.boot.test.json.DuplicateJsonObjectContextCustomizerFactory$DuplicateJsonObjectContextCustomizer@54d18072, org.springframework.boot.test.mock.mockito.MockitoContextCustomizer@0, org.springframework.boot.test.web.client.TestRestTemplateContextCustomizer@4c4748bf, org.springframework.boot.test.context.SpringBootTestArgs@1, org.springframework.boot.test.context.SpringBootTestWebEnvironment@30b19518], resourceBasePath = 'src/main/webapp', contextLoader = 'org.springframework.boot.test.context.SpringBootContextLoader', parent = [null]], attributes = map['org.springframework.test.context.web.ServletTestExecutionListener.activateListener' -> true, 'org.springframework.test.context.web.ServletTestExecutionListener.populatedRequestContextHolder' -> true, 'org.springframework.test.context.web.ServletTestExecutionListener.resetRequestContextHolder' -> true, 'org.springframework.test.context.event.ApplicationEventsTestExecutionListener.recordApplicationEvents' -> false]]; transaction manager [org.springframework.orm.jpa.JpaTransactionManager@fd5c7f6]; rollback [false]
2022-07-19 09:31:38.191 DEBUG 29396 --- [    Test worker] org.hibernate.SQL                        : 
    insert 
    into
        member
        (member_address, member_birthday, member_email, member_gender, member_name, member_nickname, member_phone, member_pw) 
    values
        (?, ?, ?, ?, ?, ?, ?, ?)
2022-07-19 09:31:38.191 TRACE 29396 --- [    Test worker] o.h.type.descriptor.sql.BasicBinder      : binding parameter [1] as [VARCHAR] - [address]
2022-07-19 09:31:38.191 TRACE 29396 --- [    Test worker] o.h.type.descriptor.sql.BasicBinder      : binding parameter [2] as [VARCHAR] - [birthday]
2022-07-19 09:31:38.191 TRACE 29396 --- [    Test worker] o.h.type.descriptor.sql.BasicBinder      : binding parameter [3] as [VARCHAR] - [email1111]
2022-07-19 09:31:38.191 TRACE 29396 --- [    Test worker] o.h.type.descriptor.sql.BasicBinder      : binding parameter [4] as [VARCHAR] - [gender]
2022-07-19 09:31:38.191 TRACE 29396 --- [    Test worker] o.h.type.descriptor.sql.BasicBinder      : binding parameter [5] as [VARCHAR] - [name]
2022-07-19 09:31:38.191 TRACE 29396 --- [    Test worker] o.h.type.descriptor.sql.BasicBinder      : binding parameter [6] as [VARCHAR] - [nickname]
2022-07-19 09:31:38.191 TRACE 29396 --- [    Test worker] o.h.type.descriptor.sql.BasicBinder      : binding parameter [7] as [VARCHAR] - [phone]
2022-07-19 09:31:38.191 TRACE 29396 --- [    Test worker] o.h.type.descriptor.sql.BasicBinder      : binding parameter [8] as [VARCHAR] - [pw]
2022-07-19 09:31:38.217 DEBUG 29396 --- [    Test worker] org.hibernate.SQL                        : 
    insert 
    into
        member
        (member_address, member_birthday, member_email, member_gender, member_name, member_nickname, member_phone, member_pw) 
    values
        (?, ?, ?, ?, ?, ?, ?, ?)
2022-07-19 09:31:38.218 TRACE 29396 --- [    Test worker] o.h.type.descriptor.sql.BasicBinder      : binding parameter [1] as [VARCHAR] - [address]
2022-07-19 09:31:38.218 TRACE 29396 --- [    Test worker] o.h.type.descriptor.sql.BasicBinder      : binding parameter [2] as [VARCHAR] - [birthday]
2022-07-19 09:31:38.218 TRACE 29396 --- [    Test worker] o.h.type.descriptor.sql.BasicBinder      : binding parameter [3] as [VARCHAR] - [email123]
2022-07-19 09:31:38.218 TRACE 29396 --- [    Test worker] o.h.type.descriptor.sql.BasicBinder      : binding parameter [4] as [VARCHAR] - [gender]
2022-07-19 09:31:38.218 TRACE 29396 --- [    Test worker] o.h.type.descriptor.sql.BasicBinder      : binding parameter [5] as [VARCHAR] - [name]
2022-07-19 09:31:38.218 TRACE 29396 --- [    Test worker] o.h.type.descriptor.sql.BasicBinder      : binding parameter [6] as [VARCHAR] - [nickname]
2022-07-19 09:31:38.218 TRACE 29396 --- [    Test worker] o.h.type.descriptor.sql.BasicBinder      : binding parameter [7] as [VARCHAR] - [phone]
2022-07-19 09:31:38.218 TRACE 29396 --- [    Test worker] o.h.type.descriptor.sql.BasicBinder      : binding parameter [8] as [VARCHAR] - [pw]
2022-07-19 09:31:38.219 DEBUG 29396 --- [    Test worker] org.hibernate.SQL                        : 
    select
        member0_.member_id as member_i1_3_,
        member0_.member_address as member_a2_3_,
        member0_.member_birthday as member_b3_3_,
        member0_.member_email as member_e4_3_,
        member0_.member_gender as member_g5_3_,
        member0_.member_name as member_n6_3_,
        member0_.member_nickname as member_n7_3_,
        member0_.member_phone as member_p8_3_,
        member0_.member_pw as member_p9_3_ 
    from
        member member0_ 
    where
        member0_.member_email=?
2022-07-19 09:31:38.219 TRACE 29396 --- [    Test worker] o.h.type.descriptor.sql.BasicBinder      : binding parameter [1] as [VARCHAR] - [email1111]
2022-07-19 09:31:38.219 TRACE 29396 --- [    Test worker] o.h.type.descriptor.sql.BasicExtractor   : extracted value ([member_i1_3_] : [BIGINT]) - [7]
2022-07-19 09:31:38.361  INFO 29396 --- [    Test worker] o.s.t.c.transaction.TransactionContext   : Committed transaction for test: [DefaultTestContext@3e1162e7 testClass = MemberServiceTest, testInstance = kakao.valuetogether.service.MemberServiceTest@a3f1f32, testMethod = 회원가입예외@MemberServiceTest, testException = [null], mergedContextConfiguration = [WebMergedContextConfiguration@79c3f01f testClass = MemberServiceTest, locations = '{}', classes = '{class kakao.valuetogether.ValuetogetherApplication}', contextInitializerClasses = '[]', activeProfiles = '{}', propertySourceLocations = '{}', propertySourceProperties = '{org.springframework.boot.test.context.SpringBootTestContextBootstrapper=true}', contextCustomizers = set[org.springframework.boot.test.autoconfigure.actuate.metrics.MetricsExportContextCustomizerFactory$DisableMetricExportContextCustomizer@dfddc9a, org.springframework.boot.test.autoconfigure.properties.PropertyMappingContextCustomizer@0, org.springframework.boot.test.autoconfigure.web.servlet.WebDriverContextCustomizerFactory$Customizer@5b529706, org.springframework.boot.test.context.filter.ExcludeFilterContextCustomizer@14dda234, org.springframework.boot.test.json.DuplicateJsonObjectContextCustomizerFactory$DuplicateJsonObjectContextCustomizer@54d18072, org.springframework.boot.test.mock.mockito.MockitoContextCustomizer@0, org.springframework.boot.test.web.client.TestRestTemplateContextCustomizer@4c4748bf, org.springframework.boot.test.context.SpringBootTestArgs@1, org.springframework.boot.test.context.SpringBootTestWebEnvironment@30b19518], resourceBasePath = 'src/main/webapp', contextLoader = 'org.springframework.boot.test.context.SpringBootContextLoader', parent = [null]], attributes = map['org.springframework.test.context.web.ServletTestExecutionListener.activateListener' -> true, 'org.springframework.test.context.web.ServletTestExecutionListener.populatedRequestContextHolder' -> true, 'org.springframework.test.context.web.ServletTestExecutionListener.resetRequestContextHolder' -> true, 'org.springframework.test.context.event.ApplicationEventsTestExecutionListener.recordApplicationEvents' -> false]]
2022-07-19 09:31:38.364  INFO 29396 --- [    Test worker] o.s.t.c.transaction.TransactionContext   : Began transaction (1) for test context [DefaultTestContext@3e1162e7 testClass = MemberServiceTest, testInstance = kakao.valuetogether.service.MemberServiceTest@56e9126f, testMethod = 회원탈퇴@MemberServiceTest, testException = [null], mergedContextConfiguration = [WebMergedContextConfiguration@79c3f01f testClass = MemberServiceTest, locations = '{}', classes = '{class kakao.valuetogether.ValuetogetherApplication}', contextInitializerClasses = '[]', activeProfiles = '{}', propertySourceLocations = '{}', propertySourceProperties = '{org.springframework.boot.test.context.SpringBootTestContextBootstrapper=true}', contextCustomizers = set[org.springframework.boot.test.autoconfigure.actuate.metrics.MetricsExportContextCustomizerFactory$DisableMetricExportContextCustomizer@dfddc9a, org.springframework.boot.test.autoconfigure.properties.PropertyMappingContextCustomizer@0, org.springframework.boot.test.autoconfigure.web.servlet.WebDriverContextCustomizerFactory$Customizer@5b529706, org.springframework.boot.test.context.filter.ExcludeFilterContextCustomizer@14dda234, org.springframework.boot.test.json.DuplicateJsonObjectContextCustomizerFactory$DuplicateJsonObjectContextCustomizer@54d18072, org.springframework.boot.test.mock.mockito.MockitoContextCustomizer@0, org.springframework.boot.test.web.client.TestRestTemplateContextCustomizer@4c4748bf, org.springframework.boot.test.context.SpringBootTestArgs@1, org.springframework.boot.test.context.SpringBootTestWebEnvironment@30b19518], resourceBasePath = 'src/main/webapp', contextLoader = 'org.springframework.boot.test.context.SpringBootContextLoader', parent = [null]], attributes = map['org.springframework.test.context.web.ServletTestExecutionListener.activateListener' -> true, 'org.springframework.test.context.web.ServletTestExecutionListener.populatedRequestContextHolder' -> true, 'org.springframework.test.context.web.ServletTestExecutionListener.resetRequestContextHolder' -> true, 'org.springframework.test.context.event.ApplicationEventsTestExecutionListener.recordApplicationEvents' -> false]]; transaction manager [org.springframework.orm.jpa.JpaTransactionManager@fd5c7f6]; rollback [false]
2022-07-19 09:31:38.366 DEBUG 29396 --- [    Test worker] org.hibernate.SQL                        : 
    insert 
    into
        member
        (member_address, member_birthday, member_email, member_gender, member_name, member_nickname, member_phone, member_pw) 
    values
        (?, ?, ?, ?, ?, ?, ?, ?)
2022-07-19 09:31:38.366 TRACE 29396 --- [    Test worker] o.h.type.descriptor.sql.BasicBinder      : binding parameter [1] as [VARCHAR] - [address]
2022-07-19 09:31:38.366 TRACE 29396 --- [    Test worker] o.h.type.descriptor.sql.BasicBinder      : binding parameter [2] as [VARCHAR] - [birthday]
2022-07-19 09:31:38.366 TRACE 29396 --- [    Test worker] o.h.type.descriptor.sql.BasicBinder      : binding parameter [3] as [VARCHAR] - [email]
2022-07-19 09:31:38.366 TRACE 29396 --- [    Test worker] o.h.type.descriptor.sql.BasicBinder      : binding parameter [4] as [VARCHAR] - [gender]
2022-07-19 09:31:38.366 TRACE 29396 --- [    Test worker] o.h.type.descriptor.sql.BasicBinder      : binding parameter [5] as [VARCHAR] - [name]
2022-07-19 09:31:38.366 TRACE 29396 --- [    Test worker] o.h.type.descriptor.sql.BasicBinder      : binding parameter [6] as [VARCHAR] - [nickname]
2022-07-19 09:31:38.366 TRACE 29396 --- [    Test worker] o.h.type.descriptor.sql.BasicBinder      : binding parameter [7] as [VARCHAR] - [phone]
2022-07-19 09:31:38.366 TRACE 29396 --- [    Test worker] o.h.type.descriptor.sql.BasicBinder      : binding parameter [8] as [VARCHAR] - [pw]
2022-07-19 09:31:38.398 DEBUG 29396 --- [    Test worker] org.hibernate.SQL                        : 
    insert 
    into
        member
        (member_address, member_birthday, member_email, member_gender, member_name, member_nickname, member_phone, member_pw) 
    values
        (?, ?, ?, ?, ?, ?, ?, ?)
2022-07-19 09:31:38.398 TRACE 29396 --- [    Test worker] o.h.type.descriptor.sql.BasicBinder      : binding parameter [1] as [VARCHAR] - [address]
2022-07-19 09:31:38.398 TRACE 29396 --- [    Test worker] o.h.type.descriptor.sql.BasicBinder      : binding parameter [2] as [VARCHAR] - [birthday]
2022-07-19 09:31:38.399 TRACE 29396 --- [    Test worker] o.h.type.descriptor.sql.BasicBinder      : binding parameter [3] as [VARCHAR] - [email1]
2022-07-19 09:31:38.399 TRACE 29396 --- [    Test worker] o.h.type.descriptor.sql.BasicBinder      : binding parameter [4] as [VARCHAR] - [gender]
2022-07-19 09:31:38.399 TRACE 29396 --- [    Test worker] o.h.type.descriptor.sql.BasicBinder      : binding parameter [5] as [VARCHAR] - [name]
2022-07-19 09:31:38.399 TRACE 29396 --- [    Test worker] o.h.type.descriptor.sql.BasicBinder      : binding parameter [6] as [VARCHAR] - [nickname]
2022-07-19 09:31:38.399 TRACE 29396 --- [    Test worker] o.h.type.descriptor.sql.BasicBinder      : binding parameter [7] as [VARCHAR] - [phone]
2022-07-19 09:31:38.399 TRACE 29396 --- [    Test worker] o.h.type.descriptor.sql.BasicBinder      : binding parameter [8] as [VARCHAR] - [pw]
2022-07-19 09:31:38.415 DEBUG 29396 --- [    Test worker] org.hibernate.SQL                        : 
    delete 
    from
        member 
    where
        member_id=?
2022-07-19 09:31:38.416 TRACE 29396 --- [    Test worker] o.h.type.descriptor.sql.BasicBinder      : binding parameter [1] as [BIGINT] - [9]
2022-07-19 09:31:38.774  INFO 29396 --- [    Test worker] o.s.t.c.transaction.TransactionContext   : Committed transaction for test: [DefaultTestContext@3e1162e7 testClass = MemberServiceTest, testInstance = kakao.valuetogether.service.MemberServiceTest@56e9126f, testMethod = 회원탈퇴@MemberServiceTest, testException = [null], mergedContextConfiguration = [WebMergedContextConfiguration@79c3f01f testClass = MemberServiceTest, locations = '{}', classes = '{class kakao.valuetogether.ValuetogetherApplication}', contextInitializerClasses = '[]', activeProfiles = '{}', propertySourceLocations = '{}', propertySourceProperties = '{org.springframework.boot.test.context.SpringBootTestContextBootstrapper=true}', contextCustomizers = set[org.springframework.boot.test.autoconfigure.actuate.metrics.MetricsExportContextCustomizerFactory$DisableMetricExportContextCustomizer@dfddc9a, org.springframework.boot.test.autoconfigure.properties.PropertyMappingContextCustomizer@0, org.springframework.boot.test.autoconfigure.web.servlet.WebDriverContextCustomizerFactory$Customizer@5b529706, org.springframework.boot.test.context.filter.ExcludeFilterContextCustomizer@14dda234, org.springframework.boot.test.json.DuplicateJsonObjectContextCustomizerFactory$DuplicateJsonObjectContextCustomizer@54d18072, org.springframework.boot.test.mock.mockito.MockitoContextCustomizer@0, org.springframework.boot.test.web.client.TestRestTemplateContextCustomizer@4c4748bf, org.springframework.boot.test.context.SpringBootTestArgs@1, org.springframework.boot.test.context.SpringBootTestWebEnvironment@30b19518], resourceBasePath = 'src/main/webapp', contextLoader = 'org.springframework.boot.test.context.SpringBootContextLoader', parent = [null]], attributes = map['org.springframework.test.context.web.ServletTestExecutionListener.activateListener' -> true, 'org.springframework.test.context.web.ServletTestExecutionListener.populatedRequestContextHolder' -> true, 'org.springframework.test.context.web.ServletTestExecutionListener.resetRequestContextHolder' -> true, 'org.springframework.test.context.event.ApplicationEventsTestExecutionListener.recordApplicationEvents' -> false]]
]]></system-out>
  <system-err><![CDATA[]]></system-err>
</testsuite>
