<?xml version="1.0" encoding="UTF-8"?>
<testsuite name="kakao.valuetogether.service.MemberServiceTest" tests="7" skipped="0" failures="0" errors="0" timestamp="2022-08-03T08:19:04" hostname="DESKTOP-8DQF55R" time="0.782">
  <properties/>
  <testcase name="폰번호로아이디찾기성공" classname="kakao.valuetogether.service.MemberServiceTest" time="0.069"/>
  <testcase name="폰번호로아이디찾기예외" classname="kakao.valuetogether.service.MemberServiceTest" time="0.055"/>
  <testcase name="회원검증및PW재설정" classname="kakao.valuetogether.service.MemberServiceTest" time="0.257"/>
  <testcase name="닉네임이름전화번호로아이디찾기성공및예외" classname="kakao.valuetogether.service.MemberServiceTest" time="0.086"/>
  <testcase name="회원가입성공" classname="kakao.valuetogether.service.MemberServiceTest" time="0.081"/>
  <testcase name="회원가입예외" classname="kakao.valuetogether.service.MemberServiceTest" time="0.175"/>
  <testcase name="회원탈퇴" classname="kakao.valuetogether.service.MemberServiceTest" time="0.055"/>
  <system-out><![CDATA[2022-08-03 17:19:04.342  INFO 33572 --- [    Test worker] o.s.t.c.transaction.TransactionContext   : Began transaction (1) for test context [DefaultTestContext@589dac96 testClass = MemberServiceTest, testInstance = kakao.valuetogether.service.MemberServiceTest@792bf78a, testMethod = 폰번호로아이디찾기성공@MemberServiceTest, testException = [null], mergedContextConfiguration = [WebMergedContextConfiguration@4e60925d testClass = MemberServiceTest, locations = '{}', classes = '{class kakao.valuetogether.ValuetogetherApplication}', contextInitializerClasses = '[]', activeProfiles = '{}', propertySourceLocations = '{}', propertySourceProperties = '{org.springframework.boot.test.context.SpringBootTestContextBootstrapper=true}', contextCustomizers = set[org.springframework.boot.test.autoconfigure.actuate.metrics.MetricsExportContextCustomizerFactory$DisableMetricExportContextCustomizer@422c3c7a, org.springframework.boot.test.autoconfigure.properties.PropertyMappingContextCustomizer@0, org.springframework.boot.test.autoconfigure.web.servlet.WebDriverContextCustomizerFactory$Customizer@306851c7, org.springframework.boot.test.context.filter.ExcludeFilterContextCustomizer@41813449, org.springframework.boot.test.json.DuplicateJsonObjectContextCustomizerFactory$DuplicateJsonObjectContextCustomizer@5b07730f, org.springframework.boot.test.mock.mockito.MockitoContextCustomizer@0, org.springframework.boot.test.web.client.TestRestTemplateContextCustomizer@556d0826, org.springframework.boot.test.context.SpringBootTestArgs@1, org.springframework.boot.test.context.SpringBootTestWebEnvironment@15a04efb], resourceBasePath = 'src/main/webapp', contextLoader = 'org.springframework.boot.test.context.SpringBootContextLoader', parent = [null]], attributes = map['org.springframework.test.context.web.ServletTestExecutionListener.activateListener' -> true, 'org.springframework.test.context.web.ServletTestExecutionListener.populatedRequestContextHolder' -> true, 'org.springframework.test.context.web.ServletTestExecutionListener.resetRequestContextHolder' -> true, 'org.springframework.test.context.event.ApplicationEventsTestExecutionListener.recordApplicationEvents' -> false]]; transaction manager [org.springframework.orm.jpa.JpaTransactionManager@77d7d2d0]; rollback [true]
2022-08-03 17:19:04.343 DEBUG 33572 --- [    Test worker] org.hibernate.SQL                        : 
    insert 
    into
        member
        (member_address, member_birthday, member_email, member_gender, member_name, member_nickname, member_phone, member_pw) 
    values
        (?, ?, ?, ?, ?, ?, ?, ?)
2022-08-03 17:19:04.343 TRACE 33572 --- [    Test worker] o.h.type.descriptor.sql.BasicBinder      : binding parameter [1] as [VARCHAR] - [address]
2022-08-03 17:19:04.343 TRACE 33572 --- [    Test worker] o.h.type.descriptor.sql.BasicBinder      : binding parameter [2] as [VARCHAR] - [birthday]
2022-08-03 17:19:04.343 TRACE 33572 --- [    Test worker] o.h.type.descriptor.sql.BasicBinder      : binding parameter [3] as [VARCHAR] - [email6]
2022-08-03 17:19:04.343 TRACE 33572 --- [    Test worker] o.h.type.descriptor.sql.BasicBinder      : binding parameter [4] as [VARCHAR] - [gender]
2022-08-03 17:19:04.343 TRACE 33572 --- [    Test worker] o.h.type.descriptor.sql.BasicBinder      : binding parameter [5] as [VARCHAR] - [name]
2022-08-03 17:19:04.343 TRACE 33572 --- [    Test worker] o.h.type.descriptor.sql.BasicBinder      : binding parameter [6] as [VARCHAR] - [nickname]
2022-08-03 17:19:04.344 TRACE 33572 --- [    Test worker] o.h.type.descriptor.sql.BasicBinder      : binding parameter [7] as [VARCHAR] - [phone]
2022-08-03 17:19:04.344 TRACE 33572 --- [    Test worker] o.h.type.descriptor.sql.BasicBinder      : binding parameter [8] as [VARCHAR] - [pw]
2022-08-03 17:19:04.362 DEBUG 33572 --- [    Test worker] org.hibernate.SQL                        : 
    select
        member0_.member_id as member_i1_3_,
        member0_.member_address as member_a2_3_,
        member0_.member_birthday as member_b3_3_,
        member0_.member_email as member_e4_3_,
        member0_.member_gender as member_g5_3_,
        member0_.member_name as member_n6_3_,
        member0_.member_nickname as member_n7_3_,
        member0_.member_phone as member_p8_3_,
        member0_.member_pw as member_p9_3_ 
    from
        member member0_ 
    where
        member0_.member_phone=?
2022-08-03 17:19:04.362 TRACE 33572 --- [    Test worker] o.h.type.descriptor.sql.BasicBinder      : binding parameter [1] as [VARCHAR] - [phone]
2022-08-03 17:19:04.371 TRACE 33572 --- [    Test worker] o.h.type.descriptor.sql.BasicExtractor   : extracted value ([member_i1_3_] : [BIGINT]) - [1201]
2022-08-03 17:19:04.394  INFO 33572 --- [    Test worker] o.s.t.c.transaction.TransactionContext   : Rolled back transaction for test: [DefaultTestContext@589dac96 testClass = MemberServiceTest, testInstance = kakao.valuetogether.service.MemberServiceTest@792bf78a, testMethod = 폰번호로아이디찾기성공@MemberServiceTest, testException = [null], mergedContextConfiguration = [WebMergedContextConfiguration@4e60925d testClass = MemberServiceTest, locations = '{}', classes = '{class kakao.valuetogether.ValuetogetherApplication}', contextInitializerClasses = '[]', activeProfiles = '{}', propertySourceLocations = '{}', propertySourceProperties = '{org.springframework.boot.test.context.SpringBootTestContextBootstrapper=true}', contextCustomizers = set[org.springframework.boot.test.autoconfigure.actuate.metrics.MetricsExportContextCustomizerFactory$DisableMetricExportContextCustomizer@422c3c7a, org.springframework.boot.test.autoconfigure.properties.PropertyMappingContextCustomizer@0, org.springframework.boot.test.autoconfigure.web.servlet.WebDriverContextCustomizerFactory$Customizer@306851c7, org.springframework.boot.test.context.filter.ExcludeFilterContextCustomizer@41813449, org.springframework.boot.test.json.DuplicateJsonObjectContextCustomizerFactory$DuplicateJsonObjectContextCustomizer@5b07730f, org.springframework.boot.test.mock.mockito.MockitoContextCustomizer@0, org.springframework.boot.test.web.client.TestRestTemplateContextCustomizer@556d0826, org.springframework.boot.test.context.SpringBootTestArgs@1, org.springframework.boot.test.context.SpringBootTestWebEnvironment@15a04efb], resourceBasePath = 'src/main/webapp', contextLoader = 'org.springframework.boot.test.context.SpringBootContextLoader', parent = [null]], attributes = map['org.springframework.test.context.web.ServletTestExecutionListener.activateListener' -> true, 'org.springframework.test.context.web.ServletTestExecutionListener.populatedRequestContextHolder' -> true, 'org.springframework.test.context.web.ServletTestExecutionListener.resetRequestContextHolder' -> true, 'org.springframework.test.context.event.ApplicationEventsTestExecutionListener.recordApplicationEvents' -> false]]
2022-08-03 17:19:04.404  INFO 33572 --- [    Test worker] o.s.t.c.transaction.TransactionContext   : Began transaction (1) for test context [DefaultTestContext@589dac96 testClass = MemberServiceTest, testInstance = kakao.valuetogether.service.MemberServiceTest@77f2807f, testMethod = 폰번호로아이디찾기예외@MemberServiceTest, testException = [null], mergedContextConfiguration = [WebMergedContextConfiguration@4e60925d testClass = MemberServiceTest, locations = '{}', classes = '{class kakao.valuetogether.ValuetogetherApplication}', contextInitializerClasses = '[]', activeProfiles = '{}', propertySourceLocations = '{}', propertySourceProperties = '{org.springframework.boot.test.context.SpringBootTestContextBootstrapper=true}', contextCustomizers = set[org.springframework.boot.test.autoconfigure.actuate.metrics.MetricsExportContextCustomizerFactory$DisableMetricExportContextCustomizer@422c3c7a, org.springframework.boot.test.autoconfigure.properties.PropertyMappingContextCustomizer@0, org.springframework.boot.test.autoconfigure.web.servlet.WebDriverContextCustomizerFactory$Customizer@306851c7, org.springframework.boot.test.context.filter.ExcludeFilterContextCustomizer@41813449, org.springframework.boot.test.json.DuplicateJsonObjectContextCustomizerFactory$DuplicateJsonObjectContextCustomizer@5b07730f, org.springframework.boot.test.mock.mockito.MockitoContextCustomizer@0, org.springframework.boot.test.web.client.TestRestTemplateContextCustomizer@556d0826, org.springframework.boot.test.context.SpringBootTestArgs@1, org.springframework.boot.test.context.SpringBootTestWebEnvironment@15a04efb], resourceBasePath = 'src/main/webapp', contextLoader = 'org.springframework.boot.test.context.SpringBootContextLoader', parent = [null]], attributes = map['org.springframework.test.context.web.ServletTestExecutionListener.activateListener' -> true, 'org.springframework.test.context.web.ServletTestExecutionListener.populatedRequestContextHolder' -> true, 'org.springframework.test.context.web.ServletTestExecutionListener.resetRequestContextHolder' -> true, 'org.springframework.test.context.event.ApplicationEventsTestExecutionListener.recordApplicationEvents' -> false]]; transaction manager [org.springframework.orm.jpa.JpaTransactionManager@77d7d2d0]; rollback [true]
2022-08-03 17:19:04.406 DEBUG 33572 --- [    Test worker] org.hibernate.SQL                        : 
    insert 
    into
        member
        (member_address, member_birthday, member_email, member_gender, member_name, member_nickname, member_phone, member_pw) 
    values
        (?, ?, ?, ?, ?, ?, ?, ?)
2022-08-03 17:19:04.406 TRACE 33572 --- [    Test worker] o.h.type.descriptor.sql.BasicBinder      : binding parameter [1] as [VARCHAR] - [address]
2022-08-03 17:19:04.406 TRACE 33572 --- [    Test worker] o.h.type.descriptor.sql.BasicBinder      : binding parameter [2] as [VARCHAR] - [birthday]
2022-08-03 17:19:04.406 TRACE 33572 --- [    Test worker] o.h.type.descriptor.sql.BasicBinder      : binding parameter [3] as [VARCHAR] - [email7]
2022-08-03 17:19:04.407 TRACE 33572 --- [    Test worker] o.h.type.descriptor.sql.BasicBinder      : binding parameter [4] as [VARCHAR] - [gender]
2022-08-03 17:19:04.407 TRACE 33572 --- [    Test worker] o.h.type.descriptor.sql.BasicBinder      : binding parameter [5] as [VARCHAR] - [name]
2022-08-03 17:19:04.407 TRACE 33572 --- [    Test worker] o.h.type.descriptor.sql.BasicBinder      : binding parameter [6] as [VARCHAR] - [nickname]
2022-08-03 17:19:04.407 TRACE 33572 --- [    Test worker] o.h.type.descriptor.sql.BasicBinder      : binding parameter [7] as [VARCHAR] - [phone]
2022-08-03 17:19:04.407 TRACE 33572 --- [    Test worker] o.h.type.descriptor.sql.BasicBinder      : binding parameter [8] as [VARCHAR] - [pw]
2022-08-03 17:19:04.416 DEBUG 33572 --- [    Test worker] org.hibernate.SQL                        : 
    select
        member0_.member_id as member_i1_3_,
        member0_.member_address as member_a2_3_,
        member0_.member_birthday as member_b3_3_,
        member0_.member_email as member_e4_3_,
        member0_.member_gender as member_g5_3_,
        member0_.member_name as member_n6_3_,
        member0_.member_nickname as member_n7_3_,
        member0_.member_phone as member_p8_3_,
        member0_.member_pw as member_p9_3_ 
    from
        member member0_ 
    where
        member0_.member_phone=?
2022-08-03 17:19:04.416 TRACE 33572 --- [    Test worker] o.h.type.descriptor.sql.BasicBinder      : binding parameter [1] as [VARCHAR] - [asdf]
2022-08-03 17:19:04.449  INFO 33572 --- [    Test worker] o.s.t.c.transaction.TransactionContext   : Rolled back transaction for test: [DefaultTestContext@589dac96 testClass = MemberServiceTest, testInstance = kakao.valuetogether.service.MemberServiceTest@77f2807f, testMethod = 폰번호로아이디찾기예외@MemberServiceTest, testException = [null], mergedContextConfiguration = [WebMergedContextConfiguration@4e60925d testClass = MemberServiceTest, locations = '{}', classes = '{class kakao.valuetogether.ValuetogetherApplication}', contextInitializerClasses = '[]', activeProfiles = '{}', propertySourceLocations = '{}', propertySourceProperties = '{org.springframework.boot.test.context.SpringBootTestContextBootstrapper=true}', contextCustomizers = set[org.springframework.boot.test.autoconfigure.actuate.metrics.MetricsExportContextCustomizerFactory$DisableMetricExportContextCustomizer@422c3c7a, org.springframework.boot.test.autoconfigure.properties.PropertyMappingContextCustomizer@0, org.springframework.boot.test.autoconfigure.web.servlet.WebDriverContextCustomizerFactory$Customizer@306851c7, org.springframework.boot.test.context.filter.ExcludeFilterContextCustomizer@41813449, org.springframework.boot.test.json.DuplicateJsonObjectContextCustomizerFactory$DuplicateJsonObjectContextCustomizer@5b07730f, org.springframework.boot.test.mock.mockito.MockitoContextCustomizer@0, org.springframework.boot.test.web.client.TestRestTemplateContextCustomizer@556d0826, org.springframework.boot.test.context.SpringBootTestArgs@1, org.springframework.boot.test.context.SpringBootTestWebEnvironment@15a04efb], resourceBasePath = 'src/main/webapp', contextLoader = 'org.springframework.boot.test.context.SpringBootContextLoader', parent = [null]], attributes = map['org.springframework.test.context.web.ServletTestExecutionListener.activateListener' -> true, 'org.springframework.test.context.web.ServletTestExecutionListener.populatedRequestContextHolder' -> true, 'org.springframework.test.context.web.ServletTestExecutionListener.resetRequestContextHolder' -> true, 'org.springframework.test.context.event.ApplicationEventsTestExecutionListener.recordApplicationEvents' -> false]]
2022-08-03 17:19:04.461  INFO 33572 --- [    Test worker] o.s.t.c.transaction.TransactionContext   : Began transaction (1) for test context [DefaultTestContext@589dac96 testClass = MemberServiceTest, testInstance = kakao.valuetogether.service.MemberServiceTest@230383a7, testMethod = 회원검증및PW재설정@MemberServiceTest, testException = [null], mergedContextConfiguration = [WebMergedContextConfiguration@4e60925d testClass = MemberServiceTest, locations = '{}', classes = '{class kakao.valuetogether.ValuetogetherApplication}', contextInitializerClasses = '[]', activeProfiles = '{}', propertySourceLocations = '{}', propertySourceProperties = '{org.springframework.boot.test.context.SpringBootTestContextBootstrapper=true}', contextCustomizers = set[org.springframework.boot.test.autoconfigure.actuate.metrics.MetricsExportContextCustomizerFactory$DisableMetricExportContextCustomizer@422c3c7a, org.springframework.boot.test.autoconfigure.properties.PropertyMappingContextCustomizer@0, org.springframework.boot.test.autoconfigure.web.servlet.WebDriverContextCustomizerFactory$Customizer@306851c7, org.springframework.boot.test.context.filter.ExcludeFilterContextCustomizer@41813449, org.springframework.boot.test.json.DuplicateJsonObjectContextCustomizerFactory$DuplicateJsonObjectContextCustomizer@5b07730f, org.springframework.boot.test.mock.mockito.MockitoContextCustomizer@0, org.springframework.boot.test.web.client.TestRestTemplateContextCustomizer@556d0826, org.springframework.boot.test.context.SpringBootTestArgs@1, org.springframework.boot.test.context.SpringBootTestWebEnvironment@15a04efb], resourceBasePath = 'src/main/webapp', contextLoader = 'org.springframework.boot.test.context.SpringBootContextLoader', parent = [null]], attributes = map['org.springframework.test.context.web.ServletTestExecutionListener.activateListener' -> true, 'org.springframework.test.context.web.ServletTestExecutionListener.populatedRequestContextHolder' -> true, 'org.springframework.test.context.web.ServletTestExecutionListener.resetRequestContextHolder' -> true, 'org.springframework.test.context.event.ApplicationEventsTestExecutionListener.recordApplicationEvents' -> false]]; transaction manager [org.springframework.orm.jpa.JpaTransactionManager@77d7d2d0]; rollback [true]
2022-08-03 17:19:04.463 DEBUG 33572 --- [    Test worker] org.hibernate.SQL                        : 
    insert 
    into
        member
        (member_address, member_birthday, member_email, member_gender, member_name, member_nickname, member_phone, member_pw) 
    values
        (?, ?, ?, ?, ?, ?, ?, ?)
2022-08-03 17:19:04.463 TRACE 33572 --- [    Test worker] o.h.type.descriptor.sql.BasicBinder      : binding parameter [1] as [VARCHAR] - [address]
2022-08-03 17:19:04.463 TRACE 33572 --- [    Test worker] o.h.type.descriptor.sql.BasicBinder      : binding parameter [2] as [VARCHAR] - [birthday]
2022-08-03 17:19:04.463 TRACE 33572 --- [    Test worker] o.h.type.descriptor.sql.BasicBinder      : binding parameter [3] as [VARCHAR] - [email9]
2022-08-03 17:19:04.463 TRACE 33572 --- [    Test worker] o.h.type.descriptor.sql.BasicBinder      : binding parameter [4] as [VARCHAR] - [gender]
2022-08-03 17:19:04.463 TRACE 33572 --- [    Test worker] o.h.type.descriptor.sql.BasicBinder      : binding parameter [5] as [VARCHAR] - [name]
2022-08-03 17:19:04.463 TRACE 33572 --- [    Test worker] o.h.type.descriptor.sql.BasicBinder      : binding parameter [6] as [VARCHAR] - [nickname]
2022-08-03 17:19:04.463 TRACE 33572 --- [    Test worker] o.h.type.descriptor.sql.BasicBinder      : binding parameter [7] as [VARCHAR] - [phone]
2022-08-03 17:19:04.463 TRACE 33572 --- [    Test worker] o.h.type.descriptor.sql.BasicBinder      : binding parameter [8] as [VARCHAR] - [pw]
2022-08-03 17:19:04.471 DEBUG 33572 --- [    Test worker] org.hibernate.SQL                        : 
    insert 
    into
        member
        (member_address, member_birthday, member_email, member_gender, member_name, member_nickname, member_phone, member_pw) 
    values
        (?, ?, ?, ?, ?, ?, ?, ?)
2022-08-03 17:19:04.472 TRACE 33572 --- [    Test worker] o.h.type.descriptor.sql.BasicBinder      : binding parameter [1] as [VARCHAR] - [address]
2022-08-03 17:19:04.472 TRACE 33572 --- [    Test worker] o.h.type.descriptor.sql.BasicBinder      : binding parameter [2] as [VARCHAR] - [birthday]
2022-08-03 17:19:04.472 TRACE 33572 --- [    Test worker] o.h.type.descriptor.sql.BasicBinder      : binding parameter [3] as [VARCHAR] - [email10]
2022-08-03 17:19:04.473 TRACE 33572 --- [    Test worker] o.h.type.descriptor.sql.BasicBinder      : binding parameter [4] as [VARCHAR] - [gender]
2022-08-03 17:19:04.473 TRACE 33572 --- [    Test worker] o.h.type.descriptor.sql.BasicBinder      : binding parameter [5] as [VARCHAR] - [name]
2022-08-03 17:19:04.473 TRACE 33572 --- [    Test worker] o.h.type.descriptor.sql.BasicBinder      : binding parameter [6] as [VARCHAR] - [nickname]
2022-08-03 17:19:04.473 TRACE 33572 --- [    Test worker] o.h.type.descriptor.sql.BasicBinder      : binding parameter [7] as [VARCHAR] - [phone]
2022-08-03 17:19:04.473 TRACE 33572 --- [    Test worker] o.h.type.descriptor.sql.BasicBinder      : binding parameter [8] as [VARCHAR] - [pw]
2022-08-03 17:19:04.483 DEBUG 33572 --- [    Test worker] org.hibernate.SQL                        : 
    select
        member0_.member_id as member_i1_3_,
        member0_.member_address as member_a2_3_,
        member0_.member_birthday as member_b3_3_,
        member0_.member_email as member_e4_3_,
        member0_.member_gender as member_g5_3_,
        member0_.member_name as member_n6_3_,
        member0_.member_nickname as member_n7_3_,
        member0_.member_phone as member_p8_3_,
        member0_.member_pw as member_p9_3_ 
    from
        member member0_ 
    where
        member0_.member_email=? 
        or member0_.member_phone=?
2022-08-03 17:19:04.484 TRACE 33572 --- [    Test worker] o.h.type.descriptor.sql.BasicBinder      : binding parameter [1] as [VARCHAR] - [email9]
2022-08-03 17:19:04.484 TRACE 33572 --- [    Test worker] o.h.type.descriptor.sql.BasicBinder      : binding parameter [2] as [VARCHAR] - [null]
2022-08-03 17:19:04.493 TRACE 33572 --- [    Test worker] o.h.type.descriptor.sql.BasicExtractor   : extracted value ([member_i1_3_] : [BIGINT]) - [1203]
2022-08-03 17:19:04.494 DEBUG 33572 --- [    Test worker] org.hibernate.SQL                        : 
    update
        member 
    set
        member_address=?,
        member_birthday=?,
        member_email=?,
        member_gender=?,
        member_name=?,
        member_nickname=?,
        member_phone=?,
        member_pw=? 
    where
        member_id=?
2022-08-03 17:19:04.495 TRACE 33572 --- [    Test worker] o.h.type.descriptor.sql.BasicBinder      : binding parameter [1] as [VARCHAR] - [address]
2022-08-03 17:19:04.495 TRACE 33572 --- [    Test worker] o.h.type.descriptor.sql.BasicBinder      : binding parameter [2] as [VARCHAR] - [birthday]
2022-08-03 17:19:04.495 TRACE 33572 --- [    Test worker] o.h.type.descriptor.sql.BasicBinder      : binding parameter [3] as [VARCHAR] - [email9]
2022-08-03 17:19:04.495 TRACE 33572 --- [    Test worker] o.h.type.descriptor.sql.BasicBinder      : binding parameter [4] as [VARCHAR] - [gender]
2022-08-03 17:19:04.495 TRACE 33572 --- [    Test worker] o.h.type.descriptor.sql.BasicBinder      : binding parameter [5] as [VARCHAR] - [name]
2022-08-03 17:19:04.495 TRACE 33572 --- [    Test worker] o.h.type.descriptor.sql.BasicBinder      : binding parameter [6] as [VARCHAR] - [nickname]
2022-08-03 17:19:04.495 TRACE 33572 --- [    Test worker] o.h.type.descriptor.sql.BasicBinder      : binding parameter [7] as [VARCHAR] - [phone]
2022-08-03 17:19:04.495 TRACE 33572 --- [    Test worker] o.h.type.descriptor.sql.BasicBinder      : binding parameter [8] as [VARCHAR] - [asdf]
2022-08-03 17:19:04.495 TRACE 33572 --- [    Test worker] o.h.type.descriptor.sql.BasicBinder      : binding parameter [9] as [BIGINT] - [1203]
2022-08-03 17:19:04.503 DEBUG 33572 --- [    Test worker] org.hibernate.SQL                        : 
    select
        member0_.member_id as member_i1_3_,
        member0_.member_address as member_a2_3_,
        member0_.member_birthday as member_b3_3_,
        member0_.member_email as member_e4_3_,
        member0_.member_gender as member_g5_3_,
        member0_.member_name as member_n6_3_,
        member0_.member_nickname as member_n7_3_,
        member0_.member_phone as member_p8_3_,
        member0_.member_pw as member_p9_3_ 
    from
        member member0_ 
    where
        member0_.member_email=? 
        or member0_.member_phone=?
2022-08-03 17:19:04.503 TRACE 33572 --- [    Test worker] o.h.type.descriptor.sql.BasicBinder      : binding parameter [1] as [VARCHAR] - [ema]
2022-08-03 17:19:04.503 TRACE 33572 --- [    Test worker] o.h.type.descriptor.sql.BasicBinder      : binding parameter [2] as [VARCHAR] - [one]
2022-08-03 17:19:04.708  INFO 33572 --- [    Test worker] o.s.t.c.transaction.TransactionContext   : Rolled back transaction for test: [DefaultTestContext@589dac96 testClass = MemberServiceTest, testInstance = kakao.valuetogether.service.MemberServiceTest@230383a7, testMethod = 회원검증및PW재설정@MemberServiceTest, testException = [null], mergedContextConfiguration = [WebMergedContextConfiguration@4e60925d testClass = MemberServiceTest, locations = '{}', classes = '{class kakao.valuetogether.ValuetogetherApplication}', contextInitializerClasses = '[]', activeProfiles = '{}', propertySourceLocations = '{}', propertySourceProperties = '{org.springframework.boot.test.context.SpringBootTestContextBootstrapper=true}', contextCustomizers = set[org.springframework.boot.test.autoconfigure.actuate.metrics.MetricsExportContextCustomizerFactory$DisableMetricExportContextCustomizer@422c3c7a, org.springframework.boot.test.autoconfigure.properties.PropertyMappingContextCustomizer@0, org.springframework.boot.test.autoconfigure.web.servlet.WebDriverContextCustomizerFactory$Customizer@306851c7, org.springframework.boot.test.context.filter.ExcludeFilterContextCustomizer@41813449, org.springframework.boot.test.json.DuplicateJsonObjectContextCustomizerFactory$DuplicateJsonObjectContextCustomizer@5b07730f, org.springframework.boot.test.mock.mockito.MockitoContextCustomizer@0, org.springframework.boot.test.web.client.TestRestTemplateContextCustomizer@556d0826, org.springframework.boot.test.context.SpringBootTestArgs@1, org.springframework.boot.test.context.SpringBootTestWebEnvironment@15a04efb], resourceBasePath = 'src/main/webapp', contextLoader = 'org.springframework.boot.test.context.SpringBootContextLoader', parent = [null]], attributes = map['org.springframework.test.context.web.ServletTestExecutionListener.activateListener' -> true, 'org.springframework.test.context.web.ServletTestExecutionListener.populatedRequestContextHolder' -> true, 'org.springframework.test.context.web.ServletTestExecutionListener.resetRequestContextHolder' -> true, 'org.springframework.test.context.event.ApplicationEventsTestExecutionListener.recordApplicationEvents' -> false]]
2022-08-03 17:19:04.717  INFO 33572 --- [    Test worker] o.s.t.c.transaction.TransactionContext   : Began transaction (1) for test context [DefaultTestContext@589dac96 testClass = MemberServiceTest, testInstance = kakao.valuetogether.service.MemberServiceTest@5bbd8118, testMethod = 닉네임이름전화번호로아이디찾기성공및예외@MemberServiceTest, testException = [null], mergedContextConfiguration = [WebMergedContextConfiguration@4e60925d testClass = MemberServiceTest, locations = '{}', classes = '{class kakao.valuetogether.ValuetogetherApplication}', contextInitializerClasses = '[]', activeProfiles = '{}', propertySourceLocations = '{}', propertySourceProperties = '{org.springframework.boot.test.context.SpringBootTestContextBootstrapper=true}', contextCustomizers = set[org.springframework.boot.test.autoconfigure.actuate.metrics.MetricsExportContextCustomizerFactory$DisableMetricExportContextCustomizer@422c3c7a, org.springframework.boot.test.autoconfigure.properties.PropertyMappingContextCustomizer@0, org.springframework.boot.test.autoconfigure.web.servlet.WebDriverContextCustomizerFactory$Customizer@306851c7, org.springframework.boot.test.context.filter.ExcludeFilterContextCustomizer@41813449, org.springframework.boot.test.json.DuplicateJsonObjectContextCustomizerFactory$DuplicateJsonObjectContextCustomizer@5b07730f, org.springframework.boot.test.mock.mockito.MockitoContextCustomizer@0, org.springframework.boot.test.web.client.TestRestTemplateContextCustomizer@556d0826, org.springframework.boot.test.context.SpringBootTestArgs@1, org.springframework.boot.test.context.SpringBootTestWebEnvironment@15a04efb], resourceBasePath = 'src/main/webapp', contextLoader = 'org.springframework.boot.test.context.SpringBootContextLoader', parent = [null]], attributes = map['org.springframework.test.context.web.ServletTestExecutionListener.activateListener' -> true, 'org.springframework.test.context.web.ServletTestExecutionListener.populatedRequestContextHolder' -> true, 'org.springframework.test.context.web.ServletTestExecutionListener.resetRequestContextHolder' -> true, 'org.springframework.test.context.event.ApplicationEventsTestExecutionListener.recordApplicationEvents' -> false]]; transaction manager [org.springframework.orm.jpa.JpaTransactionManager@77d7d2d0]; rollback [true]
2022-08-03 17:19:04.719 DEBUG 33572 --- [    Test worker] org.hibernate.SQL                        : 
    insert 
    into
        member
        (member_address, member_birthday, member_email, member_gender, member_name, member_nickname, member_phone, member_pw) 
    values
        (?, ?, ?, ?, ?, ?, ?, ?)
2022-08-03 17:19:04.720 TRACE 33572 --- [    Test worker] o.h.type.descriptor.sql.BasicBinder      : binding parameter [1] as [VARCHAR] - [address]
2022-08-03 17:19:04.720 TRACE 33572 --- [    Test worker] o.h.type.descriptor.sql.BasicBinder      : binding parameter [2] as [VARCHAR] - [birthday]
2022-08-03 17:19:04.720 TRACE 33572 --- [    Test worker] o.h.type.descriptor.sql.BasicBinder      : binding parameter [3] as [VARCHAR] - [email8]
2022-08-03 17:19:04.720 TRACE 33572 --- [    Test worker] o.h.type.descriptor.sql.BasicBinder      : binding parameter [4] as [VARCHAR] - [gender]
2022-08-03 17:19:04.720 TRACE 33572 --- [    Test worker] o.h.type.descriptor.sql.BasicBinder      : binding parameter [5] as [VARCHAR] - [name]
2022-08-03 17:19:04.720 TRACE 33572 --- [    Test worker] o.h.type.descriptor.sql.BasicBinder      : binding parameter [6] as [VARCHAR] - [nickname]
2022-08-03 17:19:04.720 TRACE 33572 --- [    Test worker] o.h.type.descriptor.sql.BasicBinder      : binding parameter [7] as [VARCHAR] - [phone]
2022-08-03 17:19:04.720 TRACE 33572 --- [    Test worker] o.h.type.descriptor.sql.BasicBinder      : binding parameter [8] as [VARCHAR] - [pw]
2022-08-03 17:19:04.731 DEBUG 33572 --- [    Test worker] org.hibernate.SQL                        : 
    select
        member0_.member_id as member_i1_3_,
        member0_.member_address as member_a2_3_,
        member0_.member_birthday as member_b3_3_,
        member0_.member_email as member_e4_3_,
        member0_.member_gender as member_g5_3_,
        member0_.member_name as member_n6_3_,
        member0_.member_nickname as member_n7_3_,
        member0_.member_phone as member_p8_3_,
        member0_.member_pw as member_p9_3_ 
    from
        member member0_ 
    where
        (
            member0_.member_nickname=? 
            or member0_.member_name=?
        ) 
        and member0_.member_phone=?
2022-08-03 17:19:04.731 TRACE 33572 --- [    Test worker] o.h.type.descriptor.sql.BasicBinder      : binding parameter [1] as [VARCHAR] - [nickname]
2022-08-03 17:19:04.731 TRACE 33572 --- [    Test worker] o.h.type.descriptor.sql.BasicBinder      : binding parameter [2] as [VARCHAR] - [name]
2022-08-03 17:19:04.731 TRACE 33572 --- [    Test worker] o.h.type.descriptor.sql.BasicBinder      : binding parameter [3] as [VARCHAR] - [phone]
2022-08-03 17:19:04.740 TRACE 33572 --- [    Test worker] o.h.type.descriptor.sql.BasicExtractor   : extracted value ([member_i1_3_] : [BIGINT]) - [1205]
2022-08-03 17:19:04.741 DEBUG 33572 --- [    Test worker] org.hibernate.SQL                        : 
    select
        member0_.member_id as member_i1_3_,
        member0_.member_address as member_a2_3_,
        member0_.member_birthday as member_b3_3_,
        member0_.member_email as member_e4_3_,
        member0_.member_gender as member_g5_3_,
        member0_.member_name as member_n6_3_,
        member0_.member_nickname as member_n7_3_,
        member0_.member_phone as member_p8_3_,
        member0_.member_pw as member_p9_3_ 
    from
        member member0_ 
    where
        (
            member0_.member_nickname=? 
            or member0_.member_name=?
        ) 
        and member0_.member_phone=?
2022-08-03 17:19:04.741 TRACE 33572 --- [    Test worker] o.h.type.descriptor.sql.BasicBinder      : binding parameter [1] as [VARCHAR] - [null]
2022-08-03 17:19:04.741 TRACE 33572 --- [    Test worker] o.h.type.descriptor.sql.BasicBinder      : binding parameter [2] as [VARCHAR] - [name]
2022-08-03 17:19:04.741 TRACE 33572 --- [    Test worker] o.h.type.descriptor.sql.BasicBinder      : binding parameter [3] as [VARCHAR] - [phone]
2022-08-03 17:19:04.751 TRACE 33572 --- [    Test worker] o.h.type.descriptor.sql.BasicExtractor   : extracted value ([member_i1_3_] : [BIGINT]) - [1205]
2022-08-03 17:19:04.751 DEBUG 33572 --- [    Test worker] org.hibernate.SQL                        : 
    select
        member0_.member_id as member_i1_3_,
        member0_.member_address as member_a2_3_,
        member0_.member_birthday as member_b3_3_,
        member0_.member_email as member_e4_3_,
        member0_.member_gender as member_g5_3_,
        member0_.member_name as member_n6_3_,
        member0_.member_nickname as member_n7_3_,
        member0_.member_phone as member_p8_3_,
        member0_.member_pw as member_p9_3_ 
    from
        member member0_ 
    where
        (
            member0_.member_nickname=? 
            or member0_.member_name=?
        ) 
        and member0_.member_phone=?
2022-08-03 17:19:04.752 TRACE 33572 --- [    Test worker] o.h.type.descriptor.sql.BasicBinder      : binding parameter [1] as [VARCHAR] - [nickname]
2022-08-03 17:19:04.752 TRACE 33572 --- [    Test worker] o.h.type.descriptor.sql.BasicBinder      : binding parameter [2] as [VARCHAR] - [null]
2022-08-03 17:19:04.752 TRACE 33572 --- [    Test worker] o.h.type.descriptor.sql.BasicBinder      : binding parameter [3] as [VARCHAR] - [phone]
2022-08-03 17:19:04.761 TRACE 33572 --- [    Test worker] o.h.type.descriptor.sql.BasicExtractor   : extracted value ([member_i1_3_] : [BIGINT]) - [1205]
2022-08-03 17:19:04.761 DEBUG 33572 --- [    Test worker] org.hibernate.SQL                        : 
    select
        member0_.member_id as member_i1_3_,
        member0_.member_address as member_a2_3_,
        member0_.member_birthday as member_b3_3_,
        member0_.member_email as member_e4_3_,
        member0_.member_gender as member_g5_3_,
        member0_.member_name as member_n6_3_,
        member0_.member_nickname as member_n7_3_,
        member0_.member_phone as member_p8_3_,
        member0_.member_pw as member_p9_3_ 
    from
        member member0_ 
    where
        (
            member0_.member_nickname=? 
            or member0_.member_name=?
        ) 
        and member0_.member_phone=?
2022-08-03 17:19:04.762 TRACE 33572 --- [    Test worker] o.h.type.descriptor.sql.BasicBinder      : binding parameter [1] as [VARCHAR] - [ㅁ]
2022-08-03 17:19:04.762 TRACE 33572 --- [    Test worker] o.h.type.descriptor.sql.BasicBinder      : binding parameter [2] as [VARCHAR] - [ㅁ]
2022-08-03 17:19:04.762 TRACE 33572 --- [    Test worker] o.h.type.descriptor.sql.BasicBinder      : binding parameter [3] as [VARCHAR] - [phone]
2022-08-03 17:19:04.795  INFO 33572 --- [    Test worker] o.s.t.c.transaction.TransactionContext   : Rolled back transaction for test: [DefaultTestContext@589dac96 testClass = MemberServiceTest, testInstance = kakao.valuetogether.service.MemberServiceTest@5bbd8118, testMethod = 닉네임이름전화번호로아이디찾기성공및예외@MemberServiceTest, testException = [null], mergedContextConfiguration = [WebMergedContextConfiguration@4e60925d testClass = MemberServiceTest, locations = '{}', classes = '{class kakao.valuetogether.ValuetogetherApplication}', contextInitializerClasses = '[]', activeProfiles = '{}', propertySourceLocations = '{}', propertySourceProperties = '{org.springframework.boot.test.context.SpringBootTestContextBootstrapper=true}', contextCustomizers = set[org.springframework.boot.test.autoconfigure.actuate.metrics.MetricsExportContextCustomizerFactory$DisableMetricExportContextCustomizer@422c3c7a, org.springframework.boot.test.autoconfigure.properties.PropertyMappingContextCustomizer@0, org.springframework.boot.test.autoconfigure.web.servlet.WebDriverContextCustomizerFactory$Customizer@306851c7, org.springframework.boot.test.context.filter.ExcludeFilterContextCustomizer@41813449, org.springframework.boot.test.json.DuplicateJsonObjectContextCustomizerFactory$DuplicateJsonObjectContextCustomizer@5b07730f, org.springframework.boot.test.mock.mockito.MockitoContextCustomizer@0, org.springframework.boot.test.web.client.TestRestTemplateContextCustomizer@556d0826, org.springframework.boot.test.context.SpringBootTestArgs@1, org.springframework.boot.test.context.SpringBootTestWebEnvironment@15a04efb], resourceBasePath = 'src/main/webapp', contextLoader = 'org.springframework.boot.test.context.SpringBootContextLoader', parent = [null]], attributes = map['org.springframework.test.context.web.ServletTestExecutionListener.activateListener' -> true, 'org.springframework.test.context.web.ServletTestExecutionListener.populatedRequestContextHolder' -> true, 'org.springframework.test.context.web.ServletTestExecutionListener.resetRequestContextHolder' -> true, 'org.springframework.test.context.event.ApplicationEventsTestExecutionListener.recordApplicationEvents' -> false]]
2022-08-03 17:19:04.804  INFO 33572 --- [    Test worker] o.s.t.c.transaction.TransactionContext   : Began transaction (1) for test context [DefaultTestContext@589dac96 testClass = MemberServiceTest, testInstance = kakao.valuetogether.service.MemberServiceTest@5aa7bb86, testMethod = 회원가입성공@MemberServiceTest, testException = [null], mergedContextConfiguration = [WebMergedContextConfiguration@4e60925d testClass = MemberServiceTest, locations = '{}', classes = '{class kakao.valuetogether.ValuetogetherApplication}', contextInitializerClasses = '[]', activeProfiles = '{}', propertySourceLocations = '{}', propertySourceProperties = '{org.springframework.boot.test.context.SpringBootTestContextBootstrapper=true}', contextCustomizers = set[org.springframework.boot.test.autoconfigure.actuate.metrics.MetricsExportContextCustomizerFactory$DisableMetricExportContextCustomizer@422c3c7a, org.springframework.boot.test.autoconfigure.properties.PropertyMappingContextCustomizer@0, org.springframework.boot.test.autoconfigure.web.servlet.WebDriverContextCustomizerFactory$Customizer@306851c7, org.springframework.boot.test.context.filter.ExcludeFilterContextCustomizer@41813449, org.springframework.boot.test.json.DuplicateJsonObjectContextCustomizerFactory$DuplicateJsonObjectContextCustomizer@5b07730f, org.springframework.boot.test.mock.mockito.MockitoContextCustomizer@0, org.springframework.boot.test.web.client.TestRestTemplateContextCustomizer@556d0826, org.springframework.boot.test.context.SpringBootTestArgs@1, org.springframework.boot.test.context.SpringBootTestWebEnvironment@15a04efb], resourceBasePath = 'src/main/webapp', contextLoader = 'org.springframework.boot.test.context.SpringBootContextLoader', parent = [null]], attributes = map['org.springframework.test.context.web.ServletTestExecutionListener.activateListener' -> true, 'org.springframework.test.context.web.ServletTestExecutionListener.populatedRequestContextHolder' -> true, 'org.springframework.test.context.web.ServletTestExecutionListener.resetRequestContextHolder' -> true, 'org.springframework.test.context.event.ApplicationEventsTestExecutionListener.recordApplicationEvents' -> false]]; transaction manager [org.springframework.orm.jpa.JpaTransactionManager@77d7d2d0]; rollback [true]
2022-08-03 17:19:04.806 DEBUG 33572 --- [    Test worker] org.hibernate.SQL                        : 
    insert 
    into
        member
        (member_address, member_birthday, member_email, member_gender, member_name, member_nickname, member_phone, member_pw) 
    values
        (?, ?, ?, ?, ?, ?, ?, ?)
2022-08-03 17:19:04.806 TRACE 33572 --- [    Test worker] o.h.type.descriptor.sql.BasicBinder      : binding parameter [1] as [VARCHAR] - [address]
2022-08-03 17:19:04.807 TRACE 33572 --- [    Test worker] o.h.type.descriptor.sql.BasicBinder      : binding parameter [2] as [VARCHAR] - [birthday]
2022-08-03 17:19:04.807 TRACE 33572 --- [    Test worker] o.h.type.descriptor.sql.BasicBinder      : binding parameter [3] as [VARCHAR] - [email1]
2022-08-03 17:19:04.807 TRACE 33572 --- [    Test worker] o.h.type.descriptor.sql.BasicBinder      : binding parameter [4] as [VARCHAR] - [gender]
2022-08-03 17:19:04.807 TRACE 33572 --- [    Test worker] o.h.type.descriptor.sql.BasicBinder      : binding parameter [5] as [VARCHAR] - [name]
2022-08-03 17:19:04.807 TRACE 33572 --- [    Test worker] o.h.type.descriptor.sql.BasicBinder      : binding parameter [6] as [VARCHAR] - [nickname]
2022-08-03 17:19:04.807 TRACE 33572 --- [    Test worker] o.h.type.descriptor.sql.BasicBinder      : binding parameter [7] as [VARCHAR] - [phone]
2022-08-03 17:19:04.807 TRACE 33572 --- [    Test worker] o.h.type.descriptor.sql.BasicBinder      : binding parameter [8] as [VARCHAR] - [pw]
2022-08-03 17:19:04.816 DEBUG 33572 --- [    Test worker] org.hibernate.SQL                        : 
    insert 
    into
        member
        (member_address, member_birthday, member_email, member_gender, member_name, member_nickname, member_phone, member_pw) 
    values
        (?, ?, ?, ?, ?, ?, ?, ?)
2022-08-03 17:19:04.816 TRACE 33572 --- [    Test worker] o.h.type.descriptor.sql.BasicBinder      : binding parameter [1] as [VARCHAR] - [address]
2022-08-03 17:19:04.816 TRACE 33572 --- [    Test worker] o.h.type.descriptor.sql.BasicBinder      : binding parameter [2] as [VARCHAR] - [birthday]
2022-08-03 17:19:04.816 TRACE 33572 --- [    Test worker] o.h.type.descriptor.sql.BasicBinder      : binding parameter [3] as [VARCHAR] - [email2]
2022-08-03 17:19:04.816 TRACE 33572 --- [    Test worker] o.h.type.descriptor.sql.BasicBinder      : binding parameter [4] as [VARCHAR] - [gender]
2022-08-03 17:19:04.816 TRACE 33572 --- [    Test worker] o.h.type.descriptor.sql.BasicBinder      : binding parameter [5] as [VARCHAR] - [name]
2022-08-03 17:19:04.816 TRACE 33572 --- [    Test worker] o.h.type.descriptor.sql.BasicBinder      : binding parameter [6] as [VARCHAR] - [nickname]
2022-08-03 17:19:04.817 TRACE 33572 --- [    Test worker] o.h.type.descriptor.sql.BasicBinder      : binding parameter [7] as [VARCHAR] - [phone]
2022-08-03 17:19:04.817 TRACE 33572 --- [    Test worker] o.h.type.descriptor.sql.BasicBinder      : binding parameter [8] as [VARCHAR] - [pw]
2022-08-03 17:19:04.828 DEBUG 33572 --- [    Test worker] org.hibernate.SQL                        : 
    select
        member0_.member_id as member_i1_3_,
        member0_.member_address as member_a2_3_,
        member0_.member_birthday as member_b3_3_,
        member0_.member_email as member_e4_3_,
        member0_.member_gender as member_g5_3_,
        member0_.member_name as member_n6_3_,
        member0_.member_nickname as member_n7_3_,
        member0_.member_phone as member_p8_3_,
        member0_.member_pw as member_p9_3_ 
    from
        member member0_ 
    where
        member0_.member_email=?
2022-08-03 17:19:04.828 TRACE 33572 --- [    Test worker] o.h.type.descriptor.sql.BasicBinder      : binding parameter [1] as [VARCHAR] - [email3]
2022-08-03 17:19:04.845 DEBUG 33572 --- [    Test worker] org.hibernate.SQL                        : 
    insert 
    into
        member
        (member_address, member_birthday, member_email, member_gender, member_name, member_nickname, member_phone, member_pw) 
    values
        (?, ?, ?, ?, ?, ?, ?, ?)
2022-08-03 17:19:04.845 TRACE 33572 --- [    Test worker] o.h.type.descriptor.sql.BasicBinder      : binding parameter [1] as [VARCHAR] - [address]
2022-08-03 17:19:04.845 TRACE 33572 --- [    Test worker] o.h.type.descriptor.sql.BasicBinder      : binding parameter [2] as [VARCHAR] - [birthday]
2022-08-03 17:19:04.845 TRACE 33572 --- [    Test worker] o.h.type.descriptor.sql.BasicBinder      : binding parameter [3] as [VARCHAR] - [email3]
2022-08-03 17:19:04.845 TRACE 33572 --- [    Test worker] o.h.type.descriptor.sql.BasicBinder      : binding parameter [4] as [VARCHAR] - [gender]
2022-08-03 17:19:04.845 TRACE 33572 --- [    Test worker] o.h.type.descriptor.sql.BasicBinder      : binding parameter [5] as [VARCHAR] - [name]
2022-08-03 17:19:04.845 TRACE 33572 --- [    Test worker] o.h.type.descriptor.sql.BasicBinder      : binding parameter [6] as [VARCHAR] - [nickname]
2022-08-03 17:19:04.845 TRACE 33572 --- [    Test worker] o.h.type.descriptor.sql.BasicBinder      : binding parameter [7] as [VARCHAR] - [phone]
2022-08-03 17:19:04.845 TRACE 33572 --- [    Test worker] o.h.type.descriptor.sql.BasicBinder      : binding parameter [8] as [VARCHAR] - [pw]
2022-08-03 17:19:04.876  INFO 33572 --- [    Test worker] o.s.t.c.transaction.TransactionContext   : Rolled back transaction for test: [DefaultTestContext@589dac96 testClass = MemberServiceTest, testInstance = kakao.valuetogether.service.MemberServiceTest@5aa7bb86, testMethod = 회원가입성공@MemberServiceTest, testException = [null], mergedContextConfiguration = [WebMergedContextConfiguration@4e60925d testClass = MemberServiceTest, locations = '{}', classes = '{class kakao.valuetogether.ValuetogetherApplication}', contextInitializerClasses = '[]', activeProfiles = '{}', propertySourceLocations = '{}', propertySourceProperties = '{org.springframework.boot.test.context.SpringBootTestContextBootstrapper=true}', contextCustomizers = set[org.springframework.boot.test.autoconfigure.actuate.metrics.MetricsExportContextCustomizerFactory$DisableMetricExportContextCustomizer@422c3c7a, org.springframework.boot.test.autoconfigure.properties.PropertyMappingContextCustomizer@0, org.springframework.boot.test.autoconfigure.web.servlet.WebDriverContextCustomizerFactory$Customizer@306851c7, org.springframework.boot.test.context.filter.ExcludeFilterContextCustomizer@41813449, org.springframework.boot.test.json.DuplicateJsonObjectContextCustomizerFactory$DuplicateJsonObjectContextCustomizer@5b07730f, org.springframework.boot.test.mock.mockito.MockitoContextCustomizer@0, org.springframework.boot.test.web.client.TestRestTemplateContextCustomizer@556d0826, org.springframework.boot.test.context.SpringBootTestArgs@1, org.springframework.boot.test.context.SpringBootTestWebEnvironment@15a04efb], resourceBasePath = 'src/main/webapp', contextLoader = 'org.springframework.boot.test.context.SpringBootContextLoader', parent = [null]], attributes = map['org.springframework.test.context.web.ServletTestExecutionListener.activateListener' -> true, 'org.springframework.test.context.web.ServletTestExecutionListener.populatedRequestContextHolder' -> true, 'org.springframework.test.context.web.ServletTestExecutionListener.resetRequestContextHolder' -> true, 'org.springframework.test.context.event.ApplicationEventsTestExecutionListener.recordApplicationEvents' -> false]]
2022-08-03 17:19:04.887  INFO 33572 --- [    Test worker] o.s.t.c.transaction.TransactionContext   : Began transaction (1) for test context [DefaultTestContext@589dac96 testClass = MemberServiceTest, testInstance = kakao.valuetogether.service.MemberServiceTest@24a4e9c0, testMethod = 회원가입예외@MemberServiceTest, testException = [null], mergedContextConfiguration = [WebMergedContextConfiguration@4e60925d testClass = MemberServiceTest, locations = '{}', classes = '{class kakao.valuetogether.ValuetogetherApplication}', contextInitializerClasses = '[]', activeProfiles = '{}', propertySourceLocations = '{}', propertySourceProperties = '{org.springframework.boot.test.context.SpringBootTestContextBootstrapper=true}', contextCustomizers = set[org.springframework.boot.test.autoconfigure.actuate.metrics.MetricsExportContextCustomizerFactory$DisableMetricExportContextCustomizer@422c3c7a, org.springframework.boot.test.autoconfigure.properties.PropertyMappingContextCustomizer@0, org.springframework.boot.test.autoconfigure.web.servlet.WebDriverContextCustomizerFactory$Customizer@306851c7, org.springframework.boot.test.context.filter.ExcludeFilterContextCustomizer@41813449, org.springframework.boot.test.json.DuplicateJsonObjectContextCustomizerFactory$DuplicateJsonObjectContextCustomizer@5b07730f, org.springframework.boot.test.mock.mockito.MockitoContextCustomizer@0, org.springframework.boot.test.web.client.TestRestTemplateContextCustomizer@556d0826, org.springframework.boot.test.context.SpringBootTestArgs@1, org.springframework.boot.test.context.SpringBootTestWebEnvironment@15a04efb], resourceBasePath = 'src/main/webapp', contextLoader = 'org.springframework.boot.test.context.SpringBootContextLoader', parent = [null]], attributes = map['org.springframework.test.context.web.ServletTestExecutionListener.activateListener' -> true, 'org.springframework.test.context.web.ServletTestExecutionListener.populatedRequestContextHolder' -> true, 'org.springframework.test.context.web.ServletTestExecutionListener.resetRequestContextHolder' -> true, 'org.springframework.test.context.event.ApplicationEventsTestExecutionListener.recordApplicationEvents' -> false]]; transaction manager [org.springframework.orm.jpa.JpaTransactionManager@77d7d2d0]; rollback [true]
2022-08-03 17:19:04.888 DEBUG 33572 --- [    Test worker] org.hibernate.SQL                        : 
    insert 
    into
        member
        (member_address, member_birthday, member_email, member_gender, member_name, member_nickname, member_phone, member_pw) 
    values
        (?, ?, ?, ?, ?, ?, ?, ?)
2022-08-03 17:19:04.888 TRACE 33572 --- [    Test worker] o.h.type.descriptor.sql.BasicBinder      : binding parameter [1] as [VARCHAR] - [address]
2022-08-03 17:19:04.888 TRACE 33572 --- [    Test worker] o.h.type.descriptor.sql.BasicBinder      : binding parameter [2] as [VARCHAR] - [birthday]
2022-08-03 17:19:04.888 TRACE 33572 --- [    Test worker] o.h.type.descriptor.sql.BasicBinder      : binding parameter [3] as [VARCHAR] - [email4]
2022-08-03 17:19:04.888 TRACE 33572 --- [    Test worker] o.h.type.descriptor.sql.BasicBinder      : binding parameter [4] as [VARCHAR] - [gender]
2022-08-03 17:19:04.888 TRACE 33572 --- [    Test worker] o.h.type.descriptor.sql.BasicBinder      : binding parameter [5] as [VARCHAR] - [name]
2022-08-03 17:19:04.889 TRACE 33572 --- [    Test worker] o.h.type.descriptor.sql.BasicBinder      : binding parameter [6] as [VARCHAR] - [nickname]
2022-08-03 17:19:04.889 TRACE 33572 --- [    Test worker] o.h.type.descriptor.sql.BasicBinder      : binding parameter [7] as [VARCHAR] - [phone]
2022-08-03 17:19:04.889 TRACE 33572 --- [    Test worker] o.h.type.descriptor.sql.BasicBinder      : binding parameter [8] as [VARCHAR] - [pw]
2022-08-03 17:19:04.898 DEBUG 33572 --- [    Test worker] org.hibernate.SQL                        : 
    insert 
    into
        member
        (member_address, member_birthday, member_email, member_gender, member_name, member_nickname, member_phone, member_pw) 
    values
        (?, ?, ?, ?, ?, ?, ?, ?)
2022-08-03 17:19:04.898 TRACE 33572 --- [    Test worker] o.h.type.descriptor.sql.BasicBinder      : binding parameter [1] as [VARCHAR] - [address]
2022-08-03 17:19:04.898 TRACE 33572 --- [    Test worker] o.h.type.descriptor.sql.BasicBinder      : binding parameter [2] as [VARCHAR] - [birthday]
2022-08-03 17:19:04.898 TRACE 33572 --- [    Test worker] o.h.type.descriptor.sql.BasicBinder      : binding parameter [3] as [VARCHAR] - [email5]
2022-08-03 17:19:04.898 TRACE 33572 --- [    Test worker] o.h.type.descriptor.sql.BasicBinder      : binding parameter [4] as [VARCHAR] - [gender]
2022-08-03 17:19:04.898 TRACE 33572 --- [    Test worker] o.h.type.descriptor.sql.BasicBinder      : binding parameter [5] as [VARCHAR] - [name]
2022-08-03 17:19:04.898 TRACE 33572 --- [    Test worker] o.h.type.descriptor.sql.BasicBinder      : binding parameter [6] as [VARCHAR] - [nickname]
2022-08-03 17:19:04.898 TRACE 33572 --- [    Test worker] o.h.type.descriptor.sql.BasicBinder      : binding parameter [7] as [VARCHAR] - [phone]
2022-08-03 17:19:04.898 TRACE 33572 --- [    Test worker] o.h.type.descriptor.sql.BasicBinder      : binding parameter [8] as [VARCHAR] - [pw]
2022-08-03 17:19:04.907 DEBUG 33572 --- [    Test worker] org.hibernate.SQL                        : 
    select
        member0_.member_id as member_i1_3_,
        member0_.member_address as member_a2_3_,
        member0_.member_birthday as member_b3_3_,
        member0_.member_email as member_e4_3_,
        member0_.member_gender as member_g5_3_,
        member0_.member_name as member_n6_3_,
        member0_.member_nickname as member_n7_3_,
        member0_.member_phone as member_p8_3_,
        member0_.member_pw as member_p9_3_ 
    from
        member member0_ 
    where
        member0_.member_email=?
2022-08-03 17:19:04.907 TRACE 33572 --- [    Test worker] o.h.type.descriptor.sql.BasicBinder      : binding parameter [1] as [VARCHAR] - [email5]
2022-08-03 17:19:05.031 TRACE 33572 --- [    Test worker] o.h.type.descriptor.sql.BasicExtractor   : extracted value ([member_i1_3_] : [BIGINT]) - [1210]
2022-08-03 17:19:05.052  INFO 33572 --- [    Test worker] o.s.t.c.transaction.TransactionContext   : Rolled back transaction for test: [DefaultTestContext@589dac96 testClass = MemberServiceTest, testInstance = kakao.valuetogether.service.MemberServiceTest@24a4e9c0, testMethod = 회원가입예외@MemberServiceTest, testException = [null], mergedContextConfiguration = [WebMergedContextConfiguration@4e60925d testClass = MemberServiceTest, locations = '{}', classes = '{class kakao.valuetogether.ValuetogetherApplication}', contextInitializerClasses = '[]', activeProfiles = '{}', propertySourceLocations = '{}', propertySourceProperties = '{org.springframework.boot.test.context.SpringBootTestContextBootstrapper=true}', contextCustomizers = set[org.springframework.boot.test.autoconfigure.actuate.metrics.MetricsExportContextCustomizerFactory$DisableMetricExportContextCustomizer@422c3c7a, org.springframework.boot.test.autoconfigure.properties.PropertyMappingContextCustomizer@0, org.springframework.boot.test.autoconfigure.web.servlet.WebDriverContextCustomizerFactory$Customizer@306851c7, org.springframework.boot.test.context.filter.ExcludeFilterContextCustomizer@41813449, org.springframework.boot.test.json.DuplicateJsonObjectContextCustomizerFactory$DuplicateJsonObjectContextCustomizer@5b07730f, org.springframework.boot.test.mock.mockito.MockitoContextCustomizer@0, org.springframework.boot.test.web.client.TestRestTemplateContextCustomizer@556d0826, org.springframework.boot.test.context.SpringBootTestArgs@1, org.springframework.boot.test.context.SpringBootTestWebEnvironment@15a04efb], resourceBasePath = 'src/main/webapp', contextLoader = 'org.springframework.boot.test.context.SpringBootContextLoader', parent = [null]], attributes = map['org.springframework.test.context.web.ServletTestExecutionListener.activateListener' -> true, 'org.springframework.test.context.web.ServletTestExecutionListener.populatedRequestContextHolder' -> true, 'org.springframework.test.context.web.ServletTestExecutionListener.resetRequestContextHolder' -> true, 'org.springframework.test.context.event.ApplicationEventsTestExecutionListener.recordApplicationEvents' -> false]]
2022-08-03 17:19:05.062  INFO 33572 --- [    Test worker] o.s.t.c.transaction.TransactionContext   : Began transaction (1) for test context [DefaultTestContext@589dac96 testClass = MemberServiceTest, testInstance = kakao.valuetogether.service.MemberServiceTest@214fe287, testMethod = 회원탈퇴@MemberServiceTest, testException = [null], mergedContextConfiguration = [WebMergedContextConfiguration@4e60925d testClass = MemberServiceTest, locations = '{}', classes = '{class kakao.valuetogether.ValuetogetherApplication}', contextInitializerClasses = '[]', activeProfiles = '{}', propertySourceLocations = '{}', propertySourceProperties = '{org.springframework.boot.test.context.SpringBootTestContextBootstrapper=true}', contextCustomizers = set[org.springframework.boot.test.autoconfigure.actuate.metrics.MetricsExportContextCustomizerFactory$DisableMetricExportContextCustomizer@422c3c7a, org.springframework.boot.test.autoconfigure.properties.PropertyMappingContextCustomizer@0, org.springframework.boot.test.autoconfigure.web.servlet.WebDriverContextCustomizerFactory$Customizer@306851c7, org.springframework.boot.test.context.filter.ExcludeFilterContextCustomizer@41813449, org.springframework.boot.test.json.DuplicateJsonObjectContextCustomizerFactory$DuplicateJsonObjectContextCustomizer@5b07730f, org.springframework.boot.test.mock.mockito.MockitoContextCustomizer@0, org.springframework.boot.test.web.client.TestRestTemplateContextCustomizer@556d0826, org.springframework.boot.test.context.SpringBootTestArgs@1, org.springframework.boot.test.context.SpringBootTestWebEnvironment@15a04efb], resourceBasePath = 'src/main/webapp', contextLoader = 'org.springframework.boot.test.context.SpringBootContextLoader', parent = [null]], attributes = map['org.springframework.test.context.web.ServletTestExecutionListener.activateListener' -> true, 'org.springframework.test.context.web.ServletTestExecutionListener.populatedRequestContextHolder' -> true, 'org.springframework.test.context.web.ServletTestExecutionListener.resetRequestContextHolder' -> true, 'org.springframework.test.context.event.ApplicationEventsTestExecutionListener.recordApplicationEvents' -> false]]; transaction manager [org.springframework.orm.jpa.JpaTransactionManager@77d7d2d0]; rollback [true]
2022-08-03 17:19:05.064 DEBUG 33572 --- [    Test worker] org.hibernate.SQL                        : 
    insert 
    into
        member
        (member_address, member_birthday, member_email, member_gender, member_name, member_nickname, member_phone, member_pw) 
    values
        (?, ?, ?, ?, ?, ?, ?, ?)
2022-08-03 17:19:05.065 TRACE 33572 --- [    Test worker] o.h.type.descriptor.sql.BasicBinder      : binding parameter [1] as [VARCHAR] - [address]
2022-08-03 17:19:05.065 TRACE 33572 --- [    Test worker] o.h.type.descriptor.sql.BasicBinder      : binding parameter [2] as [VARCHAR] - [birthday]
2022-08-03 17:19:05.065 TRACE 33572 --- [    Test worker] o.h.type.descriptor.sql.BasicBinder      : binding parameter [3] as [VARCHAR] - [email12]
2022-08-03 17:19:05.065 TRACE 33572 --- [    Test worker] o.h.type.descriptor.sql.BasicBinder      : binding parameter [4] as [VARCHAR] - [gender]
2022-08-03 17:19:05.065 TRACE 33572 --- [    Test worker] o.h.type.descriptor.sql.BasicBinder      : binding parameter [5] as [VARCHAR] - [name]
2022-08-03 17:19:05.065 TRACE 33572 --- [    Test worker] o.h.type.descriptor.sql.BasicBinder      : binding parameter [6] as [VARCHAR] - [nickname]
2022-08-03 17:19:05.065 TRACE 33572 --- [    Test worker] o.h.type.descriptor.sql.BasicBinder      : binding parameter [7] as [VARCHAR] - [phone]
2022-08-03 17:19:05.065 TRACE 33572 --- [    Test worker] o.h.type.descriptor.sql.BasicBinder      : binding parameter [8] as [VARCHAR] - [pw]
2022-08-03 17:19:05.073 DEBUG 33572 --- [    Test worker] org.hibernate.SQL                        : 
    insert 
    into
        member
        (member_address, member_birthday, member_email, member_gender, member_name, member_nickname, member_phone, member_pw) 
    values
        (?, ?, ?, ?, ?, ?, ?, ?)
2022-08-03 17:19:05.074 TRACE 33572 --- [    Test worker] o.h.type.descriptor.sql.BasicBinder      : binding parameter [1] as [VARCHAR] - [address]
2022-08-03 17:19:05.074 TRACE 33572 --- [    Test worker] o.h.type.descriptor.sql.BasicBinder      : binding parameter [2] as [VARCHAR] - [birthday]
2022-08-03 17:19:05.074 TRACE 33572 --- [    Test worker] o.h.type.descriptor.sql.BasicBinder      : binding parameter [3] as [VARCHAR] - [email13]
2022-08-03 17:19:05.074 TRACE 33572 --- [    Test worker] o.h.type.descriptor.sql.BasicBinder      : binding parameter [4] as [VARCHAR] - [gender]
2022-08-03 17:19:05.074 TRACE 33572 --- [    Test worker] o.h.type.descriptor.sql.BasicBinder      : binding parameter [5] as [VARCHAR] - [name]
2022-08-03 17:19:05.074 TRACE 33572 --- [    Test worker] o.h.type.descriptor.sql.BasicBinder      : binding parameter [6] as [VARCHAR] - [nickname]
2022-08-03 17:19:05.074 TRACE 33572 --- [    Test worker] o.h.type.descriptor.sql.BasicBinder      : binding parameter [7] as [VARCHAR] - [phone]
2022-08-03 17:19:05.074 TRACE 33572 --- [    Test worker] o.h.type.descriptor.sql.BasicBinder      : binding parameter [8] as [VARCHAR] - [pw]
2022-08-03 17:19:05.107  INFO 33572 --- [    Test worker] o.s.t.c.transaction.TransactionContext   : Rolled back transaction for test: [DefaultTestContext@589dac96 testClass = MemberServiceTest, testInstance = kakao.valuetogether.service.MemberServiceTest@214fe287, testMethod = 회원탈퇴@MemberServiceTest, testException = [null], mergedContextConfiguration = [WebMergedContextConfiguration@4e60925d testClass = MemberServiceTest, locations = '{}', classes = '{class kakao.valuetogether.ValuetogetherApplication}', contextInitializerClasses = '[]', activeProfiles = '{}', propertySourceLocations = '{}', propertySourceProperties = '{org.springframework.boot.test.context.SpringBootTestContextBootstrapper=true}', contextCustomizers = set[org.springframework.boot.test.autoconfigure.actuate.metrics.MetricsExportContextCustomizerFactory$DisableMetricExportContextCustomizer@422c3c7a, org.springframework.boot.test.autoconfigure.properties.PropertyMappingContextCustomizer@0, org.springframework.boot.test.autoconfigure.web.servlet.WebDriverContextCustomizerFactory$Customizer@306851c7, org.springframework.boot.test.context.filter.ExcludeFilterContextCustomizer@41813449, org.springframework.boot.test.json.DuplicateJsonObjectContextCustomizerFactory$DuplicateJsonObjectContextCustomizer@5b07730f, org.springframework.boot.test.mock.mockito.MockitoContextCustomizer@0, org.springframework.boot.test.web.client.TestRestTemplateContextCustomizer@556d0826, org.springframework.boot.test.context.SpringBootTestArgs@1, org.springframework.boot.test.context.SpringBootTestWebEnvironment@15a04efb], resourceBasePath = 'src/main/webapp', contextLoader = 'org.springframework.boot.test.context.SpringBootContextLoader', parent = [null]], attributes = map['org.springframework.test.context.web.ServletTestExecutionListener.activateListener' -> true, 'org.springframework.test.context.web.ServletTestExecutionListener.populatedRequestContextHolder' -> true, 'org.springframework.test.context.web.ServletTestExecutionListener.resetRequestContextHolder' -> true, 'org.springframework.test.context.event.ApplicationEventsTestExecutionListener.recordApplicationEvents' -> false]]
]]></system-out>
  <system-err><![CDATA[]]></system-err>
</testsuite>
