<?xml version="1.0" encoding="UTF-8"?>
<testsuite name="kakao.valuetogether.ValuetogetherApplicationTests" tests="1" skipped="0" failures="0" errors="0" timestamp="2022-08-03T05:16:09" hostname="DESKTOP-8DQF55R" time="0.478">
  <properties/>
  <testcase name="test()" classname="kakao.valuetogether.ValuetogetherApplicationTests" time="0.478"/>
  <system-out><![CDATA[14:15:59.109 [Test worker] DEBUG org.springframework.test.context.BootstrapUtils - Instantiating CacheAwareContextLoaderDelegate from class [org.springframework.test.context.cache.DefaultCacheAwareContextLoaderDelegate]
14:15:59.109 [Test worker] DEBUG org.springframework.test.context.BootstrapUtils - Instantiating BootstrapContext using constructor [public org.springframework.test.context.support.DefaultBootstrapContext(java.lang.Class,org.springframework.test.context.CacheAwareContextLoaderDelegate)]
14:15:59.110 [Test worker] DEBUG org.springframework.test.context.BootstrapUtils - Instantiating TestContextBootstrapper for test class [kakao.valuetogether.ValuetogetherApplicationTests] from class [org.springframework.boot.test.context.SpringBootTestContextBootstrapper]
14:15:59.110 [Test worker] INFO org.springframework.boot.test.context.SpringBootTestContextBootstrapper - Neither @ContextConfiguration nor @ContextHierarchy found for test class [kakao.valuetogether.ValuetogetherApplicationTests], using SpringBootContextLoader
14:15:59.112 [Test worker] DEBUG org.springframework.test.context.support.AbstractContextLoader - Did not detect default resource location for test class [kakao.valuetogether.ValuetogetherApplicationTests]: class path resource [kakao/valuetogether/ValuetogetherApplicationTests-context.xml] does not exist
14:15:59.113 [Test worker] DEBUG org.springframework.test.context.support.AbstractContextLoader - Did not detect default resource location for test class [kakao.valuetogether.ValuetogetherApplicationTests]: class path resource [kakao/valuetogether/ValuetogetherApplicationTestsContext.groovy] does not exist
14:15:59.113 [Test worker] INFO org.springframework.test.context.support.AbstractContextLoader - Could not detect default resource locations for test class [kakao.valuetogether.ValuetogetherApplicationTests]: no resource found for suffixes {-context.xml, Context.groovy}.
14:15:59.113 [Test worker] INFO org.springframework.test.context.support.AnnotationConfigContextLoaderUtils - Could not detect default configuration classes for test class [kakao.valuetogether.ValuetogetherApplicationTests]: ValuetogetherApplicationTests does not declare any static, non-private, non-final, nested classes annotated with @Configuration.
14:15:59.116 [Test worker] DEBUG org.springframework.test.context.support.ActiveProfilesUtils - Could not find an 'annotation declaring class' for annotation type [org.springframework.test.context.ActiveProfiles] and class [kakao.valuetogether.ValuetogetherApplicationTests]
14:15:59.122 [Test worker] DEBUG org.springframework.context.annotation.ClassPathScanningCandidateComponentProvider - Identified candidate component class: file [C:\Users\kimdongho\Desktop\spring-back\valuetogether\valuetogether\valuetogether\build\classes\java\main\kakao\valuetogether\ValuetogetherApplication.class]
14:15:59.122 [Test worker] INFO org.springframework.boot.test.context.SpringBootTestContextBootstrapper - Found @SpringBootConfiguration kakao.valuetogether.ValuetogetherApplication for test class kakao.valuetogether.ValuetogetherApplicationTests
14:15:59.126 [Test worker] DEBUG org.springframework.boot.test.context.SpringBootTestContextBootstrapper - @TestExecutionListeners is not present for class [kakao.valuetogether.ValuetogetherApplicationTests]: using defaults.
14:15:59.126 [Test worker] INFO org.springframework.boot.test.context.SpringBootTestContextBootstrapper - Loaded default TestExecutionListener class names from location [META-INF/spring.factories]: [org.springframework.boot.test.autoconfigure.restdocs.RestDocsTestExecutionListener, org.springframework.boot.test.autoconfigure.web.client.MockRestServiceServerResetTestExecutionListener, org.springframework.boot.test.autoconfigure.web.servlet.MockMvcPrintOnlyOnFailureTestExecutionListener, org.springframework.boot.test.autoconfigure.web.servlet.WebDriverTestExecutionListener, org.springframework.boot.test.autoconfigure.webservices.client.MockWebServiceServerTestExecutionListener, org.springframework.boot.test.mock.mockito.MockitoTestExecutionListener, org.springframework.boot.test.mock.mockito.ResetMocksTestExecutionListener, org.springframework.test.context.web.ServletTestExecutionListener, org.springframework.test.context.support.DirtiesContextBeforeModesTestExecutionListener, org.springframework.test.context.event.ApplicationEventsTestExecutionListener, org.springframework.test.context.support.DependencyInjectionTestExecutionListener, org.springframework.test.context.support.DirtiesContextTestExecutionListener, org.springframework.test.context.transaction.TransactionalTestExecutionListener, org.springframework.test.context.jdbc.SqlScriptsTestExecutionListener, org.springframework.test.context.event.EventPublishingTestExecutionListener]
14:15:59.127 [Test worker] INFO org.springframework.boot.test.context.SpringBootTestContextBootstrapper - Using TestExecutionListeners: [org.springframework.test.context.web.ServletTestExecutionListener@4564e94b, org.springframework.test.context.support.DirtiesContextBeforeModesTestExecutionListener@54534abf, org.springframework.test.context.event.ApplicationEventsTestExecutionListener@51745f40, org.springframework.boot.test.mock.mockito.MockitoTestExecutionListener@45673f68, org.springframework.boot.test.autoconfigure.SpringBootDependencyInjectionTestExecutionListener@27abb83e, org.springframework.test.context.support.DirtiesContextTestExecutionListener@69e308c6, org.springframework.test.context.transaction.TransactionalTestExecutionListener@1a1ed4e5, org.springframework.test.context.jdbc.SqlScriptsTestExecutionListener@667e34b1, org.springframework.test.context.event.EventPublishingTestExecutionListener@1c6e0a08, org.springframework.boot.test.autoconfigure.restdocs.RestDocsTestExecutionListener@6dba847b, org.springframework.boot.test.autoconfigure.web.client.MockRestServiceServerResetTestExecutionListener@1efdcd5, org.springframework.boot.test.autoconfigure.web.servlet.MockMvcPrintOnlyOnFailureTestExecutionListener@1623bbe5, org.springframework.boot.test.autoconfigure.web.servlet.WebDriverTestExecutionListener@7af1cd63, org.springframework.boot.test.autoconfigure.webservices.client.MockWebServiceServerTestExecutionListener@4351171a, org.springframework.boot.test.mock.mockito.ResetMocksTestExecutionListener@3c2772d1]
14:15:59.133 [Test worker] DEBUG org.springframework.test.context.support.AbstractDirtiesContextTestExecutionListener - Before test class: context [DefaultTestContext@5a5c128 testClass = ValuetogetherApplicationTests, testInstance = [null], testMethod = [null], testException = [null], mergedContextConfiguration = [WebMergedContextConfiguration@73eb8672 testClass = ValuetogetherApplicationTests, locations = '{}', classes = '{class kakao.valuetogether.ValuetogetherApplication}', contextInitializerClasses = '[]', activeProfiles = '{}', propertySourceLocations = '{}', propertySourceProperties = '{org.springframework.boot.test.context.SpringBootTestContextBootstrapper=true}', contextCustomizers = set[org.springframework.boot.test.autoconfigure.actuate.metrics.MetricsExportContextCustomizerFactory$DisableMetricExportContextCustomizer@60dce7ea, org.springframework.boot.test.autoconfigure.properties.PropertyMappingContextCustomizer@0, org.springframework.boot.test.autoconfigure.web.servlet.WebDriverContextCustomizerFactory$Customizer@7a791b66, org.springframework.boot.test.context.filter.ExcludeFilterContextCustomizer@61884cb1, org.springframework.boot.test.json.DuplicateJsonObjectContextCustomizerFactory$DuplicateJsonObjectContextCustomizer@79da1ec0, org.springframework.boot.test.mock.mockito.MockitoContextCustomizer@0, org.springframework.boot.test.web.client.TestRestTemplateContextCustomizer@1e63ec0b, org.springframework.boot.test.context.SpringBootTestArgs@1, org.springframework.boot.test.context.SpringBootTestWebEnvironment@5f20155b], resourceBasePath = 'src/main/webapp', contextLoader = 'org.springframework.boot.test.context.SpringBootContextLoader', parent = [null]], attributes = map['org.springframework.test.context.web.ServletTestExecutionListener.activateListener' -> true]], class annotated with @DirtiesContext [false] with mode [null].

  .   ____          _            __ _ _
 /\\ / ___'_ __ _ _(_)_ __  __ _ \ \ \ \
( ( )\___ | '_ | '_| | '_ \/ _` | \ \ \ \
 \\/  ___)| |_)| | | | | || (_| |  ) ) ) )
  '  |____| .__|_| |_|_| |_\__, | / / / /
 =========|_|==============|___/=/_/_/_/
 :: Spring Boot ::                (v2.7.1)

2022-08-03 14:15:59.934  INFO 12640 --- [    Test worker] k.v.ValuetogetherApplicationTests        : Starting ValuetogetherApplicationTests using Java 11.0.15 on DESKTOP-8DQF55R with PID 12640 (started by kimdongho in C:\Users\kimdongho\Desktop\spring-back\valuetogether\valuetogether\valuetogether)
2022-08-03 14:15:59.937  INFO 12640 --- [    Test worker] k.v.ValuetogetherApplicationTests        : No active profile set, falling back to 1 default profile: "default"
2022-08-03 14:16:01.425  INFO 12640 --- [    Test worker] .s.d.r.c.RepositoryConfigurationDelegate : Bootstrapping Spring Data JPA repositories in DEFAULT mode.
2022-08-03 14:16:01.463  INFO 12640 --- [    Test worker] .s.d.r.c.RepositoryConfigurationDelegate : Finished Spring Data repository scanning in 21 ms. Found 0 JPA repository interfaces.
2022-08-03 14:16:01.987  INFO 12640 --- [    Test worker] trationDelegate$BeanPostProcessorChecker : Bean 'credentialsProvider' of type [com.amazonaws.auth.AWSCredentialsProviderChain] is not eligible for getting processed by all BeanPostProcessors (for example: not eligible for auto-proxying)
2022-08-03 14:16:02.639  INFO 12640 --- [    Test worker] o.hibernate.jpa.internal.util.LogHelper  : HHH000204: Processing PersistenceUnitInfo [name: default]
2022-08-03 14:16:02.757  INFO 12640 --- [    Test worker] org.hibernate.Version                    : HHH000412: Hibernate ORM core version 5.6.9.Final
2022-08-03 14:16:03.189  INFO 12640 --- [    Test worker] o.hibernate.annotations.common.Version   : HCANN000001: Hibernate Commons Annotations {5.1.2.Final}
2022-08-03 14:16:03.262 DEBUG 12640 --- [    Test worker] org.hibernate.type.BasicTypeRegistry     : Adding type registration boolean -> org.hibernate.type.BooleanType@77ccded4
2022-08-03 14:16:03.262 DEBUG 12640 --- [    Test worker] org.hibernate.type.BasicTypeRegistry     : Adding type registration boolean -> org.hibernate.type.BooleanType@77ccded4
2022-08-03 14:16:03.262 DEBUG 12640 --- [    Test worker] org.hibernate.type.BasicTypeRegistry     : Adding type registration java.lang.Boolean -> org.hibernate.type.BooleanType@77ccded4
2022-08-03 14:16:03.264 DEBUG 12640 --- [    Test worker] org.hibernate.type.BasicTypeRegistry     : Adding type registration numeric_boolean -> org.hibernate.type.NumericBooleanType@83b0d0f
2022-08-03 14:16:03.265 DEBUG 12640 --- [    Test worker] org.hibernate.type.BasicTypeRegistry     : Adding type registration true_false -> org.hibernate.type.TrueFalseType@31228d83
2022-08-03 14:16:03.267 DEBUG 12640 --- [    Test worker] org.hibernate.type.BasicTypeRegistry     : Adding type registration yes_no -> org.hibernate.type.YesNoType@61a704d3
2022-08-03 14:16:03.270 DEBUG 12640 --- [    Test worker] org.hibernate.type.BasicTypeRegistry     : Adding type registration byte -> org.hibernate.type.ByteType@fe42a09
2022-08-03 14:16:03.270 DEBUG 12640 --- [    Test worker] org.hibernate.type.BasicTypeRegistry     : Adding type registration byte -> org.hibernate.type.ByteType@fe42a09
2022-08-03 14:16:03.270 DEBUG 12640 --- [    Test worker] org.hibernate.type.BasicTypeRegistry     : Adding type registration java.lang.Byte -> org.hibernate.type.ByteType@fe42a09
2022-08-03 14:16:03.273 DEBUG 12640 --- [    Test worker] org.hibernate.type.BasicTypeRegistry     : Adding type registration character -> org.hibernate.type.CharacterType@99c4993
2022-08-03 14:16:03.273 DEBUG 12640 --- [    Test worker] org.hibernate.type.BasicTypeRegistry     : Adding type registration char -> org.hibernate.type.CharacterType@99c4993
2022-08-03 14:16:03.273 DEBUG 12640 --- [    Test worker] org.hibernate.type.BasicTypeRegistry     : Adding type registration java.lang.Character -> org.hibernate.type.CharacterType@99c4993
2022-08-03 14:16:03.276 DEBUG 12640 --- [    Test worker] org.hibernate.type.BasicTypeRegistry     : Adding type registration short -> org.hibernate.type.ShortType@632241f5
2022-08-03 14:16:03.276 DEBUG 12640 --- [    Test worker] org.hibernate.type.BasicTypeRegistry     : Adding type registration short -> org.hibernate.type.ShortType@632241f5
2022-08-03 14:16:03.276 DEBUG 12640 --- [    Test worker] org.hibernate.type.BasicTypeRegistry     : Adding type registration java.lang.Short -> org.hibernate.type.ShortType@632241f5
2022-08-03 14:16:03.279 DEBUG 12640 --- [    Test worker] org.hibernate.type.BasicTypeRegistry     : Adding type registration integer -> org.hibernate.type.IntegerType@305552d6
2022-08-03 14:16:03.279 DEBUG 12640 --- [    Test worker] org.hibernate.type.BasicTypeRegistry     : Adding type registration int -> org.hibernate.type.IntegerType@305552d6
2022-08-03 14:16:03.279 DEBUG 12640 --- [    Test worker] org.hibernate.type.BasicTypeRegistry     : Adding type registration java.lang.Integer -> org.hibernate.type.IntegerType@305552d6
2022-08-03 14:16:03.281 DEBUG 12640 --- [    Test worker] org.hibernate.type.BasicTypeRegistry     : Adding type registration long -> org.hibernate.type.LongType@6f8667bb
2022-08-03 14:16:03.282 DEBUG 12640 --- [    Test worker] org.hibernate.type.BasicTypeRegistry     : Adding type registration long -> org.hibernate.type.LongType@6f8667bb
2022-08-03 14:16:03.282 DEBUG 12640 --- [    Test worker] org.hibernate.type.BasicTypeRegistry     : Adding type registration java.lang.Long -> org.hibernate.type.LongType@6f8667bb
2022-08-03 14:16:03.284 DEBUG 12640 --- [    Test worker] org.hibernate.type.BasicTypeRegistry     : Adding type registration float -> org.hibernate.type.FloatType@643f6179
2022-08-03 14:16:03.284 DEBUG 12640 --- [    Test worker] org.hibernate.type.BasicTypeRegistry     : Adding type registration float -> org.hibernate.type.FloatType@643f6179
2022-08-03 14:16:03.285 DEBUG 12640 --- [    Test worker] org.hibernate.type.BasicTypeRegistry     : Adding type registration java.lang.Float -> org.hibernate.type.FloatType@643f6179
2022-08-03 14:16:03.286 DEBUG 12640 --- [    Test worker] org.hibernate.type.BasicTypeRegistry     : Adding type registration double -> org.hibernate.type.DoubleType@5d767218
2022-08-03 14:16:03.287 DEBUG 12640 --- [    Test worker] org.hibernate.type.BasicTypeRegistry     : Adding type registration double -> org.hibernate.type.DoubleType@5d767218
2022-08-03 14:16:03.287 DEBUG 12640 --- [    Test worker] org.hibernate.type.BasicTypeRegistry     : Adding type registration java.lang.Double -> org.hibernate.type.DoubleType@5d767218
2022-08-03 14:16:03.289 DEBUG 12640 --- [    Test worker] org.hibernate.type.BasicTypeRegistry     : Adding type registration big_decimal -> org.hibernate.type.BigDecimalType@4c2c44e8
2022-08-03 14:16:03.289 DEBUG 12640 --- [    Test worker] org.hibernate.type.BasicTypeRegistry     : Adding type registration java.math.BigDecimal -> org.hibernate.type.BigDecimalType@4c2c44e8
2022-08-03 14:16:03.291 DEBUG 12640 --- [    Test worker] org.hibernate.type.BasicTypeRegistry     : Adding type registration big_integer -> org.hibernate.type.BigIntegerType@2a0963be
2022-08-03 14:16:03.292 DEBUG 12640 --- [    Test worker] org.hibernate.type.BasicTypeRegistry     : Adding type registration java.math.BigInteger -> org.hibernate.type.BigIntegerType@2a0963be
2022-08-03 14:16:03.294 DEBUG 12640 --- [    Test worker] org.hibernate.type.BasicTypeRegistry     : Adding type registration string -> org.hibernate.type.StringType@6fef75c6
2022-08-03 14:16:03.294 DEBUG 12640 --- [    Test worker] org.hibernate.type.BasicTypeRegistry     : Adding type registration java.lang.String -> org.hibernate.type.StringType@6fef75c6
2022-08-03 14:16:03.295 DEBUG 12640 --- [    Test worker] org.hibernate.type.BasicTypeRegistry     : Adding type registration nstring -> org.hibernate.type.StringNVarcharType@b428830
2022-08-03 14:16:03.297 DEBUG 12640 --- [    Test worker] org.hibernate.type.BasicTypeRegistry     : Adding type registration ncharacter -> org.hibernate.type.CharacterNCharType@7ef8e623
2022-08-03 14:16:03.299 DEBUG 12640 --- [    Test worker] org.hibernate.type.BasicTypeRegistry     : Adding type registration url -> org.hibernate.type.UrlType@1eab8437
2022-08-03 14:16:03.300 DEBUG 12640 --- [    Test worker] org.hibernate.type.BasicTypeRegistry     : Adding type registration java.net.URL -> org.hibernate.type.UrlType@1eab8437
2022-08-03 14:16:03.302 DEBUG 12640 --- [    Test worker] org.hibernate.type.BasicTypeRegistry     : Adding type registration Duration -> org.hibernate.type.DurationType@2353354a
2022-08-03 14:16:03.302 DEBUG 12640 --- [    Test worker] org.hibernate.type.BasicTypeRegistry     : Adding type registration java.time.Duration -> org.hibernate.type.DurationType@2353354a
2022-08-03 14:16:03.305 DEBUG 12640 --- [    Test worker] org.hibernate.type.BasicTypeRegistry     : Adding type registration Instant -> org.hibernate.type.InstantType@c758a2d
2022-08-03 14:16:03.306 DEBUG 12640 --- [    Test worker] org.hibernate.type.BasicTypeRegistry     : Adding type registration java.time.Instant -> org.hibernate.type.InstantType@c758a2d
2022-08-03 14:16:03.309 DEBUG 12640 --- [    Test worker] org.hibernate.type.BasicTypeRegistry     : Adding type registration LocalDateTime -> org.hibernate.type.LocalDateTimeType@30ec211a
2022-08-03 14:16:03.310 DEBUG 12640 --- [    Test worker] org.hibernate.type.BasicTypeRegistry     : Adding type registration java.time.LocalDateTime -> org.hibernate.type.LocalDateTimeType@30ec211a
2022-08-03 14:16:03.313 DEBUG 12640 --- [    Test worker] org.hibernate.type.BasicTypeRegistry     : Adding type registration LocalDate -> org.hibernate.type.LocalDateType@4d4df0f4
2022-08-03 14:16:03.313 DEBUG 12640 --- [    Test worker] org.hibernate.type.BasicTypeRegistry     : Adding type registration java.time.LocalDate -> org.hibernate.type.LocalDateType@4d4df0f4
2022-08-03 14:16:03.316 DEBUG 12640 --- [    Test worker] org.hibernate.type.BasicTypeRegistry     : Adding type registration LocalTime -> org.hibernate.type.LocalTimeType@446c8c72
2022-08-03 14:16:03.316 DEBUG 12640 --- [    Test worker] org.hibernate.type.BasicTypeRegistry     : Adding type registration java.time.LocalTime -> org.hibernate.type.LocalTimeType@446c8c72
2022-08-03 14:16:03.319 DEBUG 12640 --- [    Test worker] org.hibernate.type.BasicTypeRegistry     : Adding type registration OffsetDateTime -> org.hibernate.type.OffsetDateTimeType@1187dc82
2022-08-03 14:16:03.319 DEBUG 12640 --- [    Test worker] org.hibernate.type.BasicTypeRegistry     : Adding type registration java.time.OffsetDateTime -> org.hibernate.type.OffsetDateTimeType@1187dc82
2022-08-03 14:16:03.322 DEBUG 12640 --- [    Test worker] org.hibernate.type.BasicTypeRegistry     : Adding type registration OffsetTime -> org.hibernate.type.OffsetTimeType@18026052
2022-08-03 14:16:03.322 DEBUG 12640 --- [    Test worker] org.hibernate.type.BasicTypeRegistry     : Adding type registration java.time.OffsetTime -> org.hibernate.type.OffsetTimeType@18026052
2022-08-03 14:16:03.326 DEBUG 12640 --- [    Test worker] org.hibernate.type.BasicTypeRegistry     : Adding type registration ZonedDateTime -> org.hibernate.type.ZonedDateTimeType@6a4af081
2022-08-03 14:16:03.326 DEBUG 12640 --- [    Test worker] org.hibernate.type.BasicTypeRegistry     : Adding type registration java.time.ZonedDateTime -> org.hibernate.type.ZonedDateTimeType@6a4af081
2022-08-03 14:16:03.329 DEBUG 12640 --- [    Test worker] org.hibernate.type.BasicTypeRegistry     : Adding type registration date -> org.hibernate.type.DateType@8ac12e6
2022-08-03 14:16:03.330 DEBUG 12640 --- [    Test worker] org.hibernate.type.BasicTypeRegistry     : Adding type registration java.sql.Date -> org.hibernate.type.DateType@8ac12e6
2022-08-03 14:16:03.332 DEBUG 12640 --- [    Test worker] org.hibernate.type.BasicTypeRegistry     : Adding type registration time -> org.hibernate.type.TimeType@2326180c
2022-08-03 14:16:03.332 DEBUG 12640 --- [    Test worker] org.hibernate.type.BasicTypeRegistry     : Adding type registration java.sql.Time -> org.hibernate.type.TimeType@2326180c
2022-08-03 14:16:03.334 DEBUG 12640 --- [    Test worker] org.hibernate.type.BasicTypeRegistry     : Adding type registration timestamp -> org.hibernate.type.TimestampType@5409dfdd
2022-08-03 14:16:03.335 DEBUG 12640 --- [    Test worker] org.hibernate.type.BasicTypeRegistry     : Adding type registration java.sql.Timestamp -> org.hibernate.type.TimestampType@5409dfdd
2022-08-03 14:16:03.335 DEBUG 12640 --- [    Test worker] org.hibernate.type.BasicTypeRegistry     : Adding type registration java.util.Date -> org.hibernate.type.TimestampType@5409dfdd
2022-08-03 14:16:03.339 DEBUG 12640 --- [    Test worker] org.hibernate.type.BasicTypeRegistry     : Adding type registration dbtimestamp -> org.hibernate.type.DbTimestampType@20b54cfe
2022-08-03 14:16:03.341 DEBUG 12640 --- [    Test worker] org.hibernate.type.BasicTypeRegistry     : Adding type registration calendar -> org.hibernate.type.CalendarType@384472bf
2022-08-03 14:16:03.342 DEBUG 12640 --- [    Test worker] org.hibernate.type.BasicTypeRegistry     : Adding type registration java.util.Calendar -> org.hibernate.type.CalendarType@384472bf
2022-08-03 14:16:03.342 DEBUG 12640 --- [    Test worker] org.hibernate.type.BasicTypeRegistry     : Adding type registration java.util.GregorianCalendar -> org.hibernate.type.CalendarType@384472bf
2022-08-03 14:16:03.344 DEBUG 12640 --- [    Test worker] org.hibernate.type.BasicTypeRegistry     : Adding type registration calendar_date -> org.hibernate.type.CalendarDateType@56e5c8fb
2022-08-03 14:16:03.346 DEBUG 12640 --- [    Test worker] org.hibernate.type.BasicTypeRegistry     : Adding type registration calendar_time -> org.hibernate.type.CalendarTimeType@a3b858f
2022-08-03 14:16:03.348 DEBUG 12640 --- [    Test worker] org.hibernate.type.BasicTypeRegistry     : Adding type registration locale -> org.hibernate.type.LocaleType@2347b7af
2022-08-03 14:16:03.349 DEBUG 12640 --- [    Test worker] org.hibernate.type.BasicTypeRegistry     : Adding type registration java.util.Locale -> org.hibernate.type.LocaleType@2347b7af
2022-08-03 14:16:03.351 DEBUG 12640 --- [    Test worker] org.hibernate.type.BasicTypeRegistry     : Adding type registration currency -> org.hibernate.type.CurrencyType@66f2ec1c
2022-08-03 14:16:03.351 DEBUG 12640 --- [    Test worker] org.hibernate.type.BasicTypeRegistry     : Adding type registration java.util.Currency -> org.hibernate.type.CurrencyType@66f2ec1c
2022-08-03 14:16:03.353 DEBUG 12640 --- [    Test worker] org.hibernate.type.BasicTypeRegistry     : Adding type registration timezone -> org.hibernate.type.TimeZoneType@2026fbff
2022-08-03 14:16:03.353 DEBUG 12640 --- [    Test worker] org.hibernate.type.BasicTypeRegistry     : Adding type registration java.util.TimeZone -> org.hibernate.type.TimeZoneType@2026fbff
2022-08-03 14:16:03.356 DEBUG 12640 --- [    Test worker] org.hibernate.type.BasicTypeRegistry     : Adding type registration class -> org.hibernate.type.ClassType@38bc5ac0
2022-08-03 14:16:03.356 DEBUG 12640 --- [    Test worker] org.hibernate.type.BasicTypeRegistry     : Adding type registration java.lang.Class -> org.hibernate.type.ClassType@38bc5ac0
2022-08-03 14:16:03.358 DEBUG 12640 --- [    Test worker] org.hibernate.type.BasicTypeRegistry     : Adding type registration uuid-binary -> org.hibernate.type.UUIDBinaryType@2154652c
2022-08-03 14:16:03.358 DEBUG 12640 --- [    Test worker] org.hibernate.type.BasicTypeRegistry     : Adding type registration java.util.UUID -> org.hibernate.type.UUIDBinaryType@2154652c
2022-08-03 14:16:03.359 DEBUG 12640 --- [    Test worker] org.hibernate.type.BasicTypeRegistry     : Adding type registration uuid-char -> org.hibernate.type.UUIDCharType@2084e65a
2022-08-03 14:16:03.362 DEBUG 12640 --- [    Test worker] org.hibernate.type.BasicTypeRegistry     : Adding type registration binary -> org.hibernate.type.BinaryType@3dc82e6a
2022-08-03 14:16:03.362 DEBUG 12640 --- [    Test worker] org.hibernate.type.BasicTypeRegistry     : Adding type registration byte[] -> org.hibernate.type.BinaryType@3dc82e6a
2022-08-03 14:16:03.362 DEBUG 12640 --- [    Test worker] org.hibernate.type.BasicTypeRegistry     : Adding type registration [B -> org.hibernate.type.BinaryType@3dc82e6a
2022-08-03 14:16:03.365 DEBUG 12640 --- [    Test worker] org.hibernate.type.BasicTypeRegistry     : Adding type registration wrapper-binary -> org.hibernate.type.WrapperBinaryType@85ab964
2022-08-03 14:16:03.366 DEBUG 12640 --- [    Test worker] org.hibernate.type.BasicTypeRegistry     : Adding type registration Byte[] -> org.hibernate.type.WrapperBinaryType@85ab964
2022-08-03 14:16:03.366 DEBUG 12640 --- [    Test worker] org.hibernate.type.BasicTypeRegistry     : Adding type registration [Ljava.lang.Byte; -> org.hibernate.type.WrapperBinaryType@85ab964
2022-08-03 14:16:03.369 DEBUG 12640 --- [    Test worker] org.hibernate.type.BasicTypeRegistry     : Adding type registration row_version -> org.hibernate.type.RowVersionType@2d74cbbd
2022-08-03 14:16:03.370 DEBUG 12640 --- [    Test worker] org.hibernate.type.BasicTypeRegistry     : Adding type registration image -> org.hibernate.type.ImageType@561d88ee
2022-08-03 14:16:03.372 DEBUG 12640 --- [    Test worker] org.hibernate.type.BasicTypeRegistry     : Adding type registration characters -> org.hibernate.type.CharArrayType@7bec8cb0
2022-08-03 14:16:03.373 DEBUG 12640 --- [    Test worker] org.hibernate.type.BasicTypeRegistry     : Adding type registration char[] -> org.hibernate.type.CharArrayType@7bec8cb0
2022-08-03 14:16:03.373 DEBUG 12640 --- [    Test worker] org.hibernate.type.BasicTypeRegistry     : Adding type registration [C -> org.hibernate.type.CharArrayType@7bec8cb0
2022-08-03 14:16:03.375 DEBUG 12640 --- [    Test worker] org.hibernate.type.BasicTypeRegistry     : Adding type registration wrapper-characters -> org.hibernate.type.CharacterArrayType@1805383
2022-08-03 14:16:03.375 DEBUG 12640 --- [    Test worker] org.hibernate.type.BasicTypeRegistry     : Adding type registration [Ljava.lang.Character; -> org.hibernate.type.CharacterArrayType@1805383
2022-08-03 14:16:03.375 DEBUG 12640 --- [    Test worker] org.hibernate.type.BasicTypeRegistry     : Adding type registration Character[] -> org.hibernate.type.CharacterArrayType@1805383
2022-08-03 14:16:03.376 DEBUG 12640 --- [    Test worker] org.hibernate.type.BasicTypeRegistry     : Adding type registration text -> org.hibernate.type.TextType@5a06904
2022-08-03 14:16:03.377 DEBUG 12640 --- [    Test worker] org.hibernate.type.BasicTypeRegistry     : Adding type registration ntext -> org.hibernate.type.NTextType@786a3477
2022-08-03 14:16:03.380 DEBUG 12640 --- [    Test worker] org.hibernate.type.BasicTypeRegistry     : Adding type registration blob -> org.hibernate.type.BlobType@5889fc44
2022-08-03 14:16:03.381 DEBUG 12640 --- [    Test worker] org.hibernate.type.BasicTypeRegistry     : Adding type registration java.sql.Blob -> org.hibernate.type.BlobType@5889fc44
2022-08-03 14:16:03.382 DEBUG 12640 --- [    Test worker] org.hibernate.type.BasicTypeRegistry     : Adding type registration materialized_blob -> org.hibernate.type.MaterializedBlobType@4536a715
2022-08-03 14:16:03.385 DEBUG 12640 --- [    Test worker] org.hibernate.type.BasicTypeRegistry     : Adding type registration clob -> org.hibernate.type.ClobType@5cdf221a
2022-08-03 14:16:03.386 DEBUG 12640 --- [    Test worker] org.hibernate.type.BasicTypeRegistry     : Adding type registration java.sql.Clob -> org.hibernate.type.ClobType@5cdf221a
2022-08-03 14:16:03.390 DEBUG 12640 --- [    Test worker] org.hibernate.type.BasicTypeRegistry     : Adding type registration nclob -> org.hibernate.type.NClobType@7e77678c
2022-08-03 14:16:03.390 DEBUG 12640 --- [    Test worker] org.hibernate.type.BasicTypeRegistry     : Adding type registration java.sql.NClob -> org.hibernate.type.NClobType@7e77678c
2022-08-03 14:16:03.391 DEBUG 12640 --- [    Test worker] org.hibernate.type.BasicTypeRegistry     : Adding type registration materialized_clob -> org.hibernate.type.MaterializedClobType@4cd7d5e1
2022-08-03 14:16:03.393 DEBUG 12640 --- [    Test worker] org.hibernate.type.BasicTypeRegistry     : Adding type registration materialized_nclob -> org.hibernate.type.MaterializedNClobType@71e2c6d8
2022-08-03 14:16:03.396 DEBUG 12640 --- [    Test worker] org.hibernate.type.BasicTypeRegistry     : Adding type registration serializable -> org.hibernate.type.SerializableType@7608a838
2022-08-03 14:16:03.401 DEBUG 12640 --- [    Test worker] org.hibernate.type.BasicTypeRegistry     : Adding type registration object -> org.hibernate.type.ObjectType@472c9f88
2022-08-03 14:16:03.402 DEBUG 12640 --- [    Test worker] org.hibernate.type.BasicTypeRegistry     : Adding type registration java.lang.Object -> org.hibernate.type.ObjectType@472c9f88
2022-08-03 14:16:03.403 DEBUG 12640 --- [    Test worker] org.hibernate.type.BasicTypeRegistry     : Adding type registration imm_date -> org.hibernate.type.AdaptedImmutableType@7afbf2a0
2022-08-03 14:16:03.403 DEBUG 12640 --- [    Test worker] org.hibernate.type.BasicTypeRegistry     : Adding type registration imm_time -> org.hibernate.type.AdaptedImmutableType@2a6fb62f
2022-08-03 14:16:03.403 DEBUG 12640 --- [    Test worker] org.hibernate.type.BasicTypeRegistry     : Adding type registration imm_timestamp -> org.hibernate.type.AdaptedImmutableType@65e4cb84
2022-08-03 14:16:03.403 DEBUG 12640 --- [    Test worker] org.hibernate.type.BasicTypeRegistry     : Adding type registration imm_dbtimestamp -> org.hibernate.type.AdaptedImmutableType@7b44bfb8
2022-08-03 14:16:03.404 DEBUG 12640 --- [    Test worker] org.hibernate.type.BasicTypeRegistry     : Adding type registration imm_calendar -> org.hibernate.type.AdaptedImmutableType@5e0f2c82
2022-08-03 14:16:03.404 DEBUG 12640 --- [    Test worker] org.hibernate.type.BasicTypeRegistry     : Adding type registration imm_calendar_date -> org.hibernate.type.AdaptedImmutableType@98637a2
2022-08-03 14:16:03.404 DEBUG 12640 --- [    Test worker] org.hibernate.type.BasicTypeRegistry     : Adding type registration imm_binary -> org.hibernate.type.AdaptedImmutableType@4afd65fd
2022-08-03 14:16:03.404 DEBUG 12640 --- [    Test worker] org.hibernate.type.BasicTypeRegistry     : Adding type registration imm_serializable -> org.hibernate.type.AdaptedImmutableType@141aba65
2022-08-03 14:16:03.504  INFO 12640 --- [    Test worker] com.zaxxer.hikari.HikariDataSource       : HikariPool-1 - Starting...
2022-08-03 14:16:04.899  INFO 12640 --- [    Test worker] com.zaxxer.hikari.HikariDataSource       : HikariPool-1 - Start completed.
2022-08-03 14:16:04.930  INFO 12640 --- [    Test worker] org.hibernate.dialect.Dialect            : HHH000400: Using dialect: org.hibernate.dialect.MySQL5InnoDBDialect
2022-08-03 14:16:05.002 DEBUG 12640 --- [    Test worker] o.h.type.spi.TypeConfiguration$Scope     : Scoping TypeConfiguration [org.hibernate.type.spi.TypeConfiguration@1cb849b2] to MetadataBuildingContext [org.hibernate.boot.internal.MetadataBuildingContextRootImpl@6fe2a366]
2022-08-03 14:16:05.724 DEBUG 12640 --- [    Test worker] org.hibernate.type.EnumType              : Using NAMED-based conversion for Enum kakao.valuetogether.domain.enums.Target
2022-08-03 14:16:05.728 DEBUG 12640 --- [    Test worker] org.hibernate.type.EnumType              : Using NAMED-based conversion for Enum kakao.valuetogether.domain.enums.Topic
2022-08-03 14:16:05.761  WARN 12640 --- [    Test worker] org.hibernate.mapping.RootClass          : HHH000038: Composite-id class does not override equals(): kakao.valuetogether.domain.TagPost
2022-08-03 14:16:05.761  WARN 12640 --- [    Test worker] org.hibernate.mapping.RootClass          : HHH000039: Composite-id class does not override hashCode(): kakao.valuetogether.domain.TagPost
2022-08-03 14:16:05.762  WARN 12640 --- [    Test worker] org.hibernate.mapping.RootClass          : HHH000038: Composite-id class does not override equals(): kakao.valuetogether.domain.Donation
2022-08-03 14:16:05.763  WARN 12640 --- [    Test worker] org.hibernate.mapping.RootClass          : HHH000039: Composite-id class does not override hashCode(): kakao.valuetogether.domain.Donation
2022-08-03 14:16:05.763 DEBUG 12640 --- [    Test worker] o.h.type.spi.TypeConfiguration$Scope     : Scoping TypeConfiguration [org.hibernate.type.spi.TypeConfiguration@1cb849b2] to SessionFactoryImpl [org.hibernate.internal.SessionFactoryImpl@e7b3e54]
2022-08-03 14:16:06.555  INFO 12640 --- [    Test worker] o.h.e.t.j.p.i.JtaPlatformInitiator       : HHH000490: Using JtaPlatform implementation: [org.hibernate.engine.transaction.jta.platform.internal.NoJtaPlatform]
2022-08-03 14:16:06.572 TRACE 12640 --- [    Test worker] o.h.type.spi.TypeConfiguration$Scope     : Handling #sessionFactoryCreated from [org.hibernate.internal.SessionFactoryImpl@e7b3e54] for TypeConfiguration
2022-08-03 14:16:06.575  INFO 12640 --- [    Test worker] j.LocalContainerEntityManagerFactoryBean : Initialized JPA EntityManagerFactory for persistence unit 'default'
2022-08-03 14:16:08.336  WARN 12640 --- [    Test worker] JpaBaseConfiguration$JpaWebConfiguration : spring.jpa.open-in-view is enabled by default. Therefore, database queries may be performed during view rendering. Explicitly configure spring.jpa.open-in-view to disable this warning
2022-08-03 14:16:08.845  INFO 12640 --- [    Test worker] o.s.b.a.w.s.WelcomePageHandlerMapping    : Adding welcome page: class path resource [static/index.html]
2022-08-03 14:16:09.209  WARN 12640 --- [    Test worker] ion$DefaultTemplateResolverConfiguration : Cannot find template location: classpath:/templates/ (please add some templates or check your Thymeleaf configuration)
2022-08-03 14:16:09.608  INFO 12640 --- [    Test worker] k.v.ValuetogetherApplicationTests        : Started ValuetogetherApplicationTests in 10.41 seconds (JVM running for 13.387)
2022-08-03 14:16:09.841  INFO 12640 --- [    Test worker] o.s.t.c.transaction.TransactionContext   : Began transaction (1) for test context [DefaultTestContext@5a5c128 testClass = ValuetogetherApplicationTests, testInstance = kakao.valuetogether.ValuetogetherApplicationTests@74997ca6, testMethod = test@ValuetogetherApplicationTests, testException = [null], mergedContextConfiguration = [WebMergedContextConfiguration@73eb8672 testClass = ValuetogetherApplicationTests, locations = '{}', classes = '{class kakao.valuetogether.ValuetogetherApplication}', contextInitializerClasses = '[]', activeProfiles = '{}', propertySourceLocations = '{}', propertySourceProperties = '{org.springframework.boot.test.context.SpringBootTestContextBootstrapper=true}', contextCustomizers = set[org.springframework.boot.test.autoconfigure.actuate.metrics.MetricsExportContextCustomizerFactory$DisableMetricExportContextCustomizer@60dce7ea, org.springframework.boot.test.autoconfigure.properties.PropertyMappingContextCustomizer@0, org.springframework.boot.test.autoconfigure.web.servlet.WebDriverContextCustomizerFactory$Customizer@7a791b66, org.springframework.boot.test.context.filter.ExcludeFilterContextCustomizer@61884cb1, org.springframework.boot.test.json.DuplicateJsonObjectContextCustomizerFactory$DuplicateJsonObjectContextCustomizer@79da1ec0, org.springframework.boot.test.mock.mockito.MockitoContextCustomizer@0, org.springframework.boot.test.web.client.TestRestTemplateContextCustomizer@1e63ec0b, org.springframework.boot.test.context.SpringBootTestArgs@1, org.springframework.boot.test.context.SpringBootTestWebEnvironment@5f20155b], resourceBasePath = 'src/main/webapp', contextLoader = 'org.springframework.boot.test.context.SpringBootContextLoader', parent = [null]], attributes = map['org.springframework.test.context.web.ServletTestExecutionListener.activateListener' -> true, 'org.springframework.test.context.web.ServletTestExecutionListener.populatedRequestContextHolder' -> true, 'org.springframework.test.context.web.ServletTestExecutionListener.resetRequestContextHolder' -> true, 'org.springframework.test.context.event.ApplicationEventsTestExecutionListener.recordApplicationEvents' -> false]]; transaction manager [org.springframework.orm.jpa.JpaTransactionManager@52ec5ba6]; rollback [true]
2022-08-03 14:16:10.113  INFO 12640 --- [    Test worker] o.s.t.c.transaction.TransactionContext   : Rolled back transaction for test: [DefaultTestContext@5a5c128 testClass = ValuetogetherApplicationTests, testInstance = kakao.valuetogether.ValuetogetherApplicationTests@74997ca6, testMethod = test@ValuetogetherApplicationTests, testException = [null], mergedContextConfiguration = [WebMergedContextConfiguration@73eb8672 testClass = ValuetogetherApplicationTests, locations = '{}', classes = '{class kakao.valuetogether.ValuetogetherApplication}', contextInitializerClasses = '[]', activeProfiles = '{}', propertySourceLocations = '{}', propertySourceProperties = '{org.springframework.boot.test.context.SpringBootTestContextBootstrapper=true}', contextCustomizers = set[org.springframework.boot.test.autoconfigure.actuate.metrics.MetricsExportContextCustomizerFactory$DisableMetricExportContextCustomizer@60dce7ea, org.springframework.boot.test.autoconfigure.properties.PropertyMappingContextCustomizer@0, org.springframework.boot.test.autoconfigure.web.servlet.WebDriverContextCustomizerFactory$Customizer@7a791b66, org.springframework.boot.test.context.filter.ExcludeFilterContextCustomizer@61884cb1, org.springframework.boot.test.json.DuplicateJsonObjectContextCustomizerFactory$DuplicateJsonObjectContextCustomizer@79da1ec0, org.springframework.boot.test.mock.mockito.MockitoContextCustomizer@0, org.springframework.boot.test.web.client.TestRestTemplateContextCustomizer@1e63ec0b, org.springframework.boot.test.context.SpringBootTestArgs@1, org.springframework.boot.test.context.SpringBootTestWebEnvironment@5f20155b], resourceBasePath = 'src/main/webapp', contextLoader = 'org.springframework.boot.test.context.SpringBootContextLoader', parent = [null]], attributes = map['org.springframework.test.context.web.ServletTestExecutionListener.activateListener' -> true, 'org.springframework.test.context.web.ServletTestExecutionListener.populatedRequestContextHolder' -> true, 'org.springframework.test.context.web.ServletTestExecutionListener.resetRequestContextHolder' -> true, 'org.springframework.test.context.event.ApplicationEventsTestExecutionListener.recordApplicationEvents' -> false]]
]]></system-out>
  <system-err><![CDATA[]]></system-err>
</testsuite>
