<?xml version="1.0" encoding="UTF-8"?>
<testsuite name="kakao.valuetogether.service.CommentServiceTest" tests="5" skipped="0" failures="0" errors="0" timestamp="2022-08-03T07:53:22" hostname="DESKTOP-8DQF55R" time="0.346">
  <properties/>
  <testcase name="clickLike()" classname="kakao.valuetogether.service.CommentServiceTest" time="0.08"/>
  <testcase name="enroll()" classname="kakao.valuetogether.service.CommentServiceTest" time="0.063"/>
  <testcase name="remove()" classname="kakao.valuetogether.service.CommentServiceTest" time="0.064"/>
  <testcase name="edit()" classname="kakao.valuetogether.service.CommentServiceTest" time="0.064"/>
  <testcase name="disLike()" classname="kakao.valuetogether.service.CommentServiceTest" time="0.071"/>
  <system-out><![CDATA[2022-08-03 16:53:22.413  INFO 33764 --- [    Test worker] .b.t.c.SpringBootTestContextBootstrapper : Neither @ContextConfiguration nor @ContextHierarchy found for test class [kakao.valuetogether.service.CommentServiceTest], using SpringBootContextLoader
2022-08-03 16:53:22.414  INFO 33764 --- [    Test worker] o.s.t.c.support.AbstractContextLoader    : Could not detect default resource locations for test class [kakao.valuetogether.service.CommentServiceTest]: no resource found for suffixes {-context.xml, Context.groovy}.
2022-08-03 16:53:22.414  INFO 33764 --- [    Test worker] t.c.s.AnnotationConfigContextLoaderUtils : Could not detect default configuration classes for test class [kakao.valuetogether.service.CommentServiceTest]: CommentServiceTest does not declare any static, non-private, non-final, nested classes annotated with @Configuration.
2022-08-03 16:53:22.415  INFO 33764 --- [    Test worker] .b.t.c.SpringBootTestContextBootstrapper : Found @SpringBootConfiguration kakao.valuetogether.ValuetogetherApplication for test class kakao.valuetogether.service.CommentServiceTest
2022-08-03 16:53:22.416  INFO 33764 --- [    Test worker] .b.t.c.SpringBootTestContextBootstrapper : Loaded default TestExecutionListener class names from location [META-INF/spring.factories]: [org.springframework.boot.test.autoconfigure.restdocs.RestDocsTestExecutionListener, org.springframework.boot.test.autoconfigure.web.client.MockRestServiceServerResetTestExecutionListener, org.springframework.boot.test.autoconfigure.web.servlet.MockMvcPrintOnlyOnFailureTestExecutionListener, org.springframework.boot.test.autoconfigure.web.servlet.WebDriverTestExecutionListener, org.springframework.boot.test.autoconfigure.webservices.client.MockWebServiceServerTestExecutionListener, org.springframework.boot.test.mock.mockito.MockitoTestExecutionListener, org.springframework.boot.test.mock.mockito.ResetMocksTestExecutionListener, org.springframework.test.context.web.ServletTestExecutionListener, org.springframework.test.context.support.DirtiesContextBeforeModesTestExecutionListener, org.springframework.test.context.event.ApplicationEventsTestExecutionListener, org.springframework.test.context.support.DependencyInjectionTestExecutionListener, org.springframework.test.context.support.DirtiesContextTestExecutionListener, org.springframework.test.context.transaction.TransactionalTestExecutionListener, org.springframework.test.context.jdbc.SqlScriptsTestExecutionListener, org.springframework.test.context.event.EventPublishingTestExecutionListener]
2022-08-03 16:53:22.418  INFO 33764 --- [    Test worker] .b.t.c.SpringBootTestContextBootstrapper : Using TestExecutionListeners: [org.springframework.test.context.web.ServletTestExecutionListener@1268ac94, org.springframework.test.context.support.DirtiesContextBeforeModesTestExecutionListener@55c901b2, org.springframework.test.context.event.ApplicationEventsTestExecutionListener@7197b96c, org.springframework.boot.test.mock.mockito.MockitoTestExecutionListener@105e9fef, org.springframework.boot.test.autoconfigure.SpringBootDependencyInjectionTestExecutionListener@47858d7c, org.springframework.test.context.support.DirtiesContextTestExecutionListener@5a5cd0af, org.springframework.test.context.transaction.TransactionalTestExecutionListener@16cc5e51, org.springframework.test.context.jdbc.SqlScriptsTestExecutionListener@72090a80, org.springframework.test.context.event.EventPublishingTestExecutionListener@198c97d0, org.springframework.boot.test.autoconfigure.restdocs.RestDocsTestExecutionListener@25e9f5e6, org.springframework.boot.test.autoconfigure.web.client.MockRestServiceServerResetTestExecutionListener@512319dc, org.springframework.boot.test.autoconfigure.web.servlet.MockMvcPrintOnlyOnFailureTestExecutionListener@6bc45472, org.springframework.boot.test.autoconfigure.web.servlet.WebDriverTestExecutionListener@160b7ccd, org.springframework.boot.test.autoconfigure.webservices.client.MockWebServiceServerTestExecutionListener@7c27ed2f, org.springframework.boot.test.mock.mockito.ResetMocksTestExecutionListener@3503e68e]
2022-08-03 16:53:22.429  INFO 33764 --- [    Test worker] o.s.t.c.transaction.TransactionContext   : Began transaction (1) for test context [DefaultTestContext@63f6811e testClass = CommentServiceTest, testInstance = kakao.valuetogether.service.CommentServiceTest@5565d718, testMethod = clickLike@CommentServiceTest, testException = [null], mergedContextConfiguration = [WebMergedContextConfiguration@4832813d testClass = CommentServiceTest, locations = '{}', classes = '{class kakao.valuetogether.ValuetogetherApplication}', contextInitializerClasses = '[]', activeProfiles = '{}', propertySourceLocations = '{}', propertySourceProperties = '{org.springframework.boot.test.context.SpringBootTestContextBootstrapper=true}', contextCustomizers = set[org.springframework.boot.test.autoconfigure.actuate.metrics.MetricsExportContextCustomizerFactory$DisableMetricExportContextCustomizer@422c3c7a, org.springframework.boot.test.autoconfigure.properties.PropertyMappingContextCustomizer@0, org.springframework.boot.test.autoconfigure.web.servlet.WebDriverContextCustomizerFactory$Customizer@306851c7, org.springframework.boot.test.context.filter.ExcludeFilterContextCustomizer@41813449, org.springframework.boot.test.json.DuplicateJsonObjectContextCustomizerFactory$DuplicateJsonObjectContextCustomizer@5b07730f, org.springframework.boot.test.mock.mockito.MockitoContextCustomizer@0, org.springframework.boot.test.web.client.TestRestTemplateContextCustomizer@556d0826, org.springframework.boot.test.context.SpringBootTestArgs@1, org.springframework.boot.test.context.SpringBootTestWebEnvironment@15a04efb], resourceBasePath = 'src/main/webapp', contextLoader = 'org.springframework.boot.test.context.SpringBootContextLoader', parent = [null]], attributes = map['org.springframework.test.context.web.ServletTestExecutionListener.activateListener' -> true, 'org.springframework.test.context.web.ServletTestExecutionListener.populatedRequestContextHolder' -> true, 'org.springframework.test.context.web.ServletTestExecutionListener.resetRequestContextHolder' -> true, 'org.springframework.test.context.event.ApplicationEventsTestExecutionListener.recordApplicationEvents' -> false]]; transaction manager [org.springframework.orm.jpa.JpaTransactionManager@771b2b5b]; rollback [true]
2022-08-03 16:53:22.431 DEBUG 33764 --- [    Test worker] org.hibernate.SQL                        : 
    insert 
    into
        member
        (member_address, member_birthday, member_email, member_gender, member_name, member_nickname, member_phone, member_pw) 
    values
        (?, ?, ?, ?, ?, ?, ?, ?)
2022-08-03 16:53:22.431 TRACE 33764 --- [    Test worker] o.h.type.descriptor.sql.BasicBinder      : binding parameter [1] as [VARCHAR] - [asdfasd]
2022-08-03 16:53:22.431 TRACE 33764 --- [    Test worker] o.h.type.descriptor.sql.BasicBinder      : binding parameter [2] as [VARCHAR] - [asdf]
2022-08-03 16:53:22.431 TRACE 33764 --- [    Test worker] o.h.type.descriptor.sql.BasicBinder      : binding parameter [3] as [VARCHAR] - [email]
2022-08-03 16:53:22.431 TRACE 33764 --- [    Test worker] o.h.type.descriptor.sql.BasicBinder      : binding parameter [4] as [VARCHAR] - [asdf]
2022-08-03 16:53:22.431 TRACE 33764 --- [    Test worker] o.h.type.descriptor.sql.BasicBinder      : binding parameter [5] as [VARCHAR] - [name]
2022-08-03 16:53:22.431 TRACE 33764 --- [    Test worker] o.h.type.descriptor.sql.BasicBinder      : binding parameter [6] as [VARCHAR] - [asfsa]
2022-08-03 16:53:22.431 TRACE 33764 --- [    Test worker] o.h.type.descriptor.sql.BasicBinder      : binding parameter [7] as [VARCHAR] - [111]
2022-08-03 16:53:22.431 TRACE 33764 --- [    Test worker] o.h.type.descriptor.sql.BasicBinder      : binding parameter [8] as [VARCHAR] - [pw]
2022-08-03 16:53:22.441 DEBUG 33764 --- [    Test worker] org.hibernate.SQL                        : 
    insert 
    into
        post
        (article, end_date, image, is_confirm, member_id, start_date, sub_title, target, target_amount, title, topic) 
    values
        (?, ?, ?, ?, ?, ?, ?, ?, ?, ?, ?)
2022-08-03 16:53:22.442 TRACE 33764 --- [    Test worker] o.h.type.descriptor.sql.BasicBinder      : binding parameter [1] as [VARCHAR] - [article]
2022-08-03 16:53:22.442 TRACE 33764 --- [    Test worker] o.h.type.descriptor.sql.BasicBinder      : binding parameter [2] as [TIMESTAMP] - [2022-08-03 16:53:22.44141]
2022-08-03 16:53:22.442 TRACE 33764 --- [    Test worker] o.h.type.descriptor.sql.BasicBinder      : binding parameter [3] as [VARCHAR] - [static/image]
2022-08-03 16:53:22.442 TRACE 33764 --- [    Test worker] o.h.type.descriptor.sql.BasicBinder      : binding parameter [4] as [BOOLEAN] - [false]
2022-08-03 16:53:22.442 TRACE 33764 --- [    Test worker] o.h.type.descriptor.sql.BasicBinder      : binding parameter [5] as [BIGINT] - [1027]
2022-08-03 16:53:22.442 TRACE 33764 --- [    Test worker] o.h.type.descriptor.sql.BasicBinder      : binding parameter [6] as [TIMESTAMP] - [2022-08-03 16:53:22.44141]
2022-08-03 16:53:22.442 TRACE 33764 --- [    Test worker] o.h.type.descriptor.sql.BasicBinder      : binding parameter [7] as [VARCHAR] - [subtitle]
2022-08-03 16:53:22.442 TRACE 33764 --- [    Test worker] o.h.type.descriptor.sql.BasicBinder      : binding parameter [8] as [VARCHAR] - [아동ㅣ청소년]
2022-08-03 16:53:22.442 TRACE 33764 --- [    Test worker] o.h.type.descriptor.sql.BasicBinder      : binding parameter [9] as [INTEGER] - [100000]
2022-08-03 16:53:22.442 TRACE 33764 --- [    Test worker] o.h.type.descriptor.sql.BasicBinder      : binding parameter [10] as [VARCHAR] - [title]
2022-08-03 16:53:22.442 TRACE 33764 --- [    Test worker] o.h.type.descriptor.sql.BasicBinder      : binding parameter [11] as [VARCHAR] - [건강한삶]
2022-08-03 16:53:22.465 DEBUG 33764 --- [    Test worker] org.hibernate.SQL                        : 
    insert 
    into
        comment
        (content, date, likes, member_id, post_id) 
    values
        (?, ?, ?, ?, ?)
2022-08-03 16:53:22.465 TRACE 33764 --- [    Test worker] o.h.type.descriptor.sql.BasicBinder      : binding parameter [1] as [VARCHAR] - [content]
2022-08-03 16:53:22.465 TRACE 33764 --- [    Test worker] o.h.type.descriptor.sql.BasicBinder      : binding parameter [2] as [TIMESTAMP] - [2022-08-03 16:53:22.4656846]
2022-08-03 16:53:22.465 TRACE 33764 --- [    Test worker] o.h.type.descriptor.sql.BasicBinder      : binding parameter [3] as [INTEGER] - [0]
2022-08-03 16:53:22.465 TRACE 33764 --- [    Test worker] o.h.type.descriptor.sql.BasicBinder      : binding parameter [4] as [BIGINT] - [1027]
2022-08-03 16:53:22.465 TRACE 33764 --- [    Test worker] o.h.type.descriptor.sql.BasicBinder      : binding parameter [5] as [BIGINT] - [835]
2022-08-03 16:53:22.500  INFO 33764 --- [    Test worker] o.s.t.c.transaction.TransactionContext   : Rolled back transaction for test: [DefaultTestContext@63f6811e testClass = CommentServiceTest, testInstance = kakao.valuetogether.service.CommentServiceTest@5565d718, testMethod = clickLike@CommentServiceTest, testException = [null], mergedContextConfiguration = [WebMergedContextConfiguration@4832813d testClass = CommentServiceTest, locations = '{}', classes = '{class kakao.valuetogether.ValuetogetherApplication}', contextInitializerClasses = '[]', activeProfiles = '{}', propertySourceLocations = '{}', propertySourceProperties = '{org.springframework.boot.test.context.SpringBootTestContextBootstrapper=true}', contextCustomizers = set[org.springframework.boot.test.autoconfigure.actuate.metrics.MetricsExportContextCustomizerFactory$DisableMetricExportContextCustomizer@422c3c7a, org.springframework.boot.test.autoconfigure.properties.PropertyMappingContextCustomizer@0, org.springframework.boot.test.autoconfigure.web.servlet.WebDriverContextCustomizerFactory$Customizer@306851c7, org.springframework.boot.test.context.filter.ExcludeFilterContextCustomizer@41813449, org.springframework.boot.test.json.DuplicateJsonObjectContextCustomizerFactory$DuplicateJsonObjectContextCustomizer@5b07730f, org.springframework.boot.test.mock.mockito.MockitoContextCustomizer@0, org.springframework.boot.test.web.client.TestRestTemplateContextCustomizer@556d0826, org.springframework.boot.test.context.SpringBootTestArgs@1, org.springframework.boot.test.context.SpringBootTestWebEnvironment@15a04efb], resourceBasePath = 'src/main/webapp', contextLoader = 'org.springframework.boot.test.context.SpringBootContextLoader', parent = [null]], attributes = map['org.springframework.test.context.web.ServletTestExecutionListener.activateListener' -> true, 'org.springframework.test.context.web.ServletTestExecutionListener.populatedRequestContextHolder' -> true, 'org.springframework.test.context.web.ServletTestExecutionListener.resetRequestContextHolder' -> true, 'org.springframework.test.context.event.ApplicationEventsTestExecutionListener.recordApplicationEvents' -> false]]
2022-08-03 16:53:22.510  INFO 33764 --- [    Test worker] o.s.t.c.transaction.TransactionContext   : Began transaction (1) for test context [DefaultTestContext@63f6811e testClass = CommentServiceTest, testInstance = kakao.valuetogether.service.CommentServiceTest@4df8f4e9, testMethod = enroll@CommentServiceTest, testException = [null], mergedContextConfiguration = [WebMergedContextConfiguration@4832813d testClass = CommentServiceTest, locations = '{}', classes = '{class kakao.valuetogether.ValuetogetherApplication}', contextInitializerClasses = '[]', activeProfiles = '{}', propertySourceLocations = '{}', propertySourceProperties = '{org.springframework.boot.test.context.SpringBootTestContextBootstrapper=true}', contextCustomizers = set[org.springframework.boot.test.autoconfigure.actuate.metrics.MetricsExportContextCustomizerFactory$DisableMetricExportContextCustomizer@422c3c7a, org.springframework.boot.test.autoconfigure.properties.PropertyMappingContextCustomizer@0, org.springframework.boot.test.autoconfigure.web.servlet.WebDriverContextCustomizerFactory$Customizer@306851c7, org.springframework.boot.test.context.filter.ExcludeFilterContextCustomizer@41813449, org.springframework.boot.test.json.DuplicateJsonObjectContextCustomizerFactory$DuplicateJsonObjectContextCustomizer@5b07730f, org.springframework.boot.test.mock.mockito.MockitoContextCustomizer@0, org.springframework.boot.test.web.client.TestRestTemplateContextCustomizer@556d0826, org.springframework.boot.test.context.SpringBootTestArgs@1, org.springframework.boot.test.context.SpringBootTestWebEnvironment@15a04efb], resourceBasePath = 'src/main/webapp', contextLoader = 'org.springframework.boot.test.context.SpringBootContextLoader', parent = [null]], attributes = map['org.springframework.test.context.web.ServletTestExecutionListener.activateListener' -> true, 'org.springframework.test.context.web.ServletTestExecutionListener.populatedRequestContextHolder' -> true, 'org.springframework.test.context.web.ServletTestExecutionListener.resetRequestContextHolder' -> true, 'org.springframework.test.context.event.ApplicationEventsTestExecutionListener.recordApplicationEvents' -> false]]; transaction manager [org.springframework.orm.jpa.JpaTransactionManager@771b2b5b]; rollback [true]
2022-08-03 16:53:22.512 DEBUG 33764 --- [    Test worker] org.hibernate.SQL                        : 
    insert 
    into
        member
        (member_address, member_birthday, member_email, member_gender, member_name, member_nickname, member_phone, member_pw) 
    values
        (?, ?, ?, ?, ?, ?, ?, ?)
2022-08-03 16:53:22.512 TRACE 33764 --- [    Test worker] o.h.type.descriptor.sql.BasicBinder      : binding parameter [1] as [VARCHAR] - [asdfasd]
2022-08-03 16:53:22.512 TRACE 33764 --- [    Test worker] o.h.type.descriptor.sql.BasicBinder      : binding parameter [2] as [VARCHAR] - [asdf]
2022-08-03 16:53:22.512 TRACE 33764 --- [    Test worker] o.h.type.descriptor.sql.BasicBinder      : binding parameter [3] as [VARCHAR] - [email]
2022-08-03 16:53:22.512 TRACE 33764 --- [    Test worker] o.h.type.descriptor.sql.BasicBinder      : binding parameter [4] as [VARCHAR] - [asdf]
2022-08-03 16:53:22.512 TRACE 33764 --- [    Test worker] o.h.type.descriptor.sql.BasicBinder      : binding parameter [5] as [VARCHAR] - [name]
2022-08-03 16:53:22.512 TRACE 33764 --- [    Test worker] o.h.type.descriptor.sql.BasicBinder      : binding parameter [6] as [VARCHAR] - [asfsa]
2022-08-03 16:53:22.512 TRACE 33764 --- [    Test worker] o.h.type.descriptor.sql.BasicBinder      : binding parameter [7] as [VARCHAR] - [111]
2022-08-03 16:53:22.512 TRACE 33764 --- [    Test worker] o.h.type.descriptor.sql.BasicBinder      : binding parameter [8] as [VARCHAR] - [pw]
2022-08-03 16:53:22.522 DEBUG 33764 --- [    Test worker] org.hibernate.SQL                        : 
    insert 
    into
        post
        (article, end_date, image, is_confirm, member_id, start_date, sub_title, target, target_amount, title, topic) 
    values
        (?, ?, ?, ?, ?, ?, ?, ?, ?, ?, ?)
2022-08-03 16:53:22.522 TRACE 33764 --- [    Test worker] o.h.type.descriptor.sql.BasicBinder      : binding parameter [1] as [VARCHAR] - [article]
2022-08-03 16:53:22.522 TRACE 33764 --- [    Test worker] o.h.type.descriptor.sql.BasicBinder      : binding parameter [2] as [TIMESTAMP] - [2022-08-03 16:53:22.522985]
2022-08-03 16:53:22.522 TRACE 33764 --- [    Test worker] o.h.type.descriptor.sql.BasicBinder      : binding parameter [3] as [VARCHAR] - [static/image]
2022-08-03 16:53:22.522 TRACE 33764 --- [    Test worker] o.h.type.descriptor.sql.BasicBinder      : binding parameter [4] as [BOOLEAN] - [false]
2022-08-03 16:53:22.522 TRACE 33764 --- [    Test worker] o.h.type.descriptor.sql.BasicBinder      : binding parameter [5] as [BIGINT] - [1028]
2022-08-03 16:53:22.523 TRACE 33764 --- [    Test worker] o.h.type.descriptor.sql.BasicBinder      : binding parameter [6] as [TIMESTAMP] - [2022-08-03 16:53:22.5219697]
2022-08-03 16:53:22.523 TRACE 33764 --- [    Test worker] o.h.type.descriptor.sql.BasicBinder      : binding parameter [7] as [VARCHAR] - [subtitle]
2022-08-03 16:53:22.523 TRACE 33764 --- [    Test worker] o.h.type.descriptor.sql.BasicBinder      : binding parameter [8] as [VARCHAR] - [아동ㅣ청소년]
2022-08-03 16:53:22.523 TRACE 33764 --- [    Test worker] o.h.type.descriptor.sql.BasicBinder      : binding parameter [9] as [INTEGER] - [100000]
2022-08-03 16:53:22.523 TRACE 33764 --- [    Test worker] o.h.type.descriptor.sql.BasicBinder      : binding parameter [10] as [VARCHAR] - [title]
2022-08-03 16:53:22.523 TRACE 33764 --- [    Test worker] o.h.type.descriptor.sql.BasicBinder      : binding parameter [11] as [VARCHAR] - [건강한삶]
2022-08-03 16:53:22.533 DEBUG 33764 --- [    Test worker] org.hibernate.SQL                        : 
    insert 
    into
        comment
        (content, date, likes, member_id, post_id) 
    values
        (?, ?, ?, ?, ?)
2022-08-03 16:53:22.534 TRACE 33764 --- [    Test worker] o.h.type.descriptor.sql.BasicBinder      : binding parameter [1] as [VARCHAR] - [content]
2022-08-03 16:53:22.534 TRACE 33764 --- [    Test worker] o.h.type.descriptor.sql.BasicBinder      : binding parameter [2] as [TIMESTAMP] - [2022-08-03 16:53:22.5330766]
2022-08-03 16:53:22.534 TRACE 33764 --- [    Test worker] o.h.type.descriptor.sql.BasicBinder      : binding parameter [3] as [INTEGER] - [0]
2022-08-03 16:53:22.534 TRACE 33764 --- [    Test worker] o.h.type.descriptor.sql.BasicBinder      : binding parameter [4] as [BIGINT] - [1028]
2022-08-03 16:53:22.534 TRACE 33764 --- [    Test worker] o.h.type.descriptor.sql.BasicBinder      : binding parameter [5] as [BIGINT] - [836]
2022-08-03 16:53:22.563  INFO 33764 --- [    Test worker] o.s.t.c.transaction.TransactionContext   : Rolled back transaction for test: [DefaultTestContext@63f6811e testClass = CommentServiceTest, testInstance = kakao.valuetogether.service.CommentServiceTest@4df8f4e9, testMethod = enroll@CommentServiceTest, testException = [null], mergedContextConfiguration = [WebMergedContextConfiguration@4832813d testClass = CommentServiceTest, locations = '{}', classes = '{class kakao.valuetogether.ValuetogetherApplication}', contextInitializerClasses = '[]', activeProfiles = '{}', propertySourceLocations = '{}', propertySourceProperties = '{org.springframework.boot.test.context.SpringBootTestContextBootstrapper=true}', contextCustomizers = set[org.springframework.boot.test.autoconfigure.actuate.metrics.MetricsExportContextCustomizerFactory$DisableMetricExportContextCustomizer@422c3c7a, org.springframework.boot.test.autoconfigure.properties.PropertyMappingContextCustomizer@0, org.springframework.boot.test.autoconfigure.web.servlet.WebDriverContextCustomizerFactory$Customizer@306851c7, org.springframework.boot.test.context.filter.ExcludeFilterContextCustomizer@41813449, org.springframework.boot.test.json.DuplicateJsonObjectContextCustomizerFactory$DuplicateJsonObjectContextCustomizer@5b07730f, org.springframework.boot.test.mock.mockito.MockitoContextCustomizer@0, org.springframework.boot.test.web.client.TestRestTemplateContextCustomizer@556d0826, org.springframework.boot.test.context.SpringBootTestArgs@1, org.springframework.boot.test.context.SpringBootTestWebEnvironment@15a04efb], resourceBasePath = 'src/main/webapp', contextLoader = 'org.springframework.boot.test.context.SpringBootContextLoader', parent = [null]], attributes = map['org.springframework.test.context.web.ServletTestExecutionListener.activateListener' -> true, 'org.springframework.test.context.web.ServletTestExecutionListener.populatedRequestContextHolder' -> true, 'org.springframework.test.context.web.ServletTestExecutionListener.resetRequestContextHolder' -> true, 'org.springframework.test.context.event.ApplicationEventsTestExecutionListener.recordApplicationEvents' -> false]]
2022-08-03 16:53:22.576  INFO 33764 --- [    Test worker] o.s.t.c.transaction.TransactionContext   : Began transaction (1) for test context [DefaultTestContext@63f6811e testClass = CommentServiceTest, testInstance = kakao.valuetogether.service.CommentServiceTest@33c590, testMethod = remove@CommentServiceTest, testException = [null], mergedContextConfiguration = [WebMergedContextConfiguration@4832813d testClass = CommentServiceTest, locations = '{}', classes = '{class kakao.valuetogether.ValuetogetherApplication}', contextInitializerClasses = '[]', activeProfiles = '{}', propertySourceLocations = '{}', propertySourceProperties = '{org.springframework.boot.test.context.SpringBootTestContextBootstrapper=true}', contextCustomizers = set[org.springframework.boot.test.autoconfigure.actuate.metrics.MetricsExportContextCustomizerFactory$DisableMetricExportContextCustomizer@422c3c7a, org.springframework.boot.test.autoconfigure.properties.PropertyMappingContextCustomizer@0, org.springframework.boot.test.autoconfigure.web.servlet.WebDriverContextCustomizerFactory$Customizer@306851c7, org.springframework.boot.test.context.filter.ExcludeFilterContextCustomizer@41813449, org.springframework.boot.test.json.DuplicateJsonObjectContextCustomizerFactory$DuplicateJsonObjectContextCustomizer@5b07730f, org.springframework.boot.test.mock.mockito.MockitoContextCustomizer@0, org.springframework.boot.test.web.client.TestRestTemplateContextCustomizer@556d0826, org.springframework.boot.test.context.SpringBootTestArgs@1, org.springframework.boot.test.context.SpringBootTestWebEnvironment@15a04efb], resourceBasePath = 'src/main/webapp', contextLoader = 'org.springframework.boot.test.context.SpringBootContextLoader', parent = [null]], attributes = map['org.springframework.test.context.web.ServletTestExecutionListener.activateListener' -> true, 'org.springframework.test.context.web.ServletTestExecutionListener.populatedRequestContextHolder' -> true, 'org.springframework.test.context.web.ServletTestExecutionListener.resetRequestContextHolder' -> true, 'org.springframework.test.context.event.ApplicationEventsTestExecutionListener.recordApplicationEvents' -> false]]; transaction manager [org.springframework.orm.jpa.JpaTransactionManager@771b2b5b]; rollback [true]
2022-08-03 16:53:22.578 DEBUG 33764 --- [    Test worker] org.hibernate.SQL                        : 
    insert 
    into
        member
        (member_address, member_birthday, member_email, member_gender, member_name, member_nickname, member_phone, member_pw) 
    values
        (?, ?, ?, ?, ?, ?, ?, ?)
2022-08-03 16:53:22.578 TRACE 33764 --- [    Test worker] o.h.type.descriptor.sql.BasicBinder      : binding parameter [1] as [VARCHAR] - [asdfasd]
2022-08-03 16:53:22.578 TRACE 33764 --- [    Test worker] o.h.type.descriptor.sql.BasicBinder      : binding parameter [2] as [VARCHAR] - [asdf]
2022-08-03 16:53:22.579 TRACE 33764 --- [    Test worker] o.h.type.descriptor.sql.BasicBinder      : binding parameter [3] as [VARCHAR] - [email]
2022-08-03 16:53:22.579 TRACE 33764 --- [    Test worker] o.h.type.descriptor.sql.BasicBinder      : binding parameter [4] as [VARCHAR] - [asdf]
2022-08-03 16:53:22.579 TRACE 33764 --- [    Test worker] o.h.type.descriptor.sql.BasicBinder      : binding parameter [5] as [VARCHAR] - [name]
2022-08-03 16:53:22.579 TRACE 33764 --- [    Test worker] o.h.type.descriptor.sql.BasicBinder      : binding parameter [6] as [VARCHAR] - [asfsa]
2022-08-03 16:53:22.579 TRACE 33764 --- [    Test worker] o.h.type.descriptor.sql.BasicBinder      : binding parameter [7] as [VARCHAR] - [111]
2022-08-03 16:53:22.579 TRACE 33764 --- [    Test worker] o.h.type.descriptor.sql.BasicBinder      : binding parameter [8] as [VARCHAR] - [pw]
2022-08-03 16:53:22.588 DEBUG 33764 --- [    Test worker] org.hibernate.SQL                        : 
    insert 
    into
        post
        (article, end_date, image, is_confirm, member_id, start_date, sub_title, target, target_amount, title, topic) 
    values
        (?, ?, ?, ?, ?, ?, ?, ?, ?, ?, ?)
2022-08-03 16:53:22.588 TRACE 33764 --- [    Test worker] o.h.type.descriptor.sql.BasicBinder      : binding parameter [1] as [VARCHAR] - [article]
2022-08-03 16:53:22.589 TRACE 33764 --- [    Test worker] o.h.type.descriptor.sql.BasicBinder      : binding parameter [2] as [TIMESTAMP] - [2022-08-03 16:53:22.5881641]
2022-08-03 16:53:22.589 TRACE 33764 --- [    Test worker] o.h.type.descriptor.sql.BasicBinder      : binding parameter [3] as [VARCHAR] - [static/image]
2022-08-03 16:53:22.589 TRACE 33764 --- [    Test worker] o.h.type.descriptor.sql.BasicBinder      : binding parameter [4] as [BOOLEAN] - [false]
2022-08-03 16:53:22.589 TRACE 33764 --- [    Test worker] o.h.type.descriptor.sql.BasicBinder      : binding parameter [5] as [BIGINT] - [1029]
2022-08-03 16:53:22.589 TRACE 33764 --- [    Test worker] o.h.type.descriptor.sql.BasicBinder      : binding parameter [6] as [TIMESTAMP] - [2022-08-03 16:53:22.5871617]
2022-08-03 16:53:22.589 TRACE 33764 --- [    Test worker] o.h.type.descriptor.sql.BasicBinder      : binding parameter [7] as [VARCHAR] - [subtitle]
2022-08-03 16:53:22.589 TRACE 33764 --- [    Test worker] o.h.type.descriptor.sql.BasicBinder      : binding parameter [8] as [VARCHAR] - [아동ㅣ청소년]
2022-08-03 16:53:22.589 TRACE 33764 --- [    Test worker] o.h.type.descriptor.sql.BasicBinder      : binding parameter [9] as [INTEGER] - [100000]
2022-08-03 16:53:22.589 TRACE 33764 --- [    Test worker] o.h.type.descriptor.sql.BasicBinder      : binding parameter [10] as [VARCHAR] - [title]
2022-08-03 16:53:22.589 TRACE 33764 --- [    Test worker] o.h.type.descriptor.sql.BasicBinder      : binding parameter [11] as [VARCHAR] - [건강한삶]
2022-08-03 16:53:22.598 DEBUG 33764 --- [    Test worker] org.hibernate.SQL                        : 
    insert 
    into
        comment
        (content, date, likes, member_id, post_id) 
    values
        (?, ?, ?, ?, ?)
2022-08-03 16:53:22.599 TRACE 33764 --- [    Test worker] o.h.type.descriptor.sql.BasicBinder      : binding parameter [1] as [VARCHAR] - [content]
2022-08-03 16:53:22.599 TRACE 33764 --- [    Test worker] o.h.type.descriptor.sql.BasicBinder      : binding parameter [2] as [TIMESTAMP] - [2022-08-03 16:53:22.5981632]
2022-08-03 16:53:22.599 TRACE 33764 --- [    Test worker] o.h.type.descriptor.sql.BasicBinder      : binding parameter [3] as [INTEGER] - [0]
2022-08-03 16:53:22.599 TRACE 33764 --- [    Test worker] o.h.type.descriptor.sql.BasicBinder      : binding parameter [4] as [BIGINT] - [1029]
2022-08-03 16:53:22.599 TRACE 33764 --- [    Test worker] o.h.type.descriptor.sql.BasicBinder      : binding parameter [5] as [BIGINT] - [837]
2022-08-03 16:53:22.629  INFO 33764 --- [    Test worker] o.s.t.c.transaction.TransactionContext   : Rolled back transaction for test: [DefaultTestContext@63f6811e testClass = CommentServiceTest, testInstance = kakao.valuetogether.service.CommentServiceTest@33c590, testMethod = remove@CommentServiceTest, testException = [null], mergedContextConfiguration = [WebMergedContextConfiguration@4832813d testClass = CommentServiceTest, locations = '{}', classes = '{class kakao.valuetogether.ValuetogetherApplication}', contextInitializerClasses = '[]', activeProfiles = '{}', propertySourceLocations = '{}', propertySourceProperties = '{org.springframework.boot.test.context.SpringBootTestContextBootstrapper=true}', contextCustomizers = set[org.springframework.boot.test.autoconfigure.actuate.metrics.MetricsExportContextCustomizerFactory$DisableMetricExportContextCustomizer@422c3c7a, org.springframework.boot.test.autoconfigure.properties.PropertyMappingContextCustomizer@0, org.springframework.boot.test.autoconfigure.web.servlet.WebDriverContextCustomizerFactory$Customizer@306851c7, org.springframework.boot.test.context.filter.ExcludeFilterContextCustomizer@41813449, org.springframework.boot.test.json.DuplicateJsonObjectContextCustomizerFactory$DuplicateJsonObjectContextCustomizer@5b07730f, org.springframework.boot.test.mock.mockito.MockitoContextCustomizer@0, org.springframework.boot.test.web.client.TestRestTemplateContextCustomizer@556d0826, org.springframework.boot.test.context.SpringBootTestArgs@1, org.springframework.boot.test.context.SpringBootTestWebEnvironment@15a04efb], resourceBasePath = 'src/main/webapp', contextLoader = 'org.springframework.boot.test.context.SpringBootContextLoader', parent = [null]], attributes = map['org.springframework.test.context.web.ServletTestExecutionListener.activateListener' -> true, 'org.springframework.test.context.web.ServletTestExecutionListener.populatedRequestContextHolder' -> true, 'org.springframework.test.context.web.ServletTestExecutionListener.resetRequestContextHolder' -> true, 'org.springframework.test.context.event.ApplicationEventsTestExecutionListener.recordApplicationEvents' -> false]]
2022-08-03 16:53:22.638  INFO 33764 --- [    Test worker] o.s.t.c.transaction.TransactionContext   : Began transaction (1) for test context [DefaultTestContext@63f6811e testClass = CommentServiceTest, testInstance = kakao.valuetogether.service.CommentServiceTest@9930ff6, testMethod = edit@CommentServiceTest, testException = [null], mergedContextConfiguration = [WebMergedContextConfiguration@4832813d testClass = CommentServiceTest, locations = '{}', classes = '{class kakao.valuetogether.ValuetogetherApplication}', contextInitializerClasses = '[]', activeProfiles = '{}', propertySourceLocations = '{}', propertySourceProperties = '{org.springframework.boot.test.context.SpringBootTestContextBootstrapper=true}', contextCustomizers = set[org.springframework.boot.test.autoconfigure.actuate.metrics.MetricsExportContextCustomizerFactory$DisableMetricExportContextCustomizer@422c3c7a, org.springframework.boot.test.autoconfigure.properties.PropertyMappingContextCustomizer@0, org.springframework.boot.test.autoconfigure.web.servlet.WebDriverContextCustomizerFactory$Customizer@306851c7, org.springframework.boot.test.context.filter.ExcludeFilterContextCustomizer@41813449, org.springframework.boot.test.json.DuplicateJsonObjectContextCustomizerFactory$DuplicateJsonObjectContextCustomizer@5b07730f, org.springframework.boot.test.mock.mockito.MockitoContextCustomizer@0, org.springframework.boot.test.web.client.TestRestTemplateContextCustomizer@556d0826, org.springframework.boot.test.context.SpringBootTestArgs@1, org.springframework.boot.test.context.SpringBootTestWebEnvironment@15a04efb], resourceBasePath = 'src/main/webapp', contextLoader = 'org.springframework.boot.test.context.SpringBootContextLoader', parent = [null]], attributes = map['org.springframework.test.context.web.ServletTestExecutionListener.activateListener' -> true, 'org.springframework.test.context.web.ServletTestExecutionListener.populatedRequestContextHolder' -> true, 'org.springframework.test.context.web.ServletTestExecutionListener.resetRequestContextHolder' -> true, 'org.springframework.test.context.event.ApplicationEventsTestExecutionListener.recordApplicationEvents' -> false]]; transaction manager [org.springframework.orm.jpa.JpaTransactionManager@771b2b5b]; rollback [true]
2022-08-03 16:53:22.641 DEBUG 33764 --- [    Test worker] org.hibernate.SQL                        : 
    insert 
    into
        member
        (member_address, member_birthday, member_email, member_gender, member_name, member_nickname, member_phone, member_pw) 
    values
        (?, ?, ?, ?, ?, ?, ?, ?)
2022-08-03 16:53:22.642 TRACE 33764 --- [    Test worker] o.h.type.descriptor.sql.BasicBinder      : binding parameter [1] as [VARCHAR] - [asdfasd]
2022-08-03 16:53:22.642 TRACE 33764 --- [    Test worker] o.h.type.descriptor.sql.BasicBinder      : binding parameter [2] as [VARCHAR] - [asdf]
2022-08-03 16:53:22.642 TRACE 33764 --- [    Test worker] o.h.type.descriptor.sql.BasicBinder      : binding parameter [3] as [VARCHAR] - [email]
2022-08-03 16:53:22.642 TRACE 33764 --- [    Test worker] o.h.type.descriptor.sql.BasicBinder      : binding parameter [4] as [VARCHAR] - [asdf]
2022-08-03 16:53:22.642 TRACE 33764 --- [    Test worker] o.h.type.descriptor.sql.BasicBinder      : binding parameter [5] as [VARCHAR] - [name]
2022-08-03 16:53:22.642 TRACE 33764 --- [    Test worker] o.h.type.descriptor.sql.BasicBinder      : binding parameter [6] as [VARCHAR] - [asfsa]
2022-08-03 16:53:22.642 TRACE 33764 --- [    Test worker] o.h.type.descriptor.sql.BasicBinder      : binding parameter [7] as [VARCHAR] - [111]
2022-08-03 16:53:22.642 TRACE 33764 --- [    Test worker] o.h.type.descriptor.sql.BasicBinder      : binding parameter [8] as [VARCHAR] - [pw]
2022-08-03 16:53:22.653 DEBUG 33764 --- [    Test worker] org.hibernate.SQL                        : 
    insert 
    into
        post
        (article, end_date, image, is_confirm, member_id, start_date, sub_title, target, target_amount, title, topic) 
    values
        (?, ?, ?, ?, ?, ?, ?, ?, ?, ?, ?)
2022-08-03 16:53:22.653 TRACE 33764 --- [    Test worker] o.h.type.descriptor.sql.BasicBinder      : binding parameter [1] as [VARCHAR] - [article]
2022-08-03 16:53:22.653 TRACE 33764 --- [    Test worker] o.h.type.descriptor.sql.BasicBinder      : binding parameter [2] as [TIMESTAMP] - [2022-08-03 16:53:22.6521707]
2022-08-03 16:53:22.653 TRACE 33764 --- [    Test worker] o.h.type.descriptor.sql.BasicBinder      : binding parameter [3] as [VARCHAR] - [static/image]
2022-08-03 16:53:22.653 TRACE 33764 --- [    Test worker] o.h.type.descriptor.sql.BasicBinder      : binding parameter [4] as [BOOLEAN] - [false]
2022-08-03 16:53:22.653 TRACE 33764 --- [    Test worker] o.h.type.descriptor.sql.BasicBinder      : binding parameter [5] as [BIGINT] - [1030]
2022-08-03 16:53:22.653 TRACE 33764 --- [    Test worker] o.h.type.descriptor.sql.BasicBinder      : binding parameter [6] as [TIMESTAMP] - [2022-08-03 16:53:22.6521707]
2022-08-03 16:53:22.653 TRACE 33764 --- [    Test worker] o.h.type.descriptor.sql.BasicBinder      : binding parameter [7] as [VARCHAR] - [subtitle]
2022-08-03 16:53:22.653 TRACE 33764 --- [    Test worker] o.h.type.descriptor.sql.BasicBinder      : binding parameter [8] as [VARCHAR] - [아동ㅣ청소년]
2022-08-03 16:53:22.653 TRACE 33764 --- [    Test worker] o.h.type.descriptor.sql.BasicBinder      : binding parameter [9] as [INTEGER] - [100000]
2022-08-03 16:53:22.653 TRACE 33764 --- [    Test worker] o.h.type.descriptor.sql.BasicBinder      : binding parameter [10] as [VARCHAR] - [title]
2022-08-03 16:53:22.654 TRACE 33764 --- [    Test worker] o.h.type.descriptor.sql.BasicBinder      : binding parameter [11] as [VARCHAR] - [건강한삶]
2022-08-03 16:53:22.663 DEBUG 33764 --- [    Test worker] org.hibernate.SQL                        : 
    insert 
    into
        comment
        (content, date, likes, member_id, post_id) 
    values
        (?, ?, ?, ?, ?)
2022-08-03 16:53:22.663 TRACE 33764 --- [    Test worker] o.h.type.descriptor.sql.BasicBinder      : binding parameter [1] as [VARCHAR] - [content]
2022-08-03 16:53:22.663 TRACE 33764 --- [    Test worker] o.h.type.descriptor.sql.BasicBinder      : binding parameter [2] as [TIMESTAMP] - [2022-08-03 16:53:22.6632185]
2022-08-03 16:53:22.663 TRACE 33764 --- [    Test worker] o.h.type.descriptor.sql.BasicBinder      : binding parameter [3] as [INTEGER] - [0]
2022-08-03 16:53:22.663 TRACE 33764 --- [    Test worker] o.h.type.descriptor.sql.BasicBinder      : binding parameter [4] as [BIGINT] - [1030]
2022-08-03 16:53:22.663 TRACE 33764 --- [    Test worker] o.h.type.descriptor.sql.BasicBinder      : binding parameter [5] as [BIGINT] - [838]
2022-08-03 16:53:22.694  INFO 33764 --- [    Test worker] o.s.t.c.transaction.TransactionContext   : Rolled back transaction for test: [DefaultTestContext@63f6811e testClass = CommentServiceTest, testInstance = kakao.valuetogether.service.CommentServiceTest@9930ff6, testMethod = edit@CommentServiceTest, testException = [null], mergedContextConfiguration = [WebMergedContextConfiguration@4832813d testClass = CommentServiceTest, locations = '{}', classes = '{class kakao.valuetogether.ValuetogetherApplication}', contextInitializerClasses = '[]', activeProfiles = '{}', propertySourceLocations = '{}', propertySourceProperties = '{org.springframework.boot.test.context.SpringBootTestContextBootstrapper=true}', contextCustomizers = set[org.springframework.boot.test.autoconfigure.actuate.metrics.MetricsExportContextCustomizerFactory$DisableMetricExportContextCustomizer@422c3c7a, org.springframework.boot.test.autoconfigure.properties.PropertyMappingContextCustomizer@0, org.springframework.boot.test.autoconfigure.web.servlet.WebDriverContextCustomizerFactory$Customizer@306851c7, org.springframework.boot.test.context.filter.ExcludeFilterContextCustomizer@41813449, org.springframework.boot.test.json.DuplicateJsonObjectContextCustomizerFactory$DuplicateJsonObjectContextCustomizer@5b07730f, org.springframework.boot.test.mock.mockito.MockitoContextCustomizer@0, org.springframework.boot.test.web.client.TestRestTemplateContextCustomizer@556d0826, org.springframework.boot.test.context.SpringBootTestArgs@1, org.springframework.boot.test.context.SpringBootTestWebEnvironment@15a04efb], resourceBasePath = 'src/main/webapp', contextLoader = 'org.springframework.boot.test.context.SpringBootContextLoader', parent = [null]], attributes = map['org.springframework.test.context.web.ServletTestExecutionListener.activateListener' -> true, 'org.springframework.test.context.web.ServletTestExecutionListener.populatedRequestContextHolder' -> true, 'org.springframework.test.context.web.ServletTestExecutionListener.resetRequestContextHolder' -> true, 'org.springframework.test.context.event.ApplicationEventsTestExecutionListener.recordApplicationEvents' -> false]]
2022-08-03 16:53:22.703  INFO 33764 --- [    Test worker] o.s.t.c.transaction.TransactionContext   : Began transaction (1) for test context [DefaultTestContext@63f6811e testClass = CommentServiceTest, testInstance = kakao.valuetogether.service.CommentServiceTest@7aa4ef24, testMethod = disLike@CommentServiceTest, testException = [null], mergedContextConfiguration = [WebMergedContextConfiguration@4832813d testClass = CommentServiceTest, locations = '{}', classes = '{class kakao.valuetogether.ValuetogetherApplication}', contextInitializerClasses = '[]', activeProfiles = '{}', propertySourceLocations = '{}', propertySourceProperties = '{org.springframework.boot.test.context.SpringBootTestContextBootstrapper=true}', contextCustomizers = set[org.springframework.boot.test.autoconfigure.actuate.metrics.MetricsExportContextCustomizerFactory$DisableMetricExportContextCustomizer@422c3c7a, org.springframework.boot.test.autoconfigure.properties.PropertyMappingContextCustomizer@0, org.springframework.boot.test.autoconfigure.web.servlet.WebDriverContextCustomizerFactory$Customizer@306851c7, org.springframework.boot.test.context.filter.ExcludeFilterContextCustomizer@41813449, org.springframework.boot.test.json.DuplicateJsonObjectContextCustomizerFactory$DuplicateJsonObjectContextCustomizer@5b07730f, org.springframework.boot.test.mock.mockito.MockitoContextCustomizer@0, org.springframework.boot.test.web.client.TestRestTemplateContextCustomizer@556d0826, org.springframework.boot.test.context.SpringBootTestArgs@1, org.springframework.boot.test.context.SpringBootTestWebEnvironment@15a04efb], resourceBasePath = 'src/main/webapp', contextLoader = 'org.springframework.boot.test.context.SpringBootContextLoader', parent = [null]], attributes = map['org.springframework.test.context.web.ServletTestExecutionListener.activateListener' -> true, 'org.springframework.test.context.web.ServletTestExecutionListener.populatedRequestContextHolder' -> true, 'org.springframework.test.context.web.ServletTestExecutionListener.resetRequestContextHolder' -> true, 'org.springframework.test.context.event.ApplicationEventsTestExecutionListener.recordApplicationEvents' -> false]]; transaction manager [org.springframework.orm.jpa.JpaTransactionManager@771b2b5b]; rollback [true]
2022-08-03 16:53:22.705 DEBUG 33764 --- [    Test worker] org.hibernate.SQL                        : 
    insert 
    into
        member
        (member_address, member_birthday, member_email, member_gender, member_name, member_nickname, member_phone, member_pw) 
    values
        (?, ?, ?, ?, ?, ?, ?, ?)
2022-08-03 16:53:22.705 TRACE 33764 --- [    Test worker] o.h.type.descriptor.sql.BasicBinder      : binding parameter [1] as [VARCHAR] - [asdfasd]
2022-08-03 16:53:22.705 TRACE 33764 --- [    Test worker] o.h.type.descriptor.sql.BasicBinder      : binding parameter [2] as [VARCHAR] - [asdf]
2022-08-03 16:53:22.705 TRACE 33764 --- [    Test worker] o.h.type.descriptor.sql.BasicBinder      : binding parameter [3] as [VARCHAR] - [email]
2022-08-03 16:53:22.705 TRACE 33764 --- [    Test worker] o.h.type.descriptor.sql.BasicBinder      : binding parameter [4] as [VARCHAR] - [asdf]
2022-08-03 16:53:22.705 TRACE 33764 --- [    Test worker] o.h.type.descriptor.sql.BasicBinder      : binding parameter [5] as [VARCHAR] - [name]
2022-08-03 16:53:22.705 TRACE 33764 --- [    Test worker] o.h.type.descriptor.sql.BasicBinder      : binding parameter [6] as [VARCHAR] - [asfsa]
2022-08-03 16:53:22.706 TRACE 33764 --- [    Test worker] o.h.type.descriptor.sql.BasicBinder      : binding parameter [7] as [VARCHAR] - [111]
2022-08-03 16:53:22.706 TRACE 33764 --- [    Test worker] o.h.type.descriptor.sql.BasicBinder      : binding parameter [8] as [VARCHAR] - [pw]
2022-08-03 16:53:22.714 DEBUG 33764 --- [    Test worker] org.hibernate.SQL                        : 
    insert 
    into
        post
        (article, end_date, image, is_confirm, member_id, start_date, sub_title, target, target_amount, title, topic) 
    values
        (?, ?, ?, ?, ?, ?, ?, ?, ?, ?, ?)
2022-08-03 16:53:22.716 TRACE 33764 --- [    Test worker] o.h.type.descriptor.sql.BasicBinder      : binding parameter [1] as [VARCHAR] - [article]
2022-08-03 16:53:22.716 TRACE 33764 --- [    Test worker] o.h.type.descriptor.sql.BasicBinder      : binding parameter [2] as [TIMESTAMP] - [2022-08-03 16:53:22.7149517]
2022-08-03 16:53:22.716 TRACE 33764 --- [    Test worker] o.h.type.descriptor.sql.BasicBinder      : binding parameter [3] as [VARCHAR] - [static/image]
2022-08-03 16:53:22.716 TRACE 33764 --- [    Test worker] o.h.type.descriptor.sql.BasicBinder      : binding parameter [4] as [BOOLEAN] - [false]
2022-08-03 16:53:22.716 TRACE 33764 --- [    Test worker] o.h.type.descriptor.sql.BasicBinder      : binding parameter [5] as [BIGINT] - [1031]
2022-08-03 16:53:22.716 TRACE 33764 --- [    Test worker] o.h.type.descriptor.sql.BasicBinder      : binding parameter [6] as [TIMESTAMP] - [2022-08-03 16:53:22.7149517]
2022-08-03 16:53:22.716 TRACE 33764 --- [    Test worker] o.h.type.descriptor.sql.BasicBinder      : binding parameter [7] as [VARCHAR] - [subtitle]
2022-08-03 16:53:22.716 TRACE 33764 --- [    Test worker] o.h.type.descriptor.sql.BasicBinder      : binding parameter [8] as [VARCHAR] - [아동ㅣ청소년]
2022-08-03 16:53:22.716 TRACE 33764 --- [    Test worker] o.h.type.descriptor.sql.BasicBinder      : binding parameter [9] as [INTEGER] - [100000]
2022-08-03 16:53:22.716 TRACE 33764 --- [    Test worker] o.h.type.descriptor.sql.BasicBinder      : binding parameter [10] as [VARCHAR] - [title]
2022-08-03 16:53:22.716 TRACE 33764 --- [    Test worker] o.h.type.descriptor.sql.BasicBinder      : binding parameter [11] as [VARCHAR] - [건강한삶]
2022-08-03 16:53:22.726 DEBUG 33764 --- [    Test worker] org.hibernate.SQL                        : 
    insert 
    into
        comment
        (content, date, likes, member_id, post_id) 
    values
        (?, ?, ?, ?, ?)
2022-08-03 16:53:22.726 TRACE 33764 --- [    Test worker] o.h.type.descriptor.sql.BasicBinder      : binding parameter [1] as [VARCHAR] - [content]
2022-08-03 16:53:22.726 TRACE 33764 --- [    Test worker] o.h.type.descriptor.sql.BasicBinder      : binding parameter [2] as [TIMESTAMP] - [2022-08-03 16:53:22.725102]
2022-08-03 16:53:22.726 TRACE 33764 --- [    Test worker] o.h.type.descriptor.sql.BasicBinder      : binding parameter [3] as [INTEGER] - [0]
2022-08-03 16:53:22.726 TRACE 33764 --- [    Test worker] o.h.type.descriptor.sql.BasicBinder      : binding parameter [4] as [BIGINT] - [1031]
2022-08-03 16:53:22.726 TRACE 33764 --- [    Test worker] o.h.type.descriptor.sql.BasicBinder      : binding parameter [5] as [BIGINT] - [839]
2022-08-03 16:53:22.765  INFO 33764 --- [    Test worker] o.s.t.c.transaction.TransactionContext   : Rolled back transaction for test: [DefaultTestContext@63f6811e testClass = CommentServiceTest, testInstance = kakao.valuetogether.service.CommentServiceTest@7aa4ef24, testMethod = disLike@CommentServiceTest, testException = [null], mergedContextConfiguration = [WebMergedContextConfiguration@4832813d testClass = CommentServiceTest, locations = '{}', classes = '{class kakao.valuetogether.ValuetogetherApplication}', contextInitializerClasses = '[]', activeProfiles = '{}', propertySourceLocations = '{}', propertySourceProperties = '{org.springframework.boot.test.context.SpringBootTestContextBootstrapper=true}', contextCustomizers = set[org.springframework.boot.test.autoconfigure.actuate.metrics.MetricsExportContextCustomizerFactory$DisableMetricExportContextCustomizer@422c3c7a, org.springframework.boot.test.autoconfigure.properties.PropertyMappingContextCustomizer@0, org.springframework.boot.test.autoconfigure.web.servlet.WebDriverContextCustomizerFactory$Customizer@306851c7, org.springframework.boot.test.context.filter.ExcludeFilterContextCustomizer@41813449, org.springframework.boot.test.json.DuplicateJsonObjectContextCustomizerFactory$DuplicateJsonObjectContextCustomizer@5b07730f, org.springframework.boot.test.mock.mockito.MockitoContextCustomizer@0, org.springframework.boot.test.web.client.TestRestTemplateContextCustomizer@556d0826, org.springframework.boot.test.context.SpringBootTestArgs@1, org.springframework.boot.test.context.SpringBootTestWebEnvironment@15a04efb], resourceBasePath = 'src/main/webapp', contextLoader = 'org.springframework.boot.test.context.SpringBootContextLoader', parent = [null]], attributes = map['org.springframework.test.context.web.ServletTestExecutionListener.activateListener' -> true, 'org.springframework.test.context.web.ServletTestExecutionListener.populatedRequestContextHolder' -> true, 'org.springframework.test.context.web.ServletTestExecutionListener.resetRequestContextHolder' -> true, 'org.springframework.test.context.event.ApplicationEventsTestExecutionListener.recordApplicationEvents' -> false]]
]]></system-out>
  <system-err><![CDATA[]]></system-err>
</testsuite>
