<?xml version="1.0" encoding="UTF-8"?>
<testsuite name="kakao.valuetogether.repository.TTTRepositoryTest" tests="1" skipped="0" failures="0" errors="0" timestamp="2022-08-03T07:47:31" hostname="DESKTOP-8DQF55R" time="0.275">
  <properties/>
  <testcase name="주제대상태그저장하기" classname="kakao.valuetogether.repository.TTTRepositoryTest" time="0.275"/>
  <system-out><![CDATA[2022-08-03 16:47:31.272  INFO 32208 --- [    Test worker] o.s.t.c.transaction.TransactionContext   : Began transaction (1) for test context [DefaultTestContext@722e1bff testClass = TTTRepositoryTest, testInstance = kakao.valuetogether.repository.TTTRepositoryTest@4cce889e, testMethod = 주제대상태그저장하기@TTTRepositoryTest, testException = [null], mergedContextConfiguration = [WebMergedContextConfiguration@28d2afd8 testClass = TTTRepositoryTest, locations = '{}', classes = '{class kakao.valuetogether.ValuetogetherApplication}', contextInitializerClasses = '[]', activeProfiles = '{}', propertySourceLocations = '{}', propertySourceProperties = '{org.springframework.boot.test.context.SpringBootTestContextBootstrapper=true}', contextCustomizers = set[org.springframework.boot.test.autoconfigure.actuate.metrics.MetricsExportContextCustomizerFactory$DisableMetricExportContextCustomizer@75459c75, org.springframework.boot.test.autoconfigure.properties.PropertyMappingContextCustomizer@0, org.springframework.boot.test.autoconfigure.web.servlet.WebDriverContextCustomizerFactory$Customizer@d8305c2, org.springframework.boot.test.context.filter.ExcludeFilterContextCustomizer@531c311e, org.springframework.boot.test.json.DuplicateJsonObjectContextCustomizerFactory$DuplicateJsonObjectContextCustomizer@4b672daa, org.springframework.boot.test.mock.mockito.MockitoContextCustomizer@0, org.springframework.boot.test.web.client.TestRestTemplateContextCustomizer@354fc8f0, org.springframework.boot.test.context.SpringBootTestArgs@1, org.springframework.boot.test.context.SpringBootTestWebEnvironment@2f666ebb], resourceBasePath = 'src/main/webapp', contextLoader = 'org.springframework.boot.test.context.SpringBootContextLoader', parent = [null]], attributes = map['org.springframework.test.context.web.ServletTestExecutionListener.activateListener' -> true, 'org.springframework.test.context.web.ServletTestExecutionListener.populatedRequestContextHolder' -> true, 'org.springframework.test.context.web.ServletTestExecutionListener.resetRequestContextHolder' -> true, 'org.springframework.test.context.event.ApplicationEventsTestExecutionListener.recordApplicationEvents' -> false]]; transaction manager [org.springframework.orm.jpa.JpaTransactionManager@9d7a853]; rollback [true]
2022-08-03 16:47:31.278 DEBUG 32208 --- [    Test worker] org.hibernate.SQL                        : 
    insert 
    into
        tag
        (tag_name) 
    values
        (?)
2022-08-03 16:47:31.278 TRACE 32208 --- [    Test worker] o.h.type.descriptor.sql.BasicBinder      : binding parameter [1] as [VARCHAR] - [어려운이웃]
2022-08-03 16:47:31.287 DEBUG 32208 --- [    Test worker] org.hibernate.SQL                        : 
    insert 
    into
        tag
        (tag_name) 
    values
        (?)
2022-08-03 16:47:31.288 TRACE 32208 --- [    Test worker] o.h.type.descriptor.sql.BasicBinder      : binding parameter [1] as [VARCHAR] - [행복한노후]
2022-08-03 16:47:31.297 DEBUG 32208 --- [    Test worker] org.hibernate.SQL                        : 
    insert 
    into
        tag
        (tag_name) 
    values
        (?)
2022-08-03 16:47:31.297 TRACE 32208 --- [    Test worker] o.h.type.descriptor.sql.BasicBinder      : binding parameter [1] as [VARCHAR] - [여성인권]
2022-08-03 16:47:31.306 DEBUG 32208 --- [    Test worker] org.hibernate.SQL                        : 
    insert 
    into
        tag
        (tag_name) 
    values
        (?)
2022-08-03 16:47:31.307 TRACE 32208 --- [    Test worker] o.h.type.descriptor.sql.BasicBinder      : binding parameter [1] as [VARCHAR] - [심리상담]
2022-08-03 16:47:31.319 DEBUG 32208 --- [    Test worker] org.hibernate.SQL                        : 
    insert 
    into
        tag
        (tag_name) 
    values
        (?)
2022-08-03 16:47:31.319 TRACE 32208 --- [    Test worker] o.h.type.descriptor.sql.BasicBinder      : binding parameter [1] as [VARCHAR] - [환경교육]
2022-08-03 16:47:31.347 DEBUG 32208 --- [    Test worker] org.hibernate.SQL                        : 
    insert 
    into
        tag
        (tag_name) 
    values
        (?)
2022-08-03 16:47:31.347 TRACE 32208 --- [    Test worker] o.h.type.descriptor.sql.BasicBinder      : binding parameter [1] as [VARCHAR] - [학대아동지원]
2022-08-03 16:47:31.380 DEBUG 32208 --- [    Test worker] org.hibernate.SQL                        : 
    insert 
    into
        tag
        (tag_name) 
    values
        (?)
2022-08-03 16:47:31.380 TRACE 32208 --- [    Test worker] o.h.type.descriptor.sql.BasicBinder      : binding parameter [1] as [VARCHAR] - [환경을위한실천]
2022-08-03 16:47:31.405 DEBUG 32208 --- [    Test worker] org.hibernate.SQL                        : 
    insert 
    into
        tag
        (tag_name) 
    values
        (?)
2022-08-03 16:47:31.406 TRACE 32208 --- [    Test worker] o.h.type.descriptor.sql.BasicBinder      : binding parameter [1] as [VARCHAR] - [우크라이나긴급모금]
2022-08-03 16:47:31.443 DEBUG 32208 --- [    Test worker] org.hibernate.SQL                        : 
    insert 
    into
        tag
        (tag_name) 
    values
        (?)
2022-08-03 16:47:31.443 TRACE 32208 --- [    Test worker] o.h.type.descriptor.sql.BasicBinder      : binding parameter [1] as [VARCHAR] - [세상을바꾸는여성]
2022-08-03 16:47:31.483 DEBUG 32208 --- [    Test worker] org.hibernate.SQL                        : 
    insert 
    into
        tag
        (tag_name) 
    values
        (?)
2022-08-03 16:47:31.483 TRACE 32208 --- [    Test worker] o.h.type.descriptor.sql.BasicBinder      : binding parameter [1] as [VARCHAR] - [언택트프로젝트]
2022-08-03 16:47:31.536  INFO 32208 --- [    Test worker] o.s.t.c.transaction.TransactionContext   : Rolled back transaction for test: [DefaultTestContext@722e1bff testClass = TTTRepositoryTest, testInstance = kakao.valuetogether.repository.TTTRepositoryTest@4cce889e, testMethod = 주제대상태그저장하기@TTTRepositoryTest, testException = [null], mergedContextConfiguration = [WebMergedContextConfiguration@28d2afd8 testClass = TTTRepositoryTest, locations = '{}', classes = '{class kakao.valuetogether.ValuetogetherApplication}', contextInitializerClasses = '[]', activeProfiles = '{}', propertySourceLocations = '{}', propertySourceProperties = '{org.springframework.boot.test.context.SpringBootTestContextBootstrapper=true}', contextCustomizers = set[org.springframework.boot.test.autoconfigure.actuate.metrics.MetricsExportContextCustomizerFactory$DisableMetricExportContextCustomizer@75459c75, org.springframework.boot.test.autoconfigure.properties.PropertyMappingContextCustomizer@0, org.springframework.boot.test.autoconfigure.web.servlet.WebDriverContextCustomizerFactory$Customizer@d8305c2, org.springframework.boot.test.context.filter.ExcludeFilterContextCustomizer@531c311e, org.springframework.boot.test.json.DuplicateJsonObjectContextCustomizerFactory$DuplicateJsonObjectContextCustomizer@4b672daa, org.springframework.boot.test.mock.mockito.MockitoContextCustomizer@0, org.springframework.boot.test.web.client.TestRestTemplateContextCustomizer@354fc8f0, org.springframework.boot.test.context.SpringBootTestArgs@1, org.springframework.boot.test.context.SpringBootTestWebEnvironment@2f666ebb], resourceBasePath = 'src/main/webapp', contextLoader = 'org.springframework.boot.test.context.SpringBootContextLoader', parent = [null]], attributes = map['org.springframework.test.context.web.ServletTestExecutionListener.activateListener' -> true, 'org.springframework.test.context.web.ServletTestExecutionListener.populatedRequestContextHolder' -> true, 'org.springframework.test.context.web.ServletTestExecutionListener.resetRequestContextHolder' -> true, 'org.springframework.test.context.event.ApplicationEventsTestExecutionListener.recordApplicationEvents' -> false]]
]]></system-out>
  <system-err><![CDATA[]]></system-err>
</testsuite>
