<?xml version="1.0" encoding="UTF-8"?>
<testsuite name="kakao.valuetogether.repository.TTTRepositoryTest" tests="1" skipped="0" failures="0" errors="0" timestamp="2022-07-20T07:29:02" hostname="DESKTOP-8DQF55R" time="0.182">
  <properties/>
  <testcase name="주제대상태그저장하기" classname="kakao.valuetogether.repository.TTTRepositoryTest" time="0.182"/>
  <system-out><![CDATA[2022-07-20 16:29:02.866  INFO 12996 --- [    Test worker] o.s.t.c.transaction.TransactionContext   : Began transaction (1) for test context [DefaultTestContext@65689000 testClass = TTTRepositoryTest, testInstance = kakao.valuetogether.repository.TTTRepositoryTest@441d3ddf, testMethod = 주제대상태그저장하기@TTTRepositoryTest, testException = [null], mergedContextConfiguration = [WebMergedContextConfiguration@420c9959 testClass = TTTRepositoryTest, locations = '{}', classes = '{class kakao.valuetogether.ValuetogetherApplication}', contextInitializerClasses = '[]', activeProfiles = '{}', propertySourceLocations = '{}', propertySourceProperties = '{org.springframework.boot.test.context.SpringBootTestContextBootstrapper=true}', contextCustomizers = set[org.springframework.boot.test.autoconfigure.actuate.metrics.MetricsExportContextCustomizerFactory$DisableMetricExportContextCustomizer@2262b621, org.springframework.boot.test.autoconfigure.properties.PropertyMappingContextCustomizer@0, org.springframework.boot.test.autoconfigure.web.servlet.WebDriverContextCustomizerFactory$Customizer@10993713, org.springframework.boot.test.context.filter.ExcludeFilterContextCustomizer@5f031ebd, org.springframework.boot.test.json.DuplicateJsonObjectContextCustomizerFactory$DuplicateJsonObjectContextCustomizer@41e350f1, org.springframework.boot.test.mock.mockito.MockitoContextCustomizer@0, org.springframework.boot.test.web.client.TestRestTemplateContextCustomizer@1ef3efa8, org.springframework.boot.test.context.SpringBootTestArgs@1, org.springframework.boot.test.context.SpringBootTestWebEnvironment@471a9022], resourceBasePath = 'src/main/webapp', contextLoader = 'org.springframework.boot.test.context.SpringBootContextLoader', parent = [null]], attributes = map['org.springframework.test.context.web.ServletTestExecutionListener.activateListener' -> true, 'org.springframework.test.context.web.ServletTestExecutionListener.populatedRequestContextHolder' -> true, 'org.springframework.test.context.web.ServletTestExecutionListener.resetRequestContextHolder' -> true, 'org.springframework.test.context.event.ApplicationEventsTestExecutionListener.recordApplicationEvents' -> false]]; transaction manager [org.springframework.orm.jpa.JpaTransactionManager@202fd4c4]; rollback [true]
2022-07-20 16:29:02.872 DEBUG 12996 --- [    Test worker] org.hibernate.SQL                        : 
    insert 
    into
        tag
        (tag_name) 
    values
        (?)
2022-07-20 16:29:02.872 TRACE 12996 --- [    Test worker] o.h.type.descriptor.sql.BasicBinder      : binding parameter [1] as [VARCHAR] - [어려운이웃]
2022-07-20 16:29:02.900 DEBUG 12996 --- [    Test worker] org.hibernate.SQL                        : 
    insert 
    into
        tag
        (tag_name) 
    values
        (?)
2022-07-20 16:29:02.900 TRACE 12996 --- [    Test worker] o.h.type.descriptor.sql.BasicBinder      : binding parameter [1] as [VARCHAR] - [행복한노후]
2022-07-20 16:29:02.909 DEBUG 12996 --- [    Test worker] org.hibernate.SQL                        : 
    insert 
    into
        tag
        (tag_name) 
    values
        (?)
2022-07-20 16:29:02.909 TRACE 12996 --- [    Test worker] o.h.type.descriptor.sql.BasicBinder      : binding parameter [1] as [VARCHAR] - [여성인권]
2022-07-20 16:29:02.916 DEBUG 12996 --- [    Test worker] org.hibernate.SQL                        : 
    insert 
    into
        tag
        (tag_name) 
    values
        (?)
2022-07-20 16:29:02.916 TRACE 12996 --- [    Test worker] o.h.type.descriptor.sql.BasicBinder      : binding parameter [1] as [VARCHAR] - [심리상담]
2022-07-20 16:29:02.924 DEBUG 12996 --- [    Test worker] org.hibernate.SQL                        : 
    insert 
    into
        tag
        (tag_name) 
    values
        (?)
2022-07-20 16:29:02.925 TRACE 12996 --- [    Test worker] o.h.type.descriptor.sql.BasicBinder      : binding parameter [1] as [VARCHAR] - [환경교육]
2022-07-20 16:29:02.933 DEBUG 12996 --- [    Test worker] org.hibernate.SQL                        : 
    insert 
    into
        tag
        (tag_name) 
    values
        (?)
2022-07-20 16:29:02.933 TRACE 12996 --- [    Test worker] o.h.type.descriptor.sql.BasicBinder      : binding parameter [1] as [VARCHAR] - [학대아동지원]
2022-07-20 16:29:02.963 DEBUG 12996 --- [    Test worker] org.hibernate.SQL                        : 
    insert 
    into
        tag
        (tag_name) 
    values
        (?)
2022-07-20 16:29:02.964 TRACE 12996 --- [    Test worker] o.h.type.descriptor.sql.BasicBinder      : binding parameter [1] as [VARCHAR] - [환경을위한실천]
2022-07-20 16:29:02.973 DEBUG 12996 --- [    Test worker] org.hibernate.SQL                        : 
    insert 
    into
        tag
        (tag_name) 
    values
        (?)
2022-07-20 16:29:02.973 TRACE 12996 --- [    Test worker] o.h.type.descriptor.sql.BasicBinder      : binding parameter [1] as [VARCHAR] - [우크라이나긴급모금]
2022-07-20 16:29:02.980 DEBUG 12996 --- [    Test worker] org.hibernate.SQL                        : 
    insert 
    into
        tag
        (tag_name) 
    values
        (?)
2022-07-20 16:29:02.981 TRACE 12996 --- [    Test worker] o.h.type.descriptor.sql.BasicBinder      : binding parameter [1] as [VARCHAR] - [세상을바꾸는여성]
2022-07-20 16:29:02.988 DEBUG 12996 --- [    Test worker] org.hibernate.SQL                        : 
    insert 
    into
        tag
        (tag_name) 
    values
        (?)
2022-07-20 16:29:02.989 TRACE 12996 --- [    Test worker] o.h.type.descriptor.sql.BasicBinder      : binding parameter [1] as [VARCHAR] - [언택트프로젝트]
2022-07-20 16:29:03.039  INFO 12996 --- [    Test worker] o.s.t.c.transaction.TransactionContext   : Rolled back transaction for test: [DefaultTestContext@65689000 testClass = TTTRepositoryTest, testInstance = kakao.valuetogether.repository.TTTRepositoryTest@441d3ddf, testMethod = 주제대상태그저장하기@TTTRepositoryTest, testException = [null], mergedContextConfiguration = [WebMergedContextConfiguration@420c9959 testClass = TTTRepositoryTest, locations = '{}', classes = '{class kakao.valuetogether.ValuetogetherApplication}', contextInitializerClasses = '[]', activeProfiles = '{}', propertySourceLocations = '{}', propertySourceProperties = '{org.springframework.boot.test.context.SpringBootTestContextBootstrapper=true}', contextCustomizers = set[org.springframework.boot.test.autoconfigure.actuate.metrics.MetricsExportContextCustomizerFactory$DisableMetricExportContextCustomizer@2262b621, org.springframework.boot.test.autoconfigure.properties.PropertyMappingContextCustomizer@0, org.springframework.boot.test.autoconfigure.web.servlet.WebDriverContextCustomizerFactory$Customizer@10993713, org.springframework.boot.test.context.filter.ExcludeFilterContextCustomizer@5f031ebd, org.springframework.boot.test.json.DuplicateJsonObjectContextCustomizerFactory$DuplicateJsonObjectContextCustomizer@41e350f1, org.springframework.boot.test.mock.mockito.MockitoContextCustomizer@0, org.springframework.boot.test.web.client.TestRestTemplateContextCustomizer@1ef3efa8, org.springframework.boot.test.context.SpringBootTestArgs@1, org.springframework.boot.test.context.SpringBootTestWebEnvironment@471a9022], resourceBasePath = 'src/main/webapp', contextLoader = 'org.springframework.boot.test.context.SpringBootContextLoader', parent = [null]], attributes = map['org.springframework.test.context.web.ServletTestExecutionListener.activateListener' -> true, 'org.springframework.test.context.web.ServletTestExecutionListener.populatedRequestContextHolder' -> true, 'org.springframework.test.context.web.ServletTestExecutionListener.resetRequestContextHolder' -> true, 'org.springframework.test.context.event.ApplicationEventsTestExecutionListener.recordApplicationEvents' -> false]]
]]></system-out>
  <system-err><![CDATA[]]></system-err>
</testsuite>
