<?xml version="1.0" encoding="UTF-8"?>
<testsuite name="kakao.valuetogether.service.PostServiceTest" tests="2" skipped="0" failures="1" errors="0" timestamp="2022-08-01T11:05:47" hostname="DESKTOP-8DQF55R" time="0.518">
  <properties/>
  <testcase name="주제별대상별게시글검색하기" classname="kakao.valuetogether.service.PostServiceTest" time="0.141">
    <failure message="org.opentest4j.AssertionFailedError: expected: &lt;3&gt; but was: &lt;8&gt;" type="org.opentest4j.AssertionFailedError">org.opentest4j.AssertionFailedError: expected: &lt;3&gt; but was: &lt;8&gt;
	at app//org.junit.jupiter.api.AssertionUtils.fail(AssertionUtils.java:55)
	at app//org.junit.jupiter.api.AssertionUtils.failNotEqual(AssertionUtils.java:62)
	at app//org.junit.jupiter.api.AssertEquals.assertEquals(AssertEquals.java:150)
	at app//org.junit.jupiter.api.AssertEquals.assertEquals(AssertEquals.java:145)
	at app//org.junit.jupiter.api.Assertions.assertEquals(Assertions.java:527)
	at app//kakao.valuetogether.service.PostServiceTest.주제별대상별게시글검색하기(PostServiceTest.java:85)
	at java.base@11.0.15/jdk.internal.reflect.NativeMethodAccessorImpl.invoke0(Native Method)
	at java.base@11.0.15/jdk.internal.reflect.NativeMethodAccessorImpl.invoke(NativeMethodAccessorImpl.java:62)
	at java.base@11.0.15/jdk.internal.reflect.DelegatingMethodAccessorImpl.invoke(DelegatingMethodAccessorImpl.java:43)
	at java.base@11.0.15/java.lang.reflect.Method.invoke(Method.java:566)
	at app//org.junit.runners.model.FrameworkMethod$1.runReflectiveCall(FrameworkMethod.java:59)
	at app//org.junit.internal.runners.model.ReflectiveCallable.run(ReflectiveCallable.java:12)
	at app//org.junit.runners.model.FrameworkMethod.invokeExplosively(FrameworkMethod.java:56)
	at app//org.junit.internal.runners.statements.InvokeMethod.evaluate(InvokeMethod.java:17)
	at app//org.springframework.test.context.junit4.statements.RunBeforeTestExecutionCallbacks.evaluate(RunBeforeTestExecutionCallbacks.java:74)
	at app//org.springframework.test.context.junit4.statements.RunAfterTestExecutionCallbacks.evaluate(RunAfterTestExecutionCallbacks.java:84)
	at app//org.springframework.test.context.junit4.statements.RunBeforeTestMethodCallbacks.evaluate(RunBeforeTestMethodCallbacks.java:75)
	at app//org.springframework.test.context.junit4.statements.RunAfterTestMethodCallbacks.evaluate(RunAfterTestMethodCallbacks.java:86)
	at app//org.springframework.test.context.junit4.statements.SpringRepeat.evaluate(SpringRepeat.java:84)
	at app//org.junit.runners.ParentRunner.runLeaf(ParentRunner.java:366)
	at app//org.springframework.test.context.junit4.SpringJUnit4ClassRunner.runChild(SpringJUnit4ClassRunner.java:251)
	at app//org.springframework.test.context.junit4.SpringJUnit4ClassRunner.runChild(SpringJUnit4ClassRunner.java:97)
	at app//org.junit.runners.ParentRunner$4.run(ParentRunner.java:331)
	at app//org.junit.runners.ParentRunner$1.schedule(ParentRunner.java:79)
	at app//org.junit.runners.ParentRunner.runChildren(ParentRunner.java:329)
	at app//org.junit.runners.ParentRunner.access$100(ParentRunner.java:66)
	at app//org.junit.runners.ParentRunner$2.evaluate(ParentRunner.java:293)
	at app//org.springframework.test.context.junit4.statements.RunBeforeTestClassCallbacks.evaluate(RunBeforeTestClassCallbacks.java:61)
	at app//org.springframework.test.context.junit4.statements.RunAfterTestClassCallbacks.evaluate(RunAfterTestClassCallbacks.java:70)
	at app//org.junit.runners.ParentRunner$3.evaluate(ParentRunner.java:306)
	at app//org.junit.runners.ParentRunner.run(ParentRunner.java:413)
	at app//org.springframework.test.context.junit4.SpringJUnit4ClassRunner.run(SpringJUnit4ClassRunner.java:190)
	at app//org.junit.runner.JUnitCore.run(JUnitCore.java:137)
	at app//org.junit.runner.JUnitCore.run(JUnitCore.java:115)
	at app//org.junit.vintage.engine.execution.RunnerExecutor.execute(RunnerExecutor.java:42)
	at app//org.junit.vintage.engine.VintageTestEngine.executeAllChildren(VintageTestEngine.java:80)
	at app//org.junit.vintage.engine.VintageTestEngine.execute(VintageTestEngine.java:72)
	at org.junit.platform.launcher.core.EngineExecutionOrchestrator.execute(EngineExecutionOrchestrator.java:108)
	at org.junit.platform.launcher.core.EngineExecutionOrchestrator.execute(EngineExecutionOrchestrator.java:88)
	at org.junit.platform.launcher.core.EngineExecutionOrchestrator.lambda$execute$0(EngineExecutionOrchestrator.java:54)
	at org.junit.platform.launcher.core.EngineExecutionOrchestrator.withInterceptedStreams(EngineExecutionOrchestrator.java:67)
	at org.junit.platform.launcher.core.EngineExecutionOrchestrator.execute(EngineExecutionOrchestrator.java:52)
	at org.junit.platform.launcher.core.DefaultLauncher.execute(DefaultLauncher.java:96)
	at org.junit.platform.launcher.core.DefaultLauncher.execute(DefaultLauncher.java:75)
	at org.gradle.api.internal.tasks.testing.junitplatform.JUnitPlatformTestClassProcessor$CollectAllTestClassesExecutor.processAllTestClasses(JUnitPlatformTestClassProcessor.java:99)
	at org.gradle.api.internal.tasks.testing.junitplatform.JUnitPlatformTestClassProcessor$CollectAllTestClassesExecutor.access$000(JUnitPlatformTestClassProcessor.java:79)
	at org.gradle.api.internal.tasks.testing.junitplatform.JUnitPlatformTestClassProcessor.stop(JUnitPlatformTestClassProcessor.java:75)
	at org.gradle.api.internal.tasks.testing.SuiteTestClassProcessor.stop(SuiteTestClassProcessor.java:61)
	at java.base@11.0.15/jdk.internal.reflect.NativeMethodAccessorImpl.invoke0(Native Method)
	at java.base@11.0.15/jdk.internal.reflect.NativeMethodAccessorImpl.invoke(NativeMethodAccessorImpl.java:62)
	at java.base@11.0.15/jdk.internal.reflect.DelegatingMethodAccessorImpl.invoke(DelegatingMethodAccessorImpl.java:43)
	at java.base@11.0.15/java.lang.reflect.Method.invoke(Method.java:566)
	at org.gradle.internal.dispatch.ReflectionDispatch.dispatch(ReflectionDispatch.java:36)
	at org.gradle.internal.dispatch.ReflectionDispatch.dispatch(ReflectionDispatch.java:24)
	at org.gradle.internal.dispatch.ContextClassLoaderDispatch.dispatch(ContextClassLoaderDispatch.java:33)
	at org.gradle.internal.dispatch.ProxyDispatchAdapter$DispatchingInvocationHandler.invoke(ProxyDispatchAdapter.java:94)
	at com.sun.proxy.$Proxy2.stop(Unknown Source)
	at org.gradle.api.internal.tasks.testing.worker.TestWorker$3.run(TestWorker.java:193)
	at org.gradle.api.internal.tasks.testing.worker.TestWorker.executeAndMaintainThreadName(TestWorker.java:129)
	at org.gradle.api.internal.tasks.testing.worker.TestWorker.execute(TestWorker.java:100)
	at org.gradle.api.internal.tasks.testing.worker.TestWorker.execute(TestWorker.java:60)
	at org.gradle.process.internal.worker.child.ActionExecutionWorker.execute(ActionExecutionWorker.java:56)
	at org.gradle.process.internal.worker.child.SystemApplicationClassLoaderWorker.call(SystemApplicationClassLoaderWorker.java:133)
	at org.gradle.process.internal.worker.child.SystemApplicationClassLoaderWorker.call(SystemApplicationClassLoaderWorker.java:71)
	at app//worker.org.gradle.process.internal.worker.GradleWorkerMain.run(GradleWorkerMain.java:69)
	at app//worker.org.gradle.process.internal.worker.GradleWorkerMain.main(GradleWorkerMain.java:74)
</failure>
  </testcase>
  <testcase name="제안하기" classname="kakao.valuetogether.service.PostServiceTest" time="0.376"/>
  <system-out><![CDATA[2022-08-01 20:05:47.979  INFO 16780 --- [    Test worker] o.s.t.c.transaction.TransactionContext   : Began transaction (1) for test context [DefaultTestContext@413a2520 testClass = PostServiceTest, testInstance = kakao.valuetogether.service.PostServiceTest@39d62e47, testMethod = 주제별대상별게시글검색하기@PostServiceTest, testException = [null], mergedContextConfiguration = [WebMergedContextConfiguration@1ced1fb9 testClass = PostServiceTest, locations = '{}', classes = '{class kakao.valuetogether.ValuetogetherApplication}', contextInitializerClasses = '[]', activeProfiles = '{}', propertySourceLocations = '{}', propertySourceProperties = '{org.springframework.boot.test.context.SpringBootTestContextBootstrapper=true}', contextCustomizers = set[org.springframework.boot.test.autoconfigure.actuate.metrics.MetricsExportContextCustomizerFactory$DisableMetricExportContextCustomizer@183e8023, org.springframework.boot.test.autoconfigure.properties.PropertyMappingContextCustomizer@0, org.springframework.boot.test.autoconfigure.web.servlet.WebDriverContextCustomizerFactory$Customizer@56bca85b, org.springframework.boot.test.context.filter.ExcludeFilterContextCustomizer@22b53226, org.springframework.boot.test.json.DuplicateJsonObjectContextCustomizerFactory$DuplicateJsonObjectContextCustomizer@ea9b7c6, org.springframework.boot.test.mock.mockito.MockitoContextCustomizer@0, org.springframework.boot.test.web.client.TestRestTemplateContextCustomizer@41813449, org.springframework.boot.test.context.SpringBootTestArgs@1, org.springframework.boot.test.context.SpringBootTestWebEnvironment@6531a794], resourceBasePath = 'src/main/webapp', contextLoader = 'org.springframework.boot.test.context.SpringBootContextLoader', parent = [null]], attributes = map['org.springframework.test.context.web.ServletTestExecutionListener.activateListener' -> true, 'org.springframework.test.context.web.ServletTestExecutionListener.populatedRequestContextHolder' -> true, 'org.springframework.test.context.web.ServletTestExecutionListener.resetRequestContextHolder' -> true, 'org.springframework.test.context.event.ApplicationEventsTestExecutionListener.recordApplicationEvents' -> false]]; transaction manager [org.springframework.orm.jpa.JpaTransactionManager@27adb90f]; rollback [true]
2022-08-01 20:05:47.982 DEBUG 16780 --- [    Test worker] org.hibernate.SQL                        : 
    insert 
    into
        member
        (member_address, member_birthday, member_email, member_gender, member_name, member_nickname, member_phone, member_pw) 
    values
        (?, ?, ?, ?, ?, ?, ?, ?)
2022-08-01 20:05:47.983 TRACE 16780 --- [    Test worker] o.h.type.descriptor.sql.BasicBinder      : binding parameter [1] as [VARCHAR] - [address]
2022-08-01 20:05:47.983 TRACE 16780 --- [    Test worker] o.h.type.descriptor.sql.BasicBinder      : binding parameter [2] as [VARCHAR] - [birthday]
2022-08-01 20:05:47.983 TRACE 16780 --- [    Test worker] o.h.type.descriptor.sql.BasicBinder      : binding parameter [3] as [VARCHAR] - [email]
2022-08-01 20:05:47.983 TRACE 16780 --- [    Test worker] o.h.type.descriptor.sql.BasicBinder      : binding parameter [4] as [VARCHAR] - [gender]
2022-08-01 20:05:47.983 TRACE 16780 --- [    Test worker] o.h.type.descriptor.sql.BasicBinder      : binding parameter [5] as [VARCHAR] - [name]
2022-08-01 20:05:47.983 TRACE 16780 --- [    Test worker] o.h.type.descriptor.sql.BasicBinder      : binding parameter [6] as [VARCHAR] - [nickname]
2022-08-01 20:05:47.983 TRACE 16780 --- [    Test worker] o.h.type.descriptor.sql.BasicBinder      : binding parameter [7] as [VARCHAR] - [phone]
2022-08-01 20:05:47.983 TRACE 16780 --- [    Test worker] o.h.type.descriptor.sql.BasicBinder      : binding parameter [8] as [VARCHAR] - [pw]
2022-08-01 20:05:47.995 DEBUG 16780 --- [    Test worker] org.hibernate.SQL                        : 
    insert 
    into
        post
        (article, end_date, image, is_confirm, member_id, start_date, sub_title, target, target_amount, title, topic) 
    values
        (?, ?, ?, ?, ?, ?, ?, ?, ?, ?, ?)
2022-08-01 20:05:47.996 TRACE 16780 --- [    Test worker] o.h.type.descriptor.sql.BasicBinder      : binding parameter [1] as [VARCHAR] - [a]
2022-08-01 20:05:47.996 TRACE 16780 --- [    Test worker] o.h.type.descriptor.sql.BasicBinder      : binding parameter [2] as [TIMESTAMP] - [Mon Nov 01 00:00:00 KST 3920]
2022-08-01 20:05:47.996 TRACE 16780 --- [    Test worker] o.h.type.descriptor.sql.BasicBinder      : binding parameter [3] as [VARCHAR] - [a]
2022-08-01 20:05:47.996 TRACE 16780 --- [    Test worker] o.h.type.descriptor.sql.BasicBinder      : binding parameter [4] as [BOOLEAN] - [true]
2022-08-01 20:05:47.996 TRACE 16780 --- [    Test worker] o.h.type.descriptor.sql.BasicBinder      : binding parameter [5] as [BIGINT] - [41]
2022-08-01 20:05:47.996 TRACE 16780 --- [    Test worker] o.h.type.descriptor.sql.BasicBinder      : binding parameter [6] as [TIMESTAMP] - [Sat Feb 01 00:00:00 KST 3919]
2022-08-01 20:05:47.996 TRACE 16780 --- [    Test worker] o.h.type.descriptor.sql.BasicBinder      : binding parameter [7] as [VARCHAR] - [a]
2022-08-01 20:05:47.996 TRACE 16780 --- [    Test worker] o.h.type.descriptor.sql.BasicBinder      : binding parameter [8] as [VARCHAR] - [아동ㅣ청소년]
2022-08-01 20:05:47.997 TRACE 16780 --- [    Test worker] o.h.type.descriptor.sql.BasicBinder      : binding parameter [9] as [INTEGER] - [1000]
2022-08-01 20:05:47.997 TRACE 16780 --- [    Test worker] o.h.type.descriptor.sql.BasicBinder      : binding parameter [10] as [VARCHAR] - [a]
2022-08-01 20:05:47.997 TRACE 16780 --- [    Test worker] o.h.type.descriptor.sql.BasicBinder      : binding parameter [11] as [VARCHAR] - [건강한삶]
2022-08-01 20:05:48.008 DEBUG 16780 --- [    Test worker] org.hibernate.SQL                        : 
    insert 
    into
        post
        (article, end_date, image, is_confirm, member_id, start_date, sub_title, target, target_amount, title, topic) 
    values
        (?, ?, ?, ?, ?, ?, ?, ?, ?, ?, ?)
2022-08-01 20:05:48.008 TRACE 16780 --- [    Test worker] o.h.type.descriptor.sql.BasicBinder      : binding parameter [1] as [VARCHAR] - [a]
2022-08-01 20:05:48.008 TRACE 16780 --- [    Test worker] o.h.type.descriptor.sql.BasicBinder      : binding parameter [2] as [TIMESTAMP] - [Mon Nov 01 00:00:00 KST 3920]
2022-08-01 20:05:48.008 TRACE 16780 --- [    Test worker] o.h.type.descriptor.sql.BasicBinder      : binding parameter [3] as [VARCHAR] - [a]
2022-08-01 20:05:48.008 TRACE 16780 --- [    Test worker] o.h.type.descriptor.sql.BasicBinder      : binding parameter [4] as [BOOLEAN] - [true]
2022-08-01 20:05:48.009 TRACE 16780 --- [    Test worker] o.h.type.descriptor.sql.BasicBinder      : binding parameter [5] as [BIGINT] - [41]
2022-08-01 20:05:48.009 TRACE 16780 --- [    Test worker] o.h.type.descriptor.sql.BasicBinder      : binding parameter [6] as [TIMESTAMP] - [Sat Feb 01 00:00:00 KST 3919]
2022-08-01 20:05:48.009 TRACE 16780 --- [    Test worker] o.h.type.descriptor.sql.BasicBinder      : binding parameter [7] as [VARCHAR] - [a]
2022-08-01 20:05:48.009 TRACE 16780 --- [    Test worker] o.h.type.descriptor.sql.BasicBinder      : binding parameter [8] as [VARCHAR] - [아동ㅣ청소년]
2022-08-01 20:05:48.009 TRACE 16780 --- [    Test worker] o.h.type.descriptor.sql.BasicBinder      : binding parameter [9] as [INTEGER] - [1000]
2022-08-01 20:05:48.009 TRACE 16780 --- [    Test worker] o.h.type.descriptor.sql.BasicBinder      : binding parameter [10] as [VARCHAR] - [a]
2022-08-01 20:05:48.009 TRACE 16780 --- [    Test worker] o.h.type.descriptor.sql.BasicBinder      : binding parameter [11] as [VARCHAR] - [건강한삶]
2022-08-01 20:05:48.018 DEBUG 16780 --- [    Test worker] org.hibernate.SQL                        : 
    insert 
    into
        post
        (article, end_date, image, is_confirm, member_id, start_date, sub_title, target, target_amount, title, topic) 
    values
        (?, ?, ?, ?, ?, ?, ?, ?, ?, ?, ?)
2022-08-01 20:05:48.019 TRACE 16780 --- [    Test worker] o.h.type.descriptor.sql.BasicBinder      : binding parameter [1] as [VARCHAR] - [a]
2022-08-01 20:05:48.019 TRACE 16780 --- [    Test worker] o.h.type.descriptor.sql.BasicBinder      : binding parameter [2] as [TIMESTAMP] - [Mon Nov 01 00:00:00 KST 3920]
2022-08-01 20:05:48.019 TRACE 16780 --- [    Test worker] o.h.type.descriptor.sql.BasicBinder      : binding parameter [3] as [VARCHAR] - [a]
2022-08-01 20:05:48.019 TRACE 16780 --- [    Test worker] o.h.type.descriptor.sql.BasicBinder      : binding parameter [4] as [BOOLEAN] - [true]
2022-08-01 20:05:48.019 TRACE 16780 --- [    Test worker] o.h.type.descriptor.sql.BasicBinder      : binding parameter [5] as [BIGINT] - [41]
2022-08-01 20:05:48.019 TRACE 16780 --- [    Test worker] o.h.type.descriptor.sql.BasicBinder      : binding parameter [6] as [TIMESTAMP] - [Sat Feb 01 00:00:00 KST 3919]
2022-08-01 20:05:48.019 TRACE 16780 --- [    Test worker] o.h.type.descriptor.sql.BasicBinder      : binding parameter [7] as [VARCHAR] - [a]
2022-08-01 20:05:48.019 TRACE 16780 --- [    Test worker] o.h.type.descriptor.sql.BasicBinder      : binding parameter [8] as [VARCHAR] - [아동ㅣ청소년]
2022-08-01 20:05:48.019 TRACE 16780 --- [    Test worker] o.h.type.descriptor.sql.BasicBinder      : binding parameter [9] as [INTEGER] - [1000]
2022-08-01 20:05:48.019 TRACE 16780 --- [    Test worker] o.h.type.descriptor.sql.BasicBinder      : binding parameter [10] as [VARCHAR] - [a]
2022-08-01 20:05:48.019 TRACE 16780 --- [    Test worker] o.h.type.descriptor.sql.BasicBinder      : binding parameter [11] as [VARCHAR] - [건강한삶]
2022-08-01 20:05:48.030 DEBUG 16780 --- [    Test worker] org.hibernate.SQL                        : 
    select
        post0_.post_id as post_id1_4_,
        post0_.article as article2_4_,
        post0_.end_date as end_date3_4_,
        post0_.image as image4_4_,
        post0_.is_confirm as is_confi5_4_,
        post0_.member_id as member_12_4_,
        post0_.start_date as start_da6_4_,
        post0_.sub_title as sub_titl7_4_,
        post0_.target as target8_4_,
        post0_.target_amount as target_a9_4_,
        post0_.title as title10_4_,
        post0_.topic as topic11_4_ 
    from
        post post0_ 
    where
        post0_.topic=?
2022-08-01 20:05:48.031 TRACE 16780 --- [    Test worker] o.h.type.descriptor.sql.BasicBinder      : binding parameter [1] as [VARCHAR] - [건강한삶]
2022-08-01 20:05:48.038 TRACE 16780 --- [    Test worker] o.h.type.descriptor.sql.BasicExtractor   : extracted value ([post_id1_4_] : [BIGINT]) - [1]
2022-08-01 20:05:48.042 TRACE 16780 --- [    Test worker] o.h.type.descriptor.sql.BasicExtractor   : extracted value ([article2_4_] : [VARCHAR]) - [article]
2022-08-01 20:05:48.046 TRACE 16780 --- [    Test worker] o.h.type.descriptor.sql.BasicExtractor   : extracted value ([end_date3_4_] : [TIMESTAMP]) - [2022-08-01 20:05:41.0]
2022-08-01 20:05:48.046 TRACE 16780 --- [    Test worker] o.h.type.descriptor.sql.BasicExtractor   : extracted value ([image4_4_] : [VARCHAR]) - [image]
2022-08-01 20:05:48.047 TRACE 16780 --- [    Test worker] o.h.type.descriptor.sql.BasicExtractor   : extracted value ([is_confi5_4_] : [BOOLEAN]) - [false]
2022-08-01 20:05:48.047 TRACE 16780 --- [    Test worker] o.h.type.descriptor.sql.BasicExtractor   : extracted value ([member_12_4_] : [BIGINT]) - [1]
2022-08-01 20:05:48.048 TRACE 16780 --- [    Test worker] o.h.type.descriptor.sql.BasicExtractor   : extracted value ([start_da6_4_] : [TIMESTAMP]) - [2022-08-01 20:05:41.0]
2022-08-01 20:05:48.048 TRACE 16780 --- [    Test worker] o.h.type.descriptor.sql.BasicExtractor   : extracted value ([sub_titl7_4_] : [VARCHAR]) - [subtitle]
2022-08-01 20:05:48.048 TRACE 16780 --- [    Test worker] o.h.type.descriptor.sql.BasicExtractor   : extracted value ([target8_4_] : [VARCHAR]) - [실버세대]
2022-08-01 20:05:48.049 TRACE 16780 --- [    Test worker] o.h.type.descriptor.sql.BasicExtractor   : extracted value ([target_a9_4_] : [INTEGER]) - [10000]
2022-08-01 20:05:48.049 TRACE 16780 --- [    Test worker] o.h.type.descriptor.sql.BasicExtractor   : extracted value ([title10_4_] : [VARCHAR]) - [title]
2022-08-01 20:05:48.050 TRACE 16780 --- [    Test worker] o.h.type.descriptor.sql.BasicExtractor   : extracted value ([topic11_4_] : [VARCHAR]) - [건강한삶]
2022-08-01 20:05:48.050 TRACE 16780 --- [    Test worker] o.h.type.descriptor.sql.BasicExtractor   : extracted value ([post_id1_4_] : [BIGINT]) - [2]
2022-08-01 20:05:48.050 TRACE 16780 --- [    Test worker] o.h.type.descriptor.sql.BasicExtractor   : extracted value ([article2_4_] : [VARCHAR]) - [article]
2022-08-01 20:05:48.050 TRACE 16780 --- [    Test worker] o.h.type.descriptor.sql.BasicExtractor   : extracted value ([end_date3_4_] : [TIMESTAMP]) - [2022-08-01 20:05:41.0]
2022-08-01 20:05:48.050 TRACE 16780 --- [    Test worker] o.h.type.descriptor.sql.BasicExtractor   : extracted value ([image4_4_] : [VARCHAR]) - [image]
2022-08-01 20:05:48.050 TRACE 16780 --- [    Test worker] o.h.type.descriptor.sql.BasicExtractor   : extracted value ([is_confi5_4_] : [BOOLEAN]) - [false]
2022-08-01 20:05:48.050 TRACE 16780 --- [    Test worker] o.h.type.descriptor.sql.BasicExtractor   : extracted value ([member_12_4_] : [BIGINT]) - [1]
2022-08-01 20:05:48.051 TRACE 16780 --- [    Test worker] o.h.type.descriptor.sql.BasicExtractor   : extracted value ([start_da6_4_] : [TIMESTAMP]) - [2022-08-01 20:05:41.0]
2022-08-01 20:05:48.051 TRACE 16780 --- [    Test worker] o.h.type.descriptor.sql.BasicExtractor   : extracted value ([sub_titl7_4_] : [VARCHAR]) - [subtitle]
2022-08-01 20:05:48.051 TRACE 16780 --- [    Test worker] o.h.type.descriptor.sql.BasicExtractor   : extracted value ([target8_4_] : [VARCHAR]) - [실버세대]
2022-08-01 20:05:48.051 TRACE 16780 --- [    Test worker] o.h.type.descriptor.sql.BasicExtractor   : extracted value ([target_a9_4_] : [INTEGER]) - [10000]
2022-08-01 20:05:48.051 TRACE 16780 --- [    Test worker] o.h.type.descriptor.sql.BasicExtractor   : extracted value ([title10_4_] : [VARCHAR]) - [title]
2022-08-01 20:05:48.051 TRACE 16780 --- [    Test worker] o.h.type.descriptor.sql.BasicExtractor   : extracted value ([topic11_4_] : [VARCHAR]) - [건강한삶]
2022-08-01 20:05:48.051 TRACE 16780 --- [    Test worker] o.h.type.descriptor.sql.BasicExtractor   : extracted value ([post_id1_4_] : [BIGINT]) - [3]
2022-08-01 20:05:48.051 TRACE 16780 --- [    Test worker] o.h.type.descriptor.sql.BasicExtractor   : extracted value ([article2_4_] : [VARCHAR]) - [article]
2022-08-01 20:05:48.051 TRACE 16780 --- [    Test worker] o.h.type.descriptor.sql.BasicExtractor   : extracted value ([end_date3_4_] : [TIMESTAMP]) - [2022-08-01 20:05:41.0]
2022-08-01 20:05:48.052 TRACE 16780 --- [    Test worker] o.h.type.descriptor.sql.BasicExtractor   : extracted value ([image4_4_] : [VARCHAR]) - [image]
2022-08-01 20:05:48.052 TRACE 16780 --- [    Test worker] o.h.type.descriptor.sql.BasicExtractor   : extracted value ([is_confi5_4_] : [BOOLEAN]) - [false]
2022-08-01 20:05:48.052 TRACE 16780 --- [    Test worker] o.h.type.descriptor.sql.BasicExtractor   : extracted value ([member_12_4_] : [BIGINT]) - [2]
2022-08-01 20:05:48.052 TRACE 16780 --- [    Test worker] o.h.type.descriptor.sql.BasicExtractor   : extracted value ([start_da6_4_] : [TIMESTAMP]) - [2022-08-01 20:05:41.0]
2022-08-01 20:05:48.052 TRACE 16780 --- [    Test worker] o.h.type.descriptor.sql.BasicExtractor   : extracted value ([sub_titl7_4_] : [VARCHAR]) - [subtitle]
2022-08-01 20:05:48.052 TRACE 16780 --- [    Test worker] o.h.type.descriptor.sql.BasicExtractor   : extracted value ([target8_4_] : [VARCHAR]) - [실버세대]
2022-08-01 20:05:48.052 TRACE 16780 --- [    Test worker] o.h.type.descriptor.sql.BasicExtractor   : extracted value ([target_a9_4_] : [INTEGER]) - [10000]
2022-08-01 20:05:48.052 TRACE 16780 --- [    Test worker] o.h.type.descriptor.sql.BasicExtractor   : extracted value ([title10_4_] : [VARCHAR]) - [title]
2022-08-01 20:05:48.052 TRACE 16780 --- [    Test worker] o.h.type.descriptor.sql.BasicExtractor   : extracted value ([topic11_4_] : [VARCHAR]) - [건강한삶]
2022-08-01 20:05:48.053 TRACE 16780 --- [    Test worker] o.h.type.descriptor.sql.BasicExtractor   : extracted value ([post_id1_4_] : [BIGINT]) - [4]
2022-08-01 20:05:48.053 TRACE 16780 --- [    Test worker] o.h.type.descriptor.sql.BasicExtractor   : extracted value ([article2_4_] : [VARCHAR]) - [article]
2022-08-01 20:05:48.053 TRACE 16780 --- [    Test worker] o.h.type.descriptor.sql.BasicExtractor   : extracted value ([end_date3_4_] : [TIMESTAMP]) - [2022-08-01 20:05:41.0]
2022-08-01 20:05:48.053 TRACE 16780 --- [    Test worker] o.h.type.descriptor.sql.BasicExtractor   : extracted value ([image4_4_] : [VARCHAR]) - [image]
2022-08-01 20:05:48.053 TRACE 16780 --- [    Test worker] o.h.type.descriptor.sql.BasicExtractor   : extracted value ([is_confi5_4_] : [BOOLEAN]) - [false]
2022-08-01 20:05:48.053 TRACE 16780 --- [    Test worker] o.h.type.descriptor.sql.BasicExtractor   : extracted value ([member_12_4_] : [BIGINT]) - [2]
2022-08-01 20:05:48.053 TRACE 16780 --- [    Test worker] o.h.type.descriptor.sql.BasicExtractor   : extracted value ([start_da6_4_] : [TIMESTAMP]) - [2022-08-01 20:05:41.0]
2022-08-01 20:05:48.054 TRACE 16780 --- [    Test worker] o.h.type.descriptor.sql.BasicExtractor   : extracted value ([sub_titl7_4_] : [VARCHAR]) - [subtitle]
2022-08-01 20:05:48.054 TRACE 16780 --- [    Test worker] o.h.type.descriptor.sql.BasicExtractor   : extracted value ([target8_4_] : [VARCHAR]) - [실버세대]
2022-08-01 20:05:48.054 TRACE 16780 --- [    Test worker] o.h.type.descriptor.sql.BasicExtractor   : extracted value ([target_a9_4_] : [INTEGER]) - [10000]
2022-08-01 20:05:48.054 TRACE 16780 --- [    Test worker] o.h.type.descriptor.sql.BasicExtractor   : extracted value ([title10_4_] : [VARCHAR]) - [title]
2022-08-01 20:05:48.054 TRACE 16780 --- [    Test worker] o.h.type.descriptor.sql.BasicExtractor   : extracted value ([topic11_4_] : [VARCHAR]) - [건강한삶]
2022-08-01 20:05:48.055 TRACE 16780 --- [    Test worker] o.h.type.descriptor.sql.BasicExtractor   : extracted value ([post_id1_4_] : [BIGINT]) - [5]
2022-08-01 20:05:48.055 TRACE 16780 --- [    Test worker] o.h.type.descriptor.sql.BasicExtractor   : extracted value ([article2_4_] : [VARCHAR]) - [article]
2022-08-01 20:05:48.055 TRACE 16780 --- [    Test worker] o.h.type.descriptor.sql.BasicExtractor   : extracted value ([end_date3_4_] : [TIMESTAMP]) - [2022-08-01 20:05:42.0]
2022-08-01 20:05:48.055 TRACE 16780 --- [    Test worker] o.h.type.descriptor.sql.BasicExtractor   : extracted value ([image4_4_] : [VARCHAR]) - [image]
2022-08-01 20:05:48.055 TRACE 16780 --- [    Test worker] o.h.type.descriptor.sql.BasicExtractor   : extracted value ([is_confi5_4_] : [BOOLEAN]) - [false]
2022-08-01 20:05:48.055 TRACE 16780 --- [    Test worker] o.h.type.descriptor.sql.BasicExtractor   : extracted value ([member_12_4_] : [BIGINT]) - [2]
2022-08-01 20:05:48.056 TRACE 16780 --- [    Test worker] o.h.type.descriptor.sql.BasicExtractor   : extracted value ([start_da6_4_] : [TIMESTAMP]) - [2022-08-01 20:05:42.0]
2022-08-01 20:05:48.056 TRACE 16780 --- [    Test worker] o.h.type.descriptor.sql.BasicExtractor   : extracted value ([sub_titl7_4_] : [VARCHAR]) - [subtitle]
2022-08-01 20:05:48.056 TRACE 16780 --- [    Test worker] o.h.type.descriptor.sql.BasicExtractor   : extracted value ([target8_4_] : [VARCHAR]) - [실버세대]
2022-08-01 20:05:48.056 TRACE 16780 --- [    Test worker] o.h.type.descriptor.sql.BasicExtractor   : extracted value ([target_a9_4_] : [INTEGER]) - [10000]
2022-08-01 20:05:48.056 TRACE 16780 --- [    Test worker] o.h.type.descriptor.sql.BasicExtractor   : extracted value ([title10_4_] : [VARCHAR]) - [title]
2022-08-01 20:05:48.056 TRACE 16780 --- [    Test worker] o.h.type.descriptor.sql.BasicExtractor   : extracted value ([topic11_4_] : [VARCHAR]) - [건강한삶]
2022-08-01 20:05:48.056 TRACE 16780 --- [    Test worker] o.h.type.descriptor.sql.BasicExtractor   : extracted value ([post_id1_4_] : [BIGINT]) - [31]
2022-08-01 20:05:48.056 TRACE 16780 --- [    Test worker] o.h.type.descriptor.sql.BasicExtractor   : extracted value ([post_id1_4_] : [BIGINT]) - [32]
2022-08-01 20:05:48.056 TRACE 16780 --- [    Test worker] o.h.type.descriptor.sql.BasicExtractor   : extracted value ([post_id1_4_] : [BIGINT]) - [33]
2022-08-01 20:05:48.058 TRACE 16780 --- [    Test worker] org.hibernate.type.CollectionType        : Created collection wrapper: [kakao.valuetogether.domain.Post.links#1]
2022-08-01 20:05:48.065 TRACE 16780 --- [    Test worker] org.hibernate.type.CollectionType        : Created collection wrapper: [kakao.valuetogether.domain.Post.links#2]
2022-08-01 20:05:48.065 TRACE 16780 --- [    Test worker] org.hibernate.type.CollectionType        : Created collection wrapper: [kakao.valuetogether.domain.Post.links#3]
2022-08-01 20:05:48.077 TRACE 16780 --- [    Test worker] org.hibernate.type.CollectionType        : Created collection wrapper: [kakao.valuetogether.domain.Post.links#4]
2022-08-01 20:05:48.078 TRACE 16780 --- [    Test worker] org.hibernate.type.CollectionType        : Created collection wrapper: [kakao.valuetogether.domain.Post.links#5]
2022-08-01 20:05:48.108  INFO 16780 --- [    Test worker] o.s.t.c.transaction.TransactionContext   : Rolled back transaction for test: [DefaultTestContext@413a2520 testClass = PostServiceTest, testInstance = kakao.valuetogether.service.PostServiceTest@39d62e47, testMethod = 주제별대상별게시글검색하기@PostServiceTest, testException = org.opentest4j.AssertionFailedError: expected: <3> but was: <8>, mergedContextConfiguration = [WebMergedContextConfiguration@1ced1fb9 testClass = PostServiceTest, locations = '{}', classes = '{class kakao.valuetogether.ValuetogetherApplication}', contextInitializerClasses = '[]', activeProfiles = '{}', propertySourceLocations = '{}', propertySourceProperties = '{org.springframework.boot.test.context.SpringBootTestContextBootstrapper=true}', contextCustomizers = set[org.springframework.boot.test.autoconfigure.actuate.metrics.MetricsExportContextCustomizerFactory$DisableMetricExportContextCustomizer@183e8023, org.springframework.boot.test.autoconfigure.properties.PropertyMappingContextCustomizer@0, org.springframework.boot.test.autoconfigure.web.servlet.WebDriverContextCustomizerFactory$Customizer@56bca85b, org.springframework.boot.test.context.filter.ExcludeFilterContextCustomizer@22b53226, org.springframework.boot.test.json.DuplicateJsonObjectContextCustomizerFactory$DuplicateJsonObjectContextCustomizer@ea9b7c6, org.springframework.boot.test.mock.mockito.MockitoContextCustomizer@0, org.springframework.boot.test.web.client.TestRestTemplateContextCustomizer@41813449, org.springframework.boot.test.context.SpringBootTestArgs@1, org.springframework.boot.test.context.SpringBootTestWebEnvironment@6531a794], resourceBasePath = 'src/main/webapp', contextLoader = 'org.springframework.boot.test.context.SpringBootContextLoader', parent = [null]], attributes = map['org.springframework.test.context.web.ServletTestExecutionListener.activateListener' -> true, 'org.springframework.test.context.web.ServletTestExecutionListener.populatedRequestContextHolder' -> true, 'org.springframework.test.context.web.ServletTestExecutionListener.resetRequestContextHolder' -> true, 'org.springframework.test.context.event.ApplicationEventsTestExecutionListener.recordApplicationEvents' -> false]]
2022-08-01 20:05:48.120  INFO 16780 --- [    Test worker] o.s.t.c.transaction.TransactionContext   : Began transaction (1) for test context [DefaultTestContext@413a2520 testClass = PostServiceTest, testInstance = kakao.valuetogether.service.PostServiceTest@4ed94e6a, testMethod = 제안하기@PostServiceTest, testException = [null], mergedContextConfiguration = [WebMergedContextConfiguration@1ced1fb9 testClass = PostServiceTest, locations = '{}', classes = '{class kakao.valuetogether.ValuetogetherApplication}', contextInitializerClasses = '[]', activeProfiles = '{}', propertySourceLocations = '{}', propertySourceProperties = '{org.springframework.boot.test.context.SpringBootTestContextBootstrapper=true}', contextCustomizers = set[org.springframework.boot.test.autoconfigure.actuate.metrics.MetricsExportContextCustomizerFactory$DisableMetricExportContextCustomizer@183e8023, org.springframework.boot.test.autoconfigure.properties.PropertyMappingContextCustomizer@0, org.springframework.boot.test.autoconfigure.web.servlet.WebDriverContextCustomizerFactory$Customizer@56bca85b, org.springframework.boot.test.context.filter.ExcludeFilterContextCustomizer@22b53226, org.springframework.boot.test.json.DuplicateJsonObjectContextCustomizerFactory$DuplicateJsonObjectContextCustomizer@ea9b7c6, org.springframework.boot.test.mock.mockito.MockitoContextCustomizer@0, org.springframework.boot.test.web.client.TestRestTemplateContextCustomizer@41813449, org.springframework.boot.test.context.SpringBootTestArgs@1, org.springframework.boot.test.context.SpringBootTestWebEnvironment@6531a794], resourceBasePath = 'src/main/webapp', contextLoader = 'org.springframework.boot.test.context.SpringBootContextLoader', parent = [null]], attributes = map['org.springframework.test.context.web.ServletTestExecutionListener.activateListener' -> true, 'org.springframework.test.context.web.ServletTestExecutionListener.populatedRequestContextHolder' -> true, 'org.springframework.test.context.web.ServletTestExecutionListener.resetRequestContextHolder' -> true, 'org.springframework.test.context.event.ApplicationEventsTestExecutionListener.recordApplicationEvents' -> false]]; transaction manager [org.springframework.orm.jpa.JpaTransactionManager@27adb90f]; rollback [true]
2022-08-01 20:05:48.123 DEBUG 16780 --- [    Test worker] org.hibernate.SQL                        : 
    insert 
    into
        tag
        (tag_name) 
    values
        (?)
2022-08-01 20:05:48.123 TRACE 16780 --- [    Test worker] o.h.type.descriptor.sql.BasicBinder      : binding parameter [1] as [VARCHAR] - [어려운이웃]
2022-08-01 20:05:48.131 DEBUG 16780 --- [    Test worker] org.hibernate.SQL                        : 
    insert 
    into
        tag
        (tag_name) 
    values
        (?)
2022-08-01 20:05:48.131 TRACE 16780 --- [    Test worker] o.h.type.descriptor.sql.BasicBinder      : binding parameter [1] as [VARCHAR] - [행복한노후]
2022-08-01 20:05:48.139 DEBUG 16780 --- [    Test worker] org.hibernate.SQL                        : 
    insert 
    into
        tag
        (tag_name) 
    values
        (?)
2022-08-01 20:05:48.140 TRACE 16780 --- [    Test worker] o.h.type.descriptor.sql.BasicBinder      : binding parameter [1] as [VARCHAR] - [여성인권]
2022-08-01 20:05:48.149 DEBUG 16780 --- [    Test worker] org.hibernate.SQL                        : 
    insert 
    into
        tag
        (tag_name) 
    values
        (?)
2022-08-01 20:05:48.149 TRACE 16780 --- [    Test worker] o.h.type.descriptor.sql.BasicBinder      : binding parameter [1] as [VARCHAR] - [심리상담]
2022-08-01 20:05:48.157 DEBUG 16780 --- [    Test worker] org.hibernate.SQL                        : 
    insert 
    into
        tag
        (tag_name) 
    values
        (?)
2022-08-01 20:05:48.158 TRACE 16780 --- [    Test worker] o.h.type.descriptor.sql.BasicBinder      : binding parameter [1] as [VARCHAR] - [환경교육]
2022-08-01 20:05:48.164 DEBUG 16780 --- [    Test worker] org.hibernate.SQL                        : 
    insert 
    into
        tag
        (tag_name) 
    values
        (?)
2022-08-01 20:05:48.165 TRACE 16780 --- [    Test worker] o.h.type.descriptor.sql.BasicBinder      : binding parameter [1] as [VARCHAR] - [학대아동지원]
2022-08-01 20:05:48.174 DEBUG 16780 --- [    Test worker] org.hibernate.SQL                        : 
    insert 
    into
        tag
        (tag_name) 
    values
        (?)
2022-08-01 20:05:48.175 TRACE 16780 --- [    Test worker] o.h.type.descriptor.sql.BasicBinder      : binding parameter [1] as [VARCHAR] - [환경을위한실천]
2022-08-01 20:05:48.185 DEBUG 16780 --- [    Test worker] org.hibernate.SQL                        : 
    insert 
    into
        tag
        (tag_name) 
    values
        (?)
2022-08-01 20:05:48.185 TRACE 16780 --- [    Test worker] o.h.type.descriptor.sql.BasicBinder      : binding parameter [1] as [VARCHAR] - [우크라이나긴급모금]
2022-08-01 20:05:48.194 DEBUG 16780 --- [    Test worker] org.hibernate.SQL                        : 
    insert 
    into
        tag
        (tag_name) 
    values
        (?)
2022-08-01 20:05:48.194 TRACE 16780 --- [    Test worker] o.h.type.descriptor.sql.BasicBinder      : binding parameter [1] as [VARCHAR] - [세상을바꾸는여성]
2022-08-01 20:05:48.203 DEBUG 16780 --- [    Test worker] org.hibernate.SQL                        : 
    insert 
    into
        tag
        (tag_name) 
    values
        (?)
2022-08-01 20:05:48.204 TRACE 16780 --- [    Test worker] o.h.type.descriptor.sql.BasicBinder      : binding parameter [1] as [VARCHAR] - [언택트프로젝트]
2022-08-01 20:05:48.212 DEBUG 16780 --- [    Test worker] org.hibernate.SQL                        : 
    insert 
    into
        member
        (member_address, member_birthday, member_email, member_gender, member_name, member_nickname, member_phone, member_pw) 
    values
        (?, ?, ?, ?, ?, ?, ?, ?)
2022-08-01 20:05:48.213 TRACE 16780 --- [    Test worker] o.h.type.descriptor.sql.BasicBinder      : binding parameter [1] as [VARCHAR] - [address]
2022-08-01 20:05:48.213 TRACE 16780 --- [    Test worker] o.h.type.descriptor.sql.BasicBinder      : binding parameter [2] as [VARCHAR] - [birthday]
2022-08-01 20:05:48.213 TRACE 16780 --- [    Test worker] o.h.type.descriptor.sql.BasicBinder      : binding parameter [3] as [VARCHAR] - [email]
2022-08-01 20:05:48.213 TRACE 16780 --- [    Test worker] o.h.type.descriptor.sql.BasicBinder      : binding parameter [4] as [VARCHAR] - [gender]
2022-08-01 20:05:48.213 TRACE 16780 --- [    Test worker] o.h.type.descriptor.sql.BasicBinder      : binding parameter [5] as [VARCHAR] - [name]
2022-08-01 20:05:48.213 TRACE 16780 --- [    Test worker] o.h.type.descriptor.sql.BasicBinder      : binding parameter [6] as [VARCHAR] - [nickname]
2022-08-01 20:05:48.213 TRACE 16780 --- [    Test worker] o.h.type.descriptor.sql.BasicBinder      : binding parameter [7] as [VARCHAR] - [phone]
2022-08-01 20:05:48.213 TRACE 16780 --- [    Test worker] o.h.type.descriptor.sql.BasicBinder      : binding parameter [8] as [VARCHAR] - [pw]
2022-08-01 20:05:48.222 DEBUG 16780 --- [    Test worker] org.hibernate.SQL                        : 
    insert 
    into
        post
        (article, end_date, image, is_confirm, member_id, start_date, sub_title, target, target_amount, title, topic) 
    values
        (?, ?, ?, ?, ?, ?, ?, ?, ?, ?, ?)
2022-08-01 20:05:48.223 TRACE 16780 --- [    Test worker] o.h.type.descriptor.sql.BasicBinder      : binding parameter [1] as [VARCHAR] - [a]
2022-08-01 20:05:48.223 TRACE 16780 --- [    Test worker] o.h.type.descriptor.sql.BasicBinder      : binding parameter [2] as [TIMESTAMP] - [Mon Nov 01 00:00:00 KST 3920]
2022-08-01 20:05:48.223 TRACE 16780 --- [    Test worker] o.h.type.descriptor.sql.BasicBinder      : binding parameter [3] as [VARCHAR] - [a]
2022-08-01 20:05:48.223 TRACE 16780 --- [    Test worker] o.h.type.descriptor.sql.BasicBinder      : binding parameter [4] as [BOOLEAN] - [true]
2022-08-01 20:05:48.223 TRACE 16780 --- [    Test worker] o.h.type.descriptor.sql.BasicBinder      : binding parameter [5] as [BIGINT] - [42]
2022-08-01 20:05:48.223 TRACE 16780 --- [    Test worker] o.h.type.descriptor.sql.BasicBinder      : binding parameter [6] as [TIMESTAMP] - [Sat Feb 01 00:00:00 KST 3919]
2022-08-01 20:05:48.223 TRACE 16780 --- [    Test worker] o.h.type.descriptor.sql.BasicBinder      : binding parameter [7] as [VARCHAR] - [a]
2022-08-01 20:05:48.223 TRACE 16780 --- [    Test worker] o.h.type.descriptor.sql.BasicBinder      : binding parameter [8] as [VARCHAR] - [아동ㅣ청소년]
2022-08-01 20:05:48.223 TRACE 16780 --- [    Test worker] o.h.type.descriptor.sql.BasicBinder      : binding parameter [9] as [INTEGER] - [1000]
2022-08-01 20:05:48.223 TRACE 16780 --- [    Test worker] o.h.type.descriptor.sql.BasicBinder      : binding parameter [10] as [VARCHAR] - [a]
2022-08-01 20:05:48.223 TRACE 16780 --- [    Test worker] o.h.type.descriptor.sql.BasicBinder      : binding parameter [11] as [VARCHAR] - [건강한삶]
2022-08-01 20:05:48.255 DEBUG 16780 --- [    Test worker] org.hibernate.SQL                        : 
    select
        next_val as id_val 
    from
        hibernate_sequence for update
            
2022-08-01 20:05:48.285 DEBUG 16780 --- [    Test worker] org.hibernate.SQL                        : 
    update
        hibernate_sequence 
    set
        next_val= ? 
    where
        next_val=?
2022-08-01 20:05:48.316 DEBUG 16780 --- [    Test worker] org.hibernate.SQL                        : 
    select
        next_val as id_val 
    from
        hibernate_sequence for update
            
2022-08-01 20:05:48.330 DEBUG 16780 --- [    Test worker] org.hibernate.SQL                        : 
    update
        hibernate_sequence 
    set
        next_val= ? 
    where
        next_val=?
2022-08-01 20:05:48.361 DEBUG 16780 --- [    Test worker] org.hibernate.SQL                        : 
    insert 
    into
        link
        (link, post_id, link_id) 
    values
        (?, ?, ?)
2022-08-01 20:05:48.362 TRACE 16780 --- [    Test worker] o.h.type.descriptor.sql.BasicBinder      : binding parameter [1] as [VARCHAR] - [asdf]
2022-08-01 20:05:48.362 TRACE 16780 --- [    Test worker] o.h.type.descriptor.sql.BasicBinder      : binding parameter [2] as [BIGINT] - [34]
2022-08-01 20:05:48.362 TRACE 16780 --- [    Test worker] o.h.type.descriptor.sql.BasicBinder      : binding parameter [3] as [BIGINT] - [1]
2022-08-01 20:05:48.370 DEBUG 16780 --- [    Test worker] org.hibernate.SQL                        : 
    insert 
    into
        link
        (link, post_id, link_id) 
    values
        (?, ?, ?)
2022-08-01 20:05:48.371 TRACE 16780 --- [    Test worker] o.h.type.descriptor.sql.BasicBinder      : binding parameter [1] as [VARCHAR] - [aslkjfhw]
2022-08-01 20:05:48.371 TRACE 16780 --- [    Test worker] o.h.type.descriptor.sql.BasicBinder      : binding parameter [2] as [BIGINT] - [34]
2022-08-01 20:05:48.371 TRACE 16780 --- [    Test worker] o.h.type.descriptor.sql.BasicBinder      : binding parameter [3] as [BIGINT] - [2]
2022-08-01 20:05:48.380 DEBUG 16780 --- [    Test worker] org.hibernate.SQL                        : 
    insert 
    into
        post
        (article, end_date, image, is_confirm, member_id, start_date, sub_title, target, target_amount, title, topic) 
    values
        (?, ?, ?, ?, ?, ?, ?, ?, ?, ?, ?)
2022-08-01 20:05:48.381 TRACE 16780 --- [    Test worker] o.h.type.descriptor.sql.BasicBinder      : binding parameter [1] as [VARCHAR] - [a]
2022-08-01 20:05:48.381 TRACE 16780 --- [    Test worker] o.h.type.descriptor.sql.BasicBinder      : binding parameter [2] as [TIMESTAMP] - [Mon Nov 01 00:00:00 KST 3920]
2022-08-01 20:05:48.382 TRACE 16780 --- [    Test worker] o.h.type.descriptor.sql.BasicBinder      : binding parameter [3] as [VARCHAR] - [a]
2022-08-01 20:05:48.382 TRACE 16780 --- [    Test worker] o.h.type.descriptor.sql.BasicBinder      : binding parameter [4] as [BOOLEAN] - [true]
2022-08-01 20:05:48.382 TRACE 16780 --- [    Test worker] o.h.type.descriptor.sql.BasicBinder      : binding parameter [5] as [BIGINT] - [42]
2022-08-01 20:05:48.382 TRACE 16780 --- [    Test worker] o.h.type.descriptor.sql.BasicBinder      : binding parameter [6] as [TIMESTAMP] - [Sat Feb 01 00:00:00 KST 3919]
2022-08-01 20:05:48.382 TRACE 16780 --- [    Test worker] o.h.type.descriptor.sql.BasicBinder      : binding parameter [7] as [VARCHAR] - [a]
2022-08-01 20:05:48.382 TRACE 16780 --- [    Test worker] o.h.type.descriptor.sql.BasicBinder      : binding parameter [8] as [VARCHAR] - [아동ㅣ청소년]
2022-08-01 20:05:48.382 TRACE 16780 --- [    Test worker] o.h.type.descriptor.sql.BasicBinder      : binding parameter [9] as [INTEGER] - [1000]
2022-08-01 20:05:48.382 TRACE 16780 --- [    Test worker] o.h.type.descriptor.sql.BasicBinder      : binding parameter [10] as [VARCHAR] - [a]
2022-08-01 20:05:48.382 TRACE 16780 --- [    Test worker] o.h.type.descriptor.sql.BasicBinder      : binding parameter [11] as [VARCHAR] - [건강한삶]
2022-08-01 20:05:48.397 DEBUG 16780 --- [    Test worker] org.hibernate.SQL                        : 
    select
        next_val as id_val 
    from
        hibernate_sequence for update
            
2022-08-01 20:05:48.403 DEBUG 16780 --- [    Test worker] org.hibernate.SQL                        : 
    update
        hibernate_sequence 
    set
        next_val= ? 
    where
        next_val=?
2022-08-01 20:05:48.435 DEBUG 16780 --- [    Test worker] org.hibernate.SQL                        : 
    select
        next_val as id_val 
    from
        hibernate_sequence for update
            
2022-08-01 20:05:48.440 DEBUG 16780 --- [    Test worker] org.hibernate.SQL                        : 
    update
        hibernate_sequence 
    set
        next_val= ? 
    where
        next_val=?
2022-08-01 20:05:48.489  INFO 16780 --- [    Test worker] o.s.t.c.transaction.TransactionContext   : Rolled back transaction for test: [DefaultTestContext@413a2520 testClass = PostServiceTest, testInstance = kakao.valuetogether.service.PostServiceTest@4ed94e6a, testMethod = 제안하기@PostServiceTest, testException = [null], mergedContextConfiguration = [WebMergedContextConfiguration@1ced1fb9 testClass = PostServiceTest, locations = '{}', classes = '{class kakao.valuetogether.ValuetogetherApplication}', contextInitializerClasses = '[]', activeProfiles = '{}', propertySourceLocations = '{}', propertySourceProperties = '{org.springframework.boot.test.context.SpringBootTestContextBootstrapper=true}', contextCustomizers = set[org.springframework.boot.test.autoconfigure.actuate.metrics.MetricsExportContextCustomizerFactory$DisableMetricExportContextCustomizer@183e8023, org.springframework.boot.test.autoconfigure.properties.PropertyMappingContextCustomizer@0, org.springframework.boot.test.autoconfigure.web.servlet.WebDriverContextCustomizerFactory$Customizer@56bca85b, org.springframework.boot.test.context.filter.ExcludeFilterContextCustomizer@22b53226, org.springframework.boot.test.json.DuplicateJsonObjectContextCustomizerFactory$DuplicateJsonObjectContextCustomizer@ea9b7c6, org.springframework.boot.test.mock.mockito.MockitoContextCustomizer@0, org.springframework.boot.test.web.client.TestRestTemplateContextCustomizer@41813449, org.springframework.boot.test.context.SpringBootTestArgs@1, org.springframework.boot.test.context.SpringBootTestWebEnvironment@6531a794], resourceBasePath = 'src/main/webapp', contextLoader = 'org.springframework.boot.test.context.SpringBootContextLoader', parent = [null]], attributes = map['org.springframework.test.context.web.ServletTestExecutionListener.activateListener' -> true, 'org.springframework.test.context.web.ServletTestExecutionListener.populatedRequestContextHolder' -> true, 'org.springframework.test.context.web.ServletTestExecutionListener.resetRequestContextHolder' -> true, 'org.springframework.test.context.event.ApplicationEventsTestExecutionListener.recordApplicationEvents' -> false]]
]]></system-out>
  <system-err><![CDATA[]]></system-err>
</testsuite>
