<?xml version="1.0" encoding="UTF-8"?>
<testsuite name="kakao.valuetogether.service.CommentServiceTest" tests="5" skipped="0" failures="0" errors="0" timestamp="2022-08-02T02:50:45" hostname="DESKTOP-8DQF55R" time="0.109">
  <properties/>
  <testcase name="clickLike()" classname="kakao.valuetogether.service.CommentServiceTest" time="0.019"/>
  <testcase name="enroll()" classname="kakao.valuetogether.service.CommentServiceTest" time="0.02"/>
  <testcase name="remove()" classname="kakao.valuetogether.service.CommentServiceTest" time="0.02"/>
  <testcase name="edit()" classname="kakao.valuetogether.service.CommentServiceTest" time="0.022"/>
  <testcase name="disLike()" classname="kakao.valuetogether.service.CommentServiceTest" time="0.022"/>
  <system-out><![CDATA[2022-08-02 11:50:45.700  INFO 2776 --- [    Test worker] .b.t.c.SpringBootTestContextBootstrapper : Neither @ContextConfiguration nor @ContextHierarchy found for test class [kakao.valuetogether.service.CommentServiceTest], using SpringBootContextLoader
2022-08-02 11:50:45.701  INFO 2776 --- [    Test worker] o.s.t.c.support.AbstractContextLoader    : Could not detect default resource locations for test class [kakao.valuetogether.service.CommentServiceTest]: no resource found for suffixes {-context.xml, Context.groovy}.
2022-08-02 11:50:45.701  INFO 2776 --- [    Test worker] t.c.s.AnnotationConfigContextLoaderUtils : Could not detect default configuration classes for test class [kakao.valuetogether.service.CommentServiceTest]: CommentServiceTest does not declare any static, non-private, non-final, nested classes annotated with @Configuration.
2022-08-02 11:50:45.703  INFO 2776 --- [    Test worker] .b.t.c.SpringBootTestContextBootstrapper : Found @SpringBootConfiguration kakao.valuetogether.ValuetogetherApplication for test class kakao.valuetogether.service.CommentServiceTest
2022-08-02 11:50:45.707  INFO 2776 --- [    Test worker] .b.t.c.SpringBootTestContextBootstrapper : Loaded default TestExecutionListener class names from location [META-INF/spring.factories]: [org.springframework.boot.test.autoconfigure.restdocs.RestDocsTestExecutionListener, org.springframework.boot.test.autoconfigure.web.client.MockRestServiceServerResetTestExecutionListener, org.springframework.boot.test.autoconfigure.web.servlet.MockMvcPrintOnlyOnFailureTestExecutionListener, org.springframework.boot.test.autoconfigure.web.servlet.WebDriverTestExecutionListener, org.springframework.boot.test.autoconfigure.webservices.client.MockWebServiceServerTestExecutionListener, org.springframework.boot.test.mock.mockito.MockitoTestExecutionListener, org.springframework.boot.test.mock.mockito.ResetMocksTestExecutionListener, org.springframework.test.context.web.ServletTestExecutionListener, org.springframework.test.context.support.DirtiesContextBeforeModesTestExecutionListener, org.springframework.test.context.event.ApplicationEventsTestExecutionListener, org.springframework.test.context.support.DependencyInjectionTestExecutionListener, org.springframework.test.context.support.DirtiesContextTestExecutionListener, org.springframework.test.context.transaction.TransactionalTestExecutionListener, org.springframework.test.context.jdbc.SqlScriptsTestExecutionListener, org.springframework.test.context.event.EventPublishingTestExecutionListener]
2022-08-02 11:50:45.708  INFO 2776 --- [    Test worker] .b.t.c.SpringBootTestContextBootstrapper : Using TestExecutionListeners: [org.springframework.test.context.web.ServletTestExecutionListener@2981064d, org.springframework.test.context.support.DirtiesContextBeforeModesTestExecutionListener@1dc9e4d2, org.springframework.test.context.event.ApplicationEventsTestExecutionListener@7ef8899d, org.springframework.boot.test.mock.mockito.MockitoTestExecutionListener@41bc501b, org.springframework.boot.test.autoconfigure.SpringBootDependencyInjectionTestExecutionListener@60ae950f, org.springframework.test.context.support.DirtiesContextTestExecutionListener@321302bc, org.springframework.test.context.transaction.TransactionalTestExecutionListener@89dd102, org.springframework.test.context.jdbc.SqlScriptsTestExecutionListener@2b826482, org.springframework.test.context.event.EventPublishingTestExecutionListener@3f908a10, org.springframework.boot.test.autoconfigure.restdocs.RestDocsTestExecutionListener@153c69bc, org.springframework.boot.test.autoconfigure.web.client.MockRestServiceServerResetTestExecutionListener@73cfafd8, org.springframework.boot.test.autoconfigure.web.servlet.MockMvcPrintOnlyOnFailureTestExecutionListener@4b517357, org.springframework.boot.test.autoconfigure.web.servlet.WebDriverTestExecutionListener@702ab027, org.springframework.boot.test.autoconfigure.webservices.client.MockWebServiceServerTestExecutionListener@62d5617, org.springframework.boot.test.mock.mockito.ResetMocksTestExecutionListener@8929865]
2022-08-02 11:50:45.716  INFO 2776 --- [    Test worker] o.s.t.c.transaction.TransactionContext   : Began transaction (1) for test context [DefaultTestContext@7e9d171c testClass = CommentServiceTest, testInstance = kakao.valuetogether.service.CommentServiceTest@3a1540be, testMethod = clickLike@CommentServiceTest, testException = [null], mergedContextConfiguration = [WebMergedContextConfiguration@6aff157e testClass = CommentServiceTest, locations = '{}', classes = '{class kakao.valuetogether.ValuetogetherApplication}', contextInitializerClasses = '[]', activeProfiles = '{}', propertySourceLocations = '{}', propertySourceProperties = '{org.springframework.boot.test.context.SpringBootTestContextBootstrapper=true}', contextCustomizers = set[org.springframework.boot.test.autoconfigure.actuate.metrics.MetricsExportContextCustomizerFactory$DisableMetricExportContextCustomizer@328cf0e1, org.springframework.boot.test.autoconfigure.properties.PropertyMappingContextCustomizer@0, org.springframework.boot.test.autoconfigure.web.servlet.WebDriverContextCustomizerFactory$Customizer@14b030a0, org.springframework.boot.test.context.filter.ExcludeFilterContextCustomizer@56bca85b, org.springframework.boot.test.json.DuplicateJsonObjectContextCustomizerFactory$DuplicateJsonObjectContextCustomizer@22b53226, org.springframework.boot.test.mock.mockito.MockitoContextCustomizer@0, org.springframework.boot.test.web.client.TestRestTemplateContextCustomizer@306851c7, org.springframework.boot.test.context.SpringBootTestArgs@1, org.springframework.boot.test.context.SpringBootTestWebEnvironment@34b9f960], resourceBasePath = 'src/main/webapp', contextLoader = 'org.springframework.boot.test.context.SpringBootContextLoader', parent = [null]], attributes = map['org.springframework.test.context.web.ServletTestExecutionListener.activateListener' -> true, 'org.springframework.test.context.web.ServletTestExecutionListener.populatedRequestContextHolder' -> true, 'org.springframework.test.context.web.ServletTestExecutionListener.resetRequestContextHolder' -> true, 'org.springframework.test.context.event.ApplicationEventsTestExecutionListener.recordApplicationEvents' -> false]]; transaction manager [org.springframework.orm.jpa.JpaTransactionManager@37dc7661]; rollback [true]
2022-08-02 11:50:45.719 DEBUG 2776 --- [    Test worker] org.hibernate.SQL                        : 
    insert 
    into
        member
        (member_id, member_address, member_birthday, member_email, member_gender, member_name, member_nickname, member_phone, member_pw) 
    values
        (default, ?, ?, ?, ?, ?, ?, ?, ?)
Hibernate: 
    insert 
    into
        member
        (member_id, member_address, member_birthday, member_email, member_gender, member_name, member_nickname, member_phone, member_pw) 
    values
        (default, ?, ?, ?, ?, ?, ?, ?, ?)
2022-08-02 11:50:45.719 TRACE 2776 --- [    Test worker] o.h.type.descriptor.sql.BasicBinder      : binding parameter [1] as [VARCHAR] - [asdfasd]
2022-08-02 11:50:45.719 TRACE 2776 --- [    Test worker] o.h.type.descriptor.sql.BasicBinder      : binding parameter [2] as [VARCHAR] - [asdf]
2022-08-02 11:50:45.719 TRACE 2776 --- [    Test worker] o.h.type.descriptor.sql.BasicBinder      : binding parameter [3] as [VARCHAR] - [email]
2022-08-02 11:50:45.719 TRACE 2776 --- [    Test worker] o.h.type.descriptor.sql.BasicBinder      : binding parameter [4] as [VARCHAR] - [asdf]
2022-08-02 11:50:45.720 TRACE 2776 --- [    Test worker] o.h.type.descriptor.sql.BasicBinder      : binding parameter [5] as [VARCHAR] - [name]
2022-08-02 11:50:45.720 TRACE 2776 --- [    Test worker] o.h.type.descriptor.sql.BasicBinder      : binding parameter [6] as [VARCHAR] - [asfsa]
2022-08-02 11:50:45.720 TRACE 2776 --- [    Test worker] o.h.type.descriptor.sql.BasicBinder      : binding parameter [7] as [VARCHAR] - [111]
2022-08-02 11:50:45.720 TRACE 2776 --- [    Test worker] o.h.type.descriptor.sql.BasicBinder      : binding parameter [8] as [VARCHAR] - [pw]
2022-08-02 11:50:45.721 DEBUG 2776 --- [    Test worker] org.hibernate.SQL                        : 
    insert 
    into
        post
        (post_id, article, end_date, image, is_confirm, member_id, start_date, sub_title, target, target_amount, title, topic) 
    values
        (default, ?, ?, ?, ?, ?, ?, ?, ?, ?, ?, ?)
Hibernate: 
    insert 
    into
        post
        (post_id, article, end_date, image, is_confirm, member_id, start_date, sub_title, target, target_amount, title, topic) 
    values
        (default, ?, ?, ?, ?, ?, ?, ?, ?, ?, ?, ?)
2022-08-02 11:50:45.722 TRACE 2776 --- [    Test worker] o.h.type.descriptor.sql.BasicBinder      : binding parameter [1] as [VARCHAR] - [article]
2022-08-02 11:50:45.722 TRACE 2776 --- [    Test worker] o.h.type.descriptor.sql.BasicBinder      : binding parameter [2] as [TIMESTAMP] - [Tue Aug 01 00:00:00 KST 1922]
2022-08-02 11:50:45.722 TRACE 2776 --- [    Test worker] o.h.type.descriptor.sql.BasicBinder      : binding parameter [3] as [VARCHAR] - [image]
2022-08-02 11:50:45.722 TRACE 2776 --- [    Test worker] o.h.type.descriptor.sql.BasicBinder      : binding parameter [4] as [BOOLEAN] - [false]
2022-08-02 11:50:45.722 TRACE 2776 --- [    Test worker] o.h.type.descriptor.sql.BasicBinder      : binding parameter [5] as [BIGINT] - [19]
2022-08-02 11:50:45.723 TRACE 2776 --- [    Test worker] o.h.type.descriptor.sql.BasicBinder      : binding parameter [6] as [TIMESTAMP] - [Sun Aug 01 00:00:00 KST 1920]
2022-08-02 11:50:45.723 TRACE 2776 --- [    Test worker] o.h.type.descriptor.sql.BasicBinder      : binding parameter [7] as [VARCHAR] - [subtitle]
2022-08-02 11:50:45.723 TRACE 2776 --- [    Test worker] o.h.type.descriptor.sql.BasicBinder      : binding parameter [8] as [VARCHAR] - [아동ㅣ청소년]
2022-08-02 11:50:45.723 TRACE 2776 --- [    Test worker] o.h.type.descriptor.sql.BasicBinder      : binding parameter [9] as [INTEGER] - [100000]
2022-08-02 11:50:45.723 TRACE 2776 --- [    Test worker] o.h.type.descriptor.sql.BasicBinder      : binding parameter [10] as [VARCHAR] - [title]
2022-08-02 11:50:45.723 TRACE 2776 --- [    Test worker] o.h.type.descriptor.sql.BasicBinder      : binding parameter [11] as [VARCHAR] - [건강한삶]
2022-08-02 11:50:45.725 DEBUG 2776 --- [    Test worker] org.hibernate.SQL                        : 
    insert 
    into
        comment
        (comment_id, content, date, likes, member_id, post_id) 
    values
        (default, ?, ?, ?, ?, ?)
Hibernate: 
    insert 
    into
        comment
        (comment_id, content, date, likes, member_id, post_id) 
    values
        (default, ?, ?, ?, ?, ?)
2022-08-02 11:50:45.725 TRACE 2776 --- [    Test worker] o.h.type.descriptor.sql.BasicBinder      : binding parameter [1] as [VARCHAR] - [content]
2022-08-02 11:50:45.725 TRACE 2776 --- [    Test worker] o.h.type.descriptor.sql.BasicBinder      : binding parameter [2] as [TIMESTAMP] - [2022-08-02 11:50:45.7240882]
2022-08-02 11:50:45.726 TRACE 2776 --- [    Test worker] o.h.type.descriptor.sql.BasicBinder      : binding parameter [3] as [INTEGER] - [0]
2022-08-02 11:50:45.726 TRACE 2776 --- [    Test worker] o.h.type.descriptor.sql.BasicBinder      : binding parameter [4] as [BIGINT] - [19]
2022-08-02 11:50:45.726 TRACE 2776 --- [    Test worker] o.h.type.descriptor.sql.BasicBinder      : binding parameter [5] as [BIGINT] - [21]
2022-08-02 11:50:45.732  INFO 2776 --- [    Test worker] o.s.t.c.transaction.TransactionContext   : Rolled back transaction for test: [DefaultTestContext@7e9d171c testClass = CommentServiceTest, testInstance = kakao.valuetogether.service.CommentServiceTest@3a1540be, testMethod = clickLike@CommentServiceTest, testException = [null], mergedContextConfiguration = [WebMergedContextConfiguration@6aff157e testClass = CommentServiceTest, locations = '{}', classes = '{class kakao.valuetogether.ValuetogetherApplication}', contextInitializerClasses = '[]', activeProfiles = '{}', propertySourceLocations = '{}', propertySourceProperties = '{org.springframework.boot.test.context.SpringBootTestContextBootstrapper=true}', contextCustomizers = set[org.springframework.boot.test.autoconfigure.actuate.metrics.MetricsExportContextCustomizerFactory$DisableMetricExportContextCustomizer@328cf0e1, org.springframework.boot.test.autoconfigure.properties.PropertyMappingContextCustomizer@0, org.springframework.boot.test.autoconfigure.web.servlet.WebDriverContextCustomizerFactory$Customizer@14b030a0, org.springframework.boot.test.context.filter.ExcludeFilterContextCustomizer@56bca85b, org.springframework.boot.test.json.DuplicateJsonObjectContextCustomizerFactory$DuplicateJsonObjectContextCustomizer@22b53226, org.springframework.boot.test.mock.mockito.MockitoContextCustomizer@0, org.springframework.boot.test.web.client.TestRestTemplateContextCustomizer@306851c7, org.springframework.boot.test.context.SpringBootTestArgs@1, org.springframework.boot.test.context.SpringBootTestWebEnvironment@34b9f960], resourceBasePath = 'src/main/webapp', contextLoader = 'org.springframework.boot.test.context.SpringBootContextLoader', parent = [null]], attributes = map['org.springframework.test.context.web.ServletTestExecutionListener.activateListener' -> true, 'org.springframework.test.context.web.ServletTestExecutionListener.populatedRequestContextHolder' -> true, 'org.springframework.test.context.web.ServletTestExecutionListener.resetRequestContextHolder' -> true, 'org.springframework.test.context.event.ApplicationEventsTestExecutionListener.recordApplicationEvents' -> false]]
2022-08-02 11:50:45.736  INFO 2776 --- [    Test worker] o.s.t.c.transaction.TransactionContext   : Began transaction (1) for test context [DefaultTestContext@7e9d171c testClass = CommentServiceTest, testInstance = kakao.valuetogether.service.CommentServiceTest@4545cfc0, testMethod = enroll@CommentServiceTest, testException = [null], mergedContextConfiguration = [WebMergedContextConfiguration@6aff157e testClass = CommentServiceTest, locations = '{}', classes = '{class kakao.valuetogether.ValuetogetherApplication}', contextInitializerClasses = '[]', activeProfiles = '{}', propertySourceLocations = '{}', propertySourceProperties = '{org.springframework.boot.test.context.SpringBootTestContextBootstrapper=true}', contextCustomizers = set[org.springframework.boot.test.autoconfigure.actuate.metrics.MetricsExportContextCustomizerFactory$DisableMetricExportContextCustomizer@328cf0e1, org.springframework.boot.test.autoconfigure.properties.PropertyMappingContextCustomizer@0, org.springframework.boot.test.autoconfigure.web.servlet.WebDriverContextCustomizerFactory$Customizer@14b030a0, org.springframework.boot.test.context.filter.ExcludeFilterContextCustomizer@56bca85b, org.springframework.boot.test.json.DuplicateJsonObjectContextCustomizerFactory$DuplicateJsonObjectContextCustomizer@22b53226, org.springframework.boot.test.mock.mockito.MockitoContextCustomizer@0, org.springframework.boot.test.web.client.TestRestTemplateContextCustomizer@306851c7, org.springframework.boot.test.context.SpringBootTestArgs@1, org.springframework.boot.test.context.SpringBootTestWebEnvironment@34b9f960], resourceBasePath = 'src/main/webapp', contextLoader = 'org.springframework.boot.test.context.SpringBootContextLoader', parent = [null]], attributes = map['org.springframework.test.context.web.ServletTestExecutionListener.activateListener' -> true, 'org.springframework.test.context.web.ServletTestExecutionListener.populatedRequestContextHolder' -> true, 'org.springframework.test.context.web.ServletTestExecutionListener.resetRequestContextHolder' -> true, 'org.springframework.test.context.event.ApplicationEventsTestExecutionListener.recordApplicationEvents' -> false]]; transaction manager [org.springframework.orm.jpa.JpaTransactionManager@37dc7661]; rollback [true]
2022-08-02 11:50:45.739 DEBUG 2776 --- [    Test worker] org.hibernate.SQL                        : 
    insert 
    into
        member
        (member_id, member_address, member_birthday, member_email, member_gender, member_name, member_nickname, member_phone, member_pw) 
    values
        (default, ?, ?, ?, ?, ?, ?, ?, ?)
Hibernate: 
    insert 
    into
        member
        (member_id, member_address, member_birthday, member_email, member_gender, member_name, member_nickname, member_phone, member_pw) 
    values
        (default, ?, ?, ?, ?, ?, ?, ?, ?)
2022-08-02 11:50:45.740 TRACE 2776 --- [    Test worker] o.h.type.descriptor.sql.BasicBinder      : binding parameter [1] as [VARCHAR] - [asdfasd]
2022-08-02 11:50:45.740 TRACE 2776 --- [    Test worker] o.h.type.descriptor.sql.BasicBinder      : binding parameter [2] as [VARCHAR] - [asdf]
2022-08-02 11:50:45.740 TRACE 2776 --- [    Test worker] o.h.type.descriptor.sql.BasicBinder      : binding parameter [3] as [VARCHAR] - [email]
2022-08-02 11:50:45.740 TRACE 2776 --- [    Test worker] o.h.type.descriptor.sql.BasicBinder      : binding parameter [4] as [VARCHAR] - [asdf]
2022-08-02 11:50:45.740 TRACE 2776 --- [    Test worker] o.h.type.descriptor.sql.BasicBinder      : binding parameter [5] as [VARCHAR] - [name]
2022-08-02 11:50:45.740 TRACE 2776 --- [    Test worker] o.h.type.descriptor.sql.BasicBinder      : binding parameter [6] as [VARCHAR] - [asfsa]
2022-08-02 11:50:45.741 TRACE 2776 --- [    Test worker] o.h.type.descriptor.sql.BasicBinder      : binding parameter [7] as [VARCHAR] - [111]
2022-08-02 11:50:45.741 TRACE 2776 --- [    Test worker] o.h.type.descriptor.sql.BasicBinder      : binding parameter [8] as [VARCHAR] - [pw]
2022-08-02 11:50:45.742 DEBUG 2776 --- [    Test worker] org.hibernate.SQL                        : 
    insert 
    into
        post
        (post_id, article, end_date, image, is_confirm, member_id, start_date, sub_title, target, target_amount, title, topic) 
    values
        (default, ?, ?, ?, ?, ?, ?, ?, ?, ?, ?, ?)
Hibernate: 
    insert 
    into
        post
        (post_id, article, end_date, image, is_confirm, member_id, start_date, sub_title, target, target_amount, title, topic) 
    values
        (default, ?, ?, ?, ?, ?, ?, ?, ?, ?, ?, ?)
2022-08-02 11:50:45.743 TRACE 2776 --- [    Test worker] o.h.type.descriptor.sql.BasicBinder      : binding parameter [1] as [VARCHAR] - [article]
2022-08-02 11:50:45.744 TRACE 2776 --- [    Test worker] o.h.type.descriptor.sql.BasicBinder      : binding parameter [2] as [TIMESTAMP] - [Tue Aug 01 00:00:00 KST 1922]
2022-08-02 11:50:45.744 TRACE 2776 --- [    Test worker] o.h.type.descriptor.sql.BasicBinder      : binding parameter [3] as [VARCHAR] - [image]
2022-08-02 11:50:45.744 TRACE 2776 --- [    Test worker] o.h.type.descriptor.sql.BasicBinder      : binding parameter [4] as [BOOLEAN] - [false]
2022-08-02 11:50:45.744 TRACE 2776 --- [    Test worker] o.h.type.descriptor.sql.BasicBinder      : binding parameter [5] as [BIGINT] - [20]
2022-08-02 11:50:45.744 TRACE 2776 --- [    Test worker] o.h.type.descriptor.sql.BasicBinder      : binding parameter [6] as [TIMESTAMP] - [Sun Aug 01 00:00:00 KST 1920]
2022-08-02 11:50:45.744 TRACE 2776 --- [    Test worker] o.h.type.descriptor.sql.BasicBinder      : binding parameter [7] as [VARCHAR] - [subtitle]
2022-08-02 11:50:45.744 TRACE 2776 --- [    Test worker] o.h.type.descriptor.sql.BasicBinder      : binding parameter [8] as [VARCHAR] - [아동ㅣ청소년]
2022-08-02 11:50:45.744 TRACE 2776 --- [    Test worker] o.h.type.descriptor.sql.BasicBinder      : binding parameter [9] as [INTEGER] - [100000]
2022-08-02 11:50:45.744 TRACE 2776 --- [    Test worker] o.h.type.descriptor.sql.BasicBinder      : binding parameter [10] as [VARCHAR] - [title]
2022-08-02 11:50:45.744 TRACE 2776 --- [    Test worker] o.h.type.descriptor.sql.BasicBinder      : binding parameter [11] as [VARCHAR] - [건강한삶]
2022-08-02 11:50:45.747 DEBUG 2776 --- [    Test worker] org.hibernate.SQL                        : 
    insert 
    into
        comment
        (comment_id, content, date, likes, member_id, post_id) 
    values
        (default, ?, ?, ?, ?, ?)
Hibernate: 
    insert 
    into
        comment
        (comment_id, content, date, likes, member_id, post_id) 
    values
        (default, ?, ?, ?, ?, ?)
2022-08-02 11:50:45.748 TRACE 2776 --- [    Test worker] o.h.type.descriptor.sql.BasicBinder      : binding parameter [1] as [VARCHAR] - [content]
2022-08-02 11:50:45.748 TRACE 2776 --- [    Test worker] o.h.type.descriptor.sql.BasicBinder      : binding parameter [2] as [TIMESTAMP] - [2022-08-02 11:50:45.7466692]
2022-08-02 11:50:45.748 TRACE 2776 --- [    Test worker] o.h.type.descriptor.sql.BasicBinder      : binding parameter [3] as [INTEGER] - [0]
2022-08-02 11:50:45.748 TRACE 2776 --- [    Test worker] o.h.type.descriptor.sql.BasicBinder      : binding parameter [4] as [BIGINT] - [20]
2022-08-02 11:50:45.748 TRACE 2776 --- [    Test worker] o.h.type.descriptor.sql.BasicBinder      : binding parameter [5] as [BIGINT] - [22]
2022-08-02 11:50:45.754  INFO 2776 --- [    Test worker] o.s.t.c.transaction.TransactionContext   : Rolled back transaction for test: [DefaultTestContext@7e9d171c testClass = CommentServiceTest, testInstance = kakao.valuetogether.service.CommentServiceTest@4545cfc0, testMethod = enroll@CommentServiceTest, testException = [null], mergedContextConfiguration = [WebMergedContextConfiguration@6aff157e testClass = CommentServiceTest, locations = '{}', classes = '{class kakao.valuetogether.ValuetogetherApplication}', contextInitializerClasses = '[]', activeProfiles = '{}', propertySourceLocations = '{}', propertySourceProperties = '{org.springframework.boot.test.context.SpringBootTestContextBootstrapper=true}', contextCustomizers = set[org.springframework.boot.test.autoconfigure.actuate.metrics.MetricsExportContextCustomizerFactory$DisableMetricExportContextCustomizer@328cf0e1, org.springframework.boot.test.autoconfigure.properties.PropertyMappingContextCustomizer@0, org.springframework.boot.test.autoconfigure.web.servlet.WebDriverContextCustomizerFactory$Customizer@14b030a0, org.springframework.boot.test.context.filter.ExcludeFilterContextCustomizer@56bca85b, org.springframework.boot.test.json.DuplicateJsonObjectContextCustomizerFactory$DuplicateJsonObjectContextCustomizer@22b53226, org.springframework.boot.test.mock.mockito.MockitoContextCustomizer@0, org.springframework.boot.test.web.client.TestRestTemplateContextCustomizer@306851c7, org.springframework.boot.test.context.SpringBootTestArgs@1, org.springframework.boot.test.context.SpringBootTestWebEnvironment@34b9f960], resourceBasePath = 'src/main/webapp', contextLoader = 'org.springframework.boot.test.context.SpringBootContextLoader', parent = [null]], attributes = map['org.springframework.test.context.web.ServletTestExecutionListener.activateListener' -> true, 'org.springframework.test.context.web.ServletTestExecutionListener.populatedRequestContextHolder' -> true, 'org.springframework.test.context.web.ServletTestExecutionListener.resetRequestContextHolder' -> true, 'org.springframework.test.context.event.ApplicationEventsTestExecutionListener.recordApplicationEvents' -> false]]
2022-08-02 11:50:45.758  INFO 2776 --- [    Test worker] o.s.t.c.transaction.TransactionContext   : Began transaction (1) for test context [DefaultTestContext@7e9d171c testClass = CommentServiceTest, testInstance = kakao.valuetogether.service.CommentServiceTest@7c045627, testMethod = remove@CommentServiceTest, testException = [null], mergedContextConfiguration = [WebMergedContextConfiguration@6aff157e testClass = CommentServiceTest, locations = '{}', classes = '{class kakao.valuetogether.ValuetogetherApplication}', contextInitializerClasses = '[]', activeProfiles = '{}', propertySourceLocations = '{}', propertySourceProperties = '{org.springframework.boot.test.context.SpringBootTestContextBootstrapper=true}', contextCustomizers = set[org.springframework.boot.test.autoconfigure.actuate.metrics.MetricsExportContextCustomizerFactory$DisableMetricExportContextCustomizer@328cf0e1, org.springframework.boot.test.autoconfigure.properties.PropertyMappingContextCustomizer@0, org.springframework.boot.test.autoconfigure.web.servlet.WebDriverContextCustomizerFactory$Customizer@14b030a0, org.springframework.boot.test.context.filter.ExcludeFilterContextCustomizer@56bca85b, org.springframework.boot.test.json.DuplicateJsonObjectContextCustomizerFactory$DuplicateJsonObjectContextCustomizer@22b53226, org.springframework.boot.test.mock.mockito.MockitoContextCustomizer@0, org.springframework.boot.test.web.client.TestRestTemplateContextCustomizer@306851c7, org.springframework.boot.test.context.SpringBootTestArgs@1, org.springframework.boot.test.context.SpringBootTestWebEnvironment@34b9f960], resourceBasePath = 'src/main/webapp', contextLoader = 'org.springframework.boot.test.context.SpringBootContextLoader', parent = [null]], attributes = map['org.springframework.test.context.web.ServletTestExecutionListener.activateListener' -> true, 'org.springframework.test.context.web.ServletTestExecutionListener.populatedRequestContextHolder' -> true, 'org.springframework.test.context.web.ServletTestExecutionListener.resetRequestContextHolder' -> true, 'org.springframework.test.context.event.ApplicationEventsTestExecutionListener.recordApplicationEvents' -> false]]; transaction manager [org.springframework.orm.jpa.JpaTransactionManager@37dc7661]; rollback [true]
2022-08-02 11:50:45.761 DEBUG 2776 --- [    Test worker] org.hibernate.SQL                        : 
    insert 
    into
        member
        (member_id, member_address, member_birthday, member_email, member_gender, member_name, member_nickname, member_phone, member_pw) 
    values
        (default, ?, ?, ?, ?, ?, ?, ?, ?)
Hibernate: 
    insert 
    into
        member
        (member_id, member_address, member_birthday, member_email, member_gender, member_name, member_nickname, member_phone, member_pw) 
    values
        (default, ?, ?, ?, ?, ?, ?, ?, ?)
2022-08-02 11:50:45.762 TRACE 2776 --- [    Test worker] o.h.type.descriptor.sql.BasicBinder      : binding parameter [1] as [VARCHAR] - [asdfasd]
2022-08-02 11:50:45.762 TRACE 2776 --- [    Test worker] o.h.type.descriptor.sql.BasicBinder      : binding parameter [2] as [VARCHAR] - [asdf]
2022-08-02 11:50:45.762 TRACE 2776 --- [    Test worker] o.h.type.descriptor.sql.BasicBinder      : binding parameter [3] as [VARCHAR] - [email]
2022-08-02 11:50:45.762 TRACE 2776 --- [    Test worker] o.h.type.descriptor.sql.BasicBinder      : binding parameter [4] as [VARCHAR] - [asdf]
2022-08-02 11:50:45.762 TRACE 2776 --- [    Test worker] o.h.type.descriptor.sql.BasicBinder      : binding parameter [5] as [VARCHAR] - [name]
2022-08-02 11:50:45.762 TRACE 2776 --- [    Test worker] o.h.type.descriptor.sql.BasicBinder      : binding parameter [6] as [VARCHAR] - [asfsa]
2022-08-02 11:50:45.762 TRACE 2776 --- [    Test worker] o.h.type.descriptor.sql.BasicBinder      : binding parameter [7] as [VARCHAR] - [111]
2022-08-02 11:50:45.762 TRACE 2776 --- [    Test worker] o.h.type.descriptor.sql.BasicBinder      : binding parameter [8] as [VARCHAR] - [pw]
2022-08-02 11:50:45.764 DEBUG 2776 --- [    Test worker] org.hibernate.SQL                        : 
    insert 
    into
        post
        (post_id, article, end_date, image, is_confirm, member_id, start_date, sub_title, target, target_amount, title, topic) 
    values
        (default, ?, ?, ?, ?, ?, ?, ?, ?, ?, ?, ?)
Hibernate: 
    insert 
    into
        post
        (post_id, article, end_date, image, is_confirm, member_id, start_date, sub_title, target, target_amount, title, topic) 
    values
        (default, ?, ?, ?, ?, ?, ?, ?, ?, ?, ?, ?)
2022-08-02 11:50:45.764 TRACE 2776 --- [    Test worker] o.h.type.descriptor.sql.BasicBinder      : binding parameter [1] as [VARCHAR] - [article]
2022-08-02 11:50:45.765 TRACE 2776 --- [    Test worker] o.h.type.descriptor.sql.BasicBinder      : binding parameter [2] as [TIMESTAMP] - [Tue Aug 01 00:00:00 KST 1922]
2022-08-02 11:50:45.765 TRACE 2776 --- [    Test worker] o.h.type.descriptor.sql.BasicBinder      : binding parameter [3] as [VARCHAR] - [image]
2022-08-02 11:50:45.765 TRACE 2776 --- [    Test worker] o.h.type.descriptor.sql.BasicBinder      : binding parameter [4] as [BOOLEAN] - [false]
2022-08-02 11:50:45.765 TRACE 2776 --- [    Test worker] o.h.type.descriptor.sql.BasicBinder      : binding parameter [5] as [BIGINT] - [21]
2022-08-02 11:50:45.765 TRACE 2776 --- [    Test worker] o.h.type.descriptor.sql.BasicBinder      : binding parameter [6] as [TIMESTAMP] - [Sun Aug 01 00:00:00 KST 1920]
2022-08-02 11:50:45.765 TRACE 2776 --- [    Test worker] o.h.type.descriptor.sql.BasicBinder      : binding parameter [7] as [VARCHAR] - [subtitle]
2022-08-02 11:50:45.765 TRACE 2776 --- [    Test worker] o.h.type.descriptor.sql.BasicBinder      : binding parameter [8] as [VARCHAR] - [아동ㅣ청소년]
2022-08-02 11:50:45.765 TRACE 2776 --- [    Test worker] o.h.type.descriptor.sql.BasicBinder      : binding parameter [9] as [INTEGER] - [100000]
2022-08-02 11:50:45.765 TRACE 2776 --- [    Test worker] o.h.type.descriptor.sql.BasicBinder      : binding parameter [10] as [VARCHAR] - [title]
2022-08-02 11:50:45.765 TRACE 2776 --- [    Test worker] o.h.type.descriptor.sql.BasicBinder      : binding parameter [11] as [VARCHAR] - [건강한삶]
2022-08-02 11:50:45.767 DEBUG 2776 --- [    Test worker] org.hibernate.SQL                        : 
    insert 
    into
        comment
        (comment_id, content, date, likes, member_id, post_id) 
    values
        (default, ?, ?, ?, ?, ?)
Hibernate: 
    insert 
    into
        comment
        (comment_id, content, date, likes, member_id, post_id) 
    values
        (default, ?, ?, ?, ?, ?)
2022-08-02 11:50:45.769 TRACE 2776 --- [    Test worker] o.h.type.descriptor.sql.BasicBinder      : binding parameter [1] as [VARCHAR] - [content]
2022-08-02 11:50:45.769 TRACE 2776 --- [    Test worker] o.h.type.descriptor.sql.BasicBinder      : binding parameter [2] as [TIMESTAMP] - [2022-08-02 11:50:45.766818]
2022-08-02 11:50:45.769 TRACE 2776 --- [    Test worker] o.h.type.descriptor.sql.BasicBinder      : binding parameter [3] as [INTEGER] - [0]
2022-08-02 11:50:45.769 TRACE 2776 --- [    Test worker] o.h.type.descriptor.sql.BasicBinder      : binding parameter [4] as [BIGINT] - [21]
2022-08-02 11:50:45.769 TRACE 2776 --- [    Test worker] o.h.type.descriptor.sql.BasicBinder      : binding parameter [5] as [BIGINT] - [23]
2022-08-02 11:50:45.775  INFO 2776 --- [    Test worker] o.s.t.c.transaction.TransactionContext   : Rolled back transaction for test: [DefaultTestContext@7e9d171c testClass = CommentServiceTest, testInstance = kakao.valuetogether.service.CommentServiceTest@7c045627, testMethod = remove@CommentServiceTest, testException = [null], mergedContextConfiguration = [WebMergedContextConfiguration@6aff157e testClass = CommentServiceTest, locations = '{}', classes = '{class kakao.valuetogether.ValuetogetherApplication}', contextInitializerClasses = '[]', activeProfiles = '{}', propertySourceLocations = '{}', propertySourceProperties = '{org.springframework.boot.test.context.SpringBootTestContextBootstrapper=true}', contextCustomizers = set[org.springframework.boot.test.autoconfigure.actuate.metrics.MetricsExportContextCustomizerFactory$DisableMetricExportContextCustomizer@328cf0e1, org.springframework.boot.test.autoconfigure.properties.PropertyMappingContextCustomizer@0, org.springframework.boot.test.autoconfigure.web.servlet.WebDriverContextCustomizerFactory$Customizer@14b030a0, org.springframework.boot.test.context.filter.ExcludeFilterContextCustomizer@56bca85b, org.springframework.boot.test.json.DuplicateJsonObjectContextCustomizerFactory$DuplicateJsonObjectContextCustomizer@22b53226, org.springframework.boot.test.mock.mockito.MockitoContextCustomizer@0, org.springframework.boot.test.web.client.TestRestTemplateContextCustomizer@306851c7, org.springframework.boot.test.context.SpringBootTestArgs@1, org.springframework.boot.test.context.SpringBootTestWebEnvironment@34b9f960], resourceBasePath = 'src/main/webapp', contextLoader = 'org.springframework.boot.test.context.SpringBootContextLoader', parent = [null]], attributes = map['org.springframework.test.context.web.ServletTestExecutionListener.activateListener' -> true, 'org.springframework.test.context.web.ServletTestExecutionListener.populatedRequestContextHolder' -> true, 'org.springframework.test.context.web.ServletTestExecutionListener.resetRequestContextHolder' -> true, 'org.springframework.test.context.event.ApplicationEventsTestExecutionListener.recordApplicationEvents' -> false]]
2022-08-02 11:50:45.779  INFO 2776 --- [    Test worker] o.s.t.c.transaction.TransactionContext   : Began transaction (1) for test context [DefaultTestContext@7e9d171c testClass = CommentServiceTest, testInstance = kakao.valuetogether.service.CommentServiceTest@69860811, testMethod = edit@CommentServiceTest, testException = [null], mergedContextConfiguration = [WebMergedContextConfiguration@6aff157e testClass = CommentServiceTest, locations = '{}', classes = '{class kakao.valuetogether.ValuetogetherApplication}', contextInitializerClasses = '[]', activeProfiles = '{}', propertySourceLocations = '{}', propertySourceProperties = '{org.springframework.boot.test.context.SpringBootTestContextBootstrapper=true}', contextCustomizers = set[org.springframework.boot.test.autoconfigure.actuate.metrics.MetricsExportContextCustomizerFactory$DisableMetricExportContextCustomizer@328cf0e1, org.springframework.boot.test.autoconfigure.properties.PropertyMappingContextCustomizer@0, org.springframework.boot.test.autoconfigure.web.servlet.WebDriverContextCustomizerFactory$Customizer@14b030a0, org.springframework.boot.test.context.filter.ExcludeFilterContextCustomizer@56bca85b, org.springframework.boot.test.json.DuplicateJsonObjectContextCustomizerFactory$DuplicateJsonObjectContextCustomizer@22b53226, org.springframework.boot.test.mock.mockito.MockitoContextCustomizer@0, org.springframework.boot.test.web.client.TestRestTemplateContextCustomizer@306851c7, org.springframework.boot.test.context.SpringBootTestArgs@1, org.springframework.boot.test.context.SpringBootTestWebEnvironment@34b9f960], resourceBasePath = 'src/main/webapp', contextLoader = 'org.springframework.boot.test.context.SpringBootContextLoader', parent = [null]], attributes = map['org.springframework.test.context.web.ServletTestExecutionListener.activateListener' -> true, 'org.springframework.test.context.web.ServletTestExecutionListener.populatedRequestContextHolder' -> true, 'org.springframework.test.context.web.ServletTestExecutionListener.resetRequestContextHolder' -> true, 'org.springframework.test.context.event.ApplicationEventsTestExecutionListener.recordApplicationEvents' -> false]]; transaction manager [org.springframework.orm.jpa.JpaTransactionManager@37dc7661]; rollback [true]
2022-08-02 11:50:45.783 DEBUG 2776 --- [    Test worker] org.hibernate.SQL                        : 
    insert 
    into
        member
        (member_id, member_address, member_birthday, member_email, member_gender, member_name, member_nickname, member_phone, member_pw) 
    values
        (default, ?, ?, ?, ?, ?, ?, ?, ?)
Hibernate: 
    insert 
    into
        member
        (member_id, member_address, member_birthday, member_email, member_gender, member_name, member_nickname, member_phone, member_pw) 
    values
        (default, ?, ?, ?, ?, ?, ?, ?, ?)
2022-08-02 11:50:45.783 TRACE 2776 --- [    Test worker] o.h.type.descriptor.sql.BasicBinder      : binding parameter [1] as [VARCHAR] - [asdfasd]
2022-08-02 11:50:45.783 TRACE 2776 --- [    Test worker] o.h.type.descriptor.sql.BasicBinder      : binding parameter [2] as [VARCHAR] - [asdf]
2022-08-02 11:50:45.783 TRACE 2776 --- [    Test worker] o.h.type.descriptor.sql.BasicBinder      : binding parameter [3] as [VARCHAR] - [email]
2022-08-02 11:50:45.783 TRACE 2776 --- [    Test worker] o.h.type.descriptor.sql.BasicBinder      : binding parameter [4] as [VARCHAR] - [asdf]
2022-08-02 11:50:45.783 TRACE 2776 --- [    Test worker] o.h.type.descriptor.sql.BasicBinder      : binding parameter [5] as [VARCHAR] - [name]
2022-08-02 11:50:45.783 TRACE 2776 --- [    Test worker] o.h.type.descriptor.sql.BasicBinder      : binding parameter [6] as [VARCHAR] - [asfsa]
2022-08-02 11:50:45.783 TRACE 2776 --- [    Test worker] o.h.type.descriptor.sql.BasicBinder      : binding parameter [7] as [VARCHAR] - [111]
2022-08-02 11:50:45.783 TRACE 2776 --- [    Test worker] o.h.type.descriptor.sql.BasicBinder      : binding parameter [8] as [VARCHAR] - [pw]
2022-08-02 11:50:45.785 DEBUG 2776 --- [    Test worker] org.hibernate.SQL                        : 
    insert 
    into
        post
        (post_id, article, end_date, image, is_confirm, member_id, start_date, sub_title, target, target_amount, title, topic) 
    values
        (default, ?, ?, ?, ?, ?, ?, ?, ?, ?, ?, ?)
Hibernate: 
    insert 
    into
        post
        (post_id, article, end_date, image, is_confirm, member_id, start_date, sub_title, target, target_amount, title, topic) 
    values
        (default, ?, ?, ?, ?, ?, ?, ?, ?, ?, ?, ?)
2022-08-02 11:50:45.786 TRACE 2776 --- [    Test worker] o.h.type.descriptor.sql.BasicBinder      : binding parameter [1] as [VARCHAR] - [article]
2022-08-02 11:50:45.786 TRACE 2776 --- [    Test worker] o.h.type.descriptor.sql.BasicBinder      : binding parameter [2] as [TIMESTAMP] - [Tue Aug 01 00:00:00 KST 1922]
2022-08-02 11:50:45.786 TRACE 2776 --- [    Test worker] o.h.type.descriptor.sql.BasicBinder      : binding parameter [3] as [VARCHAR] - [image]
2022-08-02 11:50:45.786 TRACE 2776 --- [    Test worker] o.h.type.descriptor.sql.BasicBinder      : binding parameter [4] as [BOOLEAN] - [false]
2022-08-02 11:50:45.787 TRACE 2776 --- [    Test worker] o.h.type.descriptor.sql.BasicBinder      : binding parameter [5] as [BIGINT] - [22]
2022-08-02 11:50:45.787 TRACE 2776 --- [    Test worker] o.h.type.descriptor.sql.BasicBinder      : binding parameter [6] as [TIMESTAMP] - [Sun Aug 01 00:00:00 KST 1920]
2022-08-02 11:50:45.787 TRACE 2776 --- [    Test worker] o.h.type.descriptor.sql.BasicBinder      : binding parameter [7] as [VARCHAR] - [subtitle]
2022-08-02 11:50:45.787 TRACE 2776 --- [    Test worker] o.h.type.descriptor.sql.BasicBinder      : binding parameter [8] as [VARCHAR] - [아동ㅣ청소년]
2022-08-02 11:50:45.787 TRACE 2776 --- [    Test worker] o.h.type.descriptor.sql.BasicBinder      : binding parameter [9] as [INTEGER] - [100000]
2022-08-02 11:50:45.787 TRACE 2776 --- [    Test worker] o.h.type.descriptor.sql.BasicBinder      : binding parameter [10] as [VARCHAR] - [title]
2022-08-02 11:50:45.787 TRACE 2776 --- [    Test worker] o.h.type.descriptor.sql.BasicBinder      : binding parameter [11] as [VARCHAR] - [건강한삶]
2022-08-02 11:50:45.790 DEBUG 2776 --- [    Test worker] org.hibernate.SQL                        : 
    insert 
    into
        comment
        (comment_id, content, date, likes, member_id, post_id) 
    values
        (default, ?, ?, ?, ?, ?)
Hibernate: 
    insert 
    into
        comment
        (comment_id, content, date, likes, member_id, post_id) 
    values
        (default, ?, ?, ?, ?, ?)
2022-08-02 11:50:45.790 TRACE 2776 --- [    Test worker] o.h.type.descriptor.sql.BasicBinder      : binding parameter [1] as [VARCHAR] - [content]
2022-08-02 11:50:45.791 TRACE 2776 --- [    Test worker] o.h.type.descriptor.sql.BasicBinder      : binding parameter [2] as [TIMESTAMP] - [2022-08-02 11:50:45.7888868]
2022-08-02 11:50:45.791 TRACE 2776 --- [    Test worker] o.h.type.descriptor.sql.BasicBinder      : binding parameter [3] as [INTEGER] - [0]
2022-08-02 11:50:45.791 TRACE 2776 --- [    Test worker] o.h.type.descriptor.sql.BasicBinder      : binding parameter [4] as [BIGINT] - [22]
2022-08-02 11:50:45.791 TRACE 2776 --- [    Test worker] o.h.type.descriptor.sql.BasicBinder      : binding parameter [5] as [BIGINT] - [24]
2022-08-02 11:50:45.798  INFO 2776 --- [    Test worker] o.s.t.c.transaction.TransactionContext   : Rolled back transaction for test: [DefaultTestContext@7e9d171c testClass = CommentServiceTest, testInstance = kakao.valuetogether.service.CommentServiceTest@69860811, testMethod = edit@CommentServiceTest, testException = [null], mergedContextConfiguration = [WebMergedContextConfiguration@6aff157e testClass = CommentServiceTest, locations = '{}', classes = '{class kakao.valuetogether.ValuetogetherApplication}', contextInitializerClasses = '[]', activeProfiles = '{}', propertySourceLocations = '{}', propertySourceProperties = '{org.springframework.boot.test.context.SpringBootTestContextBootstrapper=true}', contextCustomizers = set[org.springframework.boot.test.autoconfigure.actuate.metrics.MetricsExportContextCustomizerFactory$DisableMetricExportContextCustomizer@328cf0e1, org.springframework.boot.test.autoconfigure.properties.PropertyMappingContextCustomizer@0, org.springframework.boot.test.autoconfigure.web.servlet.WebDriverContextCustomizerFactory$Customizer@14b030a0, org.springframework.boot.test.context.filter.ExcludeFilterContextCustomizer@56bca85b, org.springframework.boot.test.json.DuplicateJsonObjectContextCustomizerFactory$DuplicateJsonObjectContextCustomizer@22b53226, org.springframework.boot.test.mock.mockito.MockitoContextCustomizer@0, org.springframework.boot.test.web.client.TestRestTemplateContextCustomizer@306851c7, org.springframework.boot.test.context.SpringBootTestArgs@1, org.springframework.boot.test.context.SpringBootTestWebEnvironment@34b9f960], resourceBasePath = 'src/main/webapp', contextLoader = 'org.springframework.boot.test.context.SpringBootContextLoader', parent = [null]], attributes = map['org.springframework.test.context.web.ServletTestExecutionListener.activateListener' -> true, 'org.springframework.test.context.web.ServletTestExecutionListener.populatedRequestContextHolder' -> true, 'org.springframework.test.context.web.ServletTestExecutionListener.resetRequestContextHolder' -> true, 'org.springframework.test.context.event.ApplicationEventsTestExecutionListener.recordApplicationEvents' -> false]]
2022-08-02 11:50:45.802  INFO 2776 --- [    Test worker] o.s.t.c.transaction.TransactionContext   : Began transaction (1) for test context [DefaultTestContext@7e9d171c testClass = CommentServiceTest, testInstance = kakao.valuetogether.service.CommentServiceTest@2ccb8db3, testMethod = disLike@CommentServiceTest, testException = [null], mergedContextConfiguration = [WebMergedContextConfiguration@6aff157e testClass = CommentServiceTest, locations = '{}', classes = '{class kakao.valuetogether.ValuetogetherApplication}', contextInitializerClasses = '[]', activeProfiles = '{}', propertySourceLocations = '{}', propertySourceProperties = '{org.springframework.boot.test.context.SpringBootTestContextBootstrapper=true}', contextCustomizers = set[org.springframework.boot.test.autoconfigure.actuate.metrics.MetricsExportContextCustomizerFactory$DisableMetricExportContextCustomizer@328cf0e1, org.springframework.boot.test.autoconfigure.properties.PropertyMappingContextCustomizer@0, org.springframework.boot.test.autoconfigure.web.servlet.WebDriverContextCustomizerFactory$Customizer@14b030a0, org.springframework.boot.test.context.filter.ExcludeFilterContextCustomizer@56bca85b, org.springframework.boot.test.json.DuplicateJsonObjectContextCustomizerFactory$DuplicateJsonObjectContextCustomizer@22b53226, org.springframework.boot.test.mock.mockito.MockitoContextCustomizer@0, org.springframework.boot.test.web.client.TestRestTemplateContextCustomizer@306851c7, org.springframework.boot.test.context.SpringBootTestArgs@1, org.springframework.boot.test.context.SpringBootTestWebEnvironment@34b9f960], resourceBasePath = 'src/main/webapp', contextLoader = 'org.springframework.boot.test.context.SpringBootContextLoader', parent = [null]], attributes = map['org.springframework.test.context.web.ServletTestExecutionListener.activateListener' -> true, 'org.springframework.test.context.web.ServletTestExecutionListener.populatedRequestContextHolder' -> true, 'org.springframework.test.context.web.ServletTestExecutionListener.resetRequestContextHolder' -> true, 'org.springframework.test.context.event.ApplicationEventsTestExecutionListener.recordApplicationEvents' -> false]]; transaction manager [org.springframework.orm.jpa.JpaTransactionManager@37dc7661]; rollback [true]
2022-08-02 11:50:45.807 DEBUG 2776 --- [    Test worker] org.hibernate.SQL                        : 
    insert 
    into
        member
        (member_id, member_address, member_birthday, member_email, member_gender, member_name, member_nickname, member_phone, member_pw) 
    values
        (default, ?, ?, ?, ?, ?, ?, ?, ?)
Hibernate: 
    insert 
    into
        member
        (member_id, member_address, member_birthday, member_email, member_gender, member_name, member_nickname, member_phone, member_pw) 
    values
        (default, ?, ?, ?, ?, ?, ?, ?, ?)
2022-08-02 11:50:45.808 TRACE 2776 --- [    Test worker] o.h.type.descriptor.sql.BasicBinder      : binding parameter [1] as [VARCHAR] - [asdfasd]
2022-08-02 11:50:45.808 TRACE 2776 --- [    Test worker] o.h.type.descriptor.sql.BasicBinder      : binding parameter [2] as [VARCHAR] - [asdf]
2022-08-02 11:50:45.808 TRACE 2776 --- [    Test worker] o.h.type.descriptor.sql.BasicBinder      : binding parameter [3] as [VARCHAR] - [email]
2022-08-02 11:50:45.808 TRACE 2776 --- [    Test worker] o.h.type.descriptor.sql.BasicBinder      : binding parameter [4] as [VARCHAR] - [asdf]
2022-08-02 11:50:45.808 TRACE 2776 --- [    Test worker] o.h.type.descriptor.sql.BasicBinder      : binding parameter [5] as [VARCHAR] - [name]
2022-08-02 11:50:45.808 TRACE 2776 --- [    Test worker] o.h.type.descriptor.sql.BasicBinder      : binding parameter [6] as [VARCHAR] - [asfsa]
2022-08-02 11:50:45.808 TRACE 2776 --- [    Test worker] o.h.type.descriptor.sql.BasicBinder      : binding parameter [7] as [VARCHAR] - [111]
2022-08-02 11:50:45.808 TRACE 2776 --- [    Test worker] o.h.type.descriptor.sql.BasicBinder      : binding parameter [8] as [VARCHAR] - [pw]
2022-08-02 11:50:45.810 DEBUG 2776 --- [    Test worker] org.hibernate.SQL                        : 
    insert 
    into
        post
        (post_id, article, end_date, image, is_confirm, member_id, start_date, sub_title, target, target_amount, title, topic) 
    values
        (default, ?, ?, ?, ?, ?, ?, ?, ?, ?, ?, ?)
Hibernate: 
    insert 
    into
        post
        (post_id, article, end_date, image, is_confirm, member_id, start_date, sub_title, target, target_amount, title, topic) 
    values
        (default, ?, ?, ?, ?, ?, ?, ?, ?, ?, ?, ?)
2022-08-02 11:50:45.810 TRACE 2776 --- [    Test worker] o.h.type.descriptor.sql.BasicBinder      : binding parameter [1] as [VARCHAR] - [article]
2022-08-02 11:50:45.811 TRACE 2776 --- [    Test worker] o.h.type.descriptor.sql.BasicBinder      : binding parameter [2] as [TIMESTAMP] - [Tue Aug 01 00:00:00 KST 1922]
2022-08-02 11:50:45.811 TRACE 2776 --- [    Test worker] o.h.type.descriptor.sql.BasicBinder      : binding parameter [3] as [VARCHAR] - [image]
2022-08-02 11:50:45.811 TRACE 2776 --- [    Test worker] o.h.type.descriptor.sql.BasicBinder      : binding parameter [4] as [BOOLEAN] - [false]
2022-08-02 11:50:45.811 TRACE 2776 --- [    Test worker] o.h.type.descriptor.sql.BasicBinder      : binding parameter [5] as [BIGINT] - [23]
2022-08-02 11:50:45.811 TRACE 2776 --- [    Test worker] o.h.type.descriptor.sql.BasicBinder      : binding parameter [6] as [TIMESTAMP] - [Sun Aug 01 00:00:00 KST 1920]
2022-08-02 11:50:45.811 TRACE 2776 --- [    Test worker] o.h.type.descriptor.sql.BasicBinder      : binding parameter [7] as [VARCHAR] - [subtitle]
2022-08-02 11:50:45.811 TRACE 2776 --- [    Test worker] o.h.type.descriptor.sql.BasicBinder      : binding parameter [8] as [VARCHAR] - [아동ㅣ청소년]
2022-08-02 11:50:45.811 TRACE 2776 --- [    Test worker] o.h.type.descriptor.sql.BasicBinder      : binding parameter [9] as [INTEGER] - [100000]
2022-08-02 11:50:45.812 TRACE 2776 --- [    Test worker] o.h.type.descriptor.sql.BasicBinder      : binding parameter [10] as [VARCHAR] - [title]
2022-08-02 11:50:45.812 TRACE 2776 --- [    Test worker] o.h.type.descriptor.sql.BasicBinder      : binding parameter [11] as [VARCHAR] - [건강한삶]
2022-08-02 11:50:45.814 DEBUG 2776 --- [    Test worker] org.hibernate.SQL                        : 
    insert 
    into
        comment
        (comment_id, content, date, likes, member_id, post_id) 
    values
        (default, ?, ?, ?, ?, ?)
Hibernate: 
    insert 
    into
        comment
        (comment_id, content, date, likes, member_id, post_id) 
    values
        (default, ?, ?, ?, ?, ?)
2022-08-02 11:50:45.814 TRACE 2776 --- [    Test worker] o.h.type.descriptor.sql.BasicBinder      : binding parameter [1] as [VARCHAR] - [content]
2022-08-02 11:50:45.814 TRACE 2776 --- [    Test worker] o.h.type.descriptor.sql.BasicBinder      : binding parameter [2] as [TIMESTAMP] - [2022-08-02 11:50:45.8132801]
2022-08-02 11:50:45.815 TRACE 2776 --- [    Test worker] o.h.type.descriptor.sql.BasicBinder      : binding parameter [3] as [INTEGER] - [0]
2022-08-02 11:50:45.815 TRACE 2776 --- [    Test worker] o.h.type.descriptor.sql.BasicBinder      : binding parameter [4] as [BIGINT] - [23]
2022-08-02 11:50:45.815 TRACE 2776 --- [    Test worker] o.h.type.descriptor.sql.BasicBinder      : binding parameter [5] as [BIGINT] - [25]
2022-08-02 11:50:45.822  INFO 2776 --- [    Test worker] o.s.t.c.transaction.TransactionContext   : Rolled back transaction for test: [DefaultTestContext@7e9d171c testClass = CommentServiceTest, testInstance = kakao.valuetogether.service.CommentServiceTest@2ccb8db3, testMethod = disLike@CommentServiceTest, testException = [null], mergedContextConfiguration = [WebMergedContextConfiguration@6aff157e testClass = CommentServiceTest, locations = '{}', classes = '{class kakao.valuetogether.ValuetogetherApplication}', contextInitializerClasses = '[]', activeProfiles = '{}', propertySourceLocations = '{}', propertySourceProperties = '{org.springframework.boot.test.context.SpringBootTestContextBootstrapper=true}', contextCustomizers = set[org.springframework.boot.test.autoconfigure.actuate.metrics.MetricsExportContextCustomizerFactory$DisableMetricExportContextCustomizer@328cf0e1, org.springframework.boot.test.autoconfigure.properties.PropertyMappingContextCustomizer@0, org.springframework.boot.test.autoconfigure.web.servlet.WebDriverContextCustomizerFactory$Customizer@14b030a0, org.springframework.boot.test.context.filter.ExcludeFilterContextCustomizer@56bca85b, org.springframework.boot.test.json.DuplicateJsonObjectContextCustomizerFactory$DuplicateJsonObjectContextCustomizer@22b53226, org.springframework.boot.test.mock.mockito.MockitoContextCustomizer@0, org.springframework.boot.test.web.client.TestRestTemplateContextCustomizer@306851c7, org.springframework.boot.test.context.SpringBootTestArgs@1, org.springframework.boot.test.context.SpringBootTestWebEnvironment@34b9f960], resourceBasePath = 'src/main/webapp', contextLoader = 'org.springframework.boot.test.context.SpringBootContextLoader', parent = [null]], attributes = map['org.springframework.test.context.web.ServletTestExecutionListener.activateListener' -> true, 'org.springframework.test.context.web.ServletTestExecutionListener.populatedRequestContextHolder' -> true, 'org.springframework.test.context.web.ServletTestExecutionListener.resetRequestContextHolder' -> true, 'org.springframework.test.context.event.ApplicationEventsTestExecutionListener.recordApplicationEvents' -> false]]
]]></system-out>
  <system-err><![CDATA[]]></system-err>
</testsuite>
