<?xml version="1.0" encoding="UTF-8"?>
<testsuite name="kakao.valuetogether.repository.DonationRepositoryTest" tests="6" skipped="0" failures="0" errors="0" timestamp="2022-08-03T08:19:00" hostname="DESKTOP-8DQF55R" time="0.965">
  <properties/>
  <testcase name="saveAndFindByPost()" classname="kakao.valuetogether.repository.DonationRepositoryTest" time="0.128"/>
  <testcase name="donateCheer()" classname="kakao.valuetogether.repository.DonationRepositoryTest" time="0.081"/>
  <testcase name="donateShare()" classname="kakao.valuetogether.repository.DonationRepositoryTest" time="0.094"/>
  <testcase name="donateComment()" classname="kakao.valuetogether.repository.DonationRepositoryTest" time="0.293"/>
  <testcase name="donateDirect()" classname="kakao.valuetogether.repository.DonationRepositoryTest" time="0.282"/>
  <testcase name="saveAndFindByMember()" classname="kakao.valuetogether.repository.DonationRepositoryTest" time="0.081"/>
  <system-out><![CDATA[2022-08-03 17:19:00.661  INFO 33572 --- [    Test worker] .b.t.c.SpringBootTestContextBootstrapper : Neither @ContextConfiguration nor @ContextHierarchy found for test class [kakao.valuetogether.repository.DonationRepositoryTest], using SpringBootContextLoader
2022-08-03 17:19:00.663  INFO 33572 --- [    Test worker] o.s.t.c.support.AbstractContextLoader    : Could not detect default resource locations for test class [kakao.valuetogether.repository.DonationRepositoryTest]: no resource found for suffixes {-context.xml, Context.groovy}.
2022-08-03 17:19:00.663  INFO 33572 --- [    Test worker] t.c.s.AnnotationConfigContextLoaderUtils : Could not detect default configuration classes for test class [kakao.valuetogether.repository.DonationRepositoryTest]: DonationRepositoryTest does not declare any static, non-private, non-final, nested classes annotated with @Configuration.
2022-08-03 17:19:00.664  INFO 33572 --- [    Test worker] .b.t.c.SpringBootTestContextBootstrapper : Found @SpringBootConfiguration kakao.valuetogether.ValuetogetherApplication for test class kakao.valuetogether.repository.DonationRepositoryTest
2022-08-03 17:19:00.665  INFO 33572 --- [    Test worker] .b.t.c.SpringBootTestContextBootstrapper : Loaded default TestExecutionListener class names from location [META-INF/spring.factories]: [org.springframework.boot.test.autoconfigure.restdocs.RestDocsTestExecutionListener, org.springframework.boot.test.autoconfigure.web.client.MockRestServiceServerResetTestExecutionListener, org.springframework.boot.test.autoconfigure.web.servlet.MockMvcPrintOnlyOnFailureTestExecutionListener, org.springframework.boot.test.autoconfigure.web.servlet.WebDriverTestExecutionListener, org.springframework.boot.test.autoconfigure.webservices.client.MockWebServiceServerTestExecutionListener, org.springframework.boot.test.mock.mockito.MockitoTestExecutionListener, org.springframework.boot.test.mock.mockito.ResetMocksTestExecutionListener, org.springframework.test.context.web.ServletTestExecutionListener, org.springframework.test.context.support.DirtiesContextBeforeModesTestExecutionListener, org.springframework.test.context.event.ApplicationEventsTestExecutionListener, org.springframework.test.context.support.DependencyInjectionTestExecutionListener, org.springframework.test.context.support.DirtiesContextTestExecutionListener, org.springframework.test.context.transaction.TransactionalTestExecutionListener, org.springframework.test.context.jdbc.SqlScriptsTestExecutionListener, org.springframework.test.context.event.EventPublishingTestExecutionListener]
2022-08-03 17:19:00.666  INFO 33572 --- [    Test worker] .b.t.c.SpringBootTestContextBootstrapper : Using TestExecutionListeners: [org.springframework.test.context.web.ServletTestExecutionListener@241861bc, org.springframework.test.context.support.DirtiesContextBeforeModesTestExecutionListener@5078e308, org.springframework.test.context.event.ApplicationEventsTestExecutionListener@2045a469, org.springframework.boot.test.mock.mockito.MockitoTestExecutionListener@672710d5, org.springframework.boot.test.autoconfigure.SpringBootDependencyInjectionTestExecutionListener@55880c, org.springframework.test.context.support.DirtiesContextTestExecutionListener@17224bad, org.springframework.test.context.transaction.TransactionalTestExecutionListener@1ac9c3cc, org.springframework.test.context.jdbc.SqlScriptsTestExecutionListener@4537c9f8, org.springframework.test.context.event.EventPublishingTestExecutionListener@698e2cba, org.springframework.boot.test.autoconfigure.restdocs.RestDocsTestExecutionListener@6cf47d05, org.springframework.boot.test.autoconfigure.web.client.MockRestServiceServerResetTestExecutionListener@38f704f4, org.springframework.boot.test.autoconfigure.web.servlet.MockMvcPrintOnlyOnFailureTestExecutionListener@43f4621b, org.springframework.boot.test.autoconfigure.web.servlet.WebDriverTestExecutionListener@5b076d23, org.springframework.boot.test.autoconfigure.webservices.client.MockWebServiceServerTestExecutionListener@14d43f13, org.springframework.boot.test.mock.mockito.ResetMocksTestExecutionListener@140449d9]
2022-08-03 17:19:00.679  INFO 33572 --- [    Test worker] o.s.t.c.transaction.TransactionContext   : Began transaction (1) for test context [DefaultTestContext@17eb5661 testClass = DonationRepositoryTest, testInstance = kakao.valuetogether.repository.DonationRepositoryTest@63b0aeb1, testMethod = saveAndFindByPost@DonationRepositoryTest, testException = [null], mergedContextConfiguration = [WebMergedContextConfiguration@75b5d09 testClass = DonationRepositoryTest, locations = '{}', classes = '{class kakao.valuetogether.ValuetogetherApplication}', contextInitializerClasses = '[]', activeProfiles = '{}', propertySourceLocations = '{}', propertySourceProperties = '{org.springframework.boot.test.context.SpringBootTestContextBootstrapper=true}', contextCustomizers = set[org.springframework.boot.test.autoconfigure.actuate.metrics.MetricsExportContextCustomizerFactory$DisableMetricExportContextCustomizer@422c3c7a, org.springframework.boot.test.autoconfigure.properties.PropertyMappingContextCustomizer@0, org.springframework.boot.test.autoconfigure.web.servlet.WebDriverContextCustomizerFactory$Customizer@306851c7, org.springframework.boot.test.context.filter.ExcludeFilterContextCustomizer@41813449, org.springframework.boot.test.json.DuplicateJsonObjectContextCustomizerFactory$DuplicateJsonObjectContextCustomizer@5b07730f, org.springframework.boot.test.mock.mockito.MockitoContextCustomizer@0, org.springframework.boot.test.web.client.TestRestTemplateContextCustomizer@556d0826, org.springframework.boot.test.context.SpringBootTestArgs@1, org.springframework.boot.test.context.SpringBootTestWebEnvironment@15a04efb], resourceBasePath = 'src/main/webapp', contextLoader = 'org.springframework.boot.test.context.SpringBootContextLoader', parent = [null]], attributes = map['org.springframework.test.context.web.ServletTestExecutionListener.activateListener' -> true, 'org.springframework.test.context.web.ServletTestExecutionListener.populatedRequestContextHolder' -> true, 'org.springframework.test.context.web.ServletTestExecutionListener.resetRequestContextHolder' -> true, 'org.springframework.test.context.event.ApplicationEventsTestExecutionListener.recordApplicationEvents' -> false]]; transaction manager [org.springframework.orm.jpa.JpaTransactionManager@77d7d2d0]; rollback [true]
2022-08-03 17:19:00.680 DEBUG 33572 --- [    Test worker] org.hibernate.SQL                        : 
    insert 
    into
        member
        (member_address, member_birthday, member_email, member_gender, member_name, member_nickname, member_phone, member_pw) 
    values
        (?, ?, ?, ?, ?, ?, ?, ?)
2022-08-03 17:19:00.681 TRACE 33572 --- [    Test worker] o.h.type.descriptor.sql.BasicBinder      : binding parameter [1] as [VARCHAR] - [asdfasd]
2022-08-03 17:19:00.681 TRACE 33572 --- [    Test worker] o.h.type.descriptor.sql.BasicBinder      : binding parameter [2] as [VARCHAR] - [asdf]
2022-08-03 17:19:00.681 TRACE 33572 --- [    Test worker] o.h.type.descriptor.sql.BasicBinder      : binding parameter [3] as [VARCHAR] - [email]
2022-08-03 17:19:00.681 TRACE 33572 --- [    Test worker] o.h.type.descriptor.sql.BasicBinder      : binding parameter [4] as [VARCHAR] - [asdf]
2022-08-03 17:19:00.681 TRACE 33572 --- [    Test worker] o.h.type.descriptor.sql.BasicBinder      : binding parameter [5] as [VARCHAR] - [name]
2022-08-03 17:19:00.681 TRACE 33572 --- [    Test worker] o.h.type.descriptor.sql.BasicBinder      : binding parameter [6] as [VARCHAR] - [asfsa]
2022-08-03 17:19:00.681 TRACE 33572 --- [    Test worker] o.h.type.descriptor.sql.BasicBinder      : binding parameter [7] as [VARCHAR] - [111]
2022-08-03 17:19:00.681 TRACE 33572 --- [    Test worker] o.h.type.descriptor.sql.BasicBinder      : binding parameter [8] as [VARCHAR] - [pw]
2022-08-03 17:19:00.692 DEBUG 33572 --- [    Test worker] org.hibernate.SQL                        : 
    insert 
    into
        post
        (article, end_date, image, is_confirm, member_id, start_date, sub_title, target, target_amount, title, topic) 
    values
        (?, ?, ?, ?, ?, ?, ?, ?, ?, ?, ?)
2022-08-03 17:19:00.692 TRACE 33572 --- [    Test worker] o.h.type.descriptor.sql.BasicBinder      : binding parameter [1] as [VARCHAR] - [article]
2022-08-03 17:19:00.692 TRACE 33572 --- [    Test worker] o.h.type.descriptor.sql.BasicBinder      : binding parameter [2] as [TIMESTAMP] - [2022-08-03 17:19:00.6917941]
2022-08-03 17:19:00.692 TRACE 33572 --- [    Test worker] o.h.type.descriptor.sql.BasicBinder      : binding parameter [3] as [VARCHAR] - [static/image]
2022-08-03 17:19:00.692 TRACE 33572 --- [    Test worker] o.h.type.descriptor.sql.BasicBinder      : binding parameter [4] as [BOOLEAN] - [false]
2022-08-03 17:19:00.692 TRACE 33572 --- [    Test worker] o.h.type.descriptor.sql.BasicBinder      : binding parameter [5] as [BIGINT] - [1182]
2022-08-03 17:19:00.692 TRACE 33572 --- [    Test worker] o.h.type.descriptor.sql.BasicBinder      : binding parameter [6] as [TIMESTAMP] - [2022-08-03 17:19:00.6917941]
2022-08-03 17:19:00.692 TRACE 33572 --- [    Test worker] o.h.type.descriptor.sql.BasicBinder      : binding parameter [7] as [VARCHAR] - [subTitle]
2022-08-03 17:19:00.692 TRACE 33572 --- [    Test worker] o.h.type.descriptor.sql.BasicBinder      : binding parameter [8] as [VARCHAR] - [실버세대]
2022-08-03 17:19:00.692 TRACE 33572 --- [    Test worker] o.h.type.descriptor.sql.BasicBinder      : binding parameter [9] as [INTEGER] - [100000]
2022-08-03 17:19:00.692 TRACE 33572 --- [    Test worker] o.h.type.descriptor.sql.BasicBinder      : binding parameter [10] as [VARCHAR] - [title]
2022-08-03 17:19:00.693 TRACE 33572 --- [    Test worker] o.h.type.descriptor.sql.BasicBinder      : binding parameter [11] as [VARCHAR] - [건강한삶]
2022-08-03 17:19:00.717 DEBUG 33572 --- [    Test worker] org.hibernate.SQL                        : 
    insert 
    into
        donation
        (cheer_donation, comment_donation, direct_donation, share_donation, count_cheer_donation, count_comment_donation, count_direct_donation, count_share_donation, post_id, member_id) 
    values
        (?, ?, ?, ?, ?, ?, ?, ?, ?, ?)
2022-08-03 17:19:00.717 TRACE 33572 --- [    Test worker] o.h.type.descriptor.sql.BasicBinder      : binding parameter [1] as [INTEGER] - [0]
2022-08-03 17:19:00.717 TRACE 33572 --- [    Test worker] o.h.type.descriptor.sql.BasicBinder      : binding parameter [2] as [INTEGER] - [0]
2022-08-03 17:19:00.718 TRACE 33572 --- [    Test worker] o.h.type.descriptor.sql.BasicBinder      : binding parameter [3] as [INTEGER] - [0]
2022-08-03 17:19:00.718 TRACE 33572 --- [    Test worker] o.h.type.descriptor.sql.BasicBinder      : binding parameter [4] as [INTEGER] - [0]
2022-08-03 17:19:00.718 TRACE 33572 --- [    Test worker] o.h.type.descriptor.sql.BasicBinder      : binding parameter [5] as [INTEGER] - [0]
2022-08-03 17:19:00.718 TRACE 33572 --- [    Test worker] o.h.type.descriptor.sql.BasicBinder      : binding parameter [6] as [INTEGER] - [0]
2022-08-03 17:19:00.718 TRACE 33572 --- [    Test worker] o.h.type.descriptor.sql.BasicBinder      : binding parameter [7] as [INTEGER] - [0]
2022-08-03 17:19:00.718 TRACE 33572 --- [    Test worker] o.h.type.descriptor.sql.BasicBinder      : binding parameter [8] as [INTEGER] - [0]
2022-08-03 17:19:00.718 TRACE 33572 --- [    Test worker] o.h.type.descriptor.sql.BasicBinder      : binding parameter [9] as [BIGINT] - [952]
2022-08-03 17:19:00.718 TRACE 33572 --- [    Test worker] o.h.type.descriptor.sql.BasicBinder      : binding parameter [10] as [BIGINT] - [1182]
2022-08-03 17:19:00.732 DEBUG 33572 --- [    Test worker] org.hibernate.SQL                        : 
    select
        donation0_.post_id as post_id10_1_,
        donation0_.member_id as member_i9_1_,
        donation0_.cheer_donation as cheer_do1_1_,
        donation0_.comment_donation as comment_2_1_,
        donation0_.direct_donation as direct_d3_1_,
        donation0_.share_donation as share_do4_1_,
        donation0_.count_cheer_donation as count_ch5_1_,
        donation0_.count_comment_donation as count_co6_1_,
        donation0_.count_direct_donation as count_di7_1_,
        donation0_.count_share_donation as count_sh8_1_ 
    from
        donation donation0_ 
    where
        donation0_.member_id=?
2022-08-03 17:19:00.733 TRACE 33572 --- [    Test worker] o.h.type.descriptor.sql.BasicBinder      : binding parameter [1] as [BIGINT] - [1182]
2022-08-03 17:19:00.753 TRACE 33572 --- [    Test worker] o.h.type.descriptor.sql.BasicExtractor   : extracted value ([post_id10_1_] : [BIGINT]) - [952]
2022-08-03 17:19:00.753 TRACE 33572 --- [    Test worker] o.h.type.descriptor.sql.BasicExtractor   : extracted value ([member_i9_1_] : [BIGINT]) - [1182]
2022-08-03 17:19:00.757 DEBUG 33572 --- [    Test worker] org.hibernate.SQL                        : 
    select
        donation0_.post_id as post_id10_1_,
        donation0_.member_id as member_i9_1_,
        donation0_.cheer_donation as cheer_do1_1_,
        donation0_.comment_donation as comment_2_1_,
        donation0_.direct_donation as direct_d3_1_,
        donation0_.share_donation as share_do4_1_,
        donation0_.count_cheer_donation as count_ch5_1_,
        donation0_.count_comment_donation as count_co6_1_,
        donation0_.count_direct_donation as count_di7_1_,
        donation0_.count_share_donation as count_sh8_1_ 
    from
        donation donation0_ 
    where
        donation0_.post_id=?
2022-08-03 17:19:00.758 TRACE 33572 --- [    Test worker] o.h.type.descriptor.sql.BasicBinder      : binding parameter [1] as [BIGINT] - [952]
2022-08-03 17:19:00.772 TRACE 33572 --- [    Test worker] o.h.type.descriptor.sql.BasicExtractor   : extracted value ([post_id10_1_] : [BIGINT]) - [952]
2022-08-03 17:19:00.773 TRACE 33572 --- [    Test worker] o.h.type.descriptor.sql.BasicExtractor   : extracted value ([member_i9_1_] : [BIGINT]) - [1182]
2022-08-03 17:19:00.796  INFO 33572 --- [    Test worker] o.s.t.c.transaction.TransactionContext   : Rolled back transaction for test: [DefaultTestContext@17eb5661 testClass = DonationRepositoryTest, testInstance = kakao.valuetogether.repository.DonationRepositoryTest@63b0aeb1, testMethod = saveAndFindByPost@DonationRepositoryTest, testException = [null], mergedContextConfiguration = [WebMergedContextConfiguration@75b5d09 testClass = DonationRepositoryTest, locations = '{}', classes = '{class kakao.valuetogether.ValuetogetherApplication}', contextInitializerClasses = '[]', activeProfiles = '{}', propertySourceLocations = '{}', propertySourceProperties = '{org.springframework.boot.test.context.SpringBootTestContextBootstrapper=true}', contextCustomizers = set[org.springframework.boot.test.autoconfigure.actuate.metrics.MetricsExportContextCustomizerFactory$DisableMetricExportContextCustomizer@422c3c7a, org.springframework.boot.test.autoconfigure.properties.PropertyMappingContextCustomizer@0, org.springframework.boot.test.autoconfigure.web.servlet.WebDriverContextCustomizerFactory$Customizer@306851c7, org.springframework.boot.test.context.filter.ExcludeFilterContextCustomizer@41813449, org.springframework.boot.test.json.DuplicateJsonObjectContextCustomizerFactory$DuplicateJsonObjectContextCustomizer@5b07730f, org.springframework.boot.test.mock.mockito.MockitoContextCustomizer@0, org.springframework.boot.test.web.client.TestRestTemplateContextCustomizer@556d0826, org.springframework.boot.test.context.SpringBootTestArgs@1, org.springframework.boot.test.context.SpringBootTestWebEnvironment@15a04efb], resourceBasePath = 'src/main/webapp', contextLoader = 'org.springframework.boot.test.context.SpringBootContextLoader', parent = [null]], attributes = map['org.springframework.test.context.web.ServletTestExecutionListener.activateListener' -> true, 'org.springframework.test.context.web.ServletTestExecutionListener.populatedRequestContextHolder' -> true, 'org.springframework.test.context.web.ServletTestExecutionListener.resetRequestContextHolder' -> true, 'org.springframework.test.context.event.ApplicationEventsTestExecutionListener.recordApplicationEvents' -> false]]
2022-08-03 17:19:00.809  INFO 33572 --- [    Test worker] o.s.t.c.transaction.TransactionContext   : Began transaction (1) for test context [DefaultTestContext@17eb5661 testClass = DonationRepositoryTest, testInstance = kakao.valuetogether.repository.DonationRepositoryTest@31b2c451, testMethod = donateCheer@DonationRepositoryTest, testException = [null], mergedContextConfiguration = [WebMergedContextConfiguration@75b5d09 testClass = DonationRepositoryTest, locations = '{}', classes = '{class kakao.valuetogether.ValuetogetherApplication}', contextInitializerClasses = '[]', activeProfiles = '{}', propertySourceLocations = '{}', propertySourceProperties = '{org.springframework.boot.test.context.SpringBootTestContextBootstrapper=true}', contextCustomizers = set[org.springframework.boot.test.autoconfigure.actuate.metrics.MetricsExportContextCustomizerFactory$DisableMetricExportContextCustomizer@422c3c7a, org.springframework.boot.test.autoconfigure.properties.PropertyMappingContextCustomizer@0, org.springframework.boot.test.autoconfigure.web.servlet.WebDriverContextCustomizerFactory$Customizer@306851c7, org.springframework.boot.test.context.filter.ExcludeFilterContextCustomizer@41813449, org.springframework.boot.test.json.DuplicateJsonObjectContextCustomizerFactory$DuplicateJsonObjectContextCustomizer@5b07730f, org.springframework.boot.test.mock.mockito.MockitoContextCustomizer@0, org.springframework.boot.test.web.client.TestRestTemplateContextCustomizer@556d0826, org.springframework.boot.test.context.SpringBootTestArgs@1, org.springframework.boot.test.context.SpringBootTestWebEnvironment@15a04efb], resourceBasePath = 'src/main/webapp', contextLoader = 'org.springframework.boot.test.context.SpringBootContextLoader', parent = [null]], attributes = map['org.springframework.test.context.web.ServletTestExecutionListener.activateListener' -> true, 'org.springframework.test.context.web.ServletTestExecutionListener.populatedRequestContextHolder' -> true, 'org.springframework.test.context.web.ServletTestExecutionListener.resetRequestContextHolder' -> true, 'org.springframework.test.context.event.ApplicationEventsTestExecutionListener.recordApplicationEvents' -> false]]; transaction manager [org.springframework.orm.jpa.JpaTransactionManager@77d7d2d0]; rollback [true]
2022-08-03 17:19:00.810 DEBUG 33572 --- [    Test worker] org.hibernate.SQL                        : 
    insert 
    into
        member
        (member_address, member_birthday, member_email, member_gender, member_name, member_nickname, member_phone, member_pw) 
    values
        (?, ?, ?, ?, ?, ?, ?, ?)
2022-08-03 17:19:00.811 TRACE 33572 --- [    Test worker] o.h.type.descriptor.sql.BasicBinder      : binding parameter [1] as [VARCHAR] - [asdfasd]
2022-08-03 17:19:00.811 TRACE 33572 --- [    Test worker] o.h.type.descriptor.sql.BasicBinder      : binding parameter [2] as [VARCHAR] - [asdf]
2022-08-03 17:19:00.811 TRACE 33572 --- [    Test worker] o.h.type.descriptor.sql.BasicBinder      : binding parameter [3] as [VARCHAR] - [email]
2022-08-03 17:19:00.811 TRACE 33572 --- [    Test worker] o.h.type.descriptor.sql.BasicBinder      : binding parameter [4] as [VARCHAR] - [asdf]
2022-08-03 17:19:00.811 TRACE 33572 --- [    Test worker] o.h.type.descriptor.sql.BasicBinder      : binding parameter [5] as [VARCHAR] - [name]
2022-08-03 17:19:00.811 TRACE 33572 --- [    Test worker] o.h.type.descriptor.sql.BasicBinder      : binding parameter [6] as [VARCHAR] - [asfsa]
2022-08-03 17:19:00.811 TRACE 33572 --- [    Test worker] o.h.type.descriptor.sql.BasicBinder      : binding parameter [7] as [VARCHAR] - [111]
2022-08-03 17:19:00.811 TRACE 33572 --- [    Test worker] o.h.type.descriptor.sql.BasicBinder      : binding parameter [8] as [VARCHAR] - [pw]
2022-08-03 17:19:00.821 DEBUG 33572 --- [    Test worker] org.hibernate.SQL                        : 
    insert 
    into
        post
        (article, end_date, image, is_confirm, member_id, start_date, sub_title, target, target_amount, title, topic) 
    values
        (?, ?, ?, ?, ?, ?, ?, ?, ?, ?, ?)
2022-08-03 17:19:00.822 TRACE 33572 --- [    Test worker] o.h.type.descriptor.sql.BasicBinder      : binding parameter [1] as [VARCHAR] - [article]
2022-08-03 17:19:00.822 TRACE 33572 --- [    Test worker] o.h.type.descriptor.sql.BasicBinder      : binding parameter [2] as [TIMESTAMP] - [2022-08-03 17:19:00.8216304]
2022-08-03 17:19:00.822 TRACE 33572 --- [    Test worker] o.h.type.descriptor.sql.BasicBinder      : binding parameter [3] as [VARCHAR] - [static/image]
2022-08-03 17:19:00.822 TRACE 33572 --- [    Test worker] o.h.type.descriptor.sql.BasicBinder      : binding parameter [4] as [BOOLEAN] - [false]
2022-08-03 17:19:00.822 TRACE 33572 --- [    Test worker] o.h.type.descriptor.sql.BasicBinder      : binding parameter [5] as [BIGINT] - [1183]
2022-08-03 17:19:00.822 TRACE 33572 --- [    Test worker] o.h.type.descriptor.sql.BasicBinder      : binding parameter [6] as [TIMESTAMP] - [2022-08-03 17:19:00.8216304]
2022-08-03 17:19:00.822 TRACE 33572 --- [    Test worker] o.h.type.descriptor.sql.BasicBinder      : binding parameter [7] as [VARCHAR] - [subTitle]
2022-08-03 17:19:00.822 TRACE 33572 --- [    Test worker] o.h.type.descriptor.sql.BasicBinder      : binding parameter [8] as [VARCHAR] - [실버세대]
2022-08-03 17:19:00.822 TRACE 33572 --- [    Test worker] o.h.type.descriptor.sql.BasicBinder      : binding parameter [9] as [INTEGER] - [100000]
2022-08-03 17:19:00.822 TRACE 33572 --- [    Test worker] o.h.type.descriptor.sql.BasicBinder      : binding parameter [10] as [VARCHAR] - [title]
2022-08-03 17:19:00.822 TRACE 33572 --- [    Test worker] o.h.type.descriptor.sql.BasicBinder      : binding parameter [11] as [VARCHAR] - [건강한삶]
2022-08-03 17:19:00.834 DEBUG 33572 --- [    Test worker] org.hibernate.SQL                        : 
    insert 
    into
        donation
        (cheer_donation, comment_donation, direct_donation, share_donation, count_cheer_donation, count_comment_donation, count_direct_donation, count_share_donation, post_id, member_id) 
    values
        (?, ?, ?, ?, ?, ?, ?, ?, ?, ?)
2022-08-03 17:19:00.834 TRACE 33572 --- [    Test worker] o.h.type.descriptor.sql.BasicBinder      : binding parameter [1] as [INTEGER] - [0]
2022-08-03 17:19:00.834 TRACE 33572 --- [    Test worker] o.h.type.descriptor.sql.BasicBinder      : binding parameter [2] as [INTEGER] - [0]
2022-08-03 17:19:00.834 TRACE 33572 --- [    Test worker] o.h.type.descriptor.sql.BasicBinder      : binding parameter [3] as [INTEGER] - [0]
2022-08-03 17:19:00.834 TRACE 33572 --- [    Test worker] o.h.type.descriptor.sql.BasicBinder      : binding parameter [4] as [INTEGER] - [0]
2022-08-03 17:19:00.834 TRACE 33572 --- [    Test worker] o.h.type.descriptor.sql.BasicBinder      : binding parameter [5] as [INTEGER] - [0]
2022-08-03 17:19:00.834 TRACE 33572 --- [    Test worker] o.h.type.descriptor.sql.BasicBinder      : binding parameter [6] as [INTEGER] - [0]
2022-08-03 17:19:00.834 TRACE 33572 --- [    Test worker] o.h.type.descriptor.sql.BasicBinder      : binding parameter [7] as [INTEGER] - [0]
2022-08-03 17:19:00.834 TRACE 33572 --- [    Test worker] o.h.type.descriptor.sql.BasicBinder      : binding parameter [8] as [INTEGER] - [0]
2022-08-03 17:19:00.835 TRACE 33572 --- [    Test worker] o.h.type.descriptor.sql.BasicBinder      : binding parameter [9] as [BIGINT] - [953]
2022-08-03 17:19:00.835 TRACE 33572 --- [    Test worker] o.h.type.descriptor.sql.BasicBinder      : binding parameter [10] as [BIGINT] - [1183]
2022-08-03 17:19:00.843 DEBUG 33572 --- [    Test worker] org.hibernate.SQL                        : 
    select
        donation0_.post_id as post_id10_1_,
        donation0_.member_id as member_i9_1_,
        donation0_.cheer_donation as cheer_do1_1_,
        donation0_.comment_donation as comment_2_1_,
        donation0_.direct_donation as direct_d3_1_,
        donation0_.share_donation as share_do4_1_,
        donation0_.count_cheer_donation as count_ch5_1_,
        donation0_.count_comment_donation as count_co6_1_,
        donation0_.count_direct_donation as count_di7_1_,
        donation0_.count_share_donation as count_sh8_1_ 
    from
        donation donation0_ 
    where
        donation0_.member_id=?
2022-08-03 17:19:00.844 TRACE 33572 --- [    Test worker] o.h.type.descriptor.sql.BasicBinder      : binding parameter [1] as [BIGINT] - [1183]
2022-08-03 17:19:00.853 TRACE 33572 --- [    Test worker] o.h.type.descriptor.sql.BasicExtractor   : extracted value ([post_id10_1_] : [BIGINT]) - [953]
2022-08-03 17:19:00.853 TRACE 33572 --- [    Test worker] o.h.type.descriptor.sql.BasicExtractor   : extracted value ([member_i9_1_] : [BIGINT]) - [1183]
2022-08-03 17:19:00.878  INFO 33572 --- [    Test worker] o.s.t.c.transaction.TransactionContext   : Rolled back transaction for test: [DefaultTestContext@17eb5661 testClass = DonationRepositoryTest, testInstance = kakao.valuetogether.repository.DonationRepositoryTest@31b2c451, testMethod = donateCheer@DonationRepositoryTest, testException = [null], mergedContextConfiguration = [WebMergedContextConfiguration@75b5d09 testClass = DonationRepositoryTest, locations = '{}', classes = '{class kakao.valuetogether.ValuetogetherApplication}', contextInitializerClasses = '[]', activeProfiles = '{}', propertySourceLocations = '{}', propertySourceProperties = '{org.springframework.boot.test.context.SpringBootTestContextBootstrapper=true}', contextCustomizers = set[org.springframework.boot.test.autoconfigure.actuate.metrics.MetricsExportContextCustomizerFactory$DisableMetricExportContextCustomizer@422c3c7a, org.springframework.boot.test.autoconfigure.properties.PropertyMappingContextCustomizer@0, org.springframework.boot.test.autoconfigure.web.servlet.WebDriverContextCustomizerFactory$Customizer@306851c7, org.springframework.boot.test.context.filter.ExcludeFilterContextCustomizer@41813449, org.springframework.boot.test.json.DuplicateJsonObjectContextCustomizerFactory$DuplicateJsonObjectContextCustomizer@5b07730f, org.springframework.boot.test.mock.mockito.MockitoContextCustomizer@0, org.springframework.boot.test.web.client.TestRestTemplateContextCustomizer@556d0826, org.springframework.boot.test.context.SpringBootTestArgs@1, org.springframework.boot.test.context.SpringBootTestWebEnvironment@15a04efb], resourceBasePath = 'src/main/webapp', contextLoader = 'org.springframework.boot.test.context.SpringBootContextLoader', parent = [null]], attributes = map['org.springframework.test.context.web.ServletTestExecutionListener.activateListener' -> true, 'org.springframework.test.context.web.ServletTestExecutionListener.populatedRequestContextHolder' -> true, 'org.springframework.test.context.web.ServletTestExecutionListener.resetRequestContextHolder' -> true, 'org.springframework.test.context.event.ApplicationEventsTestExecutionListener.recordApplicationEvents' -> false]]
2022-08-03 17:19:00.889  INFO 33572 --- [    Test worker] o.s.t.c.transaction.TransactionContext   : Began transaction (1) for test context [DefaultTestContext@17eb5661 testClass = DonationRepositoryTest, testInstance = kakao.valuetogether.repository.DonationRepositoryTest@64aab3fd, testMethod = donateShare@DonationRepositoryTest, testException = [null], mergedContextConfiguration = [WebMergedContextConfiguration@75b5d09 testClass = DonationRepositoryTest, locations = '{}', classes = '{class kakao.valuetogether.ValuetogetherApplication}', contextInitializerClasses = '[]', activeProfiles = '{}', propertySourceLocations = '{}', propertySourceProperties = '{org.springframework.boot.test.context.SpringBootTestContextBootstrapper=true}', contextCustomizers = set[org.springframework.boot.test.autoconfigure.actuate.metrics.MetricsExportContextCustomizerFactory$DisableMetricExportContextCustomizer@422c3c7a, org.springframework.boot.test.autoconfigure.properties.PropertyMappingContextCustomizer@0, org.springframework.boot.test.autoconfigure.web.servlet.WebDriverContextCustomizerFactory$Customizer@306851c7, org.springframework.boot.test.context.filter.ExcludeFilterContextCustomizer@41813449, org.springframework.boot.test.json.DuplicateJsonObjectContextCustomizerFactory$DuplicateJsonObjectContextCustomizer@5b07730f, org.springframework.boot.test.mock.mockito.MockitoContextCustomizer@0, org.springframework.boot.test.web.client.TestRestTemplateContextCustomizer@556d0826, org.springframework.boot.test.context.SpringBootTestArgs@1, org.springframework.boot.test.context.SpringBootTestWebEnvironment@15a04efb], resourceBasePath = 'src/main/webapp', contextLoader = 'org.springframework.boot.test.context.SpringBootContextLoader', parent = [null]], attributes = map['org.springframework.test.context.web.ServletTestExecutionListener.activateListener' -> true, 'org.springframework.test.context.web.ServletTestExecutionListener.populatedRequestContextHolder' -> true, 'org.springframework.test.context.web.ServletTestExecutionListener.resetRequestContextHolder' -> true, 'org.springframework.test.context.event.ApplicationEventsTestExecutionListener.recordApplicationEvents' -> false]]; transaction manager [org.springframework.orm.jpa.JpaTransactionManager@77d7d2d0]; rollback [true]
2022-08-03 17:19:00.891 DEBUG 33572 --- [    Test worker] org.hibernate.SQL                        : 
    insert 
    into
        member
        (member_address, member_birthday, member_email, member_gender, member_name, member_nickname, member_phone, member_pw) 
    values
        (?, ?, ?, ?, ?, ?, ?, ?)
2022-08-03 17:19:00.891 TRACE 33572 --- [    Test worker] o.h.type.descriptor.sql.BasicBinder      : binding parameter [1] as [VARCHAR] - [asdfasd]
2022-08-03 17:19:00.891 TRACE 33572 --- [    Test worker] o.h.type.descriptor.sql.BasicBinder      : binding parameter [2] as [VARCHAR] - [asdf]
2022-08-03 17:19:00.891 TRACE 33572 --- [    Test worker] o.h.type.descriptor.sql.BasicBinder      : binding parameter [3] as [VARCHAR] - [email]
2022-08-03 17:19:00.891 TRACE 33572 --- [    Test worker] o.h.type.descriptor.sql.BasicBinder      : binding parameter [4] as [VARCHAR] - [asdf]
2022-08-03 17:19:00.891 TRACE 33572 --- [    Test worker] o.h.type.descriptor.sql.BasicBinder      : binding parameter [5] as [VARCHAR] - [name]
2022-08-03 17:19:00.891 TRACE 33572 --- [    Test worker] o.h.type.descriptor.sql.BasicBinder      : binding parameter [6] as [VARCHAR] - [asfsa]
2022-08-03 17:19:00.891 TRACE 33572 --- [    Test worker] o.h.type.descriptor.sql.BasicBinder      : binding parameter [7] as [VARCHAR] - [111]
2022-08-03 17:19:00.891 TRACE 33572 --- [    Test worker] o.h.type.descriptor.sql.BasicBinder      : binding parameter [8] as [VARCHAR] - [pw]
2022-08-03 17:19:00.901 DEBUG 33572 --- [    Test worker] org.hibernate.SQL                        : 
    insert 
    into
        post
        (article, end_date, image, is_confirm, member_id, start_date, sub_title, target, target_amount, title, topic) 
    values
        (?, ?, ?, ?, ?, ?, ?, ?, ?, ?, ?)
2022-08-03 17:19:00.902 TRACE 33572 --- [    Test worker] o.h.type.descriptor.sql.BasicBinder      : binding parameter [1] as [VARCHAR] - [article]
2022-08-03 17:19:00.902 TRACE 33572 --- [    Test worker] o.h.type.descriptor.sql.BasicBinder      : binding parameter [2] as [TIMESTAMP] - [2022-08-03 17:19:00.9017922]
2022-08-03 17:19:00.902 TRACE 33572 --- [    Test worker] o.h.type.descriptor.sql.BasicBinder      : binding parameter [3] as [VARCHAR] - [static/image]
2022-08-03 17:19:00.902 TRACE 33572 --- [    Test worker] o.h.type.descriptor.sql.BasicBinder      : binding parameter [4] as [BOOLEAN] - [false]
2022-08-03 17:19:00.902 TRACE 33572 --- [    Test worker] o.h.type.descriptor.sql.BasicBinder      : binding parameter [5] as [BIGINT] - [1184]
2022-08-03 17:19:00.902 TRACE 33572 --- [    Test worker] o.h.type.descriptor.sql.BasicBinder      : binding parameter [6] as [TIMESTAMP] - [2022-08-03 17:19:00.9017922]
2022-08-03 17:19:00.902 TRACE 33572 --- [    Test worker] o.h.type.descriptor.sql.BasicBinder      : binding parameter [7] as [VARCHAR] - [subTitle]
2022-08-03 17:19:00.902 TRACE 33572 --- [    Test worker] o.h.type.descriptor.sql.BasicBinder      : binding parameter [8] as [VARCHAR] - [실버세대]
2022-08-03 17:19:00.902 TRACE 33572 --- [    Test worker] o.h.type.descriptor.sql.BasicBinder      : binding parameter [9] as [INTEGER] - [100000]
2022-08-03 17:19:00.902 TRACE 33572 --- [    Test worker] o.h.type.descriptor.sql.BasicBinder      : binding parameter [10] as [VARCHAR] - [title]
2022-08-03 17:19:00.902 TRACE 33572 --- [    Test worker] o.h.type.descriptor.sql.BasicBinder      : binding parameter [11] as [VARCHAR] - [건강한삶]
2022-08-03 17:19:00.926 DEBUG 33572 --- [    Test worker] org.hibernate.SQL                        : 
    insert 
    into
        donation
        (cheer_donation, comment_donation, direct_donation, share_donation, count_cheer_donation, count_comment_donation, count_direct_donation, count_share_donation, post_id, member_id) 
    values
        (?, ?, ?, ?, ?, ?, ?, ?, ?, ?)
2022-08-03 17:19:00.926 TRACE 33572 --- [    Test worker] o.h.type.descriptor.sql.BasicBinder      : binding parameter [1] as [INTEGER] - [0]
2022-08-03 17:19:00.926 TRACE 33572 --- [    Test worker] o.h.type.descriptor.sql.BasicBinder      : binding parameter [2] as [INTEGER] - [0]
2022-08-03 17:19:00.926 TRACE 33572 --- [    Test worker] o.h.type.descriptor.sql.BasicBinder      : binding parameter [3] as [INTEGER] - [0]
2022-08-03 17:19:00.926 TRACE 33572 --- [    Test worker] o.h.type.descriptor.sql.BasicBinder      : binding parameter [4] as [INTEGER] - [0]
2022-08-03 17:19:00.926 TRACE 33572 --- [    Test worker] o.h.type.descriptor.sql.BasicBinder      : binding parameter [5] as [INTEGER] - [0]
2022-08-03 17:19:00.926 TRACE 33572 --- [    Test worker] o.h.type.descriptor.sql.BasicBinder      : binding parameter [6] as [INTEGER] - [0]
2022-08-03 17:19:00.926 TRACE 33572 --- [    Test worker] o.h.type.descriptor.sql.BasicBinder      : binding parameter [7] as [INTEGER] - [0]
2022-08-03 17:19:00.926 TRACE 33572 --- [    Test worker] o.h.type.descriptor.sql.BasicBinder      : binding parameter [8] as [INTEGER] - [0]
2022-08-03 17:19:00.926 TRACE 33572 --- [    Test worker] o.h.type.descriptor.sql.BasicBinder      : binding parameter [9] as [BIGINT] - [954]
2022-08-03 17:19:00.926 TRACE 33572 --- [    Test worker] o.h.type.descriptor.sql.BasicBinder      : binding parameter [10] as [BIGINT] - [1184]
2022-08-03 17:19:00.938 DEBUG 33572 --- [    Test worker] org.hibernate.SQL                        : 
    select
        donation0_.post_id as post_id10_1_,
        donation0_.member_id as member_i9_1_,
        donation0_.cheer_donation as cheer_do1_1_,
        donation0_.comment_donation as comment_2_1_,
        donation0_.direct_donation as direct_d3_1_,
        donation0_.share_donation as share_do4_1_,
        donation0_.count_cheer_donation as count_ch5_1_,
        donation0_.count_comment_donation as count_co6_1_,
        donation0_.count_direct_donation as count_di7_1_,
        donation0_.count_share_donation as count_sh8_1_ 
    from
        donation donation0_ 
    where
        donation0_.member_id=?
2022-08-03 17:19:00.939 TRACE 33572 --- [    Test worker] o.h.type.descriptor.sql.BasicBinder      : binding parameter [1] as [BIGINT] - [1184]
2022-08-03 17:19:00.951 TRACE 33572 --- [    Test worker] o.h.type.descriptor.sql.BasicExtractor   : extracted value ([post_id10_1_] : [BIGINT]) - [954]
2022-08-03 17:19:00.951 TRACE 33572 --- [    Test worker] o.h.type.descriptor.sql.BasicExtractor   : extracted value ([member_i9_1_] : [BIGINT]) - [1184]
2022-08-03 17:19:00.974  INFO 33572 --- [    Test worker] o.s.t.c.transaction.TransactionContext   : Rolled back transaction for test: [DefaultTestContext@17eb5661 testClass = DonationRepositoryTest, testInstance = kakao.valuetogether.repository.DonationRepositoryTest@64aab3fd, testMethod = donateShare@DonationRepositoryTest, testException = [null], mergedContextConfiguration = [WebMergedContextConfiguration@75b5d09 testClass = DonationRepositoryTest, locations = '{}', classes = '{class kakao.valuetogether.ValuetogetherApplication}', contextInitializerClasses = '[]', activeProfiles = '{}', propertySourceLocations = '{}', propertySourceProperties = '{org.springframework.boot.test.context.SpringBootTestContextBootstrapper=true}', contextCustomizers = set[org.springframework.boot.test.autoconfigure.actuate.metrics.MetricsExportContextCustomizerFactory$DisableMetricExportContextCustomizer@422c3c7a, org.springframework.boot.test.autoconfigure.properties.PropertyMappingContextCustomizer@0, org.springframework.boot.test.autoconfigure.web.servlet.WebDriverContextCustomizerFactory$Customizer@306851c7, org.springframework.boot.test.context.filter.ExcludeFilterContextCustomizer@41813449, org.springframework.boot.test.json.DuplicateJsonObjectContextCustomizerFactory$DuplicateJsonObjectContextCustomizer@5b07730f, org.springframework.boot.test.mock.mockito.MockitoContextCustomizer@0, org.springframework.boot.test.web.client.TestRestTemplateContextCustomizer@556d0826, org.springframework.boot.test.context.SpringBootTestArgs@1, org.springframework.boot.test.context.SpringBootTestWebEnvironment@15a04efb], resourceBasePath = 'src/main/webapp', contextLoader = 'org.springframework.boot.test.context.SpringBootContextLoader', parent = [null]], attributes = map['org.springframework.test.context.web.ServletTestExecutionListener.activateListener' -> true, 'org.springframework.test.context.web.ServletTestExecutionListener.populatedRequestContextHolder' -> true, 'org.springframework.test.context.web.ServletTestExecutionListener.resetRequestContextHolder' -> true, 'org.springframework.test.context.event.ApplicationEventsTestExecutionListener.recordApplicationEvents' -> false]]
2022-08-03 17:19:00.985  INFO 33572 --- [    Test worker] o.s.t.c.transaction.TransactionContext   : Began transaction (1) for test context [DefaultTestContext@17eb5661 testClass = DonationRepositoryTest, testInstance = kakao.valuetogether.repository.DonationRepositoryTest@7eb370c5, testMethod = donateComment@DonationRepositoryTest, testException = [null], mergedContextConfiguration = [WebMergedContextConfiguration@75b5d09 testClass = DonationRepositoryTest, locations = '{}', classes = '{class kakao.valuetogether.ValuetogetherApplication}', contextInitializerClasses = '[]', activeProfiles = '{}', propertySourceLocations = '{}', propertySourceProperties = '{org.springframework.boot.test.context.SpringBootTestContextBootstrapper=true}', contextCustomizers = set[org.springframework.boot.test.autoconfigure.actuate.metrics.MetricsExportContextCustomizerFactory$DisableMetricExportContextCustomizer@422c3c7a, org.springframework.boot.test.autoconfigure.properties.PropertyMappingContextCustomizer@0, org.springframework.boot.test.autoconfigure.web.servlet.WebDriverContextCustomizerFactory$Customizer@306851c7, org.springframework.boot.test.context.filter.ExcludeFilterContextCustomizer@41813449, org.springframework.boot.test.json.DuplicateJsonObjectContextCustomizerFactory$DuplicateJsonObjectContextCustomizer@5b07730f, org.springframework.boot.test.mock.mockito.MockitoContextCustomizer@0, org.springframework.boot.test.web.client.TestRestTemplateContextCustomizer@556d0826, org.springframework.boot.test.context.SpringBootTestArgs@1, org.springframework.boot.test.context.SpringBootTestWebEnvironment@15a04efb], resourceBasePath = 'src/main/webapp', contextLoader = 'org.springframework.boot.test.context.SpringBootContextLoader', parent = [null]], attributes = map['org.springframework.test.context.web.ServletTestExecutionListener.activateListener' -> true, 'org.springframework.test.context.web.ServletTestExecutionListener.populatedRequestContextHolder' -> true, 'org.springframework.test.context.web.ServletTestExecutionListener.resetRequestContextHolder' -> true, 'org.springframework.test.context.event.ApplicationEventsTestExecutionListener.recordApplicationEvents' -> false]]; transaction manager [org.springframework.orm.jpa.JpaTransactionManager@77d7d2d0]; rollback [true]
2022-08-03 17:19:00.987 DEBUG 33572 --- [    Test worker] org.hibernate.SQL                        : 
    insert 
    into
        member
        (member_address, member_birthday, member_email, member_gender, member_name, member_nickname, member_phone, member_pw) 
    values
        (?, ?, ?, ?, ?, ?, ?, ?)
2022-08-03 17:19:00.988 TRACE 33572 --- [    Test worker] o.h.type.descriptor.sql.BasicBinder      : binding parameter [1] as [VARCHAR] - [asdfasd]
2022-08-03 17:19:00.988 TRACE 33572 --- [    Test worker] o.h.type.descriptor.sql.BasicBinder      : binding parameter [2] as [VARCHAR] - [asdf]
2022-08-03 17:19:00.988 TRACE 33572 --- [    Test worker] o.h.type.descriptor.sql.BasicBinder      : binding parameter [3] as [VARCHAR] - [email]
2022-08-03 17:19:00.988 TRACE 33572 --- [    Test worker] o.h.type.descriptor.sql.BasicBinder      : binding parameter [4] as [VARCHAR] - [asdf]
2022-08-03 17:19:00.988 TRACE 33572 --- [    Test worker] o.h.type.descriptor.sql.BasicBinder      : binding parameter [5] as [VARCHAR] - [name]
2022-08-03 17:19:00.988 TRACE 33572 --- [    Test worker] o.h.type.descriptor.sql.BasicBinder      : binding parameter [6] as [VARCHAR] - [asfsa]
2022-08-03 17:19:00.988 TRACE 33572 --- [    Test worker] o.h.type.descriptor.sql.BasicBinder      : binding parameter [7] as [VARCHAR] - [111]
2022-08-03 17:19:00.988 TRACE 33572 --- [    Test worker] o.h.type.descriptor.sql.BasicBinder      : binding parameter [8] as [VARCHAR] - [pw]
2022-08-03 17:19:00.998 DEBUG 33572 --- [    Test worker] org.hibernate.SQL                        : 
    insert 
    into
        post
        (article, end_date, image, is_confirm, member_id, start_date, sub_title, target, target_amount, title, topic) 
    values
        (?, ?, ?, ?, ?, ?, ?, ?, ?, ?, ?)
2022-08-03 17:19:00.999 TRACE 33572 --- [    Test worker] o.h.type.descriptor.sql.BasicBinder      : binding parameter [1] as [VARCHAR] - [article]
2022-08-03 17:19:00.999 TRACE 33572 --- [    Test worker] o.h.type.descriptor.sql.BasicBinder      : binding parameter [2] as [TIMESTAMP] - [2022-08-03 17:19:00.997934]
2022-08-03 17:19:00.999 TRACE 33572 --- [    Test worker] o.h.type.descriptor.sql.BasicBinder      : binding parameter [3] as [VARCHAR] - [static/image]
2022-08-03 17:19:00.999 TRACE 33572 --- [    Test worker] o.h.type.descriptor.sql.BasicBinder      : binding parameter [4] as [BOOLEAN] - [false]
2022-08-03 17:19:00.999 TRACE 33572 --- [    Test worker] o.h.type.descriptor.sql.BasicBinder      : binding parameter [5] as [BIGINT] - [1185]
2022-08-03 17:19:00.999 TRACE 33572 --- [    Test worker] o.h.type.descriptor.sql.BasicBinder      : binding parameter [6] as [TIMESTAMP] - [2022-08-03 17:19:00.997934]
2022-08-03 17:19:00.999 TRACE 33572 --- [    Test worker] o.h.type.descriptor.sql.BasicBinder      : binding parameter [7] as [VARCHAR] - [subTitle]
2022-08-03 17:19:00.999 TRACE 33572 --- [    Test worker] o.h.type.descriptor.sql.BasicBinder      : binding parameter [8] as [VARCHAR] - [실버세대]
2022-08-03 17:19:00.999 TRACE 33572 --- [    Test worker] o.h.type.descriptor.sql.BasicBinder      : binding parameter [9] as [INTEGER] - [100000]
2022-08-03 17:19:00.999 TRACE 33572 --- [    Test worker] o.h.type.descriptor.sql.BasicBinder      : binding parameter [10] as [VARCHAR] - [title]
2022-08-03 17:19:00.999 TRACE 33572 --- [    Test worker] o.h.type.descriptor.sql.BasicBinder      : binding parameter [11] as [VARCHAR] - [건강한삶]
2022-08-03 17:19:01.010 DEBUG 33572 --- [    Test worker] org.hibernate.SQL                        : 
    insert 
    into
        donation
        (cheer_donation, comment_donation, direct_donation, share_donation, count_cheer_donation, count_comment_donation, count_direct_donation, count_share_donation, post_id, member_id) 
    values
        (?, ?, ?, ?, ?, ?, ?, ?, ?, ?)
2022-08-03 17:19:01.010 TRACE 33572 --- [    Test worker] o.h.type.descriptor.sql.BasicBinder      : binding parameter [1] as [INTEGER] - [0]
2022-08-03 17:19:01.010 TRACE 33572 --- [    Test worker] o.h.type.descriptor.sql.BasicBinder      : binding parameter [2] as [INTEGER] - [0]
2022-08-03 17:19:01.010 TRACE 33572 --- [    Test worker] o.h.type.descriptor.sql.BasicBinder      : binding parameter [3] as [INTEGER] - [0]
2022-08-03 17:19:01.010 TRACE 33572 --- [    Test worker] o.h.type.descriptor.sql.BasicBinder      : binding parameter [4] as [INTEGER] - [0]
2022-08-03 17:19:01.010 TRACE 33572 --- [    Test worker] o.h.type.descriptor.sql.BasicBinder      : binding parameter [5] as [INTEGER] - [0]
2022-08-03 17:19:01.010 TRACE 33572 --- [    Test worker] o.h.type.descriptor.sql.BasicBinder      : binding parameter [6] as [INTEGER] - [0]
2022-08-03 17:19:01.010 TRACE 33572 --- [    Test worker] o.h.type.descriptor.sql.BasicBinder      : binding parameter [7] as [INTEGER] - [0]
2022-08-03 17:19:01.010 TRACE 33572 --- [    Test worker] o.h.type.descriptor.sql.BasicBinder      : binding parameter [8] as [INTEGER] - [0]
2022-08-03 17:19:01.010 TRACE 33572 --- [    Test worker] o.h.type.descriptor.sql.BasicBinder      : binding parameter [9] as [BIGINT] - [955]
2022-08-03 17:19:01.010 TRACE 33572 --- [    Test worker] o.h.type.descriptor.sql.BasicBinder      : binding parameter [10] as [BIGINT] - [1185]
2022-08-03 17:19:01.018 DEBUG 33572 --- [    Test worker] org.hibernate.SQL                        : 
    select
        donation0_.post_id as post_id10_1_,
        donation0_.member_id as member_i9_1_,
        donation0_.cheer_donation as cheer_do1_1_,
        donation0_.comment_donation as comment_2_1_,
        donation0_.direct_donation as direct_d3_1_,
        donation0_.share_donation as share_do4_1_,
        donation0_.count_cheer_donation as count_ch5_1_,
        donation0_.count_comment_donation as count_co6_1_,
        donation0_.count_direct_donation as count_di7_1_,
        donation0_.count_share_donation as count_sh8_1_ 
    from
        donation donation0_ 
    where
        donation0_.member_id=?
2022-08-03 17:19:01.019 TRACE 33572 --- [    Test worker] o.h.type.descriptor.sql.BasicBinder      : binding parameter [1] as [BIGINT] - [1185]
2022-08-03 17:19:01.243 TRACE 33572 --- [    Test worker] o.h.type.descriptor.sql.BasicExtractor   : extracted value ([post_id10_1_] : [BIGINT]) - [955]
2022-08-03 17:19:01.243 TRACE 33572 --- [    Test worker] o.h.type.descriptor.sql.BasicExtractor   : extracted value ([member_i9_1_] : [BIGINT]) - [1185]
2022-08-03 17:19:01.267  INFO 33572 --- [    Test worker] o.s.t.c.transaction.TransactionContext   : Rolled back transaction for test: [DefaultTestContext@17eb5661 testClass = DonationRepositoryTest, testInstance = kakao.valuetogether.repository.DonationRepositoryTest@7eb370c5, testMethod = donateComment@DonationRepositoryTest, testException = [null], mergedContextConfiguration = [WebMergedContextConfiguration@75b5d09 testClass = DonationRepositoryTest, locations = '{}', classes = '{class kakao.valuetogether.ValuetogetherApplication}', contextInitializerClasses = '[]', activeProfiles = '{}', propertySourceLocations = '{}', propertySourceProperties = '{org.springframework.boot.test.context.SpringBootTestContextBootstrapper=true}', contextCustomizers = set[org.springframework.boot.test.autoconfigure.actuate.metrics.MetricsExportContextCustomizerFactory$DisableMetricExportContextCustomizer@422c3c7a, org.springframework.boot.test.autoconfigure.properties.PropertyMappingContextCustomizer@0, org.springframework.boot.test.autoconfigure.web.servlet.WebDriverContextCustomizerFactory$Customizer@306851c7, org.springframework.boot.test.context.filter.ExcludeFilterContextCustomizer@41813449, org.springframework.boot.test.json.DuplicateJsonObjectContextCustomizerFactory$DuplicateJsonObjectContextCustomizer@5b07730f, org.springframework.boot.test.mock.mockito.MockitoContextCustomizer@0, org.springframework.boot.test.web.client.TestRestTemplateContextCustomizer@556d0826, org.springframework.boot.test.context.SpringBootTestArgs@1, org.springframework.boot.test.context.SpringBootTestWebEnvironment@15a04efb], resourceBasePath = 'src/main/webapp', contextLoader = 'org.springframework.boot.test.context.SpringBootContextLoader', parent = [null]], attributes = map['org.springframework.test.context.web.ServletTestExecutionListener.activateListener' -> true, 'org.springframework.test.context.web.ServletTestExecutionListener.populatedRequestContextHolder' -> true, 'org.springframework.test.context.web.ServletTestExecutionListener.resetRequestContextHolder' -> true, 'org.springframework.test.context.event.ApplicationEventsTestExecutionListener.recordApplicationEvents' -> false]]
2022-08-03 17:19:01.278  INFO 33572 --- [    Test worker] o.s.t.c.transaction.TransactionContext   : Began transaction (1) for test context [DefaultTestContext@17eb5661 testClass = DonationRepositoryTest, testInstance = kakao.valuetogether.repository.DonationRepositoryTest@2dac4d04, testMethod = donateDirect@DonationRepositoryTest, testException = [null], mergedContextConfiguration = [WebMergedContextConfiguration@75b5d09 testClass = DonationRepositoryTest, locations = '{}', classes = '{class kakao.valuetogether.ValuetogetherApplication}', contextInitializerClasses = '[]', activeProfiles = '{}', propertySourceLocations = '{}', propertySourceProperties = '{org.springframework.boot.test.context.SpringBootTestContextBootstrapper=true}', contextCustomizers = set[org.springframework.boot.test.autoconfigure.actuate.metrics.MetricsExportContextCustomizerFactory$DisableMetricExportContextCustomizer@422c3c7a, org.springframework.boot.test.autoconfigure.properties.PropertyMappingContextCustomizer@0, org.springframework.boot.test.autoconfigure.web.servlet.WebDriverContextCustomizerFactory$Customizer@306851c7, org.springframework.boot.test.context.filter.ExcludeFilterContextCustomizer@41813449, org.springframework.boot.test.json.DuplicateJsonObjectContextCustomizerFactory$DuplicateJsonObjectContextCustomizer@5b07730f, org.springframework.boot.test.mock.mockito.MockitoContextCustomizer@0, org.springframework.boot.test.web.client.TestRestTemplateContextCustomizer@556d0826, org.springframework.boot.test.context.SpringBootTestArgs@1, org.springframework.boot.test.context.SpringBootTestWebEnvironment@15a04efb], resourceBasePath = 'src/main/webapp', contextLoader = 'org.springframework.boot.test.context.SpringBootContextLoader', parent = [null]], attributes = map['org.springframework.test.context.web.ServletTestExecutionListener.activateListener' -> true, 'org.springframework.test.context.web.ServletTestExecutionListener.populatedRequestContextHolder' -> true, 'org.springframework.test.context.web.ServletTestExecutionListener.resetRequestContextHolder' -> true, 'org.springframework.test.context.event.ApplicationEventsTestExecutionListener.recordApplicationEvents' -> false]]; transaction manager [org.springframework.orm.jpa.JpaTransactionManager@77d7d2d0]; rollback [true]
2022-08-03 17:19:01.280 DEBUG 33572 --- [    Test worker] org.hibernate.SQL                        : 
    insert 
    into
        member
        (member_address, member_birthday, member_email, member_gender, member_name, member_nickname, member_phone, member_pw) 
    values
        (?, ?, ?, ?, ?, ?, ?, ?)
2022-08-03 17:19:01.280 TRACE 33572 --- [    Test worker] o.h.type.descriptor.sql.BasicBinder      : binding parameter [1] as [VARCHAR] - [asdfasd]
2022-08-03 17:19:01.280 TRACE 33572 --- [    Test worker] o.h.type.descriptor.sql.BasicBinder      : binding parameter [2] as [VARCHAR] - [asdf]
2022-08-03 17:19:01.280 TRACE 33572 --- [    Test worker] o.h.type.descriptor.sql.BasicBinder      : binding parameter [3] as [VARCHAR] - [email]
2022-08-03 17:19:01.281 TRACE 33572 --- [    Test worker] o.h.type.descriptor.sql.BasicBinder      : binding parameter [4] as [VARCHAR] - [asdf]
2022-08-03 17:19:01.281 TRACE 33572 --- [    Test worker] o.h.type.descriptor.sql.BasicBinder      : binding parameter [5] as [VARCHAR] - [name]
2022-08-03 17:19:01.281 TRACE 33572 --- [    Test worker] o.h.type.descriptor.sql.BasicBinder      : binding parameter [6] as [VARCHAR] - [asfsa]
2022-08-03 17:19:01.281 TRACE 33572 --- [    Test worker] o.h.type.descriptor.sql.BasicBinder      : binding parameter [7] as [VARCHAR] - [111]
2022-08-03 17:19:01.281 TRACE 33572 --- [    Test worker] o.h.type.descriptor.sql.BasicBinder      : binding parameter [8] as [VARCHAR] - [pw]
2022-08-03 17:19:01.291 DEBUG 33572 --- [    Test worker] org.hibernate.SQL                        : 
    insert 
    into
        post
        (article, end_date, image, is_confirm, member_id, start_date, sub_title, target, target_amount, title, topic) 
    values
        (?, ?, ?, ?, ?, ?, ?, ?, ?, ?, ?)
2022-08-03 17:19:01.291 TRACE 33572 --- [    Test worker] o.h.type.descriptor.sql.BasicBinder      : binding parameter [1] as [VARCHAR] - [article]
2022-08-03 17:19:01.292 TRACE 33572 --- [    Test worker] o.h.type.descriptor.sql.BasicBinder      : binding parameter [2] as [TIMESTAMP] - [2022-08-03 17:19:01.2910672]
2022-08-03 17:19:01.292 TRACE 33572 --- [    Test worker] o.h.type.descriptor.sql.BasicBinder      : binding parameter [3] as [VARCHAR] - [static/image]
2022-08-03 17:19:01.292 TRACE 33572 --- [    Test worker] o.h.type.descriptor.sql.BasicBinder      : binding parameter [4] as [BOOLEAN] - [false]
2022-08-03 17:19:01.292 TRACE 33572 --- [    Test worker] o.h.type.descriptor.sql.BasicBinder      : binding parameter [5] as [BIGINT] - [1186]
2022-08-03 17:19:01.292 TRACE 33572 --- [    Test worker] o.h.type.descriptor.sql.BasicBinder      : binding parameter [6] as [TIMESTAMP] - [2022-08-03 17:19:01.2910672]
2022-08-03 17:19:01.292 TRACE 33572 --- [    Test worker] o.h.type.descriptor.sql.BasicBinder      : binding parameter [7] as [VARCHAR] - [subTitle]
2022-08-03 17:19:01.292 TRACE 33572 --- [    Test worker] o.h.type.descriptor.sql.BasicBinder      : binding parameter [8] as [VARCHAR] - [실버세대]
2022-08-03 17:19:01.292 TRACE 33572 --- [    Test worker] o.h.type.descriptor.sql.BasicBinder      : binding parameter [9] as [INTEGER] - [100000]
2022-08-03 17:19:01.292 TRACE 33572 --- [    Test worker] o.h.type.descriptor.sql.BasicBinder      : binding parameter [10] as [VARCHAR] - [title]
2022-08-03 17:19:01.292 TRACE 33572 --- [    Test worker] o.h.type.descriptor.sql.BasicBinder      : binding parameter [11] as [VARCHAR] - [건강한삶]
2022-08-03 17:19:01.301 DEBUG 33572 --- [    Test worker] org.hibernate.SQL                        : 
    insert 
    into
        donation
        (cheer_donation, comment_donation, direct_donation, share_donation, count_cheer_donation, count_comment_donation, count_direct_donation, count_share_donation, post_id, member_id) 
    values
        (?, ?, ?, ?, ?, ?, ?, ?, ?, ?)
2022-08-03 17:19:01.302 TRACE 33572 --- [    Test worker] o.h.type.descriptor.sql.BasicBinder      : binding parameter [1] as [INTEGER] - [0]
2022-08-03 17:19:01.302 TRACE 33572 --- [    Test worker] o.h.type.descriptor.sql.BasicBinder      : binding parameter [2] as [INTEGER] - [0]
2022-08-03 17:19:01.302 TRACE 33572 --- [    Test worker] o.h.type.descriptor.sql.BasicBinder      : binding parameter [3] as [INTEGER] - [0]
2022-08-03 17:19:01.302 TRACE 33572 --- [    Test worker] o.h.type.descriptor.sql.BasicBinder      : binding parameter [4] as [INTEGER] - [0]
2022-08-03 17:19:01.302 TRACE 33572 --- [    Test worker] o.h.type.descriptor.sql.BasicBinder      : binding parameter [5] as [INTEGER] - [0]
2022-08-03 17:19:01.302 TRACE 33572 --- [    Test worker] o.h.type.descriptor.sql.BasicBinder      : binding parameter [6] as [INTEGER] - [0]
2022-08-03 17:19:01.302 TRACE 33572 --- [    Test worker] o.h.type.descriptor.sql.BasicBinder      : binding parameter [7] as [INTEGER] - [0]
2022-08-03 17:19:01.302 TRACE 33572 --- [    Test worker] o.h.type.descriptor.sql.BasicBinder      : binding parameter [8] as [INTEGER] - [0]
2022-08-03 17:19:01.302 TRACE 33572 --- [    Test worker] o.h.type.descriptor.sql.BasicBinder      : binding parameter [9] as [BIGINT] - [956]
2022-08-03 17:19:01.302 TRACE 33572 --- [    Test worker] o.h.type.descriptor.sql.BasicBinder      : binding parameter [10] as [BIGINT] - [1186]
2022-08-03 17:19:01.311 DEBUG 33572 --- [    Test worker] org.hibernate.SQL                        : 
    select
        donation0_.post_id as post_id10_1_,
        donation0_.member_id as member_i9_1_,
        donation0_.cheer_donation as cheer_do1_1_,
        donation0_.comment_donation as comment_2_1_,
        donation0_.direct_donation as direct_d3_1_,
        donation0_.share_donation as share_do4_1_,
        donation0_.count_cheer_donation as count_ch5_1_,
        donation0_.count_comment_donation as count_co6_1_,
        donation0_.count_direct_donation as count_di7_1_,
        donation0_.count_share_donation as count_sh8_1_ 
    from
        donation donation0_ 
    where
        donation0_.member_id=?
2022-08-03 17:19:01.312 TRACE 33572 --- [    Test worker] o.h.type.descriptor.sql.BasicBinder      : binding parameter [1] as [BIGINT] - [1186]
2022-08-03 17:19:01.506 TRACE 33572 --- [    Test worker] o.h.type.descriptor.sql.BasicExtractor   : extracted value ([post_id10_1_] : [BIGINT]) - [956]
2022-08-03 17:19:01.506 TRACE 33572 --- [    Test worker] o.h.type.descriptor.sql.BasicExtractor   : extracted value ([member_i9_1_] : [BIGINT]) - [1186]
2022-08-03 17:19:01.508 DEBUG 33572 --- [    Test worker] org.hibernate.SQL                        : 
    update
        donation 
    set
        cheer_donation=?,
        comment_donation=?,
        direct_donation=?,
        share_donation=?,
        count_cheer_donation=?,
        count_comment_donation=?,
        count_direct_donation=?,
        count_share_donation=? 
    where
        post_id=? 
        and member_id=?
2022-08-03 17:19:01.509 TRACE 33572 --- [    Test worker] o.h.type.descriptor.sql.BasicBinder      : binding parameter [1] as [INTEGER] - [0]
2022-08-03 17:19:01.509 TRACE 33572 --- [    Test worker] o.h.type.descriptor.sql.BasicBinder      : binding parameter [2] as [INTEGER] - [0]
2022-08-03 17:19:01.509 TRACE 33572 --- [    Test worker] o.h.type.descriptor.sql.BasicBinder      : binding parameter [3] as [INTEGER] - [1000]
2022-08-03 17:19:01.509 TRACE 33572 --- [    Test worker] o.h.type.descriptor.sql.BasicBinder      : binding parameter [4] as [INTEGER] - [0]
2022-08-03 17:19:01.509 TRACE 33572 --- [    Test worker] o.h.type.descriptor.sql.BasicBinder      : binding parameter [5] as [INTEGER] - [0]
2022-08-03 17:19:01.509 TRACE 33572 --- [    Test worker] o.h.type.descriptor.sql.BasicBinder      : binding parameter [6] as [INTEGER] - [0]
2022-08-03 17:19:01.509 TRACE 33572 --- [    Test worker] o.h.type.descriptor.sql.BasicBinder      : binding parameter [7] as [INTEGER] - [0]
2022-08-03 17:19:01.509 TRACE 33572 --- [    Test worker] o.h.type.descriptor.sql.BasicBinder      : binding parameter [8] as [INTEGER] - [0]
2022-08-03 17:19:01.509 TRACE 33572 --- [    Test worker] o.h.type.descriptor.sql.BasicBinder      : binding parameter [9] as [BIGINT] - [956]
2022-08-03 17:19:01.509 TRACE 33572 --- [    Test worker] o.h.type.descriptor.sql.BasicBinder      : binding parameter [10] as [BIGINT] - [1186]
2022-08-03 17:19:01.519 DEBUG 33572 --- [    Test worker] org.hibernate.SQL                        : 
    select
        donation0_.post_id as post_id10_1_,
        donation0_.member_id as member_i9_1_,
        donation0_.cheer_donation as cheer_do1_1_,
        donation0_.comment_donation as comment_2_1_,
        donation0_.direct_donation as direct_d3_1_,
        donation0_.share_donation as share_do4_1_,
        donation0_.count_cheer_donation as count_ch5_1_,
        donation0_.count_comment_donation as count_co6_1_,
        donation0_.count_direct_donation as count_di7_1_,
        donation0_.count_share_donation as count_sh8_1_ 
    from
        donation donation0_ 
    where
        donation0_.member_id=?
2022-08-03 17:19:01.520 TRACE 33572 --- [    Test worker] o.h.type.descriptor.sql.BasicBinder      : binding parameter [1] as [BIGINT] - [1186]
2022-08-03 17:19:01.528 TRACE 33572 --- [    Test worker] o.h.type.descriptor.sql.BasicExtractor   : extracted value ([post_id10_1_] : [BIGINT]) - [956]
2022-08-03 17:19:01.528 TRACE 33572 --- [    Test worker] o.h.type.descriptor.sql.BasicExtractor   : extracted value ([member_i9_1_] : [BIGINT]) - [1186]
2022-08-03 17:19:01.550  INFO 33572 --- [    Test worker] o.s.t.c.transaction.TransactionContext   : Rolled back transaction for test: [DefaultTestContext@17eb5661 testClass = DonationRepositoryTest, testInstance = kakao.valuetogether.repository.DonationRepositoryTest@2dac4d04, testMethod = donateDirect@DonationRepositoryTest, testException = [null], mergedContextConfiguration = [WebMergedContextConfiguration@75b5d09 testClass = DonationRepositoryTest, locations = '{}', classes = '{class kakao.valuetogether.ValuetogetherApplication}', contextInitializerClasses = '[]', activeProfiles = '{}', propertySourceLocations = '{}', propertySourceProperties = '{org.springframework.boot.test.context.SpringBootTestContextBootstrapper=true}', contextCustomizers = set[org.springframework.boot.test.autoconfigure.actuate.metrics.MetricsExportContextCustomizerFactory$DisableMetricExportContextCustomizer@422c3c7a, org.springframework.boot.test.autoconfigure.properties.PropertyMappingContextCustomizer@0, org.springframework.boot.test.autoconfigure.web.servlet.WebDriverContextCustomizerFactory$Customizer@306851c7, org.springframework.boot.test.context.filter.ExcludeFilterContextCustomizer@41813449, org.springframework.boot.test.json.DuplicateJsonObjectContextCustomizerFactory$DuplicateJsonObjectContextCustomizer@5b07730f, org.springframework.boot.test.mock.mockito.MockitoContextCustomizer@0, org.springframework.boot.test.web.client.TestRestTemplateContextCustomizer@556d0826, org.springframework.boot.test.context.SpringBootTestArgs@1, org.springframework.boot.test.context.SpringBootTestWebEnvironment@15a04efb], resourceBasePath = 'src/main/webapp', contextLoader = 'org.springframework.boot.test.context.SpringBootContextLoader', parent = [null]], attributes = map['org.springframework.test.context.web.ServletTestExecutionListener.activateListener' -> true, 'org.springframework.test.context.web.ServletTestExecutionListener.populatedRequestContextHolder' -> true, 'org.springframework.test.context.web.ServletTestExecutionListener.resetRequestContextHolder' -> true, 'org.springframework.test.context.event.ApplicationEventsTestExecutionListener.recordApplicationEvents' -> false]]
2022-08-03 17:19:01.561  INFO 33572 --- [    Test worker] o.s.t.c.transaction.TransactionContext   : Began transaction (1) for test context [DefaultTestContext@17eb5661 testClass = DonationRepositoryTest, testInstance = kakao.valuetogether.repository.DonationRepositoryTest@52db9036, testMethod = saveAndFindByMember@DonationRepositoryTest, testException = [null], mergedContextConfiguration = [WebMergedContextConfiguration@75b5d09 testClass = DonationRepositoryTest, locations = '{}', classes = '{class kakao.valuetogether.ValuetogetherApplication}', contextInitializerClasses = '[]', activeProfiles = '{}', propertySourceLocations = '{}', propertySourceProperties = '{org.springframework.boot.test.context.SpringBootTestContextBootstrapper=true}', contextCustomizers = set[org.springframework.boot.test.autoconfigure.actuate.metrics.MetricsExportContextCustomizerFactory$DisableMetricExportContextCustomizer@422c3c7a, org.springframework.boot.test.autoconfigure.properties.PropertyMappingContextCustomizer@0, org.springframework.boot.test.autoconfigure.web.servlet.WebDriverContextCustomizerFactory$Customizer@306851c7, org.springframework.boot.test.context.filter.ExcludeFilterContextCustomizer@41813449, org.springframework.boot.test.json.DuplicateJsonObjectContextCustomizerFactory$DuplicateJsonObjectContextCustomizer@5b07730f, org.springframework.boot.test.mock.mockito.MockitoContextCustomizer@0, org.springframework.boot.test.web.client.TestRestTemplateContextCustomizer@556d0826, org.springframework.boot.test.context.SpringBootTestArgs@1, org.springframework.boot.test.context.SpringBootTestWebEnvironment@15a04efb], resourceBasePath = 'src/main/webapp', contextLoader = 'org.springframework.boot.test.context.SpringBootContextLoader', parent = [null]], attributes = map['org.springframework.test.context.web.ServletTestExecutionListener.activateListener' -> true, 'org.springframework.test.context.web.ServletTestExecutionListener.populatedRequestContextHolder' -> true, 'org.springframework.test.context.web.ServletTestExecutionListener.resetRequestContextHolder' -> true, 'org.springframework.test.context.event.ApplicationEventsTestExecutionListener.recordApplicationEvents' -> false]]; transaction manager [org.springframework.orm.jpa.JpaTransactionManager@77d7d2d0]; rollback [true]
2022-08-03 17:19:01.563 DEBUG 33572 --- [    Test worker] org.hibernate.SQL                        : 
    insert 
    into
        member
        (member_address, member_birthday, member_email, member_gender, member_name, member_nickname, member_phone, member_pw) 
    values
        (?, ?, ?, ?, ?, ?, ?, ?)
2022-08-03 17:19:01.563 TRACE 33572 --- [    Test worker] o.h.type.descriptor.sql.BasicBinder      : binding parameter [1] as [VARCHAR] - [asdfasd]
2022-08-03 17:19:01.563 TRACE 33572 --- [    Test worker] o.h.type.descriptor.sql.BasicBinder      : binding parameter [2] as [VARCHAR] - [asdf]
2022-08-03 17:19:01.563 TRACE 33572 --- [    Test worker] o.h.type.descriptor.sql.BasicBinder      : binding parameter [3] as [VARCHAR] - [email]
2022-08-03 17:19:01.563 TRACE 33572 --- [    Test worker] o.h.type.descriptor.sql.BasicBinder      : binding parameter [4] as [VARCHAR] - [asdf]
2022-08-03 17:19:01.563 TRACE 33572 --- [    Test worker] o.h.type.descriptor.sql.BasicBinder      : binding parameter [5] as [VARCHAR] - [name]
2022-08-03 17:19:01.563 TRACE 33572 --- [    Test worker] o.h.type.descriptor.sql.BasicBinder      : binding parameter [6] as [VARCHAR] - [asfsa]
2022-08-03 17:19:01.563 TRACE 33572 --- [    Test worker] o.h.type.descriptor.sql.BasicBinder      : binding parameter [7] as [VARCHAR] - [111]
2022-08-03 17:19:01.563 TRACE 33572 --- [    Test worker] o.h.type.descriptor.sql.BasicBinder      : binding parameter [8] as [VARCHAR] - [pw]
2022-08-03 17:19:01.572 DEBUG 33572 --- [    Test worker] org.hibernate.SQL                        : 
    insert 
    into
        post
        (article, end_date, image, is_confirm, member_id, start_date, sub_title, target, target_amount, title, topic) 
    values
        (?, ?, ?, ?, ?, ?, ?, ?, ?, ?, ?)
2022-08-03 17:19:01.572 TRACE 33572 --- [    Test worker] o.h.type.descriptor.sql.BasicBinder      : binding parameter [1] as [VARCHAR] - [article]
2022-08-03 17:19:01.572 TRACE 33572 --- [    Test worker] o.h.type.descriptor.sql.BasicBinder      : binding parameter [2] as [TIMESTAMP] - [2022-08-03 17:19:01.5729928]
2022-08-03 17:19:01.572 TRACE 33572 --- [    Test worker] o.h.type.descriptor.sql.BasicBinder      : binding parameter [3] as [VARCHAR] - [static/image]
2022-08-03 17:19:01.572 TRACE 33572 --- [    Test worker] o.h.type.descriptor.sql.BasicBinder      : binding parameter [4] as [BOOLEAN] - [false]
2022-08-03 17:19:01.572 TRACE 33572 --- [    Test worker] o.h.type.descriptor.sql.BasicBinder      : binding parameter [5] as [BIGINT] - [1187]
2022-08-03 17:19:01.572 TRACE 33572 --- [    Test worker] o.h.type.descriptor.sql.BasicBinder      : binding parameter [6] as [TIMESTAMP] - [2022-08-03 17:19:01.5729928]
2022-08-03 17:19:01.572 TRACE 33572 --- [    Test worker] o.h.type.descriptor.sql.BasicBinder      : binding parameter [7] as [VARCHAR] - [subTitle]
2022-08-03 17:19:01.572 TRACE 33572 --- [    Test worker] o.h.type.descriptor.sql.BasicBinder      : binding parameter [8] as [VARCHAR] - [실버세대]
2022-08-03 17:19:01.572 TRACE 33572 --- [    Test worker] o.h.type.descriptor.sql.BasicBinder      : binding parameter [9] as [INTEGER] - [100000]
2022-08-03 17:19:01.573 TRACE 33572 --- [    Test worker] o.h.type.descriptor.sql.BasicBinder      : binding parameter [10] as [VARCHAR] - [title]
2022-08-03 17:19:01.573 TRACE 33572 --- [    Test worker] o.h.type.descriptor.sql.BasicBinder      : binding parameter [11] as [VARCHAR] - [건강한삶]
2022-08-03 17:19:01.583 DEBUG 33572 --- [    Test worker] org.hibernate.SQL                        : 
    insert 
    into
        donation
        (cheer_donation, comment_donation, direct_donation, share_donation, count_cheer_donation, count_comment_donation, count_direct_donation, count_share_donation, post_id, member_id) 
    values
        (?, ?, ?, ?, ?, ?, ?, ?, ?, ?)
2022-08-03 17:19:01.584 TRACE 33572 --- [    Test worker] o.h.type.descriptor.sql.BasicBinder      : binding parameter [1] as [INTEGER] - [0]
2022-08-03 17:19:01.584 TRACE 33572 --- [    Test worker] o.h.type.descriptor.sql.BasicBinder      : binding parameter [2] as [INTEGER] - [0]
2022-08-03 17:19:01.584 TRACE 33572 --- [    Test worker] o.h.type.descriptor.sql.BasicBinder      : binding parameter [3] as [INTEGER] - [0]
2022-08-03 17:19:01.584 TRACE 33572 --- [    Test worker] o.h.type.descriptor.sql.BasicBinder      : binding parameter [4] as [INTEGER] - [0]
2022-08-03 17:19:01.584 TRACE 33572 --- [    Test worker] o.h.type.descriptor.sql.BasicBinder      : binding parameter [5] as [INTEGER] - [0]
2022-08-03 17:19:01.584 TRACE 33572 --- [    Test worker] o.h.type.descriptor.sql.BasicBinder      : binding parameter [6] as [INTEGER] - [0]
2022-08-03 17:19:01.584 TRACE 33572 --- [    Test worker] o.h.type.descriptor.sql.BasicBinder      : binding parameter [7] as [INTEGER] - [0]
2022-08-03 17:19:01.584 TRACE 33572 --- [    Test worker] o.h.type.descriptor.sql.BasicBinder      : binding parameter [8] as [INTEGER] - [0]
2022-08-03 17:19:01.584 TRACE 33572 --- [    Test worker] o.h.type.descriptor.sql.BasicBinder      : binding parameter [9] as [BIGINT] - [957]
2022-08-03 17:19:01.584 TRACE 33572 --- [    Test worker] o.h.type.descriptor.sql.BasicBinder      : binding parameter [10] as [BIGINT] - [1187]
2022-08-03 17:19:01.592 DEBUG 33572 --- [    Test worker] org.hibernate.SQL                        : 
    select
        donation0_.post_id as post_id10_1_,
        donation0_.member_id as member_i9_1_,
        donation0_.cheer_donation as cheer_do1_1_,
        donation0_.comment_donation as comment_2_1_,
        donation0_.direct_donation as direct_d3_1_,
        donation0_.share_donation as share_do4_1_,
        donation0_.count_cheer_donation as count_ch5_1_,
        donation0_.count_comment_donation as count_co6_1_,
        donation0_.count_direct_donation as count_di7_1_,
        donation0_.count_share_donation as count_sh8_1_ 
    from
        donation donation0_ 
    where
        donation0_.member_id=?
2022-08-03 17:19:01.593 TRACE 33572 --- [    Test worker] o.h.type.descriptor.sql.BasicBinder      : binding parameter [1] as [BIGINT] - [1187]
2022-08-03 17:19:01.602 TRACE 33572 --- [    Test worker] o.h.type.descriptor.sql.BasicExtractor   : extracted value ([post_id10_1_] : [BIGINT]) - [957]
2022-08-03 17:19:01.602 TRACE 33572 --- [    Test worker] o.h.type.descriptor.sql.BasicExtractor   : extracted value ([member_i9_1_] : [BIGINT]) - [1187]
2022-08-03 17:19:01.603 DEBUG 33572 --- [    Test worker] org.hibernate.SQL                        : 
    select
        donation0_.post_id as post_id10_1_,
        donation0_.member_id as member_i9_1_,
        donation0_.cheer_donation as cheer_do1_1_,
        donation0_.comment_donation as comment_2_1_,
        donation0_.direct_donation as direct_d3_1_,
        donation0_.share_donation as share_do4_1_,
        donation0_.count_cheer_donation as count_ch5_1_,
        donation0_.count_comment_donation as count_co6_1_,
        donation0_.count_direct_donation as count_di7_1_,
        donation0_.count_share_donation as count_sh8_1_ 
    from
        donation donation0_ 
    where
        donation0_.member_id=?
2022-08-03 17:19:01.603 TRACE 33572 --- [    Test worker] o.h.type.descriptor.sql.BasicBinder      : binding parameter [1] as [BIGINT] - [1187]
2022-08-03 17:19:01.612 TRACE 33572 --- [    Test worker] o.h.type.descriptor.sql.BasicExtractor   : extracted value ([post_id10_1_] : [BIGINT]) - [957]
2022-08-03 17:19:01.612 TRACE 33572 --- [    Test worker] o.h.type.descriptor.sql.BasicExtractor   : extracted value ([member_i9_1_] : [BIGINT]) - [1187]
2022-08-03 17:19:01.634  INFO 33572 --- [    Test worker] o.s.t.c.transaction.TransactionContext   : Rolled back transaction for test: [DefaultTestContext@17eb5661 testClass = DonationRepositoryTest, testInstance = kakao.valuetogether.repository.DonationRepositoryTest@52db9036, testMethod = saveAndFindByMember@DonationRepositoryTest, testException = [null], mergedContextConfiguration = [WebMergedContextConfiguration@75b5d09 testClass = DonationRepositoryTest, locations = '{}', classes = '{class kakao.valuetogether.ValuetogetherApplication}', contextInitializerClasses = '[]', activeProfiles = '{}', propertySourceLocations = '{}', propertySourceProperties = '{org.springframework.boot.test.context.SpringBootTestContextBootstrapper=true}', contextCustomizers = set[org.springframework.boot.test.autoconfigure.actuate.metrics.MetricsExportContextCustomizerFactory$DisableMetricExportContextCustomizer@422c3c7a, org.springframework.boot.test.autoconfigure.properties.PropertyMappingContextCustomizer@0, org.springframework.boot.test.autoconfigure.web.servlet.WebDriverContextCustomizerFactory$Customizer@306851c7, org.springframework.boot.test.context.filter.ExcludeFilterContextCustomizer@41813449, org.springframework.boot.test.json.DuplicateJsonObjectContextCustomizerFactory$DuplicateJsonObjectContextCustomizer@5b07730f, org.springframework.boot.test.mock.mockito.MockitoContextCustomizer@0, org.springframework.boot.test.web.client.TestRestTemplateContextCustomizer@556d0826, org.springframework.boot.test.context.SpringBootTestArgs@1, org.springframework.boot.test.context.SpringBootTestWebEnvironment@15a04efb], resourceBasePath = 'src/main/webapp', contextLoader = 'org.springframework.boot.test.context.SpringBootContextLoader', parent = [null]], attributes = map['org.springframework.test.context.web.ServletTestExecutionListener.activateListener' -> true, 'org.springframework.test.context.web.ServletTestExecutionListener.populatedRequestContextHolder' -> true, 'org.springframework.test.context.web.ServletTestExecutionListener.resetRequestContextHolder' -> true, 'org.springframework.test.context.event.ApplicationEventsTestExecutionListener.recordApplicationEvents' -> false]]
]]></system-out>
  <system-err><![CDATA[]]></system-err>
</testsuite>
