<?xml version="1.0" encoding="UTF-8"?>
<testsuite name="kakao.valuetogether.repository.DonationRepositoryTest" tests="6" skipped="0" failures="0" errors="0" timestamp="2022-07-20T09:47:20" hostname="DESKTOP-8DQF55R" time="0.958">
  <properties/>
  <testcase name="saveAndFindByPost()" classname="kakao.valuetogether.repository.DonationRepositoryTest" time="0.111"/>
  <testcase name="donateCheer()" classname="kakao.valuetogether.repository.DonationRepositoryTest" time="0.289"/>
  <testcase name="donateShare()" classname="kakao.valuetogether.repository.DonationRepositoryTest" time="0.079"/>
  <testcase name="donateComment()" classname="kakao.valuetogether.repository.DonationRepositoryTest" time="0.29"/>
  <testcase name="donateDirect()" classname="kakao.valuetogether.repository.DonationRepositoryTest" time="0.093"/>
  <testcase name="saveAndFindByMember()" classname="kakao.valuetogether.repository.DonationRepositoryTest" time="0.091"/>
  <system-out><![CDATA[2022-07-20 18:47:20.950  INFO 38748 --- [    Test worker] .b.t.c.SpringBootTestContextBootstrapper : Neither @ContextConfiguration nor @ContextHierarchy found for test class [kakao.valuetogether.repository.DonationRepositoryTest], using SpringBootContextLoader
2022-07-20 18:47:20.951  INFO 38748 --- [    Test worker] o.s.t.c.support.AbstractContextLoader    : Could not detect default resource locations for test class [kakao.valuetogether.repository.DonationRepositoryTest]: no resource found for suffixes {-context.xml, Context.groovy}.
2022-07-20 18:47:20.951  INFO 38748 --- [    Test worker] t.c.s.AnnotationConfigContextLoaderUtils : Could not detect default configuration classes for test class [kakao.valuetogether.repository.DonationRepositoryTest]: DonationRepositoryTest does not declare any static, non-private, non-final, nested classes annotated with @Configuration.
2022-07-20 18:47:20.952  INFO 38748 --- [    Test worker] .b.t.c.SpringBootTestContextBootstrapper : Found @SpringBootConfiguration kakao.valuetogether.ValuetogetherApplication for test class kakao.valuetogether.repository.DonationRepositoryTest
2022-07-20 18:47:20.954  INFO 38748 --- [    Test worker] .b.t.c.SpringBootTestContextBootstrapper : Loaded default TestExecutionListener class names from location [META-INF/spring.factories]: [org.springframework.boot.test.autoconfigure.restdocs.RestDocsTestExecutionListener, org.springframework.boot.test.autoconfigure.web.client.MockRestServiceServerResetTestExecutionListener, org.springframework.boot.test.autoconfigure.web.servlet.MockMvcPrintOnlyOnFailureTestExecutionListener, org.springframework.boot.test.autoconfigure.web.servlet.WebDriverTestExecutionListener, org.springframework.boot.test.autoconfigure.webservices.client.MockWebServiceServerTestExecutionListener, org.springframework.boot.test.mock.mockito.MockitoTestExecutionListener, org.springframework.boot.test.mock.mockito.ResetMocksTestExecutionListener, org.springframework.test.context.web.ServletTestExecutionListener, org.springframework.test.context.support.DirtiesContextBeforeModesTestExecutionListener, org.springframework.test.context.event.ApplicationEventsTestExecutionListener, org.springframework.test.context.support.DependencyInjectionTestExecutionListener, org.springframework.test.context.support.DirtiesContextTestExecutionListener, org.springframework.test.context.transaction.TransactionalTestExecutionListener, org.springframework.test.context.jdbc.SqlScriptsTestExecutionListener, org.springframework.test.context.event.EventPublishingTestExecutionListener]
2022-07-20 18:47:20.954  INFO 38748 --- [    Test worker] .b.t.c.SpringBootTestContextBootstrapper : Using TestExecutionListeners: [org.springframework.test.context.web.ServletTestExecutionListener@73a5cc47, org.springframework.test.context.support.DirtiesContextBeforeModesTestExecutionListener@17fa25f1, org.springframework.test.context.event.ApplicationEventsTestExecutionListener@50ac63b2, org.springframework.boot.test.mock.mockito.MockitoTestExecutionListener@1545ef47, org.springframework.boot.test.autoconfigure.SpringBootDependencyInjectionTestExecutionListener@48dfce5c, org.springframework.test.context.support.DirtiesContextTestExecutionListener@eccaf1b, org.springframework.test.context.transaction.TransactionalTestExecutionListener@3dceec83, org.springframework.test.context.jdbc.SqlScriptsTestExecutionListener@74b13aa, org.springframework.test.context.event.EventPublishingTestExecutionListener@31d09031, org.springframework.boot.test.autoconfigure.restdocs.RestDocsTestExecutionListener@5a0f5567, org.springframework.boot.test.autoconfigure.web.client.MockRestServiceServerResetTestExecutionListener@106f0051, org.springframework.boot.test.autoconfigure.web.servlet.MockMvcPrintOnlyOnFailureTestExecutionListener@4fe687b5, org.springframework.boot.test.autoconfigure.web.servlet.WebDriverTestExecutionListener@7a02d760, org.springframework.boot.test.autoconfigure.webservices.client.MockWebServiceServerTestExecutionListener@5a86112a, org.springframework.boot.test.mock.mockito.ResetMocksTestExecutionListener@3203ffa3]
2022-07-20 18:47:20.966  INFO 38748 --- [    Test worker] o.s.t.c.transaction.TransactionContext   : Began transaction (1) for test context [DefaultTestContext@62c02089 testClass = DonationRepositoryTest, testInstance = kakao.valuetogether.repository.DonationRepositoryTest@3359217d, testMethod = saveAndFindByPost@DonationRepositoryTest, testException = [null], mergedContextConfiguration = [WebMergedContextConfiguration@25ee3cd6 testClass = DonationRepositoryTest, locations = '{}', classes = '{class kakao.valuetogether.ValuetogetherApplication}', contextInitializerClasses = '[]', activeProfiles = '{}', propertySourceLocations = '{}', propertySourceProperties = '{org.springframework.boot.test.context.SpringBootTestContextBootstrapper=true}', contextCustomizers = set[org.springframework.boot.test.autoconfigure.actuate.metrics.MetricsExportContextCustomizerFactory$DisableMetricExportContextCustomizer@2262b621, org.springframework.boot.test.autoconfigure.properties.PropertyMappingContextCustomizer@0, org.springframework.boot.test.autoconfigure.web.servlet.WebDriverContextCustomizerFactory$Customizer@10993713, org.springframework.boot.test.context.filter.ExcludeFilterContextCustomizer@5f031ebd, org.springframework.boot.test.json.DuplicateJsonObjectContextCustomizerFactory$DuplicateJsonObjectContextCustomizer@41e350f1, org.springframework.boot.test.mock.mockito.MockitoContextCustomizer@0, org.springframework.boot.test.web.client.TestRestTemplateContextCustomizer@1ef3efa8, org.springframework.boot.test.context.SpringBootTestArgs@1, org.springframework.boot.test.context.SpringBootTestWebEnvironment@471a9022], resourceBasePath = 'src/main/webapp', contextLoader = 'org.springframework.boot.test.context.SpringBootContextLoader', parent = [null]], attributes = map['org.springframework.test.context.web.ServletTestExecutionListener.activateListener' -> true, 'org.springframework.test.context.web.ServletTestExecutionListener.populatedRequestContextHolder' -> true, 'org.springframework.test.context.web.ServletTestExecutionListener.resetRequestContextHolder' -> true, 'org.springframework.test.context.event.ApplicationEventsTestExecutionListener.recordApplicationEvents' -> false]]; transaction manager [org.springframework.orm.jpa.JpaTransactionManager@45bbb3e8]; rollback [true]
2022-07-20 18:47:20.968 DEBUG 38748 --- [    Test worker] org.hibernate.SQL                        : 
    insert 
    into
        member
        (member_address, member_birthday, member_email, member_gender, member_name, member_nickname, member_phone, member_pw) 
    values
        (?, ?, ?, ?, ?, ?, ?, ?)
2022-07-20 18:47:20.969 TRACE 38748 --- [    Test worker] o.h.type.descriptor.sql.BasicBinder      : binding parameter [1] as [VARCHAR] - [asdfasd]
2022-07-20 18:47:20.969 TRACE 38748 --- [    Test worker] o.h.type.descriptor.sql.BasicBinder      : binding parameter [2] as [VARCHAR] - [asdf]
2022-07-20 18:47:20.969 TRACE 38748 --- [    Test worker] o.h.type.descriptor.sql.BasicBinder      : binding parameter [3] as [VARCHAR] - [email]
2022-07-20 18:47:20.969 TRACE 38748 --- [    Test worker] o.h.type.descriptor.sql.BasicBinder      : binding parameter [4] as [VARCHAR] - [asdf]
2022-07-20 18:47:20.969 TRACE 38748 --- [    Test worker] o.h.type.descriptor.sql.BasicBinder      : binding parameter [5] as [VARCHAR] - [name]
2022-07-20 18:47:20.969 TRACE 38748 --- [    Test worker] o.h.type.descriptor.sql.BasicBinder      : binding parameter [6] as [VARCHAR] - [asfsa]
2022-07-20 18:47:20.969 TRACE 38748 --- [    Test worker] o.h.type.descriptor.sql.BasicBinder      : binding parameter [7] as [VARCHAR] - [111]
2022-07-20 18:47:20.969 TRACE 38748 --- [    Test worker] o.h.type.descriptor.sql.BasicBinder      : binding parameter [8] as [VARCHAR] - [pw]
2022-07-20 18:47:20.984 DEBUG 38748 --- [    Test worker] org.hibernate.SQL                        : 
    insert 
    into
        post
        (article, end_date, image, is_confirm, member_id, start_date, sub_title, target, target_amount, title, topic) 
    values
        (?, ?, ?, ?, ?, ?, ?, ?, ?, ?, ?)
2022-07-20 18:47:20.984 TRACE 38748 --- [    Test worker] o.h.type.descriptor.sql.BasicBinder      : binding parameter [1] as [VARCHAR] - [article]
2022-07-20 18:47:20.984 TRACE 38748 --- [    Test worker] o.h.type.descriptor.sql.BasicBinder      : binding parameter [2] as [TIMESTAMP] - [Sun Oct 01 00:00:00 KST 1922]
2022-07-20 18:47:20.984 TRACE 38748 --- [    Test worker] o.h.type.descriptor.sql.BasicBinder      : binding parameter [3] as [VARCHAR] - [image]
2022-07-20 18:47:20.984 TRACE 38748 --- [    Test worker] o.h.type.descriptor.sql.BasicBinder      : binding parameter [4] as [BOOLEAN] - [false]
2022-07-20 18:47:20.984 TRACE 38748 --- [    Test worker] o.h.type.descriptor.sql.BasicBinder      : binding parameter [5] as [BIGINT] - [85]
2022-07-20 18:47:20.985 TRACE 38748 --- [    Test worker] o.h.type.descriptor.sql.BasicBinder      : binding parameter [6] as [TIMESTAMP] - [Fri Aug 11 00:00:00 KST 1922]
2022-07-20 18:47:20.985 TRACE 38748 --- [    Test worker] o.h.type.descriptor.sql.BasicBinder      : binding parameter [7] as [VARCHAR] - [subTitle]
2022-07-20 18:47:20.985 TRACE 38748 --- [    Test worker] o.h.type.descriptor.sql.BasicBinder      : binding parameter [8] as [VARCHAR] - [실버세대]
2022-07-20 18:47:20.985 TRACE 38748 --- [    Test worker] o.h.type.descriptor.sql.BasicBinder      : binding parameter [9] as [INTEGER] - [100000]
2022-07-20 18:47:20.985 TRACE 38748 --- [    Test worker] o.h.type.descriptor.sql.BasicBinder      : binding parameter [10] as [VARCHAR] - [title]
2022-07-20 18:47:20.985 TRACE 38748 --- [    Test worker] o.h.type.descriptor.sql.BasicBinder      : binding parameter [11] as [VARCHAR] - [건강한삶]
2022-07-20 18:47:21.008 DEBUG 38748 --- [    Test worker] org.hibernate.SQL                        : 
    insert 
    into
        donation
        (cheer_donation, comment_donation, direct_donation, share_donation, count_cheer_donation, count_comment_donation, count_direct_donation, count_share_donation, post_id, member_id) 
    values
        (?, ?, ?, ?, ?, ?, ?, ?, ?, ?)
2022-07-20 18:47:21.008 TRACE 38748 --- [    Test worker] o.h.type.descriptor.sql.BasicBinder      : binding parameter [1] as [INTEGER] - [0]
2022-07-20 18:47:21.009 TRACE 38748 --- [    Test worker] o.h.type.descriptor.sql.BasicBinder      : binding parameter [2] as [INTEGER] - [0]
2022-07-20 18:47:21.009 TRACE 38748 --- [    Test worker] o.h.type.descriptor.sql.BasicBinder      : binding parameter [3] as [INTEGER] - [0]
2022-07-20 18:47:21.009 TRACE 38748 --- [    Test worker] o.h.type.descriptor.sql.BasicBinder      : binding parameter [4] as [INTEGER] - [0]
2022-07-20 18:47:21.009 TRACE 38748 --- [    Test worker] o.h.type.descriptor.sql.BasicBinder      : binding parameter [5] as [INTEGER] - [0]
2022-07-20 18:47:21.009 TRACE 38748 --- [    Test worker] o.h.type.descriptor.sql.BasicBinder      : binding parameter [6] as [INTEGER] - [0]
2022-07-20 18:47:21.009 TRACE 38748 --- [    Test worker] o.h.type.descriptor.sql.BasicBinder      : binding parameter [7] as [INTEGER] - [0]
2022-07-20 18:47:21.009 TRACE 38748 --- [    Test worker] o.h.type.descriptor.sql.BasicBinder      : binding parameter [8] as [INTEGER] - [0]
2022-07-20 18:47:21.009 TRACE 38748 --- [    Test worker] o.h.type.descriptor.sql.BasicBinder      : binding parameter [9] as [BIGINT] - [64]
2022-07-20 18:47:21.009 TRACE 38748 --- [    Test worker] o.h.type.descriptor.sql.BasicBinder      : binding parameter [10] as [BIGINT] - [85]
2022-07-20 18:47:21.020 DEBUG 38748 --- [    Test worker] org.hibernate.SQL                        : 
    select
        donation0_.post_id as post_id10_1_,
        donation0_.member_id as member_i9_1_,
        donation0_.cheer_donation as cheer_do1_1_,
        donation0_.comment_donation as comment_2_1_,
        donation0_.direct_donation as direct_d3_1_,
        donation0_.share_donation as share_do4_1_,
        donation0_.count_cheer_donation as count_ch5_1_,
        donation0_.count_comment_donation as count_co6_1_,
        donation0_.count_direct_donation as count_di7_1_,
        donation0_.count_share_donation as count_sh8_1_ 
    from
        donation donation0_ 
    where
        donation0_.member_id=?
2022-07-20 18:47:21.020 TRACE 38748 --- [    Test worker] o.h.type.descriptor.sql.BasicBinder      : binding parameter [1] as [BIGINT] - [85]
2022-07-20 18:47:21.033 TRACE 38748 --- [    Test worker] o.h.type.descriptor.sql.BasicExtractor   : extracted value ([post_id10_1_] : [BIGINT]) - [64]
2022-07-20 18:47:21.033 TRACE 38748 --- [    Test worker] o.h.type.descriptor.sql.BasicExtractor   : extracted value ([member_i9_1_] : [BIGINT]) - [85]
2022-07-20 18:47:21.035 DEBUG 38748 --- [    Test worker] org.hibernate.SQL                        : 
    select
        donation0_.post_id as post_id10_1_,
        donation0_.member_id as member_i9_1_,
        donation0_.cheer_donation as cheer_do1_1_,
        donation0_.comment_donation as comment_2_1_,
        donation0_.direct_donation as direct_d3_1_,
        donation0_.share_donation as share_do4_1_,
        donation0_.count_cheer_donation as count_ch5_1_,
        donation0_.count_comment_donation as count_co6_1_,
        donation0_.count_direct_donation as count_di7_1_,
        donation0_.count_share_donation as count_sh8_1_ 
    from
        donation donation0_ 
    where
        donation0_.post_id=?
2022-07-20 18:47:21.037 TRACE 38748 --- [    Test worker] o.h.type.descriptor.sql.BasicBinder      : binding parameter [1] as [BIGINT] - [64]
2022-07-20 18:47:21.045 TRACE 38748 --- [    Test worker] o.h.type.descriptor.sql.BasicExtractor   : extracted value ([post_id10_1_] : [BIGINT]) - [64]
2022-07-20 18:47:21.045 TRACE 38748 --- [    Test worker] o.h.type.descriptor.sql.BasicExtractor   : extracted value ([member_i9_1_] : [BIGINT]) - [85]
2022-07-20 18:47:21.067  INFO 38748 --- [    Test worker] o.s.t.c.transaction.TransactionContext   : Rolled back transaction for test: [DefaultTestContext@62c02089 testClass = DonationRepositoryTest, testInstance = kakao.valuetogether.repository.DonationRepositoryTest@3359217d, testMethod = saveAndFindByPost@DonationRepositoryTest, testException = [null], mergedContextConfiguration = [WebMergedContextConfiguration@25ee3cd6 testClass = DonationRepositoryTest, locations = '{}', classes = '{class kakao.valuetogether.ValuetogetherApplication}', contextInitializerClasses = '[]', activeProfiles = '{}', propertySourceLocations = '{}', propertySourceProperties = '{org.springframework.boot.test.context.SpringBootTestContextBootstrapper=true}', contextCustomizers = set[org.springframework.boot.test.autoconfigure.actuate.metrics.MetricsExportContextCustomizerFactory$DisableMetricExportContextCustomizer@2262b621, org.springframework.boot.test.autoconfigure.properties.PropertyMappingContextCustomizer@0, org.springframework.boot.test.autoconfigure.web.servlet.WebDriverContextCustomizerFactory$Customizer@10993713, org.springframework.boot.test.context.filter.ExcludeFilterContextCustomizer@5f031ebd, org.springframework.boot.test.json.DuplicateJsonObjectContextCustomizerFactory$DuplicateJsonObjectContextCustomizer@41e350f1, org.springframework.boot.test.mock.mockito.MockitoContextCustomizer@0, org.springframework.boot.test.web.client.TestRestTemplateContextCustomizer@1ef3efa8, org.springframework.boot.test.context.SpringBootTestArgs@1, org.springframework.boot.test.context.SpringBootTestWebEnvironment@471a9022], resourceBasePath = 'src/main/webapp', contextLoader = 'org.springframework.boot.test.context.SpringBootContextLoader', parent = [null]], attributes = map['org.springframework.test.context.web.ServletTestExecutionListener.activateListener' -> true, 'org.springframework.test.context.web.ServletTestExecutionListener.populatedRequestContextHolder' -> true, 'org.springframework.test.context.web.ServletTestExecutionListener.resetRequestContextHolder' -> true, 'org.springframework.test.context.event.ApplicationEventsTestExecutionListener.recordApplicationEvents' -> false]]
2022-07-20 18:47:21.078  INFO 38748 --- [    Test worker] o.s.t.c.transaction.TransactionContext   : Began transaction (1) for test context [DefaultTestContext@62c02089 testClass = DonationRepositoryTest, testInstance = kakao.valuetogether.repository.DonationRepositoryTest@7976d382, testMethod = donateCheer@DonationRepositoryTest, testException = [null], mergedContextConfiguration = [WebMergedContextConfiguration@25ee3cd6 testClass = DonationRepositoryTest, locations = '{}', classes = '{class kakao.valuetogether.ValuetogetherApplication}', contextInitializerClasses = '[]', activeProfiles = '{}', propertySourceLocations = '{}', propertySourceProperties = '{org.springframework.boot.test.context.SpringBootTestContextBootstrapper=true}', contextCustomizers = set[org.springframework.boot.test.autoconfigure.actuate.metrics.MetricsExportContextCustomizerFactory$DisableMetricExportContextCustomizer@2262b621, org.springframework.boot.test.autoconfigure.properties.PropertyMappingContextCustomizer@0, org.springframework.boot.test.autoconfigure.web.servlet.WebDriverContextCustomizerFactory$Customizer@10993713, org.springframework.boot.test.context.filter.ExcludeFilterContextCustomizer@5f031ebd, org.springframework.boot.test.json.DuplicateJsonObjectContextCustomizerFactory$DuplicateJsonObjectContextCustomizer@41e350f1, org.springframework.boot.test.mock.mockito.MockitoContextCustomizer@0, org.springframework.boot.test.web.client.TestRestTemplateContextCustomizer@1ef3efa8, org.springframework.boot.test.context.SpringBootTestArgs@1, org.springframework.boot.test.context.SpringBootTestWebEnvironment@471a9022], resourceBasePath = 'src/main/webapp', contextLoader = 'org.springframework.boot.test.context.SpringBootContextLoader', parent = [null]], attributes = map['org.springframework.test.context.web.ServletTestExecutionListener.activateListener' -> true, 'org.springframework.test.context.web.ServletTestExecutionListener.populatedRequestContextHolder' -> true, 'org.springframework.test.context.web.ServletTestExecutionListener.resetRequestContextHolder' -> true, 'org.springframework.test.context.event.ApplicationEventsTestExecutionListener.recordApplicationEvents' -> false]]; transaction manager [org.springframework.orm.jpa.JpaTransactionManager@45bbb3e8]; rollback [true]
2022-07-20 18:47:21.080 DEBUG 38748 --- [    Test worker] org.hibernate.SQL                        : 
    insert 
    into
        member
        (member_address, member_birthday, member_email, member_gender, member_name, member_nickname, member_phone, member_pw) 
    values
        (?, ?, ?, ?, ?, ?, ?, ?)
2022-07-20 18:47:21.080 TRACE 38748 --- [    Test worker] o.h.type.descriptor.sql.BasicBinder      : binding parameter [1] as [VARCHAR] - [asdfasd]
2022-07-20 18:47:21.080 TRACE 38748 --- [    Test worker] o.h.type.descriptor.sql.BasicBinder      : binding parameter [2] as [VARCHAR] - [asdf]
2022-07-20 18:47:21.080 TRACE 38748 --- [    Test worker] o.h.type.descriptor.sql.BasicBinder      : binding parameter [3] as [VARCHAR] - [email]
2022-07-20 18:47:21.080 TRACE 38748 --- [    Test worker] o.h.type.descriptor.sql.BasicBinder      : binding parameter [4] as [VARCHAR] - [asdf]
2022-07-20 18:47:21.080 TRACE 38748 --- [    Test worker] o.h.type.descriptor.sql.BasicBinder      : binding parameter [5] as [VARCHAR] - [name]
2022-07-20 18:47:21.080 TRACE 38748 --- [    Test worker] o.h.type.descriptor.sql.BasicBinder      : binding parameter [6] as [VARCHAR] - [asfsa]
2022-07-20 18:47:21.080 TRACE 38748 --- [    Test worker] o.h.type.descriptor.sql.BasicBinder      : binding parameter [7] as [VARCHAR] - [111]
2022-07-20 18:47:21.080 TRACE 38748 --- [    Test worker] o.h.type.descriptor.sql.BasicBinder      : binding parameter [8] as [VARCHAR] - [pw]
2022-07-20 18:47:21.089 DEBUG 38748 --- [    Test worker] org.hibernate.SQL                        : 
    insert 
    into
        post
        (article, end_date, image, is_confirm, member_id, start_date, sub_title, target, target_amount, title, topic) 
    values
        (?, ?, ?, ?, ?, ?, ?, ?, ?, ?, ?)
2022-07-20 18:47:21.090 TRACE 38748 --- [    Test worker] o.h.type.descriptor.sql.BasicBinder      : binding parameter [1] as [VARCHAR] - [article]
2022-07-20 18:47:21.090 TRACE 38748 --- [    Test worker] o.h.type.descriptor.sql.BasicBinder      : binding parameter [2] as [TIMESTAMP] - [Sun Oct 01 00:00:00 KST 1922]
2022-07-20 18:47:21.090 TRACE 38748 --- [    Test worker] o.h.type.descriptor.sql.BasicBinder      : binding parameter [3] as [VARCHAR] - [image]
2022-07-20 18:47:21.090 TRACE 38748 --- [    Test worker] o.h.type.descriptor.sql.BasicBinder      : binding parameter [4] as [BOOLEAN] - [false]
2022-07-20 18:47:21.090 TRACE 38748 --- [    Test worker] o.h.type.descriptor.sql.BasicBinder      : binding parameter [5] as [BIGINT] - [86]
2022-07-20 18:47:21.090 TRACE 38748 --- [    Test worker] o.h.type.descriptor.sql.BasicBinder      : binding parameter [6] as [TIMESTAMP] - [Fri Aug 11 00:00:00 KST 1922]
2022-07-20 18:47:21.090 TRACE 38748 --- [    Test worker] o.h.type.descriptor.sql.BasicBinder      : binding parameter [7] as [VARCHAR] - [subTitle]
2022-07-20 18:47:21.090 TRACE 38748 --- [    Test worker] o.h.type.descriptor.sql.BasicBinder      : binding parameter [8] as [VARCHAR] - [실버세대]
2022-07-20 18:47:21.091 TRACE 38748 --- [    Test worker] o.h.type.descriptor.sql.BasicBinder      : binding parameter [9] as [INTEGER] - [100000]
2022-07-20 18:47:21.091 TRACE 38748 --- [    Test worker] o.h.type.descriptor.sql.BasicBinder      : binding parameter [10] as [VARCHAR] - [title]
2022-07-20 18:47:21.091 TRACE 38748 --- [    Test worker] o.h.type.descriptor.sql.BasicBinder      : binding parameter [11] as [VARCHAR] - [건강한삶]
2022-07-20 18:47:21.099 DEBUG 38748 --- [    Test worker] org.hibernate.SQL                        : 
    insert 
    into
        donation
        (cheer_donation, comment_donation, direct_donation, share_donation, count_cheer_donation, count_comment_donation, count_direct_donation, count_share_donation, post_id, member_id) 
    values
        (?, ?, ?, ?, ?, ?, ?, ?, ?, ?)
2022-07-20 18:47:21.100 TRACE 38748 --- [    Test worker] o.h.type.descriptor.sql.BasicBinder      : binding parameter [1] as [INTEGER] - [0]
2022-07-20 18:47:21.100 TRACE 38748 --- [    Test worker] o.h.type.descriptor.sql.BasicBinder      : binding parameter [2] as [INTEGER] - [0]
2022-07-20 18:47:21.100 TRACE 38748 --- [    Test worker] o.h.type.descriptor.sql.BasicBinder      : binding parameter [3] as [INTEGER] - [0]
2022-07-20 18:47:21.100 TRACE 38748 --- [    Test worker] o.h.type.descriptor.sql.BasicBinder      : binding parameter [4] as [INTEGER] - [0]
2022-07-20 18:47:21.100 TRACE 38748 --- [    Test worker] o.h.type.descriptor.sql.BasicBinder      : binding parameter [5] as [INTEGER] - [0]
2022-07-20 18:47:21.100 TRACE 38748 --- [    Test worker] o.h.type.descriptor.sql.BasicBinder      : binding parameter [6] as [INTEGER] - [0]
2022-07-20 18:47:21.100 TRACE 38748 --- [    Test worker] o.h.type.descriptor.sql.BasicBinder      : binding parameter [7] as [INTEGER] - [0]
2022-07-20 18:47:21.100 TRACE 38748 --- [    Test worker] o.h.type.descriptor.sql.BasicBinder      : binding parameter [8] as [INTEGER] - [0]
2022-07-20 18:47:21.100 TRACE 38748 --- [    Test worker] o.h.type.descriptor.sql.BasicBinder      : binding parameter [9] as [BIGINT] - [65]
2022-07-20 18:47:21.100 TRACE 38748 --- [    Test worker] o.h.type.descriptor.sql.BasicBinder      : binding parameter [10] as [BIGINT] - [86]
2022-07-20 18:47:21.108 DEBUG 38748 --- [    Test worker] org.hibernate.SQL                        : 
    select
        donation0_.post_id as post_id10_1_,
        donation0_.member_id as member_i9_1_,
        donation0_.cheer_donation as cheer_do1_1_,
        donation0_.comment_donation as comment_2_1_,
        donation0_.direct_donation as direct_d3_1_,
        donation0_.share_donation as share_do4_1_,
        donation0_.count_cheer_donation as count_ch5_1_,
        donation0_.count_comment_donation as count_co6_1_,
        donation0_.count_direct_donation as count_di7_1_,
        donation0_.count_share_donation as count_sh8_1_ 
    from
        donation donation0_ 
    where
        donation0_.member_id=?
2022-07-20 18:47:21.109 TRACE 38748 --- [    Test worker] o.h.type.descriptor.sql.BasicBinder      : binding parameter [1] as [BIGINT] - [86]
2022-07-20 18:47:21.333 TRACE 38748 --- [    Test worker] o.h.type.descriptor.sql.BasicExtractor   : extracted value ([post_id10_1_] : [BIGINT]) - [65]
2022-07-20 18:47:21.333 TRACE 38748 --- [    Test worker] o.h.type.descriptor.sql.BasicExtractor   : extracted value ([member_i9_1_] : [BIGINT]) - [86]
2022-07-20 18:47:21.357  INFO 38748 --- [    Test worker] o.s.t.c.transaction.TransactionContext   : Rolled back transaction for test: [DefaultTestContext@62c02089 testClass = DonationRepositoryTest, testInstance = kakao.valuetogether.repository.DonationRepositoryTest@7976d382, testMethod = donateCheer@DonationRepositoryTest, testException = [null], mergedContextConfiguration = [WebMergedContextConfiguration@25ee3cd6 testClass = DonationRepositoryTest, locations = '{}', classes = '{class kakao.valuetogether.ValuetogetherApplication}', contextInitializerClasses = '[]', activeProfiles = '{}', propertySourceLocations = '{}', propertySourceProperties = '{org.springframework.boot.test.context.SpringBootTestContextBootstrapper=true}', contextCustomizers = set[org.springframework.boot.test.autoconfigure.actuate.metrics.MetricsExportContextCustomizerFactory$DisableMetricExportContextCustomizer@2262b621, org.springframework.boot.test.autoconfigure.properties.PropertyMappingContextCustomizer@0, org.springframework.boot.test.autoconfigure.web.servlet.WebDriverContextCustomizerFactory$Customizer@10993713, org.springframework.boot.test.context.filter.ExcludeFilterContextCustomizer@5f031ebd, org.springframework.boot.test.json.DuplicateJsonObjectContextCustomizerFactory$DuplicateJsonObjectContextCustomizer@41e350f1, org.springframework.boot.test.mock.mockito.MockitoContextCustomizer@0, org.springframework.boot.test.web.client.TestRestTemplateContextCustomizer@1ef3efa8, org.springframework.boot.test.context.SpringBootTestArgs@1, org.springframework.boot.test.context.SpringBootTestWebEnvironment@471a9022], resourceBasePath = 'src/main/webapp', contextLoader = 'org.springframework.boot.test.context.SpringBootContextLoader', parent = [null]], attributes = map['org.springframework.test.context.web.ServletTestExecutionListener.activateListener' -> true, 'org.springframework.test.context.web.ServletTestExecutionListener.populatedRequestContextHolder' -> true, 'org.springframework.test.context.web.ServletTestExecutionListener.resetRequestContextHolder' -> true, 'org.springframework.test.context.event.ApplicationEventsTestExecutionListener.recordApplicationEvents' -> false]]
2022-07-20 18:47:21.363  INFO 38748 --- [    Test worker] o.s.t.c.transaction.TransactionContext   : Began transaction (1) for test context [DefaultTestContext@62c02089 testClass = DonationRepositoryTest, testInstance = kakao.valuetogether.repository.DonationRepositoryTest@23b02f37, testMethod = donateShare@DonationRepositoryTest, testException = [null], mergedContextConfiguration = [WebMergedContextConfiguration@25ee3cd6 testClass = DonationRepositoryTest, locations = '{}', classes = '{class kakao.valuetogether.ValuetogetherApplication}', contextInitializerClasses = '[]', activeProfiles = '{}', propertySourceLocations = '{}', propertySourceProperties = '{org.springframework.boot.test.context.SpringBootTestContextBootstrapper=true}', contextCustomizers = set[org.springframework.boot.test.autoconfigure.actuate.metrics.MetricsExportContextCustomizerFactory$DisableMetricExportContextCustomizer@2262b621, org.springframework.boot.test.autoconfigure.properties.PropertyMappingContextCustomizer@0, org.springframework.boot.test.autoconfigure.web.servlet.WebDriverContextCustomizerFactory$Customizer@10993713, org.springframework.boot.test.context.filter.ExcludeFilterContextCustomizer@5f031ebd, org.springframework.boot.test.json.DuplicateJsonObjectContextCustomizerFactory$DuplicateJsonObjectContextCustomizer@41e350f1, org.springframework.boot.test.mock.mockito.MockitoContextCustomizer@0, org.springframework.boot.test.web.client.TestRestTemplateContextCustomizer@1ef3efa8, org.springframework.boot.test.context.SpringBootTestArgs@1, org.springframework.boot.test.context.SpringBootTestWebEnvironment@471a9022], resourceBasePath = 'src/main/webapp', contextLoader = 'org.springframework.boot.test.context.SpringBootContextLoader', parent = [null]], attributes = map['org.springframework.test.context.web.ServletTestExecutionListener.activateListener' -> true, 'org.springframework.test.context.web.ServletTestExecutionListener.populatedRequestContextHolder' -> true, 'org.springframework.test.context.web.ServletTestExecutionListener.resetRequestContextHolder' -> true, 'org.springframework.test.context.event.ApplicationEventsTestExecutionListener.recordApplicationEvents' -> false]]; transaction manager [org.springframework.orm.jpa.JpaTransactionManager@45bbb3e8]; rollback [true]
2022-07-20 18:47:21.370 DEBUG 38748 --- [    Test worker] org.hibernate.SQL                        : 
    insert 
    into
        member
        (member_address, member_birthday, member_email, member_gender, member_name, member_nickname, member_phone, member_pw) 
    values
        (?, ?, ?, ?, ?, ?, ?, ?)
2022-07-20 18:47:21.371 TRACE 38748 --- [    Test worker] o.h.type.descriptor.sql.BasicBinder      : binding parameter [1] as [VARCHAR] - [asdfasd]
2022-07-20 18:47:21.371 TRACE 38748 --- [    Test worker] o.h.type.descriptor.sql.BasicBinder      : binding parameter [2] as [VARCHAR] - [asdf]
2022-07-20 18:47:21.371 TRACE 38748 --- [    Test worker] o.h.type.descriptor.sql.BasicBinder      : binding parameter [3] as [VARCHAR] - [email]
2022-07-20 18:47:21.371 TRACE 38748 --- [    Test worker] o.h.type.descriptor.sql.BasicBinder      : binding parameter [4] as [VARCHAR] - [asdf]
2022-07-20 18:47:21.371 TRACE 38748 --- [    Test worker] o.h.type.descriptor.sql.BasicBinder      : binding parameter [5] as [VARCHAR] - [name]
2022-07-20 18:47:21.371 TRACE 38748 --- [    Test worker] o.h.type.descriptor.sql.BasicBinder      : binding parameter [6] as [VARCHAR] - [asfsa]
2022-07-20 18:47:21.371 TRACE 38748 --- [    Test worker] o.h.type.descriptor.sql.BasicBinder      : binding parameter [7] as [VARCHAR] - [111]
2022-07-20 18:47:21.371 TRACE 38748 --- [    Test worker] o.h.type.descriptor.sql.BasicBinder      : binding parameter [8] as [VARCHAR] - [pw]
2022-07-20 18:47:21.380 DEBUG 38748 --- [    Test worker] org.hibernate.SQL                        : 
    insert 
    into
        post
        (article, end_date, image, is_confirm, member_id, start_date, sub_title, target, target_amount, title, topic) 
    values
        (?, ?, ?, ?, ?, ?, ?, ?, ?, ?, ?)
2022-07-20 18:47:21.380 TRACE 38748 --- [    Test worker] o.h.type.descriptor.sql.BasicBinder      : binding parameter [1] as [VARCHAR] - [article]
2022-07-20 18:47:21.380 TRACE 38748 --- [    Test worker] o.h.type.descriptor.sql.BasicBinder      : binding parameter [2] as [TIMESTAMP] - [Sun Oct 01 00:00:00 KST 1922]
2022-07-20 18:47:21.380 TRACE 38748 --- [    Test worker] o.h.type.descriptor.sql.BasicBinder      : binding parameter [3] as [VARCHAR] - [image]
2022-07-20 18:47:21.380 TRACE 38748 --- [    Test worker] o.h.type.descriptor.sql.BasicBinder      : binding parameter [4] as [BOOLEAN] - [false]
2022-07-20 18:47:21.380 TRACE 38748 --- [    Test worker] o.h.type.descriptor.sql.BasicBinder      : binding parameter [5] as [BIGINT] - [87]
2022-07-20 18:47:21.380 TRACE 38748 --- [    Test worker] o.h.type.descriptor.sql.BasicBinder      : binding parameter [6] as [TIMESTAMP] - [Fri Aug 11 00:00:00 KST 1922]
2022-07-20 18:47:21.380 TRACE 38748 --- [    Test worker] o.h.type.descriptor.sql.BasicBinder      : binding parameter [7] as [VARCHAR] - [subTitle]
2022-07-20 18:47:21.381 TRACE 38748 --- [    Test worker] o.h.type.descriptor.sql.BasicBinder      : binding parameter [8] as [VARCHAR] - [실버세대]
2022-07-20 18:47:21.381 TRACE 38748 --- [    Test worker] o.h.type.descriptor.sql.BasicBinder      : binding parameter [9] as [INTEGER] - [100000]
2022-07-20 18:47:21.381 TRACE 38748 --- [    Test worker] o.h.type.descriptor.sql.BasicBinder      : binding parameter [10] as [VARCHAR] - [title]
2022-07-20 18:47:21.381 TRACE 38748 --- [    Test worker] o.h.type.descriptor.sql.BasicBinder      : binding parameter [11] as [VARCHAR] - [건강한삶]
2022-07-20 18:47:21.393 DEBUG 38748 --- [    Test worker] org.hibernate.SQL                        : 
    insert 
    into
        donation
        (cheer_donation, comment_donation, direct_donation, share_donation, count_cheer_donation, count_comment_donation, count_direct_donation, count_share_donation, post_id, member_id) 
    values
        (?, ?, ?, ?, ?, ?, ?, ?, ?, ?)
2022-07-20 18:47:21.394 TRACE 38748 --- [    Test worker] o.h.type.descriptor.sql.BasicBinder      : binding parameter [1] as [INTEGER] - [0]
2022-07-20 18:47:21.394 TRACE 38748 --- [    Test worker] o.h.type.descriptor.sql.BasicBinder      : binding parameter [2] as [INTEGER] - [0]
2022-07-20 18:47:21.394 TRACE 38748 --- [    Test worker] o.h.type.descriptor.sql.BasicBinder      : binding parameter [3] as [INTEGER] - [0]
2022-07-20 18:47:21.394 TRACE 38748 --- [    Test worker] o.h.type.descriptor.sql.BasicBinder      : binding parameter [4] as [INTEGER] - [0]
2022-07-20 18:47:21.394 TRACE 38748 --- [    Test worker] o.h.type.descriptor.sql.BasicBinder      : binding parameter [5] as [INTEGER] - [0]
2022-07-20 18:47:21.394 TRACE 38748 --- [    Test worker] o.h.type.descriptor.sql.BasicBinder      : binding parameter [6] as [INTEGER] - [0]
2022-07-20 18:47:21.394 TRACE 38748 --- [    Test worker] o.h.type.descriptor.sql.BasicBinder      : binding parameter [7] as [INTEGER] - [0]
2022-07-20 18:47:21.394 TRACE 38748 --- [    Test worker] o.h.type.descriptor.sql.BasicBinder      : binding parameter [8] as [INTEGER] - [0]
2022-07-20 18:47:21.394 TRACE 38748 --- [    Test worker] o.h.type.descriptor.sql.BasicBinder      : binding parameter [9] as [BIGINT] - [66]
2022-07-20 18:47:21.394 TRACE 38748 --- [    Test worker] o.h.type.descriptor.sql.BasicBinder      : binding parameter [10] as [BIGINT] - [87]
2022-07-20 18:47:21.403 DEBUG 38748 --- [    Test worker] org.hibernate.SQL                        : 
    select
        donation0_.post_id as post_id10_1_,
        donation0_.member_id as member_i9_1_,
        donation0_.cheer_donation as cheer_do1_1_,
        donation0_.comment_donation as comment_2_1_,
        donation0_.direct_donation as direct_d3_1_,
        donation0_.share_donation as share_do4_1_,
        donation0_.count_cheer_donation as count_ch5_1_,
        donation0_.count_comment_donation as count_co6_1_,
        donation0_.count_direct_donation as count_di7_1_,
        donation0_.count_share_donation as count_sh8_1_ 
    from
        donation donation0_ 
    where
        donation0_.member_id=?
2022-07-20 18:47:21.404 TRACE 38748 --- [    Test worker] o.h.type.descriptor.sql.BasicBinder      : binding parameter [1] as [BIGINT] - [87]
2022-07-20 18:47:21.412 TRACE 38748 --- [    Test worker] o.h.type.descriptor.sql.BasicExtractor   : extracted value ([post_id10_1_] : [BIGINT]) - [66]
2022-07-20 18:47:21.412 TRACE 38748 --- [    Test worker] o.h.type.descriptor.sql.BasicExtractor   : extracted value ([member_i9_1_] : [BIGINT]) - [87]
2022-07-20 18:47:21.438  INFO 38748 --- [    Test worker] o.s.t.c.transaction.TransactionContext   : Rolled back transaction for test: [DefaultTestContext@62c02089 testClass = DonationRepositoryTest, testInstance = kakao.valuetogether.repository.DonationRepositoryTest@23b02f37, testMethod = donateShare@DonationRepositoryTest, testException = [null], mergedContextConfiguration = [WebMergedContextConfiguration@25ee3cd6 testClass = DonationRepositoryTest, locations = '{}', classes = '{class kakao.valuetogether.ValuetogetherApplication}', contextInitializerClasses = '[]', activeProfiles = '{}', propertySourceLocations = '{}', propertySourceProperties = '{org.springframework.boot.test.context.SpringBootTestContextBootstrapper=true}', contextCustomizers = set[org.springframework.boot.test.autoconfigure.actuate.metrics.MetricsExportContextCustomizerFactory$DisableMetricExportContextCustomizer@2262b621, org.springframework.boot.test.autoconfigure.properties.PropertyMappingContextCustomizer@0, org.springframework.boot.test.autoconfigure.web.servlet.WebDriverContextCustomizerFactory$Customizer@10993713, org.springframework.boot.test.context.filter.ExcludeFilterContextCustomizer@5f031ebd, org.springframework.boot.test.json.DuplicateJsonObjectContextCustomizerFactory$DuplicateJsonObjectContextCustomizer@41e350f1, org.springframework.boot.test.mock.mockito.MockitoContextCustomizer@0, org.springframework.boot.test.web.client.TestRestTemplateContextCustomizer@1ef3efa8, org.springframework.boot.test.context.SpringBootTestArgs@1, org.springframework.boot.test.context.SpringBootTestWebEnvironment@471a9022], resourceBasePath = 'src/main/webapp', contextLoader = 'org.springframework.boot.test.context.SpringBootContextLoader', parent = [null]], attributes = map['org.springframework.test.context.web.ServletTestExecutionListener.activateListener' -> true, 'org.springframework.test.context.web.ServletTestExecutionListener.populatedRequestContextHolder' -> true, 'org.springframework.test.context.web.ServletTestExecutionListener.resetRequestContextHolder' -> true, 'org.springframework.test.context.event.ApplicationEventsTestExecutionListener.recordApplicationEvents' -> false]]
2022-07-20 18:47:21.449  INFO 38748 --- [    Test worker] o.s.t.c.transaction.TransactionContext   : Began transaction (1) for test context [DefaultTestContext@62c02089 testClass = DonationRepositoryTest, testInstance = kakao.valuetogether.repository.DonationRepositoryTest@328b2c2a, testMethod = donateComment@DonationRepositoryTest, testException = [null], mergedContextConfiguration = [WebMergedContextConfiguration@25ee3cd6 testClass = DonationRepositoryTest, locations = '{}', classes = '{class kakao.valuetogether.ValuetogetherApplication}', contextInitializerClasses = '[]', activeProfiles = '{}', propertySourceLocations = '{}', propertySourceProperties = '{org.springframework.boot.test.context.SpringBootTestContextBootstrapper=true}', contextCustomizers = set[org.springframework.boot.test.autoconfigure.actuate.metrics.MetricsExportContextCustomizerFactory$DisableMetricExportContextCustomizer@2262b621, org.springframework.boot.test.autoconfigure.properties.PropertyMappingContextCustomizer@0, org.springframework.boot.test.autoconfigure.web.servlet.WebDriverContextCustomizerFactory$Customizer@10993713, org.springframework.boot.test.context.filter.ExcludeFilterContextCustomizer@5f031ebd, org.springframework.boot.test.json.DuplicateJsonObjectContextCustomizerFactory$DuplicateJsonObjectContextCustomizer@41e350f1, org.springframework.boot.test.mock.mockito.MockitoContextCustomizer@0, org.springframework.boot.test.web.client.TestRestTemplateContextCustomizer@1ef3efa8, org.springframework.boot.test.context.SpringBootTestArgs@1, org.springframework.boot.test.context.SpringBootTestWebEnvironment@471a9022], resourceBasePath = 'src/main/webapp', contextLoader = 'org.springframework.boot.test.context.SpringBootContextLoader', parent = [null]], attributes = map['org.springframework.test.context.web.ServletTestExecutionListener.activateListener' -> true, 'org.springframework.test.context.web.ServletTestExecutionListener.populatedRequestContextHolder' -> true, 'org.springframework.test.context.web.ServletTestExecutionListener.resetRequestContextHolder' -> true, 'org.springframework.test.context.event.ApplicationEventsTestExecutionListener.recordApplicationEvents' -> false]]; transaction manager [org.springframework.orm.jpa.JpaTransactionManager@45bbb3e8]; rollback [true]
2022-07-20 18:47:21.451 DEBUG 38748 --- [    Test worker] org.hibernate.SQL                        : 
    insert 
    into
        member
        (member_address, member_birthday, member_email, member_gender, member_name, member_nickname, member_phone, member_pw) 
    values
        (?, ?, ?, ?, ?, ?, ?, ?)
2022-07-20 18:47:21.451 TRACE 38748 --- [    Test worker] o.h.type.descriptor.sql.BasicBinder      : binding parameter [1] as [VARCHAR] - [asdfasd]
2022-07-20 18:47:21.451 TRACE 38748 --- [    Test worker] o.h.type.descriptor.sql.BasicBinder      : binding parameter [2] as [VARCHAR] - [asdf]
2022-07-20 18:47:21.451 TRACE 38748 --- [    Test worker] o.h.type.descriptor.sql.BasicBinder      : binding parameter [3] as [VARCHAR] - [email]
2022-07-20 18:47:21.451 TRACE 38748 --- [    Test worker] o.h.type.descriptor.sql.BasicBinder      : binding parameter [4] as [VARCHAR] - [asdf]
2022-07-20 18:47:21.451 TRACE 38748 --- [    Test worker] o.h.type.descriptor.sql.BasicBinder      : binding parameter [5] as [VARCHAR] - [name]
2022-07-20 18:47:21.451 TRACE 38748 --- [    Test worker] o.h.type.descriptor.sql.BasicBinder      : binding parameter [6] as [VARCHAR] - [asfsa]
2022-07-20 18:47:21.451 TRACE 38748 --- [    Test worker] o.h.type.descriptor.sql.BasicBinder      : binding parameter [7] as [VARCHAR] - [111]
2022-07-20 18:47:21.451 TRACE 38748 --- [    Test worker] o.h.type.descriptor.sql.BasicBinder      : binding parameter [8] as [VARCHAR] - [pw]
2022-07-20 18:47:21.461 DEBUG 38748 --- [    Test worker] org.hibernate.SQL                        : 
    insert 
    into
        post
        (article, end_date, image, is_confirm, member_id, start_date, sub_title, target, target_amount, title, topic) 
    values
        (?, ?, ?, ?, ?, ?, ?, ?, ?, ?, ?)
2022-07-20 18:47:21.461 TRACE 38748 --- [    Test worker] o.h.type.descriptor.sql.BasicBinder      : binding parameter [1] as [VARCHAR] - [article]
2022-07-20 18:47:21.461 TRACE 38748 --- [    Test worker] o.h.type.descriptor.sql.BasicBinder      : binding parameter [2] as [TIMESTAMP] - [Sun Oct 01 00:00:00 KST 1922]
2022-07-20 18:47:21.461 TRACE 38748 --- [    Test worker] o.h.type.descriptor.sql.BasicBinder      : binding parameter [3] as [VARCHAR] - [image]
2022-07-20 18:47:21.461 TRACE 38748 --- [    Test worker] o.h.type.descriptor.sql.BasicBinder      : binding parameter [4] as [BOOLEAN] - [false]
2022-07-20 18:47:21.461 TRACE 38748 --- [    Test worker] o.h.type.descriptor.sql.BasicBinder      : binding parameter [5] as [BIGINT] - [88]
2022-07-20 18:47:21.461 TRACE 38748 --- [    Test worker] o.h.type.descriptor.sql.BasicBinder      : binding parameter [6] as [TIMESTAMP] - [Fri Aug 11 00:00:00 KST 1922]
2022-07-20 18:47:21.461 TRACE 38748 --- [    Test worker] o.h.type.descriptor.sql.BasicBinder      : binding parameter [7] as [VARCHAR] - [subTitle]
2022-07-20 18:47:21.461 TRACE 38748 --- [    Test worker] o.h.type.descriptor.sql.BasicBinder      : binding parameter [8] as [VARCHAR] - [실버세대]
2022-07-20 18:47:21.461 TRACE 38748 --- [    Test worker] o.h.type.descriptor.sql.BasicBinder      : binding parameter [9] as [INTEGER] - [100000]
2022-07-20 18:47:21.461 TRACE 38748 --- [    Test worker] o.h.type.descriptor.sql.BasicBinder      : binding parameter [10] as [VARCHAR] - [title]
2022-07-20 18:47:21.461 TRACE 38748 --- [    Test worker] o.h.type.descriptor.sql.BasicBinder      : binding parameter [11] as [VARCHAR] - [건강한삶]
2022-07-20 18:47:21.471 DEBUG 38748 --- [    Test worker] org.hibernate.SQL                        : 
    insert 
    into
        donation
        (cheer_donation, comment_donation, direct_donation, share_donation, count_cheer_donation, count_comment_donation, count_direct_donation, count_share_donation, post_id, member_id) 
    values
        (?, ?, ?, ?, ?, ?, ?, ?, ?, ?)
2022-07-20 18:47:21.472 TRACE 38748 --- [    Test worker] o.h.type.descriptor.sql.BasicBinder      : binding parameter [1] as [INTEGER] - [0]
2022-07-20 18:47:21.472 TRACE 38748 --- [    Test worker] o.h.type.descriptor.sql.BasicBinder      : binding parameter [2] as [INTEGER] - [0]
2022-07-20 18:47:21.472 TRACE 38748 --- [    Test worker] o.h.type.descriptor.sql.BasicBinder      : binding parameter [3] as [INTEGER] - [0]
2022-07-20 18:47:21.472 TRACE 38748 --- [    Test worker] o.h.type.descriptor.sql.BasicBinder      : binding parameter [4] as [INTEGER] - [0]
2022-07-20 18:47:21.472 TRACE 38748 --- [    Test worker] o.h.type.descriptor.sql.BasicBinder      : binding parameter [5] as [INTEGER] - [0]
2022-07-20 18:47:21.472 TRACE 38748 --- [    Test worker] o.h.type.descriptor.sql.BasicBinder      : binding parameter [6] as [INTEGER] - [0]
2022-07-20 18:47:21.472 TRACE 38748 --- [    Test worker] o.h.type.descriptor.sql.BasicBinder      : binding parameter [7] as [INTEGER] - [0]
2022-07-20 18:47:21.472 TRACE 38748 --- [    Test worker] o.h.type.descriptor.sql.BasicBinder      : binding parameter [8] as [INTEGER] - [0]
2022-07-20 18:47:21.472 TRACE 38748 --- [    Test worker] o.h.type.descriptor.sql.BasicBinder      : binding parameter [9] as [BIGINT] - [67]
2022-07-20 18:47:21.472 TRACE 38748 --- [    Test worker] o.h.type.descriptor.sql.BasicBinder      : binding parameter [10] as [BIGINT] - [88]
2022-07-20 18:47:21.480 DEBUG 38748 --- [    Test worker] org.hibernate.SQL                        : 
    select
        donation0_.post_id as post_id10_1_,
        donation0_.member_id as member_i9_1_,
        donation0_.cheer_donation as cheer_do1_1_,
        donation0_.comment_donation as comment_2_1_,
        donation0_.direct_donation as direct_d3_1_,
        donation0_.share_donation as share_do4_1_,
        donation0_.count_cheer_donation as count_ch5_1_,
        donation0_.count_comment_donation as count_co6_1_,
        donation0_.count_direct_donation as count_di7_1_,
        donation0_.count_share_donation as count_sh8_1_ 
    from
        donation donation0_ 
    where
        donation0_.member_id=?
2022-07-20 18:47:21.482 TRACE 38748 --- [    Test worker] o.h.type.descriptor.sql.BasicBinder      : binding parameter [1] as [BIGINT] - [88]
2022-07-20 18:47:21.704 TRACE 38748 --- [    Test worker] o.h.type.descriptor.sql.BasicExtractor   : extracted value ([post_id10_1_] : [BIGINT]) - [67]
2022-07-20 18:47:21.704 TRACE 38748 --- [    Test worker] o.h.type.descriptor.sql.BasicExtractor   : extracted value ([member_i9_1_] : [BIGINT]) - [88]
2022-07-20 18:47:21.728  INFO 38748 --- [    Test worker] o.s.t.c.transaction.TransactionContext   : Rolled back transaction for test: [DefaultTestContext@62c02089 testClass = DonationRepositoryTest, testInstance = kakao.valuetogether.repository.DonationRepositoryTest@328b2c2a, testMethod = donateComment@DonationRepositoryTest, testException = [null], mergedContextConfiguration = [WebMergedContextConfiguration@25ee3cd6 testClass = DonationRepositoryTest, locations = '{}', classes = '{class kakao.valuetogether.ValuetogetherApplication}', contextInitializerClasses = '[]', activeProfiles = '{}', propertySourceLocations = '{}', propertySourceProperties = '{org.springframework.boot.test.context.SpringBootTestContextBootstrapper=true}', contextCustomizers = set[org.springframework.boot.test.autoconfigure.actuate.metrics.MetricsExportContextCustomizerFactory$DisableMetricExportContextCustomizer@2262b621, org.springframework.boot.test.autoconfigure.properties.PropertyMappingContextCustomizer@0, org.springframework.boot.test.autoconfigure.web.servlet.WebDriverContextCustomizerFactory$Customizer@10993713, org.springframework.boot.test.context.filter.ExcludeFilterContextCustomizer@5f031ebd, org.springframework.boot.test.json.DuplicateJsonObjectContextCustomizerFactory$DuplicateJsonObjectContextCustomizer@41e350f1, org.springframework.boot.test.mock.mockito.MockitoContextCustomizer@0, org.springframework.boot.test.web.client.TestRestTemplateContextCustomizer@1ef3efa8, org.springframework.boot.test.context.SpringBootTestArgs@1, org.springframework.boot.test.context.SpringBootTestWebEnvironment@471a9022], resourceBasePath = 'src/main/webapp', contextLoader = 'org.springframework.boot.test.context.SpringBootContextLoader', parent = [null]], attributes = map['org.springframework.test.context.web.ServletTestExecutionListener.activateListener' -> true, 'org.springframework.test.context.web.ServletTestExecutionListener.populatedRequestContextHolder' -> true, 'org.springframework.test.context.web.ServletTestExecutionListener.resetRequestContextHolder' -> true, 'org.springframework.test.context.event.ApplicationEventsTestExecutionListener.recordApplicationEvents' -> false]]
2022-07-20 18:47:21.738  INFO 38748 --- [    Test worker] o.s.t.c.transaction.TransactionContext   : Began transaction (1) for test context [DefaultTestContext@62c02089 testClass = DonationRepositoryTest, testInstance = kakao.valuetogether.repository.DonationRepositoryTest@16bbb59c, testMethod = donateDirect@DonationRepositoryTest, testException = [null], mergedContextConfiguration = [WebMergedContextConfiguration@25ee3cd6 testClass = DonationRepositoryTest, locations = '{}', classes = '{class kakao.valuetogether.ValuetogetherApplication}', contextInitializerClasses = '[]', activeProfiles = '{}', propertySourceLocations = '{}', propertySourceProperties = '{org.springframework.boot.test.context.SpringBootTestContextBootstrapper=true}', contextCustomizers = set[org.springframework.boot.test.autoconfigure.actuate.metrics.MetricsExportContextCustomizerFactory$DisableMetricExportContextCustomizer@2262b621, org.springframework.boot.test.autoconfigure.properties.PropertyMappingContextCustomizer@0, org.springframework.boot.test.autoconfigure.web.servlet.WebDriverContextCustomizerFactory$Customizer@10993713, org.springframework.boot.test.context.filter.ExcludeFilterContextCustomizer@5f031ebd, org.springframework.boot.test.json.DuplicateJsonObjectContextCustomizerFactory$DuplicateJsonObjectContextCustomizer@41e350f1, org.springframework.boot.test.mock.mockito.MockitoContextCustomizer@0, org.springframework.boot.test.web.client.TestRestTemplateContextCustomizer@1ef3efa8, org.springframework.boot.test.context.SpringBootTestArgs@1, org.springframework.boot.test.context.SpringBootTestWebEnvironment@471a9022], resourceBasePath = 'src/main/webapp', contextLoader = 'org.springframework.boot.test.context.SpringBootContextLoader', parent = [null]], attributes = map['org.springframework.test.context.web.ServletTestExecutionListener.activateListener' -> true, 'org.springframework.test.context.web.ServletTestExecutionListener.populatedRequestContextHolder' -> true, 'org.springframework.test.context.web.ServletTestExecutionListener.resetRequestContextHolder' -> true, 'org.springframework.test.context.event.ApplicationEventsTestExecutionListener.recordApplicationEvents' -> false]]; transaction manager [org.springframework.orm.jpa.JpaTransactionManager@45bbb3e8]; rollback [true]
2022-07-20 18:47:21.740 DEBUG 38748 --- [    Test worker] org.hibernate.SQL                        : 
    insert 
    into
        member
        (member_address, member_birthday, member_email, member_gender, member_name, member_nickname, member_phone, member_pw) 
    values
        (?, ?, ?, ?, ?, ?, ?, ?)
2022-07-20 18:47:21.740 TRACE 38748 --- [    Test worker] o.h.type.descriptor.sql.BasicBinder      : binding parameter [1] as [VARCHAR] - [asdfasd]
2022-07-20 18:47:21.740 TRACE 38748 --- [    Test worker] o.h.type.descriptor.sql.BasicBinder      : binding parameter [2] as [VARCHAR] - [asdf]
2022-07-20 18:47:21.740 TRACE 38748 --- [    Test worker] o.h.type.descriptor.sql.BasicBinder      : binding parameter [3] as [VARCHAR] - [email]
2022-07-20 18:47:21.740 TRACE 38748 --- [    Test worker] o.h.type.descriptor.sql.BasicBinder      : binding parameter [4] as [VARCHAR] - [asdf]
2022-07-20 18:47:21.740 TRACE 38748 --- [    Test worker] o.h.type.descriptor.sql.BasicBinder      : binding parameter [5] as [VARCHAR] - [name]
2022-07-20 18:47:21.740 TRACE 38748 --- [    Test worker] o.h.type.descriptor.sql.BasicBinder      : binding parameter [6] as [VARCHAR] - [asfsa]
2022-07-20 18:47:21.740 TRACE 38748 --- [    Test worker] o.h.type.descriptor.sql.BasicBinder      : binding parameter [7] as [VARCHAR] - [111]
2022-07-20 18:47:21.741 TRACE 38748 --- [    Test worker] o.h.type.descriptor.sql.BasicBinder      : binding parameter [8] as [VARCHAR] - [pw]
2022-07-20 18:47:21.750 DEBUG 38748 --- [    Test worker] org.hibernate.SQL                        : 
    insert 
    into
        post
        (article, end_date, image, is_confirm, member_id, start_date, sub_title, target, target_amount, title, topic) 
    values
        (?, ?, ?, ?, ?, ?, ?, ?, ?, ?, ?)
2022-07-20 18:47:21.750 TRACE 38748 --- [    Test worker] o.h.type.descriptor.sql.BasicBinder      : binding parameter [1] as [VARCHAR] - [article]
2022-07-20 18:47:21.750 TRACE 38748 --- [    Test worker] o.h.type.descriptor.sql.BasicBinder      : binding parameter [2] as [TIMESTAMP] - [Sun Oct 01 00:00:00 KST 1922]
2022-07-20 18:47:21.751 TRACE 38748 --- [    Test worker] o.h.type.descriptor.sql.BasicBinder      : binding parameter [3] as [VARCHAR] - [image]
2022-07-20 18:47:21.751 TRACE 38748 --- [    Test worker] o.h.type.descriptor.sql.BasicBinder      : binding parameter [4] as [BOOLEAN] - [false]
2022-07-20 18:47:21.751 TRACE 38748 --- [    Test worker] o.h.type.descriptor.sql.BasicBinder      : binding parameter [5] as [BIGINT] - [89]
2022-07-20 18:47:21.751 TRACE 38748 --- [    Test worker] o.h.type.descriptor.sql.BasicBinder      : binding parameter [6] as [TIMESTAMP] - [Fri Aug 11 00:00:00 KST 1922]
2022-07-20 18:47:21.751 TRACE 38748 --- [    Test worker] o.h.type.descriptor.sql.BasicBinder      : binding parameter [7] as [VARCHAR] - [subTitle]
2022-07-20 18:47:21.751 TRACE 38748 --- [    Test worker] o.h.type.descriptor.sql.BasicBinder      : binding parameter [8] as [VARCHAR] - [실버세대]
2022-07-20 18:47:21.751 TRACE 38748 --- [    Test worker] o.h.type.descriptor.sql.BasicBinder      : binding parameter [9] as [INTEGER] - [100000]
2022-07-20 18:47:21.751 TRACE 38748 --- [    Test worker] o.h.type.descriptor.sql.BasicBinder      : binding parameter [10] as [VARCHAR] - [title]
2022-07-20 18:47:21.751 TRACE 38748 --- [    Test worker] o.h.type.descriptor.sql.BasicBinder      : binding parameter [11] as [VARCHAR] - [건강한삶]
2022-07-20 18:47:21.761 DEBUG 38748 --- [    Test worker] org.hibernate.SQL                        : 
    insert 
    into
        donation
        (cheer_donation, comment_donation, direct_donation, share_donation, count_cheer_donation, count_comment_donation, count_direct_donation, count_share_donation, post_id, member_id) 
    values
        (?, ?, ?, ?, ?, ?, ?, ?, ?, ?)
2022-07-20 18:47:21.761 TRACE 38748 --- [    Test worker] o.h.type.descriptor.sql.BasicBinder      : binding parameter [1] as [INTEGER] - [0]
2022-07-20 18:47:21.761 TRACE 38748 --- [    Test worker] o.h.type.descriptor.sql.BasicBinder      : binding parameter [2] as [INTEGER] - [0]
2022-07-20 18:47:21.761 TRACE 38748 --- [    Test worker] o.h.type.descriptor.sql.BasicBinder      : binding parameter [3] as [INTEGER] - [0]
2022-07-20 18:47:21.761 TRACE 38748 --- [    Test worker] o.h.type.descriptor.sql.BasicBinder      : binding parameter [4] as [INTEGER] - [0]
2022-07-20 18:47:21.761 TRACE 38748 --- [    Test worker] o.h.type.descriptor.sql.BasicBinder      : binding parameter [5] as [INTEGER] - [0]
2022-07-20 18:47:21.761 TRACE 38748 --- [    Test worker] o.h.type.descriptor.sql.BasicBinder      : binding parameter [6] as [INTEGER] - [0]
2022-07-20 18:47:21.761 TRACE 38748 --- [    Test worker] o.h.type.descriptor.sql.BasicBinder      : binding parameter [7] as [INTEGER] - [0]
2022-07-20 18:47:21.761 TRACE 38748 --- [    Test worker] o.h.type.descriptor.sql.BasicBinder      : binding parameter [8] as [INTEGER] - [0]
2022-07-20 18:47:21.761 TRACE 38748 --- [    Test worker] o.h.type.descriptor.sql.BasicBinder      : binding parameter [9] as [BIGINT] - [68]
2022-07-20 18:47:21.761 TRACE 38748 --- [    Test worker] o.h.type.descriptor.sql.BasicBinder      : binding parameter [10] as [BIGINT] - [89]
2022-07-20 18:47:21.769 DEBUG 38748 --- [    Test worker] org.hibernate.SQL                        : 
    select
        donation0_.post_id as post_id10_1_,
        donation0_.member_id as member_i9_1_,
        donation0_.cheer_donation as cheer_do1_1_,
        donation0_.comment_donation as comment_2_1_,
        donation0_.direct_donation as direct_d3_1_,
        donation0_.share_donation as share_do4_1_,
        donation0_.count_cheer_donation as count_ch5_1_,
        donation0_.count_comment_donation as count_co6_1_,
        donation0_.count_direct_donation as count_di7_1_,
        donation0_.count_share_donation as count_sh8_1_ 
    from
        donation donation0_ 
    where
        donation0_.member_id=?
2022-07-20 18:47:21.770 TRACE 38748 --- [    Test worker] o.h.type.descriptor.sql.BasicBinder      : binding parameter [1] as [BIGINT] - [89]
2022-07-20 18:47:21.778 TRACE 38748 --- [    Test worker] o.h.type.descriptor.sql.BasicExtractor   : extracted value ([post_id10_1_] : [BIGINT]) - [68]
2022-07-20 18:47:21.779 TRACE 38748 --- [    Test worker] o.h.type.descriptor.sql.BasicExtractor   : extracted value ([member_i9_1_] : [BIGINT]) - [89]
2022-07-20 18:47:21.782 DEBUG 38748 --- [    Test worker] org.hibernate.SQL                        : 
    update
        donation 
    set
        cheer_donation=?,
        comment_donation=?,
        direct_donation=?,
        share_donation=?,
        count_cheer_donation=?,
        count_comment_donation=?,
        count_direct_donation=?,
        count_share_donation=? 
    where
        post_id=? 
        and member_id=?
2022-07-20 18:47:21.782 TRACE 38748 --- [    Test worker] o.h.type.descriptor.sql.BasicBinder      : binding parameter [1] as [INTEGER] - [0]
2022-07-20 18:47:21.782 TRACE 38748 --- [    Test worker] o.h.type.descriptor.sql.BasicBinder      : binding parameter [2] as [INTEGER] - [0]
2022-07-20 18:47:21.782 TRACE 38748 --- [    Test worker] o.h.type.descriptor.sql.BasicBinder      : binding parameter [3] as [INTEGER] - [1000]
2022-07-20 18:47:21.782 TRACE 38748 --- [    Test worker] o.h.type.descriptor.sql.BasicBinder      : binding parameter [4] as [INTEGER] - [0]
2022-07-20 18:47:21.782 TRACE 38748 --- [    Test worker] o.h.type.descriptor.sql.BasicBinder      : binding parameter [5] as [INTEGER] - [0]
2022-07-20 18:47:21.782 TRACE 38748 --- [    Test worker] o.h.type.descriptor.sql.BasicBinder      : binding parameter [6] as [INTEGER] - [0]
2022-07-20 18:47:21.782 TRACE 38748 --- [    Test worker] o.h.type.descriptor.sql.BasicBinder      : binding parameter [7] as [INTEGER] - [0]
2022-07-20 18:47:21.782 TRACE 38748 --- [    Test worker] o.h.type.descriptor.sql.BasicBinder      : binding parameter [8] as [INTEGER] - [0]
2022-07-20 18:47:21.782 TRACE 38748 --- [    Test worker] o.h.type.descriptor.sql.BasicBinder      : binding parameter [9] as [BIGINT] - [68]
2022-07-20 18:47:21.782 TRACE 38748 --- [    Test worker] o.h.type.descriptor.sql.BasicBinder      : binding parameter [10] as [BIGINT] - [89]
2022-07-20 18:47:21.793 DEBUG 38748 --- [    Test worker] org.hibernate.SQL                        : 
    select
        donation0_.post_id as post_id10_1_,
        donation0_.member_id as member_i9_1_,
        donation0_.cheer_donation as cheer_do1_1_,
        donation0_.comment_donation as comment_2_1_,
        donation0_.direct_donation as direct_d3_1_,
        donation0_.share_donation as share_do4_1_,
        donation0_.count_cheer_donation as count_ch5_1_,
        donation0_.count_comment_donation as count_co6_1_,
        donation0_.count_direct_donation as count_di7_1_,
        donation0_.count_share_donation as count_sh8_1_ 
    from
        donation donation0_ 
    where
        donation0_.member_id=?
2022-07-20 18:47:21.793 TRACE 38748 --- [    Test worker] o.h.type.descriptor.sql.BasicBinder      : binding parameter [1] as [BIGINT] - [89]
2022-07-20 18:47:21.801 TRACE 38748 --- [    Test worker] o.h.type.descriptor.sql.BasicExtractor   : extracted value ([post_id10_1_] : [BIGINT]) - [68]
2022-07-20 18:47:21.802 TRACE 38748 --- [    Test worker] o.h.type.descriptor.sql.BasicExtractor   : extracted value ([member_i9_1_] : [BIGINT]) - [89]
2022-07-20 18:47:21.823  INFO 38748 --- [    Test worker] o.s.t.c.transaction.TransactionContext   : Rolled back transaction for test: [DefaultTestContext@62c02089 testClass = DonationRepositoryTest, testInstance = kakao.valuetogether.repository.DonationRepositoryTest@16bbb59c, testMethod = donateDirect@DonationRepositoryTest, testException = [null], mergedContextConfiguration = [WebMergedContextConfiguration@25ee3cd6 testClass = DonationRepositoryTest, locations = '{}', classes = '{class kakao.valuetogether.ValuetogetherApplication}', contextInitializerClasses = '[]', activeProfiles = '{}', propertySourceLocations = '{}', propertySourceProperties = '{org.springframework.boot.test.context.SpringBootTestContextBootstrapper=true}', contextCustomizers = set[org.springframework.boot.test.autoconfigure.actuate.metrics.MetricsExportContextCustomizerFactory$DisableMetricExportContextCustomizer@2262b621, org.springframework.boot.test.autoconfigure.properties.PropertyMappingContextCustomizer@0, org.springframework.boot.test.autoconfigure.web.servlet.WebDriverContextCustomizerFactory$Customizer@10993713, org.springframework.boot.test.context.filter.ExcludeFilterContextCustomizer@5f031ebd, org.springframework.boot.test.json.DuplicateJsonObjectContextCustomizerFactory$DuplicateJsonObjectContextCustomizer@41e350f1, org.springframework.boot.test.mock.mockito.MockitoContextCustomizer@0, org.springframework.boot.test.web.client.TestRestTemplateContextCustomizer@1ef3efa8, org.springframework.boot.test.context.SpringBootTestArgs@1, org.springframework.boot.test.context.SpringBootTestWebEnvironment@471a9022], resourceBasePath = 'src/main/webapp', contextLoader = 'org.springframework.boot.test.context.SpringBootContextLoader', parent = [null]], attributes = map['org.springframework.test.context.web.ServletTestExecutionListener.activateListener' -> true, 'org.springframework.test.context.web.ServletTestExecutionListener.populatedRequestContextHolder' -> true, 'org.springframework.test.context.web.ServletTestExecutionListener.resetRequestContextHolder' -> true, 'org.springframework.test.context.event.ApplicationEventsTestExecutionListener.recordApplicationEvents' -> false]]
2022-07-20 18:47:21.838  INFO 38748 --- [    Test worker] o.s.t.c.transaction.TransactionContext   : Began transaction (1) for test context [DefaultTestContext@62c02089 testClass = DonationRepositoryTest, testInstance = kakao.valuetogether.repository.DonationRepositoryTest@72f91c91, testMethod = saveAndFindByMember@DonationRepositoryTest, testException = [null], mergedContextConfiguration = [WebMergedContextConfiguration@25ee3cd6 testClass = DonationRepositoryTest, locations = '{}', classes = '{class kakao.valuetogether.ValuetogetherApplication}', contextInitializerClasses = '[]', activeProfiles = '{}', propertySourceLocations = '{}', propertySourceProperties = '{org.springframework.boot.test.context.SpringBootTestContextBootstrapper=true}', contextCustomizers = set[org.springframework.boot.test.autoconfigure.actuate.metrics.MetricsExportContextCustomizerFactory$DisableMetricExportContextCustomizer@2262b621, org.springframework.boot.test.autoconfigure.properties.PropertyMappingContextCustomizer@0, org.springframework.boot.test.autoconfigure.web.servlet.WebDriverContextCustomizerFactory$Customizer@10993713, org.springframework.boot.test.context.filter.ExcludeFilterContextCustomizer@5f031ebd, org.springframework.boot.test.json.DuplicateJsonObjectContextCustomizerFactory$DuplicateJsonObjectContextCustomizer@41e350f1, org.springframework.boot.test.mock.mockito.MockitoContextCustomizer@0, org.springframework.boot.test.web.client.TestRestTemplateContextCustomizer@1ef3efa8, org.springframework.boot.test.context.SpringBootTestArgs@1, org.springframework.boot.test.context.SpringBootTestWebEnvironment@471a9022], resourceBasePath = 'src/main/webapp', contextLoader = 'org.springframework.boot.test.context.SpringBootContextLoader', parent = [null]], attributes = map['org.springframework.test.context.web.ServletTestExecutionListener.activateListener' -> true, 'org.springframework.test.context.web.ServletTestExecutionListener.populatedRequestContextHolder' -> true, 'org.springframework.test.context.web.ServletTestExecutionListener.resetRequestContextHolder' -> true, 'org.springframework.test.context.event.ApplicationEventsTestExecutionListener.recordApplicationEvents' -> false]]; transaction manager [org.springframework.orm.jpa.JpaTransactionManager@45bbb3e8]; rollback [true]
2022-07-20 18:47:21.840 DEBUG 38748 --- [    Test worker] org.hibernate.SQL                        : 
    insert 
    into
        member
        (member_address, member_birthday, member_email, member_gender, member_name, member_nickname, member_phone, member_pw) 
    values
        (?, ?, ?, ?, ?, ?, ?, ?)
2022-07-20 18:47:21.840 TRACE 38748 --- [    Test worker] o.h.type.descriptor.sql.BasicBinder      : binding parameter [1] as [VARCHAR] - [asdfasd]
2022-07-20 18:47:21.840 TRACE 38748 --- [    Test worker] o.h.type.descriptor.sql.BasicBinder      : binding parameter [2] as [VARCHAR] - [asdf]
2022-07-20 18:47:21.840 TRACE 38748 --- [    Test worker] o.h.type.descriptor.sql.BasicBinder      : binding parameter [3] as [VARCHAR] - [email]
2022-07-20 18:47:21.840 TRACE 38748 --- [    Test worker] o.h.type.descriptor.sql.BasicBinder      : binding parameter [4] as [VARCHAR] - [asdf]
2022-07-20 18:47:21.840 TRACE 38748 --- [    Test worker] o.h.type.descriptor.sql.BasicBinder      : binding parameter [5] as [VARCHAR] - [name]
2022-07-20 18:47:21.840 TRACE 38748 --- [    Test worker] o.h.type.descriptor.sql.BasicBinder      : binding parameter [6] as [VARCHAR] - [asfsa]
2022-07-20 18:47:21.840 TRACE 38748 --- [    Test worker] o.h.type.descriptor.sql.BasicBinder      : binding parameter [7] as [VARCHAR] - [111]
2022-07-20 18:47:21.840 TRACE 38748 --- [    Test worker] o.h.type.descriptor.sql.BasicBinder      : binding parameter [8] as [VARCHAR] - [pw]
2022-07-20 18:47:21.850 DEBUG 38748 --- [    Test worker] org.hibernate.SQL                        : 
    insert 
    into
        post
        (article, end_date, image, is_confirm, member_id, start_date, sub_title, target, target_amount, title, topic) 
    values
        (?, ?, ?, ?, ?, ?, ?, ?, ?, ?, ?)
2022-07-20 18:47:21.851 TRACE 38748 --- [    Test worker] o.h.type.descriptor.sql.BasicBinder      : binding parameter [1] as [VARCHAR] - [article]
2022-07-20 18:47:21.851 TRACE 38748 --- [    Test worker] o.h.type.descriptor.sql.BasicBinder      : binding parameter [2] as [TIMESTAMP] - [Sun Oct 01 00:00:00 KST 1922]
2022-07-20 18:47:21.851 TRACE 38748 --- [    Test worker] o.h.type.descriptor.sql.BasicBinder      : binding parameter [3] as [VARCHAR] - [image]
2022-07-20 18:47:21.851 TRACE 38748 --- [    Test worker] o.h.type.descriptor.sql.BasicBinder      : binding parameter [4] as [BOOLEAN] - [false]
2022-07-20 18:47:21.851 TRACE 38748 --- [    Test worker] o.h.type.descriptor.sql.BasicBinder      : binding parameter [5] as [BIGINT] - [90]
2022-07-20 18:47:21.851 TRACE 38748 --- [    Test worker] o.h.type.descriptor.sql.BasicBinder      : binding parameter [6] as [TIMESTAMP] - [Fri Aug 11 00:00:00 KST 1922]
2022-07-20 18:47:21.851 TRACE 38748 --- [    Test worker] o.h.type.descriptor.sql.BasicBinder      : binding parameter [7] as [VARCHAR] - [subTitle]
2022-07-20 18:47:21.851 TRACE 38748 --- [    Test worker] o.h.type.descriptor.sql.BasicBinder      : binding parameter [8] as [VARCHAR] - [실버세대]
2022-07-20 18:47:21.851 TRACE 38748 --- [    Test worker] o.h.type.descriptor.sql.BasicBinder      : binding parameter [9] as [INTEGER] - [100000]
2022-07-20 18:47:21.851 TRACE 38748 --- [    Test worker] o.h.type.descriptor.sql.BasicBinder      : binding parameter [10] as [VARCHAR] - [title]
2022-07-20 18:47:21.851 TRACE 38748 --- [    Test worker] o.h.type.descriptor.sql.BasicBinder      : binding parameter [11] as [VARCHAR] - [건강한삶]
2022-07-20 18:47:21.860 DEBUG 38748 --- [    Test worker] org.hibernate.SQL                        : 
    insert 
    into
        donation
        (cheer_donation, comment_donation, direct_donation, share_donation, count_cheer_donation, count_comment_donation, count_direct_donation, count_share_donation, post_id, member_id) 
    values
        (?, ?, ?, ?, ?, ?, ?, ?, ?, ?)
2022-07-20 18:47:21.860 TRACE 38748 --- [    Test worker] o.h.type.descriptor.sql.BasicBinder      : binding parameter [1] as [INTEGER] - [0]
2022-07-20 18:47:21.860 TRACE 38748 --- [    Test worker] o.h.type.descriptor.sql.BasicBinder      : binding parameter [2] as [INTEGER] - [0]
2022-07-20 18:47:21.861 TRACE 38748 --- [    Test worker] o.h.type.descriptor.sql.BasicBinder      : binding parameter [3] as [INTEGER] - [0]
2022-07-20 18:47:21.861 TRACE 38748 --- [    Test worker] o.h.type.descriptor.sql.BasicBinder      : binding parameter [4] as [INTEGER] - [0]
2022-07-20 18:47:21.861 TRACE 38748 --- [    Test worker] o.h.type.descriptor.sql.BasicBinder      : binding parameter [5] as [INTEGER] - [0]
2022-07-20 18:47:21.861 TRACE 38748 --- [    Test worker] o.h.type.descriptor.sql.BasicBinder      : binding parameter [6] as [INTEGER] - [0]
2022-07-20 18:47:21.861 TRACE 38748 --- [    Test worker] o.h.type.descriptor.sql.BasicBinder      : binding parameter [7] as [INTEGER] - [0]
2022-07-20 18:47:21.861 TRACE 38748 --- [    Test worker] o.h.type.descriptor.sql.BasicBinder      : binding parameter [8] as [INTEGER] - [0]
2022-07-20 18:47:21.861 TRACE 38748 --- [    Test worker] o.h.type.descriptor.sql.BasicBinder      : binding parameter [9] as [BIGINT] - [69]
2022-07-20 18:47:21.861 TRACE 38748 --- [    Test worker] o.h.type.descriptor.sql.BasicBinder      : binding parameter [10] as [BIGINT] - [90]
2022-07-20 18:47:21.869 DEBUG 38748 --- [    Test worker] org.hibernate.SQL                        : 
    select
        donation0_.post_id as post_id10_1_,
        donation0_.member_id as member_i9_1_,
        donation0_.cheer_donation as cheer_do1_1_,
        donation0_.comment_donation as comment_2_1_,
        donation0_.direct_donation as direct_d3_1_,
        donation0_.share_donation as share_do4_1_,
        donation0_.count_cheer_donation as count_ch5_1_,
        donation0_.count_comment_donation as count_co6_1_,
        donation0_.count_direct_donation as count_di7_1_,
        donation0_.count_share_donation as count_sh8_1_ 
    from
        donation donation0_ 
    where
        donation0_.member_id=?
2022-07-20 18:47:21.870 TRACE 38748 --- [    Test worker] o.h.type.descriptor.sql.BasicBinder      : binding parameter [1] as [BIGINT] - [90]
2022-07-20 18:47:21.879 TRACE 38748 --- [    Test worker] o.h.type.descriptor.sql.BasicExtractor   : extracted value ([post_id10_1_] : [BIGINT]) - [69]
2022-07-20 18:47:21.880 TRACE 38748 --- [    Test worker] o.h.type.descriptor.sql.BasicExtractor   : extracted value ([member_i9_1_] : [BIGINT]) - [90]
2022-07-20 18:47:21.881 DEBUG 38748 --- [    Test worker] org.hibernate.SQL                        : 
    select
        donation0_.post_id as post_id10_1_,
        donation0_.member_id as member_i9_1_,
        donation0_.cheer_donation as cheer_do1_1_,
        donation0_.comment_donation as comment_2_1_,
        donation0_.direct_donation as direct_d3_1_,
        donation0_.share_donation as share_do4_1_,
        donation0_.count_cheer_donation as count_ch5_1_,
        donation0_.count_comment_donation as count_co6_1_,
        donation0_.count_direct_donation as count_di7_1_,
        donation0_.count_share_donation as count_sh8_1_ 
    from
        donation donation0_ 
    where
        donation0_.member_id=?
2022-07-20 18:47:21.881 TRACE 38748 --- [    Test worker] o.h.type.descriptor.sql.BasicBinder      : binding parameter [1] as [BIGINT] - [90]
2022-07-20 18:47:21.891 TRACE 38748 --- [    Test worker] o.h.type.descriptor.sql.BasicExtractor   : extracted value ([post_id10_1_] : [BIGINT]) - [69]
2022-07-20 18:47:21.891 TRACE 38748 --- [    Test worker] o.h.type.descriptor.sql.BasicExtractor   : extracted value ([member_i9_1_] : [BIGINT]) - [90]
2022-07-20 18:47:21.913  INFO 38748 --- [    Test worker] o.s.t.c.transaction.TransactionContext   : Rolled back transaction for test: [DefaultTestContext@62c02089 testClass = DonationRepositoryTest, testInstance = kakao.valuetogether.repository.DonationRepositoryTest@72f91c91, testMethod = saveAndFindByMember@DonationRepositoryTest, testException = [null], mergedContextConfiguration = [WebMergedContextConfiguration@25ee3cd6 testClass = DonationRepositoryTest, locations = '{}', classes = '{class kakao.valuetogether.ValuetogetherApplication}', contextInitializerClasses = '[]', activeProfiles = '{}', propertySourceLocations = '{}', propertySourceProperties = '{org.springframework.boot.test.context.SpringBootTestContextBootstrapper=true}', contextCustomizers = set[org.springframework.boot.test.autoconfigure.actuate.metrics.MetricsExportContextCustomizerFactory$DisableMetricExportContextCustomizer@2262b621, org.springframework.boot.test.autoconfigure.properties.PropertyMappingContextCustomizer@0, org.springframework.boot.test.autoconfigure.web.servlet.WebDriverContextCustomizerFactory$Customizer@10993713, org.springframework.boot.test.context.filter.ExcludeFilterContextCustomizer@5f031ebd, org.springframework.boot.test.json.DuplicateJsonObjectContextCustomizerFactory$DuplicateJsonObjectContextCustomizer@41e350f1, org.springframework.boot.test.mock.mockito.MockitoContextCustomizer@0, org.springframework.boot.test.web.client.TestRestTemplateContextCustomizer@1ef3efa8, org.springframework.boot.test.context.SpringBootTestArgs@1, org.springframework.boot.test.context.SpringBootTestWebEnvironment@471a9022], resourceBasePath = 'src/main/webapp', contextLoader = 'org.springframework.boot.test.context.SpringBootContextLoader', parent = [null]], attributes = map['org.springframework.test.context.web.ServletTestExecutionListener.activateListener' -> true, 'org.springframework.test.context.web.ServletTestExecutionListener.populatedRequestContextHolder' -> true, 'org.springframework.test.context.web.ServletTestExecutionListener.resetRequestContextHolder' -> true, 'org.springframework.test.context.event.ApplicationEventsTestExecutionListener.recordApplicationEvents' -> false]]
]]></system-out>
  <system-err><![CDATA[]]></system-err>
</testsuite>
