<?xml version="1.0" encoding="UTF-8"?>
<testsuite name="kakao.valuetogether.ValuetogetherApplicationTests" tests="1" skipped="0" failures="0" errors="0" timestamp="2022-07-20T07:28:54" hostname="DESKTOP-8DQF55R" time="0.552">
  <properties/>
  <testcase name="test()" classname="kakao.valuetogether.ValuetogetherApplicationTests" time="0.552"/>
  <system-out><![CDATA[16:28:46.588 [Test worker] DEBUG org.springframework.test.context.BootstrapUtils - Instantiating CacheAwareContextLoaderDelegate from class [org.springframework.test.context.cache.DefaultCacheAwareContextLoaderDelegate]
16:28:46.588 [Test worker] DEBUG org.springframework.test.context.BootstrapUtils - Instantiating BootstrapContext using constructor [public org.springframework.test.context.support.DefaultBootstrapContext(java.lang.Class,org.springframework.test.context.CacheAwareContextLoaderDelegate)]
16:28:46.589 [Test worker] DEBUG org.springframework.test.context.BootstrapUtils - Instantiating TestContextBootstrapper for test class [kakao.valuetogether.ValuetogetherApplicationTests] from class [org.springframework.boot.test.context.SpringBootTestContextBootstrapper]
16:28:46.589 [Test worker] INFO org.springframework.boot.test.context.SpringBootTestContextBootstrapper - Neither @ContextConfiguration nor @ContextHierarchy found for test class [kakao.valuetogether.ValuetogetherApplicationTests], using SpringBootContextLoader
16:28:46.590 [Test worker] DEBUG org.springframework.test.context.support.AbstractContextLoader - Did not detect default resource location for test class [kakao.valuetogether.ValuetogetherApplicationTests]: class path resource [kakao/valuetogether/ValuetogetherApplicationTests-context.xml] does not exist
16:28:46.590 [Test worker] DEBUG org.springframework.test.context.support.AbstractContextLoader - Did not detect default resource location for test class [kakao.valuetogether.ValuetogetherApplicationTests]: class path resource [kakao/valuetogether/ValuetogetherApplicationTestsContext.groovy] does not exist
16:28:46.590 [Test worker] INFO org.springframework.test.context.support.AbstractContextLoader - Could not detect default resource locations for test class [kakao.valuetogether.ValuetogetherApplicationTests]: no resource found for suffixes {-context.xml, Context.groovy}.
16:28:46.591 [Test worker] INFO org.springframework.test.context.support.AnnotationConfigContextLoaderUtils - Could not detect default configuration classes for test class [kakao.valuetogether.ValuetogetherApplicationTests]: ValuetogetherApplicationTests does not declare any static, non-private, non-final, nested classes annotated with @Configuration.
16:28:46.594 [Test worker] DEBUG org.springframework.test.context.support.ActiveProfilesUtils - Could not find an 'annotation declaring class' for annotation type [org.springframework.test.context.ActiveProfiles] and class [kakao.valuetogether.ValuetogetherApplicationTests]
16:28:46.596 [Test worker] DEBUG org.springframework.context.annotation.ClassPathScanningCandidateComponentProvider - Identified candidate component class: file [C:\Users\kimdongho\Desktop\spring-back\valuetogether\valuetogether\valuetogether\build\classes\java\main\kakao\valuetogether\ValuetogetherApplication.class]
16:28:46.596 [Test worker] INFO org.springframework.boot.test.context.SpringBootTestContextBootstrapper - Found @SpringBootConfiguration kakao.valuetogether.ValuetogetherApplication for test class kakao.valuetogether.ValuetogetherApplicationTests
16:28:46.599 [Test worker] DEBUG org.springframework.boot.test.context.SpringBootTestContextBootstrapper - @TestExecutionListeners is not present for class [kakao.valuetogether.ValuetogetherApplicationTests]: using defaults.
16:28:46.599 [Test worker] INFO org.springframework.boot.test.context.SpringBootTestContextBootstrapper - Loaded default TestExecutionListener class names from location [META-INF/spring.factories]: [org.springframework.boot.test.autoconfigure.restdocs.RestDocsTestExecutionListener, org.springframework.boot.test.autoconfigure.web.client.MockRestServiceServerResetTestExecutionListener, org.springframework.boot.test.autoconfigure.web.servlet.MockMvcPrintOnlyOnFailureTestExecutionListener, org.springframework.boot.test.autoconfigure.web.servlet.WebDriverTestExecutionListener, org.springframework.boot.test.autoconfigure.webservices.client.MockWebServiceServerTestExecutionListener, org.springframework.boot.test.mock.mockito.MockitoTestExecutionListener, org.springframework.boot.test.mock.mockito.ResetMocksTestExecutionListener, org.springframework.test.context.web.ServletTestExecutionListener, org.springframework.test.context.support.DirtiesContextBeforeModesTestExecutionListener, org.springframework.test.context.event.ApplicationEventsTestExecutionListener, org.springframework.test.context.support.DependencyInjectionTestExecutionListener, org.springframework.test.context.support.DirtiesContextTestExecutionListener, org.springframework.test.context.transaction.TransactionalTestExecutionListener, org.springframework.test.context.jdbc.SqlScriptsTestExecutionListener, org.springframework.test.context.event.EventPublishingTestExecutionListener]
16:28:46.599 [Test worker] INFO org.springframework.boot.test.context.SpringBootTestContextBootstrapper - Using TestExecutionListeners: [org.springframework.test.context.web.ServletTestExecutionListener@15515c51, org.springframework.test.context.support.DirtiesContextBeforeModesTestExecutionListener@36a7abe1, org.springframework.test.context.event.ApplicationEventsTestExecutionListener@64a896b0, org.springframework.boot.test.mock.mockito.MockitoTestExecutionListener@e044b4a, org.springframework.boot.test.autoconfigure.SpringBootDependencyInjectionTestExecutionListener@11a82d0f, org.springframework.test.context.support.DirtiesContextTestExecutionListener@1adb7478, org.springframework.test.context.transaction.TransactionalTestExecutionListener@3ae66c85, org.springframework.test.context.jdbc.SqlScriptsTestExecutionListener@16943e88, org.springframework.test.context.event.EventPublishingTestExecutionListener@4604b900, org.springframework.boot.test.autoconfigure.restdocs.RestDocsTestExecutionListener@73d6d0c, org.springframework.boot.test.autoconfigure.web.client.MockRestServiceServerResetTestExecutionListener@e36bb2a, org.springframework.boot.test.autoconfigure.web.servlet.MockMvcPrintOnlyOnFailureTestExecutionListener@3961a41a, org.springframework.boot.test.autoconfigure.web.servlet.WebDriverTestExecutionListener@5a4ed68f, org.springframework.boot.test.autoconfigure.webservices.client.MockWebServiceServerTestExecutionListener@367795c7, org.springframework.boot.test.mock.mockito.ResetMocksTestExecutionListener@d2387c8]
16:28:46.604 [Test worker] DEBUG org.springframework.test.context.support.AbstractDirtiesContextTestExecutionListener - Before test class: context [DefaultTestContext@42d236fb testClass = ValuetogetherApplicationTests, testInstance = [null], testMethod = [null], testException = [null], mergedContextConfiguration = [WebMergedContextConfiguration@1ce93c18 testClass = ValuetogetherApplicationTests, locations = '{}', classes = '{class kakao.valuetogether.ValuetogetherApplication}', contextInitializerClasses = '[]', activeProfiles = '{}', propertySourceLocations = '{}', propertySourceProperties = '{org.springframework.boot.test.context.SpringBootTestContextBootstrapper=true}', contextCustomizers = set[org.springframework.boot.test.autoconfigure.actuate.metrics.MetricsExportContextCustomizerFactory$DisableMetricExportContextCustomizer@2262b621, org.springframework.boot.test.autoconfigure.properties.PropertyMappingContextCustomizer@0, org.springframework.boot.test.autoconfigure.web.servlet.WebDriverContextCustomizerFactory$Customizer@10993713, org.springframework.boot.test.context.filter.ExcludeFilterContextCustomizer@5f031ebd, org.springframework.boot.test.json.DuplicateJsonObjectContextCustomizerFactory$DuplicateJsonObjectContextCustomizer@41e350f1, org.springframework.boot.test.mock.mockito.MockitoContextCustomizer@0, org.springframework.boot.test.web.client.TestRestTemplateContextCustomizer@1ef3efa8, org.springframework.boot.test.context.SpringBootTestArgs@1, org.springframework.boot.test.context.SpringBootTestWebEnvironment@471a9022], resourceBasePath = 'src/main/webapp', contextLoader = 'org.springframework.boot.test.context.SpringBootContextLoader', parent = [null]], attributes = map['org.springframework.test.context.web.ServletTestExecutionListener.activateListener' -> true]], class annotated with @DirtiesContext [false] with mode [null].

  .   ____          _            __ _ _
 /\\ / ___'_ __ _ _(_)_ __  __ _ \ \ \ \
( ( )\___ | '_ | '_| | '_ \/ _` | \ \ \ \
 \\/  ___)| |_)| | | | | || (_| |  ) ) ) )
  '  |____| .__|_| |_|_| |_\__, | / / / /
 =========|_|==============|___/=/_/_/_/
 :: Spring Boot ::                (v2.7.1)

2022-07-20 16:28:47.040  INFO 12996 --- [    Test worker] k.v.ValuetogetherApplicationTests        : Starting ValuetogetherApplicationTests using Java 11.0.15 on DESKTOP-8DQF55R with PID 12996 (started by kimdongho in C:\Users\kimdongho\Desktop\spring-back\valuetogether\valuetogether\valuetogether)
2022-07-20 16:28:47.042  INFO 12996 --- [    Test worker] k.v.ValuetogetherApplicationTests        : No active profile set, falling back to 1 default profile: "default"
2022-07-20 16:28:47.893  INFO 12996 --- [    Test worker] .s.d.r.c.RepositoryConfigurationDelegate : Bootstrapping Spring Data JPA repositories in DEFAULT mode.
2022-07-20 16:28:47.917  INFO 12996 --- [    Test worker] .s.d.r.c.RepositoryConfigurationDelegate : Finished Spring Data repository scanning in 12 ms. Found 0 JPA repository interfaces.
2022-07-20 16:28:48.522  INFO 12996 --- [    Test worker] o.hibernate.jpa.internal.util.LogHelper  : HHH000204: Processing PersistenceUnitInfo [name: default]
2022-07-20 16:28:48.582  INFO 12996 --- [    Test worker] org.hibernate.Version                    : HHH000412: Hibernate ORM core version 5.6.9.Final
2022-07-20 16:28:48.801  INFO 12996 --- [    Test worker] o.hibernate.annotations.common.Version   : HCANN000001: Hibernate Commons Annotations {5.1.2.Final}
2022-07-20 16:28:48.835 DEBUG 12996 --- [    Test worker] org.hibernate.type.BasicTypeRegistry     : Adding type registration boolean -> org.hibernate.type.BooleanType@147e0734
2022-07-20 16:28:48.835 DEBUG 12996 --- [    Test worker] org.hibernate.type.BasicTypeRegistry     : Adding type registration boolean -> org.hibernate.type.BooleanType@147e0734
2022-07-20 16:28:48.836 DEBUG 12996 --- [    Test worker] org.hibernate.type.BasicTypeRegistry     : Adding type registration java.lang.Boolean -> org.hibernate.type.BooleanType@147e0734
2022-07-20 16:28:48.836 DEBUG 12996 --- [    Test worker] org.hibernate.type.BasicTypeRegistry     : Adding type registration numeric_boolean -> org.hibernate.type.NumericBooleanType@3181d4de
2022-07-20 16:28:48.837 DEBUG 12996 --- [    Test worker] org.hibernate.type.BasicTypeRegistry     : Adding type registration true_false -> org.hibernate.type.TrueFalseType@1815577b
2022-07-20 16:28:48.838 DEBUG 12996 --- [    Test worker] org.hibernate.type.BasicTypeRegistry     : Adding type registration yes_no -> org.hibernate.type.YesNoType@ee96866
2022-07-20 16:28:48.840 DEBUG 12996 --- [    Test worker] org.hibernate.type.BasicTypeRegistry     : Adding type registration byte -> org.hibernate.type.ByteType@39f42d0e
2022-07-20 16:28:48.840 DEBUG 12996 --- [    Test worker] org.hibernate.type.BasicTypeRegistry     : Adding type registration byte -> org.hibernate.type.ByteType@39f42d0e
2022-07-20 16:28:48.840 DEBUG 12996 --- [    Test worker] org.hibernate.type.BasicTypeRegistry     : Adding type registration java.lang.Byte -> org.hibernate.type.ByteType@39f42d0e
2022-07-20 16:28:48.841 DEBUG 12996 --- [    Test worker] org.hibernate.type.BasicTypeRegistry     : Adding type registration character -> org.hibernate.type.CharacterType@da09250
2022-07-20 16:28:48.841 DEBUG 12996 --- [    Test worker] org.hibernate.type.BasicTypeRegistry     : Adding type registration char -> org.hibernate.type.CharacterType@da09250
2022-07-20 16:28:48.842 DEBUG 12996 --- [    Test worker] org.hibernate.type.BasicTypeRegistry     : Adding type registration java.lang.Character -> org.hibernate.type.CharacterType@da09250
2022-07-20 16:28:48.843 DEBUG 12996 --- [    Test worker] org.hibernate.type.BasicTypeRegistry     : Adding type registration short -> org.hibernate.type.ShortType@112c2930
2022-07-20 16:28:48.843 DEBUG 12996 --- [    Test worker] org.hibernate.type.BasicTypeRegistry     : Adding type registration short -> org.hibernate.type.ShortType@112c2930
2022-07-20 16:28:48.843 DEBUG 12996 --- [    Test worker] org.hibernate.type.BasicTypeRegistry     : Adding type registration java.lang.Short -> org.hibernate.type.ShortType@112c2930
2022-07-20 16:28:48.845 DEBUG 12996 --- [    Test worker] org.hibernate.type.BasicTypeRegistry     : Adding type registration integer -> org.hibernate.type.IntegerType@beabd6b
2022-07-20 16:28:48.845 DEBUG 12996 --- [    Test worker] org.hibernate.type.BasicTypeRegistry     : Adding type registration int -> org.hibernate.type.IntegerType@beabd6b
2022-07-20 16:28:48.845 DEBUG 12996 --- [    Test worker] org.hibernate.type.BasicTypeRegistry     : Adding type registration java.lang.Integer -> org.hibernate.type.IntegerType@beabd6b
2022-07-20 16:28:48.846 DEBUG 12996 --- [    Test worker] org.hibernate.type.BasicTypeRegistry     : Adding type registration long -> org.hibernate.type.LongType@5980fa73
2022-07-20 16:28:48.847 DEBUG 12996 --- [    Test worker] org.hibernate.type.BasicTypeRegistry     : Adding type registration long -> org.hibernate.type.LongType@5980fa73
2022-07-20 16:28:48.847 DEBUG 12996 --- [    Test worker] org.hibernate.type.BasicTypeRegistry     : Adding type registration java.lang.Long -> org.hibernate.type.LongType@5980fa73
2022-07-20 16:28:48.849 DEBUG 12996 --- [    Test worker] org.hibernate.type.BasicTypeRegistry     : Adding type registration float -> org.hibernate.type.FloatType@4357524b
2022-07-20 16:28:48.849 DEBUG 12996 --- [    Test worker] org.hibernate.type.BasicTypeRegistry     : Adding type registration float -> org.hibernate.type.FloatType@4357524b
2022-07-20 16:28:48.849 DEBUG 12996 --- [    Test worker] org.hibernate.type.BasicTypeRegistry     : Adding type registration java.lang.Float -> org.hibernate.type.FloatType@4357524b
2022-07-20 16:28:48.850 DEBUG 12996 --- [    Test worker] org.hibernate.type.BasicTypeRegistry     : Adding type registration double -> org.hibernate.type.DoubleType@2fbd390
2022-07-20 16:28:48.851 DEBUG 12996 --- [    Test worker] org.hibernate.type.BasicTypeRegistry     : Adding type registration double -> org.hibernate.type.DoubleType@2fbd390
2022-07-20 16:28:48.851 DEBUG 12996 --- [    Test worker] org.hibernate.type.BasicTypeRegistry     : Adding type registration java.lang.Double -> org.hibernate.type.DoubleType@2fbd390
2022-07-20 16:28:48.852 DEBUG 12996 --- [    Test worker] org.hibernate.type.BasicTypeRegistry     : Adding type registration big_decimal -> org.hibernate.type.BigDecimalType@45eab322
2022-07-20 16:28:48.852 DEBUG 12996 --- [    Test worker] org.hibernate.type.BasicTypeRegistry     : Adding type registration java.math.BigDecimal -> org.hibernate.type.BigDecimalType@45eab322
2022-07-20 16:28:48.853 DEBUG 12996 --- [    Test worker] org.hibernate.type.BasicTypeRegistry     : Adding type registration big_integer -> org.hibernate.type.BigIntegerType@19ae36f4
2022-07-20 16:28:48.853 DEBUG 12996 --- [    Test worker] org.hibernate.type.BasicTypeRegistry     : Adding type registration java.math.BigInteger -> org.hibernate.type.BigIntegerType@19ae36f4
2022-07-20 16:28:48.854 DEBUG 12996 --- [    Test worker] org.hibernate.type.BasicTypeRegistry     : Adding type registration string -> org.hibernate.type.StringType@1002d192
2022-07-20 16:28:48.854 DEBUG 12996 --- [    Test worker] org.hibernate.type.BasicTypeRegistry     : Adding type registration java.lang.String -> org.hibernate.type.StringType@1002d192
2022-07-20 16:28:48.855 DEBUG 12996 --- [    Test worker] org.hibernate.type.BasicTypeRegistry     : Adding type registration nstring -> org.hibernate.type.StringNVarcharType@55c50f52
2022-07-20 16:28:48.856 DEBUG 12996 --- [    Test worker] org.hibernate.type.BasicTypeRegistry     : Adding type registration ncharacter -> org.hibernate.type.CharacterNCharType@216f01
2022-07-20 16:28:48.857 DEBUG 12996 --- [    Test worker] org.hibernate.type.BasicTypeRegistry     : Adding type registration url -> org.hibernate.type.UrlType@541d4d9f
2022-07-20 16:28:48.857 DEBUG 12996 --- [    Test worker] org.hibernate.type.BasicTypeRegistry     : Adding type registration java.net.URL -> org.hibernate.type.UrlType@541d4d9f
2022-07-20 16:28:48.858 DEBUG 12996 --- [    Test worker] org.hibernate.type.BasicTypeRegistry     : Adding type registration Duration -> org.hibernate.type.DurationType@4217bce6
2022-07-20 16:28:48.858 DEBUG 12996 --- [    Test worker] org.hibernate.type.BasicTypeRegistry     : Adding type registration java.time.Duration -> org.hibernate.type.DurationType@4217bce6
2022-07-20 16:28:48.860 DEBUG 12996 --- [    Test worker] org.hibernate.type.BasicTypeRegistry     : Adding type registration Instant -> org.hibernate.type.InstantType@2e45a357
2022-07-20 16:28:48.860 DEBUG 12996 --- [    Test worker] org.hibernate.type.BasicTypeRegistry     : Adding type registration java.time.Instant -> org.hibernate.type.InstantType@2e45a357
2022-07-20 16:28:48.861 DEBUG 12996 --- [    Test worker] org.hibernate.type.BasicTypeRegistry     : Adding type registration LocalDateTime -> org.hibernate.type.LocalDateTimeType@730bea0
2022-07-20 16:28:48.861 DEBUG 12996 --- [    Test worker] org.hibernate.type.BasicTypeRegistry     : Adding type registration java.time.LocalDateTime -> org.hibernate.type.LocalDateTimeType@730bea0
2022-07-20 16:28:48.863 DEBUG 12996 --- [    Test worker] org.hibernate.type.BasicTypeRegistry     : Adding type registration LocalDate -> org.hibernate.type.LocalDateType@5873f3f0
2022-07-20 16:28:48.863 DEBUG 12996 --- [    Test worker] org.hibernate.type.BasicTypeRegistry     : Adding type registration java.time.LocalDate -> org.hibernate.type.LocalDateType@5873f3f0
2022-07-20 16:28:48.864 DEBUG 12996 --- [    Test worker] org.hibernate.type.BasicTypeRegistry     : Adding type registration LocalTime -> org.hibernate.type.LocalTimeType@713999c2
2022-07-20 16:28:48.865 DEBUG 12996 --- [    Test worker] org.hibernate.type.BasicTypeRegistry     : Adding type registration java.time.LocalTime -> org.hibernate.type.LocalTimeType@713999c2
2022-07-20 16:28:48.866 DEBUG 12996 --- [    Test worker] org.hibernate.type.BasicTypeRegistry     : Adding type registration OffsetDateTime -> org.hibernate.type.OffsetDateTimeType@1d2d8846
2022-07-20 16:28:48.866 DEBUG 12996 --- [    Test worker] org.hibernate.type.BasicTypeRegistry     : Adding type registration java.time.OffsetDateTime -> org.hibernate.type.OffsetDateTimeType@1d2d8846
2022-07-20 16:28:48.868 DEBUG 12996 --- [    Test worker] org.hibernate.type.BasicTypeRegistry     : Adding type registration OffsetTime -> org.hibernate.type.OffsetTimeType@5940b14e
2022-07-20 16:28:48.868 DEBUG 12996 --- [    Test worker] org.hibernate.type.BasicTypeRegistry     : Adding type registration java.time.OffsetTime -> org.hibernate.type.OffsetTimeType@5940b14e
2022-07-20 16:28:48.870 DEBUG 12996 --- [    Test worker] org.hibernate.type.BasicTypeRegistry     : Adding type registration ZonedDateTime -> org.hibernate.type.ZonedDateTimeType@5d1a859c
2022-07-20 16:28:48.871 DEBUG 12996 --- [    Test worker] org.hibernate.type.BasicTypeRegistry     : Adding type registration java.time.ZonedDateTime -> org.hibernate.type.ZonedDateTimeType@5d1a859c
2022-07-20 16:28:48.872 DEBUG 12996 --- [    Test worker] org.hibernate.type.BasicTypeRegistry     : Adding type registration date -> org.hibernate.type.DateType@4fc6e776
2022-07-20 16:28:48.872 DEBUG 12996 --- [    Test worker] org.hibernate.type.BasicTypeRegistry     : Adding type registration java.sql.Date -> org.hibernate.type.DateType@4fc6e776
2022-07-20 16:28:48.873 DEBUG 12996 --- [    Test worker] org.hibernate.type.BasicTypeRegistry     : Adding type registration time -> org.hibernate.type.TimeType@64440065
2022-07-20 16:28:48.873 DEBUG 12996 --- [    Test worker] org.hibernate.type.BasicTypeRegistry     : Adding type registration java.sql.Time -> org.hibernate.type.TimeType@64440065
2022-07-20 16:28:48.875 DEBUG 12996 --- [    Test worker] org.hibernate.type.BasicTypeRegistry     : Adding type registration timestamp -> org.hibernate.type.TimestampType@69bc9584
2022-07-20 16:28:48.875 DEBUG 12996 --- [    Test worker] org.hibernate.type.BasicTypeRegistry     : Adding type registration java.sql.Timestamp -> org.hibernate.type.TimestampType@69bc9584
2022-07-20 16:28:48.875 DEBUG 12996 --- [    Test worker] org.hibernate.type.BasicTypeRegistry     : Adding type registration java.util.Date -> org.hibernate.type.TimestampType@69bc9584
2022-07-20 16:28:48.878 DEBUG 12996 --- [    Test worker] org.hibernate.type.BasicTypeRegistry     : Adding type registration dbtimestamp -> org.hibernate.type.DbTimestampType@288728e
2022-07-20 16:28:48.879 DEBUG 12996 --- [    Test worker] org.hibernate.type.BasicTypeRegistry     : Adding type registration calendar -> org.hibernate.type.CalendarType@5d601832
2022-07-20 16:28:48.879 DEBUG 12996 --- [    Test worker] org.hibernate.type.BasicTypeRegistry     : Adding type registration java.util.Calendar -> org.hibernate.type.CalendarType@5d601832
2022-07-20 16:28:48.879 DEBUG 12996 --- [    Test worker] org.hibernate.type.BasicTypeRegistry     : Adding type registration java.util.GregorianCalendar -> org.hibernate.type.CalendarType@5d601832
2022-07-20 16:28:48.879 DEBUG 12996 --- [    Test worker] org.hibernate.type.BasicTypeRegistry     : Adding type registration calendar_date -> org.hibernate.type.CalendarDateType@3bd08435
2022-07-20 16:28:48.880 DEBUG 12996 --- [    Test worker] org.hibernate.type.BasicTypeRegistry     : Adding type registration calendar_time -> org.hibernate.type.CalendarTimeType@3e74fd84
2022-07-20 16:28:48.881 DEBUG 12996 --- [    Test worker] org.hibernate.type.BasicTypeRegistry     : Adding type registration locale -> org.hibernate.type.LocaleType@dc1fadd
2022-07-20 16:28:48.881 DEBUG 12996 --- [    Test worker] org.hibernate.type.BasicTypeRegistry     : Adding type registration java.util.Locale -> org.hibernate.type.LocaleType@dc1fadd
2022-07-20 16:28:48.882 DEBUG 12996 --- [    Test worker] org.hibernate.type.BasicTypeRegistry     : Adding type registration currency -> org.hibernate.type.CurrencyType@65859b44
2022-07-20 16:28:48.882 DEBUG 12996 --- [    Test worker] org.hibernate.type.BasicTypeRegistry     : Adding type registration java.util.Currency -> org.hibernate.type.CurrencyType@65859b44
2022-07-20 16:28:48.883 DEBUG 12996 --- [    Test worker] org.hibernate.type.BasicTypeRegistry     : Adding type registration timezone -> org.hibernate.type.TimeZoneType@6009cd34
2022-07-20 16:28:48.883 DEBUG 12996 --- [    Test worker] org.hibernate.type.BasicTypeRegistry     : Adding type registration java.util.TimeZone -> org.hibernate.type.TimeZoneType@6009cd34
2022-07-20 16:28:48.883 DEBUG 12996 --- [    Test worker] org.hibernate.type.BasicTypeRegistry     : Adding type registration class -> org.hibernate.type.ClassType@22865072
2022-07-20 16:28:48.883 DEBUG 12996 --- [    Test worker] org.hibernate.type.BasicTypeRegistry     : Adding type registration java.lang.Class -> org.hibernate.type.ClassType@22865072
2022-07-20 16:28:48.884 DEBUG 12996 --- [    Test worker] org.hibernate.type.BasicTypeRegistry     : Adding type registration uuid-binary -> org.hibernate.type.UUIDBinaryType@25e8e59
2022-07-20 16:28:48.885 DEBUG 12996 --- [    Test worker] org.hibernate.type.BasicTypeRegistry     : Adding type registration java.util.UUID -> org.hibernate.type.UUIDBinaryType@25e8e59
2022-07-20 16:28:48.886 DEBUG 12996 --- [    Test worker] org.hibernate.type.BasicTypeRegistry     : Adding type registration uuid-char -> org.hibernate.type.UUIDCharType@221b77d7
2022-07-20 16:28:48.887 DEBUG 12996 --- [    Test worker] org.hibernate.type.BasicTypeRegistry     : Adding type registration binary -> org.hibernate.type.BinaryType@63e4484d
2022-07-20 16:28:48.888 DEBUG 12996 --- [    Test worker] org.hibernate.type.BasicTypeRegistry     : Adding type registration byte[] -> org.hibernate.type.BinaryType@63e4484d
2022-07-20 16:28:48.888 DEBUG 12996 --- [    Test worker] org.hibernate.type.BasicTypeRegistry     : Adding type registration [B -> org.hibernate.type.BinaryType@63e4484d
2022-07-20 16:28:48.889 DEBUG 12996 --- [    Test worker] org.hibernate.type.BasicTypeRegistry     : Adding type registration wrapper-binary -> org.hibernate.type.WrapperBinaryType@394a6d2b
2022-07-20 16:28:48.889 DEBUG 12996 --- [    Test worker] org.hibernate.type.BasicTypeRegistry     : Adding type registration Byte[] -> org.hibernate.type.WrapperBinaryType@394a6d2b
2022-07-20 16:28:48.889 DEBUG 12996 --- [    Test worker] org.hibernate.type.BasicTypeRegistry     : Adding type registration [Ljava.lang.Byte; -> org.hibernate.type.WrapperBinaryType@394a6d2b
2022-07-20 16:28:48.891 DEBUG 12996 --- [    Test worker] org.hibernate.type.BasicTypeRegistry     : Adding type registration row_version -> org.hibernate.type.RowVersionType@62735b13
2022-07-20 16:28:48.892 DEBUG 12996 --- [    Test worker] org.hibernate.type.BasicTypeRegistry     : Adding type registration image -> org.hibernate.type.ImageType@6eede35e
2022-07-20 16:28:48.893 DEBUG 12996 --- [    Test worker] org.hibernate.type.BasicTypeRegistry     : Adding type registration characters -> org.hibernate.type.CharArrayType@46d0f89c
2022-07-20 16:28:48.893 DEBUG 12996 --- [    Test worker] org.hibernate.type.BasicTypeRegistry     : Adding type registration char[] -> org.hibernate.type.CharArrayType@46d0f89c
2022-07-20 16:28:48.893 DEBUG 12996 --- [    Test worker] org.hibernate.type.BasicTypeRegistry     : Adding type registration [C -> org.hibernate.type.CharArrayType@46d0f89c
2022-07-20 16:28:48.894 DEBUG 12996 --- [    Test worker] org.hibernate.type.BasicTypeRegistry     : Adding type registration wrapper-characters -> org.hibernate.type.CharacterArrayType@58164e9a
2022-07-20 16:28:48.894 DEBUG 12996 --- [    Test worker] org.hibernate.type.BasicTypeRegistry     : Adding type registration [Ljava.lang.Character; -> org.hibernate.type.CharacterArrayType@58164e9a
2022-07-20 16:28:48.894 DEBUG 12996 --- [    Test worker] org.hibernate.type.BasicTypeRegistry     : Adding type registration Character[] -> org.hibernate.type.CharacterArrayType@58164e9a
2022-07-20 16:28:48.894 DEBUG 12996 --- [    Test worker] org.hibernate.type.BasicTypeRegistry     : Adding type registration text -> org.hibernate.type.TextType@76e6c070
2022-07-20 16:28:48.894 DEBUG 12996 --- [    Test worker] org.hibernate.type.BasicTypeRegistry     : Adding type registration ntext -> org.hibernate.type.NTextType@f03ee8f
2022-07-20 16:28:48.896 DEBUG 12996 --- [    Test worker] org.hibernate.type.BasicTypeRegistry     : Adding type registration blob -> org.hibernate.type.BlobType@9be7319
2022-07-20 16:28:48.896 DEBUG 12996 --- [    Test worker] org.hibernate.type.BasicTypeRegistry     : Adding type registration java.sql.Blob -> org.hibernate.type.BlobType@9be7319
2022-07-20 16:28:48.897 DEBUG 12996 --- [    Test worker] org.hibernate.type.BasicTypeRegistry     : Adding type registration materialized_blob -> org.hibernate.type.MaterializedBlobType@629b780f
2022-07-20 16:28:48.899 DEBUG 12996 --- [    Test worker] org.hibernate.type.BasicTypeRegistry     : Adding type registration clob -> org.hibernate.type.ClobType@6ee37ca7
2022-07-20 16:28:48.899 DEBUG 12996 --- [    Test worker] org.hibernate.type.BasicTypeRegistry     : Adding type registration java.sql.Clob -> org.hibernate.type.ClobType@6ee37ca7
2022-07-20 16:28:48.900 DEBUG 12996 --- [    Test worker] org.hibernate.type.BasicTypeRegistry     : Adding type registration nclob -> org.hibernate.type.NClobType@1412682c
2022-07-20 16:28:48.901 DEBUG 12996 --- [    Test worker] org.hibernate.type.BasicTypeRegistry     : Adding type registration java.sql.NClob -> org.hibernate.type.NClobType@1412682c
2022-07-20 16:28:48.902 DEBUG 12996 --- [    Test worker] org.hibernate.type.BasicTypeRegistry     : Adding type registration materialized_clob -> org.hibernate.type.MaterializedClobType@12cd129c
2022-07-20 16:28:48.902 DEBUG 12996 --- [    Test worker] org.hibernate.type.BasicTypeRegistry     : Adding type registration materialized_nclob -> org.hibernate.type.MaterializedNClobType@698d6d30
2022-07-20 16:28:48.904 DEBUG 12996 --- [    Test worker] org.hibernate.type.BasicTypeRegistry     : Adding type registration serializable -> org.hibernate.type.SerializableType@4fbaa7f5
2022-07-20 16:28:48.907 DEBUG 12996 --- [    Test worker] org.hibernate.type.BasicTypeRegistry     : Adding type registration object -> org.hibernate.type.ObjectType@67e77f52
2022-07-20 16:28:48.907 DEBUG 12996 --- [    Test worker] org.hibernate.type.BasicTypeRegistry     : Adding type registration java.lang.Object -> org.hibernate.type.ObjectType@67e77f52
2022-07-20 16:28:48.909 DEBUG 12996 --- [    Test worker] org.hibernate.type.BasicTypeRegistry     : Adding type registration imm_date -> org.hibernate.type.AdaptedImmutableType@4d43a1b7
2022-07-20 16:28:48.909 DEBUG 12996 --- [    Test worker] org.hibernate.type.BasicTypeRegistry     : Adding type registration imm_time -> org.hibernate.type.AdaptedImmutableType@5b14f482
2022-07-20 16:28:48.909 DEBUG 12996 --- [    Test worker] org.hibernate.type.BasicTypeRegistry     : Adding type registration imm_timestamp -> org.hibernate.type.AdaptedImmutableType@19705650
2022-07-20 16:28:48.909 DEBUG 12996 --- [    Test worker] org.hibernate.type.BasicTypeRegistry     : Adding type registration imm_dbtimestamp -> org.hibernate.type.AdaptedImmutableType@1a785fd5
2022-07-20 16:28:48.909 DEBUG 12996 --- [    Test worker] org.hibernate.type.BasicTypeRegistry     : Adding type registration imm_calendar -> org.hibernate.type.AdaptedImmutableType@4a660b34
2022-07-20 16:28:48.909 DEBUG 12996 --- [    Test worker] org.hibernate.type.BasicTypeRegistry     : Adding type registration imm_calendar_date -> org.hibernate.type.AdaptedImmutableType@362a561e
2022-07-20 16:28:48.909 DEBUG 12996 --- [    Test worker] org.hibernate.type.BasicTypeRegistry     : Adding type registration imm_binary -> org.hibernate.type.AdaptedImmutableType@2df3545d
2022-07-20 16:28:48.909 DEBUG 12996 --- [    Test worker] org.hibernate.type.BasicTypeRegistry     : Adding type registration imm_serializable -> org.hibernate.type.AdaptedImmutableType@75ad30c1
2022-07-20 16:28:48.955  INFO 12996 --- [    Test worker] com.zaxxer.hikari.HikariDataSource       : HikariPool-1 - Starting...
2022-07-20 16:28:49.481  INFO 12996 --- [    Test worker] com.zaxxer.hikari.HikariDataSource       : HikariPool-1 - Start completed.
2022-07-20 16:28:49.519  INFO 12996 --- [    Test worker] org.hibernate.dialect.Dialect            : HHH000400: Using dialect: org.hibernate.dialect.MySQL8Dialect
2022-07-20 16:28:49.552 DEBUG 12996 --- [    Test worker] o.h.type.spi.TypeConfiguration$Scope     : Scoping TypeConfiguration [org.hibernate.type.spi.TypeConfiguration@10a0a1e] to MetadataBuildingContext [org.hibernate.boot.internal.MetadataBuildingContextRootImpl@2976ef56]
2022-07-20 16:28:49.868 DEBUG 12996 --- [    Test worker] org.hibernate.type.EnumType              : Using NAMED-based conversion for Enum kakao.valuetogether.domain.Target
2022-07-20 16:28:49.871 DEBUG 12996 --- [    Test worker] org.hibernate.type.EnumType              : Using NAMED-based conversion for Enum kakao.valuetogether.domain.Topic
2022-07-20 16:28:49.889  WARN 12996 --- [    Test worker] org.hibernate.mapping.RootClass          : HHH000038: Composite-id class does not override equals(): kakao.valuetogether.domain.TagPost
2022-07-20 16:28:49.889  WARN 12996 --- [    Test worker] org.hibernate.mapping.RootClass          : HHH000039: Composite-id class does not override hashCode(): kakao.valuetogether.domain.TagPost
2022-07-20 16:28:49.890  WARN 12996 --- [    Test worker] org.hibernate.mapping.RootClass          : HHH000038: Composite-id class does not override equals(): kakao.valuetogether.domain.Donation
2022-07-20 16:28:49.890  WARN 12996 --- [    Test worker] org.hibernate.mapping.RootClass          : HHH000039: Composite-id class does not override hashCode(): kakao.valuetogether.domain.Donation
2022-07-20 16:28:49.891 DEBUG 12996 --- [    Test worker] o.h.type.spi.TypeConfiguration$Scope     : Scoping TypeConfiguration [org.hibernate.type.spi.TypeConfiguration@10a0a1e] to SessionFactoryImpl [org.hibernate.internal.SessionFactoryImpl@56f61d74]
2022-07-20 16:28:50.313 DEBUG 12996 --- [    Test worker] org.hibernate.SQL                        : 
    
    alter table comment 
       drop 
       foreign key FKmrrrpi513ssu63i2783jyiv9m
2022-07-20 16:28:50.380 DEBUG 12996 --- [    Test worker] org.hibernate.SQL                        : 
    
    alter table comment 
       drop 
       foreign key FKs1slvnkuemjsq2kj4h3vhx7i1
2022-07-20 16:28:50.409 DEBUG 12996 --- [    Test worker] org.hibernate.SQL                        : 
    
    alter table donation 
       drop 
       foreign key FKihjfojjw2d2ijyjk18x9atkoy
2022-07-20 16:28:50.446 DEBUG 12996 --- [    Test worker] org.hibernate.SQL                        : 
    
    alter table donation 
       drop 
       foreign key FK5bgw4rtttocukydsisbsc9ll7
2022-07-20 16:28:50.474 DEBUG 12996 --- [    Test worker] org.hibernate.SQL                        : 
    
    alter table link 
       drop 
       foreign key FKtlh1puclwrxk7o3b3wa8jt1gc
2022-07-20 16:28:50.552 DEBUG 12996 --- [    Test worker] org.hibernate.SQL                        : 
    
    alter table post 
       drop 
       foreign key FK83s99f4kx8oiqm3ro0sasmpww
2022-07-20 16:28:50.592 DEBUG 12996 --- [    Test worker] org.hibernate.SQL                        : 
    
    alter table tag_post 
       drop 
       foreign key FK36t4u7evt09pdln4evfoo4v5n
2022-07-20 16:28:50.633 DEBUG 12996 --- [    Test worker] org.hibernate.SQL                        : 
    
    alter table tag_post 
       drop 
       foreign key FKceeso860swdv8btriq9cwrbcv
2022-07-20 16:28:50.667 DEBUG 12996 --- [    Test worker] org.hibernate.SQL                        : 
    
    drop table if exists comment
2022-07-20 16:28:50.707 DEBUG 12996 --- [    Test worker] org.hibernate.SQL                        : 
    
    drop table if exists donation
2022-07-20 16:28:50.744 DEBUG 12996 --- [    Test worker] org.hibernate.SQL                        : 
    
    drop table if exists hibernate_sequence
2022-07-20 16:28:50.781 DEBUG 12996 --- [    Test worker] org.hibernate.SQL                        : 
    
    drop table if exists link
2022-07-20 16:28:50.814 DEBUG 12996 --- [    Test worker] org.hibernate.SQL                        : 
    
    drop table if exists member
2022-07-20 16:28:50.864 DEBUG 12996 --- [    Test worker] org.hibernate.SQL                        : 
    
    drop table if exists post
2022-07-20 16:28:50.899 DEBUG 12996 --- [    Test worker] org.hibernate.SQL                        : 
    
    drop table if exists tag
2022-07-20 16:28:50.941 DEBUG 12996 --- [    Test worker] org.hibernate.SQL                        : 
    
    drop table if exists tag_post
2022-07-20 16:28:50.993 DEBUG 12996 --- [    Test worker] org.hibernate.SQL                        : 
    
    create table comment (
       comment_id bigint not null auto_increment,
        content varchar(255) not null,
        date datetime(6) not null,
        likes integer,
        member_id bigint not null,
        post_id bigint not null,
        primary key (comment_id)
    ) engine=InnoDB
2022-07-20 16:28:51.052 DEBUG 12996 --- [    Test worker] org.hibernate.SQL                        : 
    
    create table donation (
       cheer_donation integer,
        comment_donation integer,
        direct_donation integer,
        share_donation integer,
        count_cheer_donation integer,
        count_comment_donation integer,
        count_direct_donation integer,
        count_share_donation integer,
        member_id bigint not null,
        post_id bigint not null,
        primary key (post_id, member_id)
    ) engine=InnoDB
2022-07-20 16:28:51.105 DEBUG 12996 --- [    Test worker] org.hibernate.SQL                        : 
    
    create table hibernate_sequence (
       next_val bigint
    ) engine=InnoDB
2022-07-20 16:28:51.156 DEBUG 12996 --- [    Test worker] org.hibernate.SQL                        : 
    
    insert into hibernate_sequence values ( 1 )
2022-07-20 16:28:51.177 DEBUG 12996 --- [    Test worker] org.hibernate.SQL                        : 
    
    create table link (
       link_id bigint not null,
        link varchar(255),
        post_id bigint,
        primary key (link_id)
    ) engine=InnoDB
2022-07-20 16:28:51.235 DEBUG 12996 --- [    Test worker] org.hibernate.SQL                        : 
    
    create table member (
       member_id bigint not null auto_increment,
        member_address varchar(255) not null,
        member_birthday varchar(255) not null,
        member_email varchar(255) not null,
        member_gender varchar(255) not null,
        member_name varchar(255) not null,
        member_nickname varchar(255) not null,
        member_phone varchar(255),
        member_pw varchar(255) not null,
        primary key (member_id)
    ) engine=InnoDB
2022-07-20 16:28:51.320 DEBUG 12996 --- [    Test worker] org.hibernate.SQL                        : 
    
    create table post (
       post_id bigint not null auto_increment,
        article varchar(255) not null,
        end_date datetime(6) not null,
        image varchar(255),
        is_confirm bit not null,
        start_date datetime(6) not null,
        sub_title varchar(255) not null,
        target varchar(255),
        target_amount integer not null,
        title varchar(255) not null,
        topic varchar(255),
        member_id bigint,
        primary key (post_id)
    ) engine=InnoDB
2022-07-20 16:28:51.375 DEBUG 12996 --- [    Test worker] org.hibernate.SQL                        : 
    
    create table tag (
       tag_id bigint not null auto_increment,
        tag_name varchar(255) not null,
        primary key (tag_id)
    ) engine=InnoDB
2022-07-20 16:28:51.426 DEBUG 12996 --- [    Test worker] org.hibernate.SQL                        : 
    
    create table tag_post (
       tag_id bigint not null,
        post_id bigint not null,
        primary key (tag_id)
    ) engine=InnoDB
2022-07-20 16:28:51.479 DEBUG 12996 --- [    Test worker] org.hibernate.SQL                        : 
    
    alter table comment 
       add constraint FKmrrrpi513ssu63i2783jyiv9m 
       foreign key (member_id) 
       references member (member_id)
2022-07-20 16:28:51.580 DEBUG 12996 --- [    Test worker] org.hibernate.SQL                        : 
    
    alter table comment 
       add constraint FKs1slvnkuemjsq2kj4h3vhx7i1 
       foreign key (post_id) 
       references post (post_id)
2022-07-20 16:28:51.804 DEBUG 12996 --- [    Test worker] org.hibernate.SQL                        : 
    
    alter table donation 
       add constraint FKihjfojjw2d2ijyjk18x9atkoy 
       foreign key (member_id) 
       references member (member_id)
2022-07-20 16:28:52.034 DEBUG 12996 --- [    Test worker] org.hibernate.SQL                        : 
    
    alter table donation 
       add constraint FK5bgw4rtttocukydsisbsc9ll7 
       foreign key (post_id) 
       references post (post_id)
2022-07-20 16:28:52.133 DEBUG 12996 --- [    Test worker] org.hibernate.SQL                        : 
    
    alter table link 
       add constraint FKtlh1puclwrxk7o3b3wa8jt1gc 
       foreign key (post_id) 
       references post (post_id)
2022-07-20 16:28:52.224 DEBUG 12996 --- [    Test worker] org.hibernate.SQL                        : 
    
    alter table post 
       add constraint FK83s99f4kx8oiqm3ro0sasmpww 
       foreign key (member_id) 
       references member (member_id)
2022-07-20 16:28:52.342 DEBUG 12996 --- [    Test worker] org.hibernate.SQL                        : 
    
    alter table tag_post 
       add constraint FK36t4u7evt09pdln4evfoo4v5n 
       foreign key (tag_id) 
       references tag (tag_id)
2022-07-20 16:28:52.429 DEBUG 12996 --- [    Test worker] org.hibernate.SQL                        : 
    
    alter table tag_post 
       add constraint FKceeso860swdv8btriq9cwrbcv 
       foreign key (post_id) 
       references post (post_id)
2022-07-20 16:28:52.530  INFO 12996 --- [    Test worker] o.h.e.t.j.p.i.JtaPlatformInitiator       : HHH000490: Using JtaPlatform implementation: [org.hibernate.engine.transaction.jta.platform.internal.NoJtaPlatform]
2022-07-20 16:28:52.537 TRACE 12996 --- [    Test worker] o.h.type.spi.TypeConfiguration$Scope     : Handling #sessionFactoryCreated from [org.hibernate.internal.SessionFactoryImpl@56f61d74] for TypeConfiguration
2022-07-20 16:28:52.538  INFO 12996 --- [    Test worker] j.LocalContainerEntityManagerFactoryBean : Initialized JPA EntityManagerFactory for persistence unit 'default'
2022-07-20 16:28:52.982  WARN 12996 --- [    Test worker] JpaBaseConfiguration$JpaWebConfiguration : spring.jpa.open-in-view is enabled by default. Therefore, database queries may be performed during view rendering. Explicitly configure spring.jpa.open-in-view to disable this warning
2022-07-20 16:28:53.659  WARN 12996 --- [    Test worker] ion$DefaultTemplateResolverConfiguration : Cannot find template location: classpath:/templates/ (please add some templates or check your Thymeleaf configuration)
2022-07-20 16:28:54.038  INFO 12996 --- [    Test worker] k.v.ValuetogetherApplicationTests        : Started ValuetogetherApplicationTests in 7.402 seconds (JVM running for 8.967)
2022-07-20 16:28:54.288  INFO 12996 --- [    Test worker] o.s.t.c.transaction.TransactionContext   : Began transaction (1) for test context [DefaultTestContext@42d236fb testClass = ValuetogetherApplicationTests, testInstance = kakao.valuetogether.ValuetogetherApplicationTests@95958d9, testMethod = test@ValuetogetherApplicationTests, testException = [null], mergedContextConfiguration = [WebMergedContextConfiguration@1ce93c18 testClass = ValuetogetherApplicationTests, locations = '{}', classes = '{class kakao.valuetogether.ValuetogetherApplication}', contextInitializerClasses = '[]', activeProfiles = '{}', propertySourceLocations = '{}', propertySourceProperties = '{org.springframework.boot.test.context.SpringBootTestContextBootstrapper=true}', contextCustomizers = set[org.springframework.boot.test.autoconfigure.actuate.metrics.MetricsExportContextCustomizerFactory$DisableMetricExportContextCustomizer@2262b621, org.springframework.boot.test.autoconfigure.properties.PropertyMappingContextCustomizer@0, org.springframework.boot.test.autoconfigure.web.servlet.WebDriverContextCustomizerFactory$Customizer@10993713, org.springframework.boot.test.context.filter.ExcludeFilterContextCustomizer@5f031ebd, org.springframework.boot.test.json.DuplicateJsonObjectContextCustomizerFactory$DuplicateJsonObjectContextCustomizer@41e350f1, org.springframework.boot.test.mock.mockito.MockitoContextCustomizer@0, org.springframework.boot.test.web.client.TestRestTemplateContextCustomizer@1ef3efa8, org.springframework.boot.test.context.SpringBootTestArgs@1, org.springframework.boot.test.context.SpringBootTestWebEnvironment@471a9022], resourceBasePath = 'src/main/webapp', contextLoader = 'org.springframework.boot.test.context.SpringBootContextLoader', parent = [null]], attributes = map['org.springframework.test.context.web.ServletTestExecutionListener.activateListener' -> true, 'org.springframework.test.context.web.ServletTestExecutionListener.populatedRequestContextHolder' -> true, 'org.springframework.test.context.web.ServletTestExecutionListener.resetRequestContextHolder' -> true, 'org.springframework.test.context.event.ApplicationEventsTestExecutionListener.recordApplicationEvents' -> false]]; transaction manager [org.springframework.orm.jpa.JpaTransactionManager@202fd4c4]; rollback [true]
2022-07-20 16:28:54.625  INFO 12996 --- [    Test worker] o.s.t.c.transaction.TransactionContext   : Rolled back transaction for test: [DefaultTestContext@42d236fb testClass = ValuetogetherApplicationTests, testInstance = kakao.valuetogether.ValuetogetherApplicationTests@95958d9, testMethod = test@ValuetogetherApplicationTests, testException = [null], mergedContextConfiguration = [WebMergedContextConfiguration@1ce93c18 testClass = ValuetogetherApplicationTests, locations = '{}', classes = '{class kakao.valuetogether.ValuetogetherApplication}', contextInitializerClasses = '[]', activeProfiles = '{}', propertySourceLocations = '{}', propertySourceProperties = '{org.springframework.boot.test.context.SpringBootTestContextBootstrapper=true}', contextCustomizers = set[org.springframework.boot.test.autoconfigure.actuate.metrics.MetricsExportContextCustomizerFactory$DisableMetricExportContextCustomizer@2262b621, org.springframework.boot.test.autoconfigure.properties.PropertyMappingContextCustomizer@0, org.springframework.boot.test.autoconfigure.web.servlet.WebDriverContextCustomizerFactory$Customizer@10993713, org.springframework.boot.test.context.filter.ExcludeFilterContextCustomizer@5f031ebd, org.springframework.boot.test.json.DuplicateJsonObjectContextCustomizerFactory$DuplicateJsonObjectContextCustomizer@41e350f1, org.springframework.boot.test.mock.mockito.MockitoContextCustomizer@0, org.springframework.boot.test.web.client.TestRestTemplateContextCustomizer@1ef3efa8, org.springframework.boot.test.context.SpringBootTestArgs@1, org.springframework.boot.test.context.SpringBootTestWebEnvironment@471a9022], resourceBasePath = 'src/main/webapp', contextLoader = 'org.springframework.boot.test.context.SpringBootContextLoader', parent = [null]], attributes = map['org.springframework.test.context.web.ServletTestExecutionListener.activateListener' -> true, 'org.springframework.test.context.web.ServletTestExecutionListener.populatedRequestContextHolder' -> true, 'org.springframework.test.context.web.ServletTestExecutionListener.resetRequestContextHolder' -> true, 'org.springframework.test.context.event.ApplicationEventsTestExecutionListener.recordApplicationEvents' -> false]]
]]></system-out>
  <system-err><![CDATA[]]></system-err>
</testsuite>
