<?xml version="1.0" encoding="UTF-8"?>
<testsuite name="kakao.valuetogether.ValuetogetherApplicationTests" tests="1" skipped="0" failures="0" errors="0" timestamp="2022-08-03T07:53:19" hostname="DESKTOP-8DQF55R" time="0.479">
  <properties/>
  <testcase name="test()" classname="kakao.valuetogether.ValuetogetherApplicationTests" time="0.479"/>
  <system-out><![CDATA[16:53:13.987 [Test worker] DEBUG org.springframework.test.context.BootstrapUtils - Instantiating CacheAwareContextLoaderDelegate from class [org.springframework.test.context.cache.DefaultCacheAwareContextLoaderDelegate]
16:53:13.987 [Test worker] DEBUG org.springframework.test.context.BootstrapUtils - Instantiating BootstrapContext using constructor [public org.springframework.test.context.support.DefaultBootstrapContext(java.lang.Class,org.springframework.test.context.CacheAwareContextLoaderDelegate)]
16:53:13.988 [Test worker] DEBUG org.springframework.test.context.BootstrapUtils - Instantiating TestContextBootstrapper for test class [kakao.valuetogether.ValuetogetherApplicationTests] from class [org.springframework.boot.test.context.SpringBootTestContextBootstrapper]
16:53:13.989 [Test worker] INFO org.springframework.boot.test.context.SpringBootTestContextBootstrapper - Neither @ContextConfiguration nor @ContextHierarchy found for test class [kakao.valuetogether.ValuetogetherApplicationTests], using SpringBootContextLoader
16:53:13.990 [Test worker] DEBUG org.springframework.test.context.support.AbstractContextLoader - Did not detect default resource location for test class [kakao.valuetogether.ValuetogetherApplicationTests]: class path resource [kakao/valuetogether/ValuetogetherApplicationTests-context.xml] does not exist
16:53:13.990 [Test worker] DEBUG org.springframework.test.context.support.AbstractContextLoader - Did not detect default resource location for test class [kakao.valuetogether.ValuetogetherApplicationTests]: class path resource [kakao/valuetogether/ValuetogetherApplicationTestsContext.groovy] does not exist
16:53:13.990 [Test worker] INFO org.springframework.test.context.support.AbstractContextLoader - Could not detect default resource locations for test class [kakao.valuetogether.ValuetogetherApplicationTests]: no resource found for suffixes {-context.xml, Context.groovy}.
16:53:13.990 [Test worker] INFO org.springframework.test.context.support.AnnotationConfigContextLoaderUtils - Could not detect default configuration classes for test class [kakao.valuetogether.ValuetogetherApplicationTests]: ValuetogetherApplicationTests does not declare any static, non-private, non-final, nested classes annotated with @Configuration.
16:53:13.992 [Test worker] DEBUG org.springframework.test.context.support.ActiveProfilesUtils - Could not find an 'annotation declaring class' for annotation type [org.springframework.test.context.ActiveProfiles] and class [kakao.valuetogether.ValuetogetherApplicationTests]
16:53:13.995 [Test worker] DEBUG org.springframework.context.annotation.ClassPathScanningCandidateComponentProvider - Identified candidate component class: file [C:\Users\kimdongho\Desktop\spring-back\valuetogether\valuetogether\valuetogether\build\classes\java\main\kakao\valuetogether\ValuetogetherApplication.class]
16:53:13.995 [Test worker] INFO org.springframework.boot.test.context.SpringBootTestContextBootstrapper - Found @SpringBootConfiguration kakao.valuetogether.ValuetogetherApplication for test class kakao.valuetogether.ValuetogetherApplicationTests
16:53:13.997 [Test worker] DEBUG org.springframework.boot.test.context.SpringBootTestContextBootstrapper - @TestExecutionListeners is not present for class [kakao.valuetogether.ValuetogetherApplicationTests]: using defaults.
16:53:13.998 [Test worker] INFO org.springframework.boot.test.context.SpringBootTestContextBootstrapper - Loaded default TestExecutionListener class names from location [META-INF/spring.factories]: [org.springframework.boot.test.autoconfigure.restdocs.RestDocsTestExecutionListener, org.springframework.boot.test.autoconfigure.web.client.MockRestServiceServerResetTestExecutionListener, org.springframework.boot.test.autoconfigure.web.servlet.MockMvcPrintOnlyOnFailureTestExecutionListener, org.springframework.boot.test.autoconfigure.web.servlet.WebDriverTestExecutionListener, org.springframework.boot.test.autoconfigure.webservices.client.MockWebServiceServerTestExecutionListener, org.springframework.boot.test.mock.mockito.MockitoTestExecutionListener, org.springframework.boot.test.mock.mockito.ResetMocksTestExecutionListener, org.springframework.test.context.web.ServletTestExecutionListener, org.springframework.test.context.support.DirtiesContextBeforeModesTestExecutionListener, org.springframework.test.context.event.ApplicationEventsTestExecutionListener, org.springframework.test.context.support.DependencyInjectionTestExecutionListener, org.springframework.test.context.support.DirtiesContextTestExecutionListener, org.springframework.test.context.transaction.TransactionalTestExecutionListener, org.springframework.test.context.jdbc.SqlScriptsTestExecutionListener, org.springframework.test.context.event.EventPublishingTestExecutionListener]
16:53:13.998 [Test worker] INFO org.springframework.boot.test.context.SpringBootTestContextBootstrapper - Using TestExecutionListeners: [org.springframework.test.context.web.ServletTestExecutionListener@701a32, org.springframework.test.context.support.DirtiesContextBeforeModesTestExecutionListener@39aa45a1, org.springframework.test.context.event.ApplicationEventsTestExecutionListener@73aff8f1, org.springframework.boot.test.mock.mockito.MockitoTestExecutionListener@27cbfddf, org.springframework.boot.test.autoconfigure.SpringBootDependencyInjectionTestExecutionListener@27ead29e, org.springframework.test.context.support.DirtiesContextTestExecutionListener@4c060c8f, org.springframework.test.context.transaction.TransactionalTestExecutionListener@40620d8e, org.springframework.test.context.jdbc.SqlScriptsTestExecutionListener@383f3558, org.springframework.test.context.event.EventPublishingTestExecutionListener@49b07ee3, org.springframework.boot.test.autoconfigure.restdocs.RestDocsTestExecutionListener@352e612e, org.springframework.boot.test.autoconfigure.web.client.MockRestServiceServerResetTestExecutionListener@65f00478, org.springframework.boot.test.autoconfigure.web.servlet.MockMvcPrintOnlyOnFailureTestExecutionListener@2424686b, org.springframework.boot.test.autoconfigure.web.servlet.WebDriverTestExecutionListener@6ea94d6a, org.springframework.boot.test.autoconfigure.webservices.client.MockWebServiceServerTestExecutionListener@28486680, org.springframework.boot.test.mock.mockito.ResetMocksTestExecutionListener@4d7e7435]
16:53:14.002 [Test worker] DEBUG org.springframework.test.context.support.AbstractDirtiesContextTestExecutionListener - Before test class: context [DefaultTestContext@1efdcd5 testClass = ValuetogetherApplicationTests, testInstance = [null], testMethod = [null], testException = [null], mergedContextConfiguration = [WebMergedContextConfiguration@1623bbe5 testClass = ValuetogetherApplicationTests, locations = '{}', classes = '{class kakao.valuetogether.ValuetogetherApplication}', contextInitializerClasses = '[]', activeProfiles = '{}', propertySourceLocations = '{}', propertySourceProperties = '{org.springframework.boot.test.context.SpringBootTestContextBootstrapper=true}', contextCustomizers = set[org.springframework.boot.test.autoconfigure.actuate.metrics.MetricsExportContextCustomizerFactory$DisableMetricExportContextCustomizer@422c3c7a, org.springframework.boot.test.autoconfigure.properties.PropertyMappingContextCustomizer@0, org.springframework.boot.test.autoconfigure.web.servlet.WebDriverContextCustomizerFactory$Customizer@306851c7, org.springframework.boot.test.context.filter.ExcludeFilterContextCustomizer@41813449, org.springframework.boot.test.json.DuplicateJsonObjectContextCustomizerFactory$DuplicateJsonObjectContextCustomizer@5b07730f, org.springframework.boot.test.mock.mockito.MockitoContextCustomizer@0, org.springframework.boot.test.web.client.TestRestTemplateContextCustomizer@556d0826, org.springframework.boot.test.context.SpringBootTestArgs@1, org.springframework.boot.test.context.SpringBootTestWebEnvironment@15a04efb], resourceBasePath = 'src/main/webapp', contextLoader = 'org.springframework.boot.test.context.SpringBootContextLoader', parent = [null]], attributes = map['org.springframework.test.context.web.ServletTestExecutionListener.activateListener' -> true]], class annotated with @DirtiesContext [false] with mode [null].

  .   ____          _            __ _ _
 /\\ / ___'_ __ _ _(_)_ __  __ _ \ \ \ \
( ( )\___ | '_ | '_| | '_ \/ _` | \ \ \ \
 \\/  ___)| |_)| | | | | || (_| |  ) ) ) )
  '  |____| .__|_| |_|_| |_\__, | / / / /
 =========|_|==============|___/=/_/_/_/
 :: Spring Boot ::                (v2.7.1)

2022-08-03 16:53:14.443  INFO 33764 --- [    Test worker] k.v.ValuetogetherApplicationTests        : Starting ValuetogetherApplicationTests using Java 11.0.15 on DESKTOP-8DQF55R with PID 33764 (started by kimdongho in C:\Users\kimdongho\Desktop\spring-back\valuetogether\valuetogether\valuetogether)
2022-08-03 16:53:14.445  INFO 33764 --- [    Test worker] k.v.ValuetogetherApplicationTests        : The following 1 profile is active: "aws"
2022-08-03 16:53:15.329  INFO 33764 --- [    Test worker] .s.d.r.c.RepositoryConfigurationDelegate : Bootstrapping Spring Data JPA repositories in DEFAULT mode.
2022-08-03 16:53:15.348  INFO 33764 --- [    Test worker] .s.d.r.c.RepositoryConfigurationDelegate : Finished Spring Data repository scanning in 10 ms. Found 0 JPA repository interfaces.
2022-08-03 16:53:15.610  INFO 33764 --- [    Test worker] trationDelegate$BeanPostProcessorChecker : Bean 'credentialsProvider' of type [com.amazonaws.auth.AWSCredentialsProviderChain] is not eligible for getting processed by all BeanPostProcessors (for example: not eligible for auto-proxying)
2022-08-03 16:53:15.986  INFO 33764 --- [    Test worker] o.hibernate.jpa.internal.util.LogHelper  : HHH000204: Processing PersistenceUnitInfo [name: default]
2022-08-03 16:53:16.049  INFO 33764 --- [    Test worker] org.hibernate.Version                    : HHH000412: Hibernate ORM core version 5.6.9.Final
2022-08-03 16:53:16.242  INFO 33764 --- [    Test worker] o.hibernate.annotations.common.Version   : HCANN000001: Hibernate Commons Annotations {5.1.2.Final}
2022-08-03 16:53:16.275 DEBUG 33764 --- [    Test worker] org.hibernate.type.BasicTypeRegistry     : Adding type registration boolean -> org.hibernate.type.BooleanType@25218a4d
2022-08-03 16:53:16.275 DEBUG 33764 --- [    Test worker] org.hibernate.type.BasicTypeRegistry     : Adding type registration boolean -> org.hibernate.type.BooleanType@25218a4d
2022-08-03 16:53:16.275 DEBUG 33764 --- [    Test worker] org.hibernate.type.BasicTypeRegistry     : Adding type registration java.lang.Boolean -> org.hibernate.type.BooleanType@25218a4d
2022-08-03 16:53:16.276 DEBUG 33764 --- [    Test worker] org.hibernate.type.BasicTypeRegistry     : Adding type registration numeric_boolean -> org.hibernate.type.NumericBooleanType@426710f0
2022-08-03 16:53:16.277 DEBUG 33764 --- [    Test worker] org.hibernate.type.BasicTypeRegistry     : Adding type registration true_false -> org.hibernate.type.TrueFalseType@23f60b7d
2022-08-03 16:53:16.278 DEBUG 33764 --- [    Test worker] org.hibernate.type.BasicTypeRegistry     : Adding type registration yes_no -> org.hibernate.type.YesNoType@634aa81e
2022-08-03 16:53:16.281 DEBUG 33764 --- [    Test worker] org.hibernate.type.BasicTypeRegistry     : Adding type registration byte -> org.hibernate.type.ByteType@21733cbe
2022-08-03 16:53:16.281 DEBUG 33764 --- [    Test worker] org.hibernate.type.BasicTypeRegistry     : Adding type registration byte -> org.hibernate.type.ByteType@21733cbe
2022-08-03 16:53:16.281 DEBUG 33764 --- [    Test worker] org.hibernate.type.BasicTypeRegistry     : Adding type registration java.lang.Byte -> org.hibernate.type.ByteType@21733cbe
2022-08-03 16:53:16.282 DEBUG 33764 --- [    Test worker] org.hibernate.type.BasicTypeRegistry     : Adding type registration character -> org.hibernate.type.CharacterType@7afe0e67
2022-08-03 16:53:16.283 DEBUG 33764 --- [    Test worker] org.hibernate.type.BasicTypeRegistry     : Adding type registration char -> org.hibernate.type.CharacterType@7afe0e67
2022-08-03 16:53:16.283 DEBUG 33764 --- [    Test worker] org.hibernate.type.BasicTypeRegistry     : Adding type registration java.lang.Character -> org.hibernate.type.CharacterType@7afe0e67
2022-08-03 16:53:16.284 DEBUG 33764 --- [    Test worker] org.hibernate.type.BasicTypeRegistry     : Adding type registration short -> org.hibernate.type.ShortType@2120bed
2022-08-03 16:53:16.285 DEBUG 33764 --- [    Test worker] org.hibernate.type.BasicTypeRegistry     : Adding type registration short -> org.hibernate.type.ShortType@2120bed
2022-08-03 16:53:16.285 DEBUG 33764 --- [    Test worker] org.hibernate.type.BasicTypeRegistry     : Adding type registration java.lang.Short -> org.hibernate.type.ShortType@2120bed
2022-08-03 16:53:16.286 DEBUG 33764 --- [    Test worker] org.hibernate.type.BasicTypeRegistry     : Adding type registration integer -> org.hibernate.type.IntegerType@fe42a09
2022-08-03 16:53:16.287 DEBUG 33764 --- [    Test worker] org.hibernate.type.BasicTypeRegistry     : Adding type registration int -> org.hibernate.type.IntegerType@fe42a09
2022-08-03 16:53:16.287 DEBUG 33764 --- [    Test worker] org.hibernate.type.BasicTypeRegistry     : Adding type registration java.lang.Integer -> org.hibernate.type.IntegerType@fe42a09
2022-08-03 16:53:16.288 DEBUG 33764 --- [    Test worker] org.hibernate.type.BasicTypeRegistry     : Adding type registration long -> org.hibernate.type.LongType@99c4993
2022-08-03 16:53:16.289 DEBUG 33764 --- [    Test worker] org.hibernate.type.BasicTypeRegistry     : Adding type registration long -> org.hibernate.type.LongType@99c4993
2022-08-03 16:53:16.289 DEBUG 33764 --- [    Test worker] org.hibernate.type.BasicTypeRegistry     : Adding type registration java.lang.Long -> org.hibernate.type.LongType@99c4993
2022-08-03 16:53:16.291 DEBUG 33764 --- [    Test worker] org.hibernate.type.BasicTypeRegistry     : Adding type registration float -> org.hibernate.type.FloatType@632241f5
2022-08-03 16:53:16.291 DEBUG 33764 --- [    Test worker] org.hibernate.type.BasicTypeRegistry     : Adding type registration float -> org.hibernate.type.FloatType@632241f5
2022-08-03 16:53:16.291 DEBUG 33764 --- [    Test worker] org.hibernate.type.BasicTypeRegistry     : Adding type registration java.lang.Float -> org.hibernate.type.FloatType@632241f5
2022-08-03 16:53:16.292 DEBUG 33764 --- [    Test worker] org.hibernate.type.BasicTypeRegistry     : Adding type registration double -> org.hibernate.type.DoubleType@305552d6
2022-08-03 16:53:16.292 DEBUG 33764 --- [    Test worker] org.hibernate.type.BasicTypeRegistry     : Adding type registration double -> org.hibernate.type.DoubleType@305552d6
2022-08-03 16:53:16.292 DEBUG 33764 --- [    Test worker] org.hibernate.type.BasicTypeRegistry     : Adding type registration java.lang.Double -> org.hibernate.type.DoubleType@305552d6
2022-08-03 16:53:16.294 DEBUG 33764 --- [    Test worker] org.hibernate.type.BasicTypeRegistry     : Adding type registration big_decimal -> org.hibernate.type.BigDecimalType@6f8667bb
2022-08-03 16:53:16.294 DEBUG 33764 --- [    Test worker] org.hibernate.type.BasicTypeRegistry     : Adding type registration java.math.BigDecimal -> org.hibernate.type.BigDecimalType@6f8667bb
2022-08-03 16:53:16.296 DEBUG 33764 --- [    Test worker] org.hibernate.type.BasicTypeRegistry     : Adding type registration big_integer -> org.hibernate.type.BigIntegerType@643f6179
2022-08-03 16:53:16.296 DEBUG 33764 --- [    Test worker] org.hibernate.type.BasicTypeRegistry     : Adding type registration java.math.BigInteger -> org.hibernate.type.BigIntegerType@643f6179
2022-08-03 16:53:16.297 DEBUG 33764 --- [    Test worker] org.hibernate.type.BasicTypeRegistry     : Adding type registration string -> org.hibernate.type.StringType@5d767218
2022-08-03 16:53:16.297 DEBUG 33764 --- [    Test worker] org.hibernate.type.BasicTypeRegistry     : Adding type registration java.lang.String -> org.hibernate.type.StringType@5d767218
2022-08-03 16:53:16.298 DEBUG 33764 --- [    Test worker] org.hibernate.type.BasicTypeRegistry     : Adding type registration nstring -> org.hibernate.type.StringNVarcharType@3a5e2525
2022-08-03 16:53:16.299 DEBUG 33764 --- [    Test worker] org.hibernate.type.BasicTypeRegistry     : Adding type registration ncharacter -> org.hibernate.type.CharacterNCharType@7103745
2022-08-03 16:53:16.300 DEBUG 33764 --- [    Test worker] org.hibernate.type.BasicTypeRegistry     : Adding type registration url -> org.hibernate.type.UrlType@7d3bf8db
2022-08-03 16:53:16.301 DEBUG 33764 --- [    Test worker] org.hibernate.type.BasicTypeRegistry     : Adding type registration java.net.URL -> org.hibernate.type.UrlType@7d3bf8db
2022-08-03 16:53:16.302 DEBUG 33764 --- [    Test worker] org.hibernate.type.BasicTypeRegistry     : Adding type registration Duration -> org.hibernate.type.DurationType@5f61e002
2022-08-03 16:53:16.302 DEBUG 33764 --- [    Test worker] org.hibernate.type.BasicTypeRegistry     : Adding type registration java.time.Duration -> org.hibernate.type.DurationType@5f61e002
2022-08-03 16:53:16.304 DEBUG 33764 --- [    Test worker] org.hibernate.type.BasicTypeRegistry     : Adding type registration Instant -> org.hibernate.type.InstantType@7ef8e623
2022-08-03 16:53:16.304 DEBUG 33764 --- [    Test worker] org.hibernate.type.BasicTypeRegistry     : Adding type registration java.time.Instant -> org.hibernate.type.InstantType@7ef8e623
2022-08-03 16:53:16.305 DEBUG 33764 --- [    Test worker] org.hibernate.type.BasicTypeRegistry     : Adding type registration LocalDateTime -> org.hibernate.type.LocalDateTimeType@1eab8437
2022-08-03 16:53:16.305 DEBUG 33764 --- [    Test worker] org.hibernate.type.BasicTypeRegistry     : Adding type registration java.time.LocalDateTime -> org.hibernate.type.LocalDateTimeType@1eab8437
2022-08-03 16:53:16.306 DEBUG 33764 --- [    Test worker] org.hibernate.type.BasicTypeRegistry     : Adding type registration LocalDate -> org.hibernate.type.LocalDateType@2353354a
2022-08-03 16:53:16.307 DEBUG 33764 --- [    Test worker] org.hibernate.type.BasicTypeRegistry     : Adding type registration java.time.LocalDate -> org.hibernate.type.LocalDateType@2353354a
2022-08-03 16:53:16.308 DEBUG 33764 --- [    Test worker] org.hibernate.type.BasicTypeRegistry     : Adding type registration LocalTime -> org.hibernate.type.LocalTimeType@c758a2d
2022-08-03 16:53:16.308 DEBUG 33764 --- [    Test worker] org.hibernate.type.BasicTypeRegistry     : Adding type registration java.time.LocalTime -> org.hibernate.type.LocalTimeType@c758a2d
2022-08-03 16:53:16.310 DEBUG 33764 --- [    Test worker] org.hibernate.type.BasicTypeRegistry     : Adding type registration OffsetDateTime -> org.hibernate.type.OffsetDateTimeType@30ec211a
2022-08-03 16:53:16.310 DEBUG 33764 --- [    Test worker] org.hibernate.type.BasicTypeRegistry     : Adding type registration java.time.OffsetDateTime -> org.hibernate.type.OffsetDateTimeType@30ec211a
2022-08-03 16:53:16.311 DEBUG 33764 --- [    Test worker] org.hibernate.type.BasicTypeRegistry     : Adding type registration OffsetTime -> org.hibernate.type.OffsetTimeType@4d4df0f4
2022-08-03 16:53:16.311 DEBUG 33764 --- [    Test worker] org.hibernate.type.BasicTypeRegistry     : Adding type registration java.time.OffsetTime -> org.hibernate.type.OffsetTimeType@4d4df0f4
2022-08-03 16:53:16.313 DEBUG 33764 --- [    Test worker] org.hibernate.type.BasicTypeRegistry     : Adding type registration ZonedDateTime -> org.hibernate.type.ZonedDateTimeType@6fd1ea75
2022-08-03 16:53:16.313 DEBUG 33764 --- [    Test worker] org.hibernate.type.BasicTypeRegistry     : Adding type registration java.time.ZonedDateTime -> org.hibernate.type.ZonedDateTimeType@6fd1ea75
2022-08-03 16:53:16.314 DEBUG 33764 --- [    Test worker] org.hibernate.type.BasicTypeRegistry     : Adding type registration date -> org.hibernate.type.DateType@388f1258
2022-08-03 16:53:16.315 DEBUG 33764 --- [    Test worker] org.hibernate.type.BasicTypeRegistry     : Adding type registration java.sql.Date -> org.hibernate.type.DateType@388f1258
2022-08-03 16:53:16.317 DEBUG 33764 --- [    Test worker] org.hibernate.type.BasicTypeRegistry     : Adding type registration time -> org.hibernate.type.TimeType@4d25f816
2022-08-03 16:53:16.317 DEBUG 33764 --- [    Test worker] org.hibernate.type.BasicTypeRegistry     : Adding type registration java.sql.Time -> org.hibernate.type.TimeType@4d25f816
2022-08-03 16:53:16.318 DEBUG 33764 --- [    Test worker] org.hibernate.type.BasicTypeRegistry     : Adding type registration timestamp -> org.hibernate.type.TimestampType@3b770d07
2022-08-03 16:53:16.319 DEBUG 33764 --- [    Test worker] org.hibernate.type.BasicTypeRegistry     : Adding type registration java.sql.Timestamp -> org.hibernate.type.TimestampType@3b770d07
2022-08-03 16:53:16.319 DEBUG 33764 --- [    Test worker] org.hibernate.type.BasicTypeRegistry     : Adding type registration java.util.Date -> org.hibernate.type.TimestampType@3b770d07
2022-08-03 16:53:16.321 DEBUG 33764 --- [    Test worker] org.hibernate.type.BasicTypeRegistry     : Adding type registration dbtimestamp -> org.hibernate.type.DbTimestampType@6f07d414
2022-08-03 16:53:16.321 DEBUG 33764 --- [    Test worker] org.hibernate.type.BasicTypeRegistry     : Adding type registration calendar -> org.hibernate.type.CalendarType@3a861417
2022-08-03 16:53:16.321 DEBUG 33764 --- [    Test worker] org.hibernate.type.BasicTypeRegistry     : Adding type registration java.util.Calendar -> org.hibernate.type.CalendarType@3a861417
2022-08-03 16:53:16.321 DEBUG 33764 --- [    Test worker] org.hibernate.type.BasicTypeRegistry     : Adding type registration java.util.GregorianCalendar -> org.hibernate.type.CalendarType@3a861417
2022-08-03 16:53:16.322 DEBUG 33764 --- [    Test worker] org.hibernate.type.BasicTypeRegistry     : Adding type registration calendar_date -> org.hibernate.type.CalendarDateType@559d19c
2022-08-03 16:53:16.323 DEBUG 33764 --- [    Test worker] org.hibernate.type.BasicTypeRegistry     : Adding type registration calendar_time -> org.hibernate.type.CalendarTimeType@3a588b5f
2022-08-03 16:53:16.324 DEBUG 33764 --- [    Test worker] org.hibernate.type.BasicTypeRegistry     : Adding type registration locale -> org.hibernate.type.LocaleType@7185e611
2022-08-03 16:53:16.324 DEBUG 33764 --- [    Test worker] org.hibernate.type.BasicTypeRegistry     : Adding type registration java.util.Locale -> org.hibernate.type.LocaleType@7185e611
2022-08-03 16:53:16.325 DEBUG 33764 --- [    Test worker] org.hibernate.type.BasicTypeRegistry     : Adding type registration currency -> org.hibernate.type.CurrencyType@56e5c8fb
2022-08-03 16:53:16.325 DEBUG 33764 --- [    Test worker] org.hibernate.type.BasicTypeRegistry     : Adding type registration java.util.Currency -> org.hibernate.type.CurrencyType@56e5c8fb
2022-08-03 16:53:16.326 DEBUG 33764 --- [    Test worker] org.hibernate.type.BasicTypeRegistry     : Adding type registration timezone -> org.hibernate.type.TimeZoneType@a3b858f
2022-08-03 16:53:16.326 DEBUG 33764 --- [    Test worker] org.hibernate.type.BasicTypeRegistry     : Adding type registration java.util.TimeZone -> org.hibernate.type.TimeZoneType@a3b858f
2022-08-03 16:53:16.327 DEBUG 33764 --- [    Test worker] org.hibernate.type.BasicTypeRegistry     : Adding type registration class -> org.hibernate.type.ClassType@2347b7af
2022-08-03 16:53:16.327 DEBUG 33764 --- [    Test worker] org.hibernate.type.BasicTypeRegistry     : Adding type registration java.lang.Class -> org.hibernate.type.ClassType@2347b7af
2022-08-03 16:53:16.328 DEBUG 33764 --- [    Test worker] org.hibernate.type.BasicTypeRegistry     : Adding type registration uuid-binary -> org.hibernate.type.UUIDBinaryType@66f2ec1c
2022-08-03 16:53:16.328 DEBUG 33764 --- [    Test worker] org.hibernate.type.BasicTypeRegistry     : Adding type registration java.util.UUID -> org.hibernate.type.UUIDBinaryType@66f2ec1c
2022-08-03 16:53:16.329 DEBUG 33764 --- [    Test worker] org.hibernate.type.BasicTypeRegistry     : Adding type registration uuid-char -> org.hibernate.type.UUIDCharType@2fb082ff
2022-08-03 16:53:16.330 DEBUG 33764 --- [    Test worker] org.hibernate.type.BasicTypeRegistry     : Adding type registration binary -> org.hibernate.type.BinaryType@4fbb1144
2022-08-03 16:53:16.330 DEBUG 33764 --- [    Test worker] org.hibernate.type.BasicTypeRegistry     : Adding type registration byte[] -> org.hibernate.type.BinaryType@4fbb1144
2022-08-03 16:53:16.330 DEBUG 33764 --- [    Test worker] org.hibernate.type.BasicTypeRegistry     : Adding type registration [B -> org.hibernate.type.BinaryType@4fbb1144
2022-08-03 16:53:16.332 DEBUG 33764 --- [    Test worker] org.hibernate.type.BasicTypeRegistry     : Adding type registration wrapper-binary -> org.hibernate.type.WrapperBinaryType@1b3bec6c
2022-08-03 16:53:16.333 DEBUG 33764 --- [    Test worker] org.hibernate.type.BasicTypeRegistry     : Adding type registration Byte[] -> org.hibernate.type.WrapperBinaryType@1b3bec6c
2022-08-03 16:53:16.333 DEBUG 33764 --- [    Test worker] org.hibernate.type.BasicTypeRegistry     : Adding type registration [Ljava.lang.Byte; -> org.hibernate.type.WrapperBinaryType@1b3bec6c
2022-08-03 16:53:16.334 DEBUG 33764 --- [    Test worker] org.hibernate.type.BasicTypeRegistry     : Adding type registration row_version -> org.hibernate.type.RowVersionType@1b8fa2fa
2022-08-03 16:53:16.335 DEBUG 33764 --- [    Test worker] org.hibernate.type.BasicTypeRegistry     : Adding type registration image -> org.hibernate.type.ImageType@1d8e9d3e
2022-08-03 16:53:16.336 DEBUG 33764 --- [    Test worker] org.hibernate.type.BasicTypeRegistry     : Adding type registration characters -> org.hibernate.type.CharArrayType@46d1b59
2022-08-03 16:53:16.336 DEBUG 33764 --- [    Test worker] org.hibernate.type.BasicTypeRegistry     : Adding type registration char[] -> org.hibernate.type.CharArrayType@46d1b59
2022-08-03 16:53:16.336 DEBUG 33764 --- [    Test worker] org.hibernate.type.BasicTypeRegistry     : Adding type registration [C -> org.hibernate.type.CharArrayType@46d1b59
2022-08-03 16:53:16.337 DEBUG 33764 --- [    Test worker] org.hibernate.type.BasicTypeRegistry     : Adding type registration wrapper-characters -> org.hibernate.type.CharacterArrayType@49cb5030
2022-08-03 16:53:16.337 DEBUG 33764 --- [    Test worker] org.hibernate.type.BasicTypeRegistry     : Adding type registration [Ljava.lang.Character; -> org.hibernate.type.CharacterArrayType@49cb5030
2022-08-03 16:53:16.337 DEBUG 33764 --- [    Test worker] org.hibernate.type.BasicTypeRegistry     : Adding type registration Character[] -> org.hibernate.type.CharacterArrayType@49cb5030
2022-08-03 16:53:16.338 DEBUG 33764 --- [    Test worker] org.hibernate.type.BasicTypeRegistry     : Adding type registration text -> org.hibernate.type.TextType@3e2d44f3
2022-08-03 16:53:16.338 DEBUG 33764 --- [    Test worker] org.hibernate.type.BasicTypeRegistry     : Adding type registration ntext -> org.hibernate.type.NTextType@2c34402
2022-08-03 16:53:16.340 DEBUG 33764 --- [    Test worker] org.hibernate.type.BasicTypeRegistry     : Adding type registration blob -> org.hibernate.type.BlobType@2ab9e43e
2022-08-03 16:53:16.340 DEBUG 33764 --- [    Test worker] org.hibernate.type.BasicTypeRegistry     : Adding type registration java.sql.Blob -> org.hibernate.type.BlobType@2ab9e43e
2022-08-03 16:53:16.341 DEBUG 33764 --- [    Test worker] org.hibernate.type.BasicTypeRegistry     : Adding type registration materialized_blob -> org.hibernate.type.MaterializedBlobType@64fdcf99
2022-08-03 16:53:16.342 DEBUG 33764 --- [    Test worker] org.hibernate.type.BasicTypeRegistry     : Adding type registration clob -> org.hibernate.type.ClobType@56ec6960
2022-08-03 16:53:16.342 DEBUG 33764 --- [    Test worker] org.hibernate.type.BasicTypeRegistry     : Adding type registration java.sql.Clob -> org.hibernate.type.ClobType@56ec6960
2022-08-03 16:53:16.343 DEBUG 33764 --- [    Test worker] org.hibernate.type.BasicTypeRegistry     : Adding type registration nclob -> org.hibernate.type.NClobType@52ca0ad4
2022-08-03 16:53:16.343 DEBUG 33764 --- [    Test worker] org.hibernate.type.BasicTypeRegistry     : Adding type registration java.sql.NClob -> org.hibernate.type.NClobType@52ca0ad4
2022-08-03 16:53:16.344 DEBUG 33764 --- [    Test worker] org.hibernate.type.BasicTypeRegistry     : Adding type registration materialized_clob -> org.hibernate.type.MaterializedClobType@35dcd032
2022-08-03 16:53:16.344 DEBUG 33764 --- [    Test worker] org.hibernate.type.BasicTypeRegistry     : Adding type registration materialized_nclob -> org.hibernate.type.MaterializedNClobType@17b6ad97
2022-08-03 16:53:16.346 DEBUG 33764 --- [    Test worker] org.hibernate.type.BasicTypeRegistry     : Adding type registration serializable -> org.hibernate.type.SerializableType@4fd7b79
2022-08-03 16:53:16.348 DEBUG 33764 --- [    Test worker] org.hibernate.type.BasicTypeRegistry     : Adding type registration object -> org.hibernate.type.ObjectType@29b5533
2022-08-03 16:53:16.349 DEBUG 33764 --- [    Test worker] org.hibernate.type.BasicTypeRegistry     : Adding type registration java.lang.Object -> org.hibernate.type.ObjectType@29b5533
2022-08-03 16:53:16.349 DEBUG 33764 --- [    Test worker] org.hibernate.type.BasicTypeRegistry     : Adding type registration imm_date -> org.hibernate.type.AdaptedImmutableType@794c5f5e
2022-08-03 16:53:16.349 DEBUG 33764 --- [    Test worker] org.hibernate.type.BasicTypeRegistry     : Adding type registration imm_time -> org.hibernate.type.AdaptedImmutableType@4ab66127
2022-08-03 16:53:16.349 DEBUG 33764 --- [    Test worker] org.hibernate.type.BasicTypeRegistry     : Adding type registration imm_timestamp -> org.hibernate.type.AdaptedImmutableType@236861da
2022-08-03 16:53:16.350 DEBUG 33764 --- [    Test worker] org.hibernate.type.BasicTypeRegistry     : Adding type registration imm_dbtimestamp -> org.hibernate.type.AdaptedImmutableType@37fef327
2022-08-03 16:53:16.350 DEBUG 33764 --- [    Test worker] org.hibernate.type.BasicTypeRegistry     : Adding type registration imm_calendar -> org.hibernate.type.AdaptedImmutableType@2cd3fc29
2022-08-03 16:53:16.350 DEBUG 33764 --- [    Test worker] org.hibernate.type.BasicTypeRegistry     : Adding type registration imm_calendar_date -> org.hibernate.type.AdaptedImmutableType@55951fcd
2022-08-03 16:53:16.350 DEBUG 33764 --- [    Test worker] org.hibernate.type.BasicTypeRegistry     : Adding type registration imm_binary -> org.hibernate.type.AdaptedImmutableType@3513d214
2022-08-03 16:53:16.350 DEBUG 33764 --- [    Test worker] org.hibernate.type.BasicTypeRegistry     : Adding type registration imm_serializable -> org.hibernate.type.AdaptedImmutableType@7534785a
2022-08-03 16:53:16.402  INFO 33764 --- [    Test worker] com.zaxxer.hikari.HikariDataSource       : HikariPool-1 - Starting...
2022-08-03 16:53:17.136  INFO 33764 --- [    Test worker] com.zaxxer.hikari.HikariDataSource       : HikariPool-1 - Start completed.
2022-08-03 16:53:17.156  INFO 33764 --- [    Test worker] org.hibernate.dialect.Dialect            : HHH000400: Using dialect: org.hibernate.dialect.MySQL5InnoDBDialect
2022-08-03 16:53:17.190 DEBUG 33764 --- [    Test worker] o.h.type.spi.TypeConfiguration$Scope     : Scoping TypeConfiguration [org.hibernate.type.spi.TypeConfiguration@1fc3df43] to MetadataBuildingContext [org.hibernate.boot.internal.MetadataBuildingContextRootImpl@15130002]
2022-08-03 16:53:17.545 DEBUG 33764 --- [    Test worker] org.hibernate.type.EnumType              : Using NAMED-based conversion for Enum kakao.valuetogether.domain.enums.Target
2022-08-03 16:53:17.547 DEBUG 33764 --- [    Test worker] org.hibernate.type.EnumType              : Using NAMED-based conversion for Enum kakao.valuetogether.domain.enums.Topic
2022-08-03 16:53:17.575  WARN 33764 --- [    Test worker] org.hibernate.mapping.RootClass          : HHH000038: Composite-id class does not override equals(): kakao.valuetogether.domain.TagPost
2022-08-03 16:53:17.575  WARN 33764 --- [    Test worker] org.hibernate.mapping.RootClass          : HHH000039: Composite-id class does not override hashCode(): kakao.valuetogether.domain.TagPost
2022-08-03 16:53:17.575  WARN 33764 --- [    Test worker] org.hibernate.mapping.RootClass          : HHH000038: Composite-id class does not override equals(): kakao.valuetogether.domain.Donation
2022-08-03 16:53:17.576  WARN 33764 --- [    Test worker] org.hibernate.mapping.RootClass          : HHH000039: Composite-id class does not override hashCode(): kakao.valuetogether.domain.Donation
2022-08-03 16:53:17.576 DEBUG 33764 --- [    Test worker] o.h.type.spi.TypeConfiguration$Scope     : Scoping TypeConfiguration [org.hibernate.type.spi.TypeConfiguration@1fc3df43] to SessionFactoryImpl [org.hibernate.internal.SessionFactoryImpl@45273d40]
2022-08-03 16:53:17.967  INFO 33764 --- [    Test worker] o.h.e.t.j.p.i.JtaPlatformInitiator       : HHH000490: Using JtaPlatform implementation: [org.hibernate.engine.transaction.jta.platform.internal.NoJtaPlatform]
2022-08-03 16:53:17.977 TRACE 33764 --- [    Test worker] o.h.type.spi.TypeConfiguration$Scope     : Handling #sessionFactoryCreated from [org.hibernate.internal.SessionFactoryImpl@45273d40] for TypeConfiguration
2022-08-03 16:53:17.978  INFO 33764 --- [    Test worker] j.LocalContainerEntityManagerFactoryBean : Initialized JPA EntityManagerFactory for persistence unit 'default'
2022-08-03 16:53:18.405  WARN 33764 --- [    Test worker] JpaBaseConfiguration$JpaWebConfiguration : spring.jpa.open-in-view is enabled by default. Therefore, database queries may be performed during view rendering. Explicitly configure spring.jpa.open-in-view to disable this warning
2022-08-03 16:53:18.766  INFO 33764 --- [    Test worker] o.s.b.a.w.s.WelcomePageHandlerMapping    : Adding welcome page: class path resource [static/index.html]
2022-08-03 16:53:18.979  WARN 33764 --- [    Test worker] ion$DefaultTemplateResolverConfiguration : Cannot find template location: classpath:/templates/ (please add some templates or check your Thymeleaf configuration)
2022-08-03 16:53:19.699  INFO 33764 --- [    Test worker] k.v.ValuetogetherApplicationTests        : Started ValuetogetherApplicationTests in 5.659 seconds (JVM running for 7.332)
2022-08-03 16:53:19.840  INFO 33764 --- [    Test worker] o.s.t.c.transaction.TransactionContext   : Began transaction (1) for test context [DefaultTestContext@1efdcd5 testClass = ValuetogetherApplicationTests, testInstance = kakao.valuetogether.ValuetogetherApplicationTests@6c1d25fa, testMethod = test@ValuetogetherApplicationTests, testException = [null], mergedContextConfiguration = [WebMergedContextConfiguration@1623bbe5 testClass = ValuetogetherApplicationTests, locations = '{}', classes = '{class kakao.valuetogether.ValuetogetherApplication}', contextInitializerClasses = '[]', activeProfiles = '{}', propertySourceLocations = '{}', propertySourceProperties = '{org.springframework.boot.test.context.SpringBootTestContextBootstrapper=true}', contextCustomizers = set[org.springframework.boot.test.autoconfigure.actuate.metrics.MetricsExportContextCustomizerFactory$DisableMetricExportContextCustomizer@422c3c7a, org.springframework.boot.test.autoconfigure.properties.PropertyMappingContextCustomizer@0, org.springframework.boot.test.autoconfigure.web.servlet.WebDriverContextCustomizerFactory$Customizer@306851c7, org.springframework.boot.test.context.filter.ExcludeFilterContextCustomizer@41813449, org.springframework.boot.test.json.DuplicateJsonObjectContextCustomizerFactory$DuplicateJsonObjectContextCustomizer@5b07730f, org.springframework.boot.test.mock.mockito.MockitoContextCustomizer@0, org.springframework.boot.test.web.client.TestRestTemplateContextCustomizer@556d0826, org.springframework.boot.test.context.SpringBootTestArgs@1, org.springframework.boot.test.context.SpringBootTestWebEnvironment@15a04efb], resourceBasePath = 'src/main/webapp', contextLoader = 'org.springframework.boot.test.context.SpringBootContextLoader', parent = [null]], attributes = map['org.springframework.test.context.web.ServletTestExecutionListener.activateListener' -> true, 'org.springframework.test.context.web.ServletTestExecutionListener.populatedRequestContextHolder' -> true, 'org.springframework.test.context.web.ServletTestExecutionListener.resetRequestContextHolder' -> true, 'org.springframework.test.context.event.ApplicationEventsTestExecutionListener.recordApplicationEvents' -> false]]; transaction manager [org.springframework.orm.jpa.JpaTransactionManager@771b2b5b]; rollback [true]
2022-08-03 16:53:20.201  INFO 33764 --- [    Test worker] o.s.t.c.transaction.TransactionContext   : Rolled back transaction for test: [DefaultTestContext@1efdcd5 testClass = ValuetogetherApplicationTests, testInstance = kakao.valuetogether.ValuetogetherApplicationTests@6c1d25fa, testMethod = test@ValuetogetherApplicationTests, testException = [null], mergedContextConfiguration = [WebMergedContextConfiguration@1623bbe5 testClass = ValuetogetherApplicationTests, locations = '{}', classes = '{class kakao.valuetogether.ValuetogetherApplication}', contextInitializerClasses = '[]', activeProfiles = '{}', propertySourceLocations = '{}', propertySourceProperties = '{org.springframework.boot.test.context.SpringBootTestContextBootstrapper=true}', contextCustomizers = set[org.springframework.boot.test.autoconfigure.actuate.metrics.MetricsExportContextCustomizerFactory$DisableMetricExportContextCustomizer@422c3c7a, org.springframework.boot.test.autoconfigure.properties.PropertyMappingContextCustomizer@0, org.springframework.boot.test.autoconfigure.web.servlet.WebDriverContextCustomizerFactory$Customizer@306851c7, org.springframework.boot.test.context.filter.ExcludeFilterContextCustomizer@41813449, org.springframework.boot.test.json.DuplicateJsonObjectContextCustomizerFactory$DuplicateJsonObjectContextCustomizer@5b07730f, org.springframework.boot.test.mock.mockito.MockitoContextCustomizer@0, org.springframework.boot.test.web.client.TestRestTemplateContextCustomizer@556d0826, org.springframework.boot.test.context.SpringBootTestArgs@1, org.springframework.boot.test.context.SpringBootTestWebEnvironment@15a04efb], resourceBasePath = 'src/main/webapp', contextLoader = 'org.springframework.boot.test.context.SpringBootContextLoader', parent = [null]], attributes = map['org.springframework.test.context.web.ServletTestExecutionListener.activateListener' -> true, 'org.springframework.test.context.web.ServletTestExecutionListener.populatedRequestContextHolder' -> true, 'org.springframework.test.context.web.ServletTestExecutionListener.resetRequestContextHolder' -> true, 'org.springframework.test.context.event.ApplicationEventsTestExecutionListener.recordApplicationEvents' -> false]]
]]></system-out>
  <system-err><![CDATA[]]></system-err>
</testsuite>
