<?xml version="1.0" encoding="UTF-8"?>
<testsuite name="kakao.valuetogether.service.MemberServiceTest" tests="7" skipped="0" failures="0" errors="0" timestamp="2022-08-05T00:50:26" hostname="DESKTOP-8DQF55R" time="0.47">
  <properties/>
  <testcase name="폰번호로아이디찾기성공" classname="kakao.valuetogether.service.MemberServiceTest" time="0.051"/>
  <testcase name="폰번호로아이디찾기예외" classname="kakao.valuetogether.service.MemberServiceTest" time="0.059"/>
  <testcase name="회원검증및PW재설정" classname="kakao.valuetogether.service.MemberServiceTest" time="0.072"/>
  <testcase name="닉네임이름전화번호로아이디찾기성공및예외" classname="kakao.valuetogether.service.MemberServiceTest" time="0.101"/>
  <testcase name="회원가입성공" classname="kakao.valuetogether.service.MemberServiceTest" time="0.086"/>
  <testcase name="회원가입예외" classname="kakao.valuetogether.service.MemberServiceTest" time="0.052"/>
  <testcase name="회원탈퇴" classname="kakao.valuetogether.service.MemberServiceTest" time="0.044"/>
  <system-out><![CDATA[2022-08-05 09:50:26.115  INFO 12336 --- [    Test worker] o.s.t.c.transaction.TransactionContext   : Began transaction (1) for test context [DefaultTestContext@2b55ac77 testClass = MemberServiceTest, testInstance = kakao.valuetogether.service.MemberServiceTest@1c5c0d2a, testMethod = 폰번호로아이디찾기성공@MemberServiceTest, testException = [null], mergedContextConfiguration = [WebMergedContextConfiguration@24f8ff82 testClass = MemberServiceTest, locations = '{}', classes = '{class kakao.valuetogether.ValuetogetherApplication}', contextInitializerClasses = '[]', activeProfiles = '{}', propertySourceLocations = '{}', propertySourceProperties = '{org.springframework.boot.test.context.SpringBootTestContextBootstrapper=true}', contextCustomizers = set[org.springframework.boot.test.autoconfigure.actuate.metrics.MetricsExportContextCustomizerFactory$DisableMetricExportContextCustomizer@19ae6bb, org.springframework.boot.test.autoconfigure.properties.PropertyMappingContextCustomizer@0, org.springframework.boot.test.autoconfigure.web.servlet.WebDriverContextCustomizerFactory$Customizer@fd8294b, org.springframework.boot.test.context.filter.ExcludeFilterContextCustomizer@6f8f9349, org.springframework.boot.test.json.DuplicateJsonObjectContextCustomizerFactory$DuplicateJsonObjectContextCustomizer@75f5fd58, org.springframework.boot.test.mock.mockito.MockitoContextCustomizer@0, org.springframework.boot.test.web.client.TestRestTemplateContextCustomizer@6b9ce1bf, org.springframework.boot.test.context.SpringBootTestArgs@1, org.springframework.boot.test.context.SpringBootTestWebEnvironment@19b89d4], resourceBasePath = 'src/main/webapp', contextLoader = 'org.springframework.boot.test.context.SpringBootContextLoader', parent = [null]], attributes = map['org.springframework.test.context.web.ServletTestExecutionListener.activateListener' -> true, 'org.springframework.test.context.web.ServletTestExecutionListener.populatedRequestContextHolder' -> true, 'org.springframework.test.context.web.ServletTestExecutionListener.resetRequestContextHolder' -> true, 'org.springframework.test.context.event.ApplicationEventsTestExecutionListener.recordApplicationEvents' -> false]]; transaction manager [org.springframework.orm.jpa.JpaTransactionManager@c8d20bb]; rollback [true]
2022-08-05 09:50:26.116 DEBUG 12336 --- [    Test worker] org.hibernate.SQL                        : 
    insert 
    into
        member
        (member_address, member_birthday, member_email, member_gender, member_name, member_nickname, member_phone, member_pw) 
    values
        (?, ?, ?, ?, ?, ?, ?, ?)
2022-08-05 09:50:26.117 TRACE 12336 --- [    Test worker] o.h.type.descriptor.sql.BasicBinder      : binding parameter [1] as [VARCHAR] - [address]
2022-08-05 09:50:26.117 TRACE 12336 --- [    Test worker] o.h.type.descriptor.sql.BasicBinder      : binding parameter [2] as [VARCHAR] - [birthday]
2022-08-05 09:50:26.117 TRACE 12336 --- [    Test worker] o.h.type.descriptor.sql.BasicBinder      : binding parameter [3] as [VARCHAR] - [email6]
2022-08-05 09:50:26.117 TRACE 12336 --- [    Test worker] o.h.type.descriptor.sql.BasicBinder      : binding parameter [4] as [VARCHAR] - [gender]
2022-08-05 09:50:26.117 TRACE 12336 --- [    Test worker] o.h.type.descriptor.sql.BasicBinder      : binding parameter [5] as [VARCHAR] - [name]
2022-08-05 09:50:26.117 TRACE 12336 --- [    Test worker] o.h.type.descriptor.sql.BasicBinder      : binding parameter [6] as [VARCHAR] - [nickname]
2022-08-05 09:50:26.117 TRACE 12336 --- [    Test worker] o.h.type.descriptor.sql.BasicBinder      : binding parameter [7] as [VARCHAR] - [phone]
2022-08-05 09:50:26.117 TRACE 12336 --- [    Test worker] o.h.type.descriptor.sql.BasicBinder      : binding parameter [8] as [VARCHAR] - [pw]
2022-08-05 09:50:26.133 DEBUG 12336 --- [    Test worker] org.hibernate.SQL                        : 
    select
        member0_.member_id as member_i1_3_,
        member0_.member_address as member_a2_3_,
        member0_.member_birthday as member_b3_3_,
        member0_.member_email as member_e4_3_,
        member0_.member_gender as member_g5_3_,
        member0_.member_name as member_n6_3_,
        member0_.member_nickname as member_n7_3_,
        member0_.member_phone as member_p8_3_,
        member0_.member_pw as member_p9_3_ 
    from
        member member0_ 
    where
        member0_.member_phone=?
2022-08-05 09:50:26.133 TRACE 12336 --- [    Test worker] o.h.type.descriptor.sql.BasicBinder      : binding parameter [1] as [VARCHAR] - [phone]
2022-08-05 09:50:26.140 TRACE 12336 --- [    Test worker] o.h.type.descriptor.sql.BasicExtractor   : extracted value ([member_i1_3_] : [BIGINT]) - [2471]
2022-08-05 09:50:26.157  INFO 12336 --- [    Test worker] o.s.t.c.transaction.TransactionContext   : Rolled back transaction for test: [DefaultTestContext@2b55ac77 testClass = MemberServiceTest, testInstance = kakao.valuetogether.service.MemberServiceTest@1c5c0d2a, testMethod = 폰번호로아이디찾기성공@MemberServiceTest, testException = [null], mergedContextConfiguration = [WebMergedContextConfiguration@24f8ff82 testClass = MemberServiceTest, locations = '{}', classes = '{class kakao.valuetogether.ValuetogetherApplication}', contextInitializerClasses = '[]', activeProfiles = '{}', propertySourceLocations = '{}', propertySourceProperties = '{org.springframework.boot.test.context.SpringBootTestContextBootstrapper=true}', contextCustomizers = set[org.springframework.boot.test.autoconfigure.actuate.metrics.MetricsExportContextCustomizerFactory$DisableMetricExportContextCustomizer@19ae6bb, org.springframework.boot.test.autoconfigure.properties.PropertyMappingContextCustomizer@0, org.springframework.boot.test.autoconfigure.web.servlet.WebDriverContextCustomizerFactory$Customizer@fd8294b, org.springframework.boot.test.context.filter.ExcludeFilterContextCustomizer@6f8f9349, org.springframework.boot.test.json.DuplicateJsonObjectContextCustomizerFactory$DuplicateJsonObjectContextCustomizer@75f5fd58, org.springframework.boot.test.mock.mockito.MockitoContextCustomizer@0, org.springframework.boot.test.web.client.TestRestTemplateContextCustomizer@6b9ce1bf, org.springframework.boot.test.context.SpringBootTestArgs@1, org.springframework.boot.test.context.SpringBootTestWebEnvironment@19b89d4], resourceBasePath = 'src/main/webapp', contextLoader = 'org.springframework.boot.test.context.SpringBootContextLoader', parent = [null]], attributes = map['org.springframework.test.context.web.ServletTestExecutionListener.activateListener' -> true, 'org.springframework.test.context.web.ServletTestExecutionListener.populatedRequestContextHolder' -> true, 'org.springframework.test.context.web.ServletTestExecutionListener.resetRequestContextHolder' -> true, 'org.springframework.test.context.event.ApplicationEventsTestExecutionListener.recordApplicationEvents' -> false]]
2022-08-05 09:50:26.166  INFO 12336 --- [    Test worker] o.s.t.c.transaction.TransactionContext   : Began transaction (1) for test context [DefaultTestContext@2b55ac77 testClass = MemberServiceTest, testInstance = kakao.valuetogether.service.MemberServiceTest@360b6ea1, testMethod = 폰번호로아이디찾기예외@MemberServiceTest, testException = [null], mergedContextConfiguration = [WebMergedContextConfiguration@24f8ff82 testClass = MemberServiceTest, locations = '{}', classes = '{class kakao.valuetogether.ValuetogetherApplication}', contextInitializerClasses = '[]', activeProfiles = '{}', propertySourceLocations = '{}', propertySourceProperties = '{org.springframework.boot.test.context.SpringBootTestContextBootstrapper=true}', contextCustomizers = set[org.springframework.boot.test.autoconfigure.actuate.metrics.MetricsExportContextCustomizerFactory$DisableMetricExportContextCustomizer@19ae6bb, org.springframework.boot.test.autoconfigure.properties.PropertyMappingContextCustomizer@0, org.springframework.boot.test.autoconfigure.web.servlet.WebDriverContextCustomizerFactory$Customizer@fd8294b, org.springframework.boot.test.context.filter.ExcludeFilterContextCustomizer@6f8f9349, org.springframework.boot.test.json.DuplicateJsonObjectContextCustomizerFactory$DuplicateJsonObjectContextCustomizer@75f5fd58, org.springframework.boot.test.mock.mockito.MockitoContextCustomizer@0, org.springframework.boot.test.web.client.TestRestTemplateContextCustomizer@6b9ce1bf, org.springframework.boot.test.context.SpringBootTestArgs@1, org.springframework.boot.test.context.SpringBootTestWebEnvironment@19b89d4], resourceBasePath = 'src/main/webapp', contextLoader = 'org.springframework.boot.test.context.SpringBootContextLoader', parent = [null]], attributes = map['org.springframework.test.context.web.ServletTestExecutionListener.activateListener' -> true, 'org.springframework.test.context.web.ServletTestExecutionListener.populatedRequestContextHolder' -> true, 'org.springframework.test.context.web.ServletTestExecutionListener.resetRequestContextHolder' -> true, 'org.springframework.test.context.event.ApplicationEventsTestExecutionListener.recordApplicationEvents' -> false]]; transaction manager [org.springframework.orm.jpa.JpaTransactionManager@c8d20bb]; rollback [true]
2022-08-05 09:50:26.168 DEBUG 12336 --- [    Test worker] org.hibernate.SQL                        : 
    insert 
    into
        member
        (member_address, member_birthday, member_email, member_gender, member_name, member_nickname, member_phone, member_pw) 
    values
        (?, ?, ?, ?, ?, ?, ?, ?)
2022-08-05 09:50:26.168 TRACE 12336 --- [    Test worker] o.h.type.descriptor.sql.BasicBinder      : binding parameter [1] as [VARCHAR] - [address]
2022-08-05 09:50:26.168 TRACE 12336 --- [    Test worker] o.h.type.descriptor.sql.BasicBinder      : binding parameter [2] as [VARCHAR] - [birthday]
2022-08-05 09:50:26.168 TRACE 12336 --- [    Test worker] o.h.type.descriptor.sql.BasicBinder      : binding parameter [3] as [VARCHAR] - [email7]
2022-08-05 09:50:26.168 TRACE 12336 --- [    Test worker] o.h.type.descriptor.sql.BasicBinder      : binding parameter [4] as [VARCHAR] - [gender]
2022-08-05 09:50:26.168 TRACE 12336 --- [    Test worker] o.h.type.descriptor.sql.BasicBinder      : binding parameter [5] as [VARCHAR] - [name]
2022-08-05 09:50:26.168 TRACE 12336 --- [    Test worker] o.h.type.descriptor.sql.BasicBinder      : binding parameter [6] as [VARCHAR] - [nickname]
2022-08-05 09:50:26.168 TRACE 12336 --- [    Test worker] o.h.type.descriptor.sql.BasicBinder      : binding parameter [7] as [VARCHAR] - [phone]
2022-08-05 09:50:26.168 TRACE 12336 --- [    Test worker] o.h.type.descriptor.sql.BasicBinder      : binding parameter [8] as [VARCHAR] - [pw]
2022-08-05 09:50:26.187 DEBUG 12336 --- [    Test worker] org.hibernate.SQL                        : 
    select
        member0_.member_id as member_i1_3_,
        member0_.member_address as member_a2_3_,
        member0_.member_birthday as member_b3_3_,
        member0_.member_email as member_e4_3_,
        member0_.member_gender as member_g5_3_,
        member0_.member_name as member_n6_3_,
        member0_.member_nickname as member_n7_3_,
        member0_.member_phone as member_p8_3_,
        member0_.member_pw as member_p9_3_ 
    from
        member member0_ 
    where
        member0_.member_phone=?
2022-08-05 09:50:26.188 TRACE 12336 --- [    Test worker] o.h.type.descriptor.sql.BasicBinder      : binding parameter [1] as [VARCHAR] - [asdf]
2022-08-05 09:50:26.217  INFO 12336 --- [    Test worker] o.s.t.c.transaction.TransactionContext   : Rolled back transaction for test: [DefaultTestContext@2b55ac77 testClass = MemberServiceTest, testInstance = kakao.valuetogether.service.MemberServiceTest@360b6ea1, testMethod = 폰번호로아이디찾기예외@MemberServiceTest, testException = [null], mergedContextConfiguration = [WebMergedContextConfiguration@24f8ff82 testClass = MemberServiceTest, locations = '{}', classes = '{class kakao.valuetogether.ValuetogetherApplication}', contextInitializerClasses = '[]', activeProfiles = '{}', propertySourceLocations = '{}', propertySourceProperties = '{org.springframework.boot.test.context.SpringBootTestContextBootstrapper=true}', contextCustomizers = set[org.springframework.boot.test.autoconfigure.actuate.metrics.MetricsExportContextCustomizerFactory$DisableMetricExportContextCustomizer@19ae6bb, org.springframework.boot.test.autoconfigure.properties.PropertyMappingContextCustomizer@0, org.springframework.boot.test.autoconfigure.web.servlet.WebDriverContextCustomizerFactory$Customizer@fd8294b, org.springframework.boot.test.context.filter.ExcludeFilterContextCustomizer@6f8f9349, org.springframework.boot.test.json.DuplicateJsonObjectContextCustomizerFactory$DuplicateJsonObjectContextCustomizer@75f5fd58, org.springframework.boot.test.mock.mockito.MockitoContextCustomizer@0, org.springframework.boot.test.web.client.TestRestTemplateContextCustomizer@6b9ce1bf, org.springframework.boot.test.context.SpringBootTestArgs@1, org.springframework.boot.test.context.SpringBootTestWebEnvironment@19b89d4], resourceBasePath = 'src/main/webapp', contextLoader = 'org.springframework.boot.test.context.SpringBootContextLoader', parent = [null]], attributes = map['org.springframework.test.context.web.ServletTestExecutionListener.activateListener' -> true, 'org.springframework.test.context.web.ServletTestExecutionListener.populatedRequestContextHolder' -> true, 'org.springframework.test.context.web.ServletTestExecutionListener.resetRequestContextHolder' -> true, 'org.springframework.test.context.event.ApplicationEventsTestExecutionListener.recordApplicationEvents' -> false]]
2022-08-05 09:50:26.226  INFO 12336 --- [    Test worker] o.s.t.c.transaction.TransactionContext   : Began transaction (1) for test context [DefaultTestContext@2b55ac77 testClass = MemberServiceTest, testInstance = kakao.valuetogether.service.MemberServiceTest@19266ca3, testMethod = 회원검증및PW재설정@MemberServiceTest, testException = [null], mergedContextConfiguration = [WebMergedContextConfiguration@24f8ff82 testClass = MemberServiceTest, locations = '{}', classes = '{class kakao.valuetogether.ValuetogetherApplication}', contextInitializerClasses = '[]', activeProfiles = '{}', propertySourceLocations = '{}', propertySourceProperties = '{org.springframework.boot.test.context.SpringBootTestContextBootstrapper=true}', contextCustomizers = set[org.springframework.boot.test.autoconfigure.actuate.metrics.MetricsExportContextCustomizerFactory$DisableMetricExportContextCustomizer@19ae6bb, org.springframework.boot.test.autoconfigure.properties.PropertyMappingContextCustomizer@0, org.springframework.boot.test.autoconfigure.web.servlet.WebDriverContextCustomizerFactory$Customizer@fd8294b, org.springframework.boot.test.context.filter.ExcludeFilterContextCustomizer@6f8f9349, org.springframework.boot.test.json.DuplicateJsonObjectContextCustomizerFactory$DuplicateJsonObjectContextCustomizer@75f5fd58, org.springframework.boot.test.mock.mockito.MockitoContextCustomizer@0, org.springframework.boot.test.web.client.TestRestTemplateContextCustomizer@6b9ce1bf, org.springframework.boot.test.context.SpringBootTestArgs@1, org.springframework.boot.test.context.SpringBootTestWebEnvironment@19b89d4], resourceBasePath = 'src/main/webapp', contextLoader = 'org.springframework.boot.test.context.SpringBootContextLoader', parent = [null]], attributes = map['org.springframework.test.context.web.ServletTestExecutionListener.activateListener' -> true, 'org.springframework.test.context.web.ServletTestExecutionListener.populatedRequestContextHolder' -> true, 'org.springframework.test.context.web.ServletTestExecutionListener.resetRequestContextHolder' -> true, 'org.springframework.test.context.event.ApplicationEventsTestExecutionListener.recordApplicationEvents' -> false]]; transaction manager [org.springframework.orm.jpa.JpaTransactionManager@c8d20bb]; rollback [true]
2022-08-05 09:50:26.228 DEBUG 12336 --- [    Test worker] org.hibernate.SQL                        : 
    insert 
    into
        member
        (member_address, member_birthday, member_email, member_gender, member_name, member_nickname, member_phone, member_pw) 
    values
        (?, ?, ?, ?, ?, ?, ?, ?)
2022-08-05 09:50:26.228 TRACE 12336 --- [    Test worker] o.h.type.descriptor.sql.BasicBinder      : binding parameter [1] as [VARCHAR] - [address]
2022-08-05 09:50:26.228 TRACE 12336 --- [    Test worker] o.h.type.descriptor.sql.BasicBinder      : binding parameter [2] as [VARCHAR] - [birthday]
2022-08-05 09:50:26.228 TRACE 12336 --- [    Test worker] o.h.type.descriptor.sql.BasicBinder      : binding parameter [3] as [VARCHAR] - [email9]
2022-08-05 09:50:26.228 TRACE 12336 --- [    Test worker] o.h.type.descriptor.sql.BasicBinder      : binding parameter [4] as [VARCHAR] - [gender]
2022-08-05 09:50:26.228 TRACE 12336 --- [    Test worker] o.h.type.descriptor.sql.BasicBinder      : binding parameter [5] as [VARCHAR] - [name]
2022-08-05 09:50:26.228 TRACE 12336 --- [    Test worker] o.h.type.descriptor.sql.BasicBinder      : binding parameter [6] as [VARCHAR] - [nickname]
2022-08-05 09:50:26.228 TRACE 12336 --- [    Test worker] o.h.type.descriptor.sql.BasicBinder      : binding parameter [7] as [VARCHAR] - [phone]
2022-08-05 09:50:26.229 TRACE 12336 --- [    Test worker] o.h.type.descriptor.sql.BasicBinder      : binding parameter [8] as [VARCHAR] - [pw]
2022-08-05 09:50:26.239 DEBUG 12336 --- [    Test worker] org.hibernate.SQL                        : 
    insert 
    into
        member
        (member_address, member_birthday, member_email, member_gender, member_name, member_nickname, member_phone, member_pw) 
    values
        (?, ?, ?, ?, ?, ?, ?, ?)
2022-08-05 09:50:26.239 TRACE 12336 --- [    Test worker] o.h.type.descriptor.sql.BasicBinder      : binding parameter [1] as [VARCHAR] - [address]
2022-08-05 09:50:26.239 TRACE 12336 --- [    Test worker] o.h.type.descriptor.sql.BasicBinder      : binding parameter [2] as [VARCHAR] - [birthday]
2022-08-05 09:50:26.239 TRACE 12336 --- [    Test worker] o.h.type.descriptor.sql.BasicBinder      : binding parameter [3] as [VARCHAR] - [email10]
2022-08-05 09:50:26.239 TRACE 12336 --- [    Test worker] o.h.type.descriptor.sql.BasicBinder      : binding parameter [4] as [VARCHAR] - [gender]
2022-08-05 09:50:26.239 TRACE 12336 --- [    Test worker] o.h.type.descriptor.sql.BasicBinder      : binding parameter [5] as [VARCHAR] - [name]
2022-08-05 09:50:26.239 TRACE 12336 --- [    Test worker] o.h.type.descriptor.sql.BasicBinder      : binding parameter [6] as [VARCHAR] - [nickname]
2022-08-05 09:50:26.239 TRACE 12336 --- [    Test worker] o.h.type.descriptor.sql.BasicBinder      : binding parameter [7] as [VARCHAR] - [phone]
2022-08-05 09:50:26.239 TRACE 12336 --- [    Test worker] o.h.type.descriptor.sql.BasicBinder      : binding parameter [8] as [VARCHAR] - [pw]
2022-08-05 09:50:26.248 DEBUG 12336 --- [    Test worker] org.hibernate.SQL                        : 
    select
        member0_.member_id as member_i1_3_,
        member0_.member_address as member_a2_3_,
        member0_.member_birthday as member_b3_3_,
        member0_.member_email as member_e4_3_,
        member0_.member_gender as member_g5_3_,
        member0_.member_name as member_n6_3_,
        member0_.member_nickname as member_n7_3_,
        member0_.member_phone as member_p8_3_,
        member0_.member_pw as member_p9_3_ 
    from
        member member0_ 
    where
        member0_.member_email=? 
        and member0_.member_phone=?
2022-08-05 09:50:26.249 TRACE 12336 --- [    Test worker] o.h.type.descriptor.sql.BasicBinder      : binding parameter [1] as [VARCHAR] - [email9]
2022-08-05 09:50:26.249 TRACE 12336 --- [    Test worker] o.h.type.descriptor.sql.BasicBinder      : binding parameter [2] as [VARCHAR] - [phone]
2022-08-05 09:50:26.257 TRACE 12336 --- [    Test worker] o.h.type.descriptor.sql.BasicExtractor   : extracted value ([member_i1_3_] : [BIGINT]) - [2473]
2022-08-05 09:50:26.258 DEBUG 12336 --- [    Test worker] org.hibernate.SQL                        : 
    update
        member 
    set
        member_address=?,
        member_birthday=?,
        member_email=?,
        member_gender=?,
        member_name=?,
        member_nickname=?,
        member_phone=?,
        member_pw=? 
    where
        member_id=?
2022-08-05 09:50:26.258 TRACE 12336 --- [    Test worker] o.h.type.descriptor.sql.BasicBinder      : binding parameter [1] as [VARCHAR] - [address]
2022-08-05 09:50:26.258 TRACE 12336 --- [    Test worker] o.h.type.descriptor.sql.BasicBinder      : binding parameter [2] as [VARCHAR] - [birthday]
2022-08-05 09:50:26.258 TRACE 12336 --- [    Test worker] o.h.type.descriptor.sql.BasicBinder      : binding parameter [3] as [VARCHAR] - [email9]
2022-08-05 09:50:26.258 TRACE 12336 --- [    Test worker] o.h.type.descriptor.sql.BasicBinder      : binding parameter [4] as [VARCHAR] - [gender]
2022-08-05 09:50:26.258 TRACE 12336 --- [    Test worker] o.h.type.descriptor.sql.BasicBinder      : binding parameter [5] as [VARCHAR] - [name]
2022-08-05 09:50:26.258 TRACE 12336 --- [    Test worker] o.h.type.descriptor.sql.BasicBinder      : binding parameter [6] as [VARCHAR] - [nickname]
2022-08-05 09:50:26.258 TRACE 12336 --- [    Test worker] o.h.type.descriptor.sql.BasicBinder      : binding parameter [7] as [VARCHAR] - [phone]
2022-08-05 09:50:26.258 TRACE 12336 --- [    Test worker] o.h.type.descriptor.sql.BasicBinder      : binding parameter [8] as [VARCHAR] - [asdf]
2022-08-05 09:50:26.258 TRACE 12336 --- [    Test worker] o.h.type.descriptor.sql.BasicBinder      : binding parameter [9] as [BIGINT] - [2473]
2022-08-05 09:50:26.264 DEBUG 12336 --- [    Test worker] org.hibernate.SQL                        : 
    select
        member0_.member_id as member_i1_3_,
        member0_.member_address as member_a2_3_,
        member0_.member_birthday as member_b3_3_,
        member0_.member_email as member_e4_3_,
        member0_.member_gender as member_g5_3_,
        member0_.member_name as member_n6_3_,
        member0_.member_nickname as member_n7_3_,
        member0_.member_phone as member_p8_3_,
        member0_.member_pw as member_p9_3_ 
    from
        member member0_ 
    where
        member0_.member_email=? 
        and member0_.member_phone=?
2022-08-05 09:50:26.264 TRACE 12336 --- [    Test worker] o.h.type.descriptor.sql.BasicBinder      : binding parameter [1] as [VARCHAR] - [ema]
2022-08-05 09:50:26.264 TRACE 12336 --- [    Test worker] o.h.type.descriptor.sql.BasicBinder      : binding parameter [2] as [VARCHAR] - [one]
2022-08-05 09:50:26.290  INFO 12336 --- [    Test worker] o.s.t.c.transaction.TransactionContext   : Rolled back transaction for test: [DefaultTestContext@2b55ac77 testClass = MemberServiceTest, testInstance = kakao.valuetogether.service.MemberServiceTest@19266ca3, testMethod = 회원검증및PW재설정@MemberServiceTest, testException = [null], mergedContextConfiguration = [WebMergedContextConfiguration@24f8ff82 testClass = MemberServiceTest, locations = '{}', classes = '{class kakao.valuetogether.ValuetogetherApplication}', contextInitializerClasses = '[]', activeProfiles = '{}', propertySourceLocations = '{}', propertySourceProperties = '{org.springframework.boot.test.context.SpringBootTestContextBootstrapper=true}', contextCustomizers = set[org.springframework.boot.test.autoconfigure.actuate.metrics.MetricsExportContextCustomizerFactory$DisableMetricExportContextCustomizer@19ae6bb, org.springframework.boot.test.autoconfigure.properties.PropertyMappingContextCustomizer@0, org.springframework.boot.test.autoconfigure.web.servlet.WebDriverContextCustomizerFactory$Customizer@fd8294b, org.springframework.boot.test.context.filter.ExcludeFilterContextCustomizer@6f8f9349, org.springframework.boot.test.json.DuplicateJsonObjectContextCustomizerFactory$DuplicateJsonObjectContextCustomizer@75f5fd58, org.springframework.boot.test.mock.mockito.MockitoContextCustomizer@0, org.springframework.boot.test.web.client.TestRestTemplateContextCustomizer@6b9ce1bf, org.springframework.boot.test.context.SpringBootTestArgs@1, org.springframework.boot.test.context.SpringBootTestWebEnvironment@19b89d4], resourceBasePath = 'src/main/webapp', contextLoader = 'org.springframework.boot.test.context.SpringBootContextLoader', parent = [null]], attributes = map['org.springframework.test.context.web.ServletTestExecutionListener.activateListener' -> true, 'org.springframework.test.context.web.ServletTestExecutionListener.populatedRequestContextHolder' -> true, 'org.springframework.test.context.web.ServletTestExecutionListener.resetRequestContextHolder' -> true, 'org.springframework.test.context.event.ApplicationEventsTestExecutionListener.recordApplicationEvents' -> false]]
2022-08-05 09:50:26.297  INFO 12336 --- [    Test worker] o.s.t.c.transaction.TransactionContext   : Began transaction (1) for test context [DefaultTestContext@2b55ac77 testClass = MemberServiceTest, testInstance = kakao.valuetogether.service.MemberServiceTest@438fcca3, testMethod = 닉네임이름전화번호로아이디찾기성공및예외@MemberServiceTest, testException = [null], mergedContextConfiguration = [WebMergedContextConfiguration@24f8ff82 testClass = MemberServiceTest, locations = '{}', classes = '{class kakao.valuetogether.ValuetogetherApplication}', contextInitializerClasses = '[]', activeProfiles = '{}', propertySourceLocations = '{}', propertySourceProperties = '{org.springframework.boot.test.context.SpringBootTestContextBootstrapper=true}', contextCustomizers = set[org.springframework.boot.test.autoconfigure.actuate.metrics.MetricsExportContextCustomizerFactory$DisableMetricExportContextCustomizer@19ae6bb, org.springframework.boot.test.autoconfigure.properties.PropertyMappingContextCustomizer@0, org.springframework.boot.test.autoconfigure.web.servlet.WebDriverContextCustomizerFactory$Customizer@fd8294b, org.springframework.boot.test.context.filter.ExcludeFilterContextCustomizer@6f8f9349, org.springframework.boot.test.json.DuplicateJsonObjectContextCustomizerFactory$DuplicateJsonObjectContextCustomizer@75f5fd58, org.springframework.boot.test.mock.mockito.MockitoContextCustomizer@0, org.springframework.boot.test.web.client.TestRestTemplateContextCustomizer@6b9ce1bf, org.springframework.boot.test.context.SpringBootTestArgs@1, org.springframework.boot.test.context.SpringBootTestWebEnvironment@19b89d4], resourceBasePath = 'src/main/webapp', contextLoader = 'org.springframework.boot.test.context.SpringBootContextLoader', parent = [null]], attributes = map['org.springframework.test.context.web.ServletTestExecutionListener.activateListener' -> true, 'org.springframework.test.context.web.ServletTestExecutionListener.populatedRequestContextHolder' -> true, 'org.springframework.test.context.web.ServletTestExecutionListener.resetRequestContextHolder' -> true, 'org.springframework.test.context.event.ApplicationEventsTestExecutionListener.recordApplicationEvents' -> false]]; transaction manager [org.springframework.orm.jpa.JpaTransactionManager@c8d20bb]; rollback [true]
2022-08-05 09:50:26.299 DEBUG 12336 --- [    Test worker] org.hibernate.SQL                        : 
    insert 
    into
        member
        (member_address, member_birthday, member_email, member_gender, member_name, member_nickname, member_phone, member_pw) 
    values
        (?, ?, ?, ?, ?, ?, ?, ?)
2022-08-05 09:50:26.300 TRACE 12336 --- [    Test worker] o.h.type.descriptor.sql.BasicBinder      : binding parameter [1] as [VARCHAR] - [address]
2022-08-05 09:50:26.300 TRACE 12336 --- [    Test worker] o.h.type.descriptor.sql.BasicBinder      : binding parameter [2] as [VARCHAR] - [birthday]
2022-08-05 09:50:26.300 TRACE 12336 --- [    Test worker] o.h.type.descriptor.sql.BasicBinder      : binding parameter [3] as [VARCHAR] - [email8]
2022-08-05 09:50:26.300 TRACE 12336 --- [    Test worker] o.h.type.descriptor.sql.BasicBinder      : binding parameter [4] as [VARCHAR] - [gender]
2022-08-05 09:50:26.300 TRACE 12336 --- [    Test worker] o.h.type.descriptor.sql.BasicBinder      : binding parameter [5] as [VARCHAR] - [name]
2022-08-05 09:50:26.300 TRACE 12336 --- [    Test worker] o.h.type.descriptor.sql.BasicBinder      : binding parameter [6] as [VARCHAR] - [nickname]
2022-08-05 09:50:26.300 TRACE 12336 --- [    Test worker] o.h.type.descriptor.sql.BasicBinder      : binding parameter [7] as [VARCHAR] - [phone]
2022-08-05 09:50:26.300 TRACE 12336 --- [    Test worker] o.h.type.descriptor.sql.BasicBinder      : binding parameter [8] as [VARCHAR] - [pw]
2022-08-05 09:50:26.309 DEBUG 12336 --- [    Test worker] org.hibernate.SQL                        : 
    select
        member0_.member_id as member_i1_3_,
        member0_.member_address as member_a2_3_,
        member0_.member_birthday as member_b3_3_,
        member0_.member_email as member_e4_3_,
        member0_.member_gender as member_g5_3_,
        member0_.member_name as member_n6_3_,
        member0_.member_nickname as member_n7_3_,
        member0_.member_phone as member_p8_3_,
        member0_.member_pw as member_p9_3_ 
    from
        member member0_ 
    where
        (
            member0_.member_nickname=? 
            or member0_.member_name=?
        ) 
        and member0_.member_phone=?
2022-08-05 09:50:26.310 TRACE 12336 --- [    Test worker] o.h.type.descriptor.sql.BasicBinder      : binding parameter [1] as [VARCHAR] - [nickname]
2022-08-05 09:50:26.310 TRACE 12336 --- [    Test worker] o.h.type.descriptor.sql.BasicBinder      : binding parameter [2] as [VARCHAR] - [name]
2022-08-05 09:50:26.310 TRACE 12336 --- [    Test worker] o.h.type.descriptor.sql.BasicBinder      : binding parameter [3] as [VARCHAR] - [phone]
2022-08-05 09:50:26.316 TRACE 12336 --- [    Test worker] o.h.type.descriptor.sql.BasicExtractor   : extracted value ([member_i1_3_] : [BIGINT]) - [2475]
2022-08-05 09:50:26.317 DEBUG 12336 --- [    Test worker] org.hibernate.SQL                        : 
    select
        member0_.member_id as member_i1_3_,
        member0_.member_address as member_a2_3_,
        member0_.member_birthday as member_b3_3_,
        member0_.member_email as member_e4_3_,
        member0_.member_gender as member_g5_3_,
        member0_.member_name as member_n6_3_,
        member0_.member_nickname as member_n7_3_,
        member0_.member_phone as member_p8_3_,
        member0_.member_pw as member_p9_3_ 
    from
        member member0_ 
    where
        (
            member0_.member_nickname=? 
            or member0_.member_name=?
        ) 
        and member0_.member_phone=?
2022-08-05 09:50:26.318 TRACE 12336 --- [    Test worker] o.h.type.descriptor.sql.BasicBinder      : binding parameter [1] as [VARCHAR] - [null]
2022-08-05 09:50:26.318 TRACE 12336 --- [    Test worker] o.h.type.descriptor.sql.BasicBinder      : binding parameter [2] as [VARCHAR] - [name]
2022-08-05 09:50:26.318 TRACE 12336 --- [    Test worker] o.h.type.descriptor.sql.BasicBinder      : binding parameter [3] as [VARCHAR] - [phone]
2022-08-05 09:50:26.326 TRACE 12336 --- [    Test worker] o.h.type.descriptor.sql.BasicExtractor   : extracted value ([member_i1_3_] : [BIGINT]) - [2475]
2022-08-05 09:50:26.328 DEBUG 12336 --- [    Test worker] org.hibernate.SQL                        : 
    select
        member0_.member_id as member_i1_3_,
        member0_.member_address as member_a2_3_,
        member0_.member_birthday as member_b3_3_,
        member0_.member_email as member_e4_3_,
        member0_.member_gender as member_g5_3_,
        member0_.member_name as member_n6_3_,
        member0_.member_nickname as member_n7_3_,
        member0_.member_phone as member_p8_3_,
        member0_.member_pw as member_p9_3_ 
    from
        member member0_ 
    where
        (
            member0_.member_nickname=? 
            or member0_.member_name=?
        ) 
        and member0_.member_phone=?
2022-08-05 09:50:26.328 TRACE 12336 --- [    Test worker] o.h.type.descriptor.sql.BasicBinder      : binding parameter [1] as [VARCHAR] - [nickname]
2022-08-05 09:50:26.328 TRACE 12336 --- [    Test worker] o.h.type.descriptor.sql.BasicBinder      : binding parameter [2] as [VARCHAR] - [null]
2022-08-05 09:50:26.328 TRACE 12336 --- [    Test worker] o.h.type.descriptor.sql.BasicBinder      : binding parameter [3] as [VARCHAR] - [phone]
2022-08-05 09:50:26.345 TRACE 12336 --- [    Test worker] o.h.type.descriptor.sql.BasicExtractor   : extracted value ([member_i1_3_] : [BIGINT]) - [2475]
2022-08-05 09:50:26.346 DEBUG 12336 --- [    Test worker] org.hibernate.SQL                        : 
    select
        member0_.member_id as member_i1_3_,
        member0_.member_address as member_a2_3_,
        member0_.member_birthday as member_b3_3_,
        member0_.member_email as member_e4_3_,
        member0_.member_gender as member_g5_3_,
        member0_.member_name as member_n6_3_,
        member0_.member_nickname as member_n7_3_,
        member0_.member_phone as member_p8_3_,
        member0_.member_pw as member_p9_3_ 
    from
        member member0_ 
    where
        (
            member0_.member_nickname=? 
            or member0_.member_name=?
        ) 
        and member0_.member_phone=?
2022-08-05 09:50:26.346 TRACE 12336 --- [    Test worker] o.h.type.descriptor.sql.BasicBinder      : binding parameter [1] as [VARCHAR] - [ㅁ]
2022-08-05 09:50:26.346 TRACE 12336 --- [    Test worker] o.h.type.descriptor.sql.BasicBinder      : binding parameter [2] as [VARCHAR] - [ㅁ]
2022-08-05 09:50:26.346 TRACE 12336 --- [    Test worker] o.h.type.descriptor.sql.BasicBinder      : binding parameter [3] as [VARCHAR] - [phone]
2022-08-05 09:50:26.391  INFO 12336 --- [    Test worker] o.s.t.c.transaction.TransactionContext   : Rolled back transaction for test: [DefaultTestContext@2b55ac77 testClass = MemberServiceTest, testInstance = kakao.valuetogether.service.MemberServiceTest@438fcca3, testMethod = 닉네임이름전화번호로아이디찾기성공및예외@MemberServiceTest, testException = [null], mergedContextConfiguration = [WebMergedContextConfiguration@24f8ff82 testClass = MemberServiceTest, locations = '{}', classes = '{class kakao.valuetogether.ValuetogetherApplication}', contextInitializerClasses = '[]', activeProfiles = '{}', propertySourceLocations = '{}', propertySourceProperties = '{org.springframework.boot.test.context.SpringBootTestContextBootstrapper=true}', contextCustomizers = set[org.springframework.boot.test.autoconfigure.actuate.metrics.MetricsExportContextCustomizerFactory$DisableMetricExportContextCustomizer@19ae6bb, org.springframework.boot.test.autoconfigure.properties.PropertyMappingContextCustomizer@0, org.springframework.boot.test.autoconfigure.web.servlet.WebDriverContextCustomizerFactory$Customizer@fd8294b, org.springframework.boot.test.context.filter.ExcludeFilterContextCustomizer@6f8f9349, org.springframework.boot.test.json.DuplicateJsonObjectContextCustomizerFactory$DuplicateJsonObjectContextCustomizer@75f5fd58, org.springframework.boot.test.mock.mockito.MockitoContextCustomizer@0, org.springframework.boot.test.web.client.TestRestTemplateContextCustomizer@6b9ce1bf, org.springframework.boot.test.context.SpringBootTestArgs@1, org.springframework.boot.test.context.SpringBootTestWebEnvironment@19b89d4], resourceBasePath = 'src/main/webapp', contextLoader = 'org.springframework.boot.test.context.SpringBootContextLoader', parent = [null]], attributes = map['org.springframework.test.context.web.ServletTestExecutionListener.activateListener' -> true, 'org.springframework.test.context.web.ServletTestExecutionListener.populatedRequestContextHolder' -> true, 'org.springframework.test.context.web.ServletTestExecutionListener.resetRequestContextHolder' -> true, 'org.springframework.test.context.event.ApplicationEventsTestExecutionListener.recordApplicationEvents' -> false]]
2022-08-05 09:50:26.406  INFO 12336 --- [    Test worker] o.s.t.c.transaction.TransactionContext   : Began transaction (1) for test context [DefaultTestContext@2b55ac77 testClass = MemberServiceTest, testInstance = kakao.valuetogether.service.MemberServiceTest@393b99d, testMethod = 회원가입성공@MemberServiceTest, testException = [null], mergedContextConfiguration = [WebMergedContextConfiguration@24f8ff82 testClass = MemberServiceTest, locations = '{}', classes = '{class kakao.valuetogether.ValuetogetherApplication}', contextInitializerClasses = '[]', activeProfiles = '{}', propertySourceLocations = '{}', propertySourceProperties = '{org.springframework.boot.test.context.SpringBootTestContextBootstrapper=true}', contextCustomizers = set[org.springframework.boot.test.autoconfigure.actuate.metrics.MetricsExportContextCustomizerFactory$DisableMetricExportContextCustomizer@19ae6bb, org.springframework.boot.test.autoconfigure.properties.PropertyMappingContextCustomizer@0, org.springframework.boot.test.autoconfigure.web.servlet.WebDriverContextCustomizerFactory$Customizer@fd8294b, org.springframework.boot.test.context.filter.ExcludeFilterContextCustomizer@6f8f9349, org.springframework.boot.test.json.DuplicateJsonObjectContextCustomizerFactory$DuplicateJsonObjectContextCustomizer@75f5fd58, org.springframework.boot.test.mock.mockito.MockitoContextCustomizer@0, org.springframework.boot.test.web.client.TestRestTemplateContextCustomizer@6b9ce1bf, org.springframework.boot.test.context.SpringBootTestArgs@1, org.springframework.boot.test.context.SpringBootTestWebEnvironment@19b89d4], resourceBasePath = 'src/main/webapp', contextLoader = 'org.springframework.boot.test.context.SpringBootContextLoader', parent = [null]], attributes = map['org.springframework.test.context.web.ServletTestExecutionListener.activateListener' -> true, 'org.springframework.test.context.web.ServletTestExecutionListener.populatedRequestContextHolder' -> true, 'org.springframework.test.context.web.ServletTestExecutionListener.resetRequestContextHolder' -> true, 'org.springframework.test.context.event.ApplicationEventsTestExecutionListener.recordApplicationEvents' -> false]]; transaction manager [org.springframework.orm.jpa.JpaTransactionManager@c8d20bb]; rollback [true]
2022-08-05 09:50:26.408 DEBUG 12336 --- [    Test worker] org.hibernate.SQL                        : 
    insert 
    into
        member
        (member_address, member_birthday, member_email, member_gender, member_name, member_nickname, member_phone, member_pw) 
    values
        (?, ?, ?, ?, ?, ?, ?, ?)
2022-08-05 09:50:26.409 TRACE 12336 --- [    Test worker] o.h.type.descriptor.sql.BasicBinder      : binding parameter [1] as [VARCHAR] - [address]
2022-08-05 09:50:26.409 TRACE 12336 --- [    Test worker] o.h.type.descriptor.sql.BasicBinder      : binding parameter [2] as [VARCHAR] - [birthday]
2022-08-05 09:50:26.409 TRACE 12336 --- [    Test worker] o.h.type.descriptor.sql.BasicBinder      : binding parameter [3] as [VARCHAR] - [email1]
2022-08-05 09:50:26.409 TRACE 12336 --- [    Test worker] o.h.type.descriptor.sql.BasicBinder      : binding parameter [4] as [VARCHAR] - [gender]
2022-08-05 09:50:26.409 TRACE 12336 --- [    Test worker] o.h.type.descriptor.sql.BasicBinder      : binding parameter [5] as [VARCHAR] - [name]
2022-08-05 09:50:26.409 TRACE 12336 --- [    Test worker] o.h.type.descriptor.sql.BasicBinder      : binding parameter [6] as [VARCHAR] - [nickname]
2022-08-05 09:50:26.409 TRACE 12336 --- [    Test worker] o.h.type.descriptor.sql.BasicBinder      : binding parameter [7] as [VARCHAR] - [phone]
2022-08-05 09:50:26.409 TRACE 12336 --- [    Test worker] o.h.type.descriptor.sql.BasicBinder      : binding parameter [8] as [VARCHAR] - [pw]
2022-08-05 09:50:26.417 DEBUG 12336 --- [    Test worker] org.hibernate.SQL                        : 
    insert 
    into
        member
        (member_address, member_birthday, member_email, member_gender, member_name, member_nickname, member_phone, member_pw) 
    values
        (?, ?, ?, ?, ?, ?, ?, ?)
2022-08-05 09:50:26.417 TRACE 12336 --- [    Test worker] o.h.type.descriptor.sql.BasicBinder      : binding parameter [1] as [VARCHAR] - [address]
2022-08-05 09:50:26.417 TRACE 12336 --- [    Test worker] o.h.type.descriptor.sql.BasicBinder      : binding parameter [2] as [VARCHAR] - [birthday]
2022-08-05 09:50:26.417 TRACE 12336 --- [    Test worker] o.h.type.descriptor.sql.BasicBinder      : binding parameter [3] as [VARCHAR] - [email2]
2022-08-05 09:50:26.417 TRACE 12336 --- [    Test worker] o.h.type.descriptor.sql.BasicBinder      : binding parameter [4] as [VARCHAR] - [gender]
2022-08-05 09:50:26.417 TRACE 12336 --- [    Test worker] o.h.type.descriptor.sql.BasicBinder      : binding parameter [5] as [VARCHAR] - [name]
2022-08-05 09:50:26.417 TRACE 12336 --- [    Test worker] o.h.type.descriptor.sql.BasicBinder      : binding parameter [6] as [VARCHAR] - [nickname]
2022-08-05 09:50:26.417 TRACE 12336 --- [    Test worker] o.h.type.descriptor.sql.BasicBinder      : binding parameter [7] as [VARCHAR] - [phone]
2022-08-05 09:50:26.417 TRACE 12336 --- [    Test worker] o.h.type.descriptor.sql.BasicBinder      : binding parameter [8] as [VARCHAR] - [pw]
2022-08-05 09:50:26.426 DEBUG 12336 --- [    Test worker] org.hibernate.SQL                        : 
    select
        member0_.member_id as member_i1_3_,
        member0_.member_address as member_a2_3_,
        member0_.member_birthday as member_b3_3_,
        member0_.member_email as member_e4_3_,
        member0_.member_gender as member_g5_3_,
        member0_.member_name as member_n6_3_,
        member0_.member_nickname as member_n7_3_,
        member0_.member_phone as member_p8_3_,
        member0_.member_pw as member_p9_3_ 
    from
        member member0_ 
    where
        member0_.member_email=?
2022-08-05 09:50:26.427 TRACE 12336 --- [    Test worker] o.h.type.descriptor.sql.BasicBinder      : binding parameter [1] as [VARCHAR] - [email3]
2022-08-05 09:50:26.438 DEBUG 12336 --- [    Test worker] org.hibernate.SQL                        : 
    insert 
    into
        member
        (member_address, member_birthday, member_email, member_gender, member_name, member_nickname, member_phone, member_pw) 
    values
        (?, ?, ?, ?, ?, ?, ?, ?)
2022-08-05 09:50:26.439 TRACE 12336 --- [    Test worker] o.h.type.descriptor.sql.BasicBinder      : binding parameter [1] as [VARCHAR] - [address]
2022-08-05 09:50:26.439 TRACE 12336 --- [    Test worker] o.h.type.descriptor.sql.BasicBinder      : binding parameter [2] as [VARCHAR] - [birthday]
2022-08-05 09:50:26.439 TRACE 12336 --- [    Test worker] o.h.type.descriptor.sql.BasicBinder      : binding parameter [3] as [VARCHAR] - [email3]
2022-08-05 09:50:26.439 TRACE 12336 --- [    Test worker] o.h.type.descriptor.sql.BasicBinder      : binding parameter [4] as [VARCHAR] - [gender]
2022-08-05 09:50:26.439 TRACE 12336 --- [    Test worker] o.h.type.descriptor.sql.BasicBinder      : binding parameter [5] as [VARCHAR] - [name]
2022-08-05 09:50:26.439 TRACE 12336 --- [    Test worker] o.h.type.descriptor.sql.BasicBinder      : binding parameter [6] as [VARCHAR] - [nickname]
2022-08-05 09:50:26.439 TRACE 12336 --- [    Test worker] o.h.type.descriptor.sql.BasicBinder      : binding parameter [7] as [VARCHAR] - [phone]
2022-08-05 09:50:26.439 TRACE 12336 --- [    Test worker] o.h.type.descriptor.sql.BasicBinder      : binding parameter [8] as [VARCHAR] - [pw]
2022-08-05 09:50:26.478  INFO 12336 --- [    Test worker] o.s.t.c.transaction.TransactionContext   : Rolled back transaction for test: [DefaultTestContext@2b55ac77 testClass = MemberServiceTest, testInstance = kakao.valuetogether.service.MemberServiceTest@393b99d, testMethod = 회원가입성공@MemberServiceTest, testException = [null], mergedContextConfiguration = [WebMergedContextConfiguration@24f8ff82 testClass = MemberServiceTest, locations = '{}', classes = '{class kakao.valuetogether.ValuetogetherApplication}', contextInitializerClasses = '[]', activeProfiles = '{}', propertySourceLocations = '{}', propertySourceProperties = '{org.springframework.boot.test.context.SpringBootTestContextBootstrapper=true}', contextCustomizers = set[org.springframework.boot.test.autoconfigure.actuate.metrics.MetricsExportContextCustomizerFactory$DisableMetricExportContextCustomizer@19ae6bb, org.springframework.boot.test.autoconfigure.properties.PropertyMappingContextCustomizer@0, org.springframework.boot.test.autoconfigure.web.servlet.WebDriverContextCustomizerFactory$Customizer@fd8294b, org.springframework.boot.test.context.filter.ExcludeFilterContextCustomizer@6f8f9349, org.springframework.boot.test.json.DuplicateJsonObjectContextCustomizerFactory$DuplicateJsonObjectContextCustomizer@75f5fd58, org.springframework.boot.test.mock.mockito.MockitoContextCustomizer@0, org.springframework.boot.test.web.client.TestRestTemplateContextCustomizer@6b9ce1bf, org.springframework.boot.test.context.SpringBootTestArgs@1, org.springframework.boot.test.context.SpringBootTestWebEnvironment@19b89d4], resourceBasePath = 'src/main/webapp', contextLoader = 'org.springframework.boot.test.context.SpringBootContextLoader', parent = [null]], attributes = map['org.springframework.test.context.web.ServletTestExecutionListener.activateListener' -> true, 'org.springframework.test.context.web.ServletTestExecutionListener.populatedRequestContextHolder' -> true, 'org.springframework.test.context.web.ServletTestExecutionListener.resetRequestContextHolder' -> true, 'org.springframework.test.context.event.ApplicationEventsTestExecutionListener.recordApplicationEvents' -> false]]
2022-08-05 09:50:26.488  INFO 12336 --- [    Test worker] o.s.t.c.transaction.TransactionContext   : Began transaction (1) for test context [DefaultTestContext@2b55ac77 testClass = MemberServiceTest, testInstance = kakao.valuetogether.service.MemberServiceTest@7cc8fd4b, testMethod = 회원가입예외@MemberServiceTest, testException = [null], mergedContextConfiguration = [WebMergedContextConfiguration@24f8ff82 testClass = MemberServiceTest, locations = '{}', classes = '{class kakao.valuetogether.ValuetogetherApplication}', contextInitializerClasses = '[]', activeProfiles = '{}', propertySourceLocations = '{}', propertySourceProperties = '{org.springframework.boot.test.context.SpringBootTestContextBootstrapper=true}', contextCustomizers = set[org.springframework.boot.test.autoconfigure.actuate.metrics.MetricsExportContextCustomizerFactory$DisableMetricExportContextCustomizer@19ae6bb, org.springframework.boot.test.autoconfigure.properties.PropertyMappingContextCustomizer@0, org.springframework.boot.test.autoconfigure.web.servlet.WebDriverContextCustomizerFactory$Customizer@fd8294b, org.springframework.boot.test.context.filter.ExcludeFilterContextCustomizer@6f8f9349, org.springframework.boot.test.json.DuplicateJsonObjectContextCustomizerFactory$DuplicateJsonObjectContextCustomizer@75f5fd58, org.springframework.boot.test.mock.mockito.MockitoContextCustomizer@0, org.springframework.boot.test.web.client.TestRestTemplateContextCustomizer@6b9ce1bf, org.springframework.boot.test.context.SpringBootTestArgs@1, org.springframework.boot.test.context.SpringBootTestWebEnvironment@19b89d4], resourceBasePath = 'src/main/webapp', contextLoader = 'org.springframework.boot.test.context.SpringBootContextLoader', parent = [null]], attributes = map['org.springframework.test.context.web.ServletTestExecutionListener.activateListener' -> true, 'org.springframework.test.context.web.ServletTestExecutionListener.populatedRequestContextHolder' -> true, 'org.springframework.test.context.web.ServletTestExecutionListener.resetRequestContextHolder' -> true, 'org.springframework.test.context.event.ApplicationEventsTestExecutionListener.recordApplicationEvents' -> false]]; transaction manager [org.springframework.orm.jpa.JpaTransactionManager@c8d20bb]; rollback [true]
2022-08-05 09:50:26.490 DEBUG 12336 --- [    Test worker] org.hibernate.SQL                        : 
    insert 
    into
        member
        (member_address, member_birthday, member_email, member_gender, member_name, member_nickname, member_phone, member_pw) 
    values
        (?, ?, ?, ?, ?, ?, ?, ?)
2022-08-05 09:50:26.490 TRACE 12336 --- [    Test worker] o.h.type.descriptor.sql.BasicBinder      : binding parameter [1] as [VARCHAR] - [address]
2022-08-05 09:50:26.490 TRACE 12336 --- [    Test worker] o.h.type.descriptor.sql.BasicBinder      : binding parameter [2] as [VARCHAR] - [birthday]
2022-08-05 09:50:26.490 TRACE 12336 --- [    Test worker] o.h.type.descriptor.sql.BasicBinder      : binding parameter [3] as [VARCHAR] - [email4]
2022-08-05 09:50:26.490 TRACE 12336 --- [    Test worker] o.h.type.descriptor.sql.BasicBinder      : binding parameter [4] as [VARCHAR] - [gender]
2022-08-05 09:50:26.491 TRACE 12336 --- [    Test worker] o.h.type.descriptor.sql.BasicBinder      : binding parameter [5] as [VARCHAR] - [name]
2022-08-05 09:50:26.491 TRACE 12336 --- [    Test worker] o.h.type.descriptor.sql.BasicBinder      : binding parameter [6] as [VARCHAR] - [nickname]
2022-08-05 09:50:26.491 TRACE 12336 --- [    Test worker] o.h.type.descriptor.sql.BasicBinder      : binding parameter [7] as [VARCHAR] - [phone]
2022-08-05 09:50:26.491 TRACE 12336 --- [    Test worker] o.h.type.descriptor.sql.BasicBinder      : binding parameter [8] as [VARCHAR] - [pw]
2022-08-05 09:50:26.499 DEBUG 12336 --- [    Test worker] org.hibernate.SQL                        : 
    insert 
    into
        member
        (member_address, member_birthday, member_email, member_gender, member_name, member_nickname, member_phone, member_pw) 
    values
        (?, ?, ?, ?, ?, ?, ?, ?)
2022-08-05 09:50:26.499 TRACE 12336 --- [    Test worker] o.h.type.descriptor.sql.BasicBinder      : binding parameter [1] as [VARCHAR] - [address]
2022-08-05 09:50:26.499 TRACE 12336 --- [    Test worker] o.h.type.descriptor.sql.BasicBinder      : binding parameter [2] as [VARCHAR] - [birthday]
2022-08-05 09:50:26.499 TRACE 12336 --- [    Test worker] o.h.type.descriptor.sql.BasicBinder      : binding parameter [3] as [VARCHAR] - [email5]
2022-08-05 09:50:26.499 TRACE 12336 --- [    Test worker] o.h.type.descriptor.sql.BasicBinder      : binding parameter [4] as [VARCHAR] - [gender]
2022-08-05 09:50:26.499 TRACE 12336 --- [    Test worker] o.h.type.descriptor.sql.BasicBinder      : binding parameter [5] as [VARCHAR] - [name]
2022-08-05 09:50:26.499 TRACE 12336 --- [    Test worker] o.h.type.descriptor.sql.BasicBinder      : binding parameter [6] as [VARCHAR] - [nickname]
2022-08-05 09:50:26.499 TRACE 12336 --- [    Test worker] o.h.type.descriptor.sql.BasicBinder      : binding parameter [7] as [VARCHAR] - [phone]
2022-08-05 09:50:26.499 TRACE 12336 --- [    Test worker] o.h.type.descriptor.sql.BasicBinder      : binding parameter [8] as [VARCHAR] - [pw]
2022-08-05 09:50:26.507 DEBUG 12336 --- [    Test worker] org.hibernate.SQL                        : 
    select
        member0_.member_id as member_i1_3_,
        member0_.member_address as member_a2_3_,
        member0_.member_birthday as member_b3_3_,
        member0_.member_email as member_e4_3_,
        member0_.member_gender as member_g5_3_,
        member0_.member_name as member_n6_3_,
        member0_.member_nickname as member_n7_3_,
        member0_.member_phone as member_p8_3_,
        member0_.member_pw as member_p9_3_ 
    from
        member member0_ 
    where
        member0_.member_email=?
2022-08-05 09:50:26.507 TRACE 12336 --- [    Test worker] o.h.type.descriptor.sql.BasicBinder      : binding parameter [1] as [VARCHAR] - [email5]
2022-08-05 09:50:26.515 TRACE 12336 --- [    Test worker] o.h.type.descriptor.sql.BasicExtractor   : extracted value ([member_i1_3_] : [BIGINT]) - [2480]
2022-08-05 09:50:26.532  INFO 12336 --- [    Test worker] o.s.t.c.transaction.TransactionContext   : Rolled back transaction for test: [DefaultTestContext@2b55ac77 testClass = MemberServiceTest, testInstance = kakao.valuetogether.service.MemberServiceTest@7cc8fd4b, testMethod = 회원가입예외@MemberServiceTest, testException = [null], mergedContextConfiguration = [WebMergedContextConfiguration@24f8ff82 testClass = MemberServiceTest, locations = '{}', classes = '{class kakao.valuetogether.ValuetogetherApplication}', contextInitializerClasses = '[]', activeProfiles = '{}', propertySourceLocations = '{}', propertySourceProperties = '{org.springframework.boot.test.context.SpringBootTestContextBootstrapper=true}', contextCustomizers = set[org.springframework.boot.test.autoconfigure.actuate.metrics.MetricsExportContextCustomizerFactory$DisableMetricExportContextCustomizer@19ae6bb, org.springframework.boot.test.autoconfigure.properties.PropertyMappingContextCustomizer@0, org.springframework.boot.test.autoconfigure.web.servlet.WebDriverContextCustomizerFactory$Customizer@fd8294b, org.springframework.boot.test.context.filter.ExcludeFilterContextCustomizer@6f8f9349, org.springframework.boot.test.json.DuplicateJsonObjectContextCustomizerFactory$DuplicateJsonObjectContextCustomizer@75f5fd58, org.springframework.boot.test.mock.mockito.MockitoContextCustomizer@0, org.springframework.boot.test.web.client.TestRestTemplateContextCustomizer@6b9ce1bf, org.springframework.boot.test.context.SpringBootTestArgs@1, org.springframework.boot.test.context.SpringBootTestWebEnvironment@19b89d4], resourceBasePath = 'src/main/webapp', contextLoader = 'org.springframework.boot.test.context.SpringBootContextLoader', parent = [null]], attributes = map['org.springframework.test.context.web.ServletTestExecutionListener.activateListener' -> true, 'org.springframework.test.context.web.ServletTestExecutionListener.populatedRequestContextHolder' -> true, 'org.springframework.test.context.web.ServletTestExecutionListener.resetRequestContextHolder' -> true, 'org.springframework.test.context.event.ApplicationEventsTestExecutionListener.recordApplicationEvents' -> false]]
2022-08-05 09:50:26.541  INFO 12336 --- [    Test worker] o.s.t.c.transaction.TransactionContext   : Began transaction (1) for test context [DefaultTestContext@2b55ac77 testClass = MemberServiceTest, testInstance = kakao.valuetogether.service.MemberServiceTest@7220ff10, testMethod = 회원탈퇴@MemberServiceTest, testException = [null], mergedContextConfiguration = [WebMergedContextConfiguration@24f8ff82 testClass = MemberServiceTest, locations = '{}', classes = '{class kakao.valuetogether.ValuetogetherApplication}', contextInitializerClasses = '[]', activeProfiles = '{}', propertySourceLocations = '{}', propertySourceProperties = '{org.springframework.boot.test.context.SpringBootTestContextBootstrapper=true}', contextCustomizers = set[org.springframework.boot.test.autoconfigure.actuate.metrics.MetricsExportContextCustomizerFactory$DisableMetricExportContextCustomizer@19ae6bb, org.springframework.boot.test.autoconfigure.properties.PropertyMappingContextCustomizer@0, org.springframework.boot.test.autoconfigure.web.servlet.WebDriverContextCustomizerFactory$Customizer@fd8294b, org.springframework.boot.test.context.filter.ExcludeFilterContextCustomizer@6f8f9349, org.springframework.boot.test.json.DuplicateJsonObjectContextCustomizerFactory$DuplicateJsonObjectContextCustomizer@75f5fd58, org.springframework.boot.test.mock.mockito.MockitoContextCustomizer@0, org.springframework.boot.test.web.client.TestRestTemplateContextCustomizer@6b9ce1bf, org.springframework.boot.test.context.SpringBootTestArgs@1, org.springframework.boot.test.context.SpringBootTestWebEnvironment@19b89d4], resourceBasePath = 'src/main/webapp', contextLoader = 'org.springframework.boot.test.context.SpringBootContextLoader', parent = [null]], attributes = map['org.springframework.test.context.web.ServletTestExecutionListener.activateListener' -> true, 'org.springframework.test.context.web.ServletTestExecutionListener.populatedRequestContextHolder' -> true, 'org.springframework.test.context.web.ServletTestExecutionListener.resetRequestContextHolder' -> true, 'org.springframework.test.context.event.ApplicationEventsTestExecutionListener.recordApplicationEvents' -> false]]; transaction manager [org.springframework.orm.jpa.JpaTransactionManager@c8d20bb]; rollback [true]
2022-08-05 09:50:26.543 DEBUG 12336 --- [    Test worker] org.hibernate.SQL                        : 
    insert 
    into
        member
        (member_address, member_birthday, member_email, member_gender, member_name, member_nickname, member_phone, member_pw) 
    values
        (?, ?, ?, ?, ?, ?, ?, ?)
2022-08-05 09:50:26.543 TRACE 12336 --- [    Test worker] o.h.type.descriptor.sql.BasicBinder      : binding parameter [1] as [VARCHAR] - [address]
2022-08-05 09:50:26.543 TRACE 12336 --- [    Test worker] o.h.type.descriptor.sql.BasicBinder      : binding parameter [2] as [VARCHAR] - [birthday]
2022-08-05 09:50:26.543 TRACE 12336 --- [    Test worker] o.h.type.descriptor.sql.BasicBinder      : binding parameter [3] as [VARCHAR] - [email12]
2022-08-05 09:50:26.543 TRACE 12336 --- [    Test worker] o.h.type.descriptor.sql.BasicBinder      : binding parameter [4] as [VARCHAR] - [gender]
2022-08-05 09:50:26.543 TRACE 12336 --- [    Test worker] o.h.type.descriptor.sql.BasicBinder      : binding parameter [5] as [VARCHAR] - [name]
2022-08-05 09:50:26.543 TRACE 12336 --- [    Test worker] o.h.type.descriptor.sql.BasicBinder      : binding parameter [6] as [VARCHAR] - [nickname]
2022-08-05 09:50:26.544 TRACE 12336 --- [    Test worker] o.h.type.descriptor.sql.BasicBinder      : binding parameter [7] as [VARCHAR] - [phone]
2022-08-05 09:50:26.544 TRACE 12336 --- [    Test worker] o.h.type.descriptor.sql.BasicBinder      : binding parameter [8] as [VARCHAR] - [pw]
2022-08-05 09:50:26.552 DEBUG 12336 --- [    Test worker] org.hibernate.SQL                        : 
    insert 
    into
        member
        (member_address, member_birthday, member_email, member_gender, member_name, member_nickname, member_phone, member_pw) 
    values
        (?, ?, ?, ?, ?, ?, ?, ?)
2022-08-05 09:50:26.552 TRACE 12336 --- [    Test worker] o.h.type.descriptor.sql.BasicBinder      : binding parameter [1] as [VARCHAR] - [address]
2022-08-05 09:50:26.552 TRACE 12336 --- [    Test worker] o.h.type.descriptor.sql.BasicBinder      : binding parameter [2] as [VARCHAR] - [birthday]
2022-08-05 09:50:26.552 TRACE 12336 --- [    Test worker] o.h.type.descriptor.sql.BasicBinder      : binding parameter [3] as [VARCHAR] - [email13]
2022-08-05 09:50:26.552 TRACE 12336 --- [    Test worker] o.h.type.descriptor.sql.BasicBinder      : binding parameter [4] as [VARCHAR] - [gender]
2022-08-05 09:50:26.552 TRACE 12336 --- [    Test worker] o.h.type.descriptor.sql.BasicBinder      : binding parameter [5] as [VARCHAR] - [name]
2022-08-05 09:50:26.552 TRACE 12336 --- [    Test worker] o.h.type.descriptor.sql.BasicBinder      : binding parameter [6] as [VARCHAR] - [nickname]
2022-08-05 09:50:26.552 TRACE 12336 --- [    Test worker] o.h.type.descriptor.sql.BasicBinder      : binding parameter [7] as [VARCHAR] - [phone]
2022-08-05 09:50:26.552 TRACE 12336 --- [    Test worker] o.h.type.descriptor.sql.BasicBinder      : binding parameter [8] as [VARCHAR] - [pw]
2022-08-05 09:50:26.577  INFO 12336 --- [    Test worker] o.s.t.c.transaction.TransactionContext   : Rolled back transaction for test: [DefaultTestContext@2b55ac77 testClass = MemberServiceTest, testInstance = kakao.valuetogether.service.MemberServiceTest@7220ff10, testMethod = 회원탈퇴@MemberServiceTest, testException = [null], mergedContextConfiguration = [WebMergedContextConfiguration@24f8ff82 testClass = MemberServiceTest, locations = '{}', classes = '{class kakao.valuetogether.ValuetogetherApplication}', contextInitializerClasses = '[]', activeProfiles = '{}', propertySourceLocations = '{}', propertySourceProperties = '{org.springframework.boot.test.context.SpringBootTestContextBootstrapper=true}', contextCustomizers = set[org.springframework.boot.test.autoconfigure.actuate.metrics.MetricsExportContextCustomizerFactory$DisableMetricExportContextCustomizer@19ae6bb, org.springframework.boot.test.autoconfigure.properties.PropertyMappingContextCustomizer@0, org.springframework.boot.test.autoconfigure.web.servlet.WebDriverContextCustomizerFactory$Customizer@fd8294b, org.springframework.boot.test.context.filter.ExcludeFilterContextCustomizer@6f8f9349, org.springframework.boot.test.json.DuplicateJsonObjectContextCustomizerFactory$DuplicateJsonObjectContextCustomizer@75f5fd58, org.springframework.boot.test.mock.mockito.MockitoContextCustomizer@0, org.springframework.boot.test.web.client.TestRestTemplateContextCustomizer@6b9ce1bf, org.springframework.boot.test.context.SpringBootTestArgs@1, org.springframework.boot.test.context.SpringBootTestWebEnvironment@19b89d4], resourceBasePath = 'src/main/webapp', contextLoader = 'org.springframework.boot.test.context.SpringBootContextLoader', parent = [null]], attributes = map['org.springframework.test.context.web.ServletTestExecutionListener.activateListener' -> true, 'org.springframework.test.context.web.ServletTestExecutionListener.populatedRequestContextHolder' -> true, 'org.springframework.test.context.web.ServletTestExecutionListener.resetRequestContextHolder' -> true, 'org.springframework.test.context.event.ApplicationEventsTestExecutionListener.recordApplicationEvents' -> false]]
]]></system-out>
  <system-err><![CDATA[]]></system-err>
</testsuite>
