<?xml version="1.0" encoding="UTF-8"?>
<testsuite name="kakao.valuetogether.service.MemberServiceTest" tests="7" skipped="0" failures="0" errors="0" timestamp="2022-08-03T08:04:17" hostname="DESKTOP-8DQF55R" time="0.898">
  <properties/>
  <testcase name="폰번호로아이디찾기성공" classname="kakao.valuetogether.service.MemberServiceTest" time="0.063"/>
  <testcase name="폰번호로아이디찾기예외" classname="kakao.valuetogether.service.MemberServiceTest" time="0.266"/>
  <testcase name="회원검증및PW재설정" classname="kakao.valuetogether.service.MemberServiceTest" time="0.254"/>
  <testcase name="닉네임이름전화번호로아이디찾기성공및예외" classname="kakao.valuetogether.service.MemberServiceTest" time="0.107"/>
  <testcase name="회원가입성공" classname="kakao.valuetogether.service.MemberServiceTest" time="0.082"/>
  <testcase name="회원가입예외" classname="kakao.valuetogether.service.MemberServiceTest" time="0.067"/>
  <testcase name="회원탈퇴" classname="kakao.valuetogether.service.MemberServiceTest" time="0.055"/>
  <system-out><![CDATA[2022-08-03 17:04:17.868  INFO 28016 --- [    Test worker] o.s.t.c.transaction.TransactionContext   : Began transaction (1) for test context [DefaultTestContext@230383a7 testClass = MemberServiceTest, testInstance = kakao.valuetogether.service.MemberServiceTest@6222a343, testMethod = 폰번호로아이디찾기성공@MemberServiceTest, testException = [null], mergedContextConfiguration = [WebMergedContextConfiguration@228c854f testClass = MemberServiceTest, locations = '{}', classes = '{class kakao.valuetogether.ValuetogetherApplication}', contextInitializerClasses = '[]', activeProfiles = '{}', propertySourceLocations = '{}', propertySourceProperties = '{org.springframework.boot.test.context.SpringBootTestContextBootstrapper=true}', contextCustomizers = set[org.springframework.boot.test.autoconfigure.actuate.metrics.MetricsExportContextCustomizerFactory$DisableMetricExportContextCustomizer@60dce7ea, org.springframework.boot.test.autoconfigure.properties.PropertyMappingContextCustomizer@0, org.springframework.boot.test.autoconfigure.web.servlet.WebDriverContextCustomizerFactory$Customizer@7a791b66, org.springframework.boot.test.context.filter.ExcludeFilterContextCustomizer@61884cb1, org.springframework.boot.test.json.DuplicateJsonObjectContextCustomizerFactory$DuplicateJsonObjectContextCustomizer@79da1ec0, org.springframework.boot.test.mock.mockito.MockitoContextCustomizer@0, org.springframework.boot.test.web.client.TestRestTemplateContextCustomizer@1e63ec0b, org.springframework.boot.test.context.SpringBootTestArgs@1, org.springframework.boot.test.context.SpringBootTestWebEnvironment@5f20155b], resourceBasePath = 'src/main/webapp', contextLoader = 'org.springframework.boot.test.context.SpringBootContextLoader', parent = [null]], attributes = map['org.springframework.test.context.web.ServletTestExecutionListener.activateListener' -> true, 'org.springframework.test.context.web.ServletTestExecutionListener.populatedRequestContextHolder' -> true, 'org.springframework.test.context.web.ServletTestExecutionListener.resetRequestContextHolder' -> true, 'org.springframework.test.context.event.ApplicationEventsTestExecutionListener.recordApplicationEvents' -> false]]; transaction manager [org.springframework.orm.jpa.JpaTransactionManager@7c1f3125]; rollback [true]
2022-08-03 17:04:17.870 DEBUG 28016 --- [    Test worker] org.hibernate.SQL                        : 
    insert 
    into
        member
        (member_address, member_birthday, member_email, member_gender, member_name, member_nickname, member_phone, member_pw) 
    values
        (?, ?, ?, ?, ?, ?, ?, ?)
2022-08-03 17:04:17.870 TRACE 28016 --- [    Test worker] o.h.type.descriptor.sql.BasicBinder      : binding parameter [1] as [VARCHAR] - [address]
2022-08-03 17:04:17.871 TRACE 28016 --- [    Test worker] o.h.type.descriptor.sql.BasicBinder      : binding parameter [2] as [VARCHAR] - [birthday]
2022-08-03 17:04:17.871 TRACE 28016 --- [    Test worker] o.h.type.descriptor.sql.BasicBinder      : binding parameter [3] as [VARCHAR] - [email6]
2022-08-03 17:04:17.871 TRACE 28016 --- [    Test worker] o.h.type.descriptor.sql.BasicBinder      : binding parameter [4] as [VARCHAR] - [gender]
2022-08-03 17:04:17.871 TRACE 28016 --- [    Test worker] o.h.type.descriptor.sql.BasicBinder      : binding parameter [5] as [VARCHAR] - [name]
2022-08-03 17:04:17.871 TRACE 28016 --- [    Test worker] o.h.type.descriptor.sql.BasicBinder      : binding parameter [6] as [VARCHAR] - [nickname]
2022-08-03 17:04:17.871 TRACE 28016 --- [    Test worker] o.h.type.descriptor.sql.BasicBinder      : binding parameter [7] as [VARCHAR] - [phone]
2022-08-03 17:04:17.871 TRACE 28016 --- [    Test worker] o.h.type.descriptor.sql.BasicBinder      : binding parameter [8] as [VARCHAR] - [pw]
2022-08-03 17:04:17.888 DEBUG 28016 --- [    Test worker] org.hibernate.SQL                        : 
    select
        member0_.member_id as member_i1_3_,
        member0_.member_address as member_a2_3_,
        member0_.member_birthday as member_b3_3_,
        member0_.member_email as member_e4_3_,
        member0_.member_gender as member_g5_3_,
        member0_.member_name as member_n6_3_,
        member0_.member_nickname as member_n7_3_,
        member0_.member_phone as member_p8_3_,
        member0_.member_pw as member_p9_3_ 
    from
        member member0_ 
    where
        member0_.member_phone=?
2022-08-03 17:04:17.888 TRACE 28016 --- [    Test worker] o.h.type.descriptor.sql.BasicBinder      : binding parameter [1] as [VARCHAR] - [phone]
2022-08-03 17:04:17.899 TRACE 28016 --- [    Test worker] o.h.type.descriptor.sql.BasicExtractor   : extracted value ([member_i1_3_] : [BIGINT]) - [1160]
2022-08-03 17:04:17.921  INFO 28016 --- [    Test worker] o.s.t.c.transaction.TransactionContext   : Rolled back transaction for test: [DefaultTestContext@230383a7 testClass = MemberServiceTest, testInstance = kakao.valuetogether.service.MemberServiceTest@6222a343, testMethod = 폰번호로아이디찾기성공@MemberServiceTest, testException = [null], mergedContextConfiguration = [WebMergedContextConfiguration@228c854f testClass = MemberServiceTest, locations = '{}', classes = '{class kakao.valuetogether.ValuetogetherApplication}', contextInitializerClasses = '[]', activeProfiles = '{}', propertySourceLocations = '{}', propertySourceProperties = '{org.springframework.boot.test.context.SpringBootTestContextBootstrapper=true}', contextCustomizers = set[org.springframework.boot.test.autoconfigure.actuate.metrics.MetricsExportContextCustomizerFactory$DisableMetricExportContextCustomizer@60dce7ea, org.springframework.boot.test.autoconfigure.properties.PropertyMappingContextCustomizer@0, org.springframework.boot.test.autoconfigure.web.servlet.WebDriverContextCustomizerFactory$Customizer@7a791b66, org.springframework.boot.test.context.filter.ExcludeFilterContextCustomizer@61884cb1, org.springframework.boot.test.json.DuplicateJsonObjectContextCustomizerFactory$DuplicateJsonObjectContextCustomizer@79da1ec0, org.springframework.boot.test.mock.mockito.MockitoContextCustomizer@0, org.springframework.boot.test.web.client.TestRestTemplateContextCustomizer@1e63ec0b, org.springframework.boot.test.context.SpringBootTestArgs@1, org.springframework.boot.test.context.SpringBootTestWebEnvironment@5f20155b], resourceBasePath = 'src/main/webapp', contextLoader = 'org.springframework.boot.test.context.SpringBootContextLoader', parent = [null]], attributes = map['org.springframework.test.context.web.ServletTestExecutionListener.activateListener' -> true, 'org.springframework.test.context.web.ServletTestExecutionListener.populatedRequestContextHolder' -> true, 'org.springframework.test.context.web.ServletTestExecutionListener.resetRequestContextHolder' -> true, 'org.springframework.test.context.event.ApplicationEventsTestExecutionListener.recordApplicationEvents' -> false]]
2022-08-03 17:04:17.933  INFO 28016 --- [    Test worker] o.s.t.c.transaction.TransactionContext   : Began transaction (1) for test context [DefaultTestContext@230383a7 testClass = MemberServiceTest, testInstance = kakao.valuetogether.service.MemberServiceTest@608c03e3, testMethod = 폰번호로아이디찾기예외@MemberServiceTest, testException = [null], mergedContextConfiguration = [WebMergedContextConfiguration@228c854f testClass = MemberServiceTest, locations = '{}', classes = '{class kakao.valuetogether.ValuetogetherApplication}', contextInitializerClasses = '[]', activeProfiles = '{}', propertySourceLocations = '{}', propertySourceProperties = '{org.springframework.boot.test.context.SpringBootTestContextBootstrapper=true}', contextCustomizers = set[org.springframework.boot.test.autoconfigure.actuate.metrics.MetricsExportContextCustomizerFactory$DisableMetricExportContextCustomizer@60dce7ea, org.springframework.boot.test.autoconfigure.properties.PropertyMappingContextCustomizer@0, org.springframework.boot.test.autoconfigure.web.servlet.WebDriverContextCustomizerFactory$Customizer@7a791b66, org.springframework.boot.test.context.filter.ExcludeFilterContextCustomizer@61884cb1, org.springframework.boot.test.json.DuplicateJsonObjectContextCustomizerFactory$DuplicateJsonObjectContextCustomizer@79da1ec0, org.springframework.boot.test.mock.mockito.MockitoContextCustomizer@0, org.springframework.boot.test.web.client.TestRestTemplateContextCustomizer@1e63ec0b, org.springframework.boot.test.context.SpringBootTestArgs@1, org.springframework.boot.test.context.SpringBootTestWebEnvironment@5f20155b], resourceBasePath = 'src/main/webapp', contextLoader = 'org.springframework.boot.test.context.SpringBootContextLoader', parent = [null]], attributes = map['org.springframework.test.context.web.ServletTestExecutionListener.activateListener' -> true, 'org.springframework.test.context.web.ServletTestExecutionListener.populatedRequestContextHolder' -> true, 'org.springframework.test.context.web.ServletTestExecutionListener.resetRequestContextHolder' -> true, 'org.springframework.test.context.event.ApplicationEventsTestExecutionListener.recordApplicationEvents' -> false]]; transaction manager [org.springframework.orm.jpa.JpaTransactionManager@7c1f3125]; rollback [true]
2022-08-03 17:04:17.934 DEBUG 28016 --- [    Test worker] org.hibernate.SQL                        : 
    insert 
    into
        member
        (member_address, member_birthday, member_email, member_gender, member_name, member_nickname, member_phone, member_pw) 
    values
        (?, ?, ?, ?, ?, ?, ?, ?)
2022-08-03 17:04:17.934 TRACE 28016 --- [    Test worker] o.h.type.descriptor.sql.BasicBinder      : binding parameter [1] as [VARCHAR] - [address]
2022-08-03 17:04:17.934 TRACE 28016 --- [    Test worker] o.h.type.descriptor.sql.BasicBinder      : binding parameter [2] as [VARCHAR] - [birthday]
2022-08-03 17:04:17.934 TRACE 28016 --- [    Test worker] o.h.type.descriptor.sql.BasicBinder      : binding parameter [3] as [VARCHAR] - [email7]
2022-08-03 17:04:17.934 TRACE 28016 --- [    Test worker] o.h.type.descriptor.sql.BasicBinder      : binding parameter [4] as [VARCHAR] - [gender]
2022-08-03 17:04:17.934 TRACE 28016 --- [    Test worker] o.h.type.descriptor.sql.BasicBinder      : binding parameter [5] as [VARCHAR] - [name]
2022-08-03 17:04:17.934 TRACE 28016 --- [    Test worker] o.h.type.descriptor.sql.BasicBinder      : binding parameter [6] as [VARCHAR] - [nickname]
2022-08-03 17:04:17.934 TRACE 28016 --- [    Test worker] o.h.type.descriptor.sql.BasicBinder      : binding parameter [7] as [VARCHAR] - [phone]
2022-08-03 17:04:17.934 TRACE 28016 --- [    Test worker] o.h.type.descriptor.sql.BasicBinder      : binding parameter [8] as [VARCHAR] - [pw]
2022-08-03 17:04:17.944 DEBUG 28016 --- [    Test worker] org.hibernate.SQL                        : 
    select
        member0_.member_id as member_i1_3_,
        member0_.member_address as member_a2_3_,
        member0_.member_birthday as member_b3_3_,
        member0_.member_email as member_e4_3_,
        member0_.member_gender as member_g5_3_,
        member0_.member_name as member_n6_3_,
        member0_.member_nickname as member_n7_3_,
        member0_.member_phone as member_p8_3_,
        member0_.member_pw as member_p9_3_ 
    from
        member member0_ 
    where
        member0_.member_phone=?
2022-08-03 17:04:17.944 TRACE 28016 --- [    Test worker] o.h.type.descriptor.sql.BasicBinder      : binding parameter [1] as [VARCHAR] - [asdf]
2022-08-03 17:04:18.188  INFO 28016 --- [    Test worker] o.s.t.c.transaction.TransactionContext   : Rolled back transaction for test: [DefaultTestContext@230383a7 testClass = MemberServiceTest, testInstance = kakao.valuetogether.service.MemberServiceTest@608c03e3, testMethod = 폰번호로아이디찾기예외@MemberServiceTest, testException = [null], mergedContextConfiguration = [WebMergedContextConfiguration@228c854f testClass = MemberServiceTest, locations = '{}', classes = '{class kakao.valuetogether.ValuetogetherApplication}', contextInitializerClasses = '[]', activeProfiles = '{}', propertySourceLocations = '{}', propertySourceProperties = '{org.springframework.boot.test.context.SpringBootTestContextBootstrapper=true}', contextCustomizers = set[org.springframework.boot.test.autoconfigure.actuate.metrics.MetricsExportContextCustomizerFactory$DisableMetricExportContextCustomizer@60dce7ea, org.springframework.boot.test.autoconfigure.properties.PropertyMappingContextCustomizer@0, org.springframework.boot.test.autoconfigure.web.servlet.WebDriverContextCustomizerFactory$Customizer@7a791b66, org.springframework.boot.test.context.filter.ExcludeFilterContextCustomizer@61884cb1, org.springframework.boot.test.json.DuplicateJsonObjectContextCustomizerFactory$DuplicateJsonObjectContextCustomizer@79da1ec0, org.springframework.boot.test.mock.mockito.MockitoContextCustomizer@0, org.springframework.boot.test.web.client.TestRestTemplateContextCustomizer@1e63ec0b, org.springframework.boot.test.context.SpringBootTestArgs@1, org.springframework.boot.test.context.SpringBootTestWebEnvironment@5f20155b], resourceBasePath = 'src/main/webapp', contextLoader = 'org.springframework.boot.test.context.SpringBootContextLoader', parent = [null]], attributes = map['org.springframework.test.context.web.ServletTestExecutionListener.activateListener' -> true, 'org.springframework.test.context.web.ServletTestExecutionListener.populatedRequestContextHolder' -> true, 'org.springframework.test.context.web.ServletTestExecutionListener.resetRequestContextHolder' -> true, 'org.springframework.test.context.event.ApplicationEventsTestExecutionListener.recordApplicationEvents' -> false]]
2022-08-03 17:04:18.198  INFO 28016 --- [    Test worker] o.s.t.c.transaction.TransactionContext   : Began transaction (1) for test context [DefaultTestContext@230383a7 testClass = MemberServiceTest, testInstance = kakao.valuetogether.service.MemberServiceTest@e9e25b5, testMethod = 회원검증및PW재설정@MemberServiceTest, testException = [null], mergedContextConfiguration = [WebMergedContextConfiguration@228c854f testClass = MemberServiceTest, locations = '{}', classes = '{class kakao.valuetogether.ValuetogetherApplication}', contextInitializerClasses = '[]', activeProfiles = '{}', propertySourceLocations = '{}', propertySourceProperties = '{org.springframework.boot.test.context.SpringBootTestContextBootstrapper=true}', contextCustomizers = set[org.springframework.boot.test.autoconfigure.actuate.metrics.MetricsExportContextCustomizerFactory$DisableMetricExportContextCustomizer@60dce7ea, org.springframework.boot.test.autoconfigure.properties.PropertyMappingContextCustomizer@0, org.springframework.boot.test.autoconfigure.web.servlet.WebDriverContextCustomizerFactory$Customizer@7a791b66, org.springframework.boot.test.context.filter.ExcludeFilterContextCustomizer@61884cb1, org.springframework.boot.test.json.DuplicateJsonObjectContextCustomizerFactory$DuplicateJsonObjectContextCustomizer@79da1ec0, org.springframework.boot.test.mock.mockito.MockitoContextCustomizer@0, org.springframework.boot.test.web.client.TestRestTemplateContextCustomizer@1e63ec0b, org.springframework.boot.test.context.SpringBootTestArgs@1, org.springframework.boot.test.context.SpringBootTestWebEnvironment@5f20155b], resourceBasePath = 'src/main/webapp', contextLoader = 'org.springframework.boot.test.context.SpringBootContextLoader', parent = [null]], attributes = map['org.springframework.test.context.web.ServletTestExecutionListener.activateListener' -> true, 'org.springframework.test.context.web.ServletTestExecutionListener.populatedRequestContextHolder' -> true, 'org.springframework.test.context.web.ServletTestExecutionListener.resetRequestContextHolder' -> true, 'org.springframework.test.context.event.ApplicationEventsTestExecutionListener.recordApplicationEvents' -> false]]; transaction manager [org.springframework.orm.jpa.JpaTransactionManager@7c1f3125]; rollback [true]
2022-08-03 17:04:18.201 DEBUG 28016 --- [    Test worker] org.hibernate.SQL                        : 
    insert 
    into
        member
        (member_address, member_birthday, member_email, member_gender, member_name, member_nickname, member_phone, member_pw) 
    values
        (?, ?, ?, ?, ?, ?, ?, ?)
2022-08-03 17:04:18.201 TRACE 28016 --- [    Test worker] o.h.type.descriptor.sql.BasicBinder      : binding parameter [1] as [VARCHAR] - [address]
2022-08-03 17:04:18.201 TRACE 28016 --- [    Test worker] o.h.type.descriptor.sql.BasicBinder      : binding parameter [2] as [VARCHAR] - [birthday]
2022-08-03 17:04:18.201 TRACE 28016 --- [    Test worker] o.h.type.descriptor.sql.BasicBinder      : binding parameter [3] as [VARCHAR] - [email9]
2022-08-03 17:04:18.201 TRACE 28016 --- [    Test worker] o.h.type.descriptor.sql.BasicBinder      : binding parameter [4] as [VARCHAR] - [gender]
2022-08-03 17:04:18.201 TRACE 28016 --- [    Test worker] o.h.type.descriptor.sql.BasicBinder      : binding parameter [5] as [VARCHAR] - [name]
2022-08-03 17:04:18.201 TRACE 28016 --- [    Test worker] o.h.type.descriptor.sql.BasicBinder      : binding parameter [6] as [VARCHAR] - [nickname]
2022-08-03 17:04:18.201 TRACE 28016 --- [    Test worker] o.h.type.descriptor.sql.BasicBinder      : binding parameter [7] as [VARCHAR] - [phone]
2022-08-03 17:04:18.201 TRACE 28016 --- [    Test worker] o.h.type.descriptor.sql.BasicBinder      : binding parameter [8] as [VARCHAR] - [pw]
2022-08-03 17:04:18.215 DEBUG 28016 --- [    Test worker] org.hibernate.SQL                        : 
    insert 
    into
        member
        (member_address, member_birthday, member_email, member_gender, member_name, member_nickname, member_phone, member_pw) 
    values
        (?, ?, ?, ?, ?, ?, ?, ?)
2022-08-03 17:04:18.216 TRACE 28016 --- [    Test worker] o.h.type.descriptor.sql.BasicBinder      : binding parameter [1] as [VARCHAR] - [address]
2022-08-03 17:04:18.216 TRACE 28016 --- [    Test worker] o.h.type.descriptor.sql.BasicBinder      : binding parameter [2] as [VARCHAR] - [birthday]
2022-08-03 17:04:18.216 TRACE 28016 --- [    Test worker] o.h.type.descriptor.sql.BasicBinder      : binding parameter [3] as [VARCHAR] - [email10]
2022-08-03 17:04:18.216 TRACE 28016 --- [    Test worker] o.h.type.descriptor.sql.BasicBinder      : binding parameter [4] as [VARCHAR] - [gender]
2022-08-03 17:04:18.216 TRACE 28016 --- [    Test worker] o.h.type.descriptor.sql.BasicBinder      : binding parameter [5] as [VARCHAR] - [name]
2022-08-03 17:04:18.216 TRACE 28016 --- [    Test worker] o.h.type.descriptor.sql.BasicBinder      : binding parameter [6] as [VARCHAR] - [nickname]
2022-08-03 17:04:18.216 TRACE 28016 --- [    Test worker] o.h.type.descriptor.sql.BasicBinder      : binding parameter [7] as [VARCHAR] - [phone]
2022-08-03 17:04:18.216 TRACE 28016 --- [    Test worker] o.h.type.descriptor.sql.BasicBinder      : binding parameter [8] as [VARCHAR] - [pw]
2022-08-03 17:04:18.228 DEBUG 28016 --- [    Test worker] org.hibernate.SQL                        : 
    select
        member0_.member_id as member_i1_3_,
        member0_.member_address as member_a2_3_,
        member0_.member_birthday as member_b3_3_,
        member0_.member_email as member_e4_3_,
        member0_.member_gender as member_g5_3_,
        member0_.member_name as member_n6_3_,
        member0_.member_nickname as member_n7_3_,
        member0_.member_phone as member_p8_3_,
        member0_.member_pw as member_p9_3_ 
    from
        member member0_ 
    where
        member0_.member_email=? 
        or member0_.member_phone=?
2022-08-03 17:04:18.228 TRACE 28016 --- [    Test worker] o.h.type.descriptor.sql.BasicBinder      : binding parameter [1] as [VARCHAR] - [email9]
2022-08-03 17:04:18.229 TRACE 28016 --- [    Test worker] o.h.type.descriptor.sql.BasicBinder      : binding parameter [2] as [VARCHAR] - [null]
2022-08-03 17:04:18.266 TRACE 28016 --- [    Test worker] o.h.type.descriptor.sql.BasicExtractor   : extracted value ([member_i1_3_] : [BIGINT]) - [1162]
2022-08-03 17:04:18.268 DEBUG 28016 --- [    Test worker] org.hibernate.SQL                        : 
    update
        member 
    set
        member_address=?,
        member_birthday=?,
        member_email=?,
        member_gender=?,
        member_name=?,
        member_nickname=?,
        member_phone=?,
        member_pw=? 
    where
        member_id=?
2022-08-03 17:04:18.268 TRACE 28016 --- [    Test worker] o.h.type.descriptor.sql.BasicBinder      : binding parameter [1] as [VARCHAR] - [address]
2022-08-03 17:04:18.268 TRACE 28016 --- [    Test worker] o.h.type.descriptor.sql.BasicBinder      : binding parameter [2] as [VARCHAR] - [birthday]
2022-08-03 17:04:18.268 TRACE 28016 --- [    Test worker] o.h.type.descriptor.sql.BasicBinder      : binding parameter [3] as [VARCHAR] - [email9]
2022-08-03 17:04:18.268 TRACE 28016 --- [    Test worker] o.h.type.descriptor.sql.BasicBinder      : binding parameter [4] as [VARCHAR] - [gender]
2022-08-03 17:04:18.268 TRACE 28016 --- [    Test worker] o.h.type.descriptor.sql.BasicBinder      : binding parameter [5] as [VARCHAR] - [name]
2022-08-03 17:04:18.268 TRACE 28016 --- [    Test worker] o.h.type.descriptor.sql.BasicBinder      : binding parameter [6] as [VARCHAR] - [nickname]
2022-08-03 17:04:18.268 TRACE 28016 --- [    Test worker] o.h.type.descriptor.sql.BasicBinder      : binding parameter [7] as [VARCHAR] - [phone]
2022-08-03 17:04:18.268 TRACE 28016 --- [    Test worker] o.h.type.descriptor.sql.BasicBinder      : binding parameter [8] as [VARCHAR] - [asdf]
2022-08-03 17:04:18.268 TRACE 28016 --- [    Test worker] o.h.type.descriptor.sql.BasicBinder      : binding parameter [9] as [BIGINT] - [1162]
2022-08-03 17:04:18.310 DEBUG 28016 --- [    Test worker] org.hibernate.SQL                        : 
    select
        member0_.member_id as member_i1_3_,
        member0_.member_address as member_a2_3_,
        member0_.member_birthday as member_b3_3_,
        member0_.member_email as member_e4_3_,
        member0_.member_gender as member_g5_3_,
        member0_.member_name as member_n6_3_,
        member0_.member_nickname as member_n7_3_,
        member0_.member_phone as member_p8_3_,
        member0_.member_pw as member_p9_3_ 
    from
        member member0_ 
    where
        member0_.member_email=? 
        or member0_.member_phone=?
2022-08-03 17:04:18.311 TRACE 28016 --- [    Test worker] o.h.type.descriptor.sql.BasicBinder      : binding parameter [1] as [VARCHAR] - [ema]
2022-08-03 17:04:18.311 TRACE 28016 --- [    Test worker] o.h.type.descriptor.sql.BasicBinder      : binding parameter [2] as [VARCHAR] - [one]
2022-08-03 17:04:18.441  INFO 28016 --- [    Test worker] o.s.t.c.transaction.TransactionContext   : Rolled back transaction for test: [DefaultTestContext@230383a7 testClass = MemberServiceTest, testInstance = kakao.valuetogether.service.MemberServiceTest@e9e25b5, testMethod = 회원검증및PW재설정@MemberServiceTest, testException = [null], mergedContextConfiguration = [WebMergedContextConfiguration@228c854f testClass = MemberServiceTest, locations = '{}', classes = '{class kakao.valuetogether.ValuetogetherApplication}', contextInitializerClasses = '[]', activeProfiles = '{}', propertySourceLocations = '{}', propertySourceProperties = '{org.springframework.boot.test.context.SpringBootTestContextBootstrapper=true}', contextCustomizers = set[org.springframework.boot.test.autoconfigure.actuate.metrics.MetricsExportContextCustomizerFactory$DisableMetricExportContextCustomizer@60dce7ea, org.springframework.boot.test.autoconfigure.properties.PropertyMappingContextCustomizer@0, org.springframework.boot.test.autoconfigure.web.servlet.WebDriverContextCustomizerFactory$Customizer@7a791b66, org.springframework.boot.test.context.filter.ExcludeFilterContextCustomizer@61884cb1, org.springframework.boot.test.json.DuplicateJsonObjectContextCustomizerFactory$DuplicateJsonObjectContextCustomizer@79da1ec0, org.springframework.boot.test.mock.mockito.MockitoContextCustomizer@0, org.springframework.boot.test.web.client.TestRestTemplateContextCustomizer@1e63ec0b, org.springframework.boot.test.context.SpringBootTestArgs@1, org.springframework.boot.test.context.SpringBootTestWebEnvironment@5f20155b], resourceBasePath = 'src/main/webapp', contextLoader = 'org.springframework.boot.test.context.SpringBootContextLoader', parent = [null]], attributes = map['org.springframework.test.context.web.ServletTestExecutionListener.activateListener' -> true, 'org.springframework.test.context.web.ServletTestExecutionListener.populatedRequestContextHolder' -> true, 'org.springframework.test.context.web.ServletTestExecutionListener.resetRequestContextHolder' -> true, 'org.springframework.test.context.event.ApplicationEventsTestExecutionListener.recordApplicationEvents' -> false]]
2022-08-03 17:04:18.452  INFO 28016 --- [    Test worker] o.s.t.c.transaction.TransactionContext   : Began transaction (1) for test context [DefaultTestContext@230383a7 testClass = MemberServiceTest, testInstance = kakao.valuetogether.service.MemberServiceTest@59bdd277, testMethod = 닉네임이름전화번호로아이디찾기성공및예외@MemberServiceTest, testException = [null], mergedContextConfiguration = [WebMergedContextConfiguration@228c854f testClass = MemberServiceTest, locations = '{}', classes = '{class kakao.valuetogether.ValuetogetherApplication}', contextInitializerClasses = '[]', activeProfiles = '{}', propertySourceLocations = '{}', propertySourceProperties = '{org.springframework.boot.test.context.SpringBootTestContextBootstrapper=true}', contextCustomizers = set[org.springframework.boot.test.autoconfigure.actuate.metrics.MetricsExportContextCustomizerFactory$DisableMetricExportContextCustomizer@60dce7ea, org.springframework.boot.test.autoconfigure.properties.PropertyMappingContextCustomizer@0, org.springframework.boot.test.autoconfigure.web.servlet.WebDriverContextCustomizerFactory$Customizer@7a791b66, org.springframework.boot.test.context.filter.ExcludeFilterContextCustomizer@61884cb1, org.springframework.boot.test.json.DuplicateJsonObjectContextCustomizerFactory$DuplicateJsonObjectContextCustomizer@79da1ec0, org.springframework.boot.test.mock.mockito.MockitoContextCustomizer@0, org.springframework.boot.test.web.client.TestRestTemplateContextCustomizer@1e63ec0b, org.springframework.boot.test.context.SpringBootTestArgs@1, org.springframework.boot.test.context.SpringBootTestWebEnvironment@5f20155b], resourceBasePath = 'src/main/webapp', contextLoader = 'org.springframework.boot.test.context.SpringBootContextLoader', parent = [null]], attributes = map['org.springframework.test.context.web.ServletTestExecutionListener.activateListener' -> true, 'org.springframework.test.context.web.ServletTestExecutionListener.populatedRequestContextHolder' -> true, 'org.springframework.test.context.web.ServletTestExecutionListener.resetRequestContextHolder' -> true, 'org.springframework.test.context.event.ApplicationEventsTestExecutionListener.recordApplicationEvents' -> false]]; transaction manager [org.springframework.orm.jpa.JpaTransactionManager@7c1f3125]; rollback [true]
2022-08-03 17:04:18.454 DEBUG 28016 --- [    Test worker] org.hibernate.SQL                        : 
    insert 
    into
        member
        (member_address, member_birthday, member_email, member_gender, member_name, member_nickname, member_phone, member_pw) 
    values
        (?, ?, ?, ?, ?, ?, ?, ?)
2022-08-03 17:04:18.454 TRACE 28016 --- [    Test worker] o.h.type.descriptor.sql.BasicBinder      : binding parameter [1] as [VARCHAR] - [address]
2022-08-03 17:04:18.455 TRACE 28016 --- [    Test worker] o.h.type.descriptor.sql.BasicBinder      : binding parameter [2] as [VARCHAR] - [birthday]
2022-08-03 17:04:18.455 TRACE 28016 --- [    Test worker] o.h.type.descriptor.sql.BasicBinder      : binding parameter [3] as [VARCHAR] - [email8]
2022-08-03 17:04:18.455 TRACE 28016 --- [    Test worker] o.h.type.descriptor.sql.BasicBinder      : binding parameter [4] as [VARCHAR] - [gender]
2022-08-03 17:04:18.455 TRACE 28016 --- [    Test worker] o.h.type.descriptor.sql.BasicBinder      : binding parameter [5] as [VARCHAR] - [name]
2022-08-03 17:04:18.455 TRACE 28016 --- [    Test worker] o.h.type.descriptor.sql.BasicBinder      : binding parameter [6] as [VARCHAR] - [nickname]
2022-08-03 17:04:18.455 TRACE 28016 --- [    Test worker] o.h.type.descriptor.sql.BasicBinder      : binding parameter [7] as [VARCHAR] - [phone]
2022-08-03 17:04:18.455 TRACE 28016 --- [    Test worker] o.h.type.descriptor.sql.BasicBinder      : binding parameter [8] as [VARCHAR] - [pw]
2022-08-03 17:04:18.466 DEBUG 28016 --- [    Test worker] org.hibernate.SQL                        : 
    select
        member0_.member_id as member_i1_3_,
        member0_.member_address as member_a2_3_,
        member0_.member_birthday as member_b3_3_,
        member0_.member_email as member_e4_3_,
        member0_.member_gender as member_g5_3_,
        member0_.member_name as member_n6_3_,
        member0_.member_nickname as member_n7_3_,
        member0_.member_phone as member_p8_3_,
        member0_.member_pw as member_p9_3_ 
    from
        member member0_ 
    where
        (
            member0_.member_nickname=? 
            or member0_.member_name=?
        ) 
        and member0_.member_phone=?
2022-08-03 17:04:18.466 TRACE 28016 --- [    Test worker] o.h.type.descriptor.sql.BasicBinder      : binding parameter [1] as [VARCHAR] - [nickname]
2022-08-03 17:04:18.466 TRACE 28016 --- [    Test worker] o.h.type.descriptor.sql.BasicBinder      : binding parameter [2] as [VARCHAR] - [name]
2022-08-03 17:04:18.466 TRACE 28016 --- [    Test worker] o.h.type.descriptor.sql.BasicBinder      : binding parameter [3] as [VARCHAR] - [phone]
2022-08-03 17:04:18.475 TRACE 28016 --- [    Test worker] o.h.type.descriptor.sql.BasicExtractor   : extracted value ([member_i1_3_] : [BIGINT]) - [1164]
2022-08-03 17:04:18.476 DEBUG 28016 --- [    Test worker] org.hibernate.SQL                        : 
    select
        member0_.member_id as member_i1_3_,
        member0_.member_address as member_a2_3_,
        member0_.member_birthday as member_b3_3_,
        member0_.member_email as member_e4_3_,
        member0_.member_gender as member_g5_3_,
        member0_.member_name as member_n6_3_,
        member0_.member_nickname as member_n7_3_,
        member0_.member_phone as member_p8_3_,
        member0_.member_pw as member_p9_3_ 
    from
        member member0_ 
    where
        (
            member0_.member_nickname=? 
            or member0_.member_name=?
        ) 
        and member0_.member_phone=?
2022-08-03 17:04:18.476 TRACE 28016 --- [    Test worker] o.h.type.descriptor.sql.BasicBinder      : binding parameter [1] as [VARCHAR] - [null]
2022-08-03 17:04:18.476 TRACE 28016 --- [    Test worker] o.h.type.descriptor.sql.BasicBinder      : binding parameter [2] as [VARCHAR] - [name]
2022-08-03 17:04:18.476 TRACE 28016 --- [    Test worker] o.h.type.descriptor.sql.BasicBinder      : binding parameter [3] as [VARCHAR] - [phone]
2022-08-03 17:04:18.485 TRACE 28016 --- [    Test worker] o.h.type.descriptor.sql.BasicExtractor   : extracted value ([member_i1_3_] : [BIGINT]) - [1164]
2022-08-03 17:04:18.486 DEBUG 28016 --- [    Test worker] org.hibernate.SQL                        : 
    select
        member0_.member_id as member_i1_3_,
        member0_.member_address as member_a2_3_,
        member0_.member_birthday as member_b3_3_,
        member0_.member_email as member_e4_3_,
        member0_.member_gender as member_g5_3_,
        member0_.member_name as member_n6_3_,
        member0_.member_nickname as member_n7_3_,
        member0_.member_phone as member_p8_3_,
        member0_.member_pw as member_p9_3_ 
    from
        member member0_ 
    where
        (
            member0_.member_nickname=? 
            or member0_.member_name=?
        ) 
        and member0_.member_phone=?
2022-08-03 17:04:18.486 TRACE 28016 --- [    Test worker] o.h.type.descriptor.sql.BasicBinder      : binding parameter [1] as [VARCHAR] - [nickname]
2022-08-03 17:04:18.486 TRACE 28016 --- [    Test worker] o.h.type.descriptor.sql.BasicBinder      : binding parameter [2] as [VARCHAR] - [null]
2022-08-03 17:04:18.486 TRACE 28016 --- [    Test worker] o.h.type.descriptor.sql.BasicBinder      : binding parameter [3] as [VARCHAR] - [phone]
2022-08-03 17:04:18.495 TRACE 28016 --- [    Test worker] o.h.type.descriptor.sql.BasicExtractor   : extracted value ([member_i1_3_] : [BIGINT]) - [1164]
2022-08-03 17:04:18.496 DEBUG 28016 --- [    Test worker] org.hibernate.SQL                        : 
    select
        member0_.member_id as member_i1_3_,
        member0_.member_address as member_a2_3_,
        member0_.member_birthday as member_b3_3_,
        member0_.member_email as member_e4_3_,
        member0_.member_gender as member_g5_3_,
        member0_.member_name as member_n6_3_,
        member0_.member_nickname as member_n7_3_,
        member0_.member_phone as member_p8_3_,
        member0_.member_pw as member_p9_3_ 
    from
        member member0_ 
    where
        (
            member0_.member_nickname=? 
            or member0_.member_name=?
        ) 
        and member0_.member_phone=?
2022-08-03 17:04:18.496 TRACE 28016 --- [    Test worker] o.h.type.descriptor.sql.BasicBinder      : binding parameter [1] as [VARCHAR] - [ㅁ]
2022-08-03 17:04:18.496 TRACE 28016 --- [    Test worker] o.h.type.descriptor.sql.BasicBinder      : binding parameter [2] as [VARCHAR] - [ㅁ]
2022-08-03 17:04:18.497 TRACE 28016 --- [    Test worker] o.h.type.descriptor.sql.BasicBinder      : binding parameter [3] as [VARCHAR] - [phone]
2022-08-03 17:04:18.549  INFO 28016 --- [    Test worker] o.s.t.c.transaction.TransactionContext   : Rolled back transaction for test: [DefaultTestContext@230383a7 testClass = MemberServiceTest, testInstance = kakao.valuetogether.service.MemberServiceTest@59bdd277, testMethod = 닉네임이름전화번호로아이디찾기성공및예외@MemberServiceTest, testException = [null], mergedContextConfiguration = [WebMergedContextConfiguration@228c854f testClass = MemberServiceTest, locations = '{}', classes = '{class kakao.valuetogether.ValuetogetherApplication}', contextInitializerClasses = '[]', activeProfiles = '{}', propertySourceLocations = '{}', propertySourceProperties = '{org.springframework.boot.test.context.SpringBootTestContextBootstrapper=true}', contextCustomizers = set[org.springframework.boot.test.autoconfigure.actuate.metrics.MetricsExportContextCustomizerFactory$DisableMetricExportContextCustomizer@60dce7ea, org.springframework.boot.test.autoconfigure.properties.PropertyMappingContextCustomizer@0, org.springframework.boot.test.autoconfigure.web.servlet.WebDriverContextCustomizerFactory$Customizer@7a791b66, org.springframework.boot.test.context.filter.ExcludeFilterContextCustomizer@61884cb1, org.springframework.boot.test.json.DuplicateJsonObjectContextCustomizerFactory$DuplicateJsonObjectContextCustomizer@79da1ec0, org.springframework.boot.test.mock.mockito.MockitoContextCustomizer@0, org.springframework.boot.test.web.client.TestRestTemplateContextCustomizer@1e63ec0b, org.springframework.boot.test.context.SpringBootTestArgs@1, org.springframework.boot.test.context.SpringBootTestWebEnvironment@5f20155b], resourceBasePath = 'src/main/webapp', contextLoader = 'org.springframework.boot.test.context.SpringBootContextLoader', parent = [null]], attributes = map['org.springframework.test.context.web.ServletTestExecutionListener.activateListener' -> true, 'org.springframework.test.context.web.ServletTestExecutionListener.populatedRequestContextHolder' -> true, 'org.springframework.test.context.web.ServletTestExecutionListener.resetRequestContextHolder' -> true, 'org.springframework.test.context.event.ApplicationEventsTestExecutionListener.recordApplicationEvents' -> false]]
2022-08-03 17:04:18.560  INFO 28016 --- [    Test worker] o.s.t.c.transaction.TransactionContext   : Began transaction (1) for test context [DefaultTestContext@230383a7 testClass = MemberServiceTest, testInstance = kakao.valuetogether.service.MemberServiceTest@3dab9366, testMethod = 회원가입성공@MemberServiceTest, testException = [null], mergedContextConfiguration = [WebMergedContextConfiguration@228c854f testClass = MemberServiceTest, locations = '{}', classes = '{class kakao.valuetogether.ValuetogetherApplication}', contextInitializerClasses = '[]', activeProfiles = '{}', propertySourceLocations = '{}', propertySourceProperties = '{org.springframework.boot.test.context.SpringBootTestContextBootstrapper=true}', contextCustomizers = set[org.springframework.boot.test.autoconfigure.actuate.metrics.MetricsExportContextCustomizerFactory$DisableMetricExportContextCustomizer@60dce7ea, org.springframework.boot.test.autoconfigure.properties.PropertyMappingContextCustomizer@0, org.springframework.boot.test.autoconfigure.web.servlet.WebDriverContextCustomizerFactory$Customizer@7a791b66, org.springframework.boot.test.context.filter.ExcludeFilterContextCustomizer@61884cb1, org.springframework.boot.test.json.DuplicateJsonObjectContextCustomizerFactory$DuplicateJsonObjectContextCustomizer@79da1ec0, org.springframework.boot.test.mock.mockito.MockitoContextCustomizer@0, org.springframework.boot.test.web.client.TestRestTemplateContextCustomizer@1e63ec0b, org.springframework.boot.test.context.SpringBootTestArgs@1, org.springframework.boot.test.context.SpringBootTestWebEnvironment@5f20155b], resourceBasePath = 'src/main/webapp', contextLoader = 'org.springframework.boot.test.context.SpringBootContextLoader', parent = [null]], attributes = map['org.springframework.test.context.web.ServletTestExecutionListener.activateListener' -> true, 'org.springframework.test.context.web.ServletTestExecutionListener.populatedRequestContextHolder' -> true, 'org.springframework.test.context.web.ServletTestExecutionListener.resetRequestContextHolder' -> true, 'org.springframework.test.context.event.ApplicationEventsTestExecutionListener.recordApplicationEvents' -> false]]; transaction manager [org.springframework.orm.jpa.JpaTransactionManager@7c1f3125]; rollback [true]
2022-08-03 17:04:18.561 DEBUG 28016 --- [    Test worker] org.hibernate.SQL                        : 
    insert 
    into
        member
        (member_address, member_birthday, member_email, member_gender, member_name, member_nickname, member_phone, member_pw) 
    values
        (?, ?, ?, ?, ?, ?, ?, ?)
2022-08-03 17:04:18.562 TRACE 28016 --- [    Test worker] o.h.type.descriptor.sql.BasicBinder      : binding parameter [1] as [VARCHAR] - [address]
2022-08-03 17:04:18.562 TRACE 28016 --- [    Test worker] o.h.type.descriptor.sql.BasicBinder      : binding parameter [2] as [VARCHAR] - [birthday]
2022-08-03 17:04:18.562 TRACE 28016 --- [    Test worker] o.h.type.descriptor.sql.BasicBinder      : binding parameter [3] as [VARCHAR] - [email1]
2022-08-03 17:04:18.562 TRACE 28016 --- [    Test worker] o.h.type.descriptor.sql.BasicBinder      : binding parameter [4] as [VARCHAR] - [gender]
2022-08-03 17:04:18.562 TRACE 28016 --- [    Test worker] o.h.type.descriptor.sql.BasicBinder      : binding parameter [5] as [VARCHAR] - [name]
2022-08-03 17:04:18.562 TRACE 28016 --- [    Test worker] o.h.type.descriptor.sql.BasicBinder      : binding parameter [6] as [VARCHAR] - [nickname]
2022-08-03 17:04:18.562 TRACE 28016 --- [    Test worker] o.h.type.descriptor.sql.BasicBinder      : binding parameter [7] as [VARCHAR] - [phone]
2022-08-03 17:04:18.562 TRACE 28016 --- [    Test worker] o.h.type.descriptor.sql.BasicBinder      : binding parameter [8] as [VARCHAR] - [pw]
2022-08-03 17:04:18.572 DEBUG 28016 --- [    Test worker] org.hibernate.SQL                        : 
    insert 
    into
        member
        (member_address, member_birthday, member_email, member_gender, member_name, member_nickname, member_phone, member_pw) 
    values
        (?, ?, ?, ?, ?, ?, ?, ?)
2022-08-03 17:04:18.573 TRACE 28016 --- [    Test worker] o.h.type.descriptor.sql.BasicBinder      : binding parameter [1] as [VARCHAR] - [address]
2022-08-03 17:04:18.573 TRACE 28016 --- [    Test worker] o.h.type.descriptor.sql.BasicBinder      : binding parameter [2] as [VARCHAR] - [birthday]
2022-08-03 17:04:18.573 TRACE 28016 --- [    Test worker] o.h.type.descriptor.sql.BasicBinder      : binding parameter [3] as [VARCHAR] - [email2]
2022-08-03 17:04:18.573 TRACE 28016 --- [    Test worker] o.h.type.descriptor.sql.BasicBinder      : binding parameter [4] as [VARCHAR] - [gender]
2022-08-03 17:04:18.573 TRACE 28016 --- [    Test worker] o.h.type.descriptor.sql.BasicBinder      : binding parameter [5] as [VARCHAR] - [name]
2022-08-03 17:04:18.573 TRACE 28016 --- [    Test worker] o.h.type.descriptor.sql.BasicBinder      : binding parameter [6] as [VARCHAR] - [nickname]
2022-08-03 17:04:18.573 TRACE 28016 --- [    Test worker] o.h.type.descriptor.sql.BasicBinder      : binding parameter [7] as [VARCHAR] - [phone]
2022-08-03 17:04:18.573 TRACE 28016 --- [    Test worker] o.h.type.descriptor.sql.BasicBinder      : binding parameter [8] as [VARCHAR] - [pw]
2022-08-03 17:04:18.583 DEBUG 28016 --- [    Test worker] org.hibernate.SQL                        : 
    select
        member0_.member_id as member_i1_3_,
        member0_.member_address as member_a2_3_,
        member0_.member_birthday as member_b3_3_,
        member0_.member_email as member_e4_3_,
        member0_.member_gender as member_g5_3_,
        member0_.member_name as member_n6_3_,
        member0_.member_nickname as member_n7_3_,
        member0_.member_phone as member_p8_3_,
        member0_.member_pw as member_p9_3_ 
    from
        member member0_ 
    where
        member0_.member_email=?
2022-08-03 17:04:18.584 TRACE 28016 --- [    Test worker] o.h.type.descriptor.sql.BasicBinder      : binding parameter [1] as [VARCHAR] - [email3]
2022-08-03 17:04:18.594 DEBUG 28016 --- [    Test worker] org.hibernate.SQL                        : 
    insert 
    into
        member
        (member_address, member_birthday, member_email, member_gender, member_name, member_nickname, member_phone, member_pw) 
    values
        (?, ?, ?, ?, ?, ?, ?, ?)
2022-08-03 17:04:18.594 TRACE 28016 --- [    Test worker] o.h.type.descriptor.sql.BasicBinder      : binding parameter [1] as [VARCHAR] - [address]
2022-08-03 17:04:18.594 TRACE 28016 --- [    Test worker] o.h.type.descriptor.sql.BasicBinder      : binding parameter [2] as [VARCHAR] - [birthday]
2022-08-03 17:04:18.594 TRACE 28016 --- [    Test worker] o.h.type.descriptor.sql.BasicBinder      : binding parameter [3] as [VARCHAR] - [email3]
2022-08-03 17:04:18.594 TRACE 28016 --- [    Test worker] o.h.type.descriptor.sql.BasicBinder      : binding parameter [4] as [VARCHAR] - [gender]
2022-08-03 17:04:18.594 TRACE 28016 --- [    Test worker] o.h.type.descriptor.sql.BasicBinder      : binding parameter [5] as [VARCHAR] - [name]
2022-08-03 17:04:18.594 TRACE 28016 --- [    Test worker] o.h.type.descriptor.sql.BasicBinder      : binding parameter [6] as [VARCHAR] - [nickname]
2022-08-03 17:04:18.594 TRACE 28016 --- [    Test worker] o.h.type.descriptor.sql.BasicBinder      : binding parameter [7] as [VARCHAR] - [phone]
2022-08-03 17:04:18.594 TRACE 28016 --- [    Test worker] o.h.type.descriptor.sql.BasicBinder      : binding parameter [8] as [VARCHAR] - [pw]
2022-08-03 17:04:18.632  INFO 28016 --- [    Test worker] o.s.t.c.transaction.TransactionContext   : Rolled back transaction for test: [DefaultTestContext@230383a7 testClass = MemberServiceTest, testInstance = kakao.valuetogether.service.MemberServiceTest@3dab9366, testMethod = 회원가입성공@MemberServiceTest, testException = [null], mergedContextConfiguration = [WebMergedContextConfiguration@228c854f testClass = MemberServiceTest, locations = '{}', classes = '{class kakao.valuetogether.ValuetogetherApplication}', contextInitializerClasses = '[]', activeProfiles = '{}', propertySourceLocations = '{}', propertySourceProperties = '{org.springframework.boot.test.context.SpringBootTestContextBootstrapper=true}', contextCustomizers = set[org.springframework.boot.test.autoconfigure.actuate.metrics.MetricsExportContextCustomizerFactory$DisableMetricExportContextCustomizer@60dce7ea, org.springframework.boot.test.autoconfigure.properties.PropertyMappingContextCustomizer@0, org.springframework.boot.test.autoconfigure.web.servlet.WebDriverContextCustomizerFactory$Customizer@7a791b66, org.springframework.boot.test.context.filter.ExcludeFilterContextCustomizer@61884cb1, org.springframework.boot.test.json.DuplicateJsonObjectContextCustomizerFactory$DuplicateJsonObjectContextCustomizer@79da1ec0, org.springframework.boot.test.mock.mockito.MockitoContextCustomizer@0, org.springframework.boot.test.web.client.TestRestTemplateContextCustomizer@1e63ec0b, org.springframework.boot.test.context.SpringBootTestArgs@1, org.springframework.boot.test.context.SpringBootTestWebEnvironment@5f20155b], resourceBasePath = 'src/main/webapp', contextLoader = 'org.springframework.boot.test.context.SpringBootContextLoader', parent = [null]], attributes = map['org.springframework.test.context.web.ServletTestExecutionListener.activateListener' -> true, 'org.springframework.test.context.web.ServletTestExecutionListener.populatedRequestContextHolder' -> true, 'org.springframework.test.context.web.ServletTestExecutionListener.resetRequestContextHolder' -> true, 'org.springframework.test.context.event.ApplicationEventsTestExecutionListener.recordApplicationEvents' -> false]]
2022-08-03 17:04:18.644  INFO 28016 --- [    Test worker] o.s.t.c.transaction.TransactionContext   : Began transaction (1) for test context [DefaultTestContext@230383a7 testClass = MemberServiceTest, testInstance = kakao.valuetogether.service.MemberServiceTest@2a7ed9bd, testMethod = 회원가입예외@MemberServiceTest, testException = [null], mergedContextConfiguration = [WebMergedContextConfiguration@228c854f testClass = MemberServiceTest, locations = '{}', classes = '{class kakao.valuetogether.ValuetogetherApplication}', contextInitializerClasses = '[]', activeProfiles = '{}', propertySourceLocations = '{}', propertySourceProperties = '{org.springframework.boot.test.context.SpringBootTestContextBootstrapper=true}', contextCustomizers = set[org.springframework.boot.test.autoconfigure.actuate.metrics.MetricsExportContextCustomizerFactory$DisableMetricExportContextCustomizer@60dce7ea, org.springframework.boot.test.autoconfigure.properties.PropertyMappingContextCustomizer@0, org.springframework.boot.test.autoconfigure.web.servlet.WebDriverContextCustomizerFactory$Customizer@7a791b66, org.springframework.boot.test.context.filter.ExcludeFilterContextCustomizer@61884cb1, org.springframework.boot.test.json.DuplicateJsonObjectContextCustomizerFactory$DuplicateJsonObjectContextCustomizer@79da1ec0, org.springframework.boot.test.mock.mockito.MockitoContextCustomizer@0, org.springframework.boot.test.web.client.TestRestTemplateContextCustomizer@1e63ec0b, org.springframework.boot.test.context.SpringBootTestArgs@1, org.springframework.boot.test.context.SpringBootTestWebEnvironment@5f20155b], resourceBasePath = 'src/main/webapp', contextLoader = 'org.springframework.boot.test.context.SpringBootContextLoader', parent = [null]], attributes = map['org.springframework.test.context.web.ServletTestExecutionListener.activateListener' -> true, 'org.springframework.test.context.web.ServletTestExecutionListener.populatedRequestContextHolder' -> true, 'org.springframework.test.context.web.ServletTestExecutionListener.resetRequestContextHolder' -> true, 'org.springframework.test.context.event.ApplicationEventsTestExecutionListener.recordApplicationEvents' -> false]]; transaction manager [org.springframework.orm.jpa.JpaTransactionManager@7c1f3125]; rollback [true]
2022-08-03 17:04:18.646 DEBUG 28016 --- [    Test worker] org.hibernate.SQL                        : 
    insert 
    into
        member
        (member_address, member_birthday, member_email, member_gender, member_name, member_nickname, member_phone, member_pw) 
    values
        (?, ?, ?, ?, ?, ?, ?, ?)
2022-08-03 17:04:18.647 TRACE 28016 --- [    Test worker] o.h.type.descriptor.sql.BasicBinder      : binding parameter [1] as [VARCHAR] - [address]
2022-08-03 17:04:18.647 TRACE 28016 --- [    Test worker] o.h.type.descriptor.sql.BasicBinder      : binding parameter [2] as [VARCHAR] - [birthday]
2022-08-03 17:04:18.647 TRACE 28016 --- [    Test worker] o.h.type.descriptor.sql.BasicBinder      : binding parameter [3] as [VARCHAR] - [email4]
2022-08-03 17:04:18.647 TRACE 28016 --- [    Test worker] o.h.type.descriptor.sql.BasicBinder      : binding parameter [4] as [VARCHAR] - [gender]
2022-08-03 17:04:18.647 TRACE 28016 --- [    Test worker] o.h.type.descriptor.sql.BasicBinder      : binding parameter [5] as [VARCHAR] - [name]
2022-08-03 17:04:18.647 TRACE 28016 --- [    Test worker] o.h.type.descriptor.sql.BasicBinder      : binding parameter [6] as [VARCHAR] - [nickname]
2022-08-03 17:04:18.647 TRACE 28016 --- [    Test worker] o.h.type.descriptor.sql.BasicBinder      : binding parameter [7] as [VARCHAR] - [phone]
2022-08-03 17:04:18.647 TRACE 28016 --- [    Test worker] o.h.type.descriptor.sql.BasicBinder      : binding parameter [8] as [VARCHAR] - [pw]
2022-08-03 17:04:18.657 DEBUG 28016 --- [    Test worker] org.hibernate.SQL                        : 
    insert 
    into
        member
        (member_address, member_birthday, member_email, member_gender, member_name, member_nickname, member_phone, member_pw) 
    values
        (?, ?, ?, ?, ?, ?, ?, ?)
2022-08-03 17:04:18.658 TRACE 28016 --- [    Test worker] o.h.type.descriptor.sql.BasicBinder      : binding parameter [1] as [VARCHAR] - [address]
2022-08-03 17:04:18.658 TRACE 28016 --- [    Test worker] o.h.type.descriptor.sql.BasicBinder      : binding parameter [2] as [VARCHAR] - [birthday]
2022-08-03 17:04:18.658 TRACE 28016 --- [    Test worker] o.h.type.descriptor.sql.BasicBinder      : binding parameter [3] as [VARCHAR] - [email5]
2022-08-03 17:04:18.658 TRACE 28016 --- [    Test worker] o.h.type.descriptor.sql.BasicBinder      : binding parameter [4] as [VARCHAR] - [gender]
2022-08-03 17:04:18.658 TRACE 28016 --- [    Test worker] o.h.type.descriptor.sql.BasicBinder      : binding parameter [5] as [VARCHAR] - [name]
2022-08-03 17:04:18.658 TRACE 28016 --- [    Test worker] o.h.type.descriptor.sql.BasicBinder      : binding parameter [6] as [VARCHAR] - [nickname]
2022-08-03 17:04:18.658 TRACE 28016 --- [    Test worker] o.h.type.descriptor.sql.BasicBinder      : binding parameter [7] as [VARCHAR] - [phone]
2022-08-03 17:04:18.658 TRACE 28016 --- [    Test worker] o.h.type.descriptor.sql.BasicBinder      : binding parameter [8] as [VARCHAR] - [pw]
2022-08-03 17:04:18.668 DEBUG 28016 --- [    Test worker] org.hibernate.SQL                        : 
    select
        member0_.member_id as member_i1_3_,
        member0_.member_address as member_a2_3_,
        member0_.member_birthday as member_b3_3_,
        member0_.member_email as member_e4_3_,
        member0_.member_gender as member_g5_3_,
        member0_.member_name as member_n6_3_,
        member0_.member_nickname as member_n7_3_,
        member0_.member_phone as member_p8_3_,
        member0_.member_pw as member_p9_3_ 
    from
        member member0_ 
    where
        member0_.member_email=?
2022-08-03 17:04:18.668 TRACE 28016 --- [    Test worker] o.h.type.descriptor.sql.BasicBinder      : binding parameter [1] as [VARCHAR] - [email5]
2022-08-03 17:04:18.678 TRACE 28016 --- [    Test worker] o.h.type.descriptor.sql.BasicExtractor   : extracted value ([member_i1_3_] : [BIGINT]) - [1169]
2022-08-03 17:04:18.700  INFO 28016 --- [    Test worker] o.s.t.c.transaction.TransactionContext   : Rolled back transaction for test: [DefaultTestContext@230383a7 testClass = MemberServiceTest, testInstance = kakao.valuetogether.service.MemberServiceTest@2a7ed9bd, testMethod = 회원가입예외@MemberServiceTest, testException = [null], mergedContextConfiguration = [WebMergedContextConfiguration@228c854f testClass = MemberServiceTest, locations = '{}', classes = '{class kakao.valuetogether.ValuetogetherApplication}', contextInitializerClasses = '[]', activeProfiles = '{}', propertySourceLocations = '{}', propertySourceProperties = '{org.springframework.boot.test.context.SpringBootTestContextBootstrapper=true}', contextCustomizers = set[org.springframework.boot.test.autoconfigure.actuate.metrics.MetricsExportContextCustomizerFactory$DisableMetricExportContextCustomizer@60dce7ea, org.springframework.boot.test.autoconfigure.properties.PropertyMappingContextCustomizer@0, org.springframework.boot.test.autoconfigure.web.servlet.WebDriverContextCustomizerFactory$Customizer@7a791b66, org.springframework.boot.test.context.filter.ExcludeFilterContextCustomizer@61884cb1, org.springframework.boot.test.json.DuplicateJsonObjectContextCustomizerFactory$DuplicateJsonObjectContextCustomizer@79da1ec0, org.springframework.boot.test.mock.mockito.MockitoContextCustomizer@0, org.springframework.boot.test.web.client.TestRestTemplateContextCustomizer@1e63ec0b, org.springframework.boot.test.context.SpringBootTestArgs@1, org.springframework.boot.test.context.SpringBootTestWebEnvironment@5f20155b], resourceBasePath = 'src/main/webapp', contextLoader = 'org.springframework.boot.test.context.SpringBootContextLoader', parent = [null]], attributes = map['org.springframework.test.context.web.ServletTestExecutionListener.activateListener' -> true, 'org.springframework.test.context.web.ServletTestExecutionListener.populatedRequestContextHolder' -> true, 'org.springframework.test.context.web.ServletTestExecutionListener.resetRequestContextHolder' -> true, 'org.springframework.test.context.event.ApplicationEventsTestExecutionListener.recordApplicationEvents' -> false]]
2022-08-03 17:04:18.711  INFO 28016 --- [    Test worker] o.s.t.c.transaction.TransactionContext   : Began transaction (1) for test context [DefaultTestContext@230383a7 testClass = MemberServiceTest, testInstance = kakao.valuetogether.service.MemberServiceTest@47fe4c3e, testMethod = 회원탈퇴@MemberServiceTest, testException = [null], mergedContextConfiguration = [WebMergedContextConfiguration@228c854f testClass = MemberServiceTest, locations = '{}', classes = '{class kakao.valuetogether.ValuetogetherApplication}', contextInitializerClasses = '[]', activeProfiles = '{}', propertySourceLocations = '{}', propertySourceProperties = '{org.springframework.boot.test.context.SpringBootTestContextBootstrapper=true}', contextCustomizers = set[org.springframework.boot.test.autoconfigure.actuate.metrics.MetricsExportContextCustomizerFactory$DisableMetricExportContextCustomizer@60dce7ea, org.springframework.boot.test.autoconfigure.properties.PropertyMappingContextCustomizer@0, org.springframework.boot.test.autoconfigure.web.servlet.WebDriverContextCustomizerFactory$Customizer@7a791b66, org.springframework.boot.test.context.filter.ExcludeFilterContextCustomizer@61884cb1, org.springframework.boot.test.json.DuplicateJsonObjectContextCustomizerFactory$DuplicateJsonObjectContextCustomizer@79da1ec0, org.springframework.boot.test.mock.mockito.MockitoContextCustomizer@0, org.springframework.boot.test.web.client.TestRestTemplateContextCustomizer@1e63ec0b, org.springframework.boot.test.context.SpringBootTestArgs@1, org.springframework.boot.test.context.SpringBootTestWebEnvironment@5f20155b], resourceBasePath = 'src/main/webapp', contextLoader = 'org.springframework.boot.test.context.SpringBootContextLoader', parent = [null]], attributes = map['org.springframework.test.context.web.ServletTestExecutionListener.activateListener' -> true, 'org.springframework.test.context.web.ServletTestExecutionListener.populatedRequestContextHolder' -> true, 'org.springframework.test.context.web.ServletTestExecutionListener.resetRequestContextHolder' -> true, 'org.springframework.test.context.event.ApplicationEventsTestExecutionListener.recordApplicationEvents' -> false]]; transaction manager [org.springframework.orm.jpa.JpaTransactionManager@7c1f3125]; rollback [true]
2022-08-03 17:04:18.714 DEBUG 28016 --- [    Test worker] org.hibernate.SQL                        : 
    insert 
    into
        member
        (member_address, member_birthday, member_email, member_gender, member_name, member_nickname, member_phone, member_pw) 
    values
        (?, ?, ?, ?, ?, ?, ?, ?)
2022-08-03 17:04:18.715 TRACE 28016 --- [    Test worker] o.h.type.descriptor.sql.BasicBinder      : binding parameter [1] as [VARCHAR] - [address]
2022-08-03 17:04:18.715 TRACE 28016 --- [    Test worker] o.h.type.descriptor.sql.BasicBinder      : binding parameter [2] as [VARCHAR] - [birthday]
2022-08-03 17:04:18.715 TRACE 28016 --- [    Test worker] o.h.type.descriptor.sql.BasicBinder      : binding parameter [3] as [VARCHAR] - [email12]
2022-08-03 17:04:18.715 TRACE 28016 --- [    Test worker] o.h.type.descriptor.sql.BasicBinder      : binding parameter [4] as [VARCHAR] - [gender]
2022-08-03 17:04:18.715 TRACE 28016 --- [    Test worker] o.h.type.descriptor.sql.BasicBinder      : binding parameter [5] as [VARCHAR] - [name]
2022-08-03 17:04:18.715 TRACE 28016 --- [    Test worker] o.h.type.descriptor.sql.BasicBinder      : binding parameter [6] as [VARCHAR] - [nickname]
2022-08-03 17:04:18.715 TRACE 28016 --- [    Test worker] o.h.type.descriptor.sql.BasicBinder      : binding parameter [7] as [VARCHAR] - [phone]
2022-08-03 17:04:18.715 TRACE 28016 --- [    Test worker] o.h.type.descriptor.sql.BasicBinder      : binding parameter [8] as [VARCHAR] - [pw]
2022-08-03 17:04:18.724 DEBUG 28016 --- [    Test worker] org.hibernate.SQL                        : 
    insert 
    into
        member
        (member_address, member_birthday, member_email, member_gender, member_name, member_nickname, member_phone, member_pw) 
    values
        (?, ?, ?, ?, ?, ?, ?, ?)
2022-08-03 17:04:18.724 TRACE 28016 --- [    Test worker] o.h.type.descriptor.sql.BasicBinder      : binding parameter [1] as [VARCHAR] - [address]
2022-08-03 17:04:18.724 TRACE 28016 --- [    Test worker] o.h.type.descriptor.sql.BasicBinder      : binding parameter [2] as [VARCHAR] - [birthday]
2022-08-03 17:04:18.724 TRACE 28016 --- [    Test worker] o.h.type.descriptor.sql.BasicBinder      : binding parameter [3] as [VARCHAR] - [email13]
2022-08-03 17:04:18.724 TRACE 28016 --- [    Test worker] o.h.type.descriptor.sql.BasicBinder      : binding parameter [4] as [VARCHAR] - [gender]
2022-08-03 17:04:18.724 TRACE 28016 --- [    Test worker] o.h.type.descriptor.sql.BasicBinder      : binding parameter [5] as [VARCHAR] - [name]
2022-08-03 17:04:18.724 TRACE 28016 --- [    Test worker] o.h.type.descriptor.sql.BasicBinder      : binding parameter [6] as [VARCHAR] - [nickname]
2022-08-03 17:04:18.724 TRACE 28016 --- [    Test worker] o.h.type.descriptor.sql.BasicBinder      : binding parameter [7] as [VARCHAR] - [phone]
2022-08-03 17:04:18.724 TRACE 28016 --- [    Test worker] o.h.type.descriptor.sql.BasicBinder      : binding parameter [8] as [VARCHAR] - [pw]
2022-08-03 17:04:18.756  INFO 28016 --- [    Test worker] o.s.t.c.transaction.TransactionContext   : Rolled back transaction for test: [DefaultTestContext@230383a7 testClass = MemberServiceTest, testInstance = kakao.valuetogether.service.MemberServiceTest@47fe4c3e, testMethod = 회원탈퇴@MemberServiceTest, testException = [null], mergedContextConfiguration = [WebMergedContextConfiguration@228c854f testClass = MemberServiceTest, locations = '{}', classes = '{class kakao.valuetogether.ValuetogetherApplication}', contextInitializerClasses = '[]', activeProfiles = '{}', propertySourceLocations = '{}', propertySourceProperties = '{org.springframework.boot.test.context.SpringBootTestContextBootstrapper=true}', contextCustomizers = set[org.springframework.boot.test.autoconfigure.actuate.metrics.MetricsExportContextCustomizerFactory$DisableMetricExportContextCustomizer@60dce7ea, org.springframework.boot.test.autoconfigure.properties.PropertyMappingContextCustomizer@0, org.springframework.boot.test.autoconfigure.web.servlet.WebDriverContextCustomizerFactory$Customizer@7a791b66, org.springframework.boot.test.context.filter.ExcludeFilterContextCustomizer@61884cb1, org.springframework.boot.test.json.DuplicateJsonObjectContextCustomizerFactory$DuplicateJsonObjectContextCustomizer@79da1ec0, org.springframework.boot.test.mock.mockito.MockitoContextCustomizer@0, org.springframework.boot.test.web.client.TestRestTemplateContextCustomizer@1e63ec0b, org.springframework.boot.test.context.SpringBootTestArgs@1, org.springframework.boot.test.context.SpringBootTestWebEnvironment@5f20155b], resourceBasePath = 'src/main/webapp', contextLoader = 'org.springframework.boot.test.context.SpringBootContextLoader', parent = [null]], attributes = map['org.springframework.test.context.web.ServletTestExecutionListener.activateListener' -> true, 'org.springframework.test.context.web.ServletTestExecutionListener.populatedRequestContextHolder' -> true, 'org.springframework.test.context.web.ServletTestExecutionListener.resetRequestContextHolder' -> true, 'org.springframework.test.context.event.ApplicationEventsTestExecutionListener.recordApplicationEvents' -> false]]
]]></system-out>
  <system-err><![CDATA[]]></system-err>
</testsuite>
