<?xml version="1.0" encoding="UTF-8"?>
<testsuite name="kakao.valuetogether.service.CommentServiceTest" tests="5" skipped="0" failures="0" errors="0" timestamp="2022-08-03T05:16:15" hostname="DESKTOP-8DQF55R" time="0.819">
  <properties/>
  <testcase name="clickLike()" classname="kakao.valuetogether.service.CommentServiceTest" time="0.134"/>
  <testcase name="enroll()" classname="kakao.valuetogether.service.CommentServiceTest" time="0.173"/>
  <testcase name="remove()" classname="kakao.valuetogether.service.CommentServiceTest" time="0.202"/>
  <testcase name="edit()" classname="kakao.valuetogether.service.CommentServiceTest" time="0.182"/>
  <testcase name="disLike()" classname="kakao.valuetogether.service.CommentServiceTest" time="0.121"/>
  <system-out><![CDATA[2022-08-03 14:16:15.210  INFO 12640 --- [    Test worker] .b.t.c.SpringBootTestContextBootstrapper : Neither @ContextConfiguration nor @ContextHierarchy found for test class [kakao.valuetogether.service.CommentServiceTest], using SpringBootContextLoader
2022-08-03 14:16:15.211  INFO 12640 --- [    Test worker] o.s.t.c.support.AbstractContextLoader    : Could not detect default resource locations for test class [kakao.valuetogether.service.CommentServiceTest]: no resource found for suffixes {-context.xml, Context.groovy}.
2022-08-03 14:16:15.211  INFO 12640 --- [    Test worker] t.c.s.AnnotationConfigContextLoaderUtils : Could not detect default configuration classes for test class [kakao.valuetogether.service.CommentServiceTest]: CommentServiceTest does not declare any static, non-private, non-final, nested classes annotated with @Configuration.
2022-08-03 14:16:15.214  INFO 12640 --- [    Test worker] .b.t.c.SpringBootTestContextBootstrapper : Found @SpringBootConfiguration kakao.valuetogether.ValuetogetherApplication for test class kakao.valuetogether.service.CommentServiceTest
2022-08-03 14:16:15.218  INFO 12640 --- [    Test worker] .b.t.c.SpringBootTestContextBootstrapper : Loaded default TestExecutionListener class names from location [META-INF/spring.factories]: [org.springframework.boot.test.autoconfigure.restdocs.RestDocsTestExecutionListener, org.springframework.boot.test.autoconfigure.web.client.MockRestServiceServerResetTestExecutionListener, org.springframework.boot.test.autoconfigure.web.servlet.MockMvcPrintOnlyOnFailureTestExecutionListener, org.springframework.boot.test.autoconfigure.web.servlet.WebDriverTestExecutionListener, org.springframework.boot.test.autoconfigure.webservices.client.MockWebServiceServerTestExecutionListener, org.springframework.boot.test.mock.mockito.MockitoTestExecutionListener, org.springframework.boot.test.mock.mockito.ResetMocksTestExecutionListener, org.springframework.test.context.web.ServletTestExecutionListener, org.springframework.test.context.support.DirtiesContextBeforeModesTestExecutionListener, org.springframework.test.context.event.ApplicationEventsTestExecutionListener, org.springframework.test.context.support.DependencyInjectionTestExecutionListener, org.springframework.test.context.support.DirtiesContextTestExecutionListener, org.springframework.test.context.transaction.TransactionalTestExecutionListener, org.springframework.test.context.jdbc.SqlScriptsTestExecutionListener, org.springframework.test.context.event.EventPublishingTestExecutionListener]
2022-08-03 14:16:15.219  INFO 12640 --- [    Test worker] .b.t.c.SpringBootTestContextBootstrapper : Using TestExecutionListeners: [org.springframework.test.context.web.ServletTestExecutionListener@79cfc008, org.springframework.test.context.support.DirtiesContextBeforeModesTestExecutionListener@1ea482b4, org.springframework.test.context.event.ApplicationEventsTestExecutionListener@3470c771, org.springframework.boot.test.mock.mockito.MockitoTestExecutionListener@7d2ccd7f, org.springframework.boot.test.autoconfigure.SpringBootDependencyInjectionTestExecutionListener@7ae49d52, org.springframework.test.context.support.DirtiesContextTestExecutionListener@40ef1198, org.springframework.test.context.transaction.TransactionalTestExecutionListener@72161dbb, org.springframework.test.context.jdbc.SqlScriptsTestExecutionListener@69ca71b3, org.springframework.test.context.event.EventPublishingTestExecutionListener@371a7fd5, org.springframework.boot.test.autoconfigure.restdocs.RestDocsTestExecutionListener@f41db7f, org.springframework.boot.test.autoconfigure.web.client.MockRestServiceServerResetTestExecutionListener@4df8f4e9, org.springframework.boot.test.autoconfigure.web.servlet.MockMvcPrintOnlyOnFailureTestExecutionListener@7785430c, org.springframework.boot.test.autoconfigure.web.servlet.WebDriverTestExecutionListener@13056efe, org.springframework.boot.test.autoconfigure.webservices.client.MockWebServiceServerTestExecutionListener@121ec5c2, org.springframework.boot.test.mock.mockito.ResetMocksTestExecutionListener@184b24d4]
2022-08-03 14:16:15.256  INFO 12640 --- [    Test worker] o.s.t.c.transaction.TransactionContext   : Began transaction (1) for test context [DefaultTestContext@2a6b6f4 testClass = CommentServiceTest, testInstance = kakao.valuetogether.service.CommentServiceTest@11636d43, testMethod = clickLike@CommentServiceTest, testException = [null], mergedContextConfiguration = [WebMergedContextConfiguration@753b6846 testClass = CommentServiceTest, locations = '{}', classes = '{class kakao.valuetogether.ValuetogetherApplication}', contextInitializerClasses = '[]', activeProfiles = '{}', propertySourceLocations = '{}', propertySourceProperties = '{org.springframework.boot.test.context.SpringBootTestContextBootstrapper=true}', contextCustomizers = set[org.springframework.boot.test.autoconfigure.actuate.metrics.MetricsExportContextCustomizerFactory$DisableMetricExportContextCustomizer@60dce7ea, org.springframework.boot.test.autoconfigure.properties.PropertyMappingContextCustomizer@0, org.springframework.boot.test.autoconfigure.web.servlet.WebDriverContextCustomizerFactory$Customizer@7a791b66, org.springframework.boot.test.context.filter.ExcludeFilterContextCustomizer@61884cb1, org.springframework.boot.test.json.DuplicateJsonObjectContextCustomizerFactory$DuplicateJsonObjectContextCustomizer@79da1ec0, org.springframework.boot.test.mock.mockito.MockitoContextCustomizer@0, org.springframework.boot.test.web.client.TestRestTemplateContextCustomizer@1e63ec0b, org.springframework.boot.test.context.SpringBootTestArgs@1, org.springframework.boot.test.context.SpringBootTestWebEnvironment@5f20155b], resourceBasePath = 'src/main/webapp', contextLoader = 'org.springframework.boot.test.context.SpringBootContextLoader', parent = [null]], attributes = map['org.springframework.test.context.web.ServletTestExecutionListener.activateListener' -> true, 'org.springframework.test.context.web.ServletTestExecutionListener.populatedRequestContextHolder' -> true, 'org.springframework.test.context.web.ServletTestExecutionListener.resetRequestContextHolder' -> true, 'org.springframework.test.context.event.ApplicationEventsTestExecutionListener.recordApplicationEvents' -> false]]; transaction manager [org.springframework.orm.jpa.JpaTransactionManager@52ec5ba6]; rollback [true]
2022-08-03 14:16:15.258 DEBUG 12640 --- [    Test worker] org.hibernate.SQL                        : 
    insert 
    into
        member
        (member_address, member_birthday, member_email, member_gender, member_name, member_nickname, member_phone, member_pw) 
    values
        (?, ?, ?, ?, ?, ?, ?, ?)
2022-08-03 14:16:15.259 TRACE 12640 --- [    Test worker] o.h.type.descriptor.sql.BasicBinder      : binding parameter [1] as [VARCHAR] - [asdfasd]
2022-08-03 14:16:15.259 TRACE 12640 --- [    Test worker] o.h.type.descriptor.sql.BasicBinder      : binding parameter [2] as [VARCHAR] - [asdf]
2022-08-03 14:16:15.259 TRACE 12640 --- [    Test worker] o.h.type.descriptor.sql.BasicBinder      : binding parameter [3] as [VARCHAR] - [email]
2022-08-03 14:16:15.259 TRACE 12640 --- [    Test worker] o.h.type.descriptor.sql.BasicBinder      : binding parameter [4] as [VARCHAR] - [asdf]
2022-08-03 14:16:15.259 TRACE 12640 --- [    Test worker] o.h.type.descriptor.sql.BasicBinder      : binding parameter [5] as [VARCHAR] - [name]
2022-08-03 14:16:15.259 TRACE 12640 --- [    Test worker] o.h.type.descriptor.sql.BasicBinder      : binding parameter [6] as [VARCHAR] - [asfsa]
2022-08-03 14:16:15.260 TRACE 12640 --- [    Test worker] o.h.type.descriptor.sql.BasicBinder      : binding parameter [7] as [VARCHAR] - [111]
2022-08-03 14:16:15.260 TRACE 12640 --- [    Test worker] o.h.type.descriptor.sql.BasicBinder      : binding parameter [8] as [VARCHAR] - [pw]
2022-08-03 14:16:15.273 DEBUG 12640 --- [    Test worker] org.hibernate.SQL                        : 
    insert 
    into
        post
        (article, end_date, image, is_confirm, member_id, start_date, sub_title, target, target_amount, title, topic) 
    values
        (?, ?, ?, ?, ?, ?, ?, ?, ?, ?, ?)
2022-08-03 14:16:15.274 TRACE 12640 --- [    Test worker] o.h.type.descriptor.sql.BasicBinder      : binding parameter [1] as [VARCHAR] - [article]
2022-08-03 14:16:15.274 TRACE 12640 --- [    Test worker] o.h.type.descriptor.sql.BasicBinder      : binding parameter [2] as [TIMESTAMP] - [Tue Aug 01 00:00:00 KST 1922]
2022-08-03 14:16:15.274 TRACE 12640 --- [    Test worker] o.h.type.descriptor.sql.BasicBinder      : binding parameter [3] as [VARCHAR] - [static/image]
2022-08-03 14:16:15.274 TRACE 12640 --- [    Test worker] o.h.type.descriptor.sql.BasicBinder      : binding parameter [4] as [BOOLEAN] - [false]
2022-08-03 14:16:15.274 TRACE 12640 --- [    Test worker] o.h.type.descriptor.sql.BasicBinder      : binding parameter [5] as [BIGINT] - [678]
2022-08-03 14:16:15.274 TRACE 12640 --- [    Test worker] o.h.type.descriptor.sql.BasicBinder      : binding parameter [6] as [TIMESTAMP] - [Sun Aug 01 00:00:00 KST 1920]
2022-08-03 14:16:15.275 TRACE 12640 --- [    Test worker] o.h.type.descriptor.sql.BasicBinder      : binding parameter [7] as [VARCHAR] - [subtitle]
2022-08-03 14:16:15.275 TRACE 12640 --- [    Test worker] o.h.type.descriptor.sql.BasicBinder      : binding parameter [8] as [VARCHAR] - [아동ㅣ청소년]
2022-08-03 14:16:15.275 TRACE 12640 --- [    Test worker] o.h.type.descriptor.sql.BasicBinder      : binding parameter [9] as [INTEGER] - [100000]
2022-08-03 14:16:15.275 TRACE 12640 --- [    Test worker] o.h.type.descriptor.sql.BasicBinder      : binding parameter [10] as [VARCHAR] - [title]
2022-08-03 14:16:15.275 TRACE 12640 --- [    Test worker] o.h.type.descriptor.sql.BasicBinder      : binding parameter [11] as [VARCHAR] - [건강한삶]
2022-08-03 14:16:15.287 DEBUG 12640 --- [    Test worker] org.hibernate.SQL                        : 
    insert 
    into
        comment
        (content, date, likes, member_id, post_id) 
    values
        (?, ?, ?, ?, ?)
2022-08-03 14:16:15.288 TRACE 12640 --- [    Test worker] o.h.type.descriptor.sql.BasicBinder      : binding parameter [1] as [VARCHAR] - [content]
2022-08-03 14:16:15.288 TRACE 12640 --- [    Test worker] o.h.type.descriptor.sql.BasicBinder      : binding parameter [2] as [TIMESTAMP] - [2022-08-03 14:16:15.2866231]
2022-08-03 14:16:15.288 TRACE 12640 --- [    Test worker] o.h.type.descriptor.sql.BasicBinder      : binding parameter [3] as [INTEGER] - [0]
2022-08-03 14:16:15.288 TRACE 12640 --- [    Test worker] o.h.type.descriptor.sql.BasicBinder      : binding parameter [4] as [BIGINT] - [678]
2022-08-03 14:16:15.288 TRACE 12640 --- [    Test worker] o.h.type.descriptor.sql.BasicBinder      : binding parameter [5] as [BIGINT] - [544]
2022-08-03 14:16:15.359  INFO 12640 --- [    Test worker] o.s.t.c.transaction.TransactionContext   : Rolled back transaction for test: [DefaultTestContext@2a6b6f4 testClass = CommentServiceTest, testInstance = kakao.valuetogether.service.CommentServiceTest@11636d43, testMethod = clickLike@CommentServiceTest, testException = [null], mergedContextConfiguration = [WebMergedContextConfiguration@753b6846 testClass = CommentServiceTest, locations = '{}', classes = '{class kakao.valuetogether.ValuetogetherApplication}', contextInitializerClasses = '[]', activeProfiles = '{}', propertySourceLocations = '{}', propertySourceProperties = '{org.springframework.boot.test.context.SpringBootTestContextBootstrapper=true}', contextCustomizers = set[org.springframework.boot.test.autoconfigure.actuate.metrics.MetricsExportContextCustomizerFactory$DisableMetricExportContextCustomizer@60dce7ea, org.springframework.boot.test.autoconfigure.properties.PropertyMappingContextCustomizer@0, org.springframework.boot.test.autoconfigure.web.servlet.WebDriverContextCustomizerFactory$Customizer@7a791b66, org.springframework.boot.test.context.filter.ExcludeFilterContextCustomizer@61884cb1, org.springframework.boot.test.json.DuplicateJsonObjectContextCustomizerFactory$DuplicateJsonObjectContextCustomizer@79da1ec0, org.springframework.boot.test.mock.mockito.MockitoContextCustomizer@0, org.springframework.boot.test.web.client.TestRestTemplateContextCustomizer@1e63ec0b, org.springframework.boot.test.context.SpringBootTestArgs@1, org.springframework.boot.test.context.SpringBootTestWebEnvironment@5f20155b], resourceBasePath = 'src/main/webapp', contextLoader = 'org.springframework.boot.test.context.SpringBootContextLoader', parent = [null]], attributes = map['org.springframework.test.context.web.ServletTestExecutionListener.activateListener' -> true, 'org.springframework.test.context.web.ServletTestExecutionListener.populatedRequestContextHolder' -> true, 'org.springframework.test.context.web.ServletTestExecutionListener.resetRequestContextHolder' -> true, 'org.springframework.test.context.event.ApplicationEventsTestExecutionListener.recordApplicationEvents' -> false]]
2022-08-03 14:16:15.418  INFO 12640 --- [    Test worker] o.s.t.c.transaction.TransactionContext   : Began transaction (1) for test context [DefaultTestContext@2a6b6f4 testClass = CommentServiceTest, testInstance = kakao.valuetogether.service.CommentServiceTest@620ba2b0, testMethod = enroll@CommentServiceTest, testException = [null], mergedContextConfiguration = [WebMergedContextConfiguration@753b6846 testClass = CommentServiceTest, locations = '{}', classes = '{class kakao.valuetogether.ValuetogetherApplication}', contextInitializerClasses = '[]', activeProfiles = '{}', propertySourceLocations = '{}', propertySourceProperties = '{org.springframework.boot.test.context.SpringBootTestContextBootstrapper=true}', contextCustomizers = set[org.springframework.boot.test.autoconfigure.actuate.metrics.MetricsExportContextCustomizerFactory$DisableMetricExportContextCustomizer@60dce7ea, org.springframework.boot.test.autoconfigure.properties.PropertyMappingContextCustomizer@0, org.springframework.boot.test.autoconfigure.web.servlet.WebDriverContextCustomizerFactory$Customizer@7a791b66, org.springframework.boot.test.context.filter.ExcludeFilterContextCustomizer@61884cb1, org.springframework.boot.test.json.DuplicateJsonObjectContextCustomizerFactory$DuplicateJsonObjectContextCustomizer@79da1ec0, org.springframework.boot.test.mock.mockito.MockitoContextCustomizer@0, org.springframework.boot.test.web.client.TestRestTemplateContextCustomizer@1e63ec0b, org.springframework.boot.test.context.SpringBootTestArgs@1, org.springframework.boot.test.context.SpringBootTestWebEnvironment@5f20155b], resourceBasePath = 'src/main/webapp', contextLoader = 'org.springframework.boot.test.context.SpringBootContextLoader', parent = [null]], attributes = map['org.springframework.test.context.web.ServletTestExecutionListener.activateListener' -> true, 'org.springframework.test.context.web.ServletTestExecutionListener.populatedRequestContextHolder' -> true, 'org.springframework.test.context.web.ServletTestExecutionListener.resetRequestContextHolder' -> true, 'org.springframework.test.context.event.ApplicationEventsTestExecutionListener.recordApplicationEvents' -> false]]; transaction manager [org.springframework.orm.jpa.JpaTransactionManager@52ec5ba6]; rollback [true]
2022-08-03 14:16:15.420 DEBUG 12640 --- [    Test worker] org.hibernate.SQL                        : 
    insert 
    into
        member
        (member_address, member_birthday, member_email, member_gender, member_name, member_nickname, member_phone, member_pw) 
    values
        (?, ?, ?, ?, ?, ?, ?, ?)
2022-08-03 14:16:15.421 TRACE 12640 --- [    Test worker] o.h.type.descriptor.sql.BasicBinder      : binding parameter [1] as [VARCHAR] - [asdfasd]
2022-08-03 14:16:15.421 TRACE 12640 --- [    Test worker] o.h.type.descriptor.sql.BasicBinder      : binding parameter [2] as [VARCHAR] - [asdf]
2022-08-03 14:16:15.421 TRACE 12640 --- [    Test worker] o.h.type.descriptor.sql.BasicBinder      : binding parameter [3] as [VARCHAR] - [email]
2022-08-03 14:16:15.421 TRACE 12640 --- [    Test worker] o.h.type.descriptor.sql.BasicBinder      : binding parameter [4] as [VARCHAR] - [asdf]
2022-08-03 14:16:15.421 TRACE 12640 --- [    Test worker] o.h.type.descriptor.sql.BasicBinder      : binding parameter [5] as [VARCHAR] - [name]
2022-08-03 14:16:15.421 TRACE 12640 --- [    Test worker] o.h.type.descriptor.sql.BasicBinder      : binding parameter [6] as [VARCHAR] - [asfsa]
2022-08-03 14:16:15.421 TRACE 12640 --- [    Test worker] o.h.type.descriptor.sql.BasicBinder      : binding parameter [7] as [VARCHAR] - [111]
2022-08-03 14:16:15.421 TRACE 12640 --- [    Test worker] o.h.type.descriptor.sql.BasicBinder      : binding parameter [8] as [VARCHAR] - [pw]
2022-08-03 14:16:15.434 DEBUG 12640 --- [    Test worker] org.hibernate.SQL                        : 
    insert 
    into
        post
        (article, end_date, image, is_confirm, member_id, start_date, sub_title, target, target_amount, title, topic) 
    values
        (?, ?, ?, ?, ?, ?, ?, ?, ?, ?, ?)
2022-08-03 14:16:15.435 TRACE 12640 --- [    Test worker] o.h.type.descriptor.sql.BasicBinder      : binding parameter [1] as [VARCHAR] - [article]
2022-08-03 14:16:15.435 TRACE 12640 --- [    Test worker] o.h.type.descriptor.sql.BasicBinder      : binding parameter [2] as [TIMESTAMP] - [Tue Aug 01 00:00:00 KST 1922]
2022-08-03 14:16:15.435 TRACE 12640 --- [    Test worker] o.h.type.descriptor.sql.BasicBinder      : binding parameter [3] as [VARCHAR] - [static/image]
2022-08-03 14:16:15.435 TRACE 12640 --- [    Test worker] o.h.type.descriptor.sql.BasicBinder      : binding parameter [4] as [BOOLEAN] - [false]
2022-08-03 14:16:15.435 TRACE 12640 --- [    Test worker] o.h.type.descriptor.sql.BasicBinder      : binding parameter [5] as [BIGINT] - [679]
2022-08-03 14:16:15.436 TRACE 12640 --- [    Test worker] o.h.type.descriptor.sql.BasicBinder      : binding parameter [6] as [TIMESTAMP] - [Sun Aug 01 00:00:00 KST 1920]
2022-08-03 14:16:15.436 TRACE 12640 --- [    Test worker] o.h.type.descriptor.sql.BasicBinder      : binding parameter [7] as [VARCHAR] - [subtitle]
2022-08-03 14:16:15.436 TRACE 12640 --- [    Test worker] o.h.type.descriptor.sql.BasicBinder      : binding parameter [8] as [VARCHAR] - [아동ㅣ청소년]
2022-08-03 14:16:15.436 TRACE 12640 --- [    Test worker] o.h.type.descriptor.sql.BasicBinder      : binding parameter [9] as [INTEGER] - [100000]
2022-08-03 14:16:15.436 TRACE 12640 --- [    Test worker] o.h.type.descriptor.sql.BasicBinder      : binding parameter [10] as [VARCHAR] - [title]
2022-08-03 14:16:15.436 TRACE 12640 --- [    Test worker] o.h.type.descriptor.sql.BasicBinder      : binding parameter [11] as [VARCHAR] - [건강한삶]
2022-08-03 14:16:15.447 DEBUG 12640 --- [    Test worker] org.hibernate.SQL                        : 
    insert 
    into
        comment
        (content, date, likes, member_id, post_id) 
    values
        (?, ?, ?, ?, ?)
2022-08-03 14:16:15.448 TRACE 12640 --- [    Test worker] o.h.type.descriptor.sql.BasicBinder      : binding parameter [1] as [VARCHAR] - [content]
2022-08-03 14:16:15.448 TRACE 12640 --- [    Test worker] o.h.type.descriptor.sql.BasicBinder      : binding parameter [2] as [TIMESTAMP] - [2022-08-03 14:16:15.4471775]
2022-08-03 14:16:15.448 TRACE 12640 --- [    Test worker] o.h.type.descriptor.sql.BasicBinder      : binding parameter [3] as [INTEGER] - [0]
2022-08-03 14:16:15.448 TRACE 12640 --- [    Test worker] o.h.type.descriptor.sql.BasicBinder      : binding parameter [4] as [BIGINT] - [679]
2022-08-03 14:16:15.448 TRACE 12640 --- [    Test worker] o.h.type.descriptor.sql.BasicBinder      : binding parameter [5] as [BIGINT] - [545]
2022-08-03 14:16:15.534  INFO 12640 --- [    Test worker] o.s.t.c.transaction.TransactionContext   : Rolled back transaction for test: [DefaultTestContext@2a6b6f4 testClass = CommentServiceTest, testInstance = kakao.valuetogether.service.CommentServiceTest@620ba2b0, testMethod = enroll@CommentServiceTest, testException = [null], mergedContextConfiguration = [WebMergedContextConfiguration@753b6846 testClass = CommentServiceTest, locations = '{}', classes = '{class kakao.valuetogether.ValuetogetherApplication}', contextInitializerClasses = '[]', activeProfiles = '{}', propertySourceLocations = '{}', propertySourceProperties = '{org.springframework.boot.test.context.SpringBootTestContextBootstrapper=true}', contextCustomizers = set[org.springframework.boot.test.autoconfigure.actuate.metrics.MetricsExportContextCustomizerFactory$DisableMetricExportContextCustomizer@60dce7ea, org.springframework.boot.test.autoconfigure.properties.PropertyMappingContextCustomizer@0, org.springframework.boot.test.autoconfigure.web.servlet.WebDriverContextCustomizerFactory$Customizer@7a791b66, org.springframework.boot.test.context.filter.ExcludeFilterContextCustomizer@61884cb1, org.springframework.boot.test.json.DuplicateJsonObjectContextCustomizerFactory$DuplicateJsonObjectContextCustomizer@79da1ec0, org.springframework.boot.test.mock.mockito.MockitoContextCustomizer@0, org.springframework.boot.test.web.client.TestRestTemplateContextCustomizer@1e63ec0b, org.springframework.boot.test.context.SpringBootTestArgs@1, org.springframework.boot.test.context.SpringBootTestWebEnvironment@5f20155b], resourceBasePath = 'src/main/webapp', contextLoader = 'org.springframework.boot.test.context.SpringBootContextLoader', parent = [null]], attributes = map['org.springframework.test.context.web.ServletTestExecutionListener.activateListener' -> true, 'org.springframework.test.context.web.ServletTestExecutionListener.populatedRequestContextHolder' -> true, 'org.springframework.test.context.web.ServletTestExecutionListener.resetRequestContextHolder' -> true, 'org.springframework.test.context.event.ApplicationEventsTestExecutionListener.recordApplicationEvents' -> false]]
2022-08-03 14:16:15.585  INFO 12640 --- [    Test worker] o.s.t.c.transaction.TransactionContext   : Began transaction (1) for test context [DefaultTestContext@2a6b6f4 testClass = CommentServiceTest, testInstance = kakao.valuetogether.service.CommentServiceTest@62e55482, testMethod = remove@CommentServiceTest, testException = [null], mergedContextConfiguration = [WebMergedContextConfiguration@753b6846 testClass = CommentServiceTest, locations = '{}', classes = '{class kakao.valuetogether.ValuetogetherApplication}', contextInitializerClasses = '[]', activeProfiles = '{}', propertySourceLocations = '{}', propertySourceProperties = '{org.springframework.boot.test.context.SpringBootTestContextBootstrapper=true}', contextCustomizers = set[org.springframework.boot.test.autoconfigure.actuate.metrics.MetricsExportContextCustomizerFactory$DisableMetricExportContextCustomizer@60dce7ea, org.springframework.boot.test.autoconfigure.properties.PropertyMappingContextCustomizer@0, org.springframework.boot.test.autoconfigure.web.servlet.WebDriverContextCustomizerFactory$Customizer@7a791b66, org.springframework.boot.test.context.filter.ExcludeFilterContextCustomizer@61884cb1, org.springframework.boot.test.json.DuplicateJsonObjectContextCustomizerFactory$DuplicateJsonObjectContextCustomizer@79da1ec0, org.springframework.boot.test.mock.mockito.MockitoContextCustomizer@0, org.springframework.boot.test.web.client.TestRestTemplateContextCustomizer@1e63ec0b, org.springframework.boot.test.context.SpringBootTestArgs@1, org.springframework.boot.test.context.SpringBootTestWebEnvironment@5f20155b], resourceBasePath = 'src/main/webapp', contextLoader = 'org.springframework.boot.test.context.SpringBootContextLoader', parent = [null]], attributes = map['org.springframework.test.context.web.ServletTestExecutionListener.activateListener' -> true, 'org.springframework.test.context.web.ServletTestExecutionListener.populatedRequestContextHolder' -> true, 'org.springframework.test.context.web.ServletTestExecutionListener.resetRequestContextHolder' -> true, 'org.springframework.test.context.event.ApplicationEventsTestExecutionListener.recordApplicationEvents' -> false]]; transaction manager [org.springframework.orm.jpa.JpaTransactionManager@52ec5ba6]; rollback [true]
2022-08-03 14:16:15.587 DEBUG 12640 --- [    Test worker] org.hibernate.SQL                        : 
    insert 
    into
        member
        (member_address, member_birthday, member_email, member_gender, member_name, member_nickname, member_phone, member_pw) 
    values
        (?, ?, ?, ?, ?, ?, ?, ?)
2022-08-03 14:16:15.587 TRACE 12640 --- [    Test worker] o.h.type.descriptor.sql.BasicBinder      : binding parameter [1] as [VARCHAR] - [asdfasd]
2022-08-03 14:16:15.587 TRACE 12640 --- [    Test worker] o.h.type.descriptor.sql.BasicBinder      : binding parameter [2] as [VARCHAR] - [asdf]
2022-08-03 14:16:15.587 TRACE 12640 --- [    Test worker] o.h.type.descriptor.sql.BasicBinder      : binding parameter [3] as [VARCHAR] - [email]
2022-08-03 14:16:15.587 TRACE 12640 --- [    Test worker] o.h.type.descriptor.sql.BasicBinder      : binding parameter [4] as [VARCHAR] - [asdf]
2022-08-03 14:16:15.587 TRACE 12640 --- [    Test worker] o.h.type.descriptor.sql.BasicBinder      : binding parameter [5] as [VARCHAR] - [name]
2022-08-03 14:16:15.587 TRACE 12640 --- [    Test worker] o.h.type.descriptor.sql.BasicBinder      : binding parameter [6] as [VARCHAR] - [asfsa]
2022-08-03 14:16:15.588 TRACE 12640 --- [    Test worker] o.h.type.descriptor.sql.BasicBinder      : binding parameter [7] as [VARCHAR] - [111]
2022-08-03 14:16:15.588 TRACE 12640 --- [    Test worker] o.h.type.descriptor.sql.BasicBinder      : binding parameter [8] as [VARCHAR] - [pw]
2022-08-03 14:16:15.600 DEBUG 12640 --- [    Test worker] org.hibernate.SQL                        : 
    insert 
    into
        post
        (article, end_date, image, is_confirm, member_id, start_date, sub_title, target, target_amount, title, topic) 
    values
        (?, ?, ?, ?, ?, ?, ?, ?, ?, ?, ?)
2022-08-03 14:16:15.601 TRACE 12640 --- [    Test worker] o.h.type.descriptor.sql.BasicBinder      : binding parameter [1] as [VARCHAR] - [article]
2022-08-03 14:16:15.601 TRACE 12640 --- [    Test worker] o.h.type.descriptor.sql.BasicBinder      : binding parameter [2] as [TIMESTAMP] - [Tue Aug 01 00:00:00 KST 1922]
2022-08-03 14:16:15.601 TRACE 12640 --- [    Test worker] o.h.type.descriptor.sql.BasicBinder      : binding parameter [3] as [VARCHAR] - [static/image]
2022-08-03 14:16:15.601 TRACE 12640 --- [    Test worker] o.h.type.descriptor.sql.BasicBinder      : binding parameter [4] as [BOOLEAN] - [false]
2022-08-03 14:16:15.601 TRACE 12640 --- [    Test worker] o.h.type.descriptor.sql.BasicBinder      : binding parameter [5] as [BIGINT] - [680]
2022-08-03 14:16:15.601 TRACE 12640 --- [    Test worker] o.h.type.descriptor.sql.BasicBinder      : binding parameter [6] as [TIMESTAMP] - [Sun Aug 01 00:00:00 KST 1920]
2022-08-03 14:16:15.602 TRACE 12640 --- [    Test worker] o.h.type.descriptor.sql.BasicBinder      : binding parameter [7] as [VARCHAR] - [subtitle]
2022-08-03 14:16:15.602 TRACE 12640 --- [    Test worker] o.h.type.descriptor.sql.BasicBinder      : binding parameter [8] as [VARCHAR] - [아동ㅣ청소년]
2022-08-03 14:16:15.602 TRACE 12640 --- [    Test worker] o.h.type.descriptor.sql.BasicBinder      : binding parameter [9] as [INTEGER] - [100000]
2022-08-03 14:16:15.602 TRACE 12640 --- [    Test worker] o.h.type.descriptor.sql.BasicBinder      : binding parameter [10] as [VARCHAR] - [title]
2022-08-03 14:16:15.602 TRACE 12640 --- [    Test worker] o.h.type.descriptor.sql.BasicBinder      : binding parameter [11] as [VARCHAR] - [건강한삶]
2022-08-03 14:16:15.614 DEBUG 12640 --- [    Test worker] org.hibernate.SQL                        : 
    insert 
    into
        comment
        (content, date, likes, member_id, post_id) 
    values
        (?, ?, ?, ?, ?)
2022-08-03 14:16:15.614 TRACE 12640 --- [    Test worker] o.h.type.descriptor.sql.BasicBinder      : binding parameter [1] as [VARCHAR] - [content]
2022-08-03 14:16:15.614 TRACE 12640 --- [    Test worker] o.h.type.descriptor.sql.BasicBinder      : binding parameter [2] as [TIMESTAMP] - [2022-08-03 14:16:15.6130701]
2022-08-03 14:16:15.615 TRACE 12640 --- [    Test worker] o.h.type.descriptor.sql.BasicBinder      : binding parameter [3] as [INTEGER] - [0]
2022-08-03 14:16:15.615 TRACE 12640 --- [    Test worker] o.h.type.descriptor.sql.BasicBinder      : binding parameter [4] as [BIGINT] - [680]
2022-08-03 14:16:15.615 TRACE 12640 --- [    Test worker] o.h.type.descriptor.sql.BasicBinder      : binding parameter [5] as [BIGINT] - [546]
2022-08-03 14:16:15.739  INFO 12640 --- [    Test worker] o.s.t.c.transaction.TransactionContext   : Rolled back transaction for test: [DefaultTestContext@2a6b6f4 testClass = CommentServiceTest, testInstance = kakao.valuetogether.service.CommentServiceTest@62e55482, testMethod = remove@CommentServiceTest, testException = [null], mergedContextConfiguration = [WebMergedContextConfiguration@753b6846 testClass = CommentServiceTest, locations = '{}', classes = '{class kakao.valuetogether.ValuetogetherApplication}', contextInitializerClasses = '[]', activeProfiles = '{}', propertySourceLocations = '{}', propertySourceProperties = '{org.springframework.boot.test.context.SpringBootTestContextBootstrapper=true}', contextCustomizers = set[org.springframework.boot.test.autoconfigure.actuate.metrics.MetricsExportContextCustomizerFactory$DisableMetricExportContextCustomizer@60dce7ea, org.springframework.boot.test.autoconfigure.properties.PropertyMappingContextCustomizer@0, org.springframework.boot.test.autoconfigure.web.servlet.WebDriverContextCustomizerFactory$Customizer@7a791b66, org.springframework.boot.test.context.filter.ExcludeFilterContextCustomizer@61884cb1, org.springframework.boot.test.json.DuplicateJsonObjectContextCustomizerFactory$DuplicateJsonObjectContextCustomizer@79da1ec0, org.springframework.boot.test.mock.mockito.MockitoContextCustomizer@0, org.springframework.boot.test.web.client.TestRestTemplateContextCustomizer@1e63ec0b, org.springframework.boot.test.context.SpringBootTestArgs@1, org.springframework.boot.test.context.SpringBootTestWebEnvironment@5f20155b], resourceBasePath = 'src/main/webapp', contextLoader = 'org.springframework.boot.test.context.SpringBootContextLoader', parent = [null]], attributes = map['org.springframework.test.context.web.ServletTestExecutionListener.activateListener' -> true, 'org.springframework.test.context.web.ServletTestExecutionListener.populatedRequestContextHolder' -> true, 'org.springframework.test.context.web.ServletTestExecutionListener.resetRequestContextHolder' -> true, 'org.springframework.test.context.event.ApplicationEventsTestExecutionListener.recordApplicationEvents' -> false]]
2022-08-03 14:16:15.792  INFO 12640 --- [    Test worker] o.s.t.c.transaction.TransactionContext   : Began transaction (1) for test context [DefaultTestContext@2a6b6f4 testClass = CommentServiceTest, testInstance = kakao.valuetogether.service.CommentServiceTest@47b5c247, testMethod = edit@CommentServiceTest, testException = [null], mergedContextConfiguration = [WebMergedContextConfiguration@753b6846 testClass = CommentServiceTest, locations = '{}', classes = '{class kakao.valuetogether.ValuetogetherApplication}', contextInitializerClasses = '[]', activeProfiles = '{}', propertySourceLocations = '{}', propertySourceProperties = '{org.springframework.boot.test.context.SpringBootTestContextBootstrapper=true}', contextCustomizers = set[org.springframework.boot.test.autoconfigure.actuate.metrics.MetricsExportContextCustomizerFactory$DisableMetricExportContextCustomizer@60dce7ea, org.springframework.boot.test.autoconfigure.properties.PropertyMappingContextCustomizer@0, org.springframework.boot.test.autoconfigure.web.servlet.WebDriverContextCustomizerFactory$Customizer@7a791b66, org.springframework.boot.test.context.filter.ExcludeFilterContextCustomizer@61884cb1, org.springframework.boot.test.json.DuplicateJsonObjectContextCustomizerFactory$DuplicateJsonObjectContextCustomizer@79da1ec0, org.springframework.boot.test.mock.mockito.MockitoContextCustomizer@0, org.springframework.boot.test.web.client.TestRestTemplateContextCustomizer@1e63ec0b, org.springframework.boot.test.context.SpringBootTestArgs@1, org.springframework.boot.test.context.SpringBootTestWebEnvironment@5f20155b], resourceBasePath = 'src/main/webapp', contextLoader = 'org.springframework.boot.test.context.SpringBootContextLoader', parent = [null]], attributes = map['org.springframework.test.context.web.ServletTestExecutionListener.activateListener' -> true, 'org.springframework.test.context.web.ServletTestExecutionListener.populatedRequestContextHolder' -> true, 'org.springframework.test.context.web.ServletTestExecutionListener.resetRequestContextHolder' -> true, 'org.springframework.test.context.event.ApplicationEventsTestExecutionListener.recordApplicationEvents' -> false]]; transaction manager [org.springframework.orm.jpa.JpaTransactionManager@52ec5ba6]; rollback [true]
2022-08-03 14:16:15.795 DEBUG 12640 --- [    Test worker] org.hibernate.SQL                        : 
    insert 
    into
        member
        (member_address, member_birthday, member_email, member_gender, member_name, member_nickname, member_phone, member_pw) 
    values
        (?, ?, ?, ?, ?, ?, ?, ?)
2022-08-03 14:16:15.795 TRACE 12640 --- [    Test worker] o.h.type.descriptor.sql.BasicBinder      : binding parameter [1] as [VARCHAR] - [asdfasd]
2022-08-03 14:16:15.795 TRACE 12640 --- [    Test worker] o.h.type.descriptor.sql.BasicBinder      : binding parameter [2] as [VARCHAR] - [asdf]
2022-08-03 14:16:15.796 TRACE 12640 --- [    Test worker] o.h.type.descriptor.sql.BasicBinder      : binding parameter [3] as [VARCHAR] - [email]
2022-08-03 14:16:15.796 TRACE 12640 --- [    Test worker] o.h.type.descriptor.sql.BasicBinder      : binding parameter [4] as [VARCHAR] - [asdf]
2022-08-03 14:16:15.796 TRACE 12640 --- [    Test worker] o.h.type.descriptor.sql.BasicBinder      : binding parameter [5] as [VARCHAR] - [name]
2022-08-03 14:16:15.796 TRACE 12640 --- [    Test worker] o.h.type.descriptor.sql.BasicBinder      : binding parameter [6] as [VARCHAR] - [asfsa]
2022-08-03 14:16:15.796 TRACE 12640 --- [    Test worker] o.h.type.descriptor.sql.BasicBinder      : binding parameter [7] as [VARCHAR] - [111]
2022-08-03 14:16:15.796 TRACE 12640 --- [    Test worker] o.h.type.descriptor.sql.BasicBinder      : binding parameter [8] as [VARCHAR] - [pw]
2022-08-03 14:16:15.809 DEBUG 12640 --- [    Test worker] org.hibernate.SQL                        : 
    insert 
    into
        post
        (article, end_date, image, is_confirm, member_id, start_date, sub_title, target, target_amount, title, topic) 
    values
        (?, ?, ?, ?, ?, ?, ?, ?, ?, ?, ?)
2022-08-03 14:16:15.810 TRACE 12640 --- [    Test worker] o.h.type.descriptor.sql.BasicBinder      : binding parameter [1] as [VARCHAR] - [article]
2022-08-03 14:16:15.810 TRACE 12640 --- [    Test worker] o.h.type.descriptor.sql.BasicBinder      : binding parameter [2] as [TIMESTAMP] - [Tue Aug 01 00:00:00 KST 1922]
2022-08-03 14:16:15.810 TRACE 12640 --- [    Test worker] o.h.type.descriptor.sql.BasicBinder      : binding parameter [3] as [VARCHAR] - [static/image]
2022-08-03 14:16:15.810 TRACE 12640 --- [    Test worker] o.h.type.descriptor.sql.BasicBinder      : binding parameter [4] as [BOOLEAN] - [false]
2022-08-03 14:16:15.810 TRACE 12640 --- [    Test worker] o.h.type.descriptor.sql.BasicBinder      : binding parameter [5] as [BIGINT] - [681]
2022-08-03 14:16:15.810 TRACE 12640 --- [    Test worker] o.h.type.descriptor.sql.BasicBinder      : binding parameter [6] as [TIMESTAMP] - [Sun Aug 01 00:00:00 KST 1920]
2022-08-03 14:16:15.810 TRACE 12640 --- [    Test worker] o.h.type.descriptor.sql.BasicBinder      : binding parameter [7] as [VARCHAR] - [subtitle]
2022-08-03 14:16:15.810 TRACE 12640 --- [    Test worker] o.h.type.descriptor.sql.BasicBinder      : binding parameter [8] as [VARCHAR] - [아동ㅣ청소년]
2022-08-03 14:16:15.810 TRACE 12640 --- [    Test worker] o.h.type.descriptor.sql.BasicBinder      : binding parameter [9] as [INTEGER] - [100000]
2022-08-03 14:16:15.810 TRACE 12640 --- [    Test worker] o.h.type.descriptor.sql.BasicBinder      : binding parameter [10] as [VARCHAR] - [title]
2022-08-03 14:16:15.810 TRACE 12640 --- [    Test worker] o.h.type.descriptor.sql.BasicBinder      : binding parameter [11] as [VARCHAR] - [건강한삶]
2022-08-03 14:16:15.822 DEBUG 12640 --- [    Test worker] org.hibernate.SQL                        : 
    insert 
    into
        comment
        (content, date, likes, member_id, post_id) 
    values
        (?, ?, ?, ?, ?)
2022-08-03 14:16:15.823 TRACE 12640 --- [    Test worker] o.h.type.descriptor.sql.BasicBinder      : binding parameter [1] as [VARCHAR] - [content]
2022-08-03 14:16:15.824 TRACE 12640 --- [    Test worker] o.h.type.descriptor.sql.BasicBinder      : binding parameter [2] as [TIMESTAMP] - [2022-08-03 14:16:15.8219437]
2022-08-03 14:16:15.824 TRACE 12640 --- [    Test worker] o.h.type.descriptor.sql.BasicBinder      : binding parameter [3] as [INTEGER] - [0]
2022-08-03 14:16:15.824 TRACE 12640 --- [    Test worker] o.h.type.descriptor.sql.BasicBinder      : binding parameter [4] as [BIGINT] - [681]
2022-08-03 14:16:15.824 TRACE 12640 --- [    Test worker] o.h.type.descriptor.sql.BasicBinder      : binding parameter [5] as [BIGINT] - [547]
2022-08-03 14:16:15.921  INFO 12640 --- [    Test worker] o.s.t.c.transaction.TransactionContext   : Rolled back transaction for test: [DefaultTestContext@2a6b6f4 testClass = CommentServiceTest, testInstance = kakao.valuetogether.service.CommentServiceTest@47b5c247, testMethod = edit@CommentServiceTest, testException = [null], mergedContextConfiguration = [WebMergedContextConfiguration@753b6846 testClass = CommentServiceTest, locations = '{}', classes = '{class kakao.valuetogether.ValuetogetherApplication}', contextInitializerClasses = '[]', activeProfiles = '{}', propertySourceLocations = '{}', propertySourceProperties = '{org.springframework.boot.test.context.SpringBootTestContextBootstrapper=true}', contextCustomizers = set[org.springframework.boot.test.autoconfigure.actuate.metrics.MetricsExportContextCustomizerFactory$DisableMetricExportContextCustomizer@60dce7ea, org.springframework.boot.test.autoconfigure.properties.PropertyMappingContextCustomizer@0, org.springframework.boot.test.autoconfigure.web.servlet.WebDriverContextCustomizerFactory$Customizer@7a791b66, org.springframework.boot.test.context.filter.ExcludeFilterContextCustomizer@61884cb1, org.springframework.boot.test.json.DuplicateJsonObjectContextCustomizerFactory$DuplicateJsonObjectContextCustomizer@79da1ec0, org.springframework.boot.test.mock.mockito.MockitoContextCustomizer@0, org.springframework.boot.test.web.client.TestRestTemplateContextCustomizer@1e63ec0b, org.springframework.boot.test.context.SpringBootTestArgs@1, org.springframework.boot.test.context.SpringBootTestWebEnvironment@5f20155b], resourceBasePath = 'src/main/webapp', contextLoader = 'org.springframework.boot.test.context.SpringBootContextLoader', parent = [null]], attributes = map['org.springframework.test.context.web.ServletTestExecutionListener.activateListener' -> true, 'org.springframework.test.context.web.ServletTestExecutionListener.populatedRequestContextHolder' -> true, 'org.springframework.test.context.web.ServletTestExecutionListener.resetRequestContextHolder' -> true, 'org.springframework.test.context.event.ApplicationEventsTestExecutionListener.recordApplicationEvents' -> false]]
2022-08-03 14:16:15.954  INFO 12640 --- [    Test worker] o.s.t.c.transaction.TransactionContext   : Began transaction (1) for test context [DefaultTestContext@2a6b6f4 testClass = CommentServiceTest, testInstance = kakao.valuetogether.service.CommentServiceTest@20834c45, testMethod = disLike@CommentServiceTest, testException = [null], mergedContextConfiguration = [WebMergedContextConfiguration@753b6846 testClass = CommentServiceTest, locations = '{}', classes = '{class kakao.valuetogether.ValuetogetherApplication}', contextInitializerClasses = '[]', activeProfiles = '{}', propertySourceLocations = '{}', propertySourceProperties = '{org.springframework.boot.test.context.SpringBootTestContextBootstrapper=true}', contextCustomizers = set[org.springframework.boot.test.autoconfigure.actuate.metrics.MetricsExportContextCustomizerFactory$DisableMetricExportContextCustomizer@60dce7ea, org.springframework.boot.test.autoconfigure.properties.PropertyMappingContextCustomizer@0, org.springframework.boot.test.autoconfigure.web.servlet.WebDriverContextCustomizerFactory$Customizer@7a791b66, org.springframework.boot.test.context.filter.ExcludeFilterContextCustomizer@61884cb1, org.springframework.boot.test.json.DuplicateJsonObjectContextCustomizerFactory$DuplicateJsonObjectContextCustomizer@79da1ec0, org.springframework.boot.test.mock.mockito.MockitoContextCustomizer@0, org.springframework.boot.test.web.client.TestRestTemplateContextCustomizer@1e63ec0b, org.springframework.boot.test.context.SpringBootTestArgs@1, org.springframework.boot.test.context.SpringBootTestWebEnvironment@5f20155b], resourceBasePath = 'src/main/webapp', contextLoader = 'org.springframework.boot.test.context.SpringBootContextLoader', parent = [null]], attributes = map['org.springframework.test.context.web.ServletTestExecutionListener.activateListener' -> true, 'org.springframework.test.context.web.ServletTestExecutionListener.populatedRequestContextHolder' -> true, 'org.springframework.test.context.web.ServletTestExecutionListener.resetRequestContextHolder' -> true, 'org.springframework.test.context.event.ApplicationEventsTestExecutionListener.recordApplicationEvents' -> false]]; transaction manager [org.springframework.orm.jpa.JpaTransactionManager@52ec5ba6]; rollback [true]
2022-08-03 14:16:15.956 DEBUG 12640 --- [    Test worker] org.hibernate.SQL                        : 
    insert 
    into
        member
        (member_address, member_birthday, member_email, member_gender, member_name, member_nickname, member_phone, member_pw) 
    values
        (?, ?, ?, ?, ?, ?, ?, ?)
2022-08-03 14:16:15.957 TRACE 12640 --- [    Test worker] o.h.type.descriptor.sql.BasicBinder      : binding parameter [1] as [VARCHAR] - [asdfasd]
2022-08-03 14:16:15.957 TRACE 12640 --- [    Test worker] o.h.type.descriptor.sql.BasicBinder      : binding parameter [2] as [VARCHAR] - [asdf]
2022-08-03 14:16:15.957 TRACE 12640 --- [    Test worker] o.h.type.descriptor.sql.BasicBinder      : binding parameter [3] as [VARCHAR] - [email]
2022-08-03 14:16:15.957 TRACE 12640 --- [    Test worker] o.h.type.descriptor.sql.BasicBinder      : binding parameter [4] as [VARCHAR] - [asdf]
2022-08-03 14:16:15.957 TRACE 12640 --- [    Test worker] o.h.type.descriptor.sql.BasicBinder      : binding parameter [5] as [VARCHAR] - [name]
2022-08-03 14:16:15.957 TRACE 12640 --- [    Test worker] o.h.type.descriptor.sql.BasicBinder      : binding parameter [6] as [VARCHAR] - [asfsa]
2022-08-03 14:16:15.957 TRACE 12640 --- [    Test worker] o.h.type.descriptor.sql.BasicBinder      : binding parameter [7] as [VARCHAR] - [111]
2022-08-03 14:16:15.957 TRACE 12640 --- [    Test worker] o.h.type.descriptor.sql.BasicBinder      : binding parameter [8] as [VARCHAR] - [pw]
2022-08-03 14:16:15.968 DEBUG 12640 --- [    Test worker] org.hibernate.SQL                        : 
    insert 
    into
        post
        (article, end_date, image, is_confirm, member_id, start_date, sub_title, target, target_amount, title, topic) 
    values
        (?, ?, ?, ?, ?, ?, ?, ?, ?, ?, ?)
2022-08-03 14:16:15.969 TRACE 12640 --- [    Test worker] o.h.type.descriptor.sql.BasicBinder      : binding parameter [1] as [VARCHAR] - [article]
2022-08-03 14:16:15.969 TRACE 12640 --- [    Test worker] o.h.type.descriptor.sql.BasicBinder      : binding parameter [2] as [TIMESTAMP] - [Tue Aug 01 00:00:00 KST 1922]
2022-08-03 14:16:15.969 TRACE 12640 --- [    Test worker] o.h.type.descriptor.sql.BasicBinder      : binding parameter [3] as [VARCHAR] - [static/image]
2022-08-03 14:16:15.969 TRACE 12640 --- [    Test worker] o.h.type.descriptor.sql.BasicBinder      : binding parameter [4] as [BOOLEAN] - [false]
2022-08-03 14:16:15.969 TRACE 12640 --- [    Test worker] o.h.type.descriptor.sql.BasicBinder      : binding parameter [5] as [BIGINT] - [682]
2022-08-03 14:16:15.969 TRACE 12640 --- [    Test worker] o.h.type.descriptor.sql.BasicBinder      : binding parameter [6] as [TIMESTAMP] - [Sun Aug 01 00:00:00 KST 1920]
2022-08-03 14:16:15.969 TRACE 12640 --- [    Test worker] o.h.type.descriptor.sql.BasicBinder      : binding parameter [7] as [VARCHAR] - [subtitle]
2022-08-03 14:16:15.969 TRACE 12640 --- [    Test worker] o.h.type.descriptor.sql.BasicBinder      : binding parameter [8] as [VARCHAR] - [아동ㅣ청소년]
2022-08-03 14:16:15.969 TRACE 12640 --- [    Test worker] o.h.type.descriptor.sql.BasicBinder      : binding parameter [9] as [INTEGER] - [100000]
2022-08-03 14:16:15.969 TRACE 12640 --- [    Test worker] o.h.type.descriptor.sql.BasicBinder      : binding parameter [10] as [VARCHAR] - [title]
2022-08-03 14:16:15.969 TRACE 12640 --- [    Test worker] o.h.type.descriptor.sql.BasicBinder      : binding parameter [11] as [VARCHAR] - [건강한삶]
2022-08-03 14:16:15.981 DEBUG 12640 --- [    Test worker] org.hibernate.SQL                        : 
    insert 
    into
        comment
        (content, date, likes, member_id, post_id) 
    values
        (?, ?, ?, ?, ?)
2022-08-03 14:16:15.982 TRACE 12640 --- [    Test worker] o.h.type.descriptor.sql.BasicBinder      : binding parameter [1] as [VARCHAR] - [content]
2022-08-03 14:16:15.982 TRACE 12640 --- [    Test worker] o.h.type.descriptor.sql.BasicBinder      : binding parameter [2] as [TIMESTAMP] - [2022-08-03 14:16:15.9811398]
2022-08-03 14:16:15.982 TRACE 12640 --- [    Test worker] o.h.type.descriptor.sql.BasicBinder      : binding parameter [3] as [INTEGER] - [0]
2022-08-03 14:16:15.982 TRACE 12640 --- [    Test worker] o.h.type.descriptor.sql.BasicBinder      : binding parameter [4] as [BIGINT] - [682]
2022-08-03 14:16:15.982 TRACE 12640 --- [    Test worker] o.h.type.descriptor.sql.BasicBinder      : binding parameter [5] as [BIGINT] - [548]
2022-08-03 14:16:16.043  INFO 12640 --- [    Test worker] o.s.t.c.transaction.TransactionContext   : Rolled back transaction for test: [DefaultTestContext@2a6b6f4 testClass = CommentServiceTest, testInstance = kakao.valuetogether.service.CommentServiceTest@20834c45, testMethod = disLike@CommentServiceTest, testException = [null], mergedContextConfiguration = [WebMergedContextConfiguration@753b6846 testClass = CommentServiceTest, locations = '{}', classes = '{class kakao.valuetogether.ValuetogetherApplication}', contextInitializerClasses = '[]', activeProfiles = '{}', propertySourceLocations = '{}', propertySourceProperties = '{org.springframework.boot.test.context.SpringBootTestContextBootstrapper=true}', contextCustomizers = set[org.springframework.boot.test.autoconfigure.actuate.metrics.MetricsExportContextCustomizerFactory$DisableMetricExportContextCustomizer@60dce7ea, org.springframework.boot.test.autoconfigure.properties.PropertyMappingContextCustomizer@0, org.springframework.boot.test.autoconfigure.web.servlet.WebDriverContextCustomizerFactory$Customizer@7a791b66, org.springframework.boot.test.context.filter.ExcludeFilterContextCustomizer@61884cb1, org.springframework.boot.test.json.DuplicateJsonObjectContextCustomizerFactory$DuplicateJsonObjectContextCustomizer@79da1ec0, org.springframework.boot.test.mock.mockito.MockitoContextCustomizer@0, org.springframework.boot.test.web.client.TestRestTemplateContextCustomizer@1e63ec0b, org.springframework.boot.test.context.SpringBootTestArgs@1, org.springframework.boot.test.context.SpringBootTestWebEnvironment@5f20155b], resourceBasePath = 'src/main/webapp', contextLoader = 'org.springframework.boot.test.context.SpringBootContextLoader', parent = [null]], attributes = map['org.springframework.test.context.web.ServletTestExecutionListener.activateListener' -> true, 'org.springframework.test.context.web.ServletTestExecutionListener.populatedRequestContextHolder' -> true, 'org.springframework.test.context.web.ServletTestExecutionListener.resetRequestContextHolder' -> true, 'org.springframework.test.context.event.ApplicationEventsTestExecutionListener.recordApplicationEvents' -> false]]
]]></system-out>
  <system-err><![CDATA[]]></system-err>
</testsuite>
