<?xml version="1.0" encoding="UTF-8"?>
<testsuite name="kakao.valuetogether.ValuetogetherApplicationTests" tests="1" skipped="0" failures="0" errors="0" timestamp="2022-08-03T05:29:49" hostname="DESKTOP-8DQF55R" time="0.466">
  <properties/>
  <testcase name="test()" classname="kakao.valuetogether.ValuetogetherApplicationTests" time="0.466"/>
  <system-out><![CDATA[14:29:38.697 [Test worker] DEBUG org.springframework.test.context.BootstrapUtils - Instantiating CacheAwareContextLoaderDelegate from class [org.springframework.test.context.cache.DefaultCacheAwareContextLoaderDelegate]
14:29:38.698 [Test worker] DEBUG org.springframework.test.context.BootstrapUtils - Instantiating BootstrapContext using constructor [public org.springframework.test.context.support.DefaultBootstrapContext(java.lang.Class,org.springframework.test.context.CacheAwareContextLoaderDelegate)]
14:29:38.699 [Test worker] DEBUG org.springframework.test.context.BootstrapUtils - Instantiating TestContextBootstrapper for test class [kakao.valuetogether.ValuetogetherApplicationTests] from class [org.springframework.boot.test.context.SpringBootTestContextBootstrapper]
14:29:38.700 [Test worker] INFO org.springframework.boot.test.context.SpringBootTestContextBootstrapper - Neither @ContextConfiguration nor @ContextHierarchy found for test class [kakao.valuetogether.ValuetogetherApplicationTests], using SpringBootContextLoader
14:29:38.701 [Test worker] DEBUG org.springframework.test.context.support.AbstractContextLoader - Did not detect default resource location for test class [kakao.valuetogether.ValuetogetherApplicationTests]: class path resource [kakao/valuetogether/ValuetogetherApplicationTests-context.xml] does not exist
14:29:38.702 [Test worker] DEBUG org.springframework.test.context.support.AbstractContextLoader - Did not detect default resource location for test class [kakao.valuetogether.ValuetogetherApplicationTests]: class path resource [kakao/valuetogether/ValuetogetherApplicationTestsContext.groovy] does not exist
14:29:38.702 [Test worker] INFO org.springframework.test.context.support.AbstractContextLoader - Could not detect default resource locations for test class [kakao.valuetogether.ValuetogetherApplicationTests]: no resource found for suffixes {-context.xml, Context.groovy}.
14:29:38.702 [Test worker] INFO org.springframework.test.context.support.AnnotationConfigContextLoaderUtils - Could not detect default configuration classes for test class [kakao.valuetogether.ValuetogetherApplicationTests]: ValuetogetherApplicationTests does not declare any static, non-private, non-final, nested classes annotated with @Configuration.
14:29:38.705 [Test worker] DEBUG org.springframework.test.context.support.ActiveProfilesUtils - Could not find an 'annotation declaring class' for annotation type [org.springframework.test.context.ActiveProfiles] and class [kakao.valuetogether.ValuetogetherApplicationTests]
14:29:38.711 [Test worker] DEBUG org.springframework.context.annotation.ClassPathScanningCandidateComponentProvider - Identified candidate component class: file [C:\Users\kimdongho\Desktop\spring-back\valuetogether\valuetogether\valuetogether\build\classes\java\main\kakao\valuetogether\ValuetogetherApplication.class]
14:29:38.711 [Test worker] INFO org.springframework.boot.test.context.SpringBootTestContextBootstrapper - Found @SpringBootConfiguration kakao.valuetogether.ValuetogetherApplication for test class kakao.valuetogether.ValuetogetherApplicationTests
14:29:38.714 [Test worker] DEBUG org.springframework.boot.test.context.SpringBootTestContextBootstrapper - @TestExecutionListeners is not present for class [kakao.valuetogether.ValuetogetherApplicationTests]: using defaults.
14:29:38.715 [Test worker] INFO org.springframework.boot.test.context.SpringBootTestContextBootstrapper - Loaded default TestExecutionListener class names from location [META-INF/spring.factories]: [org.springframework.boot.test.autoconfigure.restdocs.RestDocsTestExecutionListener, org.springframework.boot.test.autoconfigure.web.client.MockRestServiceServerResetTestExecutionListener, org.springframework.boot.test.autoconfigure.web.servlet.MockMvcPrintOnlyOnFailureTestExecutionListener, org.springframework.boot.test.autoconfigure.web.servlet.WebDriverTestExecutionListener, org.springframework.boot.test.autoconfigure.webservices.client.MockWebServiceServerTestExecutionListener, org.springframework.boot.test.mock.mockito.MockitoTestExecutionListener, org.springframework.boot.test.mock.mockito.ResetMocksTestExecutionListener, org.springframework.test.context.web.ServletTestExecutionListener, org.springframework.test.context.support.DirtiesContextBeforeModesTestExecutionListener, org.springframework.test.context.event.ApplicationEventsTestExecutionListener, org.springframework.test.context.support.DependencyInjectionTestExecutionListener, org.springframework.test.context.support.DirtiesContextTestExecutionListener, org.springframework.test.context.transaction.TransactionalTestExecutionListener, org.springframework.test.context.jdbc.SqlScriptsTestExecutionListener, org.springframework.test.context.event.EventPublishingTestExecutionListener]
14:29:38.715 [Test worker] INFO org.springframework.boot.test.context.SpringBootTestContextBootstrapper - Using TestExecutionListeners: [org.springframework.test.context.web.ServletTestExecutionListener@4564e94b, org.springframework.test.context.support.DirtiesContextBeforeModesTestExecutionListener@54534abf, org.springframework.test.context.event.ApplicationEventsTestExecutionListener@51745f40, org.springframework.boot.test.mock.mockito.MockitoTestExecutionListener@45673f68, org.springframework.boot.test.autoconfigure.SpringBootDependencyInjectionTestExecutionListener@27abb83e, org.springframework.test.context.support.DirtiesContextTestExecutionListener@69e308c6, org.springframework.test.context.transaction.TransactionalTestExecutionListener@1a1ed4e5, org.springframework.test.context.jdbc.SqlScriptsTestExecutionListener@667e34b1, org.springframework.test.context.event.EventPublishingTestExecutionListener@1c6e0a08, org.springframework.boot.test.autoconfigure.restdocs.RestDocsTestExecutionListener@6dba847b, org.springframework.boot.test.autoconfigure.web.client.MockRestServiceServerResetTestExecutionListener@1efdcd5, org.springframework.boot.test.autoconfigure.web.servlet.MockMvcPrintOnlyOnFailureTestExecutionListener@1623bbe5, org.springframework.boot.test.autoconfigure.web.servlet.WebDriverTestExecutionListener@7af1cd63, org.springframework.boot.test.autoconfigure.webservices.client.MockWebServiceServerTestExecutionListener@4351171a, org.springframework.boot.test.mock.mockito.ResetMocksTestExecutionListener@3c2772d1]
14:29:38.721 [Test worker] DEBUG org.springframework.test.context.support.AbstractDirtiesContextTestExecutionListener - Before test class: context [DefaultTestContext@5a5c128 testClass = ValuetogetherApplicationTests, testInstance = [null], testMethod = [null], testException = [null], mergedContextConfiguration = [WebMergedContextConfiguration@73eb8672 testClass = ValuetogetherApplicationTests, locations = '{}', classes = '{class kakao.valuetogether.ValuetogetherApplication}', contextInitializerClasses = '[]', activeProfiles = '{}', propertySourceLocations = '{}', propertySourceProperties = '{org.springframework.boot.test.context.SpringBootTestContextBootstrapper=true}', contextCustomizers = set[org.springframework.boot.test.autoconfigure.actuate.metrics.MetricsExportContextCustomizerFactory$DisableMetricExportContextCustomizer@60dce7ea, org.springframework.boot.test.autoconfigure.properties.PropertyMappingContextCustomizer@0, org.springframework.boot.test.autoconfigure.web.servlet.WebDriverContextCustomizerFactory$Customizer@7a791b66, org.springframework.boot.test.context.filter.ExcludeFilterContextCustomizer@61884cb1, org.springframework.boot.test.json.DuplicateJsonObjectContextCustomizerFactory$DuplicateJsonObjectContextCustomizer@79da1ec0, org.springframework.boot.test.mock.mockito.MockitoContextCustomizer@0, org.springframework.boot.test.web.client.TestRestTemplateContextCustomizer@1e63ec0b, org.springframework.boot.test.context.SpringBootTestArgs@1, org.springframework.boot.test.context.SpringBootTestWebEnvironment@5f20155b], resourceBasePath = 'src/main/webapp', contextLoader = 'org.springframework.boot.test.context.SpringBootContextLoader', parent = [null]], attributes = map['org.springframework.test.context.web.ServletTestExecutionListener.activateListener' -> true]], class annotated with @DirtiesContext [false] with mode [null].

  .   ____          _            __ _ _
 /\\ / ___'_ __ _ _(_)_ __  __ _ \ \ \ \
( ( )\___ | '_ | '_| | '_ \/ _` | \ \ \ \
 \\/  ___)| |_)| | | | | || (_| |  ) ) ) )
  '  |____| .__|_| |_|_| |_\__, | / / / /
 =========|_|==============|___/=/_/_/_/
 :: Spring Boot ::                (v2.7.1)

2022-08-03 14:29:39.548  INFO 27340 --- [    Test worker] k.v.ValuetogetherApplicationTests        : Starting ValuetogetherApplicationTests using Java 11.0.15 on DESKTOP-8DQF55R with PID 27340 (started by kimdongho in C:\Users\kimdongho\Desktop\spring-back\valuetogether\valuetogether\valuetogether)
2022-08-03 14:29:39.550  INFO 27340 --- [    Test worker] k.v.ValuetogetherApplicationTests        : The following 1 profile is active: "aws"
2022-08-03 14:29:41.030  INFO 27340 --- [    Test worker] .s.d.r.c.RepositoryConfigurationDelegate : Bootstrapping Spring Data JPA repositories in DEFAULT mode.
2022-08-03 14:29:41.082  INFO 27340 --- [    Test worker] .s.d.r.c.RepositoryConfigurationDelegate : Finished Spring Data repository scanning in 31 ms. Found 0 JPA repository interfaces.
2022-08-03 14:29:41.580  INFO 27340 --- [    Test worker] trationDelegate$BeanPostProcessorChecker : Bean 'credentialsProvider' of type [com.amazonaws.auth.AWSCredentialsProviderChain] is not eligible for getting processed by all BeanPostProcessors (for example: not eligible for auto-proxying)
2022-08-03 14:29:42.194  INFO 27340 --- [    Test worker] o.hibernate.jpa.internal.util.LogHelper  : HHH000204: Processing PersistenceUnitInfo [name: default]
2022-08-03 14:29:42.297  INFO 27340 --- [    Test worker] org.hibernate.Version                    : HHH000412: Hibernate ORM core version 5.6.9.Final
2022-08-03 14:29:42.702  INFO 27340 --- [    Test worker] o.hibernate.annotations.common.Version   : HCANN000001: Hibernate Commons Annotations {5.1.2.Final}
2022-08-03 14:29:42.845 DEBUG 27340 --- [    Test worker] org.hibernate.type.BasicTypeRegistry     : Adding type registration boolean -> org.hibernate.type.BooleanType@2bb717d7
2022-08-03 14:29:42.846 DEBUG 27340 --- [    Test worker] org.hibernate.type.BasicTypeRegistry     : Adding type registration boolean -> org.hibernate.type.BooleanType@2bb717d7
2022-08-03 14:29:42.846 DEBUG 27340 --- [    Test worker] org.hibernate.type.BasicTypeRegistry     : Adding type registration java.lang.Boolean -> org.hibernate.type.BooleanType@2bb717d7
2022-08-03 14:29:42.850 DEBUG 27340 --- [    Test worker] org.hibernate.type.BasicTypeRegistry     : Adding type registration numeric_boolean -> org.hibernate.type.NumericBooleanType@22b82ddf
2022-08-03 14:29:42.851 DEBUG 27340 --- [    Test worker] org.hibernate.type.BasicTypeRegistry     : Adding type registration true_false -> org.hibernate.type.TrueFalseType@2120bed
2022-08-03 14:29:42.853 DEBUG 27340 --- [    Test worker] org.hibernate.type.BasicTypeRegistry     : Adding type registration yes_no -> org.hibernate.type.YesNoType@3f3c8b60
2022-08-03 14:29:42.856 DEBUG 27340 --- [    Test worker] org.hibernate.type.BasicTypeRegistry     : Adding type registration byte -> org.hibernate.type.ByteType@37d0d373
2022-08-03 14:29:42.857 DEBUG 27340 --- [    Test worker] org.hibernate.type.BasicTypeRegistry     : Adding type registration byte -> org.hibernate.type.ByteType@37d0d373
2022-08-03 14:29:42.857 DEBUG 27340 --- [    Test worker] org.hibernate.type.BasicTypeRegistry     : Adding type registration java.lang.Byte -> org.hibernate.type.ByteType@37d0d373
2022-08-03 14:29:42.860 DEBUG 27340 --- [    Test worker] org.hibernate.type.BasicTypeRegistry     : Adding type registration character -> org.hibernate.type.CharacterType@4adf3582
2022-08-03 14:29:42.860 DEBUG 27340 --- [    Test worker] org.hibernate.type.BasicTypeRegistry     : Adding type registration char -> org.hibernate.type.CharacterType@4adf3582
2022-08-03 14:29:42.861 DEBUG 27340 --- [    Test worker] org.hibernate.type.BasicTypeRegistry     : Adding type registration java.lang.Character -> org.hibernate.type.CharacterType@4adf3582
2022-08-03 14:29:42.865 DEBUG 27340 --- [    Test worker] org.hibernate.type.BasicTypeRegistry     : Adding type registration short -> org.hibernate.type.ShortType@6df791a4
2022-08-03 14:29:42.865 DEBUG 27340 --- [    Test worker] org.hibernate.type.BasicTypeRegistry     : Adding type registration short -> org.hibernate.type.ShortType@6df791a4
2022-08-03 14:29:42.865 DEBUG 27340 --- [    Test worker] org.hibernate.type.BasicTypeRegistry     : Adding type registration java.lang.Short -> org.hibernate.type.ShortType@6df791a4
2022-08-03 14:29:42.868 DEBUG 27340 --- [    Test worker] org.hibernate.type.BasicTypeRegistry     : Adding type registration integer -> org.hibernate.type.IntegerType@589dfa6f
2022-08-03 14:29:42.868 DEBUG 27340 --- [    Test worker] org.hibernate.type.BasicTypeRegistry     : Adding type registration int -> org.hibernate.type.IntegerType@589dfa6f
2022-08-03 14:29:42.869 DEBUG 27340 --- [    Test worker] org.hibernate.type.BasicTypeRegistry     : Adding type registration java.lang.Integer -> org.hibernate.type.IntegerType@589dfa6f
2022-08-03 14:29:42.872 DEBUG 27340 --- [    Test worker] org.hibernate.type.BasicTypeRegistry     : Adding type registration long -> org.hibernate.type.LongType@4baf997
2022-08-03 14:29:42.872 DEBUG 27340 --- [    Test worker] org.hibernate.type.BasicTypeRegistry     : Adding type registration long -> org.hibernate.type.LongType@4baf997
2022-08-03 14:29:42.873 DEBUG 27340 --- [    Test worker] org.hibernate.type.BasicTypeRegistry     : Adding type registration java.lang.Long -> org.hibernate.type.LongType@4baf997
2022-08-03 14:29:42.875 DEBUG 27340 --- [    Test worker] org.hibernate.type.BasicTypeRegistry     : Adding type registration float -> org.hibernate.type.FloatType@52c46334
2022-08-03 14:29:42.876 DEBUG 27340 --- [    Test worker] org.hibernate.type.BasicTypeRegistry     : Adding type registration float -> org.hibernate.type.FloatType@52c46334
2022-08-03 14:29:42.876 DEBUG 27340 --- [    Test worker] org.hibernate.type.BasicTypeRegistry     : Adding type registration java.lang.Float -> org.hibernate.type.FloatType@52c46334
2022-08-03 14:29:42.878 DEBUG 27340 --- [    Test worker] org.hibernate.type.BasicTypeRegistry     : Adding type registration double -> org.hibernate.type.DoubleType@6546371
2022-08-03 14:29:42.878 DEBUG 27340 --- [    Test worker] org.hibernate.type.BasicTypeRegistry     : Adding type registration double -> org.hibernate.type.DoubleType@6546371
2022-08-03 14:29:42.879 DEBUG 27340 --- [    Test worker] org.hibernate.type.BasicTypeRegistry     : Adding type registration java.lang.Double -> org.hibernate.type.DoubleType@6546371
2022-08-03 14:29:42.881 DEBUG 27340 --- [    Test worker] org.hibernate.type.BasicTypeRegistry     : Adding type registration big_decimal -> org.hibernate.type.BigDecimalType@dd737ea
2022-08-03 14:29:42.881 DEBUG 27340 --- [    Test worker] org.hibernate.type.BasicTypeRegistry     : Adding type registration java.math.BigDecimal -> org.hibernate.type.BigDecimalType@dd737ea
2022-08-03 14:29:42.884 DEBUG 27340 --- [    Test worker] org.hibernate.type.BasicTypeRegistry     : Adding type registration big_integer -> org.hibernate.type.BigIntegerType@64910b2d
2022-08-03 14:29:42.884 DEBUG 27340 --- [    Test worker] org.hibernate.type.BasicTypeRegistry     : Adding type registration java.math.BigInteger -> org.hibernate.type.BigIntegerType@64910b2d
2022-08-03 14:29:42.886 DEBUG 27340 --- [    Test worker] org.hibernate.type.BasicTypeRegistry     : Adding type registration string -> org.hibernate.type.StringType@5b7308aa
2022-08-03 14:29:42.887 DEBUG 27340 --- [    Test worker] org.hibernate.type.BasicTypeRegistry     : Adding type registration java.lang.String -> org.hibernate.type.StringType@5b7308aa
2022-08-03 14:29:42.888 DEBUG 27340 --- [    Test worker] org.hibernate.type.BasicTypeRegistry     : Adding type registration nstring -> org.hibernate.type.StringNVarcharType@3d8d970e
2022-08-03 14:29:42.889 DEBUG 27340 --- [    Test worker] org.hibernate.type.BasicTypeRegistry     : Adding type registration ncharacter -> org.hibernate.type.CharacterNCharType@1934339
2022-08-03 14:29:42.891 DEBUG 27340 --- [    Test worker] org.hibernate.type.BasicTypeRegistry     : Adding type registration url -> org.hibernate.type.UrlType@6c96403e
2022-08-03 14:29:42.892 DEBUG 27340 --- [    Test worker] org.hibernate.type.BasicTypeRegistry     : Adding type registration java.net.URL -> org.hibernate.type.UrlType@6c96403e
2022-08-03 14:29:42.894 DEBUG 27340 --- [    Test worker] org.hibernate.type.BasicTypeRegistry     : Adding type registration Duration -> org.hibernate.type.DurationType@36dafa24
2022-08-03 14:29:42.896 DEBUG 27340 --- [    Test worker] org.hibernate.type.BasicTypeRegistry     : Adding type registration java.time.Duration -> org.hibernate.type.DurationType@36dafa24
2022-08-03 14:29:42.899 DEBUG 27340 --- [    Test worker] org.hibernate.type.BasicTypeRegistry     : Adding type registration Instant -> org.hibernate.type.InstantType@7af0d91b
2022-08-03 14:29:42.900 DEBUG 27340 --- [    Test worker] org.hibernate.type.BasicTypeRegistry     : Adding type registration java.time.Instant -> org.hibernate.type.InstantType@7af0d91b
2022-08-03 14:29:42.903 DEBUG 27340 --- [    Test worker] org.hibernate.type.BasicTypeRegistry     : Adding type registration LocalDateTime -> org.hibernate.type.LocalDateTimeType@4cecc15a
2022-08-03 14:29:42.903 DEBUG 27340 --- [    Test worker] org.hibernate.type.BasicTypeRegistry     : Adding type registration java.time.LocalDateTime -> org.hibernate.type.LocalDateTimeType@4cecc15a
2022-08-03 14:29:42.905 DEBUG 27340 --- [    Test worker] org.hibernate.type.BasicTypeRegistry     : Adding type registration LocalDate -> org.hibernate.type.LocalDateType@14ed7ddf
2022-08-03 14:29:42.906 DEBUG 27340 --- [    Test worker] org.hibernate.type.BasicTypeRegistry     : Adding type registration java.time.LocalDate -> org.hibernate.type.LocalDateType@14ed7ddf
2022-08-03 14:29:42.908 DEBUG 27340 --- [    Test worker] org.hibernate.type.BasicTypeRegistry     : Adding type registration LocalTime -> org.hibernate.type.LocalTimeType@356b6b5d
2022-08-03 14:29:42.908 DEBUG 27340 --- [    Test worker] org.hibernate.type.BasicTypeRegistry     : Adding type registration java.time.LocalTime -> org.hibernate.type.LocalTimeType@356b6b5d
2022-08-03 14:29:42.911 DEBUG 27340 --- [    Test worker] org.hibernate.type.BasicTypeRegistry     : Adding type registration OffsetDateTime -> org.hibernate.type.OffsetDateTimeType@710ae6a7
2022-08-03 14:29:42.912 DEBUG 27340 --- [    Test worker] org.hibernate.type.BasicTypeRegistry     : Adding type registration java.time.OffsetDateTime -> org.hibernate.type.OffsetDateTimeType@710ae6a7
2022-08-03 14:29:42.914 DEBUG 27340 --- [    Test worker] org.hibernate.type.BasicTypeRegistry     : Adding type registration OffsetTime -> org.hibernate.type.OffsetTimeType@388f1258
2022-08-03 14:29:42.914 DEBUG 27340 --- [    Test worker] org.hibernate.type.BasicTypeRegistry     : Adding type registration java.time.OffsetTime -> org.hibernate.type.OffsetTimeType@388f1258
2022-08-03 14:29:42.917 DEBUG 27340 --- [    Test worker] org.hibernate.type.BasicTypeRegistry     : Adding type registration ZonedDateTime -> org.hibernate.type.ZonedDateTimeType@7b211077
2022-08-03 14:29:42.917 DEBUG 27340 --- [    Test worker] org.hibernate.type.BasicTypeRegistry     : Adding type registration java.time.ZonedDateTime -> org.hibernate.type.ZonedDateTimeType@7b211077
2022-08-03 14:29:42.919 DEBUG 27340 --- [    Test worker] org.hibernate.type.BasicTypeRegistry     : Adding type registration date -> org.hibernate.type.DateType@5d7f1e59
2022-08-03 14:29:42.920 DEBUG 27340 --- [    Test worker] org.hibernate.type.BasicTypeRegistry     : Adding type registration java.sql.Date -> org.hibernate.type.DateType@5d7f1e59
2022-08-03 14:29:42.922 DEBUG 27340 --- [    Test worker] org.hibernate.type.BasicTypeRegistry     : Adding type registration time -> org.hibernate.type.TimeType@719c1faf
2022-08-03 14:29:42.922 DEBUG 27340 --- [    Test worker] org.hibernate.type.BasicTypeRegistry     : Adding type registration java.sql.Time -> org.hibernate.type.TimeType@719c1faf
2022-08-03 14:29:42.923 DEBUG 27340 --- [    Test worker] org.hibernate.type.BasicTypeRegistry     : Adding type registration timestamp -> org.hibernate.type.TimestampType@2bdb5e0f
2022-08-03 14:29:42.924 DEBUG 27340 --- [    Test worker] org.hibernate.type.BasicTypeRegistry     : Adding type registration java.sql.Timestamp -> org.hibernate.type.TimestampType@2bdb5e0f
2022-08-03 14:29:42.924 DEBUG 27340 --- [    Test worker] org.hibernate.type.BasicTypeRegistry     : Adding type registration java.util.Date -> org.hibernate.type.TimestampType@2bdb5e0f
2022-08-03 14:29:42.927 DEBUG 27340 --- [    Test worker] org.hibernate.type.BasicTypeRegistry     : Adding type registration dbtimestamp -> org.hibernate.type.DbTimestampType@59e082f8
2022-08-03 14:29:42.929 DEBUG 27340 --- [    Test worker] org.hibernate.type.BasicTypeRegistry     : Adding type registration calendar -> org.hibernate.type.CalendarType@56e5c8fb
2022-08-03 14:29:42.930 DEBUG 27340 --- [    Test worker] org.hibernate.type.BasicTypeRegistry     : Adding type registration java.util.Calendar -> org.hibernate.type.CalendarType@56e5c8fb
2022-08-03 14:29:42.930 DEBUG 27340 --- [    Test worker] org.hibernate.type.BasicTypeRegistry     : Adding type registration java.util.GregorianCalendar -> org.hibernate.type.CalendarType@56e5c8fb
2022-08-03 14:29:42.931 DEBUG 27340 --- [    Test worker] org.hibernate.type.BasicTypeRegistry     : Adding type registration calendar_date -> org.hibernate.type.CalendarDateType@5dc7841c
2022-08-03 14:29:42.934 DEBUG 27340 --- [    Test worker] org.hibernate.type.BasicTypeRegistry     : Adding type registration calendar_time -> org.hibernate.type.CalendarTimeType@19bf47fc
2022-08-03 14:29:42.936 DEBUG 27340 --- [    Test worker] org.hibernate.type.BasicTypeRegistry     : Adding type registration locale -> org.hibernate.type.LocaleType@41bb1f09
2022-08-03 14:29:42.936 DEBUG 27340 --- [    Test worker] org.hibernate.type.BasicTypeRegistry     : Adding type registration java.util.Locale -> org.hibernate.type.LocaleType@41bb1f09
2022-08-03 14:29:42.938 DEBUG 27340 --- [    Test worker] org.hibernate.type.BasicTypeRegistry     : Adding type registration currency -> org.hibernate.type.CurrencyType@5a4c98d7
2022-08-03 14:29:42.938 DEBUG 27340 --- [    Test worker] org.hibernate.type.BasicTypeRegistry     : Adding type registration java.util.Currency -> org.hibernate.type.CurrencyType@5a4c98d7
2022-08-03 14:29:42.939 DEBUG 27340 --- [    Test worker] org.hibernate.type.BasicTypeRegistry     : Adding type registration timezone -> org.hibernate.type.TimeZoneType@4fbb1144
2022-08-03 14:29:42.940 DEBUG 27340 --- [    Test worker] org.hibernate.type.BasicTypeRegistry     : Adding type registration java.util.TimeZone -> org.hibernate.type.TimeZoneType@4fbb1144
2022-08-03 14:29:42.942 DEBUG 27340 --- [    Test worker] org.hibernate.type.BasicTypeRegistry     : Adding type registration class -> org.hibernate.type.ClassType@1b3bec6c
2022-08-03 14:29:42.942 DEBUG 27340 --- [    Test worker] org.hibernate.type.BasicTypeRegistry     : Adding type registration java.lang.Class -> org.hibernate.type.ClassType@1b3bec6c
2022-08-03 14:29:42.944 DEBUG 27340 --- [    Test worker] org.hibernate.type.BasicTypeRegistry     : Adding type registration uuid-binary -> org.hibernate.type.UUIDBinaryType@1b8fa2fa
2022-08-03 14:29:42.944 DEBUG 27340 --- [    Test worker] org.hibernate.type.BasicTypeRegistry     : Adding type registration java.util.UUID -> org.hibernate.type.UUIDBinaryType@1b8fa2fa
2022-08-03 14:29:42.945 DEBUG 27340 --- [    Test worker] org.hibernate.type.BasicTypeRegistry     : Adding type registration uuid-char -> org.hibernate.type.UUIDCharType@1d8e9d3e
2022-08-03 14:29:42.947 DEBUG 27340 --- [    Test worker] org.hibernate.type.BasicTypeRegistry     : Adding type registration binary -> org.hibernate.type.BinaryType@61d2f267
2022-08-03 14:29:42.948 DEBUG 27340 --- [    Test worker] org.hibernate.type.BasicTypeRegistry     : Adding type registration byte[] -> org.hibernate.type.BinaryType@61d2f267
2022-08-03 14:29:42.948 DEBUG 27340 --- [    Test worker] org.hibernate.type.BasicTypeRegistry     : Adding type registration [B -> org.hibernate.type.BinaryType@61d2f267
2022-08-03 14:29:42.950 DEBUG 27340 --- [    Test worker] org.hibernate.type.BasicTypeRegistry     : Adding type registration wrapper-binary -> org.hibernate.type.WrapperBinaryType@23c7cb18
2022-08-03 14:29:42.950 DEBUG 27340 --- [    Test worker] org.hibernate.type.BasicTypeRegistry     : Adding type registration Byte[] -> org.hibernate.type.WrapperBinaryType@23c7cb18
2022-08-03 14:29:42.950 DEBUG 27340 --- [    Test worker] org.hibernate.type.BasicTypeRegistry     : Adding type registration [Ljava.lang.Byte; -> org.hibernate.type.WrapperBinaryType@23c7cb18
2022-08-03 14:29:42.952 DEBUG 27340 --- [    Test worker] org.hibernate.type.BasicTypeRegistry     : Adding type registration row_version -> org.hibernate.type.RowVersionType@2c34402
2022-08-03 14:29:42.953 DEBUG 27340 --- [    Test worker] org.hibernate.type.BasicTypeRegistry     : Adding type registration image -> org.hibernate.type.ImageType@5cc3e49b
2022-08-03 14:29:42.954 DEBUG 27340 --- [    Test worker] org.hibernate.type.BasicTypeRegistry     : Adding type registration characters -> org.hibernate.type.CharArrayType@10dfa7ef
2022-08-03 14:29:42.955 DEBUG 27340 --- [    Test worker] org.hibernate.type.BasicTypeRegistry     : Adding type registration char[] -> org.hibernate.type.CharArrayType@10dfa7ef
2022-08-03 14:29:42.955 DEBUG 27340 --- [    Test worker] org.hibernate.type.BasicTypeRegistry     : Adding type registration [C -> org.hibernate.type.CharArrayType@10dfa7ef
2022-08-03 14:29:42.956 DEBUG 27340 --- [    Test worker] org.hibernate.type.BasicTypeRegistry     : Adding type registration wrapper-characters -> org.hibernate.type.CharacterArrayType@fabef2e
2022-08-03 14:29:42.957 DEBUG 27340 --- [    Test worker] org.hibernate.type.BasicTypeRegistry     : Adding type registration [Ljava.lang.Character; -> org.hibernate.type.CharacterArrayType@fabef2e
2022-08-03 14:29:42.957 DEBUG 27340 --- [    Test worker] org.hibernate.type.BasicTypeRegistry     : Adding type registration Character[] -> org.hibernate.type.CharacterArrayType@fabef2e
2022-08-03 14:29:42.958 DEBUG 27340 --- [    Test worker] org.hibernate.type.BasicTypeRegistry     : Adding type registration text -> org.hibernate.type.TextType@286866cb
2022-08-03 14:29:42.959 DEBUG 27340 --- [    Test worker] org.hibernate.type.BasicTypeRegistry     : Adding type registration ntext -> org.hibernate.type.NTextType@14b95942
2022-08-03 14:29:42.961 DEBUG 27340 --- [    Test worker] org.hibernate.type.BasicTypeRegistry     : Adding type registration blob -> org.hibernate.type.BlobType@6658f08a
2022-08-03 14:29:42.962 DEBUG 27340 --- [    Test worker] org.hibernate.type.BasicTypeRegistry     : Adding type registration java.sql.Blob -> org.hibernate.type.BlobType@6658f08a
2022-08-03 14:29:42.962 DEBUG 27340 --- [    Test worker] org.hibernate.type.BasicTypeRegistry     : Adding type registration materialized_blob -> org.hibernate.type.MaterializedBlobType@64dfb31d
2022-08-03 14:29:42.965 DEBUG 27340 --- [    Test worker] org.hibernate.type.BasicTypeRegistry     : Adding type registration clob -> org.hibernate.type.ClobType@738a815c
2022-08-03 14:29:42.965 DEBUG 27340 --- [    Test worker] org.hibernate.type.BasicTypeRegistry     : Adding type registration java.sql.Clob -> org.hibernate.type.ClobType@738a815c
2022-08-03 14:29:42.967 DEBUG 27340 --- [    Test worker] org.hibernate.type.BasicTypeRegistry     : Adding type registration nclob -> org.hibernate.type.NClobType@2ae3235e
2022-08-03 14:29:42.968 DEBUG 27340 --- [    Test worker] org.hibernate.type.BasicTypeRegistry     : Adding type registration java.sql.NClob -> org.hibernate.type.NClobType@2ae3235e
2022-08-03 14:29:42.969 DEBUG 27340 --- [    Test worker] org.hibernate.type.BasicTypeRegistry     : Adding type registration materialized_clob -> org.hibernate.type.MaterializedClobType@4228f269
2022-08-03 14:29:42.969 DEBUG 27340 --- [    Test worker] org.hibernate.type.BasicTypeRegistry     : Adding type registration materialized_nclob -> org.hibernate.type.MaterializedNClobType@1552da16
2022-08-03 14:29:42.971 DEBUG 27340 --- [    Test worker] org.hibernate.type.BasicTypeRegistry     : Adding type registration serializable -> org.hibernate.type.SerializableType@236861da
2022-08-03 14:29:42.978 DEBUG 27340 --- [    Test worker] org.hibernate.type.BasicTypeRegistry     : Adding type registration object -> org.hibernate.type.ObjectType@2a6fb62f
2022-08-03 14:29:42.978 DEBUG 27340 --- [    Test worker] org.hibernate.type.BasicTypeRegistry     : Adding type registration java.lang.Object -> org.hibernate.type.ObjectType@2a6fb62f
2022-08-03 14:29:42.979 DEBUG 27340 --- [    Test worker] org.hibernate.type.BasicTypeRegistry     : Adding type registration imm_date -> org.hibernate.type.AdaptedImmutableType@98637a2
2022-08-03 14:29:42.979 DEBUG 27340 --- [    Test worker] org.hibernate.type.BasicTypeRegistry     : Adding type registration imm_time -> org.hibernate.type.AdaptedImmutableType@4afd65fd
2022-08-03 14:29:42.979 DEBUG 27340 --- [    Test worker] org.hibernate.type.BasicTypeRegistry     : Adding type registration imm_timestamp -> org.hibernate.type.AdaptedImmutableType@141aba65
2022-08-03 14:29:42.979 DEBUG 27340 --- [    Test worker] org.hibernate.type.BasicTypeRegistry     : Adding type registration imm_dbtimestamp -> org.hibernate.type.AdaptedImmutableType@3356ff58
2022-08-03 14:29:42.980 DEBUG 27340 --- [    Test worker] org.hibernate.type.BasicTypeRegistry     : Adding type registration imm_calendar -> org.hibernate.type.AdaptedImmutableType@b55f5b7
2022-08-03 14:29:42.980 DEBUG 27340 --- [    Test worker] org.hibernate.type.BasicTypeRegistry     : Adding type registration imm_calendar_date -> org.hibernate.type.AdaptedImmutableType@2aa6bbad
2022-08-03 14:29:42.980 DEBUG 27340 --- [    Test worker] org.hibernate.type.BasicTypeRegistry     : Adding type registration imm_binary -> org.hibernate.type.AdaptedImmutableType@6b2ef50e
2022-08-03 14:29:42.980 DEBUG 27340 --- [    Test worker] org.hibernate.type.BasicTypeRegistry     : Adding type registration imm_serializable -> org.hibernate.type.AdaptedImmutableType@6f867b0c
2022-08-03 14:29:43.068  INFO 27340 --- [    Test worker] com.zaxxer.hikari.HikariDataSource       : HikariPool-1 - Starting...
2022-08-03 14:29:44.235  INFO 27340 --- [    Test worker] com.zaxxer.hikari.HikariDataSource       : HikariPool-1 - Start completed.
2022-08-03 14:29:44.278  INFO 27340 --- [    Test worker] org.hibernate.dialect.Dialect            : HHH000400: Using dialect: org.hibernate.dialect.MySQL5InnoDBDialect
2022-08-03 14:29:44.347 DEBUG 27340 --- [    Test worker] o.h.type.spi.TypeConfiguration$Scope     : Scoping TypeConfiguration [org.hibernate.type.spi.TypeConfiguration@2db461b5] to MetadataBuildingContext [org.hibernate.boot.internal.MetadataBuildingContextRootImpl@5c79c5ec]
2022-08-03 14:29:45.101 DEBUG 27340 --- [    Test worker] org.hibernate.type.EnumType              : Using NAMED-based conversion for Enum kakao.valuetogether.domain.enums.Target
2022-08-03 14:29:45.104 DEBUG 27340 --- [    Test worker] org.hibernate.type.EnumType              : Using NAMED-based conversion for Enum kakao.valuetogether.domain.enums.Topic
2022-08-03 14:29:45.137  WARN 27340 --- [    Test worker] org.hibernate.mapping.RootClass          : HHH000038: Composite-id class does not override equals(): kakao.valuetogether.domain.TagPost
2022-08-03 14:29:45.137  WARN 27340 --- [    Test worker] org.hibernate.mapping.RootClass          : HHH000039: Composite-id class does not override hashCode(): kakao.valuetogether.domain.TagPost
2022-08-03 14:29:45.138  WARN 27340 --- [    Test worker] org.hibernate.mapping.RootClass          : HHH000038: Composite-id class does not override equals(): kakao.valuetogether.domain.Donation
2022-08-03 14:29:45.138  WARN 27340 --- [    Test worker] org.hibernate.mapping.RootClass          : HHH000039: Composite-id class does not override hashCode(): kakao.valuetogether.domain.Donation
2022-08-03 14:29:45.139 DEBUG 27340 --- [    Test worker] o.h.type.spi.TypeConfiguration$Scope     : Scoping TypeConfiguration [org.hibernate.type.spi.TypeConfiguration@2db461b5] to SessionFactoryImpl [org.hibernate.internal.SessionFactoryImpl@7f3e9acc]
2022-08-03 14:29:45.895  INFO 27340 --- [    Test worker] o.h.e.t.j.p.i.JtaPlatformInitiator       : HHH000490: Using JtaPlatform implementation: [org.hibernate.engine.transaction.jta.platform.internal.NoJtaPlatform]
2022-08-03 14:29:45.916 TRACE 27340 --- [    Test worker] o.h.type.spi.TypeConfiguration$Scope     : Handling #sessionFactoryCreated from [org.hibernate.internal.SessionFactoryImpl@7f3e9acc] for TypeConfiguration
2022-08-03 14:29:45.919  INFO 27340 --- [    Test worker] j.LocalContainerEntityManagerFactoryBean : Initialized JPA EntityManagerFactory for persistence unit 'default'
2022-08-03 14:29:47.687  WARN 27340 --- [    Test worker] JpaBaseConfiguration$JpaWebConfiguration : spring.jpa.open-in-view is enabled by default. Therefore, database queries may be performed during view rendering. Explicitly configure spring.jpa.open-in-view to disable this warning
2022-08-03 14:29:48.254  INFO 27340 --- [    Test worker] o.s.b.a.w.s.WelcomePageHandlerMapping    : Adding welcome page: class path resource [static/index.html]
2022-08-03 14:29:48.628  WARN 27340 --- [    Test worker] ion$DefaultTemplateResolverConfiguration : Cannot find template location: classpath:/templates/ (please add some templates or check your Thymeleaf configuration)
2022-08-03 14:29:49.030  INFO 27340 --- [    Test worker] k.v.ValuetogetherApplicationTests        : Started ValuetogetherApplicationTests in 10.244 seconds (JVM running for 13.339)
2022-08-03 14:29:49.245  INFO 27340 --- [    Test worker] o.s.t.c.transaction.TransactionContext   : Began transaction (1) for test context [DefaultTestContext@5a5c128 testClass = ValuetogetherApplicationTests, testInstance = kakao.valuetogether.ValuetogetherApplicationTests@4c364a9d, testMethod = test@ValuetogetherApplicationTests, testException = [null], mergedContextConfiguration = [WebMergedContextConfiguration@73eb8672 testClass = ValuetogetherApplicationTests, locations = '{}', classes = '{class kakao.valuetogether.ValuetogetherApplication}', contextInitializerClasses = '[]', activeProfiles = '{}', propertySourceLocations = '{}', propertySourceProperties = '{org.springframework.boot.test.context.SpringBootTestContextBootstrapper=true}', contextCustomizers = set[org.springframework.boot.test.autoconfigure.actuate.metrics.MetricsExportContextCustomizerFactory$DisableMetricExportContextCustomizer@60dce7ea, org.springframework.boot.test.autoconfigure.properties.PropertyMappingContextCustomizer@0, org.springframework.boot.test.autoconfigure.web.servlet.WebDriverContextCustomizerFactory$Customizer@7a791b66, org.springframework.boot.test.context.filter.ExcludeFilterContextCustomizer@61884cb1, org.springframework.boot.test.json.DuplicateJsonObjectContextCustomizerFactory$DuplicateJsonObjectContextCustomizer@79da1ec0, org.springframework.boot.test.mock.mockito.MockitoContextCustomizer@0, org.springframework.boot.test.web.client.TestRestTemplateContextCustomizer@1e63ec0b, org.springframework.boot.test.context.SpringBootTestArgs@1, org.springframework.boot.test.context.SpringBootTestWebEnvironment@5f20155b], resourceBasePath = 'src/main/webapp', contextLoader = 'org.springframework.boot.test.context.SpringBootContextLoader', parent = [null]], attributes = map['org.springframework.test.context.web.ServletTestExecutionListener.activateListener' -> true, 'org.springframework.test.context.web.ServletTestExecutionListener.populatedRequestContextHolder' -> true, 'org.springframework.test.context.web.ServletTestExecutionListener.resetRequestContextHolder' -> true, 'org.springframework.test.context.event.ApplicationEventsTestExecutionListener.recordApplicationEvents' -> false]]; transaction manager [org.springframework.orm.jpa.JpaTransactionManager@6d7005e2]; rollback [true]
2022-08-03 14:29:49.529  INFO 27340 --- [    Test worker] o.s.t.c.transaction.TransactionContext   : Rolled back transaction for test: [DefaultTestContext@5a5c128 testClass = ValuetogetherApplicationTests, testInstance = kakao.valuetogether.ValuetogetherApplicationTests@4c364a9d, testMethod = test@ValuetogetherApplicationTests, testException = [null], mergedContextConfiguration = [WebMergedContextConfiguration@73eb8672 testClass = ValuetogetherApplicationTests, locations = '{}', classes = '{class kakao.valuetogether.ValuetogetherApplication}', contextInitializerClasses = '[]', activeProfiles = '{}', propertySourceLocations = '{}', propertySourceProperties = '{org.springframework.boot.test.context.SpringBootTestContextBootstrapper=true}', contextCustomizers = set[org.springframework.boot.test.autoconfigure.actuate.metrics.MetricsExportContextCustomizerFactory$DisableMetricExportContextCustomizer@60dce7ea, org.springframework.boot.test.autoconfigure.properties.PropertyMappingContextCustomizer@0, org.springframework.boot.test.autoconfigure.web.servlet.WebDriverContextCustomizerFactory$Customizer@7a791b66, org.springframework.boot.test.context.filter.ExcludeFilterContextCustomizer@61884cb1, org.springframework.boot.test.json.DuplicateJsonObjectContextCustomizerFactory$DuplicateJsonObjectContextCustomizer@79da1ec0, org.springframework.boot.test.mock.mockito.MockitoContextCustomizer@0, org.springframework.boot.test.web.client.TestRestTemplateContextCustomizer@1e63ec0b, org.springframework.boot.test.context.SpringBootTestArgs@1, org.springframework.boot.test.context.SpringBootTestWebEnvironment@5f20155b], resourceBasePath = 'src/main/webapp', contextLoader = 'org.springframework.boot.test.context.SpringBootContextLoader', parent = [null]], attributes = map['org.springframework.test.context.web.ServletTestExecutionListener.activateListener' -> true, 'org.springframework.test.context.web.ServletTestExecutionListener.populatedRequestContextHolder' -> true, 'org.springframework.test.context.web.ServletTestExecutionListener.resetRequestContextHolder' -> true, 'org.springframework.test.context.event.ApplicationEventsTestExecutionListener.recordApplicationEvents' -> false]]
]]></system-out>
  <system-err><![CDATA[]]></system-err>
</testsuite>
