<?xml version="1.0" encoding="UTF-8"?>
<testsuite name="kakao.valuetogether.ValuetogetherApplicationTests" tests="1" skipped="0" failures="0" errors="0" timestamp="2022-08-05T00:42:36" hostname="DESKTOP-8DQF55R" time="0.209">
  <properties/>
  <testcase name="test()" classname="kakao.valuetogether.ValuetogetherApplicationTests" time="0.209"/>
  <system-out><![CDATA[09:42:30.793 [Test worker] DEBUG org.springframework.test.context.BootstrapUtils - Instantiating CacheAwareContextLoaderDelegate from class [org.springframework.test.context.cache.DefaultCacheAwareContextLoaderDelegate]
09:42:30.794 [Test worker] DEBUG org.springframework.test.context.BootstrapUtils - Instantiating BootstrapContext using constructor [public org.springframework.test.context.support.DefaultBootstrapContext(java.lang.Class,org.springframework.test.context.CacheAwareContextLoaderDelegate)]
09:42:30.794 [Test worker] DEBUG org.springframework.test.context.BootstrapUtils - Instantiating TestContextBootstrapper for test class [kakao.valuetogether.ValuetogetherApplicationTests] from class [org.springframework.boot.test.context.SpringBootTestContextBootstrapper]
09:42:30.795 [Test worker] INFO org.springframework.boot.test.context.SpringBootTestContextBootstrapper - Neither @ContextConfiguration nor @ContextHierarchy found for test class [kakao.valuetogether.ValuetogetherApplicationTests], using SpringBootContextLoader
09:42:30.796 [Test worker] DEBUG org.springframework.test.context.support.AbstractContextLoader - Did not detect default resource location for test class [kakao.valuetogether.ValuetogetherApplicationTests]: class path resource [kakao/valuetogether/ValuetogetherApplicationTests-context.xml] does not exist
09:42:30.796 [Test worker] DEBUG org.springframework.test.context.support.AbstractContextLoader - Did not detect default resource location for test class [kakao.valuetogether.ValuetogetherApplicationTests]: class path resource [kakao/valuetogether/ValuetogetherApplicationTestsContext.groovy] does not exist
09:42:30.796 [Test worker] INFO org.springframework.test.context.support.AbstractContextLoader - Could not detect default resource locations for test class [kakao.valuetogether.ValuetogetherApplicationTests]: no resource found for suffixes {-context.xml, Context.groovy}.
09:42:30.796 [Test worker] INFO org.springframework.test.context.support.AnnotationConfigContextLoaderUtils - Could not detect default configuration classes for test class [kakao.valuetogether.ValuetogetherApplicationTests]: ValuetogetherApplicationTests does not declare any static, non-private, non-final, nested classes annotated with @Configuration.
09:42:30.798 [Test worker] DEBUG org.springframework.test.context.support.ActiveProfilesUtils - Could not find an 'annotation declaring class' for annotation type [org.springframework.test.context.ActiveProfiles] and class [kakao.valuetogether.ValuetogetherApplicationTests]
09:42:30.802 [Test worker] DEBUG org.springframework.context.annotation.ClassPathScanningCandidateComponentProvider - Identified candidate component class: file [C:\Users\kimdongho\Desktop\spring-back\valuetogether\valuetogether\valuetogether\build\classes\java\main\kakao\valuetogether\ValuetogetherApplication.class]
09:42:30.803 [Test worker] INFO org.springframework.boot.test.context.SpringBootTestContextBootstrapper - Found @SpringBootConfiguration kakao.valuetogether.ValuetogetherApplication for test class kakao.valuetogether.ValuetogetherApplicationTests
09:42:30.806 [Test worker] DEBUG org.springframework.boot.test.context.SpringBootTestContextBootstrapper - @TestExecutionListeners is not present for class [kakao.valuetogether.ValuetogetherApplicationTests]: using defaults.
09:42:30.806 [Test worker] INFO org.springframework.boot.test.context.SpringBootTestContextBootstrapper - Loaded default TestExecutionListener class names from location [META-INF/spring.factories]: [org.springframework.boot.test.autoconfigure.restdocs.RestDocsTestExecutionListener, org.springframework.boot.test.autoconfigure.web.client.MockRestServiceServerResetTestExecutionListener, org.springframework.boot.test.autoconfigure.web.servlet.MockMvcPrintOnlyOnFailureTestExecutionListener, org.springframework.boot.test.autoconfigure.web.servlet.WebDriverTestExecutionListener, org.springframework.boot.test.autoconfigure.webservices.client.MockWebServiceServerTestExecutionListener, org.springframework.boot.test.mock.mockito.MockitoTestExecutionListener, org.springframework.boot.test.mock.mockito.ResetMocksTestExecutionListener, org.springframework.test.context.web.ServletTestExecutionListener, org.springframework.test.context.support.DirtiesContextBeforeModesTestExecutionListener, org.springframework.test.context.event.ApplicationEventsTestExecutionListener, org.springframework.test.context.support.DependencyInjectionTestExecutionListener, org.springframework.test.context.support.DirtiesContextTestExecutionListener, org.springframework.test.context.transaction.TransactionalTestExecutionListener, org.springframework.test.context.jdbc.SqlScriptsTestExecutionListener, org.springframework.test.context.event.EventPublishingTestExecutionListener]
09:42:30.807 [Test worker] INFO org.springframework.boot.test.context.SpringBootTestContextBootstrapper - Using TestExecutionListeners: [org.springframework.test.context.web.ServletTestExecutionListener@497570fb, org.springframework.test.context.support.DirtiesContextBeforeModesTestExecutionListener@412c995d, org.springframework.test.context.event.ApplicationEventsTestExecutionListener@3249a1ce, org.springframework.boot.test.mock.mockito.MockitoTestExecutionListener@4dd94a58, org.springframework.boot.test.autoconfigure.SpringBootDependencyInjectionTestExecutionListener@2f4919b0, org.springframework.test.context.support.DirtiesContextTestExecutionListener@a8a8b75, org.springframework.test.context.transaction.TransactionalTestExecutionListener@75b21c3b, org.springframework.test.context.jdbc.SqlScriptsTestExecutionListener@72be135f, org.springframework.test.context.event.EventPublishingTestExecutionListener@155d1021, org.springframework.boot.test.autoconfigure.restdocs.RestDocsTestExecutionListener@4bd2f0dc, org.springframework.boot.test.autoconfigure.web.client.MockRestServiceServerResetTestExecutionListener@2e647e59, org.springframework.boot.test.autoconfigure.web.servlet.MockMvcPrintOnlyOnFailureTestExecutionListener@2c42b421, org.springframework.boot.test.autoconfigure.web.servlet.WebDriverTestExecutionListener@51e37590, org.springframework.boot.test.autoconfigure.webservices.client.MockWebServiceServerTestExecutionListener@deb3b60, org.springframework.boot.test.mock.mockito.ResetMocksTestExecutionListener@701a32]
09:42:30.810 [Test worker] DEBUG org.springframework.test.context.support.AbstractDirtiesContextTestExecutionListener - Before test class: context [DefaultTestContext@7bc9e6ab testClass = ValuetogetherApplicationTests, testInstance = [null], testMethod = [null], testException = [null], mergedContextConfiguration = [WebMergedContextConfiguration@5488b5c5 testClass = ValuetogetherApplicationTests, locations = '{}', classes = '{class kakao.valuetogether.ValuetogetherApplication}', contextInitializerClasses = '[]', activeProfiles = '{}', propertySourceLocations = '{}', propertySourceProperties = '{org.springframework.boot.test.context.SpringBootTestContextBootstrapper=true}', contextCustomizers = set[org.springframework.boot.test.autoconfigure.actuate.metrics.MetricsExportContextCustomizerFactory$DisableMetricExportContextCustomizer@129b4fe2, org.springframework.boot.test.autoconfigure.properties.PropertyMappingContextCustomizer@0, org.springframework.boot.test.autoconfigure.web.servlet.WebDriverContextCustomizerFactory$Customizer@60dce7ea, org.springframework.boot.test.context.filter.ExcludeFilterContextCustomizer@1ef3efa8, org.springframework.boot.test.json.DuplicateJsonObjectContextCustomizerFactory$DuplicateJsonObjectContextCustomizer@5c3b6c6e, org.springframework.boot.test.mock.mockito.MockitoContextCustomizer@0, org.springframework.boot.test.web.client.TestRestTemplateContextCustomizer@14c01636, org.springframework.boot.test.context.SpringBootTestArgs@1, org.springframework.boot.test.context.SpringBootTestWebEnvironment@34b9f960], resourceBasePath = 'src/main/webapp', contextLoader = 'org.springframework.boot.test.context.SpringBootContextLoader', parent = [null]], attributes = map['org.springframework.test.context.web.ServletTestExecutionListener.activateListener' -> true]], class annotated with @DirtiesContext [false] with mode [null].

  .   ____          _            __ _ _
 /\\ / ___'_ __ _ _(_)_ __  __ _ \ \ \ \
( ( )\___ | '_ | '_| | '_ \/ _` | \ \ \ \
 \\/  ___)| |_)| | | | | || (_| |  ) ) ) )
  '  |____| .__|_| |_|_| |_\__, | / / / /
 =========|_|==============|___/=/_/_/_/
 :: Spring Boot ::                (v2.7.1)

2022-08-05 09:42:31.231  INFO 31248 --- [    Test worker] k.v.ValuetogetherApplicationTests        : Starting ValuetogetherApplicationTests using Java 11.0.15 on DESKTOP-8DQF55R with PID 31248 (started by kimdongho in C:\Users\kimdongho\Desktop\spring-back\valuetogether\valuetogether\valuetogether)
2022-08-05 09:42:31.233  INFO 31248 --- [    Test worker] k.v.ValuetogetherApplicationTests        : The following 1 profile is active: "aws"
2022-08-05 09:42:32.200  INFO 31248 --- [    Test worker] .s.d.r.c.RepositoryConfigurationDelegate : Bootstrapping Spring Data JPA repositories in DEFAULT mode.
2022-08-05 09:42:32.224  INFO 31248 --- [    Test worker] .s.d.r.c.RepositoryConfigurationDelegate : Finished Spring Data repository scanning in 13 ms. Found 0 JPA repository interfaces.
2022-08-05 09:42:32.535  INFO 31248 --- [    Test worker] trationDelegate$BeanPostProcessorChecker : Bean 'credentialsProvider' of type [com.amazonaws.auth.AWSCredentialsProviderChain] is not eligible for getting processed by all BeanPostProcessors (for example: not eligible for auto-proxying)
2022-08-05 09:42:32.891  INFO 31248 --- [    Test worker] o.hibernate.jpa.internal.util.LogHelper  : HHH000204: Processing PersistenceUnitInfo [name: default]
2022-08-05 09:42:32.957  INFO 31248 --- [    Test worker] org.hibernate.Version                    : HHH000412: Hibernate ORM core version 5.6.9.Final
2022-08-05 09:42:33.138  INFO 31248 --- [    Test worker] o.hibernate.annotations.common.Version   : HCANN000001: Hibernate Commons Annotations {5.1.2.Final}
2022-08-05 09:42:33.169 DEBUG 31248 --- [    Test worker] org.hibernate.type.BasicTypeRegistry     : Adding type registration boolean -> org.hibernate.type.BooleanType@4ff66917
2022-08-05 09:42:33.170 DEBUG 31248 --- [    Test worker] org.hibernate.type.BasicTypeRegistry     : Adding type registration boolean -> org.hibernate.type.BooleanType@4ff66917
2022-08-05 09:42:33.170 DEBUG 31248 --- [    Test worker] org.hibernate.type.BasicTypeRegistry     : Adding type registration java.lang.Boolean -> org.hibernate.type.BooleanType@4ff66917
2022-08-05 09:42:33.171 DEBUG 31248 --- [    Test worker] org.hibernate.type.BasicTypeRegistry     : Adding type registration numeric_boolean -> org.hibernate.type.NumericBooleanType@919086
2022-08-05 09:42:33.172 DEBUG 31248 --- [    Test worker] org.hibernate.type.BasicTypeRegistry     : Adding type registration true_false -> org.hibernate.type.TrueFalseType@1182413a
2022-08-05 09:42:33.173 DEBUG 31248 --- [    Test worker] org.hibernate.type.BasicTypeRegistry     : Adding type registration yes_no -> org.hibernate.type.YesNoType@1a785fd5
2022-08-05 09:42:33.175 DEBUG 31248 --- [    Test worker] org.hibernate.type.BasicTypeRegistry     : Adding type registration byte -> org.hibernate.type.ByteType@40c76f5a
2022-08-05 09:42:33.175 DEBUG 31248 --- [    Test worker] org.hibernate.type.BasicTypeRegistry     : Adding type registration byte -> org.hibernate.type.ByteType@40c76f5a
2022-08-05 09:42:33.175 DEBUG 31248 --- [    Test worker] org.hibernate.type.BasicTypeRegistry     : Adding type registration java.lang.Byte -> org.hibernate.type.ByteType@40c76f5a
2022-08-05 09:42:33.177 DEBUG 31248 --- [    Test worker] org.hibernate.type.BasicTypeRegistry     : Adding type registration character -> org.hibernate.type.CharacterType@7f642bf
2022-08-05 09:42:33.177 DEBUG 31248 --- [    Test worker] org.hibernate.type.BasicTypeRegistry     : Adding type registration char -> org.hibernate.type.CharacterType@7f642bf
2022-08-05 09:42:33.177 DEBUG 31248 --- [    Test worker] org.hibernate.type.BasicTypeRegistry     : Adding type registration java.lang.Character -> org.hibernate.type.CharacterType@7f642bf
2022-08-05 09:42:33.179 DEBUG 31248 --- [    Test worker] org.hibernate.type.BasicTypeRegistry     : Adding type registration short -> org.hibernate.type.ShortType@19bfbe28
2022-08-05 09:42:33.179 DEBUG 31248 --- [    Test worker] org.hibernate.type.BasicTypeRegistry     : Adding type registration short -> org.hibernate.type.ShortType@19bfbe28
2022-08-05 09:42:33.179 DEBUG 31248 --- [    Test worker] org.hibernate.type.BasicTypeRegistry     : Adding type registration java.lang.Short -> org.hibernate.type.ShortType@19bfbe28
2022-08-05 09:42:33.180 DEBUG 31248 --- [    Test worker] org.hibernate.type.BasicTypeRegistry     : Adding type registration integer -> org.hibernate.type.IntegerType@766b6d02
2022-08-05 09:42:33.180 DEBUG 31248 --- [    Test worker] org.hibernate.type.BasicTypeRegistry     : Adding type registration int -> org.hibernate.type.IntegerType@766b6d02
2022-08-05 09:42:33.181 DEBUG 31248 --- [    Test worker] org.hibernate.type.BasicTypeRegistry     : Adding type registration java.lang.Integer -> org.hibernate.type.IntegerType@766b6d02
2022-08-05 09:42:33.182 DEBUG 31248 --- [    Test worker] org.hibernate.type.BasicTypeRegistry     : Adding type registration long -> org.hibernate.type.LongType@790ac3e0
2022-08-05 09:42:33.182 DEBUG 31248 --- [    Test worker] org.hibernate.type.BasicTypeRegistry     : Adding type registration long -> org.hibernate.type.LongType@790ac3e0
2022-08-05 09:42:33.182 DEBUG 31248 --- [    Test worker] org.hibernate.type.BasicTypeRegistry     : Adding type registration java.lang.Long -> org.hibernate.type.LongType@790ac3e0
2022-08-05 09:42:33.184 DEBUG 31248 --- [    Test worker] org.hibernate.type.BasicTypeRegistry     : Adding type registration float -> org.hibernate.type.FloatType@5e69cf07
2022-08-05 09:42:33.184 DEBUG 31248 --- [    Test worker] org.hibernate.type.BasicTypeRegistry     : Adding type registration float -> org.hibernate.type.FloatType@5e69cf07
2022-08-05 09:42:33.184 DEBUG 31248 --- [    Test worker] org.hibernate.type.BasicTypeRegistry     : Adding type registration java.lang.Float -> org.hibernate.type.FloatType@5e69cf07
2022-08-05 09:42:33.186 DEBUG 31248 --- [    Test worker] org.hibernate.type.BasicTypeRegistry     : Adding type registration double -> org.hibernate.type.DoubleType@4e4f4092
2022-08-05 09:42:33.186 DEBUG 31248 --- [    Test worker] org.hibernate.type.BasicTypeRegistry     : Adding type registration double -> org.hibernate.type.DoubleType@4e4f4092
2022-08-05 09:42:33.187 DEBUG 31248 --- [    Test worker] org.hibernate.type.BasicTypeRegistry     : Adding type registration java.lang.Double -> org.hibernate.type.DoubleType@4e4f4092
2022-08-05 09:42:33.188 DEBUG 31248 --- [    Test worker] org.hibernate.type.BasicTypeRegistry     : Adding type registration big_decimal -> org.hibernate.type.BigDecimalType@70c491b8
2022-08-05 09:42:33.188 DEBUG 31248 --- [    Test worker] org.hibernate.type.BasicTypeRegistry     : Adding type registration java.math.BigDecimal -> org.hibernate.type.BigDecimalType@70c491b8
2022-08-05 09:42:33.189 DEBUG 31248 --- [    Test worker] org.hibernate.type.BasicTypeRegistry     : Adding type registration big_integer -> org.hibernate.type.BigIntegerType@1b3a9ef4
2022-08-05 09:42:33.190 DEBUG 31248 --- [    Test worker] org.hibernate.type.BasicTypeRegistry     : Adding type registration java.math.BigInteger -> org.hibernate.type.BigIntegerType@1b3a9ef4
2022-08-05 09:42:33.191 DEBUG 31248 --- [    Test worker] org.hibernate.type.BasicTypeRegistry     : Adding type registration string -> org.hibernate.type.StringType@6def0632
2022-08-05 09:42:33.191 DEBUG 31248 --- [    Test worker] org.hibernate.type.BasicTypeRegistry     : Adding type registration java.lang.String -> org.hibernate.type.StringType@6def0632
2022-08-05 09:42:33.192 DEBUG 31248 --- [    Test worker] org.hibernate.type.BasicTypeRegistry     : Adding type registration nstring -> org.hibernate.type.StringNVarcharType@6b3f4bd8
2022-08-05 09:42:33.194 DEBUG 31248 --- [    Test worker] org.hibernate.type.BasicTypeRegistry     : Adding type registration ncharacter -> org.hibernate.type.CharacterNCharType@4fe8f2ae
2022-08-05 09:42:33.196 DEBUG 31248 --- [    Test worker] org.hibernate.type.BasicTypeRegistry     : Adding type registration url -> org.hibernate.type.UrlType@10bf1ec9
2022-08-05 09:42:33.196 DEBUG 31248 --- [    Test worker] org.hibernate.type.BasicTypeRegistry     : Adding type registration java.net.URL -> org.hibernate.type.UrlType@10bf1ec9
2022-08-05 09:42:33.197 DEBUG 31248 --- [    Test worker] org.hibernate.type.BasicTypeRegistry     : Adding type registration Duration -> org.hibernate.type.DurationType@7606bd03
2022-08-05 09:42:33.197 DEBUG 31248 --- [    Test worker] org.hibernate.type.BasicTypeRegistry     : Adding type registration java.time.Duration -> org.hibernate.type.DurationType@7606bd03
2022-08-05 09:42:33.198 DEBUG 31248 --- [    Test worker] org.hibernate.type.BasicTypeRegistry     : Adding type registration Instant -> org.hibernate.type.InstantType@537ca28e
2022-08-05 09:42:33.199 DEBUG 31248 --- [    Test worker] org.hibernate.type.BasicTypeRegistry     : Adding type registration java.time.Instant -> org.hibernate.type.InstantType@537ca28e
2022-08-05 09:42:33.201 DEBUG 31248 --- [    Test worker] org.hibernate.type.BasicTypeRegistry     : Adding type registration LocalDateTime -> org.hibernate.type.LocalDateTimeType@18907af2
2022-08-05 09:42:33.202 DEBUG 31248 --- [    Test worker] org.hibernate.type.BasicTypeRegistry     : Adding type registration java.time.LocalDateTime -> org.hibernate.type.LocalDateTimeType@18907af2
2022-08-05 09:42:33.203 DEBUG 31248 --- [    Test worker] org.hibernate.type.BasicTypeRegistry     : Adding type registration LocalDate -> org.hibernate.type.LocalDateType@34fcd292
2022-08-05 09:42:33.204 DEBUG 31248 --- [    Test worker] org.hibernate.type.BasicTypeRegistry     : Adding type registration java.time.LocalDate -> org.hibernate.type.LocalDateType@34fcd292
2022-08-05 09:42:33.205 DEBUG 31248 --- [    Test worker] org.hibernate.type.BasicTypeRegistry     : Adding type registration LocalTime -> org.hibernate.type.LocalTimeType@2b2a4332
2022-08-05 09:42:33.205 DEBUG 31248 --- [    Test worker] org.hibernate.type.BasicTypeRegistry     : Adding type registration java.time.LocalTime -> org.hibernate.type.LocalTimeType@2b2a4332
2022-08-05 09:42:33.207 DEBUG 31248 --- [    Test worker] org.hibernate.type.BasicTypeRegistry     : Adding type registration OffsetDateTime -> org.hibernate.type.OffsetDateTimeType@66234b0f
2022-08-05 09:42:33.207 DEBUG 31248 --- [    Test worker] org.hibernate.type.BasicTypeRegistry     : Adding type registration java.time.OffsetDateTime -> org.hibernate.type.OffsetDateTimeType@66234b0f
2022-08-05 09:42:33.209 DEBUG 31248 --- [    Test worker] org.hibernate.type.BasicTypeRegistry     : Adding type registration OffsetTime -> org.hibernate.type.OffsetTimeType@25218a4d
2022-08-05 09:42:33.210 DEBUG 31248 --- [    Test worker] org.hibernate.type.BasicTypeRegistry     : Adding type registration java.time.OffsetTime -> org.hibernate.type.OffsetTimeType@25218a4d
2022-08-05 09:42:33.212 DEBUG 31248 --- [    Test worker] org.hibernate.type.BasicTypeRegistry     : Adding type registration ZonedDateTime -> org.hibernate.type.ZonedDateTimeType@5be51aa
2022-08-05 09:42:33.212 DEBUG 31248 --- [    Test worker] org.hibernate.type.BasicTypeRegistry     : Adding type registration java.time.ZonedDateTime -> org.hibernate.type.ZonedDateTimeType@5be51aa
2022-08-05 09:42:33.214 DEBUG 31248 --- [    Test worker] org.hibernate.type.BasicTypeRegistry     : Adding type registration date -> org.hibernate.type.DateType@2bb717d7
2022-08-05 09:42:33.214 DEBUG 31248 --- [    Test worker] org.hibernate.type.BasicTypeRegistry     : Adding type registration java.sql.Date -> org.hibernate.type.DateType@2bb717d7
2022-08-05 09:42:33.216 DEBUG 31248 --- [    Test worker] org.hibernate.type.BasicTypeRegistry     : Adding type registration time -> org.hibernate.type.TimeType@2120bed
2022-08-05 09:42:33.216 DEBUG 31248 --- [    Test worker] org.hibernate.type.BasicTypeRegistry     : Adding type registration java.sql.Time -> org.hibernate.type.TimeType@2120bed
2022-08-05 09:42:33.219 DEBUG 31248 --- [    Test worker] org.hibernate.type.BasicTypeRegistry     : Adding type registration timestamp -> org.hibernate.type.TimestampType@5458c71e
2022-08-05 09:42:33.219 DEBUG 31248 --- [    Test worker] org.hibernate.type.BasicTypeRegistry     : Adding type registration java.sql.Timestamp -> org.hibernate.type.TimestampType@5458c71e
2022-08-05 09:42:33.219 DEBUG 31248 --- [    Test worker] org.hibernate.type.BasicTypeRegistry     : Adding type registration java.util.Date -> org.hibernate.type.TimestampType@5458c71e
2022-08-05 09:42:33.221 DEBUG 31248 --- [    Test worker] org.hibernate.type.BasicTypeRegistry     : Adding type registration dbtimestamp -> org.hibernate.type.DbTimestampType@37d0d373
2022-08-05 09:42:33.222 DEBUG 31248 --- [    Test worker] org.hibernate.type.BasicTypeRegistry     : Adding type registration calendar -> org.hibernate.type.CalendarType@57e4b86c
2022-08-05 09:42:33.223 DEBUG 31248 --- [    Test worker] org.hibernate.type.BasicTypeRegistry     : Adding type registration java.util.Calendar -> org.hibernate.type.CalendarType@57e4b86c
2022-08-05 09:42:33.223 DEBUG 31248 --- [    Test worker] org.hibernate.type.BasicTypeRegistry     : Adding type registration java.util.GregorianCalendar -> org.hibernate.type.CalendarType@57e4b86c
2022-08-05 09:42:33.223 DEBUG 31248 --- [    Test worker] org.hibernate.type.BasicTypeRegistry     : Adding type registration calendar_date -> org.hibernate.type.CalendarDateType@54f2df29
2022-08-05 09:42:33.224 DEBUG 31248 --- [    Test worker] org.hibernate.type.BasicTypeRegistry     : Adding type registration calendar_time -> org.hibernate.type.CalendarTimeType@4c56644f
2022-08-05 09:42:33.225 DEBUG 31248 --- [    Test worker] org.hibernate.type.BasicTypeRegistry     : Adding type registration locale -> org.hibernate.type.LocaleType@7c5f29c6
2022-08-05 09:42:33.226 DEBUG 31248 --- [    Test worker] org.hibernate.type.BasicTypeRegistry     : Adding type registration java.util.Locale -> org.hibernate.type.LocaleType@7c5f29c6
2022-08-05 09:42:33.227 DEBUG 31248 --- [    Test worker] org.hibernate.type.BasicTypeRegistry     : Adding type registration currency -> org.hibernate.type.CurrencyType@68fc9167
2022-08-05 09:42:33.227 DEBUG 31248 --- [    Test worker] org.hibernate.type.BasicTypeRegistry     : Adding type registration java.util.Currency -> org.hibernate.type.CurrencyType@68fc9167
2022-08-05 09:42:33.228 DEBUG 31248 --- [    Test worker] org.hibernate.type.BasicTypeRegistry     : Adding type registration timezone -> org.hibernate.type.TimeZoneType@3a5e2525
2022-08-05 09:42:33.228 DEBUG 31248 --- [    Test worker] org.hibernate.type.BasicTypeRegistry     : Adding type registration java.util.TimeZone -> org.hibernate.type.TimeZoneType@3a5e2525
2022-08-05 09:42:33.229 DEBUG 31248 --- [    Test worker] org.hibernate.type.BasicTypeRegistry     : Adding type registration class -> org.hibernate.type.ClassType@bfb93cf
2022-08-05 09:42:33.229 DEBUG 31248 --- [    Test worker] org.hibernate.type.BasicTypeRegistry     : Adding type registration java.lang.Class -> org.hibernate.type.ClassType@bfb93cf
2022-08-05 09:42:33.230 DEBUG 31248 --- [    Test worker] org.hibernate.type.BasicTypeRegistry     : Adding type registration uuid-binary -> org.hibernate.type.UUIDBinaryType@464ede1f
2022-08-05 09:42:33.230 DEBUG 31248 --- [    Test worker] org.hibernate.type.BasicTypeRegistry     : Adding type registration java.util.UUID -> org.hibernate.type.UUIDBinaryType@464ede1f
2022-08-05 09:42:33.230 DEBUG 31248 --- [    Test worker] org.hibernate.type.BasicTypeRegistry     : Adding type registration uuid-char -> org.hibernate.type.UUIDCharType@5f61e002
2022-08-05 09:42:33.231 DEBUG 31248 --- [    Test worker] org.hibernate.type.BasicTypeRegistry     : Adding type registration binary -> org.hibernate.type.BinaryType@3d8d970e
2022-08-05 09:42:33.232 DEBUG 31248 --- [    Test worker] org.hibernate.type.BasicTypeRegistry     : Adding type registration byte[] -> org.hibernate.type.BinaryType@3d8d970e
2022-08-05 09:42:33.232 DEBUG 31248 --- [    Test worker] org.hibernate.type.BasicTypeRegistry     : Adding type registration [B -> org.hibernate.type.BinaryType@3d8d970e
2022-08-05 09:42:33.233 DEBUG 31248 --- [    Test worker] org.hibernate.type.BasicTypeRegistry     : Adding type registration wrapper-binary -> org.hibernate.type.WrapperBinaryType@72eed547
2022-08-05 09:42:33.233 DEBUG 31248 --- [    Test worker] org.hibernate.type.BasicTypeRegistry     : Adding type registration Byte[] -> org.hibernate.type.WrapperBinaryType@72eed547
2022-08-05 09:42:33.233 DEBUG 31248 --- [    Test worker] org.hibernate.type.BasicTypeRegistry     : Adding type registration [Ljava.lang.Byte; -> org.hibernate.type.WrapperBinaryType@72eed547
2022-08-05 09:42:33.235 DEBUG 31248 --- [    Test worker] org.hibernate.type.BasicTypeRegistry     : Adding type registration row_version -> org.hibernate.type.RowVersionType@7c7ed72a
2022-08-05 09:42:33.235 DEBUG 31248 --- [    Test worker] org.hibernate.type.BasicTypeRegistry     : Adding type registration image -> org.hibernate.type.ImageType@36dafa24
2022-08-05 09:42:33.236 DEBUG 31248 --- [    Test worker] org.hibernate.type.BasicTypeRegistry     : Adding type registration characters -> org.hibernate.type.CharArrayType@7af0d91b
2022-08-05 09:42:33.236 DEBUG 31248 --- [    Test worker] org.hibernate.type.BasicTypeRegistry     : Adding type registration char[] -> org.hibernate.type.CharArrayType@7af0d91b
2022-08-05 09:42:33.236 DEBUG 31248 --- [    Test worker] org.hibernate.type.BasicTypeRegistry     : Adding type registration [C -> org.hibernate.type.CharArrayType@7af0d91b
2022-08-05 09:42:33.237 DEBUG 31248 --- [    Test worker] org.hibernate.type.BasicTypeRegistry     : Adding type registration wrapper-characters -> org.hibernate.type.CharacterArrayType@4cecc15a
2022-08-05 09:42:33.237 DEBUG 31248 --- [    Test worker] org.hibernate.type.BasicTypeRegistry     : Adding type registration [Ljava.lang.Character; -> org.hibernate.type.CharacterArrayType@4cecc15a
2022-08-05 09:42:33.237 DEBUG 31248 --- [    Test worker] org.hibernate.type.BasicTypeRegistry     : Adding type registration Character[] -> org.hibernate.type.CharacterArrayType@4cecc15a
2022-08-05 09:42:33.238 DEBUG 31248 --- [    Test worker] org.hibernate.type.BasicTypeRegistry     : Adding type registration text -> org.hibernate.type.TextType@5e385b6f
2022-08-05 09:42:33.238 DEBUG 31248 --- [    Test worker] org.hibernate.type.BasicTypeRegistry     : Adding type registration ntext -> org.hibernate.type.NTextType@892af0e
2022-08-05 09:42:33.240 DEBUG 31248 --- [    Test worker] org.hibernate.type.BasicTypeRegistry     : Adding type registration blob -> org.hibernate.type.BlobType@18e4551
2022-08-05 09:42:33.240 DEBUG 31248 --- [    Test worker] org.hibernate.type.BasicTypeRegistry     : Adding type registration java.sql.Blob -> org.hibernate.type.BlobType@18e4551
2022-08-05 09:42:33.241 DEBUG 31248 --- [    Test worker] org.hibernate.type.BasicTypeRegistry     : Adding type registration materialized_blob -> org.hibernate.type.MaterializedBlobType@25d911a
2022-08-05 09:42:33.242 DEBUG 31248 --- [    Test worker] org.hibernate.type.BasicTypeRegistry     : Adding type registration clob -> org.hibernate.type.ClobType@76828577
2022-08-05 09:42:33.242 DEBUG 31248 --- [    Test worker] org.hibernate.type.BasicTypeRegistry     : Adding type registration java.sql.Clob -> org.hibernate.type.ClobType@76828577
2022-08-05 09:42:33.244 DEBUG 31248 --- [    Test worker] org.hibernate.type.BasicTypeRegistry     : Adding type registration nclob -> org.hibernate.type.NClobType@64f32e9e
2022-08-05 09:42:33.244 DEBUG 31248 --- [    Test worker] org.hibernate.type.BasicTypeRegistry     : Adding type registration java.sql.NClob -> org.hibernate.type.NClobType@64f32e9e
2022-08-05 09:42:33.245 DEBUG 31248 --- [    Test worker] org.hibernate.type.BasicTypeRegistry     : Adding type registration materialized_clob -> org.hibernate.type.MaterializedClobType@1fcaea93
2022-08-05 09:42:33.245 DEBUG 31248 --- [    Test worker] org.hibernate.type.BasicTypeRegistry     : Adding type registration materialized_nclob -> org.hibernate.type.MaterializedNClobType@40faff12
2022-08-05 09:42:33.246 DEBUG 31248 --- [    Test worker] org.hibernate.type.BasicTypeRegistry     : Adding type registration serializable -> org.hibernate.type.SerializableType@16ac4d3d
2022-08-05 09:42:33.249 DEBUG 31248 --- [    Test worker] org.hibernate.type.BasicTypeRegistry     : Adding type registration object -> org.hibernate.type.ObjectType@5ed25612
2022-08-05 09:42:33.249 DEBUG 31248 --- [    Test worker] org.hibernate.type.BasicTypeRegistry     : Adding type registration java.lang.Object -> org.hibernate.type.ObjectType@5ed25612
2022-08-05 09:42:33.250 DEBUG 31248 --- [    Test worker] org.hibernate.type.BasicTypeRegistry     : Adding type registration imm_date -> org.hibernate.type.AdaptedImmutableType@9e33a6a
2022-08-05 09:42:33.250 DEBUG 31248 --- [    Test worker] org.hibernate.type.BasicTypeRegistry     : Adding type registration imm_time -> org.hibernate.type.AdaptedImmutableType@c497a55
2022-08-05 09:42:33.250 DEBUG 31248 --- [    Test worker] org.hibernate.type.BasicTypeRegistry     : Adding type registration imm_timestamp -> org.hibernate.type.AdaptedImmutableType@7493d937
2022-08-05 09:42:33.250 DEBUG 31248 --- [    Test worker] org.hibernate.type.BasicTypeRegistry     : Adding type registration imm_dbtimestamp -> org.hibernate.type.AdaptedImmutableType@5dc7841c
2022-08-05 09:42:33.250 DEBUG 31248 --- [    Test worker] org.hibernate.type.BasicTypeRegistry     : Adding type registration imm_calendar -> org.hibernate.type.AdaptedImmutableType@4d67d5a4
2022-08-05 09:42:33.250 DEBUG 31248 --- [    Test worker] org.hibernate.type.BasicTypeRegistry     : Adding type registration imm_calendar_date -> org.hibernate.type.AdaptedImmutableType@a3b858f
2022-08-05 09:42:33.250 DEBUG 31248 --- [    Test worker] org.hibernate.type.BasicTypeRegistry     : Adding type registration imm_binary -> org.hibernate.type.AdaptedImmutableType@600bbf9e
2022-08-05 09:42:33.250 DEBUG 31248 --- [    Test worker] org.hibernate.type.BasicTypeRegistry     : Adding type registration imm_serializable -> org.hibernate.type.AdaptedImmutableType@18d30e7
2022-08-05 09:42:33.292  INFO 31248 --- [    Test worker] com.zaxxer.hikari.HikariDataSource       : HikariPool-1 - Starting...
2022-08-05 09:42:33.413  INFO 31248 --- [    Test worker] com.zaxxer.hikari.HikariDataSource       : HikariPool-1 - Start completed.
2022-08-05 09:42:33.460  INFO 31248 --- [    Test worker] org.hibernate.dialect.Dialect            : HHH000400: Using dialect: org.hibernate.dialect.H2Dialect
2022-08-05 09:42:33.507 DEBUG 31248 --- [    Test worker] o.h.type.spi.TypeConfiguration$Scope     : Scoping TypeConfiguration [org.hibernate.type.spi.TypeConfiguration@69d2e517] to MetadataBuildingContext [org.hibernate.boot.internal.MetadataBuildingContextRootImpl@1f9a7684]
2022-08-05 09:42:33.857 DEBUG 31248 --- [    Test worker] org.hibernate.type.EnumType              : Using NAMED-based conversion for Enum kakao.valuetogether.domain.enums.Target
2022-08-05 09:42:33.858 DEBUG 31248 --- [    Test worker] org.hibernate.type.EnumType              : Using NAMED-based conversion for Enum kakao.valuetogether.domain.enums.Topic
2022-08-05 09:42:33.870  WARN 31248 --- [    Test worker] org.hibernate.mapping.RootClass          : HHH000038: Composite-id class does not override equals(): kakao.valuetogether.domain.TagPost
2022-08-05 09:42:33.871  WARN 31248 --- [    Test worker] org.hibernate.mapping.RootClass          : HHH000039: Composite-id class does not override hashCode(): kakao.valuetogether.domain.TagPost
2022-08-05 09:42:33.872  WARN 31248 --- [    Test worker] org.hibernate.mapping.RootClass          : HHH000038: Composite-id class does not override equals(): kakao.valuetogether.domain.Donation
2022-08-05 09:42:33.872  WARN 31248 --- [    Test worker] org.hibernate.mapping.RootClass          : HHH000039: Composite-id class does not override hashCode(): kakao.valuetogether.domain.Donation
2022-08-05 09:42:33.872 DEBUG 31248 --- [    Test worker] o.h.type.spi.TypeConfiguration$Scope     : Scoping TypeConfiguration [org.hibernate.type.spi.TypeConfiguration@69d2e517] to SessionFactoryImpl [org.hibernate.internal.SessionFactoryImpl@46188a89]
2022-08-05 09:42:34.257 DEBUG 31248 --- [    Test worker] org.hibernate.SQL                        : 
    
    drop table if exists comment CASCADE 
Hibernate: 
    
    drop table if exists comment CASCADE 
2022-08-05 09:42:34.268 DEBUG 31248 --- [    Test worker] org.hibernate.SQL                        : 
    
    drop table if exists donation CASCADE 
Hibernate: 
    
    drop table if exists donation CASCADE 
2022-08-05 09:42:34.269 DEBUG 31248 --- [    Test worker] org.hibernate.SQL                        : 
    
    drop table if exists link CASCADE 
Hibernate: 
    
    drop table if exists link CASCADE 
2022-08-05 09:42:34.271 DEBUG 31248 --- [    Test worker] org.hibernate.SQL                        : 
    
    drop table if exists member CASCADE 
Hibernate: 
    
    drop table if exists member CASCADE 
2022-08-05 09:42:34.274 DEBUG 31248 --- [    Test worker] org.hibernate.SQL                        : 
    
    drop table if exists post CASCADE 
Hibernate: 
    
    drop table if exists post CASCADE 
2022-08-05 09:42:34.276 DEBUG 31248 --- [    Test worker] org.hibernate.SQL                        : 
    
    drop table if exists tag CASCADE 
Hibernate: 
    
    drop table if exists tag CASCADE 
2022-08-05 09:42:34.277 DEBUG 31248 --- [    Test worker] org.hibernate.SQL                        : 
    
    drop table if exists tag_post CASCADE 
Hibernate: 
    
    drop table if exists tag_post CASCADE 
2022-08-05 09:42:34.279 DEBUG 31248 --- [    Test worker] org.hibernate.SQL                        : 
    
    drop sequence if exists hibernate_sequence
Hibernate: 
    
    drop sequence if exists hibernate_sequence
2022-08-05 09:42:34.283 DEBUG 31248 --- [    Test worker] org.hibernate.SQL                        : create sequence hibernate_sequence start with 1 increment by 1
Hibernate: create sequence hibernate_sequence start with 1 increment by 1
2022-08-05 09:42:34.285 DEBUG 31248 --- [    Test worker] org.hibernate.SQL                        : 
    
    create table comment (
       comment_id bigint generated by default as identity,
        content varchar(255) not null,
        date timestamp not null,
        likes integer,
        member_id bigint not null,
        post_id bigint not null,
        primary key (comment_id)
    )
Hibernate: 
    
    create table comment (
       comment_id bigint generated by default as identity,
        content varchar(255) not null,
        date timestamp not null,
        likes integer,
        member_id bigint not null,
        post_id bigint not null,
        primary key (comment_id)
    )
2022-08-05 09:42:34.287 DEBUG 31248 --- [    Test worker] org.hibernate.SQL                        : 
    
    create table donation (
       cheer_donation integer,
        comment_donation integer,
        direct_donation integer,
        share_donation integer,
        count_cheer_donation integer,
        count_comment_donation integer,
        count_direct_donation integer,
        count_share_donation integer,
        member_id bigint not null,
        post_id bigint not null,
        primary key (post_id, member_id)
    )
Hibernate: 
    
    create table donation (
       cheer_donation integer,
        comment_donation integer,
        direct_donation integer,
        share_donation integer,
        count_cheer_donation integer,
        count_comment_donation integer,
        count_direct_donation integer,
        count_share_donation integer,
        member_id bigint not null,
        post_id bigint not null,
        primary key (post_id, member_id)
    )
2022-08-05 09:42:34.290 DEBUG 31248 --- [    Test worker] org.hibernate.SQL                        : 
    
    create table link (
       link_id bigint not null,
        link varchar(255),
        post_id bigint,
        primary key (link_id)
    )
Hibernate: 
    
    create table link (
       link_id bigint not null,
        link varchar(255),
        post_id bigint,
        primary key (link_id)
    )
2022-08-05 09:42:34.291 DEBUG 31248 --- [    Test worker] org.hibernate.SQL                        : 
    
    create table member (
       member_id bigint generated by default as identity,
        member_address varchar(255) not null,
        member_birthday varchar(255) not null,
        member_email varchar(255) not null,
        member_gender varchar(255) not null,
        member_name varchar(255) not null,
        member_nickname varchar(255) not null,
        member_phone varchar(255),
        member_pw varchar(255) not null,
        primary key (member_id)
    )
Hibernate: 
    
    create table member (
       member_id bigint generated by default as identity,
        member_address varchar(255) not null,
        member_birthday varchar(255) not null,
        member_email varchar(255) not null,
        member_gender varchar(255) not null,
        member_name varchar(255) not null,
        member_nickname varchar(255) not null,
        member_phone varchar(255),
        member_pw varchar(255) not null,
        primary key (member_id)
    )
2022-08-05 09:42:34.295 DEBUG 31248 --- [    Test worker] org.hibernate.SQL                        : 
    
    create table post (
       post_id bigint generated by default as identity,
        article varchar(255) not null,
        end_date timestamp not null,
        image varchar(255),
        is_confirm boolean not null,
        start_date timestamp not null,
        sub_title varchar(255) not null,
        target varchar(255),
        target_amount integer not null,
        title varchar(255) not null,
        topic varchar(255),
        member_id bigint,
        primary key (post_id)
    )
Hibernate: 
    
    create table post (
       post_id bigint generated by default as identity,
        article varchar(255) not null,
        end_date timestamp not null,
        image varchar(255),
        is_confirm boolean not null,
        start_date timestamp not null,
        sub_title varchar(255) not null,
        target varchar(255),
        target_amount integer not null,
        title varchar(255) not null,
        topic varchar(255),
        member_id bigint,
        primary key (post_id)
    )
2022-08-05 09:42:34.297 DEBUG 31248 --- [    Test worker] org.hibernate.SQL                        : 
    
    create table tag (
       tag_id bigint generated by default as identity,
        tag_name varchar(255) not null,
        primary key (tag_id)
    )
Hibernate: 
    
    create table tag (
       tag_id bigint generated by default as identity,
        tag_name varchar(255) not null,
        primary key (tag_id)
    )
2022-08-05 09:42:34.299 DEBUG 31248 --- [    Test worker] org.hibernate.SQL                        : 
    
    create table tag_post (
       tag_id bigint not null,
        post_id bigint not null,
        primary key (tag_id)
    )
Hibernate: 
    
    create table tag_post (
       tag_id bigint not null,
        post_id bigint not null,
        primary key (tag_id)
    )
2022-08-05 09:42:34.301 DEBUG 31248 --- [    Test worker] org.hibernate.SQL                        : 
    
    alter table comment 
       add constraint FKmrrrpi513ssu63i2783jyiv9m 
       foreign key (member_id) 
       references member
Hibernate: 
    
    alter table comment 
       add constraint FKmrrrpi513ssu63i2783jyiv9m 
       foreign key (member_id) 
       references member
2022-08-05 09:42:34.306 DEBUG 31248 --- [    Test worker] org.hibernate.SQL                        : 
    
    alter table comment 
       add constraint FKs1slvnkuemjsq2kj4h3vhx7i1 
       foreign key (post_id) 
       references post
Hibernate: 
    
    alter table comment 
       add constraint FKs1slvnkuemjsq2kj4h3vhx7i1 
       foreign key (post_id) 
       references post
2022-08-05 09:42:34.308 DEBUG 31248 --- [    Test worker] org.hibernate.SQL                        : 
    
    alter table donation 
       add constraint FKihjfojjw2d2ijyjk18x9atkoy 
       foreign key (member_id) 
       references member
Hibernate: 
    
    alter table donation 
       add constraint FKihjfojjw2d2ijyjk18x9atkoy 
       foreign key (member_id) 
       references member
2022-08-05 09:42:34.311 DEBUG 31248 --- [    Test worker] org.hibernate.SQL                        : 
    
    alter table donation 
       add constraint FK5bgw4rtttocukydsisbsc9ll7 
       foreign key (post_id) 
       references post
Hibernate: 
    
    alter table donation 
       add constraint FK5bgw4rtttocukydsisbsc9ll7 
       foreign key (post_id) 
       references post
2022-08-05 09:42:34.315 DEBUG 31248 --- [    Test worker] org.hibernate.SQL                        : 
    
    alter table link 
       add constraint FKtlh1puclwrxk7o3b3wa8jt1gc 
       foreign key (post_id) 
       references post
Hibernate: 
    
    alter table link 
       add constraint FKtlh1puclwrxk7o3b3wa8jt1gc 
       foreign key (post_id) 
       references post
2022-08-05 09:42:34.318 DEBUG 31248 --- [    Test worker] org.hibernate.SQL                        : 
    
    alter table post 
       add constraint FK83s99f4kx8oiqm3ro0sasmpww 
       foreign key (member_id) 
       references member
Hibernate: 
    
    alter table post 
       add constraint FK83s99f4kx8oiqm3ro0sasmpww 
       foreign key (member_id) 
       references member
2022-08-05 09:42:34.320 DEBUG 31248 --- [    Test worker] org.hibernate.SQL                        : 
    
    alter table tag_post 
       add constraint FK36t4u7evt09pdln4evfoo4v5n 
       foreign key (tag_id) 
       references tag
Hibernate: 
    
    alter table tag_post 
       add constraint FK36t4u7evt09pdln4evfoo4v5n 
       foreign key (tag_id) 
       references tag
2022-08-05 09:42:34.323 DEBUG 31248 --- [    Test worker] org.hibernate.SQL                        : 
    
    alter table tag_post 
       add constraint FKceeso860swdv8btriq9cwrbcv 
       foreign key (post_id) 
       references post
Hibernate: 
    
    alter table tag_post 
       add constraint FKceeso860swdv8btriq9cwrbcv 
       foreign key (post_id) 
       references post
2022-08-05 09:42:34.328  INFO 31248 --- [    Test worker] o.h.e.t.j.p.i.JtaPlatformInitiator       : HHH000490: Using JtaPlatform implementation: [org.hibernate.engine.transaction.jta.platform.internal.NoJtaPlatform]
2022-08-05 09:42:34.352 TRACE 31248 --- [    Test worker] o.h.type.spi.TypeConfiguration$Scope     : Handling #sessionFactoryCreated from [org.hibernate.internal.SessionFactoryImpl@46188a89] for TypeConfiguration
2022-08-05 09:42:34.355  INFO 31248 --- [    Test worker] j.LocalContainerEntityManagerFactoryBean : Initialized JPA EntityManagerFactory for persistence unit 'default'
2022-08-05 09:42:35.382  WARN 31248 --- [    Test worker] JpaBaseConfiguration$JpaWebConfiguration : spring.jpa.open-in-view is enabled by default. Therefore, database queries may be performed during view rendering. Explicitly configure spring.jpa.open-in-view to disable this warning
2022-08-05 09:42:35.735  INFO 31248 --- [    Test worker] o.s.b.a.w.s.WelcomePageHandlerMapping    : Adding welcome page: class path resource [static/index.html]
2022-08-05 09:42:36.140  INFO 31248 --- [    Test worker] k.v.ValuetogetherApplicationTests        : Started ValuetogetherApplicationTests in 5.286 seconds (JVM running for 6.789)
2022-08-05 09:42:36.248  INFO 31248 --- [    Test worker] o.s.t.c.transaction.TransactionContext   : Began transaction (1) for test context [DefaultTestContext@7bc9e6ab testClass = ValuetogetherApplicationTests, testInstance = kakao.valuetogether.ValuetogetherApplicationTests@3c3357c7, testMethod = test@ValuetogetherApplicationTests, testException = [null], mergedContextConfiguration = [WebMergedContextConfiguration@5488b5c5 testClass = ValuetogetherApplicationTests, locations = '{}', classes = '{class kakao.valuetogether.ValuetogetherApplication}', contextInitializerClasses = '[]', activeProfiles = '{}', propertySourceLocations = '{}', propertySourceProperties = '{org.springframework.boot.test.context.SpringBootTestContextBootstrapper=true}', contextCustomizers = set[org.springframework.boot.test.autoconfigure.actuate.metrics.MetricsExportContextCustomizerFactory$DisableMetricExportContextCustomizer@129b4fe2, org.springframework.boot.test.autoconfigure.properties.PropertyMappingContextCustomizer@0, org.springframework.boot.test.autoconfigure.web.servlet.WebDriverContextCustomizerFactory$Customizer@60dce7ea, org.springframework.boot.test.context.filter.ExcludeFilterContextCustomizer@1ef3efa8, org.springframework.boot.test.json.DuplicateJsonObjectContextCustomizerFactory$DuplicateJsonObjectContextCustomizer@5c3b6c6e, org.springframework.boot.test.mock.mockito.MockitoContextCustomizer@0, org.springframework.boot.test.web.client.TestRestTemplateContextCustomizer@14c01636, org.springframework.boot.test.context.SpringBootTestArgs@1, org.springframework.boot.test.context.SpringBootTestWebEnvironment@34b9f960], resourceBasePath = 'src/main/webapp', contextLoader = 'org.springframework.boot.test.context.SpringBootContextLoader', parent = [null]], attributes = map['org.springframework.test.context.web.ServletTestExecutionListener.activateListener' -> true, 'org.springframework.test.context.web.ServletTestExecutionListener.populatedRequestContextHolder' -> true, 'org.springframework.test.context.web.ServletTestExecutionListener.resetRequestContextHolder' -> true, 'org.springframework.test.context.event.ApplicationEventsTestExecutionListener.recordApplicationEvents' -> false]]; transaction manager [org.springframework.orm.jpa.JpaTransactionManager@a1be5cb]; rollback [true]
2022-08-05 09:42:36.373  INFO 31248 --- [    Test worker] o.s.t.c.transaction.TransactionContext   : Rolled back transaction for test: [DefaultTestContext@7bc9e6ab testClass = ValuetogetherApplicationTests, testInstance = kakao.valuetogether.ValuetogetherApplicationTests@3c3357c7, testMethod = test@ValuetogetherApplicationTests, testException = [null], mergedContextConfiguration = [WebMergedContextConfiguration@5488b5c5 testClass = ValuetogetherApplicationTests, locations = '{}', classes = '{class kakao.valuetogether.ValuetogetherApplication}', contextInitializerClasses = '[]', activeProfiles = '{}', propertySourceLocations = '{}', propertySourceProperties = '{org.springframework.boot.test.context.SpringBootTestContextBootstrapper=true}', contextCustomizers = set[org.springframework.boot.test.autoconfigure.actuate.metrics.MetricsExportContextCustomizerFactory$DisableMetricExportContextCustomizer@129b4fe2, org.springframework.boot.test.autoconfigure.properties.PropertyMappingContextCustomizer@0, org.springframework.boot.test.autoconfigure.web.servlet.WebDriverContextCustomizerFactory$Customizer@60dce7ea, org.springframework.boot.test.context.filter.ExcludeFilterContextCustomizer@1ef3efa8, org.springframework.boot.test.json.DuplicateJsonObjectContextCustomizerFactory$DuplicateJsonObjectContextCustomizer@5c3b6c6e, org.springframework.boot.test.mock.mockito.MockitoContextCustomizer@0, org.springframework.boot.test.web.client.TestRestTemplateContextCustomizer@14c01636, org.springframework.boot.test.context.SpringBootTestArgs@1, org.springframework.boot.test.context.SpringBootTestWebEnvironment@34b9f960], resourceBasePath = 'src/main/webapp', contextLoader = 'org.springframework.boot.test.context.SpringBootContextLoader', parent = [null]], attributes = map['org.springframework.test.context.web.ServletTestExecutionListener.activateListener' -> true, 'org.springframework.test.context.web.ServletTestExecutionListener.populatedRequestContextHolder' -> true, 'org.springframework.test.context.web.ServletTestExecutionListener.resetRequestContextHolder' -> true, 'org.springframework.test.context.event.ApplicationEventsTestExecutionListener.recordApplicationEvents' -> false]]
]]></system-out>
  <system-err><![CDATA[]]></system-err>
</testsuite>
