<?xml version="1.0" encoding="UTF-8"?>
<testsuite name="kakao.valuetogether.ValuetogetherApplicationTests" tests="1" skipped="0" failures="0" errors="0" timestamp="2022-08-02T03:51:50" hostname="DESKTOP-8DQF55R" time="0.245">
  <properties/>
  <testcase name="test()" classname="kakao.valuetogether.ValuetogetherApplicationTests" time="0.245"/>
  <system-out><![CDATA[12:51:44.121 [Test worker] DEBUG org.springframework.test.context.BootstrapUtils - Instantiating CacheAwareContextLoaderDelegate from class [org.springframework.test.context.cache.DefaultCacheAwareContextLoaderDelegate]
12:51:44.122 [Test worker] DEBUG org.springframework.test.context.BootstrapUtils - Instantiating BootstrapContext using constructor [public org.springframework.test.context.support.DefaultBootstrapContext(java.lang.Class,org.springframework.test.context.CacheAwareContextLoaderDelegate)]
12:51:44.123 [Test worker] DEBUG org.springframework.test.context.BootstrapUtils - Instantiating TestContextBootstrapper for test class [kakao.valuetogether.ValuetogetherApplicationTests] from class [org.springframework.boot.test.context.SpringBootTestContextBootstrapper]
12:51:44.125 [Test worker] INFO org.springframework.boot.test.context.SpringBootTestContextBootstrapper - Neither @ContextConfiguration nor @ContextHierarchy found for test class [kakao.valuetogether.ValuetogetherApplicationTests], using SpringBootContextLoader
12:51:44.127 [Test worker] DEBUG org.springframework.test.context.support.AbstractContextLoader - Did not detect default resource location for test class [kakao.valuetogether.ValuetogetherApplicationTests]: class path resource [kakao/valuetogether/ValuetogetherApplicationTests-context.xml] does not exist
12:51:44.128 [Test worker] DEBUG org.springframework.test.context.support.AbstractContextLoader - Did not detect default resource location for test class [kakao.valuetogether.ValuetogetherApplicationTests]: class path resource [kakao/valuetogether/ValuetogetherApplicationTestsContext.groovy] does not exist
12:51:44.129 [Test worker] INFO org.springframework.test.context.support.AbstractContextLoader - Could not detect default resource locations for test class [kakao.valuetogether.ValuetogetherApplicationTests]: no resource found for suffixes {-context.xml, Context.groovy}.
12:51:44.129 [Test worker] INFO org.springframework.test.context.support.AnnotationConfigContextLoaderUtils - Could not detect default configuration classes for test class [kakao.valuetogether.ValuetogetherApplicationTests]: ValuetogetherApplicationTests does not declare any static, non-private, non-final, nested classes annotated with @Configuration.
12:51:44.133 [Test worker] DEBUG org.springframework.test.context.support.ActiveProfilesUtils - Could not find an 'annotation declaring class' for annotation type [org.springframework.test.context.ActiveProfiles] and class [kakao.valuetogether.ValuetogetherApplicationTests]
12:51:44.148 [Test worker] DEBUG org.springframework.context.annotation.ClassPathScanningCandidateComponentProvider - Identified candidate component class: file [C:\Users\kimdongho\Desktop\spring-back\valuetogether\valuetogether\valuetogether\build\classes\java\main\kakao\valuetogether\ValuetogetherApplication.class]
12:51:44.149 [Test worker] INFO org.springframework.boot.test.context.SpringBootTestContextBootstrapper - Found @SpringBootConfiguration kakao.valuetogether.ValuetogetherApplication for test class kakao.valuetogether.ValuetogetherApplicationTests
12:51:44.154 [Test worker] DEBUG org.springframework.boot.test.context.SpringBootTestContextBootstrapper - @TestExecutionListeners is not present for class [kakao.valuetogether.ValuetogetherApplicationTests]: using defaults.
12:51:44.155 [Test worker] INFO org.springframework.boot.test.context.SpringBootTestContextBootstrapper - Loaded default TestExecutionListener class names from location [META-INF/spring.factories]: [org.springframework.boot.test.autoconfigure.restdocs.RestDocsTestExecutionListener, org.springframework.boot.test.autoconfigure.web.client.MockRestServiceServerResetTestExecutionListener, org.springframework.boot.test.autoconfigure.web.servlet.MockMvcPrintOnlyOnFailureTestExecutionListener, org.springframework.boot.test.autoconfigure.web.servlet.WebDriverTestExecutionListener, org.springframework.boot.test.autoconfigure.webservices.client.MockWebServiceServerTestExecutionListener, org.springframework.boot.test.mock.mockito.MockitoTestExecutionListener, org.springframework.boot.test.mock.mockito.ResetMocksTestExecutionListener, org.springframework.test.context.web.ServletTestExecutionListener, org.springframework.test.context.support.DirtiesContextBeforeModesTestExecutionListener, org.springframework.test.context.event.ApplicationEventsTestExecutionListener, org.springframework.test.context.support.DependencyInjectionTestExecutionListener, org.springframework.test.context.support.DirtiesContextTestExecutionListener, org.springframework.test.context.transaction.TransactionalTestExecutionListener, org.springframework.test.context.jdbc.SqlScriptsTestExecutionListener, org.springframework.test.context.event.EventPublishingTestExecutionListener]
12:51:44.157 [Test worker] INFO org.springframework.boot.test.context.SpringBootTestContextBootstrapper - Using TestExecutionListeners: [org.springframework.test.context.web.ServletTestExecutionListener@1ce93c18, org.springframework.test.context.support.DirtiesContextBeforeModesTestExecutionListener@19f21b6b, org.springframework.test.context.event.ApplicationEventsTestExecutionListener@1532c619, org.springframework.boot.test.mock.mockito.MockitoTestExecutionListener@46044faa, org.springframework.boot.test.autoconfigure.SpringBootDependencyInjectionTestExecutionListener@1358b28e, org.springframework.test.context.support.DirtiesContextTestExecutionListener@1a78dacd, org.springframework.test.context.transaction.TransactionalTestExecutionListener@19f9d595, org.springframework.test.context.jdbc.SqlScriptsTestExecutionListener@7de4a01f, org.springframework.test.context.event.EventPublishingTestExecutionListener@2bfeb1ef, org.springframework.boot.test.autoconfigure.restdocs.RestDocsTestExecutionListener@778ca8ef, org.springframework.boot.test.autoconfigure.web.client.MockRestServiceServerResetTestExecutionListener@208e9ef6, org.springframework.boot.test.autoconfigure.web.servlet.MockMvcPrintOnlyOnFailureTestExecutionListener@78b236a0, org.springframework.boot.test.autoconfigure.web.servlet.WebDriverTestExecutionListener@261d8190, org.springframework.boot.test.autoconfigure.webservices.client.MockWebServiceServerTestExecutionListener@34448e6c, org.springframework.boot.test.mock.mockito.ResetMocksTestExecutionListener@60e9df3c]
12:51:44.168 [Test worker] DEBUG org.springframework.test.context.support.AbstractDirtiesContextTestExecutionListener - Before test class: context [DefaultTestContext@6f89f665 testClass = ValuetogetherApplicationTests, testInstance = [null], testMethod = [null], testException = [null], mergedContextConfiguration = [WebMergedContextConfiguration@df1cff6 testClass = ValuetogetherApplicationTests, locations = '{}', classes = '{class kakao.valuetogether.ValuetogetherApplication}', contextInitializerClasses = '[]', activeProfiles = '{}', propertySourceLocations = '{}', propertySourceProperties = '{org.springframework.boot.test.context.SpringBootTestContextBootstrapper=true}', contextCustomizers = set[org.springframework.boot.test.autoconfigure.actuate.metrics.MetricsExportContextCustomizerFactory$DisableMetricExportContextCustomizer@129b4fe2, org.springframework.boot.test.autoconfigure.properties.PropertyMappingContextCustomizer@0, org.springframework.boot.test.autoconfigure.web.servlet.WebDriverContextCustomizerFactory$Customizer@60dce7ea, org.springframework.boot.test.context.filter.ExcludeFilterContextCustomizer@1ef3efa8, org.springframework.boot.test.json.DuplicateJsonObjectContextCustomizerFactory$DuplicateJsonObjectContextCustomizer@5c3b6c6e, org.springframework.boot.test.mock.mockito.MockitoContextCustomizer@0, org.springframework.boot.test.web.client.TestRestTemplateContextCustomizer@14c01636, org.springframework.boot.test.context.SpringBootTestArgs@1, org.springframework.boot.test.context.SpringBootTestWebEnvironment@791d1f8b], resourceBasePath = 'src/main/webapp', contextLoader = 'org.springframework.boot.test.context.SpringBootContextLoader', parent = [null]], attributes = map['org.springframework.test.context.web.ServletTestExecutionListener.activateListener' -> true]], class annotated with @DirtiesContext [false] with mode [null].

  .   ____          _            __ _ _
 /\\ / ___'_ __ _ _(_)_ __  __ _ \ \ \ \
( ( )\___ | '_ | '_| | '_ \/ _` | \ \ \ \
 \\/  ___)| |_)| | | | | || (_| |  ) ) ) )
  '  |____| .__|_| |_|_| |_\__, | / / / /
 =========|_|==============|___/=/_/_/_/
 :: Spring Boot ::                (v2.7.1)

2022-08-02 12:51:44.960  INFO 14464 --- [    Test worker] k.v.ValuetogetherApplicationTests        : Starting ValuetogetherApplicationTests using Java 11.0.15 on DESKTOP-8DQF55R with PID 14464 (started by kimdongho in C:\Users\kimdongho\Desktop\spring-back\valuetogether\valuetogether\valuetogether)
2022-08-02 12:51:44.962  INFO 14464 --- [    Test worker] k.v.ValuetogetherApplicationTests        : No active profile set, falling back to 1 default profile: "default"
2022-08-02 12:51:46.111  INFO 14464 --- [    Test worker] .s.d.r.c.RepositoryConfigurationDelegate : Bootstrapping Spring Data JPA repositories in DEFAULT mode.
2022-08-02 12:51:46.150  INFO 14464 --- [    Test worker] .s.d.r.c.RepositoryConfigurationDelegate : Finished Spring Data repository scanning in 20 ms. Found 0 JPA repository interfaces.
2022-08-02 12:51:47.047  INFO 14464 --- [    Test worker] o.hibernate.jpa.internal.util.LogHelper  : HHH000204: Processing PersistenceUnitInfo [name: default]
2022-08-02 12:51:47.153  INFO 14464 --- [    Test worker] org.hibernate.Version                    : HHH000412: Hibernate ORM core version 5.6.9.Final
2022-08-02 12:51:47.471  INFO 14464 --- [    Test worker] o.hibernate.annotations.common.Version   : HCANN000001: Hibernate Commons Annotations {5.1.2.Final}
2022-08-02 12:51:47.526 DEBUG 14464 --- [    Test worker] org.hibernate.type.BasicTypeRegistry     : Adding type registration boolean -> org.hibernate.type.BooleanType@166b11e
2022-08-02 12:51:47.526 DEBUG 14464 --- [    Test worker] org.hibernate.type.BasicTypeRegistry     : Adding type registration boolean -> org.hibernate.type.BooleanType@166b11e
2022-08-02 12:51:47.526 DEBUG 14464 --- [    Test worker] org.hibernate.type.BasicTypeRegistry     : Adding type registration java.lang.Boolean -> org.hibernate.type.BooleanType@166b11e
2022-08-02 12:51:47.527 DEBUG 14464 --- [    Test worker] org.hibernate.type.BasicTypeRegistry     : Adding type registration numeric_boolean -> org.hibernate.type.NumericBooleanType@3bc20984
2022-08-02 12:51:47.529 DEBUG 14464 --- [    Test worker] org.hibernate.type.BasicTypeRegistry     : Adding type registration true_false -> org.hibernate.type.TrueFalseType@2424cb9d
2022-08-02 12:51:47.530 DEBUG 14464 --- [    Test worker] org.hibernate.type.BasicTypeRegistry     : Adding type registration yes_no -> org.hibernate.type.YesNoType@69a373fd
2022-08-02 12:51:47.533 DEBUG 14464 --- [    Test worker] org.hibernate.type.BasicTypeRegistry     : Adding type registration byte -> org.hibernate.type.ByteType@1002d192
2022-08-02 12:51:47.533 DEBUG 14464 --- [    Test worker] org.hibernate.type.BasicTypeRegistry     : Adding type registration byte -> org.hibernate.type.ByteType@1002d192
2022-08-02 12:51:47.533 DEBUG 14464 --- [    Test worker] org.hibernate.type.BasicTypeRegistry     : Adding type registration java.lang.Byte -> org.hibernate.type.ByteType@1002d192
2022-08-02 12:51:47.535 DEBUG 14464 --- [    Test worker] org.hibernate.type.BasicTypeRegistry     : Adding type registration character -> org.hibernate.type.CharacterType@7de35070
2022-08-02 12:51:47.535 DEBUG 14464 --- [    Test worker] org.hibernate.type.BasicTypeRegistry     : Adding type registration char -> org.hibernate.type.CharacterType@7de35070
2022-08-02 12:51:47.535 DEBUG 14464 --- [    Test worker] org.hibernate.type.BasicTypeRegistry     : Adding type registration java.lang.Character -> org.hibernate.type.CharacterType@7de35070
2022-08-02 12:51:47.539 DEBUG 14464 --- [    Test worker] org.hibernate.type.BasicTypeRegistry     : Adding type registration short -> org.hibernate.type.ShortType@8b41ad
2022-08-02 12:51:47.540 DEBUG 14464 --- [    Test worker] org.hibernate.type.BasicTypeRegistry     : Adding type registration short -> org.hibernate.type.ShortType@8b41ad
2022-08-02 12:51:47.541 DEBUG 14464 --- [    Test worker] org.hibernate.type.BasicTypeRegistry     : Adding type registration java.lang.Short -> org.hibernate.type.ShortType@8b41ad
2022-08-02 12:51:47.544 DEBUG 14464 --- [    Test worker] org.hibernate.type.BasicTypeRegistry     : Adding type registration integer -> org.hibernate.type.IntegerType@4a9b3956
2022-08-02 12:51:47.544 DEBUG 14464 --- [    Test worker] org.hibernate.type.BasicTypeRegistry     : Adding type registration int -> org.hibernate.type.IntegerType@4a9b3956
2022-08-02 12:51:47.545 DEBUG 14464 --- [    Test worker] org.hibernate.type.BasicTypeRegistry     : Adding type registration java.lang.Integer -> org.hibernate.type.IntegerType@4a9b3956
2022-08-02 12:51:47.548 DEBUG 14464 --- [    Test worker] org.hibernate.type.BasicTypeRegistry     : Adding type registration long -> org.hibernate.type.LongType@3c16528d
2022-08-02 12:51:47.549 DEBUG 14464 --- [    Test worker] org.hibernate.type.BasicTypeRegistry     : Adding type registration long -> org.hibernate.type.LongType@3c16528d
2022-08-02 12:51:47.549 DEBUG 14464 --- [    Test worker] org.hibernate.type.BasicTypeRegistry     : Adding type registration java.lang.Long -> org.hibernate.type.LongType@3c16528d
2022-08-02 12:51:47.552 DEBUG 14464 --- [    Test worker] org.hibernate.type.BasicTypeRegistry     : Adding type registration float -> org.hibernate.type.FloatType@203b953c
2022-08-02 12:51:47.554 DEBUG 14464 --- [    Test worker] org.hibernate.type.BasicTypeRegistry     : Adding type registration float -> org.hibernate.type.FloatType@203b953c
2022-08-02 12:51:47.555 DEBUG 14464 --- [    Test worker] org.hibernate.type.BasicTypeRegistry     : Adding type registration java.lang.Float -> org.hibernate.type.FloatType@203b953c
2022-08-02 12:51:47.557 DEBUG 14464 --- [    Test worker] org.hibernate.type.BasicTypeRegistry     : Adding type registration double -> org.hibernate.type.DoubleType@51fe7f15
2022-08-02 12:51:47.558 DEBUG 14464 --- [    Test worker] org.hibernate.type.BasicTypeRegistry     : Adding type registration double -> org.hibernate.type.DoubleType@51fe7f15
2022-08-02 12:51:47.560 DEBUG 14464 --- [    Test worker] org.hibernate.type.BasicTypeRegistry     : Adding type registration java.lang.Double -> org.hibernate.type.DoubleType@51fe7f15
2022-08-02 12:51:47.561 DEBUG 14464 --- [    Test worker] org.hibernate.type.BasicTypeRegistry     : Adding type registration big_decimal -> org.hibernate.type.BigDecimalType@7bede4ea
2022-08-02 12:51:47.561 DEBUG 14464 --- [    Test worker] org.hibernate.type.BasicTypeRegistry     : Adding type registration java.math.BigDecimal -> org.hibernate.type.BigDecimalType@7bede4ea
2022-08-02 12:51:47.563 DEBUG 14464 --- [    Test worker] org.hibernate.type.BasicTypeRegistry     : Adding type registration big_integer -> org.hibernate.type.BigIntegerType@5a3cf878
2022-08-02 12:51:47.564 DEBUG 14464 --- [    Test worker] org.hibernate.type.BasicTypeRegistry     : Adding type registration java.math.BigInteger -> org.hibernate.type.BigIntegerType@5a3cf878
2022-08-02 12:51:47.566 DEBUG 14464 --- [    Test worker] org.hibernate.type.BasicTypeRegistry     : Adding type registration string -> org.hibernate.type.StringType@1b409a79
2022-08-02 12:51:47.566 DEBUG 14464 --- [    Test worker] org.hibernate.type.BasicTypeRegistry     : Adding type registration java.lang.String -> org.hibernate.type.StringType@1b409a79
2022-08-02 12:51:47.570 DEBUG 14464 --- [    Test worker] org.hibernate.type.BasicTypeRegistry     : Adding type registration nstring -> org.hibernate.type.StringNVarcharType@66d3b881
2022-08-02 12:51:47.573 DEBUG 14464 --- [    Test worker] org.hibernate.type.BasicTypeRegistry     : Adding type registration ncharacter -> org.hibernate.type.CharacterNCharType@f2fb225
2022-08-02 12:51:47.576 DEBUG 14464 --- [    Test worker] org.hibernate.type.BasicTypeRegistry     : Adding type registration url -> org.hibernate.type.UrlType@539316bb
2022-08-02 12:51:47.576 DEBUG 14464 --- [    Test worker] org.hibernate.type.BasicTypeRegistry     : Adding type registration java.net.URL -> org.hibernate.type.UrlType@539316bb
2022-08-02 12:51:47.578 DEBUG 14464 --- [    Test worker] org.hibernate.type.BasicTypeRegistry     : Adding type registration Duration -> org.hibernate.type.DurationType@52bba91a
2022-08-02 12:51:47.579 DEBUG 14464 --- [    Test worker] org.hibernate.type.BasicTypeRegistry     : Adding type registration java.time.Duration -> org.hibernate.type.DurationType@52bba91a
2022-08-02 12:51:47.580 DEBUG 14464 --- [    Test worker] org.hibernate.type.BasicTypeRegistry     : Adding type registration Instant -> org.hibernate.type.InstantType@1f7e52d1
2022-08-02 12:51:47.581 DEBUG 14464 --- [    Test worker] org.hibernate.type.BasicTypeRegistry     : Adding type registration java.time.Instant -> org.hibernate.type.InstantType@1f7e52d1
2022-08-02 12:51:47.585 DEBUG 14464 --- [    Test worker] org.hibernate.type.BasicTypeRegistry     : Adding type registration LocalDateTime -> org.hibernate.type.LocalDateTimeType@4aa22cc2
2022-08-02 12:51:47.585 DEBUG 14464 --- [    Test worker] org.hibernate.type.BasicTypeRegistry     : Adding type registration java.time.LocalDateTime -> org.hibernate.type.LocalDateTimeType@4aa22cc2
2022-08-02 12:51:47.588 DEBUG 14464 --- [    Test worker] org.hibernate.type.BasicTypeRegistry     : Adding type registration LocalDate -> org.hibernate.type.LocalDateType@69bc9584
2022-08-02 12:51:47.588 DEBUG 14464 --- [    Test worker] org.hibernate.type.BasicTypeRegistry     : Adding type registration java.time.LocalDate -> org.hibernate.type.LocalDateType@69bc9584
2022-08-02 12:51:47.590 DEBUG 14464 --- [    Test worker] org.hibernate.type.BasicTypeRegistry     : Adding type registration LocalTime -> org.hibernate.type.LocalTimeType@45984654
2022-08-02 12:51:47.590 DEBUG 14464 --- [    Test worker] org.hibernate.type.BasicTypeRegistry     : Adding type registration java.time.LocalTime -> org.hibernate.type.LocalTimeType@45984654
2022-08-02 12:51:47.592 DEBUG 14464 --- [    Test worker] org.hibernate.type.BasicTypeRegistry     : Adding type registration OffsetDateTime -> org.hibernate.type.OffsetDateTimeType@640c216b
2022-08-02 12:51:47.592 DEBUG 14464 --- [    Test worker] org.hibernate.type.BasicTypeRegistry     : Adding type registration java.time.OffsetDateTime -> org.hibernate.type.OffsetDateTimeType@640c216b
2022-08-02 12:51:47.594 DEBUG 14464 --- [    Test worker] org.hibernate.type.BasicTypeRegistry     : Adding type registration OffsetTime -> org.hibernate.type.OffsetTimeType@3d40498a
2022-08-02 12:51:47.594 DEBUG 14464 --- [    Test worker] org.hibernate.type.BasicTypeRegistry     : Adding type registration java.time.OffsetTime -> org.hibernate.type.OffsetTimeType@3d40498a
2022-08-02 12:51:47.598 DEBUG 14464 --- [    Test worker] org.hibernate.type.BasicTypeRegistry     : Adding type registration ZonedDateTime -> org.hibernate.type.ZonedDateTimeType@78479f2b
2022-08-02 12:51:47.599 DEBUG 14464 --- [    Test worker] org.hibernate.type.BasicTypeRegistry     : Adding type registration java.time.ZonedDateTime -> org.hibernate.type.ZonedDateTimeType@78479f2b
2022-08-02 12:51:47.602 DEBUG 14464 --- [    Test worker] org.hibernate.type.BasicTypeRegistry     : Adding type registration date -> org.hibernate.type.DateType@25214797
2022-08-02 12:51:47.603 DEBUG 14464 --- [    Test worker] org.hibernate.type.BasicTypeRegistry     : Adding type registration java.sql.Date -> org.hibernate.type.DateType@25214797
2022-08-02 12:51:47.606 DEBUG 14464 --- [    Test worker] org.hibernate.type.BasicTypeRegistry     : Adding type registration time -> org.hibernate.type.TimeType@6e0d16a4
2022-08-02 12:51:47.606 DEBUG 14464 --- [    Test worker] org.hibernate.type.BasicTypeRegistry     : Adding type registration java.sql.Time -> org.hibernate.type.TimeType@6e0d16a4
2022-08-02 12:51:47.608 DEBUG 14464 --- [    Test worker] org.hibernate.type.BasicTypeRegistry     : Adding type registration timestamp -> org.hibernate.type.TimestampType@221b77d7
2022-08-02 12:51:47.608 DEBUG 14464 --- [    Test worker] org.hibernate.type.BasicTypeRegistry     : Adding type registration java.sql.Timestamp -> org.hibernate.type.TimestampType@221b77d7
2022-08-02 12:51:47.608 DEBUG 14464 --- [    Test worker] org.hibernate.type.BasicTypeRegistry     : Adding type registration java.util.Date -> org.hibernate.type.TimestampType@221b77d7
2022-08-02 12:51:47.612 DEBUG 14464 --- [    Test worker] org.hibernate.type.BasicTypeRegistry     : Adding type registration dbtimestamp -> org.hibernate.type.DbTimestampType@1753475d
2022-08-02 12:51:47.615 DEBUG 14464 --- [    Test worker] org.hibernate.type.BasicTypeRegistry     : Adding type registration calendar -> org.hibernate.type.CalendarType@5c70d7f0
2022-08-02 12:51:47.615 DEBUG 14464 --- [    Test worker] org.hibernate.type.BasicTypeRegistry     : Adding type registration java.util.Calendar -> org.hibernate.type.CalendarType@5c70d7f0
2022-08-02 12:51:47.615 DEBUG 14464 --- [    Test worker] org.hibernate.type.BasicTypeRegistry     : Adding type registration java.util.GregorianCalendar -> org.hibernate.type.CalendarType@5c70d7f0
2022-08-02 12:51:47.616 DEBUG 14464 --- [    Test worker] org.hibernate.type.BasicTypeRegistry     : Adding type registration calendar_date -> org.hibernate.type.CalendarDateType@55adcf9e
2022-08-02 12:51:47.619 DEBUG 14464 --- [    Test worker] org.hibernate.type.BasicTypeRegistry     : Adding type registration calendar_time -> org.hibernate.type.CalendarTimeType@4ef5dd23
2022-08-02 12:51:47.620 DEBUG 14464 --- [    Test worker] org.hibernate.type.BasicTypeRegistry     : Adding type registration locale -> org.hibernate.type.LocaleType@11399548
2022-08-02 12:51:47.620 DEBUG 14464 --- [    Test worker] org.hibernate.type.BasicTypeRegistry     : Adding type registration java.util.Locale -> org.hibernate.type.LocaleType@11399548
2022-08-02 12:51:47.621 DEBUG 14464 --- [    Test worker] org.hibernate.type.BasicTypeRegistry     : Adding type registration currency -> org.hibernate.type.CurrencyType@59f45950
2022-08-02 12:51:47.621 DEBUG 14464 --- [    Test worker] org.hibernate.type.BasicTypeRegistry     : Adding type registration java.util.Currency -> org.hibernate.type.CurrencyType@59f45950
2022-08-02 12:51:47.622 DEBUG 14464 --- [    Test worker] org.hibernate.type.BasicTypeRegistry     : Adding type registration timezone -> org.hibernate.type.TimeZoneType@184afb78
2022-08-02 12:51:47.622 DEBUG 14464 --- [    Test worker] org.hibernate.type.BasicTypeRegistry     : Adding type registration java.util.TimeZone -> org.hibernate.type.TimeZoneType@184afb78
2022-08-02 12:51:47.623 DEBUG 14464 --- [    Test worker] org.hibernate.type.BasicTypeRegistry     : Adding type registration class -> org.hibernate.type.ClassType@5e5a8718
2022-08-02 12:51:47.623 DEBUG 14464 --- [    Test worker] org.hibernate.type.BasicTypeRegistry     : Adding type registration java.lang.Class -> org.hibernate.type.ClassType@5e5a8718
2022-08-02 12:51:47.624 DEBUG 14464 --- [    Test worker] org.hibernate.type.BasicTypeRegistry     : Adding type registration uuid-binary -> org.hibernate.type.UUIDBinaryType@91a2543
2022-08-02 12:51:47.624 DEBUG 14464 --- [    Test worker] org.hibernate.type.BasicTypeRegistry     : Adding type registration java.util.UUID -> org.hibernate.type.UUIDBinaryType@91a2543
2022-08-02 12:51:47.624 DEBUG 14464 --- [    Test worker] org.hibernate.type.BasicTypeRegistry     : Adding type registration uuid-char -> org.hibernate.type.UUIDCharType@3af36922
2022-08-02 12:51:47.626 DEBUG 14464 --- [    Test worker] org.hibernate.type.BasicTypeRegistry     : Adding type registration binary -> org.hibernate.type.BinaryType@2eebce87
2022-08-02 12:51:47.626 DEBUG 14464 --- [    Test worker] org.hibernate.type.BasicTypeRegistry     : Adding type registration byte[] -> org.hibernate.type.BinaryType@2eebce87
2022-08-02 12:51:47.626 DEBUG 14464 --- [    Test worker] org.hibernate.type.BasicTypeRegistry     : Adding type registration [B -> org.hibernate.type.BinaryType@2eebce87
2022-08-02 12:51:47.629 DEBUG 14464 --- [    Test worker] org.hibernate.type.BasicTypeRegistry     : Adding type registration wrapper-binary -> org.hibernate.type.WrapperBinaryType@7c91fe86
2022-08-02 12:51:47.629 DEBUG 14464 --- [    Test worker] org.hibernate.type.BasicTypeRegistry     : Adding type registration Byte[] -> org.hibernate.type.WrapperBinaryType@7c91fe86
2022-08-02 12:51:47.630 DEBUG 14464 --- [    Test worker] org.hibernate.type.BasicTypeRegistry     : Adding type registration [Ljava.lang.Byte; -> org.hibernate.type.WrapperBinaryType@7c91fe86
2022-08-02 12:51:47.632 DEBUG 14464 --- [    Test worker] org.hibernate.type.BasicTypeRegistry     : Adding type registration row_version -> org.hibernate.type.RowVersionType@15994b0b
2022-08-02 12:51:47.634 DEBUG 14464 --- [    Test worker] org.hibernate.type.BasicTypeRegistry     : Adding type registration image -> org.hibernate.type.ImageType@13aed42b
2022-08-02 12:51:47.636 DEBUG 14464 --- [    Test worker] org.hibernate.type.BasicTypeRegistry     : Adding type registration characters -> org.hibernate.type.CharArrayType@10e56da9
2022-08-02 12:51:47.637 DEBUG 14464 --- [    Test worker] org.hibernate.type.BasicTypeRegistry     : Adding type registration char[] -> org.hibernate.type.CharArrayType@10e56da9
2022-08-02 12:51:47.638 DEBUG 14464 --- [    Test worker] org.hibernate.type.BasicTypeRegistry     : Adding type registration [C -> org.hibernate.type.CharArrayType@10e56da9
2022-08-02 12:51:47.640 DEBUG 14464 --- [    Test worker] org.hibernate.type.BasicTypeRegistry     : Adding type registration wrapper-characters -> org.hibernate.type.CharacterArrayType@51d8f2f2
2022-08-02 12:51:47.641 DEBUG 14464 --- [    Test worker] org.hibernate.type.BasicTypeRegistry     : Adding type registration [Ljava.lang.Character; -> org.hibernate.type.CharacterArrayType@51d8f2f2
2022-08-02 12:51:47.641 DEBUG 14464 --- [    Test worker] org.hibernate.type.BasicTypeRegistry     : Adding type registration Character[] -> org.hibernate.type.CharacterArrayType@51d8f2f2
2022-08-02 12:51:47.642 DEBUG 14464 --- [    Test worker] org.hibernate.type.BasicTypeRegistry     : Adding type registration text -> org.hibernate.type.TextType@597a7afa
2022-08-02 12:51:47.644 DEBUG 14464 --- [    Test worker] org.hibernate.type.BasicTypeRegistry     : Adding type registration ntext -> org.hibernate.type.NTextType@586843bc
2022-08-02 12:51:47.648 DEBUG 14464 --- [    Test worker] org.hibernate.type.BasicTypeRegistry     : Adding type registration blob -> org.hibernate.type.BlobType@7ead1d80
2022-08-02 12:51:47.649 DEBUG 14464 --- [    Test worker] org.hibernate.type.BasicTypeRegistry     : Adding type registration java.sql.Blob -> org.hibernate.type.BlobType@7ead1d80
2022-08-02 12:51:47.650 DEBUG 14464 --- [    Test worker] org.hibernate.type.BasicTypeRegistry     : Adding type registration materialized_blob -> org.hibernate.type.MaterializedBlobType@5b14f482
2022-08-02 12:51:47.656 DEBUG 14464 --- [    Test worker] org.hibernate.type.BasicTypeRegistry     : Adding type registration clob -> org.hibernate.type.ClobType@40c76f5a
2022-08-02 12:51:47.656 DEBUG 14464 --- [    Test worker] org.hibernate.type.BasicTypeRegistry     : Adding type registration java.sql.Clob -> org.hibernate.type.ClobType@40c76f5a
2022-08-02 12:51:47.660 DEBUG 14464 --- [    Test worker] org.hibernate.type.BasicTypeRegistry     : Adding type registration nclob -> org.hibernate.type.NClobType@50dc49e1
2022-08-02 12:51:47.660 DEBUG 14464 --- [    Test worker] org.hibernate.type.BasicTypeRegistry     : Adding type registration java.sql.NClob -> org.hibernate.type.NClobType@50dc49e1
2022-08-02 12:51:47.661 DEBUG 14464 --- [    Test worker] org.hibernate.type.BasicTypeRegistry     : Adding type registration materialized_clob -> org.hibernate.type.MaterializedClobType@19bfbe28
2022-08-02 12:51:47.664 DEBUG 14464 --- [    Test worker] org.hibernate.type.BasicTypeRegistry     : Adding type registration materialized_nclob -> org.hibernate.type.MaterializedNClobType@75ed125a
2022-08-02 12:51:47.667 DEBUG 14464 --- [    Test worker] org.hibernate.type.BasicTypeRegistry     : Adding type registration serializable -> org.hibernate.type.SerializableType@790ac3e0
2022-08-02 12:51:47.673 DEBUG 14464 --- [    Test worker] org.hibernate.type.BasicTypeRegistry     : Adding type registration object -> org.hibernate.type.ObjectType@b75b890
2022-08-02 12:51:47.675 DEBUG 14464 --- [    Test worker] org.hibernate.type.BasicTypeRegistry     : Adding type registration java.lang.Object -> org.hibernate.type.ObjectType@b75b890
2022-08-02 12:51:47.676 DEBUG 14464 --- [    Test worker] org.hibernate.type.BasicTypeRegistry     : Adding type registration imm_date -> org.hibernate.type.AdaptedImmutableType@7c2b6acb
2022-08-02 12:51:47.677 DEBUG 14464 --- [    Test worker] org.hibernate.type.BasicTypeRegistry     : Adding type registration imm_time -> org.hibernate.type.AdaptedImmutableType@28367da7
2022-08-02 12:51:47.678 DEBUG 14464 --- [    Test worker] org.hibernate.type.BasicTypeRegistry     : Adding type registration imm_timestamp -> org.hibernate.type.AdaptedImmutableType@1a0f349
2022-08-02 12:51:47.678 DEBUG 14464 --- [    Test worker] org.hibernate.type.BasicTypeRegistry     : Adding type registration imm_dbtimestamp -> org.hibernate.type.AdaptedImmutableType@3c60c681
2022-08-02 12:51:47.679 DEBUG 14464 --- [    Test worker] org.hibernate.type.BasicTypeRegistry     : Adding type registration imm_calendar -> org.hibernate.type.AdaptedImmutableType@1b3a9ef4
2022-08-02 12:51:47.679 DEBUG 14464 --- [    Test worker] org.hibernate.type.BasicTypeRegistry     : Adding type registration imm_calendar_date -> org.hibernate.type.AdaptedImmutableType@7a1371
2022-08-02 12:51:47.679 DEBUG 14464 --- [    Test worker] org.hibernate.type.BasicTypeRegistry     : Adding type registration imm_binary -> org.hibernate.type.AdaptedImmutableType@6c6928c
2022-08-02 12:51:47.679 DEBUG 14464 --- [    Test worker] org.hibernate.type.BasicTypeRegistry     : Adding type registration imm_serializable -> org.hibernate.type.AdaptedImmutableType@3c28181b
2022-08-02 12:51:47.746  INFO 14464 --- [    Test worker] com.zaxxer.hikari.HikariDataSource       : HikariPool-1 - Starting...
2022-08-02 12:51:47.869  INFO 14464 --- [    Test worker] com.zaxxer.hikari.HikariDataSource       : HikariPool-1 - Start completed.
2022-08-02 12:51:47.937  INFO 14464 --- [    Test worker] org.hibernate.dialect.Dialect            : HHH000400: Using dialect: org.hibernate.dialect.H2Dialect
2022-08-02 12:51:48.023 DEBUG 14464 --- [    Test worker] o.h.type.spi.TypeConfiguration$Scope     : Scoping TypeConfiguration [org.hibernate.type.spi.TypeConfiguration@7f012923] to MetadataBuildingContext [org.hibernate.boot.internal.MetadataBuildingContextRootImpl@601f264d]
2022-08-02 12:51:48.520 DEBUG 14464 --- [    Test worker] org.hibernate.type.EnumType              : Using NAMED-based conversion for Enum kakao.valuetogether.domain.enums.Target
2022-08-02 12:51:48.522 DEBUG 14464 --- [    Test worker] org.hibernate.type.EnumType              : Using NAMED-based conversion for Enum kakao.valuetogether.domain.enums.Topic
2022-08-02 12:51:48.535  WARN 14464 --- [    Test worker] org.hibernate.mapping.RootClass          : HHH000038: Composite-id class does not override equals(): kakao.valuetogether.domain.TagPost
2022-08-02 12:51:48.535  WARN 14464 --- [    Test worker] org.hibernate.mapping.RootClass          : HHH000039: Composite-id class does not override hashCode(): kakao.valuetogether.domain.TagPost
2022-08-02 12:51:48.537  WARN 14464 --- [    Test worker] org.hibernate.mapping.RootClass          : HHH000038: Composite-id class does not override equals(): kakao.valuetogether.domain.Donation
2022-08-02 12:51:48.537  WARN 14464 --- [    Test worker] org.hibernate.mapping.RootClass          : HHH000039: Composite-id class does not override hashCode(): kakao.valuetogether.domain.Donation
2022-08-02 12:51:48.537 DEBUG 14464 --- [    Test worker] o.h.type.spi.TypeConfiguration$Scope     : Scoping TypeConfiguration [org.hibernate.type.spi.TypeConfiguration@7f012923] to SessionFactoryImpl [org.hibernate.internal.SessionFactoryImpl@26cdd4af]
2022-08-02 12:51:49.019 DEBUG 14464 --- [    Test worker] org.hibernate.SQL                        : 
    
    drop table if exists comment CASCADE 
Hibernate: 
    
    drop table if exists comment CASCADE 
2022-08-02 12:51:49.025 DEBUG 14464 --- [    Test worker] org.hibernate.SQL                        : 
    
    drop table if exists donation CASCADE 
Hibernate: 
    
    drop table if exists donation CASCADE 
2022-08-02 12:51:49.026 DEBUG 14464 --- [    Test worker] org.hibernate.SQL                        : 
    
    drop table if exists link CASCADE 
Hibernate: 
    
    drop table if exists link CASCADE 
2022-08-02 12:51:49.028 DEBUG 14464 --- [    Test worker] org.hibernate.SQL                        : 
    
    drop table if exists member CASCADE 
Hibernate: 
    
    drop table if exists member CASCADE 
2022-08-02 12:51:49.029 DEBUG 14464 --- [    Test worker] org.hibernate.SQL                        : 
    
    drop table if exists post CASCADE 
Hibernate: 
    
    drop table if exists post CASCADE 
2022-08-02 12:51:49.031 DEBUG 14464 --- [    Test worker] org.hibernate.SQL                        : 
    
    drop table if exists tag CASCADE 
Hibernate: 
    
    drop table if exists tag CASCADE 
2022-08-02 12:51:49.032 DEBUG 14464 --- [    Test worker] org.hibernate.SQL                        : 
    
    drop table if exists tag_post CASCADE 
Hibernate: 
    
    drop table if exists tag_post CASCADE 
2022-08-02 12:51:49.033 DEBUG 14464 --- [    Test worker] org.hibernate.SQL                        : 
    
    drop sequence if exists hibernate_sequence
Hibernate: 
    
    drop sequence if exists hibernate_sequence
2022-08-02 12:51:49.039 DEBUG 14464 --- [    Test worker] org.hibernate.SQL                        : create sequence hibernate_sequence start with 1 increment by 1
Hibernate: create sequence hibernate_sequence start with 1 increment by 1
2022-08-02 12:51:49.041 DEBUG 14464 --- [    Test worker] org.hibernate.SQL                        : 
    
    create table comment (
       comment_id bigint generated by default as identity,
        content varchar(255) not null,
        date timestamp not null,
        likes integer,
        member_id bigint not null,
        post_id bigint not null,
        primary key (comment_id)
    )
Hibernate: 
    
    create table comment (
       comment_id bigint generated by default as identity,
        content varchar(255) not null,
        date timestamp not null,
        likes integer,
        member_id bigint not null,
        post_id bigint not null,
        primary key (comment_id)
    )
2022-08-02 12:51:49.044 DEBUG 14464 --- [    Test worker] org.hibernate.SQL                        : 
    
    create table donation (
       cheer_donation integer,
        comment_donation integer,
        direct_donation integer,
        share_donation integer,
        count_cheer_donation integer,
        count_comment_donation integer,
        count_direct_donation integer,
        count_share_donation integer,
        member_id bigint not null,
        post_id bigint not null,
        primary key (post_id, member_id)
    )
Hibernate: 
    
    create table donation (
       cheer_donation integer,
        comment_donation integer,
        direct_donation integer,
        share_donation integer,
        count_cheer_donation integer,
        count_comment_donation integer,
        count_direct_donation integer,
        count_share_donation integer,
        member_id bigint not null,
        post_id bigint not null,
        primary key (post_id, member_id)
    )
2022-08-02 12:51:49.050 DEBUG 14464 --- [    Test worker] org.hibernate.SQL                        : 
    
    create table link (
       link_id bigint not null,
        link varchar(255),
        post_id bigint,
        primary key (link_id)
    )
Hibernate: 
    
    create table link (
       link_id bigint not null,
        link varchar(255),
        post_id bigint,
        primary key (link_id)
    )
2022-08-02 12:51:49.053 DEBUG 14464 --- [    Test worker] org.hibernate.SQL                        : 
    
    create table member (
       member_id bigint generated by default as identity,
        member_address varchar(255) not null,
        member_birthday varchar(255) not null,
        member_email varchar(255) not null,
        member_gender varchar(255) not null,
        member_name varchar(255) not null,
        member_nickname varchar(255) not null,
        member_phone varchar(255),
        member_pw varchar(255) not null,
        primary key (member_id)
    )
Hibernate: 
    
    create table member (
       member_id bigint generated by default as identity,
        member_address varchar(255) not null,
        member_birthday varchar(255) not null,
        member_email varchar(255) not null,
        member_gender varchar(255) not null,
        member_name varchar(255) not null,
        member_nickname varchar(255) not null,
        member_phone varchar(255),
        member_pw varchar(255) not null,
        primary key (member_id)
    )
2022-08-02 12:51:49.056 DEBUG 14464 --- [    Test worker] org.hibernate.SQL                        : 
    
    create table post (
       post_id bigint generated by default as identity,
        article varchar(255) not null,
        end_date timestamp not null,
        image varchar(255),
        is_confirm boolean not null,
        start_date timestamp not null,
        sub_title varchar(255) not null,
        target varchar(255),
        target_amount integer not null,
        title varchar(255) not null,
        topic varchar(255),
        member_id bigint,
        primary key (post_id)
    )
Hibernate: 
    
    create table post (
       post_id bigint generated by default as identity,
        article varchar(255) not null,
        end_date timestamp not null,
        image varchar(255),
        is_confirm boolean not null,
        start_date timestamp not null,
        sub_title varchar(255) not null,
        target varchar(255),
        target_amount integer not null,
        title varchar(255) not null,
        topic varchar(255),
        member_id bigint,
        primary key (post_id)
    )
2022-08-02 12:51:49.058 DEBUG 14464 --- [    Test worker] org.hibernate.SQL                        : 
    
    create table tag (
       tag_id bigint generated by default as identity,
        tag_name varchar(255) not null,
        primary key (tag_id)
    )
Hibernate: 
    
    create table tag (
       tag_id bigint generated by default as identity,
        tag_name varchar(255) not null,
        primary key (tag_id)
    )
2022-08-02 12:51:49.060 DEBUG 14464 --- [    Test worker] org.hibernate.SQL                        : 
    
    create table tag_post (
       tag_id bigint not null,
        post_id bigint not null,
        primary key (tag_id)
    )
Hibernate: 
    
    create table tag_post (
       tag_id bigint not null,
        post_id bigint not null,
        primary key (tag_id)
    )
2022-08-02 12:51:49.064 DEBUG 14464 --- [    Test worker] org.hibernate.SQL                        : 
    
    alter table comment 
       add constraint FKmrrrpi513ssu63i2783jyiv9m 
       foreign key (member_id) 
       references member
Hibernate: 
    
    alter table comment 
       add constraint FKmrrrpi513ssu63i2783jyiv9m 
       foreign key (member_id) 
       references member
2022-08-02 12:51:49.068 DEBUG 14464 --- [    Test worker] org.hibernate.SQL                        : 
    
    alter table comment 
       add constraint FKs1slvnkuemjsq2kj4h3vhx7i1 
       foreign key (post_id) 
       references post
Hibernate: 
    
    alter table comment 
       add constraint FKs1slvnkuemjsq2kj4h3vhx7i1 
       foreign key (post_id) 
       references post
2022-08-02 12:51:49.079 DEBUG 14464 --- [    Test worker] org.hibernate.SQL                        : 
    
    alter table donation 
       add constraint FKihjfojjw2d2ijyjk18x9atkoy 
       foreign key (member_id) 
       references member
Hibernate: 
    
    alter table donation 
       add constraint FKihjfojjw2d2ijyjk18x9atkoy 
       foreign key (member_id) 
       references member
2022-08-02 12:51:49.082 DEBUG 14464 --- [    Test worker] org.hibernate.SQL                        : 
    
    alter table donation 
       add constraint FK5bgw4rtttocukydsisbsc9ll7 
       foreign key (post_id) 
       references post
Hibernate: 
    
    alter table donation 
       add constraint FK5bgw4rtttocukydsisbsc9ll7 
       foreign key (post_id) 
       references post
2022-08-02 12:51:49.090 DEBUG 14464 --- [    Test worker] org.hibernate.SQL                        : 
    
    alter table link 
       add constraint FKtlh1puclwrxk7o3b3wa8jt1gc 
       foreign key (post_id) 
       references post
Hibernate: 
    
    alter table link 
       add constraint FKtlh1puclwrxk7o3b3wa8jt1gc 
       foreign key (post_id) 
       references post
2022-08-02 12:51:49.092 DEBUG 14464 --- [    Test worker] org.hibernate.SQL                        : 
    
    alter table post 
       add constraint FK83s99f4kx8oiqm3ro0sasmpww 
       foreign key (member_id) 
       references member
Hibernate: 
    
    alter table post 
       add constraint FK83s99f4kx8oiqm3ro0sasmpww 
       foreign key (member_id) 
       references member
2022-08-02 12:51:49.095 DEBUG 14464 --- [    Test worker] org.hibernate.SQL                        : 
    
    alter table tag_post 
       add constraint FK36t4u7evt09pdln4evfoo4v5n 
       foreign key (tag_id) 
       references tag
Hibernate: 
    
    alter table tag_post 
       add constraint FK36t4u7evt09pdln4evfoo4v5n 
       foreign key (tag_id) 
       references tag
2022-08-02 12:51:49.098 DEBUG 14464 --- [    Test worker] org.hibernate.SQL                        : 
    
    alter table tag_post 
       add constraint FKceeso860swdv8btriq9cwrbcv 
       foreign key (post_id) 
       references post
Hibernate: 
    
    alter table tag_post 
       add constraint FKceeso860swdv8btriq9cwrbcv 
       foreign key (post_id) 
       references post
2022-08-02 12:51:49.105  INFO 14464 --- [    Test worker] o.h.e.t.j.p.i.JtaPlatformInitiator       : HHH000490: Using JtaPlatform implementation: [org.hibernate.engine.transaction.jta.platform.internal.NoJtaPlatform]
2022-08-02 12:51:49.119 TRACE 14464 --- [    Test worker] o.h.type.spi.TypeConfiguration$Scope     : Handling #sessionFactoryCreated from [org.hibernate.internal.SessionFactoryImpl@26cdd4af] for TypeConfiguration
2022-08-02 12:51:49.122  INFO 14464 --- [    Test worker] j.LocalContainerEntityManagerFactoryBean : Initialized JPA EntityManagerFactory for persistence unit 'default'
2022-08-02 12:51:49.782  WARN 14464 --- [    Test worker] JpaBaseConfiguration$JpaWebConfiguration : spring.jpa.open-in-view is enabled by default. Therefore, database queries may be performed during view rendering. Explicitly configure spring.jpa.open-in-view to disable this warning
2022-08-02 12:51:50.256  INFO 14464 --- [    Test worker] o.s.b.a.w.s.WelcomePageHandlerMapping    : Adding welcome page: class path resource [static/index.html]
2022-08-02 12:51:50.542  WARN 14464 --- [    Test worker] ion$DefaultTemplateResolverConfiguration : Cannot find template location: classpath:/templates/ (please add some templates or check your Thymeleaf configuration)
2022-08-02 12:51:50.814  INFO 14464 --- [    Test worker] k.v.ValuetogetherApplicationTests        : Started ValuetogetherApplicationTests in 6.551 seconds (JVM running for 9.18)
2022-08-02 12:51:50.941  INFO 14464 --- [    Test worker] o.s.t.c.transaction.TransactionContext   : Began transaction (1) for test context [DefaultTestContext@6f89f665 testClass = ValuetogetherApplicationTests, testInstance = kakao.valuetogether.ValuetogetherApplicationTests@690e7b89, testMethod = test@ValuetogetherApplicationTests, testException = [null], mergedContextConfiguration = [WebMergedContextConfiguration@df1cff6 testClass = ValuetogetherApplicationTests, locations = '{}', classes = '{class kakao.valuetogether.ValuetogetherApplication}', contextInitializerClasses = '[]', activeProfiles = '{}', propertySourceLocations = '{}', propertySourceProperties = '{org.springframework.boot.test.context.SpringBootTestContextBootstrapper=true}', contextCustomizers = set[org.springframework.boot.test.autoconfigure.actuate.metrics.MetricsExportContextCustomizerFactory$DisableMetricExportContextCustomizer@129b4fe2, org.springframework.boot.test.autoconfigure.properties.PropertyMappingContextCustomizer@0, org.springframework.boot.test.autoconfigure.web.servlet.WebDriverContextCustomizerFactory$Customizer@60dce7ea, org.springframework.boot.test.context.filter.ExcludeFilterContextCustomizer@1ef3efa8, org.springframework.boot.test.json.DuplicateJsonObjectContextCustomizerFactory$DuplicateJsonObjectContextCustomizer@5c3b6c6e, org.springframework.boot.test.mock.mockito.MockitoContextCustomizer@0, org.springframework.boot.test.web.client.TestRestTemplateContextCustomizer@14c01636, org.springframework.boot.test.context.SpringBootTestArgs@1, org.springframework.boot.test.context.SpringBootTestWebEnvironment@791d1f8b], resourceBasePath = 'src/main/webapp', contextLoader = 'org.springframework.boot.test.context.SpringBootContextLoader', parent = [null]], attributes = map['org.springframework.test.context.web.ServletTestExecutionListener.activateListener' -> true, 'org.springframework.test.context.web.ServletTestExecutionListener.populatedRequestContextHolder' -> true, 'org.springframework.test.context.web.ServletTestExecutionListener.resetRequestContextHolder' -> true, 'org.springframework.test.context.event.ApplicationEventsTestExecutionListener.recordApplicationEvents' -> false]]; transaction manager [org.springframework.orm.jpa.JpaTransactionManager@524c3e54]; rollback [true]
2022-08-02 12:51:51.086  INFO 14464 --- [    Test worker] o.s.t.c.transaction.TransactionContext   : Rolled back transaction for test: [DefaultTestContext@6f89f665 testClass = ValuetogetherApplicationTests, testInstance = kakao.valuetogether.ValuetogetherApplicationTests@690e7b89, testMethod = test@ValuetogetherApplicationTests, testException = [null], mergedContextConfiguration = [WebMergedContextConfiguration@df1cff6 testClass = ValuetogetherApplicationTests, locations = '{}', classes = '{class kakao.valuetogether.ValuetogetherApplication}', contextInitializerClasses = '[]', activeProfiles = '{}', propertySourceLocations = '{}', propertySourceProperties = '{org.springframework.boot.test.context.SpringBootTestContextBootstrapper=true}', contextCustomizers = set[org.springframework.boot.test.autoconfigure.actuate.metrics.MetricsExportContextCustomizerFactory$DisableMetricExportContextCustomizer@129b4fe2, org.springframework.boot.test.autoconfigure.properties.PropertyMappingContextCustomizer@0, org.springframework.boot.test.autoconfigure.web.servlet.WebDriverContextCustomizerFactory$Customizer@60dce7ea, org.springframework.boot.test.context.filter.ExcludeFilterContextCustomizer@1ef3efa8, org.springframework.boot.test.json.DuplicateJsonObjectContextCustomizerFactory$DuplicateJsonObjectContextCustomizer@5c3b6c6e, org.springframework.boot.test.mock.mockito.MockitoContextCustomizer@0, org.springframework.boot.test.web.client.TestRestTemplateContextCustomizer@14c01636, org.springframework.boot.test.context.SpringBootTestArgs@1, org.springframework.boot.test.context.SpringBootTestWebEnvironment@791d1f8b], resourceBasePath = 'src/main/webapp', contextLoader = 'org.springframework.boot.test.context.SpringBootContextLoader', parent = [null]], attributes = map['org.springframework.test.context.web.ServletTestExecutionListener.activateListener' -> true, 'org.springframework.test.context.web.ServletTestExecutionListener.populatedRequestContextHolder' -> true, 'org.springframework.test.context.web.ServletTestExecutionListener.resetRequestContextHolder' -> true, 'org.springframework.test.context.event.ApplicationEventsTestExecutionListener.recordApplicationEvents' -> false]]
]]></system-out>
  <system-err><![CDATA[]]></system-err>
</testsuite>
