<?xml version="1.0" encoding="UTF-8"?>
<testsuite name="kakao.valuetogether.repository.DonationRepositoryTest" tests="6" skipped="0" failures="0" errors="0" timestamp="2022-08-02T03:51:51" hostname="DESKTOP-8DQF55R" time="0.337">
  <properties/>
  <testcase name="saveAndFindByPost()" classname="kakao.valuetogether.repository.DonationRepositoryTest" time="0.077"/>
  <testcase name="donateCheer()" classname="kakao.valuetogether.repository.DonationRepositoryTest" time="0.057"/>
  <testcase name="donateShare()" classname="kakao.valuetogether.repository.DonationRepositoryTest" time="0.033"/>
  <testcase name="donateComment()" classname="kakao.valuetogether.repository.DonationRepositoryTest" time="0.052"/>
  <testcase name="donateDirect()" classname="kakao.valuetogether.repository.DonationRepositoryTest" time="0.069"/>
  <testcase name="saveAndFindByMember()" classname="kakao.valuetogether.repository.DonationRepositoryTest" time="0.037"/>
  <system-out><![CDATA[2022-08-02 12:51:51.933  INFO 14464 --- [    Test worker] .b.t.c.SpringBootTestContextBootstrapper : Neither @ContextConfiguration nor @ContextHierarchy found for test class [kakao.valuetogether.repository.DonationRepositoryTest], using SpringBootContextLoader
2022-08-02 12:51:51.935  INFO 14464 --- [    Test worker] o.s.t.c.support.AbstractContextLoader    : Could not detect default resource locations for test class [kakao.valuetogether.repository.DonationRepositoryTest]: no resource found for suffixes {-context.xml, Context.groovy}.
2022-08-02 12:51:51.936  INFO 14464 --- [    Test worker] t.c.s.AnnotationConfigContextLoaderUtils : Could not detect default configuration classes for test class [kakao.valuetogether.repository.DonationRepositoryTest]: DonationRepositoryTest does not declare any static, non-private, non-final, nested classes annotated with @Configuration.
2022-08-02 12:51:51.941  INFO 14464 --- [    Test worker] .b.t.c.SpringBootTestContextBootstrapper : Found @SpringBootConfiguration kakao.valuetogether.ValuetogetherApplication for test class kakao.valuetogether.repository.DonationRepositoryTest
2022-08-02 12:51:51.946  INFO 14464 --- [    Test worker] .b.t.c.SpringBootTestContextBootstrapper : Loaded default TestExecutionListener class names from location [META-INF/spring.factories]: [org.springframework.boot.test.autoconfigure.restdocs.RestDocsTestExecutionListener, org.springframework.boot.test.autoconfigure.web.client.MockRestServiceServerResetTestExecutionListener, org.springframework.boot.test.autoconfigure.web.servlet.MockMvcPrintOnlyOnFailureTestExecutionListener, org.springframework.boot.test.autoconfigure.web.servlet.WebDriverTestExecutionListener, org.springframework.boot.test.autoconfigure.webservices.client.MockWebServiceServerTestExecutionListener, org.springframework.boot.test.mock.mockito.MockitoTestExecutionListener, org.springframework.boot.test.mock.mockito.ResetMocksTestExecutionListener, org.springframework.test.context.web.ServletTestExecutionListener, org.springframework.test.context.support.DirtiesContextBeforeModesTestExecutionListener, org.springframework.test.context.event.ApplicationEventsTestExecutionListener, org.springframework.test.context.support.DependencyInjectionTestExecutionListener, org.springframework.test.context.support.DirtiesContextTestExecutionListener, org.springframework.test.context.transaction.TransactionalTestExecutionListener, org.springframework.test.context.jdbc.SqlScriptsTestExecutionListener, org.springframework.test.context.event.EventPublishingTestExecutionListener]
2022-08-02 12:51:51.947  INFO 14464 --- [    Test worker] .b.t.c.SpringBootTestContextBootstrapper : Using TestExecutionListeners: [org.springframework.test.context.web.ServletTestExecutionListener@38affd02, org.springframework.test.context.support.DirtiesContextBeforeModesTestExecutionListener@72e9f0f7, org.springframework.test.context.event.ApplicationEventsTestExecutionListener@2fb24ad8, org.springframework.boot.test.mock.mockito.MockitoTestExecutionListener@1db7a4ae, org.springframework.boot.test.autoconfigure.SpringBootDependencyInjectionTestExecutionListener@5ab70df7, org.springframework.test.context.support.DirtiesContextTestExecutionListener@6764201e, org.springframework.test.context.transaction.TransactionalTestExecutionListener@5a3d52a0, org.springframework.test.context.jdbc.SqlScriptsTestExecutionListener@7a0f1f9d, org.springframework.test.context.event.EventPublishingTestExecutionListener@18356d9e, org.springframework.boot.test.autoconfigure.restdocs.RestDocsTestExecutionListener@5e97da56, org.springframework.boot.test.autoconfigure.web.client.MockRestServiceServerResetTestExecutionListener@6e8f3b76, org.springframework.boot.test.autoconfigure.web.servlet.MockMvcPrintOnlyOnFailureTestExecutionListener@6cfe32cd, org.springframework.boot.test.autoconfigure.web.servlet.WebDriverTestExecutionListener@5f14eb51, org.springframework.boot.test.autoconfigure.webservices.client.MockWebServiceServerTestExecutionListener@3f31cf8f, org.springframework.boot.test.mock.mockito.ResetMocksTestExecutionListener@28721794]
2022-08-02 12:51:51.955  INFO 14464 --- [    Test worker] o.s.t.c.transaction.TransactionContext   : Began transaction (1) for test context [DefaultTestContext@443b9ebb testClass = DonationRepositoryTest, testInstance = kakao.valuetogether.repository.DonationRepositoryTest@4830c979, testMethod = saveAndFindByPost@DonationRepositoryTest, testException = [null], mergedContextConfiguration = [WebMergedContextConfiguration@d98ce13 testClass = DonationRepositoryTest, locations = '{}', classes = '{class kakao.valuetogether.ValuetogetherApplication}', contextInitializerClasses = '[]', activeProfiles = '{}', propertySourceLocations = '{}', propertySourceProperties = '{org.springframework.boot.test.context.SpringBootTestContextBootstrapper=true}', contextCustomizers = set[org.springframework.boot.test.autoconfigure.actuate.metrics.MetricsExportContextCustomizerFactory$DisableMetricExportContextCustomizer@129b4fe2, org.springframework.boot.test.autoconfigure.properties.PropertyMappingContextCustomizer@0, org.springframework.boot.test.autoconfigure.web.servlet.WebDriverContextCustomizerFactory$Customizer@60dce7ea, org.springframework.boot.test.context.filter.ExcludeFilterContextCustomizer@1ef3efa8, org.springframework.boot.test.json.DuplicateJsonObjectContextCustomizerFactory$DuplicateJsonObjectContextCustomizer@5c3b6c6e, org.springframework.boot.test.mock.mockito.MockitoContextCustomizer@0, org.springframework.boot.test.web.client.TestRestTemplateContextCustomizer@14c01636, org.springframework.boot.test.context.SpringBootTestArgs@1, org.springframework.boot.test.context.SpringBootTestWebEnvironment@791d1f8b], resourceBasePath = 'src/main/webapp', contextLoader = 'org.springframework.boot.test.context.SpringBootContextLoader', parent = [null]], attributes = map['org.springframework.test.context.web.ServletTestExecutionListener.activateListener' -> true, 'org.springframework.test.context.web.ServletTestExecutionListener.populatedRequestContextHolder' -> true, 'org.springframework.test.context.web.ServletTestExecutionListener.resetRequestContextHolder' -> true, 'org.springframework.test.context.event.ApplicationEventsTestExecutionListener.recordApplicationEvents' -> false]]; transaction manager [org.springframework.orm.jpa.JpaTransactionManager@524c3e54]; rollback [true]
2022-08-02 12:51:51.959 DEBUG 14464 --- [    Test worker] org.hibernate.SQL                        : 
    insert 
    into
        member
        (member_id, member_address, member_birthday, member_email, member_gender, member_name, member_nickname, member_phone, member_pw) 
    values
        (default, ?, ?, ?, ?, ?, ?, ?, ?)
Hibernate: 
    insert 
    into
        member
        (member_id, member_address, member_birthday, member_email, member_gender, member_name, member_nickname, member_phone, member_pw) 
    values
        (default, ?, ?, ?, ?, ?, ?, ?, ?)
2022-08-02 12:51:51.960 TRACE 14464 --- [    Test worker] o.h.type.descriptor.sql.BasicBinder      : binding parameter [1] as [VARCHAR] - [asdfasd]
2022-08-02 12:51:51.961 TRACE 14464 --- [    Test worker] o.h.type.descriptor.sql.BasicBinder      : binding parameter [2] as [VARCHAR] - [asdf]
2022-08-02 12:51:51.961 TRACE 14464 --- [    Test worker] o.h.type.descriptor.sql.BasicBinder      : binding parameter [3] as [VARCHAR] - [email]
2022-08-02 12:51:51.961 TRACE 14464 --- [    Test worker] o.h.type.descriptor.sql.BasicBinder      : binding parameter [4] as [VARCHAR] - [asdf]
2022-08-02 12:51:51.961 TRACE 14464 --- [    Test worker] o.h.type.descriptor.sql.BasicBinder      : binding parameter [5] as [VARCHAR] - [name]
2022-08-02 12:51:51.961 TRACE 14464 --- [    Test worker] o.h.type.descriptor.sql.BasicBinder      : binding parameter [6] as [VARCHAR] - [asfsa]
2022-08-02 12:51:51.961 TRACE 14464 --- [    Test worker] o.h.type.descriptor.sql.BasicBinder      : binding parameter [7] as [VARCHAR] - [111]
2022-08-02 12:51:51.961 TRACE 14464 --- [    Test worker] o.h.type.descriptor.sql.BasicBinder      : binding parameter [8] as [VARCHAR] - [pw]
2022-08-02 12:51:51.964 DEBUG 14464 --- [    Test worker] org.hibernate.SQL                        : 
    insert 
    into
        post
        (post_id, article, end_date, image, is_confirm, member_id, start_date, sub_title, target, target_amount, title, topic) 
    values
        (default, ?, ?, ?, ?, ?, ?, ?, ?, ?, ?, ?)
Hibernate: 
    insert 
    into
        post
        (post_id, article, end_date, image, is_confirm, member_id, start_date, sub_title, target, target_amount, title, topic) 
    values
        (default, ?, ?, ?, ?, ?, ?, ?, ?, ?, ?, ?)
2022-08-02 12:51:51.965 TRACE 14464 --- [    Test worker] o.h.type.descriptor.sql.BasicBinder      : binding parameter [1] as [VARCHAR] - [article]
2022-08-02 12:51:51.965 TRACE 14464 --- [    Test worker] o.h.type.descriptor.sql.BasicBinder      : binding parameter [2] as [TIMESTAMP] - [Sun Oct 01 00:00:00 KST 1922]
2022-08-02 12:51:51.965 TRACE 14464 --- [    Test worker] o.h.type.descriptor.sql.BasicBinder      : binding parameter [3] as [VARCHAR] - [image]
2022-08-02 12:51:51.965 TRACE 14464 --- [    Test worker] o.h.type.descriptor.sql.BasicBinder      : binding parameter [4] as [BOOLEAN] - [false]
2022-08-02 12:51:51.966 TRACE 14464 --- [    Test worker] o.h.type.descriptor.sql.BasicBinder      : binding parameter [5] as [BIGINT] - [10]
2022-08-02 12:51:51.966 TRACE 14464 --- [    Test worker] o.h.type.descriptor.sql.BasicBinder      : binding parameter [6] as [TIMESTAMP] - [Fri Aug 11 00:00:00 KST 1922]
2022-08-02 12:51:51.966 TRACE 14464 --- [    Test worker] o.h.type.descriptor.sql.BasicBinder      : binding parameter [7] as [VARCHAR] - [subTitle]
2022-08-02 12:51:51.966 TRACE 14464 --- [    Test worker] o.h.type.descriptor.sql.BasicBinder      : binding parameter [8] as [VARCHAR] - [실버세대]
2022-08-02 12:51:51.966 TRACE 14464 --- [    Test worker] o.h.type.descriptor.sql.BasicBinder      : binding parameter [9] as [INTEGER] - [100000]
2022-08-02 12:51:51.966 TRACE 14464 --- [    Test worker] o.h.type.descriptor.sql.BasicBinder      : binding parameter [10] as [VARCHAR] - [title]
2022-08-02 12:51:51.966 TRACE 14464 --- [    Test worker] o.h.type.descriptor.sql.BasicBinder      : binding parameter [11] as [VARCHAR] - [건강한삶]
2022-08-02 12:51:51.995 DEBUG 14464 --- [    Test worker] org.hibernate.SQL                        : 
    insert 
    into
        donation
        (cheer_donation, comment_donation, direct_donation, share_donation, count_cheer_donation, count_comment_donation, count_direct_donation, count_share_donation, post_id, member_id) 
    values
        (?, ?, ?, ?, ?, ?, ?, ?, ?, ?)
Hibernate: 
    insert 
    into
        donation
        (cheer_donation, comment_donation, direct_donation, share_donation, count_cheer_donation, count_comment_donation, count_direct_donation, count_share_donation, post_id, member_id) 
    values
        (?, ?, ?, ?, ?, ?, ?, ?, ?, ?)
2022-08-02 12:51:51.996 TRACE 14464 --- [    Test worker] o.h.type.descriptor.sql.BasicBinder      : binding parameter [1] as [INTEGER] - [0]
2022-08-02 12:51:51.996 TRACE 14464 --- [    Test worker] o.h.type.descriptor.sql.BasicBinder      : binding parameter [2] as [INTEGER] - [0]
2022-08-02 12:51:51.996 TRACE 14464 --- [    Test worker] o.h.type.descriptor.sql.BasicBinder      : binding parameter [3] as [INTEGER] - [0]
2022-08-02 12:51:51.997 TRACE 14464 --- [    Test worker] o.h.type.descriptor.sql.BasicBinder      : binding parameter [4] as [INTEGER] - [0]
2022-08-02 12:51:51.997 TRACE 14464 --- [    Test worker] o.h.type.descriptor.sql.BasicBinder      : binding parameter [5] as [INTEGER] - [0]
2022-08-02 12:51:51.997 TRACE 14464 --- [    Test worker] o.h.type.descriptor.sql.BasicBinder      : binding parameter [6] as [INTEGER] - [0]
2022-08-02 12:51:51.998 TRACE 14464 --- [    Test worker] o.h.type.descriptor.sql.BasicBinder      : binding parameter [7] as [INTEGER] - [0]
2022-08-02 12:51:51.998 TRACE 14464 --- [    Test worker] o.h.type.descriptor.sql.BasicBinder      : binding parameter [8] as [INTEGER] - [0]
2022-08-02 12:51:51.998 TRACE 14464 --- [    Test worker] o.h.type.descriptor.sql.BasicBinder      : binding parameter [9] as [BIGINT] - [10]
2022-08-02 12:51:51.998 TRACE 14464 --- [    Test worker] o.h.type.descriptor.sql.BasicBinder      : binding parameter [10] as [BIGINT] - [10]
2022-08-02 12:51:52.006 DEBUG 14464 --- [    Test worker] org.hibernate.SQL                        : 
    select
        donation0_.post_id as post_id10_1_,
        donation0_.member_id as member_i9_1_,
        donation0_.cheer_donation as cheer_do1_1_,
        donation0_.comment_donation as comment_2_1_,
        donation0_.direct_donation as direct_d3_1_,
        donation0_.share_donation as share_do4_1_,
        donation0_.count_cheer_donation as count_ch5_1_,
        donation0_.count_comment_donation as count_co6_1_,
        donation0_.count_direct_donation as count_di7_1_,
        donation0_.count_share_donation as count_sh8_1_ 
    from
        donation donation0_ 
    where
        donation0_.member_id=?
Hibernate: 
    select
        donation0_.post_id as post_id10_1_,
        donation0_.member_id as member_i9_1_,
        donation0_.cheer_donation as cheer_do1_1_,
        donation0_.comment_donation as comment_2_1_,
        donation0_.direct_donation as direct_d3_1_,
        donation0_.share_donation as share_do4_1_,
        donation0_.count_cheer_donation as count_ch5_1_,
        donation0_.count_comment_donation as count_co6_1_,
        donation0_.count_direct_donation as count_di7_1_,
        donation0_.count_share_donation as count_sh8_1_ 
    from
        donation donation0_ 
    where
        donation0_.member_id=?
2022-08-02 12:51:52.008 TRACE 14464 --- [    Test worker] o.h.type.descriptor.sql.BasicBinder      : binding parameter [1] as [BIGINT] - [10]
2022-08-02 12:51:52.010 TRACE 14464 --- [    Test worker] o.h.type.descriptor.sql.BasicExtractor   : extracted value ([post_id10_1_] : [BIGINT]) - [10]
2022-08-02 12:51:52.010 TRACE 14464 --- [    Test worker] o.h.type.descriptor.sql.BasicExtractor   : extracted value ([member_i9_1_] : [BIGINT]) - [10]
2022-08-02 12:51:52.020 DEBUG 14464 --- [    Test worker] org.hibernate.SQL                        : 
    select
        donation0_.post_id as post_id10_1_,
        donation0_.member_id as member_i9_1_,
        donation0_.cheer_donation as cheer_do1_1_,
        donation0_.comment_donation as comment_2_1_,
        donation0_.direct_donation as direct_d3_1_,
        donation0_.share_donation as share_do4_1_,
        donation0_.count_cheer_donation as count_ch5_1_,
        donation0_.count_comment_donation as count_co6_1_,
        donation0_.count_direct_donation as count_di7_1_,
        donation0_.count_share_donation as count_sh8_1_ 
    from
        donation donation0_ 
    where
        donation0_.post_id=?
Hibernate: 
    select
        donation0_.post_id as post_id10_1_,
        donation0_.member_id as member_i9_1_,
        donation0_.cheer_donation as cheer_do1_1_,
        donation0_.comment_donation as comment_2_1_,
        donation0_.direct_donation as direct_d3_1_,
        donation0_.share_donation as share_do4_1_,
        donation0_.count_cheer_donation as count_ch5_1_,
        donation0_.count_comment_donation as count_co6_1_,
        donation0_.count_direct_donation as count_di7_1_,
        donation0_.count_share_donation as count_sh8_1_ 
    from
        donation donation0_ 
    where
        donation0_.post_id=?
2022-08-02 12:51:52.021 TRACE 14464 --- [    Test worker] o.h.type.descriptor.sql.BasicBinder      : binding parameter [1] as [BIGINT] - [10]
2022-08-02 12:51:52.022 TRACE 14464 --- [    Test worker] o.h.type.descriptor.sql.BasicExtractor   : extracted value ([post_id10_1_] : [BIGINT]) - [10]
2022-08-02 12:51:52.022 TRACE 14464 --- [    Test worker] o.h.type.descriptor.sql.BasicExtractor   : extracted value ([member_i9_1_] : [BIGINT]) - [10]
2022-08-02 12:51:52.028  INFO 14464 --- [    Test worker] o.s.t.c.transaction.TransactionContext   : Rolled back transaction for test: [DefaultTestContext@443b9ebb testClass = DonationRepositoryTest, testInstance = kakao.valuetogether.repository.DonationRepositoryTest@4830c979, testMethod = saveAndFindByPost@DonationRepositoryTest, testException = [null], mergedContextConfiguration = [WebMergedContextConfiguration@d98ce13 testClass = DonationRepositoryTest, locations = '{}', classes = '{class kakao.valuetogether.ValuetogetherApplication}', contextInitializerClasses = '[]', activeProfiles = '{}', propertySourceLocations = '{}', propertySourceProperties = '{org.springframework.boot.test.context.SpringBootTestContextBootstrapper=true}', contextCustomizers = set[org.springframework.boot.test.autoconfigure.actuate.metrics.MetricsExportContextCustomizerFactory$DisableMetricExportContextCustomizer@129b4fe2, org.springframework.boot.test.autoconfigure.properties.PropertyMappingContextCustomizer@0, org.springframework.boot.test.autoconfigure.web.servlet.WebDriverContextCustomizerFactory$Customizer@60dce7ea, org.springframework.boot.test.context.filter.ExcludeFilterContextCustomizer@1ef3efa8, org.springframework.boot.test.json.DuplicateJsonObjectContextCustomizerFactory$DuplicateJsonObjectContextCustomizer@5c3b6c6e, org.springframework.boot.test.mock.mockito.MockitoContextCustomizer@0, org.springframework.boot.test.web.client.TestRestTemplateContextCustomizer@14c01636, org.springframework.boot.test.context.SpringBootTestArgs@1, org.springframework.boot.test.context.SpringBootTestWebEnvironment@791d1f8b], resourceBasePath = 'src/main/webapp', contextLoader = 'org.springframework.boot.test.context.SpringBootContextLoader', parent = [null]], attributes = map['org.springframework.test.context.web.ServletTestExecutionListener.activateListener' -> true, 'org.springframework.test.context.web.ServletTestExecutionListener.populatedRequestContextHolder' -> true, 'org.springframework.test.context.web.ServletTestExecutionListener.resetRequestContextHolder' -> true, 'org.springframework.test.context.event.ApplicationEventsTestExecutionListener.recordApplicationEvents' -> false]]
2022-08-02 12:51:52.034  INFO 14464 --- [    Test worker] o.s.t.c.transaction.TransactionContext   : Began transaction (1) for test context [DefaultTestContext@443b9ebb testClass = DonationRepositoryTest, testInstance = kakao.valuetogether.repository.DonationRepositoryTest@26398f67, testMethod = donateCheer@DonationRepositoryTest, testException = [null], mergedContextConfiguration = [WebMergedContextConfiguration@d98ce13 testClass = DonationRepositoryTest, locations = '{}', classes = '{class kakao.valuetogether.ValuetogetherApplication}', contextInitializerClasses = '[]', activeProfiles = '{}', propertySourceLocations = '{}', propertySourceProperties = '{org.springframework.boot.test.context.SpringBootTestContextBootstrapper=true}', contextCustomizers = set[org.springframework.boot.test.autoconfigure.actuate.metrics.MetricsExportContextCustomizerFactory$DisableMetricExportContextCustomizer@129b4fe2, org.springframework.boot.test.autoconfigure.properties.PropertyMappingContextCustomizer@0, org.springframework.boot.test.autoconfigure.web.servlet.WebDriverContextCustomizerFactory$Customizer@60dce7ea, org.springframework.boot.test.context.filter.ExcludeFilterContextCustomizer@1ef3efa8, org.springframework.boot.test.json.DuplicateJsonObjectContextCustomizerFactory$DuplicateJsonObjectContextCustomizer@5c3b6c6e, org.springframework.boot.test.mock.mockito.MockitoContextCustomizer@0, org.springframework.boot.test.web.client.TestRestTemplateContextCustomizer@14c01636, org.springframework.boot.test.context.SpringBootTestArgs@1, org.springframework.boot.test.context.SpringBootTestWebEnvironment@791d1f8b], resourceBasePath = 'src/main/webapp', contextLoader = 'org.springframework.boot.test.context.SpringBootContextLoader', parent = [null]], attributes = map['org.springframework.test.context.web.ServletTestExecutionListener.activateListener' -> true, 'org.springframework.test.context.web.ServletTestExecutionListener.populatedRequestContextHolder' -> true, 'org.springframework.test.context.web.ServletTestExecutionListener.resetRequestContextHolder' -> true, 'org.springframework.test.context.event.ApplicationEventsTestExecutionListener.recordApplicationEvents' -> false]]; transaction manager [org.springframework.orm.jpa.JpaTransactionManager@524c3e54]; rollback [true]
2022-08-02 12:51:52.040 DEBUG 14464 --- [    Test worker] org.hibernate.SQL                        : 
    insert 
    into
        member
        (member_id, member_address, member_birthday, member_email, member_gender, member_name, member_nickname, member_phone, member_pw) 
    values
        (default, ?, ?, ?, ?, ?, ?, ?, ?)
Hibernate: 
    insert 
    into
        member
        (member_id, member_address, member_birthday, member_email, member_gender, member_name, member_nickname, member_phone, member_pw) 
    values
        (default, ?, ?, ?, ?, ?, ?, ?, ?)
2022-08-02 12:51:52.043 TRACE 14464 --- [    Test worker] o.h.type.descriptor.sql.BasicBinder      : binding parameter [1] as [VARCHAR] - [asdfasd]
2022-08-02 12:51:52.043 TRACE 14464 --- [    Test worker] o.h.type.descriptor.sql.BasicBinder      : binding parameter [2] as [VARCHAR] - [asdf]
2022-08-02 12:51:52.045 TRACE 14464 --- [    Test worker] o.h.type.descriptor.sql.BasicBinder      : binding parameter [3] as [VARCHAR] - [email]
2022-08-02 12:51:52.048 TRACE 14464 --- [    Test worker] o.h.type.descriptor.sql.BasicBinder      : binding parameter [4] as [VARCHAR] - [asdf]
2022-08-02 12:51:52.048 TRACE 14464 --- [    Test worker] o.h.type.descriptor.sql.BasicBinder      : binding parameter [5] as [VARCHAR] - [name]
2022-08-02 12:51:52.048 TRACE 14464 --- [    Test worker] o.h.type.descriptor.sql.BasicBinder      : binding parameter [6] as [VARCHAR] - [asfsa]
2022-08-02 12:51:52.048 TRACE 14464 --- [    Test worker] o.h.type.descriptor.sql.BasicBinder      : binding parameter [7] as [VARCHAR] - [111]
2022-08-02 12:51:52.048 TRACE 14464 --- [    Test worker] o.h.type.descriptor.sql.BasicBinder      : binding parameter [8] as [VARCHAR] - [pw]
2022-08-02 12:51:52.052 DEBUG 14464 --- [    Test worker] org.hibernate.SQL                        : 
    insert 
    into
        post
        (post_id, article, end_date, image, is_confirm, member_id, start_date, sub_title, target, target_amount, title, topic) 
    values
        (default, ?, ?, ?, ?, ?, ?, ?, ?, ?, ?, ?)
Hibernate: 
    insert 
    into
        post
        (post_id, article, end_date, image, is_confirm, member_id, start_date, sub_title, target, target_amount, title, topic) 
    values
        (default, ?, ?, ?, ?, ?, ?, ?, ?, ?, ?, ?)
2022-08-02 12:51:52.060 TRACE 14464 --- [    Test worker] o.h.type.descriptor.sql.BasicBinder      : binding parameter [1] as [VARCHAR] - [article]
2022-08-02 12:51:52.060 TRACE 14464 --- [    Test worker] o.h.type.descriptor.sql.BasicBinder      : binding parameter [2] as [TIMESTAMP] - [Sun Oct 01 00:00:00 KST 1922]
2022-08-02 12:51:52.060 TRACE 14464 --- [    Test worker] o.h.type.descriptor.sql.BasicBinder      : binding parameter [3] as [VARCHAR] - [image]
2022-08-02 12:51:52.061 TRACE 14464 --- [    Test worker] o.h.type.descriptor.sql.BasicBinder      : binding parameter [4] as [BOOLEAN] - [false]
2022-08-02 12:51:52.062 TRACE 14464 --- [    Test worker] o.h.type.descriptor.sql.BasicBinder      : binding parameter [5] as [BIGINT] - [11]
2022-08-02 12:51:52.062 TRACE 14464 --- [    Test worker] o.h.type.descriptor.sql.BasicBinder      : binding parameter [6] as [TIMESTAMP] - [Fri Aug 11 00:00:00 KST 1922]
2022-08-02 12:51:52.062 TRACE 14464 --- [    Test worker] o.h.type.descriptor.sql.BasicBinder      : binding parameter [7] as [VARCHAR] - [subTitle]
2022-08-02 12:51:52.062 TRACE 14464 --- [    Test worker] o.h.type.descriptor.sql.BasicBinder      : binding parameter [8] as [VARCHAR] - [실버세대]
2022-08-02 12:51:52.062 TRACE 14464 --- [    Test worker] o.h.type.descriptor.sql.BasicBinder      : binding parameter [9] as [INTEGER] - [100000]
2022-08-02 12:51:52.062 TRACE 14464 --- [    Test worker] o.h.type.descriptor.sql.BasicBinder      : binding parameter [10] as [VARCHAR] - [title]
2022-08-02 12:51:52.062 TRACE 14464 --- [    Test worker] o.h.type.descriptor.sql.BasicBinder      : binding parameter [11] as [VARCHAR] - [건강한삶]
2022-08-02 12:51:52.068 DEBUG 14464 --- [    Test worker] org.hibernate.SQL                        : 
    insert 
    into
        donation
        (cheer_donation, comment_donation, direct_donation, share_donation, count_cheer_donation, count_comment_donation, count_direct_donation, count_share_donation, post_id, member_id) 
    values
        (?, ?, ?, ?, ?, ?, ?, ?, ?, ?)
Hibernate: 
    insert 
    into
        donation
        (cheer_donation, comment_donation, direct_donation, share_donation, count_cheer_donation, count_comment_donation, count_direct_donation, count_share_donation, post_id, member_id) 
    values
        (?, ?, ?, ?, ?, ?, ?, ?, ?, ?)
2022-08-02 12:51:52.071 TRACE 14464 --- [    Test worker] o.h.type.descriptor.sql.BasicBinder      : binding parameter [1] as [INTEGER] - [0]
2022-08-02 12:51:52.071 TRACE 14464 --- [    Test worker] o.h.type.descriptor.sql.BasicBinder      : binding parameter [2] as [INTEGER] - [0]
2022-08-02 12:51:52.071 TRACE 14464 --- [    Test worker] o.h.type.descriptor.sql.BasicBinder      : binding parameter [3] as [INTEGER] - [0]
2022-08-02 12:51:52.071 TRACE 14464 --- [    Test worker] o.h.type.descriptor.sql.BasicBinder      : binding parameter [4] as [INTEGER] - [0]
2022-08-02 12:51:52.071 TRACE 14464 --- [    Test worker] o.h.type.descriptor.sql.BasicBinder      : binding parameter [5] as [INTEGER] - [0]
2022-08-02 12:51:52.071 TRACE 14464 --- [    Test worker] o.h.type.descriptor.sql.BasicBinder      : binding parameter [6] as [INTEGER] - [0]
2022-08-02 12:51:52.072 TRACE 14464 --- [    Test worker] o.h.type.descriptor.sql.BasicBinder      : binding parameter [7] as [INTEGER] - [0]
2022-08-02 12:51:52.072 TRACE 14464 --- [    Test worker] o.h.type.descriptor.sql.BasicBinder      : binding parameter [8] as [INTEGER] - [0]
2022-08-02 12:51:52.072 TRACE 14464 --- [    Test worker] o.h.type.descriptor.sql.BasicBinder      : binding parameter [9] as [BIGINT] - [11]
2022-08-02 12:51:52.072 TRACE 14464 --- [    Test worker] o.h.type.descriptor.sql.BasicBinder      : binding parameter [10] as [BIGINT] - [11]
2022-08-02 12:51:52.073 DEBUG 14464 --- [    Test worker] org.hibernate.SQL                        : 
    select
        donation0_.post_id as post_id10_1_,
        donation0_.member_id as member_i9_1_,
        donation0_.cheer_donation as cheer_do1_1_,
        donation0_.comment_donation as comment_2_1_,
        donation0_.direct_donation as direct_d3_1_,
        donation0_.share_donation as share_do4_1_,
        donation0_.count_cheer_donation as count_ch5_1_,
        donation0_.count_comment_donation as count_co6_1_,
        donation0_.count_direct_donation as count_di7_1_,
        donation0_.count_share_donation as count_sh8_1_ 
    from
        donation donation0_ 
    where
        donation0_.member_id=?
Hibernate: 
    select
        donation0_.post_id as post_id10_1_,
        donation0_.member_id as member_i9_1_,
        donation0_.cheer_donation as cheer_do1_1_,
        donation0_.comment_donation as comment_2_1_,
        donation0_.direct_donation as direct_d3_1_,
        donation0_.share_donation as share_do4_1_,
        donation0_.count_cheer_donation as count_ch5_1_,
        donation0_.count_comment_donation as count_co6_1_,
        donation0_.count_direct_donation as count_di7_1_,
        donation0_.count_share_donation as count_sh8_1_ 
    from
        donation donation0_ 
    where
        donation0_.member_id=?
2022-08-02 12:51:52.074 TRACE 14464 --- [    Test worker] o.h.type.descriptor.sql.BasicBinder      : binding parameter [1] as [BIGINT] - [11]
2022-08-02 12:51:52.075 TRACE 14464 --- [    Test worker] o.h.type.descriptor.sql.BasicExtractor   : extracted value ([post_id10_1_] : [BIGINT]) - [11]
2022-08-02 12:51:52.075 TRACE 14464 --- [    Test worker] o.h.type.descriptor.sql.BasicExtractor   : extracted value ([member_i9_1_] : [BIGINT]) - [11]
2022-08-02 12:51:52.088  INFO 14464 --- [    Test worker] o.s.t.c.transaction.TransactionContext   : Rolled back transaction for test: [DefaultTestContext@443b9ebb testClass = DonationRepositoryTest, testInstance = kakao.valuetogether.repository.DonationRepositoryTest@26398f67, testMethod = donateCheer@DonationRepositoryTest, testException = [null], mergedContextConfiguration = [WebMergedContextConfiguration@d98ce13 testClass = DonationRepositoryTest, locations = '{}', classes = '{class kakao.valuetogether.ValuetogetherApplication}', contextInitializerClasses = '[]', activeProfiles = '{}', propertySourceLocations = '{}', propertySourceProperties = '{org.springframework.boot.test.context.SpringBootTestContextBootstrapper=true}', contextCustomizers = set[org.springframework.boot.test.autoconfigure.actuate.metrics.MetricsExportContextCustomizerFactory$DisableMetricExportContextCustomizer@129b4fe2, org.springframework.boot.test.autoconfigure.properties.PropertyMappingContextCustomizer@0, org.springframework.boot.test.autoconfigure.web.servlet.WebDriverContextCustomizerFactory$Customizer@60dce7ea, org.springframework.boot.test.context.filter.ExcludeFilterContextCustomizer@1ef3efa8, org.springframework.boot.test.json.DuplicateJsonObjectContextCustomizerFactory$DuplicateJsonObjectContextCustomizer@5c3b6c6e, org.springframework.boot.test.mock.mockito.MockitoContextCustomizer@0, org.springframework.boot.test.web.client.TestRestTemplateContextCustomizer@14c01636, org.springframework.boot.test.context.SpringBootTestArgs@1, org.springframework.boot.test.context.SpringBootTestWebEnvironment@791d1f8b], resourceBasePath = 'src/main/webapp', contextLoader = 'org.springframework.boot.test.context.SpringBootContextLoader', parent = [null]], attributes = map['org.springframework.test.context.web.ServletTestExecutionListener.activateListener' -> true, 'org.springframework.test.context.web.ServletTestExecutionListener.populatedRequestContextHolder' -> true, 'org.springframework.test.context.web.ServletTestExecutionListener.resetRequestContextHolder' -> true, 'org.springframework.test.context.event.ApplicationEventsTestExecutionListener.recordApplicationEvents' -> false]]
2022-08-02 12:51:52.095  INFO 14464 --- [    Test worker] o.s.t.c.transaction.TransactionContext   : Began transaction (1) for test context [DefaultTestContext@443b9ebb testClass = DonationRepositoryTest, testInstance = kakao.valuetogether.repository.DonationRepositoryTest@2279e7c7, testMethod = donateShare@DonationRepositoryTest, testException = [null], mergedContextConfiguration = [WebMergedContextConfiguration@d98ce13 testClass = DonationRepositoryTest, locations = '{}', classes = '{class kakao.valuetogether.ValuetogetherApplication}', contextInitializerClasses = '[]', activeProfiles = '{}', propertySourceLocations = '{}', propertySourceProperties = '{org.springframework.boot.test.context.SpringBootTestContextBootstrapper=true}', contextCustomizers = set[org.springframework.boot.test.autoconfigure.actuate.metrics.MetricsExportContextCustomizerFactory$DisableMetricExportContextCustomizer@129b4fe2, org.springframework.boot.test.autoconfigure.properties.PropertyMappingContextCustomizer@0, org.springframework.boot.test.autoconfigure.web.servlet.WebDriverContextCustomizerFactory$Customizer@60dce7ea, org.springframework.boot.test.context.filter.ExcludeFilterContextCustomizer@1ef3efa8, org.springframework.boot.test.json.DuplicateJsonObjectContextCustomizerFactory$DuplicateJsonObjectContextCustomizer@5c3b6c6e, org.springframework.boot.test.mock.mockito.MockitoContextCustomizer@0, org.springframework.boot.test.web.client.TestRestTemplateContextCustomizer@14c01636, org.springframework.boot.test.context.SpringBootTestArgs@1, org.springframework.boot.test.context.SpringBootTestWebEnvironment@791d1f8b], resourceBasePath = 'src/main/webapp', contextLoader = 'org.springframework.boot.test.context.SpringBootContextLoader', parent = [null]], attributes = map['org.springframework.test.context.web.ServletTestExecutionListener.activateListener' -> true, 'org.springframework.test.context.web.ServletTestExecutionListener.populatedRequestContextHolder' -> true, 'org.springframework.test.context.web.ServletTestExecutionListener.resetRequestContextHolder' -> true, 'org.springframework.test.context.event.ApplicationEventsTestExecutionListener.recordApplicationEvents' -> false]]; transaction manager [org.springframework.orm.jpa.JpaTransactionManager@524c3e54]; rollback [true]
2022-08-02 12:51:52.099 DEBUG 14464 --- [    Test worker] org.hibernate.SQL                        : 
    insert 
    into
        member
        (member_id, member_address, member_birthday, member_email, member_gender, member_name, member_nickname, member_phone, member_pw) 
    values
        (default, ?, ?, ?, ?, ?, ?, ?, ?)
Hibernate: 
    insert 
    into
        member
        (member_id, member_address, member_birthday, member_email, member_gender, member_name, member_nickname, member_phone, member_pw) 
    values
        (default, ?, ?, ?, ?, ?, ?, ?, ?)
2022-08-02 12:51:52.100 TRACE 14464 --- [    Test worker] o.h.type.descriptor.sql.BasicBinder      : binding parameter [1] as [VARCHAR] - [asdfasd]
2022-08-02 12:51:52.101 TRACE 14464 --- [    Test worker] o.h.type.descriptor.sql.BasicBinder      : binding parameter [2] as [VARCHAR] - [asdf]
2022-08-02 12:51:52.101 TRACE 14464 --- [    Test worker] o.h.type.descriptor.sql.BasicBinder      : binding parameter [3] as [VARCHAR] - [email]
2022-08-02 12:51:52.101 TRACE 14464 --- [    Test worker] o.h.type.descriptor.sql.BasicBinder      : binding parameter [4] as [VARCHAR] - [asdf]
2022-08-02 12:51:52.101 TRACE 14464 --- [    Test worker] o.h.type.descriptor.sql.BasicBinder      : binding parameter [5] as [VARCHAR] - [name]
2022-08-02 12:51:52.101 TRACE 14464 --- [    Test worker] o.h.type.descriptor.sql.BasicBinder      : binding parameter [6] as [VARCHAR] - [asfsa]
2022-08-02 12:51:52.101 TRACE 14464 --- [    Test worker] o.h.type.descriptor.sql.BasicBinder      : binding parameter [7] as [VARCHAR] - [111]
2022-08-02 12:51:52.101 TRACE 14464 --- [    Test worker] o.h.type.descriptor.sql.BasicBinder      : binding parameter [8] as [VARCHAR] - [pw]
2022-08-02 12:51:52.103 DEBUG 14464 --- [    Test worker] org.hibernate.SQL                        : 
    insert 
    into
        post
        (post_id, article, end_date, image, is_confirm, member_id, start_date, sub_title, target, target_amount, title, topic) 
    values
        (default, ?, ?, ?, ?, ?, ?, ?, ?, ?, ?, ?)
Hibernate: 
    insert 
    into
        post
        (post_id, article, end_date, image, is_confirm, member_id, start_date, sub_title, target, target_amount, title, topic) 
    values
        (default, ?, ?, ?, ?, ?, ?, ?, ?, ?, ?, ?)
2022-08-02 12:51:52.104 TRACE 14464 --- [    Test worker] o.h.type.descriptor.sql.BasicBinder      : binding parameter [1] as [VARCHAR] - [article]
2022-08-02 12:51:52.104 TRACE 14464 --- [    Test worker] o.h.type.descriptor.sql.BasicBinder      : binding parameter [2] as [TIMESTAMP] - [Sun Oct 01 00:00:00 KST 1922]
2022-08-02 12:51:52.104 TRACE 14464 --- [    Test worker] o.h.type.descriptor.sql.BasicBinder      : binding parameter [3] as [VARCHAR] - [image]
2022-08-02 12:51:52.104 TRACE 14464 --- [    Test worker] o.h.type.descriptor.sql.BasicBinder      : binding parameter [4] as [BOOLEAN] - [false]
2022-08-02 12:51:52.104 TRACE 14464 --- [    Test worker] o.h.type.descriptor.sql.BasicBinder      : binding parameter [5] as [BIGINT] - [12]
2022-08-02 12:51:52.104 TRACE 14464 --- [    Test worker] o.h.type.descriptor.sql.BasicBinder      : binding parameter [6] as [TIMESTAMP] - [Fri Aug 11 00:00:00 KST 1922]
2022-08-02 12:51:52.104 TRACE 14464 --- [    Test worker] o.h.type.descriptor.sql.BasicBinder      : binding parameter [7] as [VARCHAR] - [subTitle]
2022-08-02 12:51:52.104 TRACE 14464 --- [    Test worker] o.h.type.descriptor.sql.BasicBinder      : binding parameter [8] as [VARCHAR] - [실버세대]
2022-08-02 12:51:52.104 TRACE 14464 --- [    Test worker] o.h.type.descriptor.sql.BasicBinder      : binding parameter [9] as [INTEGER] - [100000]
2022-08-02 12:51:52.104 TRACE 14464 --- [    Test worker] o.h.type.descriptor.sql.BasicBinder      : binding parameter [10] as [VARCHAR] - [title]
2022-08-02 12:51:52.105 TRACE 14464 --- [    Test worker] o.h.type.descriptor.sql.BasicBinder      : binding parameter [11] as [VARCHAR] - [건강한삶]
2022-08-02 12:51:52.107 DEBUG 14464 --- [    Test worker] org.hibernate.SQL                        : 
    insert 
    into
        donation
        (cheer_donation, comment_donation, direct_donation, share_donation, count_cheer_donation, count_comment_donation, count_direct_donation, count_share_donation, post_id, member_id) 
    values
        (?, ?, ?, ?, ?, ?, ?, ?, ?, ?)
Hibernate: 
    insert 
    into
        donation
        (cheer_donation, comment_donation, direct_donation, share_donation, count_cheer_donation, count_comment_donation, count_direct_donation, count_share_donation, post_id, member_id) 
    values
        (?, ?, ?, ?, ?, ?, ?, ?, ?, ?)
2022-08-02 12:51:52.113 TRACE 14464 --- [    Test worker] o.h.type.descriptor.sql.BasicBinder      : binding parameter [1] as [INTEGER] - [0]
2022-08-02 12:51:52.113 TRACE 14464 --- [    Test worker] o.h.type.descriptor.sql.BasicBinder      : binding parameter [2] as [INTEGER] - [0]
2022-08-02 12:51:52.113 TRACE 14464 --- [    Test worker] o.h.type.descriptor.sql.BasicBinder      : binding parameter [3] as [INTEGER] - [0]
2022-08-02 12:51:52.113 TRACE 14464 --- [    Test worker] o.h.type.descriptor.sql.BasicBinder      : binding parameter [4] as [INTEGER] - [0]
2022-08-02 12:51:52.113 TRACE 14464 --- [    Test worker] o.h.type.descriptor.sql.BasicBinder      : binding parameter [5] as [INTEGER] - [0]
2022-08-02 12:51:52.114 TRACE 14464 --- [    Test worker] o.h.type.descriptor.sql.BasicBinder      : binding parameter [6] as [INTEGER] - [0]
2022-08-02 12:51:52.114 TRACE 14464 --- [    Test worker] o.h.type.descriptor.sql.BasicBinder      : binding parameter [7] as [INTEGER] - [0]
2022-08-02 12:51:52.114 TRACE 14464 --- [    Test worker] o.h.type.descriptor.sql.BasicBinder      : binding parameter [8] as [INTEGER] - [0]
2022-08-02 12:51:52.114 TRACE 14464 --- [    Test worker] o.h.type.descriptor.sql.BasicBinder      : binding parameter [9] as [BIGINT] - [12]
2022-08-02 12:51:52.114 TRACE 14464 --- [    Test worker] o.h.type.descriptor.sql.BasicBinder      : binding parameter [10] as [BIGINT] - [12]
2022-08-02 12:51:52.116 DEBUG 14464 --- [    Test worker] org.hibernate.SQL                        : 
    select
        donation0_.post_id as post_id10_1_,
        donation0_.member_id as member_i9_1_,
        donation0_.cheer_donation as cheer_do1_1_,
        donation0_.comment_donation as comment_2_1_,
        donation0_.direct_donation as direct_d3_1_,
        donation0_.share_donation as share_do4_1_,
        donation0_.count_cheer_donation as count_ch5_1_,
        donation0_.count_comment_donation as count_co6_1_,
        donation0_.count_direct_donation as count_di7_1_,
        donation0_.count_share_donation as count_sh8_1_ 
    from
        donation donation0_ 
    where
        donation0_.member_id=?
Hibernate: 
    select
        donation0_.post_id as post_id10_1_,
        donation0_.member_id as member_i9_1_,
        donation0_.cheer_donation as cheer_do1_1_,
        donation0_.comment_donation as comment_2_1_,
        donation0_.direct_donation as direct_d3_1_,
        donation0_.share_donation as share_do4_1_,
        donation0_.count_cheer_donation as count_ch5_1_,
        donation0_.count_comment_donation as count_co6_1_,
        donation0_.count_direct_donation as count_di7_1_,
        donation0_.count_share_donation as count_sh8_1_ 
    from
        donation donation0_ 
    where
        donation0_.member_id=?
2022-08-02 12:51:52.117 TRACE 14464 --- [    Test worker] o.h.type.descriptor.sql.BasicBinder      : binding parameter [1] as [BIGINT] - [12]
2022-08-02 12:51:52.118 TRACE 14464 --- [    Test worker] o.h.type.descriptor.sql.BasicExtractor   : extracted value ([post_id10_1_] : [BIGINT]) - [12]
2022-08-02 12:51:52.118 TRACE 14464 --- [    Test worker] o.h.type.descriptor.sql.BasicExtractor   : extracted value ([member_i9_1_] : [BIGINT]) - [12]
2022-08-02 12:51:52.123  INFO 14464 --- [    Test worker] o.s.t.c.transaction.TransactionContext   : Rolled back transaction for test: [DefaultTestContext@443b9ebb testClass = DonationRepositoryTest, testInstance = kakao.valuetogether.repository.DonationRepositoryTest@2279e7c7, testMethod = donateShare@DonationRepositoryTest, testException = [null], mergedContextConfiguration = [WebMergedContextConfiguration@d98ce13 testClass = DonationRepositoryTest, locations = '{}', classes = '{class kakao.valuetogether.ValuetogetherApplication}', contextInitializerClasses = '[]', activeProfiles = '{}', propertySourceLocations = '{}', propertySourceProperties = '{org.springframework.boot.test.context.SpringBootTestContextBootstrapper=true}', contextCustomizers = set[org.springframework.boot.test.autoconfigure.actuate.metrics.MetricsExportContextCustomizerFactory$DisableMetricExportContextCustomizer@129b4fe2, org.springframework.boot.test.autoconfigure.properties.PropertyMappingContextCustomizer@0, org.springframework.boot.test.autoconfigure.web.servlet.WebDriverContextCustomizerFactory$Customizer@60dce7ea, org.springframework.boot.test.context.filter.ExcludeFilterContextCustomizer@1ef3efa8, org.springframework.boot.test.json.DuplicateJsonObjectContextCustomizerFactory$DuplicateJsonObjectContextCustomizer@5c3b6c6e, org.springframework.boot.test.mock.mockito.MockitoContextCustomizer@0, org.springframework.boot.test.web.client.TestRestTemplateContextCustomizer@14c01636, org.springframework.boot.test.context.SpringBootTestArgs@1, org.springframework.boot.test.context.SpringBootTestWebEnvironment@791d1f8b], resourceBasePath = 'src/main/webapp', contextLoader = 'org.springframework.boot.test.context.SpringBootContextLoader', parent = [null]], attributes = map['org.springframework.test.context.web.ServletTestExecutionListener.activateListener' -> true, 'org.springframework.test.context.web.ServletTestExecutionListener.populatedRequestContextHolder' -> true, 'org.springframework.test.context.web.ServletTestExecutionListener.resetRequestContextHolder' -> true, 'org.springframework.test.context.event.ApplicationEventsTestExecutionListener.recordApplicationEvents' -> false]]
2022-08-02 12:51:52.128  INFO 14464 --- [    Test worker] o.s.t.c.transaction.TransactionContext   : Began transaction (1) for test context [DefaultTestContext@443b9ebb testClass = DonationRepositoryTest, testInstance = kakao.valuetogether.repository.DonationRepositoryTest@1b89debc, testMethod = donateComment@DonationRepositoryTest, testException = [null], mergedContextConfiguration = [WebMergedContextConfiguration@d98ce13 testClass = DonationRepositoryTest, locations = '{}', classes = '{class kakao.valuetogether.ValuetogetherApplication}', contextInitializerClasses = '[]', activeProfiles = '{}', propertySourceLocations = '{}', propertySourceProperties = '{org.springframework.boot.test.context.SpringBootTestContextBootstrapper=true}', contextCustomizers = set[org.springframework.boot.test.autoconfigure.actuate.metrics.MetricsExportContextCustomizerFactory$DisableMetricExportContextCustomizer@129b4fe2, org.springframework.boot.test.autoconfigure.properties.PropertyMappingContextCustomizer@0, org.springframework.boot.test.autoconfigure.web.servlet.WebDriverContextCustomizerFactory$Customizer@60dce7ea, org.springframework.boot.test.context.filter.ExcludeFilterContextCustomizer@1ef3efa8, org.springframework.boot.test.json.DuplicateJsonObjectContextCustomizerFactory$DuplicateJsonObjectContextCustomizer@5c3b6c6e, org.springframework.boot.test.mock.mockito.MockitoContextCustomizer@0, org.springframework.boot.test.web.client.TestRestTemplateContextCustomizer@14c01636, org.springframework.boot.test.context.SpringBootTestArgs@1, org.springframework.boot.test.context.SpringBootTestWebEnvironment@791d1f8b], resourceBasePath = 'src/main/webapp', contextLoader = 'org.springframework.boot.test.context.SpringBootContextLoader', parent = [null]], attributes = map['org.springframework.test.context.web.ServletTestExecutionListener.activateListener' -> true, 'org.springframework.test.context.web.ServletTestExecutionListener.populatedRequestContextHolder' -> true, 'org.springframework.test.context.web.ServletTestExecutionListener.resetRequestContextHolder' -> true, 'org.springframework.test.context.event.ApplicationEventsTestExecutionListener.recordApplicationEvents' -> false]]; transaction manager [org.springframework.orm.jpa.JpaTransactionManager@524c3e54]; rollback [true]
2022-08-02 12:51:52.132 DEBUG 14464 --- [    Test worker] org.hibernate.SQL                        : 
    insert 
    into
        member
        (member_id, member_address, member_birthday, member_email, member_gender, member_name, member_nickname, member_phone, member_pw) 
    values
        (default, ?, ?, ?, ?, ?, ?, ?, ?)
Hibernate: 
    insert 
    into
        member
        (member_id, member_address, member_birthday, member_email, member_gender, member_name, member_nickname, member_phone, member_pw) 
    values
        (default, ?, ?, ?, ?, ?, ?, ?, ?)
2022-08-02 12:51:52.135 TRACE 14464 --- [    Test worker] o.h.type.descriptor.sql.BasicBinder      : binding parameter [1] as [VARCHAR] - [asdfasd]
2022-08-02 12:51:52.135 TRACE 14464 --- [    Test worker] o.h.type.descriptor.sql.BasicBinder      : binding parameter [2] as [VARCHAR] - [asdf]
2022-08-02 12:51:52.135 TRACE 14464 --- [    Test worker] o.h.type.descriptor.sql.BasicBinder      : binding parameter [3] as [VARCHAR] - [email]
2022-08-02 12:51:52.135 TRACE 14464 --- [    Test worker] o.h.type.descriptor.sql.BasicBinder      : binding parameter [4] as [VARCHAR] - [asdf]
2022-08-02 12:51:52.135 TRACE 14464 --- [    Test worker] o.h.type.descriptor.sql.BasicBinder      : binding parameter [5] as [VARCHAR] - [name]
2022-08-02 12:51:52.135 TRACE 14464 --- [    Test worker] o.h.type.descriptor.sql.BasicBinder      : binding parameter [6] as [VARCHAR] - [asfsa]
2022-08-02 12:51:52.135 TRACE 14464 --- [    Test worker] o.h.type.descriptor.sql.BasicBinder      : binding parameter [7] as [VARCHAR] - [111]
2022-08-02 12:51:52.135 TRACE 14464 --- [    Test worker] o.h.type.descriptor.sql.BasicBinder      : binding parameter [8] as [VARCHAR] - [pw]
2022-08-02 12:51:52.139 DEBUG 14464 --- [    Test worker] org.hibernate.SQL                        : 
    insert 
    into
        post
        (post_id, article, end_date, image, is_confirm, member_id, start_date, sub_title, target, target_amount, title, topic) 
    values
        (default, ?, ?, ?, ?, ?, ?, ?, ?, ?, ?, ?)
Hibernate: 
    insert 
    into
        post
        (post_id, article, end_date, image, is_confirm, member_id, start_date, sub_title, target, target_amount, title, topic) 
    values
        (default, ?, ?, ?, ?, ?, ?, ?, ?, ?, ?, ?)
2022-08-02 12:51:52.140 TRACE 14464 --- [    Test worker] o.h.type.descriptor.sql.BasicBinder      : binding parameter [1] as [VARCHAR] - [article]
2022-08-02 12:51:52.140 TRACE 14464 --- [    Test worker] o.h.type.descriptor.sql.BasicBinder      : binding parameter [2] as [TIMESTAMP] - [Sun Oct 01 00:00:00 KST 1922]
2022-08-02 12:51:52.140 TRACE 14464 --- [    Test worker] o.h.type.descriptor.sql.BasicBinder      : binding parameter [3] as [VARCHAR] - [image]
2022-08-02 12:51:52.141 TRACE 14464 --- [    Test worker] o.h.type.descriptor.sql.BasicBinder      : binding parameter [4] as [BOOLEAN] - [false]
2022-08-02 12:51:52.141 TRACE 14464 --- [    Test worker] o.h.type.descriptor.sql.BasicBinder      : binding parameter [5] as [BIGINT] - [13]
2022-08-02 12:51:52.141 TRACE 14464 --- [    Test worker] o.h.type.descriptor.sql.BasicBinder      : binding parameter [6] as [TIMESTAMP] - [Fri Aug 11 00:00:00 KST 1922]
2022-08-02 12:51:52.141 TRACE 14464 --- [    Test worker] o.h.type.descriptor.sql.BasicBinder      : binding parameter [7] as [VARCHAR] - [subTitle]
2022-08-02 12:51:52.141 TRACE 14464 --- [    Test worker] o.h.type.descriptor.sql.BasicBinder      : binding parameter [8] as [VARCHAR] - [실버세대]
2022-08-02 12:51:52.141 TRACE 14464 --- [    Test worker] o.h.type.descriptor.sql.BasicBinder      : binding parameter [9] as [INTEGER] - [100000]
2022-08-02 12:51:52.141 TRACE 14464 --- [    Test worker] o.h.type.descriptor.sql.BasicBinder      : binding parameter [10] as [VARCHAR] - [title]
2022-08-02 12:51:52.141 TRACE 14464 --- [    Test worker] o.h.type.descriptor.sql.BasicBinder      : binding parameter [11] as [VARCHAR] - [건강한삶]
2022-08-02 12:51:52.148 DEBUG 14464 --- [    Test worker] org.hibernate.SQL                        : 
    insert 
    into
        donation
        (cheer_donation, comment_donation, direct_donation, share_donation, count_cheer_donation, count_comment_donation, count_direct_donation, count_share_donation, post_id, member_id) 
    values
        (?, ?, ?, ?, ?, ?, ?, ?, ?, ?)
Hibernate: 
    insert 
    into
        donation
        (cheer_donation, comment_donation, direct_donation, share_donation, count_cheer_donation, count_comment_donation, count_direct_donation, count_share_donation, post_id, member_id) 
    values
        (?, ?, ?, ?, ?, ?, ?, ?, ?, ?)
2022-08-02 12:51:52.154 TRACE 14464 --- [    Test worker] o.h.type.descriptor.sql.BasicBinder      : binding parameter [1] as [INTEGER] - [0]
2022-08-02 12:51:52.154 TRACE 14464 --- [    Test worker] o.h.type.descriptor.sql.BasicBinder      : binding parameter [2] as [INTEGER] - [0]
2022-08-02 12:51:52.154 TRACE 14464 --- [    Test worker] o.h.type.descriptor.sql.BasicBinder      : binding parameter [3] as [INTEGER] - [0]
2022-08-02 12:51:52.154 TRACE 14464 --- [    Test worker] o.h.type.descriptor.sql.BasicBinder      : binding parameter [4] as [INTEGER] - [0]
2022-08-02 12:51:52.154 TRACE 14464 --- [    Test worker] o.h.type.descriptor.sql.BasicBinder      : binding parameter [5] as [INTEGER] - [0]
2022-08-02 12:51:52.154 TRACE 14464 --- [    Test worker] o.h.type.descriptor.sql.BasicBinder      : binding parameter [6] as [INTEGER] - [0]
2022-08-02 12:51:52.154 TRACE 14464 --- [    Test worker] o.h.type.descriptor.sql.BasicBinder      : binding parameter [7] as [INTEGER] - [0]
2022-08-02 12:51:52.154 TRACE 14464 --- [    Test worker] o.h.type.descriptor.sql.BasicBinder      : binding parameter [8] as [INTEGER] - [0]
2022-08-02 12:51:52.154 TRACE 14464 --- [    Test worker] o.h.type.descriptor.sql.BasicBinder      : binding parameter [9] as [BIGINT] - [13]
2022-08-02 12:51:52.154 TRACE 14464 --- [    Test worker] o.h.type.descriptor.sql.BasicBinder      : binding parameter [10] as [BIGINT] - [13]
2022-08-02 12:51:52.160 DEBUG 14464 --- [    Test worker] org.hibernate.SQL                        : 
    select
        donation0_.post_id as post_id10_1_,
        donation0_.member_id as member_i9_1_,
        donation0_.cheer_donation as cheer_do1_1_,
        donation0_.comment_donation as comment_2_1_,
        donation0_.direct_donation as direct_d3_1_,
        donation0_.share_donation as share_do4_1_,
        donation0_.count_cheer_donation as count_ch5_1_,
        donation0_.count_comment_donation as count_co6_1_,
        donation0_.count_direct_donation as count_di7_1_,
        donation0_.count_share_donation as count_sh8_1_ 
    from
        donation donation0_ 
    where
        donation0_.member_id=?
Hibernate: 
    select
        donation0_.post_id as post_id10_1_,
        donation0_.member_id as member_i9_1_,
        donation0_.cheer_donation as cheer_do1_1_,
        donation0_.comment_donation as comment_2_1_,
        donation0_.direct_donation as direct_d3_1_,
        donation0_.share_donation as share_do4_1_,
        donation0_.count_cheer_donation as count_ch5_1_,
        donation0_.count_comment_donation as count_co6_1_,
        donation0_.count_direct_donation as count_di7_1_,
        donation0_.count_share_donation as count_sh8_1_ 
    from
        donation donation0_ 
    where
        donation0_.member_id=?
2022-08-02 12:51:52.162 TRACE 14464 --- [    Test worker] o.h.type.descriptor.sql.BasicBinder      : binding parameter [1] as [BIGINT] - [13]
2022-08-02 12:51:52.164 TRACE 14464 --- [    Test worker] o.h.type.descriptor.sql.BasicExtractor   : extracted value ([post_id10_1_] : [BIGINT]) - [13]
2022-08-02 12:51:52.164 TRACE 14464 --- [    Test worker] o.h.type.descriptor.sql.BasicExtractor   : extracted value ([member_i9_1_] : [BIGINT]) - [13]
2022-08-02 12:51:52.176  INFO 14464 --- [    Test worker] o.s.t.c.transaction.TransactionContext   : Rolled back transaction for test: [DefaultTestContext@443b9ebb testClass = DonationRepositoryTest, testInstance = kakao.valuetogether.repository.DonationRepositoryTest@1b89debc, testMethod = donateComment@DonationRepositoryTest, testException = [null], mergedContextConfiguration = [WebMergedContextConfiguration@d98ce13 testClass = DonationRepositoryTest, locations = '{}', classes = '{class kakao.valuetogether.ValuetogetherApplication}', contextInitializerClasses = '[]', activeProfiles = '{}', propertySourceLocations = '{}', propertySourceProperties = '{org.springframework.boot.test.context.SpringBootTestContextBootstrapper=true}', contextCustomizers = set[org.springframework.boot.test.autoconfigure.actuate.metrics.MetricsExportContextCustomizerFactory$DisableMetricExportContextCustomizer@129b4fe2, org.springframework.boot.test.autoconfigure.properties.PropertyMappingContextCustomizer@0, org.springframework.boot.test.autoconfigure.web.servlet.WebDriverContextCustomizerFactory$Customizer@60dce7ea, org.springframework.boot.test.context.filter.ExcludeFilterContextCustomizer@1ef3efa8, org.springframework.boot.test.json.DuplicateJsonObjectContextCustomizerFactory$DuplicateJsonObjectContextCustomizer@5c3b6c6e, org.springframework.boot.test.mock.mockito.MockitoContextCustomizer@0, org.springframework.boot.test.web.client.TestRestTemplateContextCustomizer@14c01636, org.springframework.boot.test.context.SpringBootTestArgs@1, org.springframework.boot.test.context.SpringBootTestWebEnvironment@791d1f8b], resourceBasePath = 'src/main/webapp', contextLoader = 'org.springframework.boot.test.context.SpringBootContextLoader', parent = [null]], attributes = map['org.springframework.test.context.web.ServletTestExecutionListener.activateListener' -> true, 'org.springframework.test.context.web.ServletTestExecutionListener.populatedRequestContextHolder' -> true, 'org.springframework.test.context.web.ServletTestExecutionListener.resetRequestContextHolder' -> true, 'org.springframework.test.context.event.ApplicationEventsTestExecutionListener.recordApplicationEvents' -> false]]
2022-08-02 12:51:52.189  INFO 14464 --- [    Test worker] o.s.t.c.transaction.TransactionContext   : Began transaction (1) for test context [DefaultTestContext@443b9ebb testClass = DonationRepositoryTest, testInstance = kakao.valuetogether.repository.DonationRepositoryTest@4a2f1ae3, testMethod = donateDirect@DonationRepositoryTest, testException = [null], mergedContextConfiguration = [WebMergedContextConfiguration@d98ce13 testClass = DonationRepositoryTest, locations = '{}', classes = '{class kakao.valuetogether.ValuetogetherApplication}', contextInitializerClasses = '[]', activeProfiles = '{}', propertySourceLocations = '{}', propertySourceProperties = '{org.springframework.boot.test.context.SpringBootTestContextBootstrapper=true}', contextCustomizers = set[org.springframework.boot.test.autoconfigure.actuate.metrics.MetricsExportContextCustomizerFactory$DisableMetricExportContextCustomizer@129b4fe2, org.springframework.boot.test.autoconfigure.properties.PropertyMappingContextCustomizer@0, org.springframework.boot.test.autoconfigure.web.servlet.WebDriverContextCustomizerFactory$Customizer@60dce7ea, org.springframework.boot.test.context.filter.ExcludeFilterContextCustomizer@1ef3efa8, org.springframework.boot.test.json.DuplicateJsonObjectContextCustomizerFactory$DuplicateJsonObjectContextCustomizer@5c3b6c6e, org.springframework.boot.test.mock.mockito.MockitoContextCustomizer@0, org.springframework.boot.test.web.client.TestRestTemplateContextCustomizer@14c01636, org.springframework.boot.test.context.SpringBootTestArgs@1, org.springframework.boot.test.context.SpringBootTestWebEnvironment@791d1f8b], resourceBasePath = 'src/main/webapp', contextLoader = 'org.springframework.boot.test.context.SpringBootContextLoader', parent = [null]], attributes = map['org.springframework.test.context.web.ServletTestExecutionListener.activateListener' -> true, 'org.springframework.test.context.web.ServletTestExecutionListener.populatedRequestContextHolder' -> true, 'org.springframework.test.context.web.ServletTestExecutionListener.resetRequestContextHolder' -> true, 'org.springframework.test.context.event.ApplicationEventsTestExecutionListener.recordApplicationEvents' -> false]]; transaction manager [org.springframework.orm.jpa.JpaTransactionManager@524c3e54]; rollback [true]
2022-08-02 12:51:52.193 DEBUG 14464 --- [    Test worker] org.hibernate.SQL                        : 
    insert 
    into
        member
        (member_id, member_address, member_birthday, member_email, member_gender, member_name, member_nickname, member_phone, member_pw) 
    values
        (default, ?, ?, ?, ?, ?, ?, ?, ?)
Hibernate: 
    insert 
    into
        member
        (member_id, member_address, member_birthday, member_email, member_gender, member_name, member_nickname, member_phone, member_pw) 
    values
        (default, ?, ?, ?, ?, ?, ?, ?, ?)
2022-08-02 12:51:52.194 TRACE 14464 --- [    Test worker] o.h.type.descriptor.sql.BasicBinder      : binding parameter [1] as [VARCHAR] - [asdfasd]
2022-08-02 12:51:52.195 TRACE 14464 --- [    Test worker] o.h.type.descriptor.sql.BasicBinder      : binding parameter [2] as [VARCHAR] - [asdf]
2022-08-02 12:51:52.195 TRACE 14464 --- [    Test worker] o.h.type.descriptor.sql.BasicBinder      : binding parameter [3] as [VARCHAR] - [email]
2022-08-02 12:51:52.195 TRACE 14464 --- [    Test worker] o.h.type.descriptor.sql.BasicBinder      : binding parameter [4] as [VARCHAR] - [asdf]
2022-08-02 12:51:52.195 TRACE 14464 --- [    Test worker] o.h.type.descriptor.sql.BasicBinder      : binding parameter [5] as [VARCHAR] - [name]
2022-08-02 12:51:52.195 TRACE 14464 --- [    Test worker] o.h.type.descriptor.sql.BasicBinder      : binding parameter [6] as [VARCHAR] - [asfsa]
2022-08-02 12:51:52.195 TRACE 14464 --- [    Test worker] o.h.type.descriptor.sql.BasicBinder      : binding parameter [7] as [VARCHAR] - [111]
2022-08-02 12:51:52.195 TRACE 14464 --- [    Test worker] o.h.type.descriptor.sql.BasicBinder      : binding parameter [8] as [VARCHAR] - [pw]
2022-08-02 12:51:52.200 DEBUG 14464 --- [    Test worker] org.hibernate.SQL                        : 
    insert 
    into
        post
        (post_id, article, end_date, image, is_confirm, member_id, start_date, sub_title, target, target_amount, title, topic) 
    values
        (default, ?, ?, ?, ?, ?, ?, ?, ?, ?, ?, ?)
Hibernate: 
    insert 
    into
        post
        (post_id, article, end_date, image, is_confirm, member_id, start_date, sub_title, target, target_amount, title, topic) 
    values
        (default, ?, ?, ?, ?, ?, ?, ?, ?, ?, ?, ?)
2022-08-02 12:51:52.201 TRACE 14464 --- [    Test worker] o.h.type.descriptor.sql.BasicBinder      : binding parameter [1] as [VARCHAR] - [article]
2022-08-02 12:51:52.202 TRACE 14464 --- [    Test worker] o.h.type.descriptor.sql.BasicBinder      : binding parameter [2] as [TIMESTAMP] - [Sun Oct 01 00:00:00 KST 1922]
2022-08-02 12:51:52.202 TRACE 14464 --- [    Test worker] o.h.type.descriptor.sql.BasicBinder      : binding parameter [3] as [VARCHAR] - [image]
2022-08-02 12:51:52.202 TRACE 14464 --- [    Test worker] o.h.type.descriptor.sql.BasicBinder      : binding parameter [4] as [BOOLEAN] - [false]
2022-08-02 12:51:52.203 TRACE 14464 --- [    Test worker] o.h.type.descriptor.sql.BasicBinder      : binding parameter [5] as [BIGINT] - [14]
2022-08-02 12:51:52.203 TRACE 14464 --- [    Test worker] o.h.type.descriptor.sql.BasicBinder      : binding parameter [6] as [TIMESTAMP] - [Fri Aug 11 00:00:00 KST 1922]
2022-08-02 12:51:52.203 TRACE 14464 --- [    Test worker] o.h.type.descriptor.sql.BasicBinder      : binding parameter [7] as [VARCHAR] - [subTitle]
2022-08-02 12:51:52.203 TRACE 14464 --- [    Test worker] o.h.type.descriptor.sql.BasicBinder      : binding parameter [8] as [VARCHAR] - [실버세대]
2022-08-02 12:51:52.203 TRACE 14464 --- [    Test worker] o.h.type.descriptor.sql.BasicBinder      : binding parameter [9] as [INTEGER] - [100000]
2022-08-02 12:51:52.203 TRACE 14464 --- [    Test worker] o.h.type.descriptor.sql.BasicBinder      : binding parameter [10] as [VARCHAR] - [title]
2022-08-02 12:51:52.203 TRACE 14464 --- [    Test worker] o.h.type.descriptor.sql.BasicBinder      : binding parameter [11] as [VARCHAR] - [건강한삶]
2022-08-02 12:51:52.209 DEBUG 14464 --- [    Test worker] org.hibernate.SQL                        : 
    insert 
    into
        donation
        (cheer_donation, comment_donation, direct_donation, share_donation, count_cheer_donation, count_comment_donation, count_direct_donation, count_share_donation, post_id, member_id) 
    values
        (?, ?, ?, ?, ?, ?, ?, ?, ?, ?)
Hibernate: 
    insert 
    into
        donation
        (cheer_donation, comment_donation, direct_donation, share_donation, count_cheer_donation, count_comment_donation, count_direct_donation, count_share_donation, post_id, member_id) 
    values
        (?, ?, ?, ?, ?, ?, ?, ?, ?, ?)
2022-08-02 12:51:52.211 TRACE 14464 --- [    Test worker] o.h.type.descriptor.sql.BasicBinder      : binding parameter [1] as [INTEGER] - [0]
2022-08-02 12:51:52.211 TRACE 14464 --- [    Test worker] o.h.type.descriptor.sql.BasicBinder      : binding parameter [2] as [INTEGER] - [0]
2022-08-02 12:51:52.211 TRACE 14464 --- [    Test worker] o.h.type.descriptor.sql.BasicBinder      : binding parameter [3] as [INTEGER] - [0]
2022-08-02 12:51:52.211 TRACE 14464 --- [    Test worker] o.h.type.descriptor.sql.BasicBinder      : binding parameter [4] as [INTEGER] - [0]
2022-08-02 12:51:52.211 TRACE 14464 --- [    Test worker] o.h.type.descriptor.sql.BasicBinder      : binding parameter [5] as [INTEGER] - [0]
2022-08-02 12:51:52.211 TRACE 14464 --- [    Test worker] o.h.type.descriptor.sql.BasicBinder      : binding parameter [6] as [INTEGER] - [0]
2022-08-02 12:51:52.211 TRACE 14464 --- [    Test worker] o.h.type.descriptor.sql.BasicBinder      : binding parameter [7] as [INTEGER] - [0]
2022-08-02 12:51:52.211 TRACE 14464 --- [    Test worker] o.h.type.descriptor.sql.BasicBinder      : binding parameter [8] as [INTEGER] - [0]
2022-08-02 12:51:52.211 TRACE 14464 --- [    Test worker] o.h.type.descriptor.sql.BasicBinder      : binding parameter [9] as [BIGINT] - [14]
2022-08-02 12:51:52.211 TRACE 14464 --- [    Test worker] o.h.type.descriptor.sql.BasicBinder      : binding parameter [10] as [BIGINT] - [14]
2022-08-02 12:51:52.214 DEBUG 14464 --- [    Test worker] org.hibernate.SQL                        : 
    select
        donation0_.post_id as post_id10_1_,
        donation0_.member_id as member_i9_1_,
        donation0_.cheer_donation as cheer_do1_1_,
        donation0_.comment_donation as comment_2_1_,
        donation0_.direct_donation as direct_d3_1_,
        donation0_.share_donation as share_do4_1_,
        donation0_.count_cheer_donation as count_ch5_1_,
        donation0_.count_comment_donation as count_co6_1_,
        donation0_.count_direct_donation as count_di7_1_,
        donation0_.count_share_donation as count_sh8_1_ 
    from
        donation donation0_ 
    where
        donation0_.member_id=?
Hibernate: 
    select
        donation0_.post_id as post_id10_1_,
        donation0_.member_id as member_i9_1_,
        donation0_.cheer_donation as cheer_do1_1_,
        donation0_.comment_donation as comment_2_1_,
        donation0_.direct_donation as direct_d3_1_,
        donation0_.share_donation as share_do4_1_,
        donation0_.count_cheer_donation as count_ch5_1_,
        donation0_.count_comment_donation as count_co6_1_,
        donation0_.count_direct_donation as count_di7_1_,
        donation0_.count_share_donation as count_sh8_1_ 
    from
        donation donation0_ 
    where
        donation0_.member_id=?
2022-08-02 12:51:52.219 TRACE 14464 --- [    Test worker] o.h.type.descriptor.sql.BasicBinder      : binding parameter [1] as [BIGINT] - [14]
2022-08-02 12:51:52.221 TRACE 14464 --- [    Test worker] o.h.type.descriptor.sql.BasicExtractor   : extracted value ([post_id10_1_] : [BIGINT]) - [14]
2022-08-02 12:51:52.222 TRACE 14464 --- [    Test worker] o.h.type.descriptor.sql.BasicExtractor   : extracted value ([member_i9_1_] : [BIGINT]) - [14]
2022-08-02 12:51:52.226 DEBUG 14464 --- [    Test worker] org.hibernate.SQL                        : 
    update
        donation 
    set
        cheer_donation=?,
        comment_donation=?,
        direct_donation=?,
        share_donation=?,
        count_cheer_donation=?,
        count_comment_donation=?,
        count_direct_donation=?,
        count_share_donation=? 
    where
        post_id=? 
        and member_id=?
Hibernate: 
    update
        donation 
    set
        cheer_donation=?,
        comment_donation=?,
        direct_donation=?,
        share_donation=?,
        count_cheer_donation=?,
        count_comment_donation=?,
        count_direct_donation=?,
        count_share_donation=? 
    where
        post_id=? 
        and member_id=?
2022-08-02 12:51:52.228 TRACE 14464 --- [    Test worker] o.h.type.descriptor.sql.BasicBinder      : binding parameter [1] as [INTEGER] - [0]
2022-08-02 12:51:52.228 TRACE 14464 --- [    Test worker] o.h.type.descriptor.sql.BasicBinder      : binding parameter [2] as [INTEGER] - [0]
2022-08-02 12:51:52.229 TRACE 14464 --- [    Test worker] o.h.type.descriptor.sql.BasicBinder      : binding parameter [3] as [INTEGER] - [1000]
2022-08-02 12:51:52.229 TRACE 14464 --- [    Test worker] o.h.type.descriptor.sql.BasicBinder      : binding parameter [4] as [INTEGER] - [0]
2022-08-02 12:51:52.229 TRACE 14464 --- [    Test worker] o.h.type.descriptor.sql.BasicBinder      : binding parameter [5] as [INTEGER] - [0]
2022-08-02 12:51:52.229 TRACE 14464 --- [    Test worker] o.h.type.descriptor.sql.BasicBinder      : binding parameter [6] as [INTEGER] - [0]
2022-08-02 12:51:52.229 TRACE 14464 --- [    Test worker] o.h.type.descriptor.sql.BasicBinder      : binding parameter [7] as [INTEGER] - [0]
2022-08-02 12:51:52.229 TRACE 14464 --- [    Test worker] o.h.type.descriptor.sql.BasicBinder      : binding parameter [8] as [INTEGER] - [0]
2022-08-02 12:51:52.229 TRACE 14464 --- [    Test worker] o.h.type.descriptor.sql.BasicBinder      : binding parameter [9] as [BIGINT] - [14]
2022-08-02 12:51:52.229 TRACE 14464 --- [    Test worker] o.h.type.descriptor.sql.BasicBinder      : binding parameter [10] as [BIGINT] - [14]
2022-08-02 12:51:52.235 DEBUG 14464 --- [    Test worker] org.hibernate.SQL                        : 
    select
        donation0_.post_id as post_id10_1_,
        donation0_.member_id as member_i9_1_,
        donation0_.cheer_donation as cheer_do1_1_,
        donation0_.comment_donation as comment_2_1_,
        donation0_.direct_donation as direct_d3_1_,
        donation0_.share_donation as share_do4_1_,
        donation0_.count_cheer_donation as count_ch5_1_,
        donation0_.count_comment_donation as count_co6_1_,
        donation0_.count_direct_donation as count_di7_1_,
        donation0_.count_share_donation as count_sh8_1_ 
    from
        donation donation0_ 
    where
        donation0_.member_id=?
Hibernate: 
    select
        donation0_.post_id as post_id10_1_,
        donation0_.member_id as member_i9_1_,
        donation0_.cheer_donation as cheer_do1_1_,
        donation0_.comment_donation as comment_2_1_,
        donation0_.direct_donation as direct_d3_1_,
        donation0_.share_donation as share_do4_1_,
        donation0_.count_cheer_donation as count_ch5_1_,
        donation0_.count_comment_donation as count_co6_1_,
        donation0_.count_direct_donation as count_di7_1_,
        donation0_.count_share_donation as count_sh8_1_ 
    from
        donation donation0_ 
    where
        donation0_.member_id=?
2022-08-02 12:51:52.237 TRACE 14464 --- [    Test worker] o.h.type.descriptor.sql.BasicBinder      : binding parameter [1] as [BIGINT] - [14]
2022-08-02 12:51:52.239 TRACE 14464 --- [    Test worker] o.h.type.descriptor.sql.BasicExtractor   : extracted value ([post_id10_1_] : [BIGINT]) - [14]
2022-08-02 12:51:52.239 TRACE 14464 --- [    Test worker] o.h.type.descriptor.sql.BasicExtractor   : extracted value ([member_i9_1_] : [BIGINT]) - [14]
2022-08-02 12:51:52.247  INFO 14464 --- [    Test worker] o.s.t.c.transaction.TransactionContext   : Rolled back transaction for test: [DefaultTestContext@443b9ebb testClass = DonationRepositoryTest, testInstance = kakao.valuetogether.repository.DonationRepositoryTest@4a2f1ae3, testMethod = donateDirect@DonationRepositoryTest, testException = [null], mergedContextConfiguration = [WebMergedContextConfiguration@d98ce13 testClass = DonationRepositoryTest, locations = '{}', classes = '{class kakao.valuetogether.ValuetogetherApplication}', contextInitializerClasses = '[]', activeProfiles = '{}', propertySourceLocations = '{}', propertySourceProperties = '{org.springframework.boot.test.context.SpringBootTestContextBootstrapper=true}', contextCustomizers = set[org.springframework.boot.test.autoconfigure.actuate.metrics.MetricsExportContextCustomizerFactory$DisableMetricExportContextCustomizer@129b4fe2, org.springframework.boot.test.autoconfigure.properties.PropertyMappingContextCustomizer@0, org.springframework.boot.test.autoconfigure.web.servlet.WebDriverContextCustomizerFactory$Customizer@60dce7ea, org.springframework.boot.test.context.filter.ExcludeFilterContextCustomizer@1ef3efa8, org.springframework.boot.test.json.DuplicateJsonObjectContextCustomizerFactory$DuplicateJsonObjectContextCustomizer@5c3b6c6e, org.springframework.boot.test.mock.mockito.MockitoContextCustomizer@0, org.springframework.boot.test.web.client.TestRestTemplateContextCustomizer@14c01636, org.springframework.boot.test.context.SpringBootTestArgs@1, org.springframework.boot.test.context.SpringBootTestWebEnvironment@791d1f8b], resourceBasePath = 'src/main/webapp', contextLoader = 'org.springframework.boot.test.context.SpringBootContextLoader', parent = [null]], attributes = map['org.springframework.test.context.web.ServletTestExecutionListener.activateListener' -> true, 'org.springframework.test.context.web.ServletTestExecutionListener.populatedRequestContextHolder' -> true, 'org.springframework.test.context.web.ServletTestExecutionListener.resetRequestContextHolder' -> true, 'org.springframework.test.context.event.ApplicationEventsTestExecutionListener.recordApplicationEvents' -> false]]
2022-08-02 12:51:52.254  INFO 14464 --- [    Test worker] o.s.t.c.transaction.TransactionContext   : Began transaction (1) for test context [DefaultTestContext@443b9ebb testClass = DonationRepositoryTest, testInstance = kakao.valuetogether.repository.DonationRepositoryTest@30b075b9, testMethod = saveAndFindByMember@DonationRepositoryTest, testException = [null], mergedContextConfiguration = [WebMergedContextConfiguration@d98ce13 testClass = DonationRepositoryTest, locations = '{}', classes = '{class kakao.valuetogether.ValuetogetherApplication}', contextInitializerClasses = '[]', activeProfiles = '{}', propertySourceLocations = '{}', propertySourceProperties = '{org.springframework.boot.test.context.SpringBootTestContextBootstrapper=true}', contextCustomizers = set[org.springframework.boot.test.autoconfigure.actuate.metrics.MetricsExportContextCustomizerFactory$DisableMetricExportContextCustomizer@129b4fe2, org.springframework.boot.test.autoconfigure.properties.PropertyMappingContextCustomizer@0, org.springframework.boot.test.autoconfigure.web.servlet.WebDriverContextCustomizerFactory$Customizer@60dce7ea, org.springframework.boot.test.context.filter.ExcludeFilterContextCustomizer@1ef3efa8, org.springframework.boot.test.json.DuplicateJsonObjectContextCustomizerFactory$DuplicateJsonObjectContextCustomizer@5c3b6c6e, org.springframework.boot.test.mock.mockito.MockitoContextCustomizer@0, org.springframework.boot.test.web.client.TestRestTemplateContextCustomizer@14c01636, org.springframework.boot.test.context.SpringBootTestArgs@1, org.springframework.boot.test.context.SpringBootTestWebEnvironment@791d1f8b], resourceBasePath = 'src/main/webapp', contextLoader = 'org.springframework.boot.test.context.SpringBootContextLoader', parent = [null]], attributes = map['org.springframework.test.context.web.ServletTestExecutionListener.activateListener' -> true, 'org.springframework.test.context.web.ServletTestExecutionListener.populatedRequestContextHolder' -> true, 'org.springframework.test.context.web.ServletTestExecutionListener.resetRequestContextHolder' -> true, 'org.springframework.test.context.event.ApplicationEventsTestExecutionListener.recordApplicationEvents' -> false]]; transaction manager [org.springframework.orm.jpa.JpaTransactionManager@524c3e54]; rollback [true]
2022-08-02 12:51:52.261 DEBUG 14464 --- [    Test worker] org.hibernate.SQL                        : 
    insert 
    into
        member
        (member_id, member_address, member_birthday, member_email, member_gender, member_name, member_nickname, member_phone, member_pw) 
    values
        (default, ?, ?, ?, ?, ?, ?, ?, ?)
Hibernate: 
    insert 
    into
        member
        (member_id, member_address, member_birthday, member_email, member_gender, member_name, member_nickname, member_phone, member_pw) 
    values
        (default, ?, ?, ?, ?, ?, ?, ?, ?)
2022-08-02 12:51:52.263 TRACE 14464 --- [    Test worker] o.h.type.descriptor.sql.BasicBinder      : binding parameter [1] as [VARCHAR] - [asdfasd]
2022-08-02 12:51:52.263 TRACE 14464 --- [    Test worker] o.h.type.descriptor.sql.BasicBinder      : binding parameter [2] as [VARCHAR] - [asdf]
2022-08-02 12:51:52.263 TRACE 14464 --- [    Test worker] o.h.type.descriptor.sql.BasicBinder      : binding parameter [3] as [VARCHAR] - [email]
2022-08-02 12:51:52.263 TRACE 14464 --- [    Test worker] o.h.type.descriptor.sql.BasicBinder      : binding parameter [4] as [VARCHAR] - [asdf]
2022-08-02 12:51:52.263 TRACE 14464 --- [    Test worker] o.h.type.descriptor.sql.BasicBinder      : binding parameter [5] as [VARCHAR] - [name]
2022-08-02 12:51:52.263 TRACE 14464 --- [    Test worker] o.h.type.descriptor.sql.BasicBinder      : binding parameter [6] as [VARCHAR] - [asfsa]
2022-08-02 12:51:52.263 TRACE 14464 --- [    Test worker] o.h.type.descriptor.sql.BasicBinder      : binding parameter [7] as [VARCHAR] - [111]
2022-08-02 12:51:52.263 TRACE 14464 --- [    Test worker] o.h.type.descriptor.sql.BasicBinder      : binding parameter [8] as [VARCHAR] - [pw]
2022-08-02 12:51:52.265 DEBUG 14464 --- [    Test worker] org.hibernate.SQL                        : 
    insert 
    into
        post
        (post_id, article, end_date, image, is_confirm, member_id, start_date, sub_title, target, target_amount, title, topic) 
    values
        (default, ?, ?, ?, ?, ?, ?, ?, ?, ?, ?, ?)
Hibernate: 
    insert 
    into
        post
        (post_id, article, end_date, image, is_confirm, member_id, start_date, sub_title, target, target_amount, title, topic) 
    values
        (default, ?, ?, ?, ?, ?, ?, ?, ?, ?, ?, ?)
2022-08-02 12:51:52.267 TRACE 14464 --- [    Test worker] o.h.type.descriptor.sql.BasicBinder      : binding parameter [1] as [VARCHAR] - [article]
2022-08-02 12:51:52.267 TRACE 14464 --- [    Test worker] o.h.type.descriptor.sql.BasicBinder      : binding parameter [2] as [TIMESTAMP] - [Sun Oct 01 00:00:00 KST 1922]
2022-08-02 12:51:52.267 TRACE 14464 --- [    Test worker] o.h.type.descriptor.sql.BasicBinder      : binding parameter [3] as [VARCHAR] - [image]
2022-08-02 12:51:52.267 TRACE 14464 --- [    Test worker] o.h.type.descriptor.sql.BasicBinder      : binding parameter [4] as [BOOLEAN] - [false]
2022-08-02 12:51:52.267 TRACE 14464 --- [    Test worker] o.h.type.descriptor.sql.BasicBinder      : binding parameter [5] as [BIGINT] - [15]
2022-08-02 12:51:52.268 TRACE 14464 --- [    Test worker] o.h.type.descriptor.sql.BasicBinder      : binding parameter [6] as [TIMESTAMP] - [Fri Aug 11 00:00:00 KST 1922]
2022-08-02 12:51:52.268 TRACE 14464 --- [    Test worker] o.h.type.descriptor.sql.BasicBinder      : binding parameter [7] as [VARCHAR] - [subTitle]
2022-08-02 12:51:52.268 TRACE 14464 --- [    Test worker] o.h.type.descriptor.sql.BasicBinder      : binding parameter [8] as [VARCHAR] - [실버세대]
2022-08-02 12:51:52.269 TRACE 14464 --- [    Test worker] o.h.type.descriptor.sql.BasicBinder      : binding parameter [9] as [INTEGER] - [100000]
2022-08-02 12:51:52.269 TRACE 14464 --- [    Test worker] o.h.type.descriptor.sql.BasicBinder      : binding parameter [10] as [VARCHAR] - [title]
2022-08-02 12:51:52.269 TRACE 14464 --- [    Test worker] o.h.type.descriptor.sql.BasicBinder      : binding parameter [11] as [VARCHAR] - [건강한삶]
2022-08-02 12:51:52.272 DEBUG 14464 --- [    Test worker] org.hibernate.SQL                        : 
    insert 
    into
        donation
        (cheer_donation, comment_donation, direct_donation, share_donation, count_cheer_donation, count_comment_donation, count_direct_donation, count_share_donation, post_id, member_id) 
    values
        (?, ?, ?, ?, ?, ?, ?, ?, ?, ?)
Hibernate: 
    insert 
    into
        donation
        (cheer_donation, comment_donation, direct_donation, share_donation, count_cheer_donation, count_comment_donation, count_direct_donation, count_share_donation, post_id, member_id) 
    values
        (?, ?, ?, ?, ?, ?, ?, ?, ?, ?)
2022-08-02 12:51:52.273 TRACE 14464 --- [    Test worker] o.h.type.descriptor.sql.BasicBinder      : binding parameter [1] as [INTEGER] - [0]
2022-08-02 12:51:52.273 TRACE 14464 --- [    Test worker] o.h.type.descriptor.sql.BasicBinder      : binding parameter [2] as [INTEGER] - [0]
2022-08-02 12:51:52.273 TRACE 14464 --- [    Test worker] o.h.type.descriptor.sql.BasicBinder      : binding parameter [3] as [INTEGER] - [0]
2022-08-02 12:51:52.273 TRACE 14464 --- [    Test worker] o.h.type.descriptor.sql.BasicBinder      : binding parameter [4] as [INTEGER] - [0]
2022-08-02 12:51:52.273 TRACE 14464 --- [    Test worker] o.h.type.descriptor.sql.BasicBinder      : binding parameter [5] as [INTEGER] - [0]
2022-08-02 12:51:52.274 TRACE 14464 --- [    Test worker] o.h.type.descriptor.sql.BasicBinder      : binding parameter [6] as [INTEGER] - [0]
2022-08-02 12:51:52.274 TRACE 14464 --- [    Test worker] o.h.type.descriptor.sql.BasicBinder      : binding parameter [7] as [INTEGER] - [0]
2022-08-02 12:51:52.274 TRACE 14464 --- [    Test worker] o.h.type.descriptor.sql.BasicBinder      : binding parameter [8] as [INTEGER] - [0]
2022-08-02 12:51:52.274 TRACE 14464 --- [    Test worker] o.h.type.descriptor.sql.BasicBinder      : binding parameter [9] as [BIGINT] - [15]
2022-08-02 12:51:52.274 TRACE 14464 --- [    Test worker] o.h.type.descriptor.sql.BasicBinder      : binding parameter [10] as [BIGINT] - [15]
2022-08-02 12:51:52.275 DEBUG 14464 --- [    Test worker] org.hibernate.SQL                        : 
    select
        donation0_.post_id as post_id10_1_,
        donation0_.member_id as member_i9_1_,
        donation0_.cheer_donation as cheer_do1_1_,
        donation0_.comment_donation as comment_2_1_,
        donation0_.direct_donation as direct_d3_1_,
        donation0_.share_donation as share_do4_1_,
        donation0_.count_cheer_donation as count_ch5_1_,
        donation0_.count_comment_donation as count_co6_1_,
        donation0_.count_direct_donation as count_di7_1_,
        donation0_.count_share_donation as count_sh8_1_ 
    from
        donation donation0_ 
    where
        donation0_.member_id=?
Hibernate: 
    select
        donation0_.post_id as post_id10_1_,
        donation0_.member_id as member_i9_1_,
        donation0_.cheer_donation as cheer_do1_1_,
        donation0_.comment_donation as comment_2_1_,
        donation0_.direct_donation as direct_d3_1_,
        donation0_.share_donation as share_do4_1_,
        donation0_.count_cheer_donation as count_ch5_1_,
        donation0_.count_comment_donation as count_co6_1_,
        donation0_.count_direct_donation as count_di7_1_,
        donation0_.count_share_donation as count_sh8_1_ 
    from
        donation donation0_ 
    where
        donation0_.member_id=?
2022-08-02 12:51:52.276 TRACE 14464 --- [    Test worker] o.h.type.descriptor.sql.BasicBinder      : binding parameter [1] as [BIGINT] - [15]
2022-08-02 12:51:52.277 TRACE 14464 --- [    Test worker] o.h.type.descriptor.sql.BasicExtractor   : extracted value ([post_id10_1_] : [BIGINT]) - [15]
2022-08-02 12:51:52.277 TRACE 14464 --- [    Test worker] o.h.type.descriptor.sql.BasicExtractor   : extracted value ([member_i9_1_] : [BIGINT]) - [15]
2022-08-02 12:51:52.280 DEBUG 14464 --- [    Test worker] org.hibernate.SQL                        : 
    select
        donation0_.post_id as post_id10_1_,
        donation0_.member_id as member_i9_1_,
        donation0_.cheer_donation as cheer_do1_1_,
        donation0_.comment_donation as comment_2_1_,
        donation0_.direct_donation as direct_d3_1_,
        donation0_.share_donation as share_do4_1_,
        donation0_.count_cheer_donation as count_ch5_1_,
        donation0_.count_comment_donation as count_co6_1_,
        donation0_.count_direct_donation as count_di7_1_,
        donation0_.count_share_donation as count_sh8_1_ 
    from
        donation donation0_ 
    where
        donation0_.member_id=?
Hibernate: 
    select
        donation0_.post_id as post_id10_1_,
        donation0_.member_id as member_i9_1_,
        donation0_.cheer_donation as cheer_do1_1_,
        donation0_.comment_donation as comment_2_1_,
        donation0_.direct_donation as direct_d3_1_,
        donation0_.share_donation as share_do4_1_,
        donation0_.count_cheer_donation as count_ch5_1_,
        donation0_.count_comment_donation as count_co6_1_,
        donation0_.count_direct_donation as count_di7_1_,
        donation0_.count_share_donation as count_sh8_1_ 
    from
        donation donation0_ 
    where
        donation0_.member_id=?
2022-08-02 12:51:52.281 TRACE 14464 --- [    Test worker] o.h.type.descriptor.sql.BasicBinder      : binding parameter [1] as [BIGINT] - [15]
2022-08-02 12:51:52.282 TRACE 14464 --- [    Test worker] o.h.type.descriptor.sql.BasicExtractor   : extracted value ([post_id10_1_] : [BIGINT]) - [15]
2022-08-02 12:51:52.282 TRACE 14464 --- [    Test worker] o.h.type.descriptor.sql.BasicExtractor   : extracted value ([member_i9_1_] : [BIGINT]) - [15]
2022-08-02 12:51:52.289  INFO 14464 --- [    Test worker] o.s.t.c.transaction.TransactionContext   : Rolled back transaction for test: [DefaultTestContext@443b9ebb testClass = DonationRepositoryTest, testInstance = kakao.valuetogether.repository.DonationRepositoryTest@30b075b9, testMethod = saveAndFindByMember@DonationRepositoryTest, testException = [null], mergedContextConfiguration = [WebMergedContextConfiguration@d98ce13 testClass = DonationRepositoryTest, locations = '{}', classes = '{class kakao.valuetogether.ValuetogetherApplication}', contextInitializerClasses = '[]', activeProfiles = '{}', propertySourceLocations = '{}', propertySourceProperties = '{org.springframework.boot.test.context.SpringBootTestContextBootstrapper=true}', contextCustomizers = set[org.springframework.boot.test.autoconfigure.actuate.metrics.MetricsExportContextCustomizerFactory$DisableMetricExportContextCustomizer@129b4fe2, org.springframework.boot.test.autoconfigure.properties.PropertyMappingContextCustomizer@0, org.springframework.boot.test.autoconfigure.web.servlet.WebDriverContextCustomizerFactory$Customizer@60dce7ea, org.springframework.boot.test.context.filter.ExcludeFilterContextCustomizer@1ef3efa8, org.springframework.boot.test.json.DuplicateJsonObjectContextCustomizerFactory$DuplicateJsonObjectContextCustomizer@5c3b6c6e, org.springframework.boot.test.mock.mockito.MockitoContextCustomizer@0, org.springframework.boot.test.web.client.TestRestTemplateContextCustomizer@14c01636, org.springframework.boot.test.context.SpringBootTestArgs@1, org.springframework.boot.test.context.SpringBootTestWebEnvironment@791d1f8b], resourceBasePath = 'src/main/webapp', contextLoader = 'org.springframework.boot.test.context.SpringBootContextLoader', parent = [null]], attributes = map['org.springframework.test.context.web.ServletTestExecutionListener.activateListener' -> true, 'org.springframework.test.context.web.ServletTestExecutionListener.populatedRequestContextHolder' -> true, 'org.springframework.test.context.web.ServletTestExecutionListener.resetRequestContextHolder' -> true, 'org.springframework.test.context.event.ApplicationEventsTestExecutionListener.recordApplicationEvents' -> false]]
]]></system-out>
  <system-err><![CDATA[]]></system-err>
</testsuite>
